#
# A fatal error has been detected by the Java Runtime Environment:
#
#  EXCEPTION_ACCESS_VIOLATION (0xc0000005) at pc=0x00007ffc3c3d4a21, pid=15700, tid=15724
#
# JRE version: OpenJDK Runtime Environment Temurin-17.0.10+7 (17.0.10+7) (build 17.0.10+7)
# Java VM: OpenJDK 64-Bit Server VM Temurin-17.0.10+7 (17.0.10+7, mixed mode, emulated-client, tiered, compressed oops, compressed class ptrs, g1 gc, windows-amd64)
# Problematic frame:
# V  [jvm.dll+0x2f4a21]
#
# No core dump will be written. Minidumps are not enabled by default on client versions of Windows
#
# If you would like to submit a bug report, please visit:
#   https://github.com/adoptium/adoptium-support/issues
#

---------------  S U M M A R Y ------------

Command Line: -Xmx1024m -Dsts.lsp.client=vscode -Dsts.log.file=/dev/null -XX:TieredStopAtLevel=1 -Xlog:jni+resolve=off -Dspring.config.location=file:c:\Users\casa\.vscode\extensions\vmware.vscode-spring-boot-1.54.0\language-server\BOOT-INF\classes\application.properties org.springframework.ide.vscode.boot.app.BootLanguageServerBootApp

Host: 12th Gen Intel(R) Core(TM) i5-12400F, 12 cores, 15G,  Windows 11 , 64 bit Build 22621 (10.0.22621.3527)
Time: Wed May  8 07:10:11 2024 Hora estándar de Argentina elapsed time: 203.482406 seconds (0d 0h 3m 23s)

---------------  T H R E A D  ---------------

Current thread (0x000001cd31e57100):  GCTaskThread "GC Thread#7" [stack: 0x000000cbec100000,0x000000cbec200000] [id=15724]

Stack: [0x000000cbec100000,0x000000cbec200000],  sp=0x000000cbec1ffad0,  free space=1022k
Native frames: (J=compiled Java code, j=interpreted, Vv=VM code, C=native code)
V  [jvm.dll+0x2f4a21]
V  [jvm.dll+0x2f35fc]
V  [jvm.dll+0x2f9184]
V  [jvm.dll+0x2f92b8]
V  [jvm.dll+0x2f89ad]
V  [jvm.dll+0x2f823d]
V  [jvm.dll+0x86226b]
V  [jvm.dll+0x8622b6]
V  [jvm.dll+0x7e3fba]
V  [jvm.dll+0x67c1b5]
C  [ucrtbase.dll+0x29333]
C  [KERNEL32.DLL+0x1257d]
C  [ntdll.dll+0x5aa48]


siginfo: EXCEPTION_ACCESS_VIOLATION (0xc0000005), reading address 0xffffffffffffffff


Registers:
RAX=0x000001cd27730000, RBX=0x000001cd211b5c40, RCX=0x0000000000000010, RDX=0x1fffffffe8000010
RSP=0x000000cbec1ffad0, RBP=0x00000000c11e840c, RSI=0x000001cd32293c40, RDI=0x0000000000000080
R8 =0x040001cd24730000, R9 =0x0000000000000aa2, R10=0x0000000000000003, R11=0x0000000000000000
R12=0x00000000c11e83a0, R13=0x0000000100042ac0, R14=0x0000000100042ab8, R15=0x000001cd322941f0
RIP=0x00007ffc3c3d4a21, EFLAGS=0x0000000000010206


Register to memory mapping:

RIP=0x00007ffc3c3d4a21 jvm.dll
RAX=0x000001cd27730000 points into unknown readable memory: 0x0000000000000001 | 01 00 00 00 00 00 00 00
RBX=0x000001cd211b5c40 points into unknown readable memory: 0x00007ffc3ca34b38 | 38 4b a3 3c fc 7f 00 00
RCX=0x0000000000000010 is an unknown value
RDX=0x1fffffffe8000010 is an unknown value
RSP=0x000000cbec1ffad0 points into unknown readable memory: 0x000001cd211b5c40 | 40 5c 1b 21 cd 01 00 00
RBP=0x00000000c11e840c is pointing into object: java.lang.Class 
{0x00000000c11e83a0} - klass: 'java/lang/Class'
 - ---- fields (total size 16 words):
 - private volatile transient 'classRedefinedCount' 'I' @12  0
 - private volatile transient 'cachedConstructor' 'Ljava/lang/reflect/Constructor;' @40  NULL (0)
 - private transient 'name' 'Ljava/lang/String;' @44  NULL (0)
 - private transient 'module' 'Ljava/lang/Module;' @48  a 'java/lang/Module'{0x00000000c0c26ae0} (c0c26ae0)
 - private final 'classLoader' 'Ljava/lang/ClassLoader;' @52  NULL (0)
 - private transient 'classData' 'Ljava/lang/Object;' @56  NULL (0)
 - private transient 'packageName' 'Ljava/lang/String;' @60  NULL (0)
 - private final 'componentType' 'Ljava/lang/Class;' @64  NULL (0)
 - private volatile transient 'reflectionData' 'Ljava/lang/ref/SoftReference;' @68  a 'java/lang/ref/SoftReference'{0x00000000c144d920} (c144d920)
 - private volatile transient 'genericInfo' 'Lsun/reflect/generics/repository/ClassRepository;' @72  NULL (0)
 - private volatile transient 'enumConstants' '[Ljava/lang/Object;' @76  
[error occurred during error reporting (printing register info), id 0xc0000005, EXCEPTION_ACCESS_VIOLATION (0xc0000005) at pc=0x00007ffc3c47403e]

Top of Stack: (sp=0x000000cbec1ffad0)
0x000000cbec1ffad0:   000001cd211b5c40 00007ffc3c3d21ca
0x000000cbec1ffae0:   00000000c0c26ae0 00007ffc3c3d3a42
0x000000cbec1ffaf0:   00000000c0c21f98 00007ffc3c3d320a
0x000000cbec1ffb00:   0000000000000080 00007ffc3c3d35fc
0x000000cbec1ffb10:   00000000c11e83ec 000001cd32293c40
0x000000cbec1ffb20:   00000000c11eb430 000000cbec1ffb70
0x000000cbec1ffb30:   00007ffc3c0e0000 000000000000000c
0x000000cbec1ffb40:   000001cd32293c40 0000000000000aa2
0x000000cbec1ffb50:   00000000c11e83a0 00007ffc3c3d9184
0x000000cbec1ffb60:   0000000000000010 000000000000000c
0x000000cbec1ffb70:   0000000000000000 0000000000000b38
0x000000cbec1ffb80:   0000000000000000 000000000000000c
0x000000cbec1ffb90:   0000000000000010 000001cd32293c40
0x000000cbec1ffba0:   00007ffc3c0e0000 00007ffc3c3d92b8
0x000000cbec1ffbb0:   0000000000000000 0000000000000000
0x000000cbec1ffbc0:   000001cd32293c40 0000000000000010
0x000000cbec1ffbd0:   00007ffc3ca36f78 0000000000000001
0x000000cbec1ffbe0:   0000000000000000 0000000000000000
0x000000cbec1ffbf0:   0000000000000000 000000cbeabff368
0x000000cbec1ffc00:   000000cbeabfe9f0 000001cd32293c40
0x000000cbec1ffc10:   00007ffc3c0e0000 0000000000000010
0x000000cbec1ffc20:   000000cbeabff380 00007ffc3c3d89ad
0x000000cbec1ffc30:   000001cd2c6a8820 000000cbeabfe890
0x000000cbec1ffc40:   000000000000000c 00007ffc3c3fab77
0x000000cbec1ffc50:   000000cbeabfe8b0 000000cbeabfe890
0x000000cbec1ffc60:   0000000000000000 000001cd32293c40
0x000000cbec1ffc70:   00000000000003d8 000001cd2c6a8bf8
0x000000cbec1ffc80:   000001cd2c6a8810 000001cd2c6a8820
0x000000cbec1ffc90:   000000cbeabfe890 00007ffc3c3d823d
0x000000cbec1ffca0:   000001cd212155e0 000001cd2c6ac7c0
0x000000cbec1ffcb0:   000000cbeabff380 000001cd31e57100
0x000000cbec1ffcc0:   000000cbec1ffcd0 000000cbeabfe6f0 

Instructions: (pc=0x00007ffc3c3d4a21)
0x00007ffc3c3d4921:   00 48 8b 7c 24 30 48 83 c4 20 5b c3 cc cc cc 40
0x00007ffc3c3d4931:   57 48 83 ec 20 8b 02 48 8b f9 85 c0 74 3b 8b 0d
0x00007ffc3c3d4941:   a3 29 82 00 48 8b 7f 10 48 89 5c 24 30 8b d8 48
0x00007ffc3c3d4951:   d3 e3 48 8b cf 48 03 1d 83 29 82 00 48 8b d3 e8
0x00007ffc3c3d4961:   5b 00 00 00 84 c0 74 0c 48 8d 4f 18 48 8b d3 e8
0x00007ffc3c3d4971:   eb 06 00 00 48 8b 5c 24 30 48 83 c4 20 5f c3 e9
0x00007ffc3c3d4981:   7b 50 00 00 cc cc cc cc cc cc cc cc cc cc cc e9
0x00007ffc3c3d4991:   eb 53 00 00 cc cc cc cc cc cc cc cc cc cc cc 48
0x00007ffc3c3d49a1:   8b 01 48 8b 80 c8 04 00 00 48 8b 80 98 00 00 00
0x00007ffc3c3d49b1:   c3 cc cc cc cc cc cc cc cc cc cc cc cc cc cc 48
0x00007ffc3c3d49c1:   89 5c 24 08 48 89 74 24 10 57 48 83 ec 30 48 8b
0x00007ffc3c3d49d1:   01 48 8b f1 4c 8b c2 48 8b fa 8b 88 20 03 00 00
0x00007ffc3c3d49e1:   48 8b 80 10 03 00 00 49 d3 e8 41 80 3c 00 02 74
0x00007ffc3c3d49f1:   60 48 8b 5e 10 48 8b cb 48 8b 03 ff 10 8b 4b 18
0x00007ffc3c3d4a01:   48 8b d7 48 2b 53 08 48 8b 43 20 48 c1 ea 03 48
0x00007ffc3c3d4a11:   d3 ea 48 8b ca 48 c1 e9 06 4c 8d 04 c8 0f b6 ca
0x00007ffc3c3d4a21:   49 8b 00 80 e1 3f ba 01 00 00 00 48 d3 e2 48 8b
0x00007ffc3c3d4a31:   c8 48 0b ca 48 3b c8 74 18 66 0f 1f 44 00 00 f0
0x00007ffc3c3d4a41:   49 0f b1 08 74 1d 48 8b c8 48 0b ca 48 3b c8 75
0x00007ffc3c3d4a51:   ee 32 c0 48 8b 5c 24 40 48 8b 74 24 48 48 83 c4
0x00007ffc3c3d4a61:   30 5f c3 48 8b 07 44 0f b6 0d 13 e9 88 00 4c 8b
0x00007ffc3c3d4a71:   c0 44 8b 15 7f 28 82 00 41 83 e0 07 80 3d 0e ea
0x00007ffc3c3d4a81:   88 00 00 4c 8b 1d 65 28 82 00 74 30 49 83 f8 05
0x00007ffc3c3d4a91:   0f 84 ae 00 00 00 45 84 c9 74 0e 8b 57 08 41 8b
0x00007ffc3c3d4aa1:   ca 48 d3 e2 49 03 d3 eb 04 48 8b 57 08 0f b6 8a
0x00007ffc3c3d4ab1:   b8 00 00 00 80 e1 07 80 f9 05 74 15 49 83 f8 01
0x00007ffc3c3d4ac1:   75 0f 48 b9 00 ff ff ff 7f 00 00 00 48 85 c1 74
0x00007ffc3c3d4ad1:   73 48 8b 16 4c 8b c7 8b 8a 20 03 00 00 49 d3 e8
0x00007ffc3c3d4ae1:   48 8b 8a 10 03 00 00 41 80 3c 08 00 75 56 48 8b
0x00007ffc3c3d4af1:   9e a8 05 00 00 48 89 7c 24 20 48 89 44 24 28 48
0x00007ffc3c3d4b01:   8b 53 20 48 3b 53 08 75 0a 48 8b cb e8 de a6 f5
0x00007ffc3c3d4b11:   ff 33 d2 48 8b 43 38 48 8b ca 0f 10 44 24 20 48 


Stack slot to memory mapping:
stack at sp + 0 slots: 0x000001cd211b5c40 points into unknown readable memory: 0x00007ffc3ca34b38 | 38 4b a3 3c fc 7f 00 00
stack at sp + 1 slots: 0x00007ffc3c3d21ca jvm.dll
stack at sp + 2 slots: 0x00000000c0c26ae0 is an oop: java.lang.Module 
{0x00000000c0c26ae0} - klass: 'java/lang/Module'
 - ---- fields (total size 7 words):
 - private volatile 'enableNativeAccess' 'Z' @12  true
 - private final 'layer' 'Ljava/lang/ModuleLayer;' @24  NULL (0)
 - private final 'name' 'Ljava/lang/String;' @28  "java.base"{0x00000000c0c26b18} (c0c26b18)
 - private final 'loader' 'Ljava/lang/ClassLoader;' @32  NULL (0)
 - private final 'descriptor' 'Ljava/lang/module/ModuleDescriptor;' @36  a 'java/lang/module/ModuleDescriptor'{0x00000000c0c26b50} (c0c26b50)
 - private volatile 'reads' 'Ljava/util/Set;' @40  a 'java/util/HashSet'{0x00000000c0c32f10} (c0c32f10)
 - private volatile 'openPackages' 'Ljava/util/Map;' @44  NULL (0)
 - private volatile 'exportedPackages' 'Ljava/util/Map;' @48  a 'java/util/HashMap'{0x00000000c0c32f50} (c0c32f50)
 - private volatile 'moduleInfoClass' 'Ljava/lang/Class;' @52  NULL (0)
stack at sp + 3 slots: 0x00007ffc3c3d3a42 jvm.dll
stack at sp + 4 slots: 0x00000000c0c21f98 is an oop: java.lang.ref.ReferenceQueue$Null 
{0x00000000c0c21f98} - klass: 'java/lang/ref/ReferenceQueue$Null'
 - ---- fields (total size 4 words):
 - private final 'lock' 'Ljava/lang/ref/ReferenceQueue$Lock;' @12  a 'java/lang/ref/ReferenceQueue$Lock'{0x00000000c0c21fb8} (c0c21fb8)
 - private 'queueLength' 'J' @16  0 (0 0)
 - private volatile 'head' 'Ljava/lang/ref/Reference;' @24  NULL (0)
stack at sp + 5 slots: 0x00007ffc3c3d320a jvm.dll
stack at sp + 6 slots: 0x0000000000000080 is an unknown value
stack at sp + 7 slots: 0x00007ffc3c3d35fc jvm.dll


---------------  P R O C E S S  ---------------

Threads class SMR info:
_java_thread_list=0x000001cd32bf50d0, length=28, elements={
0x000001cd2c450390, 0x000001cd2c451210, 0x000001cd2c480a40, 0x000001cd2c482610,
0x000001cd2c4850e0, 0x000001cd2c485aa0, 0x000001cd2c486510, 0x000001cd2c486f10,
0x000001cd2c6a01f0, 0x000001cd2c6a73f0, 0x000001cd316d5230, 0x000001cd322874f0,
0x000001cd31892010, 0x000001cd211777b0, 0x000001cd3166cdd0, 0x000001cd324bf750,
0x000001cd324f06c0, 0x000001cd324ff0d0, 0x000001cd324174a0, 0x000001cd324183d0,
0x000001cd32416a80, 0x000001cd32593aa0, 0x000001cd32596d40, 0x000001cd32597250,
0x000001cd32598180, 0x000001cd325995c0, 0x000001cd32597760, 0x000001cd32599fe0
}

Java Threads: ( => current thread )
  0x000001cd2c450390 JavaThread "Reference Handler" daemon [_thread_blocked, id=15632, stack(0x000000cbeac00000,0x000000cbead00000)]
  0x000001cd2c451210 JavaThread "Finalizer" daemon [_thread_blocked, id=15616, stack(0x000000cbead00000,0x000000cbeae00000)]
  0x000001cd2c480a40 JavaThread "Signal Dispatcher" daemon [_thread_blocked, id=15588, stack(0x000000cbeae00000,0x000000cbeaf00000)]
  0x000001cd2c482610 JavaThread "Attach Listener" daemon [_thread_blocked, id=15584, stack(0x000000cbeaf00000,0x000000cbeb000000)]
  0x000001cd2c4850e0 JavaThread "Service Thread" daemon [_thread_blocked, id=15976, stack(0x000000cbeb000000,0x000000cbeb100000)]
  0x000001cd2c485aa0 JavaThread "Monitor Deflation Thread" daemon [_thread_blocked, id=15980, stack(0x000000cbeb100000,0x000000cbeb200000)]
  0x000001cd2c486510 JavaThread "C1 CompilerThread0" daemon [_thread_blocked, id=15972, stack(0x000000cbeb200000,0x000000cbeb300000)]
  0x000001cd2c486f10 JavaThread "Sweeper thread" daemon [_thread_blocked, id=16020, stack(0x000000cbeb300000,0x000000cbeb400000)]
  0x000001cd2c6a01f0 JavaThread "Notification Thread" daemon [_thread_blocked, id=16064, stack(0x000000cbeb700000,0x000000cbeb800000)]
  0x000001cd2c6a73f0 JavaThread "Common-Cleaner" daemon [_thread_blocked, id=16136, stack(0x000000cbeb900000,0x000000cbeba00000)]
  0x000001cd316d5230 JavaThread "boundedElastic-evictor-1" daemon [_thread_blocked, id=16260, stack(0x000000cbebd00000,0x000000cbebe00000)]
  0x000001cd322874f0 JavaThread "pool-13-thread-1" [_thread_blocked, id=9428, stack(0x000000cbebe00000,0x000000cbebf00000)]
  0x000001cd31892010 JavaThread "LanguageServerApp-lifecycle" [_thread_blocked, id=7916, stack(0x000000cbebf00000,0x000000cbec000000)]
  0x000001cd211777b0 JavaThread "DestroyJavaVM" [_thread_blocked, id=15672, stack(0x000000cbea500000,0x000000cbea600000)]
  0x000001cd3166cdd0 JavaThread "pool-14-thread-1" [_thread_in_native, id=15680, stack(0x000000cbec600000,0x000000cbec700000)]
  0x000001cd324bf750 JavaThread "Simple-Language-Server main thread" daemon [_thread_blocked, id=12892, stack(0x000000cbec700000,0x000000cbec800000)]
  0x000001cd324f06c0 JavaThread "pool-8-thread-1" [_thread_blocked, id=12884, stack(0x000000cbec900000,0x000000cbeca00000)]
  0x000001cd324ff0d0 JavaThread "parallel-1" daemon [_thread_blocked, id=12900, stack(0x000000cbeca00000,0x000000cbecb00000)]
  0x000001cd324174a0 JavaThread "pool-6-thread-1" [_thread_blocked, id=12896, stack(0x000000cbecb00000,0x000000cbecc00000)]
  0x000001cd324183d0 JavaThread "parallel-2" daemon [_thread_blocked, id=12876, stack(0x000000cbecc00000,0x000000cbecd00000)]
  0x000001cd32416a80 JavaThread "parallel-3" daemon [_thread_blocked, id=7412, stack(0x000000cbecd00000,0x000000cbece00000)]
  0x000001cd32593aa0 JavaThread "parallel-4" daemon [_thread_blocked, id=12292, stack(0x000000cbed700000,0x000000cbed800000)]
  0x000001cd32596d40 JavaThread "parallel-5" daemon [_thread_blocked, id=11748, stack(0x000000cbed800000,0x000000cbed900000)]
  0x000001cd32597250 JavaThread "Reconciler-1" daemon [_thread_blocked, id=12308, stack(0x000000cbeda00000,0x000000cbedb00000)]
  0x000001cd32598180 JavaThread "OkHttp api.spring.io" daemon [_thread_in_native, id=11564, stack(0x000000cbedd00000,0x000000cbede00000)]
  0x000001cd325995c0 JavaThread "OkHttp api.spring.io" daemon [_thread_in_native, id=11652, stack(0x000000cbede00000,0x000000cbedf00000)]
  0x000001cd32597760 JavaThread "OkHttp api.spring.io" daemon [_thread_in_native, id=12860, stack(0x000000cbedf00000,0x000000cbee000000)]
  0x000001cd32599fe0 JavaThread "OkHttp TaskRunner" daemon [_thread_blocked, id=13332, stack(0x000000cbee100000,0x000000cbee200000)]

Other Threads:
  0x000001cd2c439a50 VMThread "VM Thread" [stack: 0x000000cbeab00000,0x000000cbeac00000] [id=15620]
  0x000001cd2c6a06d0 WatcherThread [stack: 0x000000cbeb800000,0x000000cbeb900000] [id=16068]
  0x000001cd211b5620 GCTaskThread "GC Thread#0" [stack: 0x000000cbea600000,0x000000cbea700000] [id=15924]
  0x000001cd31938da0 GCTaskThread "GC Thread#1" [stack: 0x000000cbeb500000,0x000000cbeb600000] [id=15836]
  0x000001cd31939470 GCTaskThread "GC Thread#2" [stack: 0x000000cbeb600000,0x000000cbeb700000] [id=15832]
  0x000001cd3193df60 GCTaskThread "GC Thread#3" [stack: 0x000000cbeba00000,0x000000cbebb00000] [id=15824]
  0x000001cd3193e220 GCTaskThread "GC Thread#4" [stack: 0x000000cbebb00000,0x000000cbebc00000] [id=12812]
  0x000001cd3190f630 GCTaskThread "GC Thread#5" [stack: 0x000000cbebc00000,0x000000cbebd00000] [id=12108]
  0x000001cd31e3fc50 GCTaskThread "GC Thread#6" [stack: 0x000000cbec000000,0x000000cbec100000] [id=15728]
=>0x000001cd31e57100 GCTaskThread "GC Thread#7" [stack: 0x000000cbec100000,0x000000cbec200000] [id=15724]
  0x000001cd31e573c0 GCTaskThread "GC Thread#8" [stack: 0x000000cbec200000,0x000000cbec300000] [id=15696]
  0x000001cd31e57890 GCTaskThread "GC Thread#9" [stack: 0x000000cbec300000,0x000000cbec400000] [id=15692]
  0x000001cd211be570 ConcurrentGCThread "G1 Main Marker" [stack: 0x000000cbea700000,0x000000cbea800000] [id=15644]
  0x000001cd211bef90 ConcurrentGCThread "G1 Conc#0" [stack: 0x000000cbea800000,0x000000cbea900000] [id=15640]
  0x000001cd31dc5e80 ConcurrentGCThread "G1 Conc#1" [stack: 0x000000cbec400000,0x000000cbec500000] [id=15688]
  0x000001cd31dc6140 ConcurrentGCThread "G1 Conc#2" [stack: 0x000000cbec500000,0x000000cbec600000] [id=15712]
  0x000001cd2121e350 ConcurrentGCThread "G1 Refine#0" [stack: 0x000000cbea900000,0x000000cbeaa00000] [id=15636]
  0x000001cd2c2a81a0 ConcurrentGCThread "G1 Service" [stack: 0x000000cbeaa00000,0x000000cbeab00000] [id=15800]

Threads with active compile tasks:

VM state: at safepoint (normal execution)

VM Mutex/Monitor currently owned by a thread:  ([mutex/lock_event])
[0x000001cd1eee3e80] Threads_lock - owner thread: 0x000001cd2c439a50
[0x000001cd1eedea60] Heap_lock - owner thread: 0x000001cd322874f0

Heap address: 0x00000000c0000000, size: 1024 MB, Compressed Oops mode: 32-bit

CDS archive(s) not mapped
Compressed class space mapped at: 0x0000000100000000-0x0000000140000000, reserved size: 1073741824
Narrow klass base: 0x0000000000000000, Narrow klass shift: 3, Narrow klass range: 0x140000000

GC Precious Log:
 CPUs: 12 total, 12 available
 Memory: 16225M
 Large Page Support: Disabled
 NUMA Support: Disabled
 Compressed Oops: Enabled (32-bit)
 Heap Region Size: 1M
 Heap Min Capacity: 8M
 Heap Initial Capacity: 254M
 Heap Max Capacity: 1G
 Pre-touch: Disabled
 Parallel Workers: 10
 Concurrent Workers: 3
 Concurrent Refinement Workers: 10
 Periodic GC: Disabled

Heap:
 garbage-first heap   total 95232K, used 39399K [0x00000000c0000000, 0x0000000100000000)
  region size 1024K, 1 young (1024K), 0 survivors (0K)
 Metaspace       used 59007K, committed 59712K, reserved 1114112K
  class space    used 7414K, committed 7680K, reserved 1048576K

Heap Regions: E=young(eden), S=young(survivor), O=old, HS=humongous(starts), HC=humongous(continues), CS=collection set, F=free, OA=open archive, CA=closed archive, TAMS=top-at-mark-start (previous, next)
|   0|0x00000000c0000000, 0x00000000c0100000, 0x00000000c0100000|100%|HS|  |TAMS 0x00000000c0100000, 0x00000000c0000000| Untracked 
|   1|0x00000000c0100000, 0x00000000c0200000, 0x00000000c0200000|100%|HC|  |TAMS 0x00000000c0200000, 0x00000000c0100000| Untracked 
|   2|0x00000000c0200000, 0x00000000c0300000, 0x00000000c0300000|100%|HC|  |TAMS 0x00000000c0300000, 0x00000000c0200000| Untracked 
|   3|0x00000000c0300000, 0x00000000c0400000, 0x00000000c0400000|100%|HC|  |TAMS 0x00000000c0400000, 0x00000000c0300000| Untracked 
|   4|0x00000000c0400000, 0x00000000c0500000, 0x00000000c0500000|100%|HS|  |TAMS 0x00000000c0500000, 0x00000000c0400000| Untracked 
|   5|0x00000000c0500000, 0x00000000c0600000, 0x00000000c0600000|100%|HC|  |TAMS 0x00000000c0600000, 0x00000000c0500000| Untracked 
|   6|0x00000000c0600000, 0x00000000c06fff70, 0x00000000c0700000| 99%| O|  |TAMS 0x00000000c06fff70, 0x00000000c0600000| Untracked 
|   7|0x00000000c0700000, 0x00000000c07fffc8, 0x00000000c0800000| 99%| O|  |TAMS 0x00000000c07fffc8, 0x00000000c0700000| Untracked 
|   8|0x00000000c0800000, 0x00000000c0900000, 0x00000000c0900000|100%| O|  |TAMS 0x00000000c0900000, 0x00000000c0800000| Untracked 
|   9|0x00000000c0900000, 0x00000000c0a00000, 0x00000000c0a00000|100%| O|  |TAMS 0x00000000c0a00000, 0x00000000c0900000| Untracked 
|  10|0x00000000c0a00000, 0x00000000c0b00000, 0x00000000c0b00000|100%| O|  |TAMS 0x00000000c0b00000, 0x00000000c0a00000| Untracked 
|  11|0x00000000c0b00000, 0x00000000c0c00000, 0x00000000c0c00000|100%| O|  |TAMS 0x00000000c0c00000, 0x00000000c0b00000| Untracked 
|  12|0x00000000c0c00000, 0x00000000c0cffff8, 0x00000000c0d00000| 99%| O|  |TAMS 0x00000000c0cffff8, 0x00000000c0c00000| Untracked 
|  13|0x00000000c0d00000, 0x00000000c0e00000, 0x00000000c0e00000|100%| O|  |TAMS 0x00000000c0e00000, 0x00000000c0d00000| Untracked 
|  14|0x00000000c0e00000, 0x00000000c0f00000, 0x00000000c0f00000|100%| O|  |TAMS 0x00000000c0f00000, 0x00000000c0e00000| Untracked 
|  15|0x00000000c0f00000, 0x00000000c0ffffe8, 0x00000000c1000000| 99%| O|  |TAMS 0x00000000c0ffffe8, 0x00000000c0f00000| Untracked 
|  16|0x00000000c1000000, 0x00000000c10ffff0, 0x00000000c1100000| 99%| O|  |TAMS 0x00000000c10ffff0, 0x00000000c1000000| Untracked 
|  17|0x00000000c1100000, 0x00000000c11ffff8, 0x00000000c1200000| 99%| O|  |TAMS 0x00000000c11ffff8, 0x00000000c1100000| Untracked 
|  18|0x00000000c1200000, 0x00000000c12fffe8, 0x00000000c1300000| 99%| O|  |TAMS 0x00000000c12fffe8, 0x00000000c1200000| Untracked 
|  19|0x00000000c1300000, 0x00000000c13ffde8, 0x00000000c1400000| 99%| O|  |TAMS 0x00000000c13ffde8, 0x00000000c1300000| Untracked 
|  20|0x00000000c1400000, 0x00000000c14ffff0, 0x00000000c1500000| 99%| O|  |TAMS 0x00000000c14ffff0, 0x00000000c1400000| Untracked 
|  21|0x00000000c1500000, 0x00000000c15ffff8, 0x00000000c1600000| 99%| O|  |TAMS 0x00000000c15ffff8, 0x00000000c1500000| Untracked 
|  22|0x00000000c1600000, 0x00000000c16ffff0, 0x00000000c1700000| 99%| O|  |TAMS 0x00000000c16ffff0, 0x00000000c1600000| Untracked 
|  23|0x00000000c1700000, 0x00000000c17fffd8, 0x00000000c1800000| 99%| O|  |TAMS 0x00000000c17fffd8, 0x00000000c1700000| Untracked 
|  24|0x00000000c1800000, 0x00000000c18fffb8, 0x00000000c1900000| 99%| O|  |TAMS 0x00000000c18fffb8, 0x00000000c1800000| Untracked 
|  25|0x00000000c1900000, 0x00000000c1a00000, 0x00000000c1a00000|100%| O|  |TAMS 0x00000000c1a00000, 0x00000000c1900000| Untracked 
|  26|0x00000000c1a00000, 0x00000000c1affff0, 0x00000000c1b00000| 99%| O|  |TAMS 0x00000000c1affff0, 0x00000000c1a00000| Untracked 
|  27|0x00000000c1b00000, 0x00000000c1bffff8, 0x00000000c1c00000| 99%| O|  |TAMS 0x00000000c1bffff8, 0x00000000c1b00000| Untracked 
|  28|0x00000000c1c00000, 0x00000000c1d00000, 0x00000000c1d00000|100%| O|  |TAMS 0x00000000c1d00000, 0x00000000c1c00000| Untracked 
|  29|0x00000000c1d00000, 0x00000000c1e00000, 0x00000000c1e00000|100%|HS|  |TAMS 0x00000000c1e00000, 0x00000000c1d00000| Untracked 
|  30|0x00000000c1e00000, 0x00000000c1efe800, 0x00000000c1f00000| 99%| O|  |TAMS 0x00000000c1efe800, 0x00000000c1e00000| Untracked 
|  31|0x00000000c1f00000, 0x00000000c2000000, 0x00000000c2000000|100%| O|  |TAMS 0x00000000c2000000, 0x00000000c1f00000| Untracked 
|  32|0x00000000c2000000, 0x00000000c20fac00, 0x00000000c2100000| 97%| O|  |TAMS 0x00000000c20fac00, 0x00000000c2000000| Untracked 
|  33|0x00000000c2100000, 0x00000000c21ffea0, 0x00000000c2200000| 99%| O|  |TAMS 0x00000000c21ffea0, 0x00000000c2100000| Untracked 
|  34|0x00000000c2200000, 0x00000000c22f9f48, 0x00000000c2300000| 97%| O|  |TAMS 0x00000000c22f9f48, 0x00000000c2200000| Untracked 
|  35|0x00000000c2300000, 0x00000000c23fff10, 0x00000000c2400000| 99%| O|  |TAMS 0x00000000c23fff10, 0x00000000c2300000| Untracked 
|  36|0x00000000c2400000, 0x00000000c2500000, 0x00000000c2500000|100%| O|  |TAMS 0x00000000c2500000, 0x00000000c2400000| Untracked 
|  37|0x00000000c2500000, 0x00000000c25fffe8, 0x00000000c2600000| 99%| O|  |TAMS 0x00000000c25fffe8, 0x00000000c2500000| Untracked 
|  38|0x00000000c2600000, 0x00000000c2611340, 0x00000000c2700000|  6%| O|  |TAMS 0x00000000c2600000, 0x00000000c2600000| Untracked 
|  39|0x00000000c2700000, 0x00000000c274ce18, 0x00000000c2800000| 30%| O|  |TAMS 0x00000000c2700000, 0x00000000c2700000| Untracked 
|  40|0x00000000c2800000, 0x00000000c2800000, 0x00000000c2900000|  0%| F|  |TAMS 0x00000000c2800000, 0x00000000c2800000| Untracked 
|  41|0x00000000c2900000, 0x00000000c2900000, 0x00000000c2a00000|  0%| F|  |TAMS 0x00000000c2900000, 0x00000000c2900000| Untracked 
|  42|0x00000000c2a00000, 0x00000000c2a00000, 0x00000000c2b00000|  0%| F|  |TAMS 0x00000000c2a00000, 0x00000000c2a00000| Untracked 
|  43|0x00000000c2b00000, 0x00000000c2b00000, 0x00000000c2c00000|  0%| F|  |TAMS 0x00000000c2b00000, 0x00000000c2b00000| Untracked 
|  44|0x00000000c2c00000, 0x00000000c2c00000, 0x00000000c2d00000|  0%| F|  |TAMS 0x00000000c2c00000, 0x00000000c2c00000| Untracked 
|  45|0x00000000c2d00000, 0x00000000c2d00000, 0x00000000c2e00000|  0%| F|  |TAMS 0x00000000c2d00000, 0x00000000c2d00000| Untracked 
|  46|0x00000000c2e00000, 0x00000000c2e00000, 0x00000000c2f00000|  0%| F|  |TAMS 0x00000000c2e00000, 0x00000000c2e00000| Untracked 
|  47|0x00000000c2f00000, 0x00000000c2f00000, 0x00000000c3000000|  0%| F|  |TAMS 0x00000000c2f00000, 0x00000000c2f00000| Untracked 
|  48|0x00000000c3000000, 0x00000000c3000000, 0x00000000c3100000|  0%| F|  |TAMS 0x00000000c3000000, 0x00000000c3000000| Untracked 
|  49|0x00000000c3100000, 0x00000000c3100000, 0x00000000c3200000|  0%| F|  |TAMS 0x00000000c3100000, 0x00000000c3100000| Untracked 
|  50|0x00000000c3200000, 0x00000000c3200000, 0x00000000c3300000|  0%| F|  |TAMS 0x00000000c3200000, 0x00000000c3200000| Untracked 
|  51|0x00000000c3300000, 0x00000000c3300000, 0x00000000c3400000|  0%| F|  |TAMS 0x00000000c3300000, 0x00000000c3300000| Untracked 
|  52|0x00000000c3400000, 0x00000000c3400000, 0x00000000c3500000|  0%| F|  |TAMS 0x00000000c3400000, 0x00000000c3400000| Untracked 
|  53|0x00000000c3500000, 0x00000000c3500000, 0x00000000c3600000|  0%| F|  |TAMS 0x00000000c3500000, 0x00000000c3500000| Untracked 
|  54|0x00000000c3600000, 0x00000000c3600000, 0x00000000c3700000|  0%| F|  |TAMS 0x00000000c3600000, 0x00000000c3600000| Untracked 
|  55|0x00000000c3700000, 0x00000000c3700000, 0x00000000c3800000|  0%| F|  |TAMS 0x00000000c3700000, 0x00000000c3700000| Untracked 
|  56|0x00000000c3800000, 0x00000000c3800000, 0x00000000c3900000|  0%| F|  |TAMS 0x00000000c3800000, 0x00000000c3800000| Untracked 
|  57|0x00000000c3900000, 0x00000000c3900000, 0x00000000c3a00000|  0%| F|  |TAMS 0x00000000c3900000, 0x00000000c3900000| Untracked 
|  58|0x00000000c3a00000, 0x00000000c3a00000, 0x00000000c3b00000|  0%| F|  |TAMS 0x00000000c3a00000, 0x00000000c3a00000| Untracked 
|  59|0x00000000c3b00000, 0x00000000c3b00000, 0x00000000c3c00000|  0%| F|  |TAMS 0x00000000c3b00000, 0x00000000c3b00000| Untracked 
|  60|0x00000000c3c00000, 0x00000000c3c00000, 0x00000000c3d00000|  0%| F|  |TAMS 0x00000000c3c00000, 0x00000000c3c00000| Untracked 
|  61|0x00000000c3d00000, 0x00000000c3d00000, 0x00000000c3e00000|  0%| F|  |TAMS 0x00000000c3d00000, 0x00000000c3d00000| Untracked 
|  62|0x00000000c3e00000, 0x00000000c3e00000, 0x00000000c3f00000|  0%| F|  |TAMS 0x00000000c3e00000, 0x00000000c3e00000| Untracked 
|  63|0x00000000c3f00000, 0x00000000c3f00000, 0x00000000c4000000|  0%| F|  |TAMS 0x00000000c3f00000, 0x00000000c3f00000| Untracked 
|  64|0x00000000c4000000, 0x00000000c4000000, 0x00000000c4100000|  0%| F|  |TAMS 0x00000000c4000000, 0x00000000c4000000| Untracked 
|  65|0x00000000c4100000, 0x00000000c4100000, 0x00000000c4200000|  0%| F|  |TAMS 0x00000000c4100000, 0x00000000c4100000| Untracked 
|  66|0x00000000c4200000, 0x00000000c4200000, 0x00000000c4300000|  0%| F|  |TAMS 0x00000000c4200000, 0x00000000c4200000| Untracked 
|  67|0x00000000c4300000, 0x00000000c4300000, 0x00000000c4400000|  0%| F|  |TAMS 0x00000000c4300000, 0x00000000c4300000| Untracked 
|  68|0x00000000c4400000, 0x00000000c4400000, 0x00000000c4500000|  0%| F|  |TAMS 0x00000000c4400000, 0x00000000c4400000| Untracked 
|  69|0x00000000c4500000, 0x00000000c4500000, 0x00000000c4600000|  0%| F|  |TAMS 0x00000000c4500000, 0x00000000c4500000| Untracked 
|  70|0x00000000c4600000, 0x00000000c4600000, 0x00000000c4700000|  0%| F|  |TAMS 0x00000000c4600000, 0x00000000c4600000| Untracked 
|  71|0x00000000c4700000, 0x00000000c4700000, 0x00000000c4800000|  0%| F|  |TAMS 0x00000000c4700000, 0x00000000c4700000| Untracked 
|  72|0x00000000c4800000, 0x00000000c4800000, 0x00000000c4900000|  0%| F|  |TAMS 0x00000000c4800000, 0x00000000c4800000| Untracked 
|  73|0x00000000c4900000, 0x00000000c4900000, 0x00000000c4a00000|  0%| F|  |TAMS 0x00000000c4900000, 0x00000000c4900000| Untracked 
|  74|0x00000000c4a00000, 0x00000000c4a00000, 0x00000000c4b00000|  0%| F|  |TAMS 0x00000000c4a00000, 0x00000000c4a00000| Untracked 
|  75|0x00000000c4b00000, 0x00000000c4b00000, 0x00000000c4c00000|  0%| F|  |TAMS 0x00000000c4b00000, 0x00000000c4b00000| Untracked 
|  76|0x00000000c4c00000, 0x00000000c4c00000, 0x00000000c4d00000|  0%| F|  |TAMS 0x00000000c4c00000, 0x00000000c4c00000| Untracked 
|  77|0x00000000c4d00000, 0x00000000c4d00000, 0x00000000c4e00000|  0%| F|  |TAMS 0x00000000c4d00000, 0x00000000c4d00000| Untracked 
|  78|0x00000000c4e00000, 0x00000000c4e00000, 0x00000000c4f00000|  0%| F|  |TAMS 0x00000000c4e00000, 0x00000000c4e00000| Untracked 
|  79|0x00000000c4f00000, 0x00000000c4f00000, 0x00000000c5000000|  0%| F|  |TAMS 0x00000000c4f00000, 0x00000000c4f00000| Untracked 
|  80|0x00000000c5000000, 0x00000000c5000000, 0x00000000c5100000|  0%| F|  |TAMS 0x00000000c5000000, 0x00000000c5000000| Untracked 
|  81|0x00000000c5100000, 0x00000000c5100000, 0x00000000c5200000|  0%| F|  |TAMS 0x00000000c5100000, 0x00000000c5100000| Untracked 
|  82|0x00000000c5200000, 0x00000000c5200000, 0x00000000c5300000|  0%| F|  |TAMS 0x00000000c5200000, 0x00000000c5200000| Untracked 
|  83|0x00000000c5300000, 0x00000000c5300000, 0x00000000c5400000|  0%| F|  |TAMS 0x00000000c5300000, 0x00000000c5300000| Untracked 
|  84|0x00000000c5400000, 0x00000000c5400000, 0x00000000c5500000|  0%| F|  |TAMS 0x00000000c5400000, 0x00000000c5400000| Untracked 
|  85|0x00000000c5500000, 0x00000000c5500000, 0x00000000c5600000|  0%| F|  |TAMS 0x00000000c5500000, 0x00000000c5500000| Untracked 
| 214|0x00000000cd600000, 0x00000000cd600000, 0x00000000cd700000|  0%| F|  |TAMS 0x00000000cd600000, 0x00000000cd600000| Untracked 
| 215|0x00000000cd700000, 0x00000000cd700000, 0x00000000cd800000|  0%| F|  |TAMS 0x00000000cd700000, 0x00000000cd700000| Untracked 
| 216|0x00000000cd800000, 0x00000000cd800000, 0x00000000cd900000|  0%| F|  |TAMS 0x00000000cd800000, 0x00000000cd800000| Untracked 
| 217|0x00000000cd900000, 0x00000000cd900000, 0x00000000cda00000|  0%| F|  |TAMS 0x00000000cd900000, 0x00000000cd900000| Untracked 
| 218|0x00000000cda00000, 0x00000000cda00000, 0x00000000cdb00000|  0%| F|  |TAMS 0x00000000cda00000, 0x00000000cda00000| Untracked 
| 252|0x00000000cfc00000, 0x00000000cfc00000, 0x00000000cfd00000|  0%| F|  |TAMS 0x00000000cfc00000, 0x00000000cfc00000| Untracked 
| 253|0x00000000cfd00000, 0x00000000cfd28f88, 0x00000000cfe00000| 16%| E|  |TAMS 0x00000000cfd00000, 0x00000000cfd00000| Complete 

Card table byte_map: [0x000001cd27330000,0x000001cd27530000] _byte_map_base: 0x000001cd26d30000

Marking Bits (Prev, Next): (CMBitMap*) 0x000001cd211b5c80, (CMBitMap*) 0x000001cd211b5c40
 Prev Bits: [0x000001cd28730000, 0x000001cd29730000)
 Next Bits: [0x000001cd27730000, 0x000001cd28730000)

Polling page: 0x000001cd20920000

Metaspace:

Usage:
  Non-class:     50.38 MB used.
      Class:      7.24 MB used.
       Both:     57.62 MB used.

Virtual space:
  Non-class space:       64.00 MB reserved,      50.81 MB ( 79%) committed,  1 nodes.
      Class space:        1.00 GB reserved,       7.50 MB ( <1%) committed,  1 nodes.
             Both:        1.06 GB reserved,      58.31 MB (  5%) committed. 

Chunk freelists:
   Non-Class:  13.02 MB
       Class:  8.55 MB
        Both:  21.58 MB

MaxMetaspaceSize: unlimited
CompressedClassSpaceSize: 1.00 GB
Initial GC threshold: 21.00 MB
Current GC threshold: 97.19 MB
CDS: off
MetaspaceReclaimPolicy: balanced
 - commit_granule_bytes: 65536.
 - commit_granule_words: 8192.
 - virtual_space_node_default_size: 8388608.
 - enlarge_chunks_in_place: 1.
 - new_chunks_are_fully_committed: 0.
 - uncommit_free_chunks: 1.
 - use_allocation_guard: 0.
 - handle_deallocations: 1.


Internal statistics:

num_allocs_failed_limit: 6.
num_arena_births: 632.
num_arena_deaths: 216.
num_vsnodes_births: 2.
num_vsnodes_deaths: 0.
num_space_committed: 933.
num_space_uncommitted: 0.
num_chunks_returned_to_freelist: 256.
num_chunks_taken_from_freelist: 2467.
num_chunk_merges: 87.
num_chunk_splits: 1760.
num_chunks_enlarged: 1349.
num_inconsistent_stats: 0.

CodeCache: size=49152Kb used=9904Kb max_used=11472Kb free=39247Kb
 bounds [0x000001cd23e00000, 0x000001cd24940000, 0x000001cd26e00000]
 total_blobs=6192 nmethods=5523 adapters=595
 compilation: enabled
              stopped_count=0, restarted_count=0
 full_count=0

Compilation events (20 events):
Event: 17.485 Thread 0x000001cd2c486510 nmethod 5514 0x000001cd246fa590 code [0x000001cd246fa760, 0x000001cd246fab88]
Event: 17.485 Thread 0x000001cd2c486510 5508       1       okhttp3.internal.concurrent.TaskQueue::getFutureTasks$okhttp (5 bytes)
Event: 17.485 Thread 0x000001cd2c486510 nmethod 5508 0x000001cd246fa290 code [0x000001cd246fa420, 0x000001cd246fa4f8]
Event: 17.485 Thread 0x000001cd2c486510 5496       1       java.nio.DirectByteBuffer::base (2 bytes)
Event: 17.485 Thread 0x000001cd2c486510 nmethod 5496 0x000001cd246f9f90 code [0x000001cd246fa120, 0x000001cd246fa1f8]
Event: 17.485 Thread 0x000001cd3164e6e0 nmethod 5510 0x000001cd246f8f10 code [0x000001cd246f9160, 0x000001cd246f98e8]
Event: 17.485 Thread 0x000001cd3164e6e0 5515       1       com.google.gson.internal.$Gson$Types$ParameterizedTypeImpl::getActualTypeArguments (11 bytes)
Event: 17.485 Thread 0x000001cd3164e6e0 nmethod 5515 0x000001cd246f8b90 code [0x000001cd246f8d20, 0x000001cd246f8e68]
Event: 52.428 Thread 0x000001cd2c486510 5518       1       java.util.concurrent.ThreadPoolExecutor::runStateAtLeast (11 bytes)
Event: 52.428 Thread 0x000001cd2c486510 nmethod 5518 0x000001cd246f8290 code [0x000001cd246f8420, 0x000001cd246f84d8]
Event: 62.269 Thread 0x000001cd2c486510 5519       1       java.util.concurrent.locks.AbstractQueuedSynchronizer::release (19 bytes)
Event: 62.269 Thread 0x000001cd2c486510 nmethod 5519 0x000001cd246f7d90 code [0x000001cd246f7f40, 0x000001cd246f8138]
Event: 73.450 Thread 0x000001cd2c486510 5520       1       java.util.concurrent.ThreadPoolExecutor::workerCountOf (5 bytes)
Event: 73.450 Thread 0x000001cd2c486510 nmethod 5520 0x000001cd246f7a90 code [0x000001cd246f7c20, 0x000001cd246f7cd8]
Event: 77.482 Thread 0x000001cd2c486510 5521       1       jdk.internal.misc.Unsafe::putReferenceOpaque (9 bytes)
Event: 77.482 Thread 0x000001cd2c486510 nmethod 5521 0x000001cd246f7790 code [0x000001cd246f7920, 0x000001cd246f7a38]
Event: 142.993 Thread 0x000001cd2c486510 5522       1       java.util.concurrent.locks.LockSupport::setBlocker (12 bytes)
Event: 142.994 Thread 0x000001cd2c486510 nmethod 5522 0x000001cd246f7490 code [0x000001cd246f7620, 0x000001cd246f7718]
Event: 152.269 Thread 0x000001cd2c486510 5523       1       java.util.concurrent.TimeUnit::toNanos (45 bytes)
Event: 152.269 Thread 0x000001cd2c486510 nmethod 5523 0x000001cd246f7090 code [0x000001cd246f7240, 0x000001cd246f73d8]

GC Heap History (20 events):
Event: 102.785 GC heap after
{Heap after GC invocations=25 (full 6):
 garbage-first heap   total 95232K, used 39235K [0x00000000c0000000, 0x0000000100000000)
  region size 1024K, 0 young (0K), 0 survivors (0K)
 Metaspace       used 59007K, committed 59712K, reserved 1114112K
  class space    used 7414K, committed 7680K, reserved 1048576K
}
Event: 112.842 GC heap before
{Heap before GC invocations=25 (full 6):
 garbage-first heap   total 95232K, used 39235K [0x00000000c0000000, 0x0000000100000000)
  region size 1024K, 1 young (1024K), 0 survivors (0K)
 Metaspace       used 59007K, committed 59712K, reserved 1114112K
  class space    used 7414K, committed 7680K, reserved 1048576K
}
Event: 112.859 GC heap after
{Heap after GC invocations=26 (full 7):
 garbage-first heap   total 95232K, used 39235K [0x00000000c0000000, 0x0000000100000000)
  region size 1024K, 0 young (0K), 0 survivors (0K)
 Metaspace       used 59007K, committed 59712K, reserved 1114112K
  class space    used 7414K, committed 7680K, reserved 1048576K
}
Event: 122.911 GC heap before
{Heap before GC invocations=26 (full 7):
 garbage-first heap   total 95232K, used 39235K [0x00000000c0000000, 0x0000000100000000)
  region size 1024K, 1 young (1024K), 0 survivors (0K)
 Metaspace       used 59007K, committed 59712K, reserved 1114112K
  class space    used 7414K, committed 7680K, reserved 1048576K
}
Event: 122.927 GC heap after
{Heap after GC invocations=27 (full 8):
 garbage-first heap   total 95232K, used 39235K [0x00000000c0000000, 0x0000000100000000)
  region size 1024K, 0 young (0K), 0 survivors (0K)
 Metaspace       used 59007K, committed 59712K, reserved 1114112K
  class space    used 7414K, committed 7680K, reserved 1048576K
}
Event: 132.977 GC heap before
{Heap before GC invocations=27 (full 8):
 garbage-first heap   total 95232K, used 39235K [0x00000000c0000000, 0x0000000100000000)
  region size 1024K, 1 young (1024K), 0 survivors (0K)
 Metaspace       used 59007K, committed 59712K, reserved 1114112K
  class space    used 7414K, committed 7680K, reserved 1048576K
}
Event: 132.993 GC heap after
{Heap after GC invocations=28 (full 9):
 garbage-first heap   total 95232K, used 39235K [0x00000000c0000000, 0x0000000100000000)
  region size 1024K, 0 young (0K), 0 survivors (0K)
 Metaspace       used 59007K, committed 59712K, reserved 1114112K
  class space    used 7414K, committed 7680K, reserved 1048576K
}
Event: 143.046 GC heap before
{Heap before GC invocations=28 (full 9):
 garbage-first heap   total 95232K, used 39235K [0x00000000c0000000, 0x0000000100000000)
  region size 1024K, 1 young (1024K), 0 survivors (0K)
 Metaspace       used 59007K, committed 59712K, reserved 1114112K
  class space    used 7414K, committed 7680K, reserved 1048576K
}
Event: 143.064 GC heap after
{Heap after GC invocations=29 (full 10):
 garbage-first heap   total 95232K, used 39235K [0x00000000c0000000, 0x0000000100000000)
  region size 1024K, 0 young (0K), 0 survivors (0K)
 Metaspace       used 59007K, committed 59712K, reserved 1114112K
  class space    used 7414K, committed 7680K, reserved 1048576K
}
Event: 153.115 GC heap before
{Heap before GC invocations=29 (full 10):
 garbage-first heap   total 95232K, used 39235K [0x00000000c0000000, 0x0000000100000000)
  region size 1024K, 1 young (1024K), 0 survivors (0K)
 Metaspace       used 59007K, committed 59712K, reserved 1114112K
  class space    used 7414K, committed 7680K, reserved 1048576K
}
Event: 153.133 GC heap after
{Heap after GC invocations=30 (full 11):
 garbage-first heap   total 95232K, used 39235K [0x00000000c0000000, 0x0000000100000000)
  region size 1024K, 0 young (0K), 0 survivors (0K)
 Metaspace       used 59007K, committed 59712K, reserved 1114112K
  class space    used 7414K, committed 7680K, reserved 1048576K
}
Event: 163.186 GC heap before
{Heap before GC invocations=30 (full 11):
 garbage-first heap   total 95232K, used 39235K [0x00000000c0000000, 0x0000000100000000)
  region size 1024K, 1 young (1024K), 0 survivors (0K)
 Metaspace       used 59007K, committed 59712K, reserved 1114112K
  class space    used 7414K, committed 7680K, reserved 1048576K
}
Event: 163.203 GC heap after
{Heap after GC invocations=31 (full 12):
 garbage-first heap   total 95232K, used 39235K [0x00000000c0000000, 0x0000000100000000)
  region size 1024K, 0 young (0K), 0 survivors (0K)
 Metaspace       used 59007K, committed 59712K, reserved 1114112K
  class space    used 7414K, committed 7680K, reserved 1048576K
}
Event: 173.258 GC heap before
{Heap before GC invocations=31 (full 12):
 garbage-first heap   total 95232K, used 39235K [0x00000000c0000000, 0x0000000100000000)
  region size 1024K, 1 young (1024K), 0 survivors (0K)
 Metaspace       used 59007K, committed 59712K, reserved 1114112K
  class space    used 7414K, committed 7680K, reserved 1048576K
}
Event: 173.274 GC heap after
{Heap after GC invocations=32 (full 13):
 garbage-first heap   total 95232K, used 39235K [0x00000000c0000000, 0x0000000100000000)
  region size 1024K, 0 young (0K), 0 survivors (0K)
 Metaspace       used 59007K, committed 59712K, reserved 1114112K
  class space    used 7414K, committed 7680K, reserved 1048576K
}
Event: 183.328 GC heap before
{Heap before GC invocations=32 (full 13):
 garbage-first heap   total 95232K, used 39235K [0x00000000c0000000, 0x0000000100000000)
  region size 1024K, 1 young (1024K), 0 survivors (0K)
 Metaspace       used 59007K, committed 59712K, reserved 1114112K
  class space    used 7414K, committed 7680K, reserved 1048576K
}
Event: 183.348 GC heap after
{Heap after GC invocations=33 (full 14):
 garbage-first heap   total 95232K, used 39235K [0x00000000c0000000, 0x0000000100000000)
  region size 1024K, 0 young (0K), 0 survivors (0K)
 Metaspace       used 59007K, committed 59712K, reserved 1114112K
  class space    used 7414K, committed 7680K, reserved 1048576K
}
Event: 193.405 GC heap before
{Heap before GC invocations=33 (full 14):
 garbage-first heap   total 95232K, used 39235K [0x00000000c0000000, 0x0000000100000000)
  region size 1024K, 1 young (1024K), 0 survivors (0K)
 Metaspace       used 59007K, committed 59712K, reserved 1114112K
  class space    used 7414K, committed 7680K, reserved 1048576K
}
Event: 193.423 GC heap after
{Heap after GC invocations=34 (full 15):
 garbage-first heap   total 95232K, used 39235K [0x00000000c0000000, 0x0000000100000000)
  region size 1024K, 0 young (0K), 0 survivors (0K)
 Metaspace       used 59007K, committed 59712K, reserved 1114112K
  class space    used 7414K, committed 7680K, reserved 1048576K
}
Event: 203.474 GC heap before
{Heap before GC invocations=34 (full 15):
 garbage-first heap   total 95232K, used 39235K [0x00000000c0000000, 0x0000000100000000)
  region size 1024K, 1 young (1024K), 0 survivors (0K)
 Metaspace       used 59007K, committed 59712K, reserved 1114112K
  class space    used 7414K, committed 7680K, reserved 1048576K
}

Dll operation events (10 events):
Event: 0.009 Loaded shared library c:\Users\casa\.vscode\extensions\redhat.java-1.30.0-win32-x64\jre\17.0.10-win32-x86_64\bin\java.dll
Event: 0.417 Loaded shared library C:\Users\casa\.vscode\extensions\redhat.java-1.30.0-win32-x64\jre\17.0.10-win32-x86_64\bin\net.dll
Event: 0.419 Loaded shared library C:\Users\casa\.vscode\extensions\redhat.java-1.30.0-win32-x64\jre\17.0.10-win32-x86_64\bin\nio.dll
Event: 0.705 Loaded shared library C:\Users\casa\.vscode\extensions\redhat.java-1.30.0-win32-x64\jre\17.0.10-win32-x86_64\bin\zip.dll
Event: 6.431 Loaded shared library C:\Users\casa\.vscode\extensions\redhat.java-1.30.0-win32-x64\jre\17.0.10-win32-x86_64\bin\jimage.dll
Event: 8.047 Loaded shared library c:\Users\casa\.vscode\extensions\redhat.java-1.30.0-win32-x64\jre\17.0.10-win32-x86_64\bin\verify.dll
Event: 12.356 Loaded shared library C:\Users\casa\.vscode\extensions\redhat.java-1.30.0-win32-x64\jre\17.0.10-win32-x86_64\bin\management.dll
Event: 12.360 Loaded shared library C:\Users\casa\.vscode\extensions\redhat.java-1.30.0-win32-x64\jre\17.0.10-win32-x86_64\bin\management_ext.dll
Event: 13.584 Loaded shared library C:\Users\casa\.vscode\extensions\redhat.java-1.30.0-win32-x64\jre\17.0.10-win32-x86_64\bin\sunmscapi.dll
Event: 14.181 Loaded shared library C:\Users\casa\.vscode\extensions\redhat.java-1.30.0-win32-x64\jre\17.0.10-win32-x86_64\bin\extnet.dll

Deoptimization events (10 events):
Event: 12.570 Thread 0x000001cd3166cdd0 DEOPT PACKING pc=0x000001cd243b6c81 sp=0x000000cbec6fd940
Event: 12.570 Thread 0x000001cd3166cdd0 DEOPT UNPACKING pc=0x000001cd23e57143 sp=0x000000cbec6fcdd0 mode 3
Event: 12.590 Thread 0x000001cd324bf750 DEOPT PACKING pc=0x000001cd24393097 sp=0x000000cbec7feda0
Event: 12.590 Thread 0x000001cd324bf750 DEOPT UNPACKING pc=0x000001cd23e57143 sp=0x000000cbec7fe1f8 mode 3
Event: 13.448 Thread 0x000001cd32417ec0 DEOPT PACKING pc=0x000001cd245d6e24 sp=0x000000cbed0ff1a0
Event: 13.448 Thread 0x000001cd32417ec0 DEOPT UNPACKING pc=0x000001cd23e57143 sp=0x000000cbed0fe688 mode 0
Event: 13.457 Thread 0x000001cd32419810 DEOPT PACKING pc=0x000001cd245d6e24 sp=0x000000cbed3ff140
Event: 13.457 Thread 0x000001cd32419810 DEOPT UNPACKING pc=0x000001cd23e57143 sp=0x000000cbed3fe628 mode 0
Event: 13.614 Thread 0x000001cd325944c0 DEOPT PACKING pc=0x000001cd240fdc8c sp=0x000000cbedbfb0d0
Event: 13.614 Thread 0x000001cd325944c0 DEOPT UNPACKING pc=0x000001cd23e57143 sp=0x000000cbedbfa598 mode 0

Classes unloaded (20 events):
Event: 82.634 Thread 0x000001cd2c439a50 Unloading class 0x00000001003b4400 'java/lang/invoke/LambdaForm$MH+0x00000001003b4400'
Event: 82.634 Thread 0x000001cd2c439a50 Unloading class 0x00000001003b4000 'java/lang/invoke/LambdaForm$MH+0x00000001003b4000'
Event: 82.634 Thread 0x000001cd2c439a50 Unloading class 0x00000001003aac00 'java/lang/invoke/LambdaForm$MH+0x00000001003aac00'
Event: 82.634 Thread 0x000001cd2c439a50 Unloading class 0x00000001003aa400 'java/lang/invoke/LambdaForm$MH+0x00000001003aa400'
Event: 82.634 Thread 0x000001cd2c439a50 Unloading class 0x00000001003aa000 'java/lang/invoke/LambdaForm$MH+0x00000001003aa000'
Event: 82.634 Thread 0x000001cd2c439a50 Unloading class 0x00000001003a9c00 'java/lang/invoke/LambdaForm$MH+0x00000001003a9c00'
Event: 82.634 Thread 0x000001cd2c439a50 Unloading class 0x00000001003a9400 'java/lang/invoke/LambdaForm$MH+0x00000001003a9400'
Event: 82.634 Thread 0x000001cd2c439a50 Unloading class 0x00000001003a9000 'java/lang/invoke/LambdaForm$MH+0x00000001003a9000'
Event: 82.634 Thread 0x000001cd2c439a50 Unloading class 0x0000000100094800 'java/lang/invoke/LambdaForm$MH+0x0000000100094800'
Event: 82.634 Thread 0x000001cd2c439a50 Unloading class 0x0000000100094400 'java/lang/invoke/LambdaForm$MH+0x0000000100094400'
Event: 82.634 Thread 0x000001cd2c439a50 Unloading class 0x000000010008e800 'java/lang/invoke/LambdaForm$MH+0x000000010008e800'
Event: 82.634 Thread 0x000001cd2c439a50 Unloading class 0x000000010008e400 'java/lang/invoke/LambdaForm$MH+0x000000010008e400'
Event: 82.634 Thread 0x000001cd2c439a50 Unloading class 0x000000010008e000 'java/lang/invoke/LambdaForm$MH+0x000000010008e000'
Event: 82.634 Thread 0x000001cd2c439a50 Unloading class 0x000000010008dc00 'java/lang/invoke/LambdaForm$MH+0x000000010008dc00'
Event: 82.634 Thread 0x000001cd2c439a50 Unloading class 0x000000010008d800 'java/lang/invoke/LambdaForm$MH+0x000000010008d800'
Event: 82.634 Thread 0x000001cd2c439a50 Unloading class 0x000000010008d400 'java/lang/invoke/LambdaForm$MH+0x000000010008d400'
Event: 82.634 Thread 0x000001cd2c439a50 Unloading class 0x000000010008cc00 'java/lang/invoke/LambdaForm$MH+0x000000010008cc00'
Event: 82.634 Thread 0x000001cd2c439a50 Unloading class 0x000000010008c800 'java/lang/invoke/LambdaForm$MH+0x000000010008c800'
Event: 82.634 Thread 0x000001cd2c439a50 Unloading class 0x000000010008c000 'java/lang/invoke/LambdaForm$MH+0x000000010008c000'
Event: 82.634 Thread 0x000001cd2c439a50 Unloading class 0x000000010008bc00 'java/lang/invoke/LambdaForm$MH+0x000000010008bc00'

Classes redefined (0 events):
No events

Internal exceptions (20 events):
Event: 12.841 Thread 0x000001cd324174a0 Exception <a 'sun/nio/fs/WindowsException'{0x00000000c34823c0}> (0x00000000c34823c0) 
thrown [s\src\hotspot\share\prims\jni.cpp, line 516]
Event: 12.841 Thread 0x000001cd324174a0 Exception <a 'sun/nio/fs/WindowsException'{0x00000000c3482ce0}> (0x00000000c3482ce0) 
thrown [s\src\hotspot\share\prims\jni.cpp, line 516]
Event: 12.841 Thread 0x000001cd324174a0 Exception <a 'sun/nio/fs/WindowsException'{0x00000000c34835e8}> (0x00000000c34835e8) 
thrown [s\src\hotspot\share\prims\jni.cpp, line 516]
Event: 12.841 Thread 0x000001cd324174a0 Exception <a 'sun/nio/fs/WindowsException'{0x00000000c3483f08}> (0x00000000c3483f08) 
thrown [s\src\hotspot\share\prims\jni.cpp, line 516]
Event: 12.841 Thread 0x000001cd324174a0 Exception <a 'sun/nio/fs/WindowsException'{0x00000000c3484908}> (0x00000000c3484908) 
thrown [s\src\hotspot\share\prims\jni.cpp, line 516]
Event: 12.841 Thread 0x000001cd324174a0 Exception <a 'sun/nio/fs/WindowsException'{0x00000000c3485390}> (0x00000000c3485390) 
thrown [s\src\hotspot\share\prims\jni.cpp, line 516]
Event: 12.901 Thread 0x000001cd32416570 Exception <a 'java/lang/NoSuchMethodError'{0x00000000cd817ad8}: 'java.lang.Object java.lang.invoke.Invokers$Holder.invoke_MT(java.lang.Object, java.lang.Object, java.lang.Object)'> (0x00000000cd817ad8) 
thrown [s\src\hotspot\share\interpreter\linkResolver.cpp, line 759]
Event: 13.228 Thread 0x000001cd32416570 Exception <a 'java/lang/IncompatibleClassChangeError'{0x00000000cd80ca50}: Found class java.lang.Object, but interface was expected> (0x00000000cd80ca50) 
thrown [s\src\hotspot\share\interpreter\linkResolver.cpp, line 826]
Event: 13.262 Thread 0x000001cd32416570 Exception <a 'java/lang/NoSuchMethodError'{0x00000000c3c737b8}: 'int java.lang.invoke.DirectMethodHandle$Holder.invokeSpecialIFC(java.lang.Object, java.lang.Object, java.lang.Object)'> (0x00000000c3c737b8) 
thrown [s\src\hotspot\share\interpreter\linkResolver.cpp, line 759]
Event: 13.328 Thread 0x000001cd32416570 Exception <a 'java/lang/NoSuchMethodError'{0x00000000cd944f40}: 'int java.lang.invoke.DirectMethodHandle$Holder.invokeStatic(java.lang.Object, int, java.lang.Object)'> (0x00000000cd944f40) 
thrown [s\src\hotspot\share\interpreter\linkResolver.cpp, line 759]
Event: 13.448 Thread 0x000001cd324174a0 Exception <a 'sun/nio/fs/WindowsException'{0x00000000c435fde0}> (0x00000000c435fde0) 
thrown [s\src\hotspot\share\prims\jni.cpp, line 516]
Event: 13.455 Thread 0x000001cd32597250 Exception <a 'java/lang/NoSuchMethodError'{0x00000000c4297838}: 'java.lang.Object java.lang.invoke.DirectMethodHandle$Holder.newInvokeSpecial(java.lang.Object, java.lang.Object, java.lang.Object, java.lang.Object, java.lang.Object, long)'> (0x00000000c4297838) 
thrown [s\src\hotspot\share\interpreter\linkResolver.cpp, line 759]
Event: 13.455 Thread 0x000001cd32597250 Exception <a 'java/lang/NoSuchMethodError'{0x00000000c42a7828}: 'java.lang.Object java.lang.invoke.DirectMethodHandle$Holder.invokeSpecial(java.lang.Object, java.lang.Object, java.lang.Object, java.lang.Object, java.lang.Object, java.lang.Object, long)'> (0x00000000c42a7828) 
thrown [s\src\hotspot\share\interpreter\linkResolver.cpp, line 759]
Event: 13.468 Thread 0x000001cd325944c0 Exception <a 'java/lang/NoSuchMethodError'{0x00000000c41d55f8}: 'void java.lang.invoke.DirectMethodHandle$Holder.invokeVirtual(java.lang.Object, java.lang.Object, java.lang.Object, java.lang.Object)'> (0x00000000c41d55f8) 
thrown [s\src\hotspot\share\interpreter\linkResolver.cpp, line 759]
Event: 13.549 Thread 0x000001cd325944c0 Exception <a 'java/lang/NoSuchMethodError'{0x00000000cd6b3f50}: 'java.lang.Object java.lang.invoke.DirectMethodHandle$Holder.invokeStatic(java.lang.Object, java.lang.Object, int, java.lang.Object)'> (0x00000000cd6b3f50) 
thrown [s\src\hotspot\share\interpreter\linkResolver.cpp, line 759]
Event: 13.549 Thread 0x000001cd325944c0 Exception <a 'java/lang/NoSuchMethodError'{0x00000000cd6ba330}: 'java.lang.Object java.lang.invoke.DirectMethodHandle$Holder.newInvokeSpecial(java.lang.Object, java.lang.Object, int)'> (0x00000000cd6ba330) 
thrown [s\src\hotspot\share\interpreter\linkResolver.cpp, line 759]
Event: 13.562 Thread 0x000001cd32416f90 Exception <a 'java/lang/NoSuchMethodError'{0x00000000c5158f70}: 'int java.lang.invoke.DirectMethodHandle$Holder.invokeVirtual(java.lang.Object, java.lang.Object, int)'> (0x00000000c5158f70) 
thrown [s\src\hotspot\share\interpreter\linkResolver.cpp, line 759]
Event: 13.612 Thread 0x000001cd325944c0 Exception <a 'sun/nio/fs/WindowsException'{0x00000000c4aad298}> (0x00000000c4aad298) 
thrown [s\src\hotspot\share\prims\jni.cpp, line 516]
Event: 52.353 Thread 0x000001cd322874f0 Exception <a 'java/lang/NoSuchMethodError'{0x00000000c4fb0218}: 'void java.lang.invoke.DirectMethodHandle$Holder.invokeStatic(java.lang.Object, long)'> (0x00000000c4fb0218) 
thrown [s\src\hotspot\share\interpreter\linkResolver.cpp, line 759]
Event: 52.353 Thread 0x000001cd322874f0 Exception <a 'java/lang/NoSuchMethodError'{0x00000000c4fb55c8}: 'java.lang.Object java.lang.invoke.DirectMethodHandle$Holder.newInvokeSpecial(java.lang.Object, long)'> (0x00000000c4fb55c8) 
thrown [s\src\hotspot\share\interpreter\linkResolver.cpp, line 759]

VM Operations (20 events):
Event: 112.860 Executing VM operation: G1CollectFull done
Event: 120.198 Executing VM operation: HandshakeAllThreads
Event: 120.198 Executing VM operation: HandshakeAllThreads done
Event: 122.911 Executing VM operation: G1CollectFull
Event: 122.927 Executing VM operation: G1CollectFull done
Event: 132.977 Executing VM operation: G1CollectFull
Event: 132.994 Executing VM operation: G1CollectFull done
Event: 143.046 Executing VM operation: G1CollectFull
Event: 143.065 Executing VM operation: G1CollectFull done
Event: 153.115 Executing VM operation: G1CollectFull
Event: 153.133 Executing VM operation: G1CollectFull done
Event: 163.186 Executing VM operation: G1CollectFull
Event: 163.203 Executing VM operation: G1CollectFull done
Event: 173.258 Executing VM operation: G1CollectFull
Event: 173.274 Executing VM operation: G1CollectFull done
Event: 183.328 Executing VM operation: G1CollectFull
Event: 183.348 Executing VM operation: G1CollectFull done
Event: 193.405 Executing VM operation: G1CollectFull
Event: 193.423 Executing VM operation: G1CollectFull done
Event: 203.474 Executing VM operation: G1CollectFull

Events (20 events):
Event: 52.353 loading class java/lang/ProcessImpl$2 done
Event: 52.353 loading class java/lang/Process$PipeInputStream
Event: 52.353 loading class java/lang/Process$PipeInputStream done
Event: 52.354 loading class jdk/internal/event/ProcessStartEvent
Event: 52.354 loading class jdk/internal/event/ProcessStartEvent done
Event: 52.410 loading class java/io/FileOutputStream$1
Event: 52.410 loading class java/io/FileOutputStream$1 done
Event: 73.391 Thread 0x000001cd32416570 Thread exited: 0x000001cd32416570
Event: 73.450 Thread 0x000001cd32417ec0 Thread exited: 0x000001cd32417ec0
Event: 73.450 Thread 0x000001cd324188e0 Thread exited: 0x000001cd324188e0
Event: 73.465 Thread 0x000001cd32419810 Thread exited: 0x000001cd32419810
Event: 73.465 Thread 0x000001cd324179b0 Thread exited: 0x000001cd324179b0
Event: 73.682 Thread 0x000001cd324c2040 Thread exited: 0x000001cd324c2040
Event: 73.682 Thread 0x000001cd32416060 Thread exited: 0x000001cd32416060
Event: 73.682 Thread 0x000001cd32419300 Thread exited: 0x000001cd32419300
Event: 74.058 Thread 0x000001cd32416f90 Thread exited: 0x000001cd32416f90
Event: 77.078 Thread 0x000001cd32597c70 Thread exited: 0x000001cd32597c70
Event: 77.078 Thread 0x000001cd3259b420 Thread exited: 0x000001cd3259b420
Event: 77.484 Thread 0x000001cd32598690 Thread exited: 0x000001cd32598690
Event: 77.484 Thread 0x000001cd32593fb0 Thread exited: 0x000001cd32593fb0


Dynamic libraries:
0x00007ff7ed9b0000 - 0x00007ff7ed9be000 	c:\Users\casa\.vscode\extensions\redhat.java-1.30.0-win32-x64\jre\17.0.10-win32-x86_64\bin\java.exe
0x00007ffc9e0d0000 - 0x00007ffc9e2e7000 	C:\WINDOWS\SYSTEM32\ntdll.dll
0x00007ffc9c860000 - 0x00007ffc9c924000 	C:\WINDOWS\System32\KERNEL32.DLL
0x00007ffc9b840000 - 0x00007ffc9bbe7000 	C:\WINDOWS\System32\KERNELBASE.dll
0x00007ffc9b720000 - 0x00007ffc9b831000 	C:\WINDOWS\System32\ucrtbase.dll
0x00007ffc3d2d0000 - 0x00007ffc3d2e7000 	c:\Users\casa\.vscode\extensions\redhat.java-1.30.0-win32-x64\jre\17.0.10-win32-x86_64\bin\jli.dll
0x00007ffc3d280000 - 0x00007ffc3d29b000 	c:\Users\casa\.vscode\extensions\redhat.java-1.30.0-win32-x64\jre\17.0.10-win32-x86_64\bin\VCRUNTIME140.dll
0x00007ffc9dc10000 - 0x00007ffc9ddbe000 	C:\WINDOWS\System32\USER32.dll
0x00007ffc9b6f0000 - 0x00007ffc9b716000 	C:\WINDOWS\System32\win32u.dll
0x00007ffc9dfa0000 - 0x00007ffc9dfc9000 	C:\WINDOWS\System32\GDI32.dll
0x00007ffc873b0000 - 0x00007ffc87643000 	C:\WINDOWS\WinSxS\amd64_microsoft.windows.common-controls_6595b64144ccf1df_6.0.22621.3527_none_270e469b73872a76\COMCTL32.dll
0x00007ffc9bce0000 - 0x00007ffc9bdf9000 	C:\WINDOWS\System32\gdi32full.dll
0x00007ffc9beb0000 - 0x00007ffc9bf57000 	C:\WINDOWS\System32\msvcrt.dll
0x00007ffc9b650000 - 0x00007ffc9b6ea000 	C:\WINDOWS\System32\msvcp_win.dll
0x00007ffc9c820000 - 0x00007ffc9c851000 	C:\WINDOWS\System32\IMM32.DLL
0x00007ffc96980000 - 0x00007ffc9698c000 	c:\Users\casa\.vscode\extensions\redhat.java-1.30.0-win32-x64\jre\17.0.10-win32-x86_64\bin\vcruntime140_1.dll
0x00007ffc3cd50000 - 0x00007ffc3cddd000 	c:\Users\casa\.vscode\extensions\redhat.java-1.30.0-win32-x64\jre\17.0.10-win32-x86_64\bin\msvcp140.dll
0x00007ffc3c0e0000 - 0x00007ffc3cd42000 	c:\Users\casa\.vscode\extensions\redhat.java-1.30.0-win32-x64\jre\17.0.10-win32-x86_64\bin\server\jvm.dll
0x00007ffc9dfd0000 - 0x00007ffc9e082000 	C:\WINDOWS\System32\ADVAPI32.dll
0x00007ffc9be00000 - 0x00007ffc9bea8000 	C:\WINDOWS\System32\sechost.dll
0x00007ffc9bcb0000 - 0x00007ffc9bcd8000 	C:\WINDOWS\System32\bcrypt.dll
0x00007ffc9c930000 - 0x00007ffc9ca45000 	C:\WINDOWS\System32\RPCRT4.dll
0x00007ffc9a970000 - 0x00007ffc9a9bd000 	C:\WINDOWS\SYSTEM32\POWRPROF.dll
0x00007ffc96940000 - 0x00007ffc96949000 	C:\WINDOWS\SYSTEM32\WSOCK32.dll
0x00007ffc9c490000 - 0x00007ffc9c501000 	C:\WINDOWS\System32\WS2_32.dll
0x00007ffc94370000 - 0x00007ffc943a4000 	C:\WINDOWS\SYSTEM32\WINMM.dll
0x00007ffc939d0000 - 0x00007ffc939da000 	C:\WINDOWS\SYSTEM32\VERSION.dll
0x00007ffc9a950000 - 0x00007ffc9a963000 	C:\WINDOWS\SYSTEM32\UMPDC.dll
0x00007ffc9a3d0000 - 0x00007ffc9a3e8000 	C:\WINDOWS\SYSTEM32\kernel.appcore.dll
0x00007ffc95120000 - 0x00007ffc9512a000 	c:\Users\casa\.vscode\extensions\redhat.java-1.30.0-win32-x64\jre\17.0.10-win32-x86_64\bin\jimage.dll
0x00007ffc8a440000 - 0x00007ffc8a673000 	C:\WINDOWS\SYSTEM32\DBGHELP.DLL
0x00007ffc9d430000 - 0x00007ffc9d7b8000 	C:\WINDOWS\System32\combase.dll
0x00007ffc9db30000 - 0x00007ffc9dc07000 	C:\WINDOWS\System32\OLEAUT32.dll
0x00007ffc82160000 - 0x00007ffc82192000 	C:\WINDOWS\SYSTEM32\dbgcore.DLL
0x00007ffc9b460000 - 0x00007ffc9b4d9000 	C:\WINDOWS\System32\bcryptPrimitives.dll
0x00007ffc929d0000 - 0x00007ffc929f5000 	c:\Users\casa\.vscode\extensions\redhat.java-1.30.0-win32-x64\jre\17.0.10-win32-x86_64\bin\java.dll
0x00007ffc96950000 - 0x00007ffc96968000 	c:\Users\casa\.vscode\extensions\redhat.java-1.30.0-win32-x64\jre\17.0.10-win32-x86_64\bin\zip.dll
0x00007ffc9ca50000 - 0x00007ffc9d2ac000 	C:\WINDOWS\System32\SHELL32.dll
0x00007ffc992e0000 - 0x00007ffc99bd6000 	C:\WINDOWS\SYSTEM32\windows.storage.dll
0x00007ffc991a0000 - 0x00007ffc992de000 	C:\WINDOWS\SYSTEM32\wintypes.dll
0x00007ffc9ddc0000 - 0x00007ffc9deb5000 	C:\WINDOWS\System32\SHCORE.dll
0x00007ffc9df20000 - 0x00007ffc9df7e000 	C:\WINDOWS\System32\shlwapi.dll
0x00007ffc9b320000 - 0x00007ffc9b341000 	C:\WINDOWS\SYSTEM32\profapi.dll
0x00007ffc94490000 - 0x00007ffc944a9000 	C:\Users\casa\.vscode\extensions\redhat.java-1.30.0-win32-x64\jre\17.0.10-win32-x86_64\bin\net.dll
0x00007ffc946b0000 - 0x00007ffc947e6000 	C:\WINDOWS\SYSTEM32\WINHTTP.dll
0x00007ffc9a8a0000 - 0x00007ffc9a909000 	C:\WINDOWS\system32\mswsock.dll
0x00007ffc927c0000 - 0x00007ffc927d6000 	C:\Users\casa\.vscode\extensions\redhat.java-1.30.0-win32-x64\jre\17.0.10-win32-x86_64\bin\nio.dll
0x00007ffc92760000 - 0x00007ffc92770000 	c:\Users\casa\.vscode\extensions\redhat.java-1.30.0-win32-x64\jre\17.0.10-win32-x86_64\bin\verify.dll
0x00007ffc9ac70000 - 0x00007ffc9ac8b000 	C:\WINDOWS\SYSTEM32\CRYPTSP.dll
0x00007ffc9a330000 - 0x00007ffc9a365000 	C:\WINDOWS\system32\rsaenh.dll
0x00007ffc9a9c0000 - 0x00007ffc9a9e8000 	C:\WINDOWS\SYSTEM32\USERENV.dll
0x00007ffc9ac50000 - 0x00007ffc9ac5c000 	C:\WINDOWS\SYSTEM32\CRYPTBASE.dll
0x00007ffc99e40000 - 0x00007ffc99e6d000 	C:\WINDOWS\SYSTEM32\IPHLPAPI.DLL
0x00007ffc9c810000 - 0x00007ffc9c819000 	C:\WINDOWS\System32\NSI.dll
0x00007ffc94950000 - 0x00007ffc94969000 	C:\WINDOWS\SYSTEM32\dhcpcsvc6.DLL
0x00007ffc94350000 - 0x00007ffc9436f000 	C:\WINDOWS\SYSTEM32\dhcpcsvc.DLL
0x00007ffc99eb0000 - 0x00007ffc99fa9000 	C:\WINDOWS\SYSTEM32\DNSAPI.dll
0x00007ffc95ed0000 - 0x00007ffc95ed9000 	C:\Users\casa\.vscode\extensions\redhat.java-1.30.0-win32-x64\jre\17.0.10-win32-x86_64\bin\management.dll
0x00007ffc95450000 - 0x00007ffc9545b000 	C:\Users\casa\.vscode\extensions\redhat.java-1.30.0-win32-x64\jre\17.0.10-win32-x86_64\bin\management_ext.dll
0x00007ffc9c470000 - 0x00007ffc9c478000 	C:\WINDOWS\System32\PSAPI.DLL
0x00007ffc7dac0000 - 0x00007ffc7dace000 	C:\Users\casa\.vscode\extensions\redhat.java-1.30.0-win32-x64\jre\17.0.10-win32-x86_64\bin\sunmscapi.dll
0x00007ffc9b4e0000 - 0x00007ffc9b647000 	C:\WINDOWS\System32\CRYPT32.dll
0x00007ffc9ad00000 - 0x00007ffc9ad2e000 	C:\WINDOWS\SYSTEM32\ncrypt.dll
0x00007ffc9acb0000 - 0x00007ffc9ace7000 	C:\WINDOWS\SYSTEM32\NTASN1.dll
0x00007ffc93920000 - 0x00007ffc9392a000 	C:\Windows\System32\rasadhlp.dll
0x00007ffc939e0000 - 0x00007ffc93a63000 	C:\WINDOWS\System32\fwpuclnt.dll
0x00007ffc79b40000 - 0x00007ffc79b49000 	C:\Users\casa\.vscode\extensions\redhat.java-1.30.0-win32-x64\jre\17.0.10-win32-x86_64\bin\extnet.dll

dbghelp: loaded successfully - version: 4.0.5 - missing functions: none
symbol engine: initialized successfully - sym options: 0x614 - pdb path: .;c:\Users\casa\.vscode\extensions\redhat.java-1.30.0-win32-x64\jre\17.0.10-win32-x86_64\bin;C:\WINDOWS\SYSTEM32;C:\WINDOWS\WinSxS\amd64_microsoft.windows.common-controls_6595b64144ccf1df_6.0.22621.3527_none_270e469b73872a76;c:\Users\casa\.vscode\extensions\redhat.java-1.30.0-win32-x64\jre\17.0.10-win32-x86_64\bin\server

VM Arguments:
jvm_args: -Xmx1024m -Dsts.lsp.client=vscode -Dsts.log.file=/dev/null -XX:TieredStopAtLevel=1 -Xlog:jni+resolve=off -Dspring.config.location=file:c:\Users\casa\.vscode\extensions\vmware.vscode-spring-boot-1.54.0\language-server\BOOT-INF\classes\application.properties 
java_command: org.springframework.ide.vscode.boot.app.BootLanguageServerBootApp
java_class_path (initial): c:\Users\casa\.vscode\extensions\vmware.vscode-spring-boot-1.54.0\language-server\BOOT-INF\classes;c:\Users\casa\.vscode\extensions\vmware.vscode-spring-boot-1.54.0\language-server\BOOT-INF\lib\annotations-24.1.0.jar;c:\Users\casa\.vscode\extensions\vmware.vscode-spring-boot-1.54.0\language-server\BOOT-INF\lib\antlr4-runtime-4.13.1.jar;c:\Users\casa\.vscode\extensions\vmware.vscode-spring-boot-1.54.0\language-server\BOOT-INF\lib\asm-9.7.jar;c:\Users\casa\.vscode\extensions\vmware.vscode-spring-boot-1.54.0\language-server\BOOT-INF\lib\asm-analysis-9.7.jar;c:\Users\casa\.vscode\extensions\vmware.vscode-spring-boot-1.54.0\language-server\BOOT-INF\lib\asm-tree-9.7.jar;c:\Users\casa\.vscode\extensions\vmware.vscode-spring-boot-1.54.0\language-server\BOOT-INF\lib\asm-util-9.7.jar;c:\Users\casa\.vscode\extensions\vmware.vscode-spring-boot-1.54.0\language-server\BOOT-INF\lib\caffeine-3.1.8.jar;c:\Users\casa\.vscode\extensions\vmware.vscode-spring-boot-1.54.0\language-server\BOOT-INF\lib\checker-qual-3.12.0.jar;c:\Users\casa\.vscode\extensions\vmware.vscode-spring-boot-1.54.0\language-server\BOOT-INF\lib\classgraph-4.8.149.jar;c:\Users\casa\.vscode\extensions\vmware.vscode-spring-boot-1.54.0\language-server\BOOT-INF\lib\commons-codec-1.16.1.jar;c:\Users\casa\.vscode\extensions\vmware.vscode-spring-boot-1.54.0\language-server\BOOT-INF\lib\commons-compress-1.26.1.jar;c:\Users\casa\.vscode\extensions\vmware.vscode-spring-boot-1.54.0\language-server\BOOT-INF\lib\commons-io-2.4.jar;c:\Users\casa\.vscode\extensions\vmware.vscode-spring-boot-1.54.0\language-server\BOOT-INF\lib\commons-java-1.54.0-SNAPSHOT.jar;c:\Users\casa\.vscode\extensions\vmware.vscode-spring-boot-1.54.0\language-server\BOOT-INF\lib\commons-lang3-3.13.0.jar;c:\Users\casa\.vscode\extensions\vmware.vscode-spring-boot-1.54.0\language-server\BOOT-INF\lib\commons-language-server-1.54.0-SNAPSHOT.jar;c:\Users\casa\.vscode\extensions\vmware.vscode-spring-boot-1.54.0\language-server\BOOT-INF\
Launcher Type: SUN_STANDARD

[Global flags]
     intx CICompilerCount                          = 4                                         {product} {ergonomic}
     uint ConcGCThreads                            = 3                                         {product} {ergonomic}
     uint G1ConcRefinementThreads                  = 10                                        {product} {ergonomic}
   size_t G1HeapRegionSize                         = 1048576                                   {product} {ergonomic}
    uintx GCDrainStackTargetSize                   = 64                                        {product} {ergonomic}
   size_t InitialHeapSize                          = 266338304                                 {product} {ergonomic}
   size_t MarkStackSize                            = 4194304                                   {product} {ergonomic}
   size_t MaxHeapSize                              = 1073741824                                {product} {command line}
   size_t MaxNewSize                               = 643825664                                 {product} {ergonomic}
   size_t MinHeapDeltaBytes                        = 1048576                                   {product} {ergonomic}
   size_t MinHeapSize                              = 8388608                                   {product} {ergonomic}
    uintx NonProfiledCodeHeapSize                  = 0                                      {pd product} {ergonomic}
     bool ProfileInterpreter                       = false                                  {pd product} {command line}
    uintx ProfiledCodeHeapSize                     = 0                                      {pd product} {ergonomic}
   size_t SoftMaxHeapSize                          = 1073741824                             {manageable} {ergonomic}
     intx TieredStopAtLevel                        = 1                                         {product} {command line}
     bool UseCompressedClassPointers               = true                           {product lp64_product} {ergonomic}
     bool UseCompressedOops                        = true                           {product lp64_product} {ergonomic}
     bool UseG1GC                                  = true                                      {product} {ergonomic}
     bool UseLargePagesIndividualAllocation        = false                                  {pd product} {ergonomic}

Logging:
Log output configuration:
 #0: stdout all=warning,jni+resolve=off uptime,level,tags
 #1: stderr all=off uptime,level,tags

Environment Variables:
PATH=C:\Program Files\Common Files\Oracle\Java\javapath;C:\Program Files (x86)\Common Files\Oracle\Java\javapath;C:\ProgramData\Oracle\Java\javapath;C:\Windows\system32;C:\Windows;C:\Windows\System32\Wbem;C:\Windows\System32\WindowsPowerShell\v1.0\;C:\Windows\System32\OpenSSH\;C:\ProgramData\chocolatey\bin;C:\Program Files (x86)\NVIDIA Corporation\PhysX\Common;C:\WINDOWS\system32;C:\WINDOWS;C:\WINDOWS\System32\Wbem;C:\WINDOWS\System32\WindowsPowerShell\v1.0\;C:\WINDOWS\System32\OpenSSH\;C:\Program Files (x86)\Microsoft SQL Server\160\Tools\Binn\;C:\Program Files\Microsoft SQL Server\160\Tools\Binn\;C:\Program Files\Microsoft SQL Server\Client SDK\ODBC\170\Tools\Binn\;C:\Program Files\Microsoft SQL Server\160\DTS\Binn\;C:\Program Files (x86)\Microsoft SQL Server\160\DTS\Binn\;C:\Program Files\Git\cmd;C:\Program Files\nodejs\;C:\Program Files\dotnet\;C:\Program Files\Microsoft SQL Server\150\Tools\Binn\;C:\Users\casa\AppData\Local\Microsoft\WindowsApps;C:\Program Files\Azure Data Studio\bin;C:\Program Files\nodejs\;C:\Users\casa\AppData\Local\Programs\Microsoft VS Code\bin;C:\Users\casa\AppData\Roaming\npm;C:\Users\casa\.dotnet\tools;C:\Users\casa\AppData\Roaming\npm\node_modules\@angular\cli\bin;
USERNAME=casa
OS=Windows_NT
PROCESSOR_IDENTIFIER=Intel64 Family 6 Model 151 Stepping 2, GenuineIntel
TMP=C:\Users\casa\AppData\Local\Temp
TEMP=C:\Users\casa\AppData\Local\Temp



Periodic native trim disabled


---------------  S Y S T E M  ---------------

OS:
 Windows 11 , 64 bit Build 22621 (10.0.22621.3527)
OS uptime: 0 days 0:04 hours
Hyper-V role detected

CPU: total 12 (initial active 12) (6 cores per cpu, 2 threads per core) family 6 model 151 stepping 2 microcode 0x1e, cx8, cmov, fxsr, ht, mmx, 3dnowpref, sse, sse2, sse3, ssse3, sse4.1, sse4.2, popcnt, lzcnt, tsc, tscinvbit, avx, avx2, aes, erms, clmul, bmi1, bmi2, adx, sha, fma, vzeroupper, clflush, clflushopt, clwb, hv
Processor Information for all 12 processors :
  Max Mhz: 2500, Current Mhz: 2500, Mhz Limit: 2500

Memory: 4k page, system-wide physical 16225M (9791M free)
TotalPageFile size 17249M (AvailPageFile size 10123M)
current process WorkingSet (physical memory assigned to process): 225M, peak: 225M
current process commit charge ("private bytes"): 270M, peak: 369M

vm_info: OpenJDK 64-Bit Server VM (17.0.10+7) for windows-amd64 JRE (17.0.10+7), built on Jan 16 2024 23:25:11 by "admin" with MS VC++ 16.10 / 16.11 (VS2019)

END.
