#
# A fatal error has been detected by the Java Runtime Environment:
#
#  EXCEPTION_ACCESS_VIOLATION (0xc0000005) at pc=0x00007ffc1a77cac8, pid=16212, tid=6832
#
# JRE version: OpenJDK Runtime Environment Temurin-17.0.10+7 (17.0.10+7) (build 17.0.10+7)
# Java VM: OpenJDK 64-Bit Server VM Temurin-17.0.10+7 (17.0.10+7, mixed mode, tiered, compressed oops, compressed class ptrs, parallel gc, windows-amd64)
# Problematic frame:
# V  [jvm.dll+0xcac8]
#
# No core dump will be written. Minidumps are not enabled by default on client versions of Windows
#
# If you would like to submit a bug report, please visit:
#   https://github.com/adoptium/adoptium-support/issues
#

---------------  S U M M A R Y ------------

Command Line: --add-modules=ALL-SYSTEM --add-opens=java.base/java.util=ALL-UNNAMED --add-opens=java.base/java.lang=ALL-UNNAMED --add-opens=java.base/sun.nio.fs=ALL-UNNAMED -Declipse.application=org.eclipse.jdt.ls.core.id1 -Dosgi.bundles.defaultStartLevel=4 -Declipse.product=org.eclipse.jdt.ls.core.product -Djava.import.generatesMetadataFilesAtProjectRoot=false -DDetectVMInstallationsJob.disabled=true -Dfile.encoding=utf8 -XX:+UseParallelGC -XX:GCTimeRatio=4 -XX:AdaptiveSizePolicyWeight=90 -Dsun.zip.disableMemoryMapping=true -Xmx2G -Xms100m -Xlog:disable -javaagent:c:\Users\casa\.vscode\extensions\redhat.java-1.29.0-win32-x64\lombok\lombok-1.18.32.jar -XX:+HeapDumpOnOutOfMemoryError -XX:HeapDumpPath=c:\Users\casa\AppData\Roaming\Code\User\workspaceStorage\2ca1e065a12013a041ddb2075f267414\redhat.java -Daether.dependencyCollector.impl=bf c:\Users\casa\.vscode\extensions\redhat.java-1.29.0-win32-x64\server\plugins\org.eclipse.equinox.launcher_1.6.800.v20240304-1850.jar -configuration c:\Users\casa\AppData\Roaming\Code\User\globalStorage\redhat.java\1.29.0\config_win -data c:\Users\casa\AppData\Roaming\Code\User\workspaceStorage\2ca1e065a12013a041ddb2075f267414\redhat.java\jdt_ws --stdio

Host: 12th Gen Intel(R) Core(TM) i5-12400F, 12 cores, 15G,  Windows 11 , 64 bit Build 22621 (10.0.22621.3374)
Time: Thu Apr 11 09:00:28 2024 Hora estándar de Argentina elapsed time: 1830.636074 seconds (0d 0h 30m 30s)

---------------  T H R E A D  ---------------

Current thread (0x000001b3aff3ed10):  GCTaskThread "GC Thread#1" [stack: 0x000000408d100000,0x000000408d200000] [id=6832]

Stack: [0x000000408d100000,0x000000408d200000],  sp=0x000000408d1ff558,  free space=1021k
Native frames: (J=compiled Java code, j=interpreted, Vv=VM code, C=native code)
V  [jvm.dll+0xcac8]


siginfo: EXCEPTION_ACCESS_VIOLATION (0xc0000005), reading address 0x0000000000000008


Registers:
RAX=0x0000000000000001, RBX=0x000000008e74e154, RCX=0x0000000000000003, RDX=0x000000008e74e154
RSP=0x000000408d1ff558, RBP=0x000001b392927600, RSI=0x0000000000000003, RDI=0x000000008e74da6c
R8 =0x0000000000000000, R9 =0x0000000000002aee, R10=0x000000008e74e1b8, R11=0x00000000000001ce
R12=0x00000000000003d8, R13=0x000000408d1ff740, R14=0x000000008e74dae4, R15=0x0000000000000000
RIP=0x00007ffc1a77cac8, EFLAGS=0x0000000000010246


Register to memory mapping:

RIP=0x00007ffc1a77cac8 jvm.dll
RAX=0x0000000000000001 is an unknown value
RBX=0x000000008e74e154 is pointing into object: java.lang.String 
{0x000000008e74e150} - klass: 'java/lang/String'
 - string: "AbstractApplicationEventMulticaster$CachedListenerRetriever"
RCX=0x0000000000000003 is an unknown value
RDX=0x000000008e74e154 is pointing into object: java.lang.String 
{0x000000008e74e150} - klass: 'java/lang/String'
 - string: "AbstractApplicationEventMulticaster$CachedListenerRetriever"
RSP=0x000000408d1ff558 points into unknown readable memory: 0x00007ffc1ae20328 | 28 03 e2 1a fc 7f 00 00
RBP=0x000001b392927600 points into unknown readable memory: 0x000001b390700150 | 50 01 70 90 b3 01 00 00
RSI=0x0000000000000003 is an unknown value
RDI=0x000000008e74da6c is pointing into object: [Ljava.lang.Object; 
{0x000000008e74da50} - klass: 'java/lang/Object'[]
 - length: 33
R8 =0x0 is NULL
R9 =0x0000000000002aee is an unknown value
R10=0x000000008e74e1b8 is an oop: java.lang.String 
{0x000000008e74e1b8} - klass: 'java/lang/String'
 - string: "EventListener"
R11=0x00000000000001ce is an unknown value
R12=0x00000000000003d8 is an unknown value
R13=0x000000408d1ff740 points into unknown readable memory: 0x00007ffc1b121b50 | 50 1b 12 1b fc 7f 00 00
R14=0x000000008e74dae4 is pointing into object: [Ljava.lang.Object; 
{0x000000008e74da50} - klass: 'java/lang/Object'[]
 - length: 33
R15=0x0 is NULL


Top of Stack: (sp=0x000000408d1ff558)
0x000000408d1ff558:   00007ffc1ae20328 000000008e74e1b8
0x000000408d1ff568:   000000008e74da68 0000000000000000
0x000000408d1ff578:   00007ffc1b29c7a0 00007ffc1b29c7a0
0x000000408d1ff588:   00007ffc1ae20663 000001b392927600
0x000000408d1ff598:   00007ffc1b08bb90 00007ffc1b121158
0x000000408d1ff5a8:   0000000000002aec 0000000000000000
0x000000408d1ff5b8:   0000000000000000 000001b392a52560
0x000000408d1ff5c8:   00007ffc1af50001 000000408d1ff601
0x000000408d1ff5d8:   0000000080e9a0e0 00007ffc1b08bb90
0x000000408d1ff5e8:   000001b392a674a0 000001b300000003
0x000000408d1ff5f8:   000001b392927600 0000000000000000
0x000000408d1ff608:   0000000000000000 000001b392a52560
0x000000408d1ff618:   000001b3ae062958 000001b3afddab00
0x000000408d1ff628:   000001b3ae062580 000001b3ae062570
0x000000408d1ff638:   00007ffc1ae25218 000001b392927600
0x000000408d1ff648:   000001b3ae062570 000001b3ae062580
0x000000408d1ff658:   000001b392927600 00007ffc1b121948
0x000000408d1ff668:   000001b392927600 00007ffc1b0c4ad0
0x000000408d1ff678:   000000408d1ff660 0000000000000000
0x000000408d1ff688:   0000000000000000 0000000000000002
0x000000408d1ff698:   0000000000000001 00007ffc1b121948
0x000000408d1ff6a8:   000000408c2ff190 000001b3c656db90
0x000000408d1ff6b8:   00007ffc1af581e8 0000000000000158
0x000000408d1ff6c8:   000001b3c656dce0 000000408d1ff740
0x000000408d1ff6d8:   0000000000000026 000000408c2ff2d0
0x000000408d1ff6e8:   00007ffc1ae29c0d 0000000000000000
0x000000408d1ff6f8:   000000408d1ff770 000001b3aff3ed10
0x000000408d1ff708:   000000408c2ff190 000000408c2ff530
0x000000408d1ff718:   000001b3ae062570 0000000200000002
0x000000408d1ff728:   000000408c2ff190 0000000000000000
0x000000408d1ff738:   0000000443228b03 00007ffc1b121b50
0x000000408d1ff748:   0000000000000002 0000000000000000 

Instructions: (pc=0x00007ffc1a77cac8)
0x00007ffc1a77c9c8:   48 83 c4 20 5e c3 cc cc 48 8b 01 c3 cc cc cc cc
0x00007ffc1a77c9d8:   cc cc cc cc cc cc cc cc 4c 8b 01 4c 8b c9 48 8b
0x00007ffc1a77c9e8:   0d e3 60 b6 00 ba 44 60 08 00 e9 d9 f1 ff ff cc
0x00007ffc1a77c9f8:   cc cc cc cc cc cc cc cc 48 89 5c 24 08 57 48 83
0x00007ffc1a77ca08:   ec 20 48 8b 39 48 8b d9 48 85 3d 01 4a bb 00 75
0x00007ffc1a77ca18:   0e 48 8b c7 48 8b 5c 24 30 48 83 c4 20 5f c3 48
0x00007ffc1a77ca28:   8b cf e8 41 98 85 00 48 8b d0 48 85 c0 74 20 48
0x00007ffc1a77ca38:   8b c7 f0 48 0f b1 13 74 16 48 85 05 d0 49 bb 00
0x00007ffc1a77ca48:   74 0d 48 8b c8 f0 48 0f b1 13 48 3b c1 75 ea 48
0x00007ffc1a77ca58:   8b 5c 24 30 48 8b c2 48 83 c4 20 5f c3 cc cc cc
0x00007ffc1a77ca68:   cc cc cc cc cc cc cc cc 4c 8b 01 4c 8b c9 48 8b
0x00007ffc1a77ca78:   0d 53 60 b6 00 ba 64 60 08 00 e9 49 f1 ff ff cc
0x00007ffc1a77ca88:   cc cc cc cc cc cc cc cc 8b 05 62 a8 b0 00 c3 cc
0x00007ffc1a77ca98:   cc cc cc cc cc cc cc cc 0f b6 05 db 68 b7 00 48
0x00007ffc1a77caa8:   8b d1 84 c0 74 16 44 8b 41 08 8b 0d 40 a8 b0 00
0x00007ffc1a77cab8:   49 d3 e0 4c 03 05 2e a8 b0 00 eb 04 4c 8b 41 08
0x00007ffc1a77cac8:   45 8b 50 08 45 85 d2 7e 0e 41 f6 c2 01 75 53 41
0x00007ffc1a77cad8:   c1 fa 03 41 8b c2 c3 79 49 84 c0 b9 10 00 00 00
0x00007ffc1a77cae8:   8b 05 46 b7 b0 00 41 b8 0c 00 00 00 41 0f 45 c8
0x00007ffc1a77caf8:   ff c8 4c 63 c8 48 63 14 11 41 8b ca 83 e1 3f 48
0x00007ffc1a77cb08:   d3 e2 41 8b ca 48 c1 f9 10 0f b6 c1 49 8d 0c 11
0x00007ffc1a77cb18:   49 f7 d1 48 03 c1 49 c1 e9 03 48 c1 e8 03 41 23
0x00007ffc1a77cb28:   c1 c3 49 8b 00 49 8b c8 48 ff a0 00 01 00 00 cc
0x00007ffc1a77cb38:   cc cc cc cc cc cc cc cc 8b 44 24 30 45 03 c9 44
0x00007ffc1a77cb48:   2b 4c 24 28 83 c0 0b 44 03 ca 45 03 c8 41 03 c1
0x00007ffc1a77cb58:   c3 cc cc cc cc cc cc cc 4c 8b ca 48 8b d1 45 8b
0x00007ffc1a77cb68:   41 08 45 85 c0 7e 0e 41 f6 c0 01 75 56 41 c1 f8
0x00007ffc1a77cb78:   03 41 8b c0 c3 79 4c 80 3d fc 67 b7 00 00 b8 0c
0x00007ffc1a77cb88:   00 00 00 b9 10 00 00 00 0f 45 c8 8b 05 9b b6 b0
0x00007ffc1a77cb98:   00 ff c8 4c 63 c8 48 63 14 11 41 8b c8 83 e1 3f
0x00007ffc1a77cba8:   48 d3 e2 41 8b c8 48 c1 f9 10 0f b6 c1 49 8d 0c
0x00007ffc1a77cbb8:   11 49 f7 d1 48 03 c1 49 c1 e9 03 48 c1 e8 03 41 


Stack slot to memory mapping:
stack at sp + 0 slots: 0x00007ffc1ae20328 jvm.dll
stack at sp + 1 slots: 0x000000008e74e1b8 is an oop: java.lang.String 
{0x000000008e74e1b8} - klass: 'java/lang/String'
 - string: "EventListener"
stack at sp + 2 slots: 0x000000008e74da68 is pointing into object: [Ljava.lang.Object; 
{0x000000008e74da50} - klass: 'java/lang/Object'[]
 - length: 33
stack at sp + 3 slots: 0x0 is NULL
stack at sp + 4 slots: 0x00007ffc1b29c7a0 jvm.dll
stack at sp + 5 slots: 0x00007ffc1b29c7a0 jvm.dll
stack at sp + 6 slots: 0x00007ffc1ae20663 jvm.dll
stack at sp + 7 slots: 0x000001b392927600 points into unknown readable memory: 0x000001b390700150 | 50 01 70 90 b3 01 00 00


---------------  P R O C E S S  ---------------

Threads class SMR info:
_java_thread_list=0x000001b3c64433b0, length=42, elements={
0x000001b392a52560, 0x000001b3929e6020, 0x000001b3929e7900, 0x000001b3ade8a340,
0x000001b3ade8ac10, 0x000001b3ade8bc80, 0x000001b3ade8ccf0, 0x000001b3ade91e70,
0x000001b3ade93790, 0x000001b3ade97030, 0x000001b3adf9e000, 0x000001b3ae1cfc80,
0x000001b3afe01640, 0x000001b3afccf7f0, 0x000001b3affacc40, 0x000001b3b02c2160,
0x000001b3aff3ac70, 0x000001b3af63dd60, 0x000001b3af63e780, 0x000001b3af63ec90,
0x000001b3b2e3a720, 0x000001b3b2e3c580, 0x000001b3b2e3cfa0, 0x000001b3b2e3f820,
0x000001b3b2e3ee00, 0x000001b3c657f280, 0x000001b3cb2ca600, 0x000001b3b2e41680,
0x000001b3b2e3bb60, 0x000001b3b2e3f310, 0x000001b3b2e40c60, 0x000001b3b2e3c070,
0x000001b3b2e3d9c0, 0x000001b3b2e3fd30, 0x000001b3b2e3a210, 0x000001b3b2e41b90,
0x000001b3b2e3b140, 0x000001b3c657e860, 0x000001b3c657ed70, 0x000001b3c6579c70,
0x000001b3b3581ea0, 0x000001b3c657fca0
}

Java Threads: ( => current thread )
  0x000001b392a52560 JavaThread "main" [_thread_blocked, id=16232, stack(0x000000408c000000,0x000000408c100000)]
  0x000001b3929e6020 JavaThread "Reference Handler" daemon [_thread_blocked, id=16308, stack(0x000000408c300000,0x000000408c400000)]
  0x000001b3929e7900 JavaThread "Finalizer" daemon [_thread_blocked, id=16312, stack(0x000000408c400000,0x000000408c500000)]
  0x000001b3ade8a340 JavaThread "Signal Dispatcher" daemon [_thread_blocked, id=16316, stack(0x000000408c500000,0x000000408c600000)]
  0x000001b3ade8ac10 JavaThread "Attach Listener" daemon [_thread_blocked, id=16320, stack(0x000000408c600000,0x000000408c700000)]
  0x000001b3ade8bc80 JavaThread "Service Thread" daemon [_thread_blocked, id=16324, stack(0x000000408c700000,0x000000408c800000)]
  0x000001b3ade8ccf0 JavaThread "Monitor Deflation Thread" daemon [_thread_blocked, id=16328, stack(0x000000408c800000,0x000000408c900000)]
  0x000001b3ade91e70 JavaThread "C2 CompilerThread0" daemon [_thread_blocked, id=16332, stack(0x000000408c900000,0x000000408ca00000)]
  0x000001b3ade93790 JavaThread "C1 CompilerThread0" daemon [_thread_blocked, id=16336, stack(0x000000408ca00000,0x000000408cb00000)]
  0x000001b3ade97030 JavaThread "Sweeper thread" daemon [_thread_blocked, id=16340, stack(0x000000408cb00000,0x000000408cc00000)]
  0x000001b3adf9e000 JavaThread "Common-Cleaner" daemon [_thread_blocked, id=15588, stack(0x000000408cc00000,0x000000408cd00000)]
  0x000001b3ae1cfc80 JavaThread "Notification Thread" daemon [_thread_blocked, id=15388, stack(0x000000408ce00000,0x000000408cf00000)]
  0x000001b3afe01640 JavaThread "Active Thread: Equinox Container: 124668ff-6f98-4941-afd5-c795b7b34571" [_thread_blocked, id=7456, stack(0x000000408d700000,0x000000408d800000)]
  0x000001b3afccf7f0 JavaThread "Framework Event Dispatcher: Equinox Container: 124668ff-6f98-4941-afd5-c795b7b34571" daemon [_thread_blocked, id=9664, stack(0x000000408d000000,0x000000408d100000)]
  0x000001b3affacc40 JavaThread "Start Level: Equinox Container: 124668ff-6f98-4941-afd5-c795b7b34571" daemon [_thread_blocked, id=16088, stack(0x000000408d800000,0x000000408d900000)]
  0x000001b3b02c2160 JavaThread "Bundle File Closer" daemon [_thread_blocked, id=16256, stack(0x000000408da00000,0x000000408db00000)]
  0x000001b3aff3ac70 JavaThread "SCR Component Actor" daemon [_thread_blocked, id=14072, stack(0x000000408cd00000,0x000000408ce00000)]
  0x000001b3af63dd60 JavaThread "Worker-JM" [_thread_blocked, id=15592, stack(0x000000408de00000,0x000000408df00000)]
  0x000001b3af63e780 JavaThread "Worker-0" [_thread_blocked, id=15372, stack(0x000000408df00000,0x000000408e000000)]
  0x000001b3af63ec90 JavaThread "Java indexing" daemon [_thread_blocked, id=15720, stack(0x000000408e200000,0x000000408e300000)]
  0x000001b3b2e3a720 JavaThread "JNA Cleaner" daemon [_thread_blocked, id=10588, stack(0x000000408e300000,0x000000408e400000)]
  0x000001b3b2e3c580 JavaThread "Worker-2" [_thread_blocked, id=10972, stack(0x000000408e600000,0x000000408e700000)]
  0x000001b3b2e3cfa0 JavaThread "pool-2-thread-1" [_thread_blocked, id=8876, stack(0x000000408e700000,0x000000408e800000)]
  0x000001b3b2e3f820 JavaThread "WorkspaceEventsHandler" [_thread_blocked, id=15524, stack(0x000000408e900000,0x000000408ea00000)]
  0x000001b3b2e3ee00 JavaThread "pool-1-thread-1" [_thread_blocked, id=15132, stack(0x000000408ea00000,0x000000408eb00000)]
  0x000001b3c657f280 JavaThread "Cleaner-0" daemon [_thread_blocked, id=8632, stack(0x000000408fd00000,0x000000408fe00000)]
  0x000001b3cb2ca600 JavaThread "Java Debug Server" daemon [_thread_in_native, id=13332, stack(0x000000408e000000,0x000000408e100000)]
  0x000001b3b2e41680 JavaThread "pool-7-thread-1" [_thread_in_native, id=1744, stack(0x000000408e100000,0x000000408e200000)]
  0x000001b3b2e3bb60 JavaThread "RxSchedulerPurge-1" daemon [_thread_blocked, id=13032, stack(0x000000408e400000,0x000000408e500000)]
  0x000001b3b2e3f310 JavaThread "RxCachedWorkerPoolEvictor-1" daemon [_thread_blocked, id=2760, stack(0x000000408e500000,0x000000408e600000)]
  0x000001b3b2e40c60 JavaThread "RxNewThreadScheduler-1" daemon [_thread_blocked, id=2908, stack(0x000000408e800000,0x000000408e900000)]
  0x000001b3b2e3c070 JavaThread "process reaper (pid 4684)" daemon [_thread_in_native, id=7548, stack(0x000000408b9a0000,0x000000408b9c0000)]
  0x000001b3b2e3d9c0 JavaThread "ForkJoinPool.commonPool-worker-16" daemon [_thread_blocked, id=10732, stack(0x000000408be00000,0x000000408bf00000)]
  0x000001b3b2e3fd30 JavaThread "ForkJoinPool.commonPool-worker-17" daemon [_thread_blocked, id=16740, stack(0x000000408bf00000,0x000000408c000000)]
  0x000001b3b2e3a210 JavaThread "ForkJoinPool.commonPool-worker-18" daemon [_thread_blocked, id=17280, stack(0x000000408ec00000,0x000000408ed00000)]
  0x000001b3b2e41b90 JavaThread "ForkJoinPool.commonPool-worker-19" daemon [_thread_blocked, id=7196, stack(0x000000408dd00000,0x000000408de00000)]
  0x000001b3b2e3b140 JavaThread "ForkJoinPool.commonPool-worker-20" daemon [_thread_blocked, id=16620, stack(0x000000408eb00000,0x000000408ec00000)]
  0x000001b3c657e860 JavaThread "ForkJoinPool.commonPool-worker-21" daemon [_thread_blocked, id=13296, stack(0x000000408ed00000,0x000000408ee00000)]
  0x000001b3c657ed70 JavaThread "ForkJoinPool.commonPool-worker-22" daemon [_thread_blocked, id=2688, stack(0x000000408ee00000,0x000000408ef00000)]
  0x000001b3c6579c70 JavaThread "ForkJoinPool.commonPool-worker-23" daemon [_thread_blocked, id=10120, stack(0x000000408bd00000,0x000000408be00000)]
  0x000001b3b3581ea0 JavaThread "C2 CompilerThread1" daemon [_thread_blocked, id=13036, stack(0x000000408ef00000,0x000000408f000000)]
  0x000001b3c657fca0 JavaThread "ForkJoinPool.commonPool-worker-24" daemon [_thread_blocked, id=13004, stack(0x000000408f000000,0x000000408f100000)]

Other Threads:
  0x000001b392add940 VMThread "VM Thread" [stack: 0x000000408c200000,0x000000408c300000] [id=16304]
  0x000001b3ae1d0160 WatcherThread [stack: 0x000000408cf00000,0x000000408d000000] [id=15392]
  0x000001b392a67f80 GCTaskThread "GC Thread#0" [stack: 0x000000408c100000,0x000000408c200000] [id=16292]
=>0x000001b3aff3ed10 GCTaskThread "GC Thread#1" [stack: 0x000000408d100000,0x000000408d200000] [id=6832]
  0x000001b3afc0f2d0 GCTaskThread "GC Thread#2" [stack: 0x000000408d200000,0x000000408d300000] [id=14380]
  0x000001b3afc62900 GCTaskThread "GC Thread#3" [stack: 0x000000408d300000,0x000000408d400000] [id=15868]
  0x000001b3afc62bc0 GCTaskThread "GC Thread#4" [stack: 0x000000408d400000,0x000000408d500000] [id=13348]
  0x000001b3af776de0 GCTaskThread "GC Thread#5" [stack: 0x000000408d500000,0x000000408d600000] [id=14316]
  0x000001b3af7770a0 GCTaskThread "GC Thread#6" [stack: 0x000000408d600000,0x000000408d700000] [id=14304]
  0x000001b3afd0e360 GCTaskThread "GC Thread#7" [stack: 0x000000408d900000,0x000000408da00000] [id=16028]
  0x000001b3b0223c30 GCTaskThread "GC Thread#8" [stack: 0x000000408db00000,0x000000408dc00000] [id=4752]
  0x000001b3b0223ef0 GCTaskThread "GC Thread#9" [stack: 0x000000408dc00000,0x000000408dd00000] [id=9556]

Threads with active compile tasks:
C2 CompilerThread1  1830654 20741   !   4       org.eclipse.osgi.util.NLS::internalBind (412 bytes)

VM state: at safepoint (normal execution)

VM Mutex/Monitor currently owned by a thread:  ([mutex/lock_event])
[0x000001b392a4e7a0] Threads_lock - owner thread: 0x000001b392add940
[0x000001b392a4e170] Heap_lock - owner thread: 0x000001b3b2e41b90

Heap address: 0x0000000080000000, size: 2048 MB, Compressed Oops mode: 32-bit

CDS archive(s) not mapped
Compressed class space mapped at: 0x0000000100000000-0x0000000140000000, reserved size: 1073741824
Narrow klass base: 0x0000000000000000, Narrow klass shift: 3, Narrow klass range: 0x140000000

GC Precious Log:
 CPUs: 12 total, 12 available
 Memory: 16225M
 Large Page Support: Disabled
 NUMA Support: Disabled
 Compressed Oops: Enabled (32-bit)
 Alignments: Space 512K, Generation 512K, Heap 2M
 Heap Min Capacity: 100M
 Heap Initial Capacity: 100M
 Heap Max Capacity: 2G
 Pre-touch: Disabled
 Parallel Workers: 10

Heap:
 PSYoungGen      total 4608K, used 492K [0x00000000d5580000, 0x00000000d6380000, 0x0000000100000000)
  eden space 4096K, 0% used [0x00000000d5580000,0x00000000d5580000,0x00000000d5980000)
  from space 512K, 96% used [0x00000000d5a00000,0x00000000d5a7b018,0x00000000d5a80000)
  to   space 5120K, 0% used [0x00000000d5e80000,0x00000000d5e80000,0x00000000d6380000)
 ParOldGen       total 334848K, used 332028K [0x0000000080000000, 0x0000000094700000, 0x00000000d5580000)
  object space 334848K, 99% used [0x0000000080000000,0x000000009443f1e8,0x0000000094700000)
 Metaspace       used 92926K, committed 94656K, reserved 1179648K
  class space    used 9565K, committed 10368K, reserved 1048576K

Card table byte_map: [0x000001b3923e0000,0x000001b3927f0000] _byte_map_base: 0x000001b391fe0000

Marking Bits: (ParMarkBitMap*) 0x00007ffc1b30d7d0
 Begin Bits: [0x000001b3a4990000, 0x000001b3a6990000)
 End Bits:   [0x000001b3a6990000, 0x000001b3a8990000)

Polling page: 0x000001b3909c0000

Metaspace:

Usage:
  Non-class:     81.41 MB used.
      Class:      9.34 MB used.
       Both:     90.75 MB used.

Virtual space:
  Non-class space:      128.00 MB reserved,      82.31 MB ( 64%) committed,  2 nodes.
      Class space:        1.00 GB reserved,      10.12 MB ( <1%) committed,  1 nodes.
             Both:        1.12 GB reserved,      92.44 MB (  8%) committed. 

Chunk freelists:
   Non-Class:  13.47 MB
       Class:  5.86 MB
        Both:  19.33 MB

MaxMetaspaceSize: unlimited
CompressedClassSpaceSize: 1.00 GB
Initial GC threshold: 21.00 MB
Current GC threshold: 144.19 MB
CDS: off
MetaspaceReclaimPolicy: balanced
 - commit_granule_bytes: 65536.
 - commit_granule_words: 8192.
 - virtual_space_node_default_size: 8388608.
 - enlarge_chunks_in_place: 1.
 - new_chunks_are_fully_committed: 0.
 - uncommit_free_chunks: 1.
 - use_allocation_guard: 0.
 - handle_deallocations: 1.


Internal statistics:

num_allocs_failed_limit: 9.
num_arena_births: 1164.
num_arena_deaths: 28.
num_vsnodes_births: 3.
num_vsnodes_deaths: 0.
num_space_committed: 1479.
num_space_uncommitted: 0.
num_chunks_returned_to_freelist: 44.
num_chunks_taken_from_freelist: 5280.
num_chunk_merges: 15.
num_chunk_splits: 3139.
num_chunks_enlarged: 1680.
num_inconsistent_stats: 0.

CodeHeap 'non-profiled nmethods': size=120000Kb used=13385Kb max_used=13385Kb free=106614Kb
 bounds [0x000001b39d1b0000, 0x000001b39ded0000, 0x000001b3a46e0000]
CodeHeap 'profiled nmethods': size=120000Kb used=31791Kb max_used=33423Kb free=88208Kb
 bounds [0x000001b3956e0000, 0x000001b3977c0000, 0x000001b39cc10000]
CodeHeap 'non-nmethods': size=5760Kb used=1452Kb max_used=1516Kb free=4307Kb
 bounds [0x000001b39cc10000, 0x000001b39ce80000, 0x000001b39d1b0000]
 total_blobs=15841 nmethods=15029 adapters=721
 compilation: enabled
              stopped_count=0, restarted_count=0
 full_count=0

Compilation events (20 events):
Event: 1830.610 Thread 0x000001b3ade93790 nmethod 20732 0x000001b3972acc90 code [0x000001b3972ace40, 0x000001b3972ad078]
Event: 1830.610 Thread 0x000001b3ade93790 20733       3       org.eclipse.core.runtime.NullProgressMonitor::done (1 bytes)
Event: 1830.610 Thread 0x000001b3ade93790 nmethod 20733 0x000001b397287410 code [0x000001b3972875a0, 0x000001b3972876b8]
Event: 1830.611 Thread 0x000001b3ade93790 20734       3       java.lang.String::<init> (92 bytes)
Event: 1830.611 Thread 0x000001b3ade93790 nmethod 20734 0x000001b396b5aa10 code [0x000001b396b5ac00, 0x000001b396b5b118]
Event: 1830.611 Thread 0x000001b3ade93790 20735       3       org.eclipse.jdt.internal.corext.codemanipulation.RedundantNullnessTypeAnnotationsFilter::getNNBDAnnotations (538 bytes)
Event: 1830.613 Thread 0x000001b3ade93790 nmethod 20735 0x000001b39587a010 code [0x000001b39587a640, 0x000001b39587e638]
Event: 1830.613 Thread 0x000001b3ade93790 20736       3       org.eclipse.jdt.core.dom.ASTNode::unsupportedIn2 (23 bytes)
Event: 1830.613 Thread 0x000001b3ade93790 nmethod 20736 0x000001b3966b2410 code [0x000001b3966b25c0, 0x000001b3966b27c8]
Event: 1830.613 Thread 0x000001b3ade93790 20737       1       org.eclipse.jdt.core.dom.Modifier::getKeyword (5 bytes)
Event: 1830.613 Thread 0x000001b3ade93790 nmethod 20737 0x000001b39dec0e10 code [0x000001b39dec0fa0, 0x000001b39dec1078]
Event: 1830.613 Thread 0x000001b3ade93790 20738       1       org.eclipse.jdt.core.dom.Modifier$ModifierKeyword::toFlagValue (5 bytes)
Event: 1830.613 Thread 0x000001b3ade93790 nmethod 20738 0x000001b39dec1110 code [0x000001b39dec12a0, 0x000001b39dec1378]
Event: 1830.613 Thread 0x000001b3b3581ea0 20739       4       org.eclipse.jdt.internal.core.PackageFragmentRoot::isComplianceJava9OrHigher (10 bytes)
Event: 1830.613 Thread 0x000001b3ade91e70 20740       4       org.eclipse.jdt.internal.core.JarPackageFragmentRoot::getModuleDescription (25 bytes)
Event: 1830.613 Thread 0x000001b3b3581ea0 nmethod 20739 0x000001b39dec1410 code [0x000001b39dec15a0, 0x000001b39dec16b8]
Event: 1830.614 Thread 0x000001b3b3581ea0 20741   !   4       org.eclipse.osgi.util.NLS::internalBind (412 bytes)
Event: 1830.614 Thread 0x000001b3ade91e70 nmethod 20740 0x000001b39dec1810 code [0x000001b39dec19c0, 0x000001b39dec1b48]
Event: 1830.614 Thread 0x000001b3ade91e70 20742       4       org.eclipse.jdt.internal.compiler.util.SimpleSet::rehash (72 bytes)
Event: 1830.616 Thread 0x000001b3ade91e70 nmethod 20742 0x000001b39dec1d90 code [0x000001b39dec1f20, 0x000001b39dec2288]

GC Heap History (20 events):
Event: 1735.190 GC heap after
{Heap after GC invocations=319 (full 14):
 PSYoungGen      total 5120K, used 480K [0x00000000d5580000, 0x00000000d5c00000, 0x0000000100000000)
  eden space 4096K, 0% used [0x00000000d5580000,0x00000000d5580000,0x00000000d5980000)
  from space 1024K, 46% used [0x00000000d5a80000,0x00000000d5af8000,0x00000000d5b80000)
  to   space 1024K, 0% used [0x00000000d5980000,0x00000000d5980000,0x00000000d5a80000)
 ParOldGen       total 334848K, used 324416K [0x0000000080000000, 0x0000000094700000, 0x00000000d5580000)
  object space 334848K, 96% used [0x0000000080000000,0x0000000093cd0268,0x0000000094700000)
 Metaspace       used 92869K, committed 94592K, reserved 1179648K
  class space    used 9564K, committed 10368K, reserved 1048576K
}
Event: 1735.199 GC heap before
{Heap before GC invocations=320 (full 14):
 PSYoungGen      total 5120K, used 4576K [0x00000000d5580000, 0x00000000d5c00000, 0x0000000100000000)
  eden space 4096K, 100% used [0x00000000d5580000,0x00000000d5980000,0x00000000d5980000)
  from space 1024K, 46% used [0x00000000d5a80000,0x00000000d5af8000,0x00000000d5b80000)
  to   space 1024K, 0% used [0x00000000d5980000,0x00000000d5980000,0x00000000d5a80000)
 ParOldGen       total 334848K, used 324416K [0x0000000080000000, 0x0000000094700000, 0x00000000d5580000)
  object space 334848K, 96% used [0x0000000080000000,0x0000000093cd0268,0x0000000094700000)
 Metaspace       used 92870K, committed 94592K, reserved 1179648K
  class space    used 9564K, committed 10368K, reserved 1048576K
}
Event: 1735.200 GC heap after
{Heap after GC invocations=320 (full 14):
 PSYoungGen      total 5120K, used 752K [0x00000000d5580000, 0x00000000d5b80000, 0x0000000100000000)
  eden space 4096K, 0% used [0x00000000d5580000,0x00000000d5580000,0x00000000d5980000)
  from space 1024K, 73% used [0x00000000d5980000,0x00000000d5a3c010,0x00000000d5a80000)
  to   space 1024K, 0% used [0x00000000d5a80000,0x00000000d5a80000,0x00000000d5b80000)
 ParOldGen       total 334848K, used 324684K [0x0000000080000000, 0x0000000094700000, 0x00000000d5580000)
  object space 334848K, 96% used [0x0000000080000000,0x0000000093d13278,0x0000000094700000)
 Metaspace       used 92870K, committed 94592K, reserved 1179648K
  class space    used 9564K, committed 10368K, reserved 1048576K
}
Event: 1736.872 GC heap before
{Heap before GC invocations=321 (full 14):
 PSYoungGen      total 5120K, used 4848K [0x00000000d5580000, 0x00000000d5b80000, 0x0000000100000000)
  eden space 4096K, 99% used [0x00000000d5580000,0x00000000d597fff8,0x00000000d5980000)
  from space 1024K, 73% used [0x00000000d5980000,0x00000000d5a3c010,0x00000000d5a80000)
  to   space 1024K, 0% used [0x00000000d5a80000,0x00000000d5a80000,0x00000000d5b80000)
 ParOldGen       total 334848K, used 324684K [0x0000000080000000, 0x0000000094700000, 0x00000000d5580000)
  object space 334848K, 96% used [0x0000000080000000,0x0000000093d13278,0x0000000094700000)
 Metaspace       used 92895K, committed 94656K, reserved 1179648K
  class space    used 9564K, committed 10368K, reserved 1048576K
}
Event: 1736.874 GC heap after
{Heap after GC invocations=321 (full 14):
 PSYoungGen      total 5120K, used 836K [0x00000000d5580000, 0x00000000d5b80000, 0x0000000100000000)
  eden space 4096K, 0% used [0x00000000d5580000,0x00000000d5580000,0x00000000d5980000)
  from space 1024K, 81% used [0x00000000d5a80000,0x00000000d5b51210,0x00000000d5b80000)
  to   space 1024K, 0% used [0x00000000d5980000,0x00000000d5980000,0x00000000d5a80000)
 ParOldGen       total 334848K, used 325290K [0x0000000080000000, 0x0000000094700000, 0x00000000d5580000)
  object space 334848K, 97% used [0x0000000080000000,0x0000000093daaa38,0x0000000094700000)
 Metaspace       used 92895K, committed 94656K, reserved 1179648K
  class space    used 9564K, committed 10368K, reserved 1048576K
}
Event: 1736.879 GC heap before
{Heap before GC invocations=322 (full 14):
 PSYoungGen      total 5120K, used 4932K [0x00000000d5580000, 0x00000000d5b80000, 0x0000000100000000)
  eden space 4096K, 100% used [0x00000000d5580000,0x00000000d5980000,0x00000000d5980000)
  from space 1024K, 81% used [0x00000000d5a80000,0x00000000d5b51210,0x00000000d5b80000)
  to   space 1024K, 0% used [0x00000000d5980000,0x00000000d5980000,0x00000000d5a80000)
 ParOldGen       total 334848K, used 325290K [0x0000000080000000, 0x0000000094700000, 0x00000000d5580000)
  object space 334848K, 97% used [0x0000000080000000,0x0000000093daaa38,0x0000000094700000)
 Metaspace       used 92895K, committed 94656K, reserved 1179648K
  class space    used 9564K, committed 10368K, reserved 1048576K
}
Event: 1736.880 GC heap after
{Heap after GC invocations=322 (full 14):
 PSYoungGen      total 5120K, used 320K [0x00000000d5580000, 0x00000000d5b00000, 0x0000000100000000)
  eden space 4096K, 0% used [0x00000000d5580000,0x00000000d5580000,0x00000000d5980000)
  from space 1024K, 31% used [0x00000000d5980000,0x00000000d59d0000,0x00000000d5a80000)
  to   space 512K, 0% used [0x00000000d5a80000,0x00000000d5a80000,0x00000000d5b00000)
 ParOldGen       total 334848K, used 325964K [0x0000000080000000, 0x0000000094700000, 0x00000000d5580000)
  object space 334848K, 97% used [0x0000000080000000,0x0000000093e53278,0x0000000094700000)
 Metaspace       used 92895K, committed 94656K, reserved 1179648K
  class space    used 9564K, committed 10368K, reserved 1048576K
}
Event: 1736.889 GC heap before
{Heap before GC invocations=323 (full 14):
 PSYoungGen      total 5120K, used 4416K [0x00000000d5580000, 0x00000000d5b00000, 0x0000000100000000)
  eden space 4096K, 100% used [0x00000000d5580000,0x00000000d5980000,0x00000000d5980000)
  from space 1024K, 31% used [0x00000000d5980000,0x00000000d59d0000,0x00000000d5a80000)
  to   space 512K, 0% used [0x00000000d5a80000,0x00000000d5a80000,0x00000000d5b00000)
 ParOldGen       total 334848K, used 325964K [0x0000000080000000, 0x0000000094700000, 0x00000000d5580000)
  object space 334848K, 97% used [0x0000000080000000,0x0000000093e53278,0x0000000094700000)
 Metaspace       used 92895K, committed 94656K, reserved 1179648K
  class space    used 9564K, committed 10368K, reserved 1048576K
}
Event: 1736.890 GC heap after
{Heap after GC invocations=323 (full 14):
 PSYoungGen      total 4608K, used 512K [0x00000000d5580000, 0x00000000d5b80000, 0x0000000100000000)
  eden space 4096K, 0% used [0x00000000d5580000,0x00000000d5580000,0x00000000d5980000)
  from space 512K, 100% used [0x00000000d5a80000,0x00000000d5b00000,0x00000000d5b00000)
  to   space 1024K, 0% used [0x00000000d5980000,0x00000000d5980000,0x00000000d5a80000)
 ParOldGen       total 334848K, used 326244K [0x0000000080000000, 0x0000000094700000, 0x00000000d5580000)
  object space 334848K, 97% used [0x0000000080000000,0x0000000093e992a8,0x0000000094700000)
 Metaspace       used 92895K, committed 94656K, reserved 1179648K
  class space    used 9564K, committed 10368K, reserved 1048576K
}
Event: 1736.895 GC heap before
{Heap before GC invocations=324 (full 14):
 PSYoungGen      total 4608K, used 4608K [0x00000000d5580000, 0x00000000d5b80000, 0x0000000100000000)
  eden space 4096K, 100% used [0x00000000d5580000,0x00000000d5980000,0x00000000d5980000)
  from space 512K, 100% used [0x00000000d5a80000,0x00000000d5b00000,0x00000000d5b00000)
  to   space 1024K, 0% used [0x00000000d5980000,0x00000000d5980000,0x00000000d5a80000)
 ParOldGen       total 334848K, used 326244K [0x0000000080000000, 0x0000000094700000, 0x00000000d5580000)
  object space 334848K, 97% used [0x0000000080000000,0x0000000093e992a8,0x0000000094700000)
 Metaspace       used 92895K, committed 94656K, reserved 1179648K
  class space    used 9564K, committed 10368K, reserved 1048576K
}
Event: 1736.896 GC heap after
{Heap after GC invocations=324 (full 14):
 PSYoungGen      total 5120K, used 788K [0x00000000d5580000, 0x00000000d5b80000, 0x0000000100000000)
  eden space 4096K, 0% used [0x00000000d5580000,0x00000000d5580000,0x00000000d5980000)
  from space 1024K, 77% used [0x00000000d5980000,0x00000000d5a45200,0x00000000d5a80000)
  to   space 1024K, 0% used [0x00000000d5a80000,0x00000000d5a80000,0x00000000d5b80000)
 ParOldGen       total 334848K, used 326744K [0x0000000080000000, 0x0000000094700000, 0x00000000d5580000)
  object space 334848K, 97% used [0x0000000080000000,0x0000000093f162c8,0x0000000094700000)
 Metaspace       used 92895K, committed 94656K, reserved 1179648K
  class space    used 9564K, committed 10368K, reserved 1048576K
}
Event: 1736.900 GC heap before
{Heap before GC invocations=325 (full 14):
 PSYoungGen      total 5120K, used 4884K [0x00000000d5580000, 0x00000000d5b80000, 0x0000000100000000)
  eden space 4096K, 100% used [0x00000000d5580000,0x00000000d5980000,0x00000000d5980000)
  from space 1024K, 77% used [0x00000000d5980000,0x00000000d5a45200,0x00000000d5a80000)
  to   space 1024K, 0% used [0x00000000d5a80000,0x00000000d5a80000,0x00000000d5b80000)
 ParOldGen       total 334848K, used 326744K [0x0000000080000000, 0x0000000094700000, 0x00000000d5580000)
  object space 334848K, 97% used [0x0000000080000000,0x0000000093f162c8,0x0000000094700000)
 Metaspace       used 92895K, committed 94656K, reserved 1179648K
  class space    used 9564K, committed 10368K, reserved 1048576K
}
Event: 1736.901 GC heap after
{Heap after GC invocations=325 (full 14):
 PSYoungGen      total 5120K, used 464K [0x00000000d5580000, 0x00000000d5b80000, 0x0000000100000000)
  eden space 4096K, 0% used [0x00000000d5580000,0x00000000d5580000,0x00000000d5980000)
  from space 1024K, 45% used [0x00000000d5a80000,0x00000000d5af4010,0x00000000d5b80000)
  to   space 1024K, 0% used [0x00000000d5980000,0x00000000d5980000,0x00000000d5a80000)
 ParOldGen       total 334848K, used 327405K [0x0000000080000000, 0x0000000094700000, 0x00000000d5580000)
  object space 334848K, 97% used [0x0000000080000000,0x0000000093fbb7f0,0x0000000094700000)
 Metaspace       used 92895K, committed 94656K, reserved 1179648K
  class space    used 9564K, committed 10368K, reserved 1048576K
}
Event: 1830.371 GC heap before
{Heap before GC invocations=326 (full 14):
 PSYoungGen      total 5120K, used 4560K [0x00000000d5580000, 0x00000000d5b80000, 0x0000000100000000)
  eden space 4096K, 100% used [0x00000000d5580000,0x00000000d5980000,0x00000000d5980000)
  from space 1024K, 45% used [0x00000000d5a80000,0x00000000d5af4010,0x00000000d5b80000)
  to   space 1024K, 0% used [0x00000000d5980000,0x00000000d5980000,0x00000000d5a80000)
 ParOldGen       total 334848K, used 327405K [0x0000000080000000, 0x0000000094700000, 0x00000000d5580000)
  object space 334848K, 97% used [0x0000000080000000,0x0000000093fbb7f0,0x0000000094700000)
 Metaspace       used 92895K, committed 94656K, reserved 1179648K
  class space    used 9564K, committed 10368K, reserved 1048576K
}
Event: 1830.373 GC heap after
{Heap after GC invocations=326 (full 14):
 PSYoungGen      total 5120K, used 672K [0x00000000d5580000, 0x00000000d5b80000, 0x0000000100000000)
  eden space 4096K, 0% used [0x00000000d5580000,0x00000000d5580000,0x00000000d5980000)
  from space 1024K, 65% used [0x00000000d5980000,0x00000000d5a28000,0x00000000d5a80000)
  to   space 1024K, 0% used [0x00000000d5a80000,0x00000000d5a80000,0x00000000d5b80000)
 ParOldGen       total 334848K, used 327758K [0x0000000080000000, 0x0000000094700000, 0x00000000d5580000)
  object space 334848K, 97% used [0x0000000080000000,0x0000000094013830,0x0000000094700000)
 Metaspace       used 92895K, committed 94656K, reserved 1179648K
  class space    used 9564K, committed 10368K, reserved 1048576K
}
Event: 1830.615 GC heap before
{Heap before GC invocations=327 (full 14):
 PSYoungGen      total 5120K, used 4593K [0x00000000d5580000, 0x00000000d5b80000, 0x0000000100000000)
  eden space 4096K, 95% used [0x00000000d5580000,0x00000000d5954528,0x00000000d5980000)
  from space 1024K, 65% used [0x00000000d5980000,0x00000000d5a28000,0x00000000d5a80000)
  to   space 1024K, 0% used [0x00000000d5a80000,0x00000000d5a80000,0x00000000d5b80000)
 ParOldGen       total 334848K, used 327758K [0x0000000080000000, 0x0000000094700000, 0x00000000d5580000)
  object space 334848K, 97% used [0x0000000080000000,0x0000000094013830,0x0000000094700000)
 Metaspace       used 92926K, committed 94656K, reserved 1179648K
  class space    used 9565K, committed 10368K, reserved 1048576K
}
Event: 1830.615 GC heap after
{Heap after GC invocations=327 (full 14):
 PSYoungGen      total 4608K, used 244K [0x00000000d5580000, 0x00000000d5b00000, 0x0000000100000000)
  eden space 4096K, 0% used [0x00000000d5580000,0x00000000d5580000,0x00000000d5980000)
  from space 512K, 47% used [0x00000000d5a80000,0x00000000d5abd220,0x00000000d5b00000)
  to   space 512K, 0% used [0x00000000d5a00000,0x00000000d5a00000,0x00000000d5a80000)
 ParOldGen       total 334848K, used 328291K [0x0000000080000000, 0x0000000094700000, 0x00000000d5580000)
  object space 334848K, 98% used [0x0000000080000000,0x0000000094098fb0,0x0000000094700000)
 Metaspace       used 92926K, committed 94656K, reserved 1179648K
  class space    used 9565K, committed 10368K, reserved 1048576K
}
Event: 1830.619 GC heap before
{Heap before GC invocations=328 (full 14):
 PSYoungGen      total 4608K, used 4340K [0x00000000d5580000, 0x00000000d5b00000, 0x0000000100000000)
  eden space 4096K, 100% used [0x00000000d5580000,0x00000000d5980000,0x00000000d5980000)
  from space 512K, 47% used [0x00000000d5a80000,0x00000000d5abd220,0x00000000d5b00000)
  to   space 512K, 0% used [0x00000000d5a00000,0x00000000d5a00000,0x00000000d5a80000)
 ParOldGen       total 334848K, used 328291K [0x0000000080000000, 0x0000000094700000, 0x00000000d5580000)
  object space 334848K, 98% used [0x0000000080000000,0x0000000094098fb0,0x0000000094700000)
 Metaspace       used 92926K, committed 94656K, reserved 1179648K
  class space    used 9565K, committed 10368K, reserved 1048576K
}
Event: 1830.621 GC heap after
{Heap after GC invocations=328 (full 14):
 PSYoungGen      total 4608K, used 492K [0x00000000d5580000, 0x00000000d6380000, 0x0000000100000000)
  eden space 4096K, 0% used [0x00000000d5580000,0x00000000d5580000,0x00000000d5980000)
  from space 512K, 96% used [0x00000000d5a00000,0x00000000d5a7b018,0x00000000d5a80000)
  to   space 5120K, 0% used [0x00000000d5e80000,0x00000000d5e80000,0x00000000d6380000)
 ParOldGen       total 334848K, used 332028K [0x0000000080000000, 0x0000000094700000, 0x00000000d5580000)
  object space 334848K, 99% used [0x0000000080000000,0x000000009443f1e8,0x0000000094700000)
 Metaspace       used 92926K, committed 94656K, reserved 1179648K
  class space    used 9565K, committed 10368K, reserved 1048576K
}
Event: 1830.621 GC heap before
{Heap before GC invocations=329 (full 15):
 PSYoungGen      total 4608K, used 492K [0x00000000d5580000, 0x00000000d6380000, 0x0000000100000000)
  eden space 4096K, 0% used [0x00000000d5580000,0x00000000d5580000,0x00000000d5980000)
  from space 512K, 96% used [0x00000000d5a00000,0x00000000d5a7b018,0x00000000d5a80000)
  to   space 5120K, 0% used [0x00000000d5e80000,0x00000000d5e80000,0x00000000d6380000)
 ParOldGen       total 334848K, used 332028K [0x0000000080000000, 0x0000000094700000, 0x00000000d5580000)
  object space 334848K, 99% used [0x0000000080000000,0x000000009443f1e8,0x0000000094700000)
 Metaspace       used 92926K, committed 94656K, reserved 1179648K
  class space    used 9565K, committed 10368K, reserved 1048576K
}

Dll operation events (12 events):
Event: 0.020 Loaded shared library c:\Users\casa\.vscode\extensions\redhat.java-1.29.0-win32-x64\jre\17.0.10-win32-x86_64\bin\java.dll
Event: 0.096 Loaded shared library c:\Users\casa\.vscode\extensions\redhat.java-1.29.0-win32-x64\jre\17.0.10-win32-x86_64\bin\zip.dll
Event: 0.098 Loaded shared library C:\Users\casa\.vscode\extensions\redhat.java-1.29.0-win32-x64\jre\17.0.10-win32-x86_64\bin\instrument.dll
Event: 0.105 Loaded shared library C:\Users\casa\.vscode\extensions\redhat.java-1.29.0-win32-x64\jre\17.0.10-win32-x86_64\bin\net.dll
Event: 0.106 Loaded shared library C:\Users\casa\.vscode\extensions\redhat.java-1.29.0-win32-x64\jre\17.0.10-win32-x86_64\bin\nio.dll
Event: 0.109 Loaded shared library C:\Users\casa\.vscode\extensions\redhat.java-1.29.0-win32-x64\jre\17.0.10-win32-x86_64\bin\zip.dll
Event: 0.118 Loaded shared library C:\Users\casa\.vscode\extensions\redhat.java-1.29.0-win32-x64\jre\17.0.10-win32-x86_64\bin\jimage.dll
Event: 0.153 Loaded shared library c:\Users\casa\.vscode\extensions\redhat.java-1.29.0-win32-x64\jre\17.0.10-win32-x86_64\bin\verify.dll
Event: 1.623 Loaded shared library C:\Users\casa\AppData\Roaming\Code\User\globalStorage\redhat.java\1.29.0\config_win\org.eclipse.equinox.launcher\org.eclipse.equinox.launcher.win32.win32.x86_64_1.2.900.v20240213-1244\eclipse_11900.dll
Event: 8.301 Loaded shared library C:\Users\casa\AppData\Local\Temp\jna-3046188\jna14054345595580906982.dll
Event: 8.875 Loaded shared library C:\Users\casa\.vscode\extensions\redhat.java-1.29.0-win32-x64\jre\17.0.10-win32-x86_64\bin\sunmscapi.dll
Event: 8.902 Loaded shared library C:\Users\casa\.vscode\extensions\redhat.java-1.29.0-win32-x64\jre\17.0.10-win32-x86_64\bin\extnet.dll

Deoptimization events (20 events):
Event: 1736.898 Thread 0x000001b3af63e780 Uncommon trap: trap_request=0xffffffbe fr.pc=0x000001b39de949a8 relative=0x0000000000000188
Event: 1736.898 Thread 0x000001b3af63e780 Uncommon trap: reason=profile_predicate action=maybe_recompile pc=0x000001b39de949a8 method=lombok.eclipse.Eclipse.nameEquals([[CLjava/lang/String;)Z @ 85 c2
Event: 1736.898 Thread 0x000001b3af63e780 DEOPT PACKING pc=0x000001b39de949a8 sp=0x000000408dffd830
Event: 1736.898 Thread 0x000001b3af63e780 DEOPT UNPACKING pc=0x000001b39cc666a3 sp=0x000000408dffd7b0 mode 2
Event: 1736.898 Thread 0x000001b3af63e780 Uncommon trap: trap_request=0xffffffbe fr.pc=0x000001b39de949a8 relative=0x0000000000000188
Event: 1736.898 Thread 0x000001b3af63e780 Uncommon trap: reason=profile_predicate action=maybe_recompile pc=0x000001b39de949a8 method=lombok.eclipse.Eclipse.nameEquals([[CLjava/lang/String;)Z @ 85 c2
Event: 1736.898 Thread 0x000001b3af63e780 DEOPT PACKING pc=0x000001b39de949a8 sp=0x000000408dffd6a0
Event: 1736.898 Thread 0x000001b3af63e780 DEOPT UNPACKING pc=0x000001b39cc666a3 sp=0x000000408dffd620 mode 2
Event: 1736.905 Thread 0x000001b3af63e780 Uncommon trap: trap_request=0xffffffbe fr.pc=0x000001b39de45da4 relative=0x0000000000006604
Event: 1736.905 Thread 0x000001b3af63e780 Uncommon trap: reason=profile_predicate action=maybe_recompile pc=0x000001b39de45da4 method=org.eclipse.jdt.internal.compiler.lookup.BinaryTypeBinding.cachePartsFrom(Lorg/eclipse/jdt/internal/compiler/env/IBinaryType;Z)V @ 1057 c2
Event: 1736.905 Thread 0x000001b3af63e780 DEOPT PACKING pc=0x000001b39de45da4 sp=0x000000408dffd3f0
Event: 1736.905 Thread 0x000001b3af63e780 DEOPT UNPACKING pc=0x000001b39cc666a3 sp=0x000000408dffd370 mode 2
Event: 1830.614 Thread 0x000001b3b2e41b90 Uncommon trap: trap_request=0xffffff6e fr.pc=0x000001b39de59424 relative=0x0000000000000304
Event: 1830.614 Thread 0x000001b3b2e41b90 Uncommon trap: reason=loop_limit_check action=maybe_recompile pc=0x000001b39de59424 method=org.eclipse.jdt.internal.compiler.util.SimpleSet.rehash()V @ 44 c2
Event: 1830.614 Thread 0x000001b3b2e41b90 DEOPT PACKING pc=0x000001b39de59424 sp=0x000000408ddfdb10
Event: 1830.614 Thread 0x000001b3b2e41b90 DEOPT UNPACKING pc=0x000001b39cc666a3 sp=0x000000408ddfdaa0 mode 2
Event: 1830.614 Thread 0x000001b3b2e41b90 Uncommon trap: trap_request=0xffffffbe fr.pc=0x000001b39de59f38 relative=0x00000000000003f8
Event: 1830.614 Thread 0x000001b3b2e41b90 Uncommon trap: reason=profile_predicate action=maybe_recompile pc=0x000001b39de59f38 method=java.util.LinkedHashMap.keysToArray([Ljava/lang/Object;)[Ljava/lang/Object; @ 12 c2
Event: 1830.614 Thread 0x000001b3b2e41b90 DEOPT PACKING pc=0x000001b39de59f38 sp=0x000000408ddfdb50
Event: 1830.614 Thread 0x000001b3b2e41b90 DEOPT UNPACKING pc=0x000001b39cc666a3 sp=0x000000408ddfdaa0 mode 2

Classes unloaded (14 events):
Event: 6.281 Thread 0x000001b392add940 Unloading class 0x0000000100248400 'java/lang/invoke/LambdaForm$MH+0x0000000100248400'
Event: 6.281 Thread 0x000001b392add940 Unloading class 0x0000000100248000 'java/lang/invoke/LambdaForm$MH+0x0000000100248000'
Event: 6.281 Thread 0x000001b392add940 Unloading class 0x0000000100247c00 'java/lang/invoke/LambdaForm$MH+0x0000000100247c00'
Event: 6.281 Thread 0x000001b392add940 Unloading class 0x0000000100247800 'java/lang/invoke/LambdaForm$MH+0x0000000100247800'
Event: 6.281 Thread 0x000001b392add940 Unloading class 0x0000000100247400 'java/lang/invoke/LambdaForm$BMH+0x0000000100247400'
Event: 6.281 Thread 0x000001b392add940 Unloading class 0x0000000100247000 'java/lang/invoke/LambdaForm$DMH+0x0000000100247000'
Event: 6.281 Thread 0x000001b392add940 Unloading class 0x0000000100244400 'java/lang/invoke/LambdaForm$DMH+0x0000000100244400'
Event: 18.280 Thread 0x000001b392add940 Unloading class 0x00000001007e9000 'java/lang/invoke/LambdaForm$DMH+0x00000001007e9000'
Event: 18.280 Thread 0x000001b392add940 Unloading class 0x00000001007e8c00 'java/lang/invoke/LambdaForm$DMH+0x00000001007e8c00'
Event: 18.280 Thread 0x000001b392add940 Unloading class 0x00000001007e8800 'java/lang/invoke/LambdaForm$DMH+0x00000001007e8800'
Event: 18.280 Thread 0x000001b392add940 Unloading class 0x00000001007e8400 'java/lang/invoke/LambdaForm$DMH+0x00000001007e8400'
Event: 19.540 Thread 0x000001b392add940 Unloading class 0x0000000100818800 'java/lang/invoke/LambdaForm$DMH+0x0000000100818800'
Event: 19.540 Thread 0x000001b392add940 Unloading class 0x0000000100818400 'java/lang/invoke/LambdaForm$DMH+0x0000000100818400'
Event: 20.832 Thread 0x000001b392add940 Unloading class 0x0000000100845400 'java/lang/invoke/LambdaForm$DMH+0x0000000100845400'

Classes redefined (0 events):
No events

Internal exceptions (20 events):
Event: 25.632 Thread 0x000001b3b2e3c580 Exception <a 'sun/nio/fs/WindowsException'{0x00000000d5751d48}> (0x00000000d5751d48) 
thrown [s\src\hotspot\share\prims\jni.cpp, line 516]
Event: 25.633 Thread 0x000001b3b2e3c580 Exception <a 'sun/nio/fs/WindowsException'{0x00000000d5756650}> (0x00000000d5756650) 
thrown [s\src\hotspot\share\prims\jni.cpp, line 516]
Event: 25.634 Thread 0x000001b3b2e3c580 Exception <a 'sun/nio/fs/WindowsException'{0x00000000d575b418}> (0x00000000d575b418) 
thrown [s\src\hotspot\share\prims\jni.cpp, line 516]
Event: 25.655 Thread 0x000001b3b2e3c580 Exception <a 'sun/nio/fs/WindowsException'{0x00000000d5e077e8}> (0x00000000d5e077e8) 
thrown [s\src\hotspot\share\prims\jni.cpp, line 516]
Event: 25.664 Thread 0x000001b3b2e3c580 Exception <a 'sun/nio/fs/WindowsException'{0x00000000d5f6c040}> (0x00000000d5f6c040) 
thrown [s\src\hotspot\share\prims\jni.cpp, line 516]
Event: 30.761 Thread 0x000001b3afe01640 Implicit null exception at 0x000001b39da12767 to 0x000001b39da12dfc
Event: 313.392 Thread 0x000001b3af63e780 Exception <a 'java/lang/NoSuchMethodError'{0x00000000d5cc4918}: static [J.<clinit>()V> (0x00000000d5cc4918) 
thrown [s\src\hotspot\share\prims\jni.cpp, line 1107]
Event: 1377.902 Thread 0x000001b3cb2c9be0 Exception <a 'sun/nio/fs/WindowsException'{0x00000000d583f780}> (0x00000000d583f780) 
thrown [s\src\hotspot\share\prims\jni.cpp, line 516]
Event: 1379.574 Thread 0x000001b3b2e41680 Exception <a 'java/io/FileNotFoundException'{0x00000000d5d334b8}> (0x00000000d5d334b8) 
thrown [s\src\hotspot\share\prims\jni.cpp, line 516]
Event: 1379.708 Thread 0x000001b3b2e41680 Exception <a 'java/lang/NoSuchMethodError'{0x00000000d59ce690}: 'java.lang.Object java.lang.invoke.DirectMethodHandle$Holder.invokeVirtual(java.lang.Object, java.lang.Object, java.lang.Object, java.lang.Object)'> (0x00000000d59ce690) 
thrown [s\src\hotspot\share\interpreter\linkResolver.cpp, line 759]
Event: 1379.738 Thread 0x000001b3b2e40c60 Exception <a 'java/lang/NoSuchMethodError'{0x00000000d5dd51a0}: 'java.lang.Object java.lang.invoke.DirectMethodHandle$Holder.invokeStatic(java.lang.Object, long, java.lang.Object, java.lang.Object)'> (0x00000000d5dd51a0) 
thrown [s\src\hotspot\share\interpreter\linkResolver.cpp, line 759]
Event: 1379.739 Thread 0x000001b3b2e40c60 Exception <a 'java/lang/NoSuchMethodError'{0x00000000d5ddbfb0}: 'java.lang.Object java.lang.invoke.DirectMethodHandle$Holder.newInvokeSpecial(java.lang.Object, long)'> (0x00000000d5ddbfb0) 
thrown [s\src\hotspot\share\interpreter\linkResolver.cpp, line 759]
Event: 1379.751 Thread 0x000001b3b2e40c60 Exception <a 'sun/nio/fs/WindowsException'{0x00000000d5583998}> (0x00000000d5583998) 
thrown [s\src\hotspot\share\prims\jni.cpp, line 516]
Event: 1379.751 Thread 0x000001b3b2e40c60 Exception <a 'sun/nio/fs/WindowsException'{0x00000000d5583c68}> (0x00000000d5583c68) 
thrown [s\src\hotspot\share\prims\jni.cpp, line 516]
Event: 1379.751 Thread 0x000001b3b2e40c60 Exception <a 'sun/nio/fs/WindowsException'{0x00000000d55857b8}> (0x00000000d55857b8) 
thrown [s\src\hotspot\share\prims\jni.cpp, line 516]
Event: 1379.751 Thread 0x000001b3b2e40c60 Exception <a 'sun/nio/fs/WindowsException'{0x00000000d5585a88}> (0x00000000d5585a88) 
thrown [s\src\hotspot\share\prims\jni.cpp, line 516]
Event: 1379.763 Thread 0x000001b3b2e40c60 Exception <a 'java/lang/NoSuchMethodError'{0x00000000d5626e20}: 'void java.lang.invoke.DirectMethodHandle$Holder.invokeStatic(java.lang.Object, java.lang.Object, java.lang.Object, java.lang.Object, java.lang.Object, java.lang.Object, java.lang.Object)'> (0x00000000d5626e20) 
thrown [s\src\hotspot\share\interpreter\linkResolver.cpp, line 759]
Event: 1415.277 Thread 0x000001b3cb2c9be0 Exception <a 'java/lang/NoSuchMethodError'{0x00000000d59f3308}: 'java.lang.Object java.lang.invoke.DirectMethodHandle$Holder.invokeStatic(java.lang.Object, int, java.lang.Object)'> (0x00000000d59f3308) 
thrown [s\src\hotspot\share\interpreter\linkResolver.cpp, line 759]
Event: 1683.885 Thread 0x000001b3b2e3fd30 Exception <a 'java/lang/ArrayIndexOutOfBoundsException'{0x00000000d5614588}: Index 4477 out of bounds for length 4476> (0x00000000d5614588) 
thrown [s\src\hotspot\share\interpreter\interpreterRuntime.cpp, line 428]
Event: 1735.167 Thread 0x000001b3b2e41170 Implicit null exception at 0x000001b39de35417 to 0x000001b39de37114

VM Operations (20 events):
Event: 1736.874 Executing VM operation: ParallelGCFailedAllocation done
Event: 1736.879 Executing VM operation: ParallelGCFailedAllocation
Event: 1736.881 Executing VM operation: ParallelGCFailedAllocation done
Event: 1736.889 Executing VM operation: ParallelGCFailedAllocation
Event: 1736.890 Executing VM operation: ParallelGCFailedAllocation done
Event: 1736.895 Executing VM operation: ParallelGCFailedAllocation
Event: 1736.896 Executing VM operation: ParallelGCFailedAllocation done
Event: 1736.900 Executing VM operation: ParallelGCFailedAllocation
Event: 1736.901 Executing VM operation: ParallelGCFailedAllocation done
Event: 1736.905 Executing VM operation: HandshakeAllThreads
Event: 1736.905 Executing VM operation: HandshakeAllThreads done
Event: 1737.908 Executing VM operation: Cleanup
Event: 1737.908 Executing VM operation: Cleanup done
Event: 1743.528 Executing VM operation: HandshakeAllThreads
Event: 1743.528 Executing VM operation: HandshakeAllThreads done
Event: 1830.371 Executing VM operation: ParallelGCFailedAllocation
Event: 1830.373 Executing VM operation: ParallelGCFailedAllocation done
Event: 1830.615 Executing VM operation: ParallelGCFailedAllocation
Event: 1830.615 Executing VM operation: ParallelGCFailedAllocation done
Event: 1830.619 Executing VM operation: ParallelGCFailedAllocation

Events (20 events):
Event: 1711.724 Thread 0x000001b3b357f970 Thread added: 0x000001b3b357f970
Event: 1716.820 Thread 0x000001b3b357f970 Thread exited: 0x000001b3b357f970
Event: 1721.827 Thread 0x000001b3b2baa520 Thread exited: 0x000001b3b2baa520
Event: 1734.907 Thread 0x000001b3c657e860 Thread added: 0x000001b3c657e860
Event: 1735.136 Thread 0x000001b3c657ed70 Thread added: 0x000001b3c657ed70
Event: 1735.183 Thread 0x000001b3b3580410 Thread added: 0x000001b3b3580410
Event: 1735.183 Thread 0x000001b3b3580960 Thread added: 0x000001b3b3580960
Event: 1736.907 Thread 0x000001b3ade97030 flushing nmethod 0x000001b39d641e90
Event: 1736.911 Thread 0x000001b3ade97030 flushing nmethod 0x000001b395bf2910
Event: 1736.913 Thread 0x000001b3ade97030 flushing nmethod 0x000001b3961eeb90
Event: 1736.915 Thread 0x000001b3ade97030 flushing nmethod 0x000001b396809d90
Event: 1736.919 Thread 0x000001b3ade97030 flushing nmethod 0x000001b396fa5610
Event: 1736.921 Thread 0x000001b3ade97030 flushing nmethod 0x000001b397477a10
Event: 1736.921 Thread 0x000001b3ade97030 flushing nmethod 0x000001b397479710
Event: 1741.940 Thread 0x000001b3b3580960 Thread exited: 0x000001b3b3580960
Event: 1742.034 Thread 0x000001b3b3580410 Thread exited: 0x000001b3b3580410
Event: 1795.329 Thread 0x000001b3b2e41170 Thread exited: 0x000001b3b2e41170
Event: 1830.373 Thread 0x000001b3c6579c70 Thread added: 0x000001b3c6579c70
Event: 1830.379 Thread 0x000001b3b3581ea0 Thread added: 0x000001b3b3581ea0
Event: 1830.607 Thread 0x000001b3c657fca0 Thread added: 0x000001b3c657fca0


Dynamic libraries:
0x00007ff68e8f0000 - 0x00007ff68e8fe000 	c:\Users\casa\.vscode\extensions\redhat.java-1.29.0-win32-x64\jre\17.0.10-win32-x86_64\bin\java.exe
0x00007ffc8c830000 - 0x00007ffc8ca46000 	C:\WINDOWS\SYSTEM32\ntdll.dll
0x00007ffc8b2d0000 - 0x00007ffc8b394000 	C:\WINDOWS\System32\KERNEL32.DLL
0x00007ffc89c70000 - 0x00007ffc8a017000 	C:\WINDOWS\System32\KERNELBASE.dll
0x00007ffc89b50000 - 0x00007ffc89c61000 	C:\WINDOWS\System32\ucrtbase.dll
0x00007ffc1f8c0000 - 0x00007ffc1f8d7000 	c:\Users\casa\.vscode\extensions\redhat.java-1.29.0-win32-x64\jre\17.0.10-win32-x86_64\bin\jli.dll
0x00007ffc5e490000 - 0x00007ffc5e4ab000 	c:\Users\casa\.vscode\extensions\redhat.java-1.29.0-win32-x64\jre\17.0.10-win32-x86_64\bin\VCRUNTIME140.dll
0x00007ffc8b120000 - 0x00007ffc8b2ce000 	C:\WINDOWS\System32\USER32.dll
0x00007ffc8a020000 - 0x00007ffc8a046000 	C:\WINDOWS\System32\win32u.dll
0x00007ffc8adc0000 - 0x00007ffc8ade9000 	C:\WINDOWS\System32\GDI32.dll
0x00007ffc760c0000 - 0x00007ffc76353000 	C:\WINDOWS\WinSxS\amd64_microsoft.windows.common-controls_6595b64144ccf1df_6.0.22621.3235_none_270f74e173860f98\COMCTL32.dll
0x00007ffc8a140000 - 0x00007ffc8a259000 	C:\WINDOWS\System32\gdi32full.dll
0x00007ffc8bae0000 - 0x00007ffc8bb87000 	C:\WINDOWS\System32\msvcrt.dll
0x00007ffc8a4c0000 - 0x00007ffc8a55a000 	C:\WINDOWS\System32\msvcp_win.dll
0x00007ffc8adf0000 - 0x00007ffc8ae21000 	C:\WINDOWS\System32\IMM32.DLL
0x00007ffc80640000 - 0x00007ffc8064c000 	c:\Users\casa\.vscode\extensions\redhat.java-1.29.0-win32-x64\jre\17.0.10-win32-x86_64\bin\vcruntime140_1.dll
0x00007ffc1b3e0000 - 0x00007ffc1b46d000 	c:\Users\casa\.vscode\extensions\redhat.java-1.29.0-win32-x64\jre\17.0.10-win32-x86_64\bin\msvcp140.dll
0x00007ffc1a770000 - 0x00007ffc1b3d2000 	c:\Users\casa\.vscode\extensions\redhat.java-1.29.0-win32-x64\jre\17.0.10-win32-x86_64\bin\server\jvm.dll
0x00007ffc8a710000 - 0x00007ffc8a7c2000 	C:\WINDOWS\System32\ADVAPI32.dll
0x00007ffc8bcc0000 - 0x00007ffc8bd68000 	C:\WINDOWS\System32\sechost.dll
0x00007ffc8a050000 - 0x00007ffc8a078000 	C:\WINDOWS\System32\bcrypt.dll
0x00007ffc8bd80000 - 0x00007ffc8be95000 	C:\WINDOWS\System32\RPCRT4.dll
0x00007ffc89320000 - 0x00007ffc8936d000 	C:\WINDOWS\SYSTEM32\POWRPROF.dll
0x00007ffc82c80000 - 0x00007ffc82cb4000 	C:\WINDOWS\SYSTEM32\WINMM.dll
0x00007ffc80f40000 - 0x00007ffc80f49000 	C:\WINDOWS\SYSTEM32\WSOCK32.dll
0x00007ffc8ad40000 - 0x00007ffc8adb1000 	C:\WINDOWS\System32\WS2_32.dll
0x00007ffc83110000 - 0x00007ffc8311a000 	C:\WINDOWS\SYSTEM32\VERSION.dll
0x00007ffc892b0000 - 0x00007ffc892c3000 	C:\WINDOWS\SYSTEM32\UMPDC.dll
0x00007ffc88af0000 - 0x00007ffc88b08000 	C:\WINDOWS\SYSTEM32\kernel.appcore.dll
0x00007ffc67880000 - 0x00007ffc6788a000 	c:\Users\casa\.vscode\extensions\redhat.java-1.29.0-win32-x64\jre\17.0.10-win32-x86_64\bin\jimage.dll
0x00007ffc78bf0000 - 0x00007ffc78e23000 	C:\WINDOWS\SYSTEM32\DBGHELP.DLL
0x00007ffc8b3a0000 - 0x00007ffc8b728000 	C:\WINDOWS\System32\combase.dll
0x00007ffc8bb90000 - 0x00007ffc8bc67000 	C:\WINDOWS\System32\OLEAUT32.dll
0x00007ffc6f400000 - 0x00007ffc6f432000 	C:\WINDOWS\SYSTEM32\dbgcore.DLL
0x00007ffc8a3d0000 - 0x00007ffc8a449000 	C:\WINDOWS\System32\bcryptPrimitives.dll
0x00007ffc66c70000 - 0x00007ffc66c7e000 	c:\Users\casa\.vscode\extensions\redhat.java-1.29.0-win32-x64\jre\17.0.10-win32-x86_64\bin\instrument.dll
0x00007ffc1a740000 - 0x00007ffc1a765000 	c:\Users\casa\.vscode\extensions\redhat.java-1.29.0-win32-x64\jre\17.0.10-win32-x86_64\bin\java.dll
0x00007ffc1a720000 - 0x00007ffc1a738000 	c:\Users\casa\.vscode\extensions\redhat.java-1.29.0-win32-x64\jre\17.0.10-win32-x86_64\bin\zip.dll
0x00007ffc8bf30000 - 0x00007ffc8c78c000 	C:\WINDOWS\System32\SHELL32.dll
0x00007ffc87a60000 - 0x00007ffc88359000 	C:\WINDOWS\SYSTEM32\windows.storage.dll
0x00007ffc87920000 - 0x00007ffc87a5e000 	C:\WINDOWS\SYSTEM32\wintypes.dll
0x00007ffc8a560000 - 0x00007ffc8a653000 	C:\WINDOWS\System32\SHCORE.dll
0x00007ffc8c790000 - 0x00007ffc8c7ee000 	C:\WINDOWS\System32\shlwapi.dll
0x00007ffc89a80000 - 0x00007ffc89aa1000 	C:\WINDOWS\SYSTEM32\profapi.dll
0x00007ffc1a700000 - 0x00007ffc1a719000 	C:\Users\casa\.vscode\extensions\redhat.java-1.29.0-win32-x64\jre\17.0.10-win32-x86_64\bin\net.dll
0x00007ffc82ae0000 - 0x00007ffc82c16000 	C:\WINDOWS\SYSTEM32\WINHTTP.dll
0x00007ffc88fb0000 - 0x00007ffc89019000 	C:\WINDOWS\system32\mswsock.dll
0x00007ffc1a6e0000 - 0x00007ffc1a6f6000 	C:\Users\casa\.vscode\extensions\redhat.java-1.29.0-win32-x64\jre\17.0.10-win32-x86_64\bin\nio.dll
0x00007ffc58400000 - 0x00007ffc58410000 	c:\Users\casa\.vscode\extensions\redhat.java-1.29.0-win32-x64\jre\17.0.10-win32-x86_64\bin\verify.dll
0x00007ffc69b50000 - 0x00007ffc69b8e000 	C:\Users\casa\AppData\Roaming\Code\User\globalStorage\redhat.java\1.29.0\config_win\org.eclipse.equinox.launcher\org.eclipse.equinox.launcher.win32.win32.x86_64_1.2.900.v20240213-1244\eclipse_11900.dll
0x00007ffc8b750000 - 0x00007ffc8b8f5000 	C:\WINDOWS\System32\ole32.dll
0x00007ffc89460000 - 0x00007ffc8947b000 	C:\WINDOWS\SYSTEM32\CRYPTSP.dll
0x00007ffc88ab0000 - 0x00007ffc88ae5000 	C:\WINDOWS\system32\rsaenh.dll
0x00007ffc89050000 - 0x00007ffc89078000 	C:\WINDOWS\SYSTEM32\USERENV.dll
0x00007ffc893d0000 - 0x00007ffc893dc000 	C:\WINDOWS\SYSTEM32\CRYPTBASE.dll
0x00007ffc885c0000 - 0x00007ffc885ed000 	C:\WINDOWS\SYSTEM32\IPHLPAPI.DLL
0x00007ffc8af90000 - 0x00007ffc8af99000 	C:\WINDOWS\System32\NSI.dll
0x00007ffc83120000 - 0x00007ffc83139000 	C:\WINDOWS\SYSTEM32\dhcpcsvc6.DLL
0x00007ffc829a0000 - 0x00007ffc829bf000 	C:\WINDOWS\SYSTEM32\dhcpcsvc.DLL
0x00007ffc88630000 - 0x00007ffc88729000 	C:\WINDOWS\SYSTEM32\DNSAPI.dll
0x00007ffc588e0000 - 0x00007ffc58925000 	C:\Users\casa\AppData\Local\Temp\jna-3046188\jna14054345595580906982.dll
0x00007ffc8b010000 - 0x00007ffc8b018000 	C:\WINDOWS\System32\PSAPI.DLL
0x00007ffc82f20000 - 0x00007ffc82f2e000 	C:\Users\casa\.vscode\extensions\redhat.java-1.29.0-win32-x64\jre\17.0.10-win32-x86_64\bin\sunmscapi.dll
0x00007ffc8a260000 - 0x00007ffc8a3c7000 	C:\WINDOWS\System32\CRYPT32.dll
0x00007ffc89430000 - 0x00007ffc8945e000 	C:\WINDOWS\SYSTEM32\ncrypt.dll
0x00007ffc893f0000 - 0x00007ffc89427000 	C:\WINDOWS\SYSTEM32\NTASN1.dll
0x00007ffc80fc0000 - 0x00007ffc80fca000 	C:\Windows\System32\rasadhlp.dll
0x00007ffc81e90000 - 0x00007ffc81f13000 	C:\WINDOWS\System32\fwpuclnt.dll
0x00007ffc82f10000 - 0x00007ffc82f19000 	C:\Users\casa\.vscode\extensions\redhat.java-1.29.0-win32-x64\jre\17.0.10-win32-x86_64\bin\extnet.dll
0x00007ffc88b70000 - 0x00007ffc88ba4000 	C:\WINDOWS\SYSTEM32\ntmarta.dll

dbghelp: loaded successfully - version: 4.0.5 - missing functions: none
symbol engine: initialized successfully - sym options: 0x614 - pdb path: .;c:\Users\casa\.vscode\extensions\redhat.java-1.29.0-win32-x64\jre\17.0.10-win32-x86_64\bin;C:\WINDOWS\SYSTEM32;C:\WINDOWS\WinSxS\amd64_microsoft.windows.common-controls_6595b64144ccf1df_6.0.22621.3235_none_270f74e173860f98;c:\Users\casa\.vscode\extensions\redhat.java-1.29.0-win32-x64\jre\17.0.10-win32-x86_64\bin\server;C:\Users\casa\AppData\Roaming\Code\User\globalStorage\redhat.java\1.29.0\config_win\org.eclipse.equinox.launcher\org.eclipse.equinox.launcher.win32.win32.x86_64_1.2.900.v20240213-1244;C:\Users\casa\AppData\Local\Temp\jna-3046188

VM Arguments:
jvm_args: --add-modules=ALL-SYSTEM --add-opens=java.base/java.util=ALL-UNNAMED --add-opens=java.base/java.lang=ALL-UNNAMED --add-opens=java.base/sun.nio.fs=ALL-UNNAMED -Declipse.application=org.eclipse.jdt.ls.core.id1 -Dosgi.bundles.defaultStartLevel=4 -Declipse.product=org.eclipse.jdt.ls.core.product -Djava.import.generatesMetadataFilesAtProjectRoot=false -DDetectVMInstallationsJob.disabled=true -Dfile.encoding=utf8 -XX:+UseParallelGC -XX:GCTimeRatio=4 -XX:AdaptiveSizePolicyWeight=90 -Dsun.zip.disableMemoryMapping=true -Xmx2G -Xms100m -Xlog:disable -javaagent:c:\Users\casa\.vscode\extensions\redhat.java-1.29.0-win32-x64\lombok\lombok-1.18.32.jar -XX:+HeapDumpOnOutOfMemoryError -XX:HeapDumpPath=c:\Users\casa\AppData\Roaming\Code\User\workspaceStorage\2ca1e065a12013a041ddb2075f267414\redhat.java -Daether.dependencyCollector.impl=bf 
java_command: c:\Users\casa\.vscode\extensions\redhat.java-1.29.0-win32-x64\server\plugins\org.eclipse.equinox.launcher_1.6.800.v20240304-1850.jar -configuration c:\Users\casa\AppData\Roaming\Code\User\globalStorage\redhat.java\1.29.0\config_win -data c:\Users\casa\AppData\Roaming\Code\User\workspaceStorage\2ca1e065a12013a041ddb2075f267414\redhat.java\jdt_ws --stdio
java_class_path (initial): c:\Users\casa\.vscode\extensions\redhat.java-1.29.0-win32-x64\server\plugins\org.eclipse.equinox.launcher_1.6.800.v20240304-1850.jar
Launcher Type: SUN_STANDARD

[Global flags]
    uintx AdaptiveSizePolicyWeight                 = 90                                        {product} {command line}
     intx CICompilerCount                          = 4                                         {product} {ergonomic}
    uintx GCTimeRatio                              = 4                                         {product} {command line}
     bool HeapDumpOnOutOfMemoryError               = true                                   {manageable} {command line}
    ccstr HeapDumpPath                             = c:\Users\casa\AppData\Roaming\Code\User\workspaceStorage\2ca1e065a12013a041ddb2075f267414\redhat.java         {manageable} {command line}
   size_t InitialHeapSize                          = 104857600                                 {product} {command line}
   size_t MaxHeapSize                              = 2147483648                                {product} {command line}
   size_t MaxNewSize                               = 715653120                                 {product} {ergonomic}
   size_t MinHeapDeltaBytes                        = 524288                                    {product} {ergonomic}
   size_t MinHeapSize                              = 104857600                                 {product} {command line}
   size_t NewSize                                  = 34603008                                  {product} {ergonomic}
    uintx NonNMethodCodeHeapSize                   = 5839372                                {pd product} {ergonomic}
    uintx NonProfiledCodeHeapSize                  = 122909434                              {pd product} {ergonomic}
   size_t OldSize                                  = 70254592                                  {product} {ergonomic}
    uintx ProfiledCodeHeapSize                     = 122909434                              {pd product} {ergonomic}
    uintx ReservedCodeCacheSize                    = 251658240                              {pd product} {ergonomic}
     bool SegmentedCodeCache                       = true                                      {product} {ergonomic}
   size_t SoftMaxHeapSize                          = 2147483648                             {manageable} {ergonomic}
     bool UseCompressedClassPointers               = true                           {product lp64_product} {ergonomic}
     bool UseCompressedOops                        = true                           {product lp64_product} {ergonomic}
     bool UseLargePagesIndividualAllocation        = false                                  {pd product} {ergonomic}
     bool UseParallelGC                            = true                                      {product} {command line}

Logging:
Log output configuration:
 #0: stdout all=off uptime,level,tags
 #1: stderr all=off uptime,level,tags

Environment Variables:
PATH=C:\Program Files\Common Files\Oracle\Java\javapath;C:\Program Files (x86)\Common Files\Oracle\Java\javapath;C:\ProgramData\Oracle\Java\javapath;C:\Windows\system32;C:\Windows;C:\Windows\System32\Wbem;C:\Windows\System32\WindowsPowerShell\v1.0\;C:\Windows\System32\OpenSSH\;C:\ProgramData\chocolatey\bin;C:\Program Files (x86)\NVIDIA Corporation\PhysX\Common;C:\WINDOWS\system32;C:\WINDOWS;C:\WINDOWS\System32\Wbem;C:\WINDOWS\System32\WindowsPowerShell\v1.0\;C:\WINDOWS\System32\OpenSSH\;C:\Program Files (x86)\Microsoft SQL Server\160\Tools\Binn\;C:\Program Files\Microsoft SQL Server\160\Tools\Binn\;C:\Program Files\Microsoft SQL Server\Client SDK\ODBC\170\Tools\Binn\;C:\Program Files\Microsoft SQL Server\160\DTS\Binn\;C:\Program Files (x86)\Microsoft SQL Server\160\DTS\Binn\;C:\Program Files\Git\cmd;C:\Program Files\nodejs\;C:\Program Files\dotnet\;C:\Program Files\Microsoft SQL Server\150\Tools\Binn\;C:\Users\casa\AppData\Local\Microsoft\WindowsApps;C:\Users\casa\AppData\Roaming\npm\node_modules\@angular\cli\bin;C:\Program Files\Azure Data Studio\bin;C:\Program Files\nodejs\;C:\Users\casa\AppData\Local\Programs\Microsoft VS Code\bin;C:\Users\casa\AppData\Roaming\npm;C:\Users\casa\.dotnet\tools;C:\Users\casa\AppData\Roaming\npm\node_modules\@angular\cli\bin;
USERNAME=casa
OS=Windows_NT
PROCESSOR_IDENTIFIER=Intel64 Family 6 Model 151 Stepping 2, GenuineIntel
TMP=C:\Users\casa\AppData\Local\Temp
TEMP=C:\Users\casa\AppData\Local\Temp



Periodic native trim disabled


---------------  S Y S T E M  ---------------

OS:
 Windows 11 , 64 bit Build 22621 (10.0.22621.3374)
OS uptime: 0 days 0:31 hours
Hyper-V role detected

CPU: total 12 (initial active 12) (6 cores per cpu, 2 threads per core) family 6 model 151 stepping 2 microcode 0x1e, cx8, cmov, fxsr, ht, mmx, 3dnowpref, sse, sse2, sse3, ssse3, sse4.1, sse4.2, popcnt, lzcnt, tsc, tscinvbit, avx, avx2, aes, erms, clmul, bmi1, bmi2, adx, sha, fma, vzeroupper, clflush, clflushopt, clwb, hv
Processor Information for all 12 processors :
  Max Mhz: 2500, Current Mhz: 2500, Mhz Limit: 2500

Memory: 4k page, system-wide physical 16225M (8262M free)
TotalPageFile size 17249M (AvailPageFile size 8311M)
current process WorkingSet (physical memory assigned to process): 706M, peak: 914M
current process commit charge ("private bytes"): 654M, peak: 898M

vm_info: OpenJDK 64-Bit Server VM (17.0.10+7) for windows-amd64 JRE (17.0.10+7), built on Jan 16 2024 23:25:11 by "admin" with MS VC++ 16.10 / 16.11 (VS2019)

END.
