#
# A fatal error has been detected by the Java Runtime Environment:
#
#  EXCEPTION_ACCESS_VIOLATION (0xc0000005) at pc=0x00000291d991d3b1, pid=7648, tid=12308
#
# JRE version: OpenJDK Runtime Environment Temurin-17.0.9+9 (17.0.9+9) (build 17.0.9+9)
# Java VM: OpenJDK 64-Bit Server VM Temurin-17.0.9+9 (17.0.9+9, mixed mode, sharing, tiered, compressed oops, compressed class ptrs, parallel gc, windows-amd64)
# Problematic frame:
# J 21000 c1 org.eclipse.jdt.ls.core.internal.text.correction.SourceAssistProcessor.getSortMembersAction(Lorg/eclipse/jdt/ls/core/internal/corrections/IInvocationContext;Lorg/eclipse/lsp4j/CodeActionParams;Ljava/lang/String;Z)Ljava/util/Optional; (52 bytes) @ 0x00000291d991d3b1 [0x00000291d991d200+0x00000000000001b1]
#
# No core dump will be written. Minidumps are not enabled by default on client versions of Windows
#
# If you would like to submit a bug report, please visit:
#   https://github.com/adoptium/adoptium-support/issues
#

---------------  S U M M A R Y ------------

Command Line: --add-modules=ALL-SYSTEM --add-opens=java.base/java.util=ALL-UNNAMED --add-opens=java.base/java.lang=ALL-UNNAMED --add-opens=java.base/sun.nio.fs=ALL-UNNAMED -Declipse.application=org.eclipse.jdt.ls.core.id1 -Dosgi.bundles.defaultStartLevel=4 -Declipse.product=org.eclipse.jdt.ls.core.product -Djava.import.generatesMetadataFilesAtProjectRoot=false -DDetectVMInstallationsJob.disabled=true -Dfile.encoding=utf8 -XX:+UseParallelGC -XX:GCTimeRatio=4 -XX:AdaptiveSizePolicyWeight=90 -Dsun.zip.disableMemoryMapping=true -Xmx1G -Xms100m -Xlog:disable -javaagent:c:\Users\casa\.vscode\extensions\redhat.java-1.24.0-win32-x64\lombok\lombok-1.18.30.jar -XX:+HeapDumpOnOutOfMemoryError -XX:HeapDumpPath=c:\Users\casa\AppData\Roaming\Code\User\workspaceStorage\2ca1e065a12013a041ddb2075f267414\redhat.java -Daether.dependencyCollector.impl=bf c:\Users\casa\.vscode\extensions\redhat.java-1.24.0-win32-x64\server\plugins\org.eclipse.equinox.launcher_1.6.500.v20230717-2134.jar -configuration c:\Users\casa\AppData\Roaming\Code\User\globalStorage\redhat.java\1.24.0\config_win -data c:\Users\casa\AppData\Roaming\Code\User\workspaceStorage\2ca1e065a12013a041ddb2075f267414\redhat.java\jdt_ws --stdio

Host: 12th Gen Intel(R) Core(TM) i5-12400F, 12 cores, 15G,  Windows 11 , 64 bit Build 22621 (10.0.22621.2428)
Time: Tue Nov 14 10:50:01 2023 Hora estándar de Argentina elapsed time: 7955.957342 seconds (0d 2h 12m 35s)

---------------  T H R E A D  ---------------

Current thread (0x00000291f1865590):  JavaThread "ForkJoinPool.commonPool-worker-77" daemon [_thread_in_Java, id=12308, stack(0x000000ccb8d00000,0x000000ccb8e00000)]

Stack: [0x000000ccb8d00000,0x000000ccb8e00000],  sp=0x000000ccb8dfe9f0,  free space=1018k
Native frames: (J=compiled Java code, j=interpreted, Vv=VM code, C=native code)
C  0x00000291d991d3b1

The last pc belongs to nmethod (printed below).

siginfo: EXCEPTION_ACCESS_VIOLATION (0xc0000005), reading address 0x00000292809cf8a0


Registers:
RAX=0x00000000cab64ba0, RBX=0x0000029200212428, RCX=0x00000000000048ac, RDX=0x00000292009cf748
RSP=0x000000ccb8dfe9f0, RBP=0x00000000eab78798, RSI=0x0000000080000158, RDI=0x00000000c35c8530
R8 =0x00000000eab8d270, R9 =0x00000000eab77788, R10=0x00000291817d0688, R11=0x00000291817d0688
R12=0x0000000000000000, R13=0x00000000eabda270, R14=0x0000000000000001, R15=0x00000291f1865590
RIP=0x00000291d991d3b1, EFLAGS=0x0000000000010206


Register to memory mapping:

RIP=0x00000291d991d3b1 is at entry_point+433 in (nmethod*)0x00000291d991d010
Compiled method (c1) 7955969 21000       3       org.eclipse.jdt.ls.core.internal.text.correction.SourceAssistProcessor::getSortMembersAction (52 bytes)
 total in heap  [0x00000291d991d010,0x00000291d991d938] = 2344
 relocation     [0x00000291d991d168,0x00000291d991d200] = 152
 main code      [0x00000291d991d200,0x00000291d991d6a0] = 1184
 stub code      [0x00000291d991d6a0,0x00000291d991d718] = 120
 oops           [0x00000291d991d718,0x00000291d991d728] = 16
 metadata       [0x00000291d991d728,0x00000291d991d770] = 72
 scopes data    [0x00000291d991d770,0x00000291d991d830] = 192
 scopes pcs     [0x00000291d991d830,0x00000291d991d900] = 208
 dependencies   [0x00000291d991d900,0x00000291d991d918] = 24
 nul chk table  [0x00000291d991d918,0x00000291d991d938] = 32
RAX=0x00000000cab64ba0 is an oop: org.eclipse.jdt.core.dom.CompilationUnit 
{0x00000000cab64ba0} - klass: 'org/eclipse/jdt/core/dom/CompilationUnit'
 - ---- fields (total size 12 words):
 - private 'startPosition' 'I' @12  0
 - private 'length' 'I' @16  1152 (480)
 - 'typeAndFlags' 'I' @20  983046 (f0006)
 - public transient '$isGenerated' 'Z' @24  false
 - final 'ast' 'Lorg/eclipse/jdt/core/dom/AST;' @28  a 'org/eclipse/jdt/core/dom/AST'{0x00000000cab64c00} (cab64c00)
 - private 'parent' 'Lorg/eclipse/jdt/core/dom/ASTNode;' @32  NULL (0)
 - private 'property1' 'Ljava/lang/Object;' @36  "malformed"{0x00000000c355d5b0} (c355d5b0)
 - private 'property2' 'Ljava/lang/Object;' @40  a 'java/lang/Boolean'{0x00000000c0004990} = false (c0004990)
 - private 'location' 'Lorg/eclipse/jdt/core/dom/StructuralPropertyDescriptor;' @44  NULL (0)
 - private 'commentMapper' 'Lorg/eclipse/jdt/core/dom/DefaultCommentMapper;' @48  a 'org/eclipse/jdt/core/dom/DefaultCommentMapper'{0x00000000cac103a0} (cac103a0)
 - private 'typeRoot' 'Lorg/eclipse/jdt/core/ITypeRoot;' @52  a 'org/eclipse/jdt/internal/core/CompilationUnit'{0x00000000caae12c8} (caae12c8)
 - private 'imports' 'Lorg/eclipse/jdt/core/dom/ASTNode$NodeList;' @56  a 'org/eclipse/jdt/core/dom/ASTNode$NodeList'{0x00000000cabf3838} (cabf3838)
 - private 'lineEndTable' '[I' @60  [I{0x00000000cabf0e80} (cabf0e80)
 - private 'messages' '[Lorg/eclipse/jdt/core/dom/Message;' @64  NULL (0)
 - private 'optionalCommentList' 'Ljava/util/List;' @68  a 'java/util/Collections$UnmodifiableRandomAccessList'{0x00000000cabf38a8} (cabf38a8)
 - 'optionalCommentTable' '[Lorg/eclipse/jdt/core/dom/Comment;' @72  a 'org/eclipse/jdt/core/dom/Comment'[0] {0x00000000cabf3828} (cabf3828)
 - private 'optionalPackageDeclaration' 'Lorg/eclipse/jdt/core/dom/PackageDeclaration;' @76  a 'org/eclipse/jdt/core/dom/PackageDeclaration'{0x00000000cab653b8} (cab653b8)
 - private 'module' 'Lorg/eclipse/jdt/core/dom/ModuleDeclaration;' @80  NULL (0)
 - private 'problems' '[Lorg/eclipse/jdt/core/compiler/IProblem;' @84  a 'org/eclipse/jdt/core/compiler/CategorizedProblem'[2] {0x00000000cabf1120} (cabf1120)
 - private 'statementsRecoveryData' 'Ljava/lang/Object;' @88  a 'org/eclipse/jdt/internal/compiler/parser/RecoveryScannerData'{0x00000000cabf38d8} (cabf38d8)
 - private 'types' 'Lorg/eclipse/jdt/core/dom/ASTNode$NodeList;' @92  a 'org/eclipse/jdt/core/dom/ASTNode$NodeList'{0x00000000cabf39c0} (cabf39c0)
RBX=0x0000029200212428 is pointing into metadata
RCX=0x00000000000048ac is an unknown value
RDX=0x00000292009cf748 is pointing into metadata
RSP=0x000000ccb8dfe9f0 is pointing into the stack for thread: 0x00000291f1865590
RBP=0x00000000eab78798 is an oop: org.eclipse.lsp4j.jsonrpc.CompletableFutures$FutureCancelChecker 
{0x00000000eab78798} - klass: 'org/eclipse/lsp4j/jsonrpc/CompletableFutures$FutureCancelChecker'
 - ---- fields (total size 2 words):
 - private final 'future' 'Ljava/util/concurrent/CompletableFuture;' @12  a 'java/util/concurrent/CompletableFuture'{0x00000000eab78758} (eab78758)
RSI=0x0000000080000158 is an unknown value
RDI=0x00000000c35c8530 is an oop: java.lang.String 
{0x00000000c35c8530} - klass: 'java/lang/String'
 - string: "source.sortMembers"
R8 =0x00000000eab8d270 is an oop: org.eclipse.jdt.ls.core.internal.corrections.InnovationContext 
{0x00000000eab8d270} - klass: 'org/eclipse/jdt/ls/core/internal/corrections/InnovationContext'
 - ---- fields (total size 4 words):
 - private 'fSelectionLength' 'I' @12  0
 - private 'fSelectionOffset' 'I' @16  1143 (477)
 - private final 'fCompilationUnit' 'Lorg/eclipse/jdt/core/ICompilationUnit;' @20  a 'org/eclipse/jdt/internal/core/CompilationUnit'{0x00000000eab8bfe8} (eab8bfe8)
 - private 'fASTRoot' 'Lorg/eclipse/jdt/core/dom/CompilationUnit;' @24  a 'org/eclipse/jdt/core/dom/CompilationUnit'{0x00000000cab64ba0} (cab64ba0)
 - private 'fNodeFinder' 'Lorg/eclipse/jdt/core/dom/NodeFinder;' @28  a 'org/eclipse/jdt/core/dom/NodeFinder'{0x00000000eab9a2c8} (eab9a2c8)
R9 =0x00000000eab77788 is an oop: org.eclipse.lsp4j.CodeActionParams 
{0x00000000eab77788} - klass: 'org/eclipse/lsp4j/CodeActionParams'
 - ---- fields (total size 4 words):
 - private 'workDoneToken' 'Lorg/eclipse/lsp4j/jsonrpc/messages/Either;' @12  NULL (0)
 - private 'partialResultToken' 'Lorg/eclipse/lsp4j/jsonrpc/messages/Either;' @16  NULL (0)
 - private 'textDocument' 'Lorg/eclipse/lsp4j/TextDocumentIdentifier;' @20  a 'org/eclipse/lsp4j/TextDocumentIdentifier'{0x00000000eab777f0} (eab777f0)
 - private 'range' 'Lorg/eclipse/lsp4j/Range;' @24  a 'org/eclipse/lsp4j/Range'{0x00000000eab778f8} (eab778f8)
 - private 'context' 'Lorg/eclipse/lsp4j/CodeActionContext;' @28  a 'org/eclipse/lsp4j/CodeActionContext'{0x00000000eab77ad0} (eab77ad0)
R10=0x00000291817d0688 is a pointer to class: 
org.eclipse.jdt.ls.core.internal.corrections.InnovationContext {0x00000291817d0690}
 - instance size:     4
 - klass size:        80
 - access:            public synchronized 
 - state:             fully_initialized
 - name:              'org/eclipse/jdt/ls/core/internal/corrections/InnovationContext'
 - super:             'java/lang/Object'
 - sub:               
 - arrays:            NULL
 - methods:           Array<T>(0x00000291efe8ec10)
 - method ordering:   Array<T>(0x00000291808eaca8)
 - default_methods:   Array<T>(0x0000000000000000)
 - local interfaces:  Array<T>(0x00000291efe8ebb8)
 - trans. interfaces: Array<T>(0x00000291efe8ebb8)
 - constants:         constant pool [72] {0x00000291efe8e908} for 'org/eclipse/jdt/ls/core/internal/corrections/InnovationContext' cache=0x00000291efe8f370
 - class loader data:  loader data: 0x00000291f0aa7da0 for instance a 'org/eclipse/osgi/internal/loader/EquinoxClassLoader'{0x00000000c0251df0}
 - source file:       'InnovationContext.java'
 - class annotations:       Array<T>(0x0000000000000000)
 - class type annotations:  Array<T>(0x0000000000000000)
 - field annotations:       Array<T>(0x0000000000000000)
 - field type annotations:  Array<T>(0x0000000000000000)
 - inner classes:     Array<T>(0x00000291805bbc10)
 - nest members:     Array<T>(0x00000291805bbc10)
 - permitted subclasses:     Array<T>(0x00000291805bbc10)
 - java mirror:       a 'java/lang/Class'{0x00000000c35a60a0} = 'org/eclipse/jdt/ls/core/internal/corrections/InnovationContext'
 - vtable length      12  (start addr: 0x00000291817d0850)
 - itable length      10 (start addr: 0x00000291817d08b0)
 - ---- static fields (0 words):
 - ---- non-static fields (5 words):
 - private 'fSelectionLength' 'I' @12 
 - private 'fSelectionOffset' 'I' @16 
 - private final 'fCompilationUnit' 'Lorg/eclipse/jdt/core/ICompilationUnit;' @20 
 - private 'fASTRoot' 'Lorg/eclipse/jdt/core/dom/CompilationUnit;' @24 
 - private 'fNodeFinder' 'Lorg/eclipse/jdt/core/dom/NodeFinder;' @28 
 - non-static oop maps: 20-28 
R11=0x00000291817d0688 is a pointer to class: 
org.eclipse.jdt.ls.core.internal.corrections.InnovationContext {0x00000291817d0690}
 - instance size:     4
 - klass size:        80
 - access:            public synchronized 
 - state:             fully_initialized
 - name:              'org/eclipse/jdt/ls/core/internal/corrections/InnovationContext'
 - super:             'java/lang/Object'
 - sub:               
 - arrays:            NULL
 - methods:           Array<T>(0x00000291efe8ec10)
 - method ordering:   Array<T>(0x00000291808eaca8)
 - default_methods:   Array<T>(0x0000000000000000)
 - local interfaces:  Array<T>(0x00000291efe8ebb8)
 - trans. interfaces: Array<T>(0x00000291efe8ebb8)
 - constants:         constant pool [72] {0x00000291efe8e908} for 'org/eclipse/jdt/ls/core/internal/corrections/InnovationContext' cache=0x00000291efe8f370
 - class loader data:  loader data: 0x00000291f0aa7da0 for instance a 'org/eclipse/osgi/internal/loader/EquinoxClassLoader'{0x00000000c0251df0}
 - source file:       'InnovationContext.java'
 - class annotations:       Array<T>(0x0000000000000000)
 - class type annotations:  Array<T>(0x0000000000000000)
 - field annotations:       Array<T>(0x0000000000000000)
 - field type annotations:  Array<T>(0x0000000000000000)
 - inner classes:     Array<T>(0x00000291805bbc10)
 - nest members:     Array<T>(0x00000291805bbc10)
 - permitted subclasses:     Array<T>(0x00000291805bbc10)
 - java mirror:       a 'java/lang/Class'{0x00000000c35a60a0} = 'org/eclipse/jdt/ls/core/internal/corrections/InnovationContext'
 - vtable length      12  (start addr: 0x00000291817d0850)
 - itable length      10 (start addr: 0x00000291817d08b0)
 - ---- static fields (0 words):
 - ---- non-static fields (5 words):
 - private 'fSelectionLength' 'I' @12 
 - private 'fSelectionOffset' 'I' @16 
 - private final 'fCompilationUnit' 'Lorg/eclipse/jdt/core/ICompilationUnit;' @20 
 - private 'fASTRoot' 'Lorg/eclipse/jdt/core/dom/CompilationUnit;' @24 
 - private 'fNodeFinder' 'Lorg/eclipse/jdt/core/dom/NodeFinder;' @28 
 - non-static oop maps: 20-28 
R12=0x0 is NULL
R13=0x00000000eabda270 is an oop: java.util.ArrayList 
{0x00000000eabda270} - klass: 'java/util/ArrayList'
 - ---- fields (total size 3 words):
 - protected transient 'modCount' 'I' @12  2
 - private 'size' 'I' @16  0
 - transient 'elementData' '[Ljava/lang/Object;' @20  a 'java/lang/Object'[1] {0x00000000eabda288} (eabda288)
R14=0x0000000000000001 is an unknown value
R15=0x00000291f1865590 is a thread


Top of Stack: (sp=0x000000ccb8dfe9f0)
0x000000ccb8dfe9f0:   0000000700000001 0000029100000001
0x000000ccb8dfea00:   00000000eab78798 00000291d9e8133c
0x000000ccb8dfea10:   00000000eabca550 00000291df78a4f4
0x000000ccb8dfea20:   00000000cac10380 00000000eab8d270
0x000000ccb8dfea30:   00000000eaba1e88 00000000cac11b10
0x000000ccb8dfea40:   00000000eabd77f8 00000000eab8d270
0x000000ccb8dfea50:   00000000eab786c8 00000000eab77788
0x000000ccb8dfea60:   00000000c35c8530 0000000000000001
0x000000ccb8dfea70:   00000000cab64ba0 00000291f1865590
0x000000ccb8dfea80:   00000000eab78798 00000291d8ce59cc
0x000000ccb8dfea90:   0000000000000000 00000291d8e84700
0x000000ccb8dfeaa0:   00000291817d1430 00007ffd2009ef7c
0x000000ccb8dfeab0:   00000000eaba1e30 0000000000000000
0x000000ccb8dfeac0:   00000291f1865590 00000000cac10e10
0x000000ccb8dfead0:   00000000eab9d3f8 0000000000000000
0x000000ccb8dfeae0:   00000000eab9d410 00007ffd2066de18
0x000000ccb8dfeaf0:   00000291f1865590 00000291817d1430
0x000000ccb8dfeb00:   0000000000000002 00000291d968cee4
0x000000ccb8dfeb10:   00000000eaba1e70 00000291dfb140f0
0x000000ccb8dfeb20:   00000000eab9d0d0 00000000eab8d270
0x000000ccb8dfeb30:   00000000eab8d420 00000000eab8d270
0x000000ccb8dfeb40:   00000000eaba1dd8 00000291df45e4ac
0x000000ccb8dfeb50:   00000000eaba1dd8 00000000eaba1788
0x000000ccb8dfeb60:   00000000eab78690 00000000eab8d270
0x000000ccb8dfeb70:   00000000eab786c8 00000000eab77788
0x000000ccb8dfeb80:   00000000eab74138 00000000eaba1e88
0x000000ccb8dfeb90:   00000000eab8bfe8 00000000eaba2490
0x000000ccb8dfeba0:   00000000eaba2570 00000000cac11b10
0x000000ccb8dfebb0:   0000000000000000 0000000000000000
0x000000ccb8dfebc0:   0000000000000000 00000000c35c67a0
0x000000ccb8dfebd0:   00000000eaba1df8 00000291817d1430
0x000000ccb8dfebe0:   00000000eab7a880 00000000eabc9dc0 

Instructions: (pc=0x00000291d991d3b1)
0x00000291d991d2b1:   00 92 02 00 00 49 ba 88 06 7d 81 91 02 00 00 4c
0x00000291d991d2c1:   89 90 20 01 00 00 48 83 80 28 01 00 00 01 48 bb
0x00000291d991d2d1:   28 24 21 00 92 02 00 00 8b 83 cc 00 00 00 83 c0
0x00000291d991d2e1:   02 89 83 cc 00 00 00 81 e0 fe ff 1f 00 83 f8 00
0x00000291d991d2f1:   0f 84 f6 02 00 00 41 8b 58 18 48 83 fb 00 48 bb
0x00000291d991d301:   28 24 21 00 92 02 00 00 48 b8 10 01 00 00 00 00
0x00000291d991d311:   00 00 0f 85 0a 00 00 00 48 b8 20 01 00 00 00 00
0x00000291d991d321:   00 00 48 8b 0c 03 48 8d 49 01 48 89 0c 03 0f 85
0x00000291d991d331:   50 00 00 00 41 8b 58 14 48 b8 28 24 21 00 92 02
0x00000291d991d341:   00 00 48 83 80 30 01 00 00 01 48 8b d3 49 b8 00
0x00000291d991d351:   00 00 00 00 00 00 00 0f 1f 80 00 00 00 00 e8 1c
0x00000291d991d361:   43 3b 05 4c 8b 44 24 58 4c 8b d0 45 89 50 18 49
0x00000291d991d371:   8b c0 48 c1 e8 09 48 ba 00 00 34 e6 91 02 00 00
0x00000291d991d381:   c6 04 10 00 41 8b 40 18 48 83 f8 00 48 ba 48 f7
0x00000291d991d391:   9c 00 92 02 00 00 48 be 48 01 00 00 00 00 00 00
0x00000291d991d3a1:   0f 84 0a 00 00 00 48 be 58 01 00 80 00 00 00 00
0x00000291d991d3b1:   48 8b 3c 32 48 8d 7f 01 48 89 3c 32 0f 84 66 00
0x00000291d991d3c1:   00 00 48 3b 00 48 8b d0 48 be 48 f7 9c 00 92 02
0x00000291d991d3d1:   00 00 49 ba 78 23 2d 81 91 02 00 00 4c 89 96 78
0x00000291d991d3e1:   01 00 00 48 83 86 80 01 00 00 01 8b 50 34 48 83
0x00000291d991d3f1:   fa 00 48 b8 48 f7 9c 00 92 02 00 00 48 be b0 01
0x00000291d991d401:   00 00 00 00 00 00 0f 85 0a 00 00 00 48 be a0 01
0x00000291d991d411:   00 00 00 00 00 00 48 8b 3c 30 48 8d 7f 01 48 89
0x00000291d991d421:   3c 30 0f 85 5a 00 00 00 48 b8 48 f7 9c 00 92 02
0x00000291d991d431:   00 00 48 83 80 40 02 00 00 01 48 b8 40 81 08 ec
0x00000291d991d441:   91 02 00 00 8b 90 cc 00 00 00 83 c2 02 89 90 cc
0x00000291d991d451:   00 00 00 81 e2 fe ff 1f 00 83 fa 00 0f 84 b0 01
0x00000291d991d461:   00 00 48 b8 f0 2f 00 c0 00 00 00 00 48 81 c4 90
0x00000291d991d471:   00 00 00 5d 49 3b a7 50 03 00 00 0f 87 b2 01 00
0x00000291d991d481:   00 c3 48 b8 40 5b 5a c3 00 00 00 00 8b 80 c0 00
0x00000291d991d491:   00 00 48 3b 02 48 8b ca 49 bb 48 f7 9c 00 92 02
0x00000291d991d4a1:   00 00 8b 49 08 49 ba 00 00 00 80 91 02 00 00 49 


Stack slot to memory mapping:
stack at sp + 0 slots: 0x0000000700000001 is an unknown value
stack at sp + 1 slots: 0x0000029100000001 is an unknown value
stack at sp + 2 slots: 0x00000000eab78798 is an oop: org.eclipse.lsp4j.jsonrpc.CompletableFutures$FutureCancelChecker 
{0x00000000eab78798} - klass: 'org/eclipse/lsp4j/jsonrpc/CompletableFutures$FutureCancelChecker'
 - ---- fields (total size 2 words):
 - private final 'future' 'Ljava/util/concurrent/CompletableFuture;' @12  a 'java/util/concurrent/CompletableFuture'{0x00000000eab78758} (eab78758)
stack at sp + 3 slots: 0x00000291d9e8133c is at entry_point+732 in (nmethod*)0x00000291d9e80e90
Compiled method (c1) 7955981 24299       3       org.eclipse.jdt.ls.core.internal.text.correction.SourceAssistProcessor::addFinalModifierWherePossibleAction (29 bytes)
 total in heap  [0x00000291d9e80e90,0x00000291d9e815c8] = 1848
 relocation     [0x00000291d9e80fe8,0x00000291d9e81060] = 120
 main code      [0x00000291d9e81060,0x00000291d9e81400] = 928
 stub code      [0x00000291d9e81400,0x00000291d9e81468] = 104
 oops           [0x00000291d9e81468,0x00000291d9e81478] = 16
 metadata       [0x00000291d9e81478,0x00000291d9e814a8] = 48
 scopes data    [0x00000291d9e814a8,0x00000291d9e81500] = 88
 scopes pcs     [0x00000291d9e81500,0x00000291d9e815a0] = 160
 dependencies   [0x00000291d9e815a0,0x00000291d9e815b8] = 24
 nul chk table  [0x00000291d9e815b8,0x00000291d9e815c8] = 16
stack at sp + 4 slots: 0x00000000eabca550 is an oop: java.util.stream.ReferencePipeline$Head 
{0x00000000eabca550} - klass: 'java/util/stream/ReferencePipeline$Head'
 - ---- fields (total size 7 words):
 - protected final 'sourceOrOpFlags' 'I' @12  80 (50)
 - private 'depth' 'I' @16  0
 - private 'combinedFlags' 'I' @20  16777327 (100006f)
 - private 'linkedOrConsumed' 'Z' @24  true
 - private 'sourceAnyStateful' 'Z' @25  false
 - private 'parallel' 'Z' @26  false
 - private final 'sourceStage' 'Ljava/util/stream/AbstractPipeline;' @28  a 'java/util/stream/ReferencePipeline$Head'{0x00000000eabca550} (eabca550)
 - private final 'previousStage' 'Ljava/util/stream/AbstractPipeline;' @32  NULL (0)
 - private 'nextStage' 'Ljava/util/stream/AbstractPipeline;' @36  NULL (0)
 - private 'sourceSpliterator' 'Ljava/util/Spliterator;' @40  NULL (0)
 - private 'sourceSupplier' 'Ljava/util/function/Supplier;' @44  NULL (0)
 - private 'sourceCloseAction' 'Ljava/lang/Runnable;' @48  NULL (0)
stack at sp + 5 slots: 0x00000291df78a4f4 is at entry_point+180 in (nmethod*)0x00000291df78a290
Compiled method (c2) 7955982 13321       4       java.util.stream.AbstractPipeline::evaluate (94 bytes)
 total in heap  [0x00000291df78a290,0x00000291df78aad8] = 2120
 relocation     [0x00000291df78a3e8,0x00000291df78a438] = 80
 main code      [0x00000291df78a440,0x00000291df78a740] = 768
 stub code      [0x00000291df78a740,0x00000291df78a778] = 56
 metadata       [0x00000291df78a778,0x00000291df78a7a0] = 40
 scopes data    [0x00000291df78a7a0,0x00000291df78a900] = 352
 scopes pcs     [0x00000291df78a900,0x00000291df78aa00] = 256
 dependencies   [0x00000291df78aa00,0x00000291df78aa10] = 16
 handler table  [0x00000291df78aa10,0x00000291df78aab8] = 168
 nul chk table  [0x00000291df78aab8,0x00000291df78aad8] = 32
stack at sp + 6 slots: 0x00000000cac10380 is an oop: org.eclipse.jdt.internal.core.SourceField 
{0x00000000cac10380} - klass: 'org/eclipse/jdt/internal/core/SourceField'
 - ---- fields (total size 4 words):
 - private 'parent' 'Lorg/eclipse/jdt/internal/core/JavaElement;' @12  a 'org/eclipse/jdt/internal/core/SourceType'{0x00000000cac0fe08} (cac0fe08)
 - private 'project' 'Lorg/eclipse/jdt/internal/core/JavaProject;' @16  a 'org/eclipse/jdt/internal/core/JavaProject'{0x00000000cab07ef8} (cab07ef8)
 - public 'occurrenceCount' 'I' @20  1
 - protected 'name' 'Ljava/lang/String;' @24  "hospitalRepository"{0x00000000c90c4338} (c90c4338)
stack at sp + 7 slots: 0x00000000eab8d270 is an oop: org.eclipse.jdt.ls.core.internal.corrections.InnovationContext 
{0x00000000eab8d270} - klass: 'org/eclipse/jdt/ls/core/internal/corrections/InnovationContext'
 - ---- fields (total size 4 words):
 - private 'fSelectionLength' 'I' @12  0
 - private 'fSelectionOffset' 'I' @16  1143 (477)
 - private final 'fCompilationUnit' 'Lorg/eclipse/jdt/core/ICompilationUnit;' @20  a 'org/eclipse/jdt/internal/core/CompilationUnit'{0x00000000eab8bfe8} (eab8bfe8)
 - private 'fASTRoot' 'Lorg/eclipse/jdt/core/dom/CompilationUnit;' @24  a 'org/eclipse/jdt/core/dom/CompilationUnit'{0x00000000cab64ba0} (cab64ba0)
 - private 'fNodeFinder' 'Lorg/eclipse/jdt/core/dom/NodeFinder;' @28  a 'org/eclipse/jdt/core/dom/NodeFinder'{0x00000000eab9a2c8} (eab9a2c8)


Compiled method (c1) 7955984 21000       3       org.eclipse.jdt.ls.core.internal.text.correction.SourceAssistProcessor::getSortMembersAction (52 bytes)
 total in heap  [0x00000291d991d010,0x00000291d991d938] = 2344
 relocation     [0x00000291d991d168,0x00000291d991d200] = 152
 main code      [0x00000291d991d200,0x00000291d991d6a0] = 1184
 stub code      [0x00000291d991d6a0,0x00000291d991d718] = 120
 oops           [0x00000291d991d718,0x00000291d991d728] = 16
 metadata       [0x00000291d991d728,0x00000291d991d770] = 72
 scopes data    [0x00000291d991d770,0x00000291d991d830] = 192
 scopes pcs     [0x00000291d991d830,0x00000291d991d900] = 208
 dependencies   [0x00000291d991d900,0x00000291d991d918] = 24
 nul chk table  [0x00000291d991d918,0x00000291d991d938] = 32

[Constant Pool (empty)]

[MachCode]
[Entry Point]
  # {method} {0x00000291efdcfd00} 'getSortMembersAction' '(Lorg/eclipse/jdt/ls/core/internal/corrections/IInvocationContext;Lorg/eclipse/lsp4j/CodeActionParams;Ljava/lang/String;Z)Ljava/util/Optional;' in 'org/eclipse/jdt/ls/core/internal/text/correction/SourceAssistProcessor'
  # this:     rdx:rdx   = 'org/eclipse/jdt/ls/core/internal/text/correction/SourceAssistProcessor'
  # parm0:    r8:r8     = 'org/eclipse/jdt/ls/core/internal/corrections/IInvocationContext'
  # parm1:    r9:r9     = 'org/eclipse/lsp4j/CodeActionParams'
  # parm2:    rdi:rdi   = 'java/lang/String'
  # parm3:    rsi       = boolean
  #           [sp+0xa0]  (sp of caller)
  0x00000291d991d200: 448b 5208 | 49bb 0000 | 0080 9102 | 0000 4d03 | d34c 3bd0 

  0x00000291d991d214: ;   {runtime_call ic_miss_stub}
  0x00000291d991d214: 0f85 663b | 3b05 660f | 1f44 0000 
[Verified Entry Point]
  0x00000291d991d220: 8984 2400 | 90ff ff55 | 4881 ec90 | 0000 0048 | 8954 2460 | 4c89 4424 | 584c 894c | 2468 4889 
  0x00000291d991d240: 7c24 7089 

  0x00000291d991d244: ;   {metadata(method data for {method} {0x00000291efdcfd00} 'getSortMembersAction' '(Lorg/eclipse/jdt/ls/core/internal/corrections/IInvocationContext;Lorg/eclipse/lsp4j/CodeActionParams;Ljava/lang/String;Z)Ljava/util/Optional;' in 'org/eclipse/jdt/ls/core/internal/text/correction/SourceAssistProcessor')}
  0x00000291d991d244: 7424 7848 | bb48 f79c | 0092 0200 | 008b 83cc | 0000 0083 | c002 8983 | cc00 0000 | 81e0 fe07 
  0x00000291d991d264: 0000 83f8 | 000f 8453 | 0300 0049 | 83f8 000f | 842a 0000 

  0x00000291d991d278: ;   {metadata('org/eclipse/jdt/ls/core/internal/corrections/InnovationContext')}
  0x00000291d991d278: 0049 bb88 | 067d 8191 | 0200 0041 | 8b48 0849 | ba00 0000 | 8091 0200 | 0049 03ca | 4c3b 5938 
  0x00000291d991d298: 0f85 4503 | 0000 e900 | 0000 0049 | 8bd8 493b | 0049 8bd8 

  0x00000291d991d2ac: ;   {metadata(method data for {method} {0x00000291efdcfd00} 'getSortMembersAction' '(Lorg/eclipse/jdt/ls/core/internal/corrections/IInvocationContext;Lorg/eclipse/lsp4j/CodeActionParams;Ljava/lang/String;Z)Ljava/util/Optional;' in 'org/eclipse/jdt/ls/core/internal/text/correction/SourceAssistProcessor')}
  0x00000291d991d2ac: 48b8 48f7 | 9c00 9202 

  0x00000291d991d2b4: ;   {metadata('org/eclipse/jdt/ls/core/internal/corrections/InnovationContext')}
  0x00000291d991d2b4: 0000 49ba | 8806 7d81 | 9102 0000 | 4c89 9020 | 0100 0048 | 8380 2801 

  0x00000291d991d2cc: ;   {metadata(method data for {method} {0x00000291efe8ef78} 'getASTRoot' '()Lorg/eclipse/jdt/core/dom/CompilationUnit;' in 'org/eclipse/jdt/ls/core/internal/corrections/InnovationContext')}
  0x00000291d991d2cc: 0000 0148 | bb28 2421 | 0092 0200 | 008b 83cc | 0000 0083 | c002 8983 | cc00 0000 | 81e0 feff 
  0x00000291d991d2ec: 1f00 83f8 | 000f 84f6 | 0200 0041 | 8b58 1848 

  0x00000291d991d2fc: ;   {metadata(method data for {method} {0x00000291efe8ef78} 'getASTRoot' '()Lorg/eclipse/jdt/core/dom/CompilationUnit;' in 'org/eclipse/jdt/ls/core/internal/corrections/InnovationContext')}
  0x00000291d991d2fc: 83fb 0048 | bb28 2421 | 0092 0200 | 0048 b810 | 0100 0000 | 0000 000f | 850a 0000 | 0048 b820 
  0x00000291d991d31c: 0100 0000 | 0000 0048 | 8b0c 0348 | 8d49 0148 | 890c 030f | 8550 0000 | 0041 8b58 

  0x00000291d991d338: ;   {metadata(method data for {method} {0x00000291efe8ef78} 'getASTRoot' '()Lorg/eclipse/jdt/core/dom/CompilationUnit;' in 'org/eclipse/jdt/ls/core/internal/corrections/InnovationContext')}
  0x00000291d991d338: 1448 b828 | 2421 0092 | 0200 0048 | 8380 3001 | 0000 0148 

  0x00000291d991d34c: ;   {oop(NULL)}
  0x00000291d991d34c: 8bd3 49b8 | 0000 0000 | 0000 0000 | 0f1f 8000 

  0x00000291d991d35c: ;   {static_call}
  0x00000291d991d35c: 0000 00e8 

  0x00000291d991d360: ; ImmutableOopMap {[104]=Oop [88]=Oop [96]=Oop [112]=Oop }
                      ;*invokestatic createQuickFixAST {reexecute=0 rethrow=0 return_oop=0}
                      ; - org.eclipse.jdt.ls.core.internal.corrections.InnovationContext::getASTRoot@13 (line 68)
                      ; - org.eclipse.jdt.ls.core.internal.text.correction.SourceAssistProcessor::getSortMembersAction@1 (line 679)
  0x00000291d991d360: 1c43 3b05 | 4c8b 4424 | 584c 8bd0 | 4589 5018 | 498b c048 | c1e8 0948 | ba00 0034 | e691 0200 
  0x00000291d991d380: 00c6 0410 | 0041 8b40 | 1848 83f8 

  0x00000291d991d38c: ;   {metadata(method data for {method} {0x00000291efdcfd00} 'getSortMembersAction' '(Lorg/eclipse/jdt/ls/core/internal/corrections/IInvocationContext;Lorg/eclipse/lsp4j/CodeActionParams;Ljava/lang/String;Z)Ljava/util/Optional;' in 'org/eclipse/jdt/ls/core/internal/text/correction/SourceAssistProcessor')}
  0x00000291d991d38c: 0048 ba48 | f79c 0092 | 0200 0048 | be48 0100 | 0000 0000 | 000f 840a | 0000 0048 | be58 0100 
  0x00000291d991d3ac: 8000 0000 | 0048 8b3c | 3248 8d7f | 0148 893c | 320f 8466 | 0000 0048 | 3b00 488b 

  0x00000291d991d3c8: ;   {metadata(method data for {method} {0x00000291efdcfd00} 'getSortMembersAction' '(Lorg/eclipse/jdt/ls/core/internal/corrections/IInvocationContext;Lorg/eclipse/lsp4j/CodeActionParams;Ljava/lang/String;Z)Ljava/util/Optional;' in 'org/eclipse/jdt/ls/core/internal/text/correction/SourceAssistProcessor')}
  0x00000291d991d3c8: d048 be48 | f79c 0092 

  0x00000291d991d3d0: ;   {metadata('org/eclipse/jdt/core/dom/CompilationUnit')}
  0x00000291d991d3d0: 0200 0049 | ba78 232d | 8191 0200 | 004c 8996 | 7801 0000 | 4883 8680 | 0100 0001 | 8b50 3448 
  0x00000291d991d3f0: ;   {metadata(method data for {method} {0x00000291efdcfd00} 'getSortMembersAction' '(Lorg/eclipse/jdt/ls/core/internal/corrections/IInvocationContext;Lorg/eclipse/lsp4j/CodeActionParams;Ljava/lang/String;Z)Ljava/util/Optional;' in 'org/eclipse/jdt/ls/core/internal/text/correction/SourceAssistProcessor')}
  0x00000291d991d3f0: 83fa 0048 | b848 f79c | 0092 0200 | 0048 beb0 | 0100 0000 | 0000 000f | 850a 0000 | 0048 bea0 
  0x00000291d991d410: 0100 0000 | 0000 0048 | 8b3c 3048 | 8d7f 0148 | 893c 300f | 855a 0000 

  0x00000291d991d428: ;   {metadata(method data for {method} {0x00000291efdcfd00} 'getSortMembersAction' '(Lorg/eclipse/jdt/ls/core/internal/corrections/IInvocationContext;Lorg/eclipse/lsp4j/CodeActionParams;Ljava/lang/String;Z)Ljava/util/Optional;' in 'org/eclipse/jdt/ls/core/internal/text/correction/SourceAssistProcessor')}
  0x00000291d991d428: 0048 b848 | f79c 0092 | 0200 0048 | 8380 4002 

  0x00000291d991d438: ;   {metadata(method data for {method} {0x000002918010e258} 'empty' '()Ljava/util/Optional;' in 'java/util/Optional')}
  0x00000291d991d438: 0000 0148 | b840 8108 | ec91 0200 | 008b 90cc | 0000 0083 | c202 8990 | cc00 0000 | 81e2 feff 
  0x00000291d991d458: 1f00 83fa | 000f 84b0 

  0x00000291d991d460: ;   {oop(a 'java/util/Optional'{0x00000000c0002ff0})}
  0x00000291d991d460: 0100 0048 | b8f0 2f00 | c000 0000 | 0048 81c4 | 9000 0000 

  0x00000291d991d474: ;   {poll_return}
  0x00000291d991d474: 5d49 3ba7 | 5003 0000 | 0f87 b201 

  0x00000291d991d480: ;   {oop(a 'java/lang/Class'{0x00000000c35a5b40} = 'org/eclipse/jdt/ls/core/internal/text/correction/ActionMessages')}
  0x00000291d991d480: 0000 c348 | b840 5b5a | c300 0000 | 008b 80c0 | 0000 0048 | 3b02 488b 

  0x00000291d991d498: ;   {metadata(method data for {method} {0x00000291efdcfd00} 'getSortMembersAction' '(Lorg/eclipse/jdt/ls/core/internal/corrections/IInvocationContext;Lorg/eclipse/lsp4j/CodeActionParams;Ljava/lang/String;Z)Ljava/util/Optional;' in 'org/eclipse/jdt/ls/core/internal/text/correction/SourceAssistProcessor')}
  0x00000291d991d498: ca49 bb48 | f79c 0092 | 0200 008b | 4908 49ba | 0000 0080 | 9102 0000 | 4903 ca49 | 3b8b d001 
  0x00000291d991d4b8: 0000 750d | 4983 83d8 | 0100 0001 | e966 0000 | 0049 3b8b | e001 0000 | 750d 4983 | 83e8 0100 
  0x00000291d991d4d8: 0001 e950 | 0000 0049 | 81bb d001 | 0000 0000 | 0000 7517 | 4989 8bd0 | 0100 0049 | c783 d801 
  0x00000291d991d4f8: 0000 0100 | 0000 e92c | 0000 0049 | 81bb e001 | 0000 0000 | 0000 7517 | 4989 8be0 | 0100 0049 
  0x00000291d991d518: c783 e801 | 0000 0100 | 0000 e908 | 0000 0049 | 8383 c001 | 0000 0148 | 8984 2480 | 0000 0066 
  0x00000291d991d538: 0f1f 4400 | 0048 b800 | 0023 8191 

  0x00000291d991d544: ;   {virtual_call}
  0x00000291d991d544: 0200 00e8 

  0x00000291d991d548: ; ImmutableOopMap {[128]=Oop [112]=Oop [104]=Oop [88]=Oop [96]=Oop }
                      ;*invokeinterface getElementName {reexecute=0 rethrow=0 return_oop=0}
                      ; - org.eclipse.jdt.ls.core.internal.text.correction.SourceAssistProcessor::getSortMembersAction@34 (line 683)
  0x00000291d991d548: 5453 df05 

  0x00000291d991d54c: ;   {metadata(method data for {method} {0x00000291efdcfd00} 'getSortMembersAction' '(Lorg/eclipse/jdt/ls/core/internal/corrections/IInvocationContext;Lorg/eclipse/lsp4j/CodeActionParams;Ljava/lang/String;Z)Ljava/util/Optional;' in 'org/eclipse/jdt/ls/core/internal/text/correction/SourceAssistProcessor')}
  0x00000291d991d54c: 48ba 48f7 | 9c00 9202 | 0000 4883 | 82f8 0100 | 0001 488b | 9424 8000 | 0000 4c8b | c066 0f1f 
  0x00000291d991d56c: ;   {static_call}
  0x00000291d991d56c: 4400 00e8 

  0x00000291d991d570: ; ImmutableOopMap {[112]=Oop [104]=Oop [88]=Oop [96]=Oop }
                      ;*invokestatic format {reexecute=0 rethrow=0 return_oop=0}
                      ; - org.eclipse.jdt.ls.core.internal.text.correction.SourceAssistProcessor::getSortMembersAction@39 (line 683)
  0x00000291d991d570: 6cc4 85fe | 488b 5424 

  0x00000291d991d578: ;   {metadata(method data for {method} {0x00000291efdcfd00} 'getSortMembersAction' '(Lorg/eclipse/jdt/ls/core/internal/corrections/IInvocationContext;Lorg/eclipse/lsp4j/CodeActionParams;Ljava/lang/String;Z)Ljava/util/Optional;' in 'org/eclipse/jdt/ls/core/internal/text/correction/SourceAssistProcessor')}
  0x00000291d991d578: 6049 b848 | f79c 0092 | 0200 0049 | 8380 0802 | 0000 014c | 8b44 2458 | 4c8b 4c24 | 6848 8b7c 
  0x00000291d991d598: 2470 488b | f08b 4c24 | 7848 8b54 

  0x00000291d991d5a4: ;   {optimized virtual_call}
  0x00000291d991d5a4: 2460 90e8 

  0x00000291d991d5a8: ; ImmutableOopMap {}
                      ;*invokevirtual getSortMembersProposal {reexecute=0 rethrow=0 return_oop=0}
                      ; - org.eclipse.jdt.ls.core.internal.text.correction.SourceAssistProcessor::getSortMembersAction@44 (line 683)
  0x00000291d991d5a8: 1424 95fe | 4881 c490 | 0000 005d 

  0x00000291d991d5b4: ;   {poll_return}
  0x00000291d991d5b4: 493b a750 | 0300 000f | 878e 0000 

  0x00000291d991d5c0: ;   {metadata({method} {0x00000291efdcfd00} 'getSortMembersAction' '(Lorg/eclipse/jdt/ls/core/internal/corrections/IInvocationContext;Lorg/eclipse/lsp4j/CodeActionParams;Ljava/lang/String;Z)Ljava/util/Optional;' in 'org/eclipse/jdt/ls/core/internal/text/correction/SourceAssistProcessor')}
  0x00000291d991d5c0: 00c3 49ba | f8fc dcef | 9102 0000 | 4c89 5424 | 0848 c704 | 24ff ffff 

  0x00000291d991d5d8: ;   {runtime_call counter_overflow Runtime1 stub}
  0x00000291d991d5d8: ffe8 a2b2 

  0x00000291d991d5dc: ; ImmutableOopMap {rdx=Oop [96]=Oop r8=Oop [88]=Oop r9=Oop [104]=Oop rdi=Oop [112]=Oop }
                      ;*synchronization entry
                      ; - org.eclipse.jdt.ls.core.internal.text.correction.SourceAssistProcessor::getSortMembersAction@-1 (line 679)
  0x00000291d991d5dc: 4505 e98c 

  0x00000291d991d5e0: ;   {runtime_call throw_incompatible_class_change_error Runtime1 stub}
  0x00000291d991d5e0: fcff ffe8 

  0x00000291d991d5e4: ; ImmutableOopMap {rdx=Oop [96]=Oop r8=Oop [88]=Oop r9=Oop [104]=Oop rdi=Oop [112]=Oop }
                      ;*invokeinterface getASTRoot {reexecute=0 rethrow=0 return_oop=0}
                      ; - org.eclipse.jdt.ls.core.internal.text.correction.SourceAssistProcessor::getSortMembersAction@1 (line 679)
  0x00000291d991d5e4: b888 4505 

  0x00000291d991d5e8: ;   {runtime_call throw_null_pointer_exception Runtime1 stub}
  0x00000291d991d5e8: e8b3 5e45 

  0x00000291d991d5ec: ; ImmutableOopMap {rdx=Oop [96]=Oop r8=Oop [88]=Oop r9=Oop [104]=Oop rdi=Oop [112]=Oop }
                      ;*invokeinterface getASTRoot {reexecute=0 rethrow=0 return_oop=0}
                      ; - org.eclipse.jdt.ls.core.internal.text.correction.SourceAssistProcessor::getSortMembersAction@1 (line 679)
                      ;   {metadata({method} {0x00000291efe8ef78} 'getASTRoot' '()Lorg/eclipse/jdt/core/dom/CompilationUnit;' in 'org/eclipse/jdt/ls/core/internal/corrections/InnovationContext')}
  0x00000291d991d5ec: 0549 ba70 | efe8 ef91 | 0200 004c | 8954 2408 | 48c7 0424 | ffff ffff 

  0x00000291d991d604: ;   {runtime_call counter_overflow Runtime1 stub}
  0x00000291d991d604: e877 b245 

  0x00000291d991d608: ; ImmutableOopMap {rdx=Oop [96]=Oop r8=Oop [88]=Oop r9=Oop [104]=Oop rdi=Oop [112]=Oop }
                      ;*synchronization entry
                      ; - org.eclipse.jdt.ls.core.internal.corrections.InnovationContext::getASTRoot@-1 (line 67)
                      ; - org.eclipse.jdt.ls.core.internal.text.correction.SourceAssistProcessor::getSortMembersAction@1 (line 679)
  0x00000291d991d608: 05e9 e9fc 

  0x00000291d991d60c: ;   {runtime_call throw_null_pointer_exception Runtime1 stub}
  0x00000291d991d60c: ffff e88d 

  0x00000291d991d610: ; ImmutableOopMap {rax=Oop r8=Oop [88]=Oop [112]=Oop [96]=Oop [104]=Oop }
                      ;*invokevirtual getTypeRoot {reexecute=0 rethrow=0 return_oop=0}
                      ; - org.eclipse.jdt.ls.core.internal.text.correction.SourceAssistProcessor::getSortMembersAction@15 (line 681)
                      ;   {metadata({method} {0x000002918010e258} 'empty' '()Ljava/util/Optional;' in 'java/util/Optional')}
  0x00000291d991d610: 5e45 0549 | ba50 e210 | 8091 0200 | 004c 8954 | 2408 48c7 | 0424 ffff 

  0x00000291d991d628: ;   {runtime_call counter_overflow Runtime1 stub}
  0x00000291d991d628: ffff e851 

  0x00000291d991d62c: ; ImmutableOopMap {}
                      ;*synchronization entry
                      ; - java.util.Optional::empty@-1 (line 88)
                      ; - org.eclipse.jdt.ls.core.internal.text.correction.SourceAssistProcessor::getSortMembersAction@48 (line 686)
  0x00000291d991d62c: b245 05e9 | 2ffe ffff 

  0x00000291d991d634: ;   {internal_word}
  0x00000291d991d634: 49ba 75d4 | 91d9 9102 | 0000 4d89 | 9768 0300 

  0x00000291d991d644: ;   {runtime_call SafepointBlob}
  0x00000291d991d644: 00e9 b6a0 

  0x00000291d991d648: ;   {runtime_call throw_null_pointer_exception Runtime1 stub}
  0x00000291d991d648: 3b05 e851 

  0x00000291d991d64c: ; ImmutableOopMap {[96]=Oop [88]=Oop [112]=Oop [104]=Oop rdx=Oop rax=Oop }
                      ;*invokeinterface getElementName {reexecute=0 rethrow=0 return_oop=0}
                      ; - org.eclipse.jdt.ls.core.internal.text.correction.SourceAssistProcessor::getSortMembersAction@34 (line 683)
                      ;   {internal_word}
  0x00000291d991d64c: 5e45 0549 | bab4 d591 | d991 0200 | 004d 8997 | 6803 0000 

  0x00000291d991d660: ;   {runtime_call SafepointBlob}
  0x00000291d991d660: e99b a03b | 0590 9049 | 8b87 e003 | 0000 49c7 | 87e0 0300 | 0000 0000 | 0049 c787 | e803 0000 
  0x00000291d991d680: 0000 0000 | 4881 c490 | 0000 005d 

  0x00000291d991d68c: ;   {runtime_call unwind_exception Runtime1 stub}
  0x00000291d991d68c: e9ef 4b45 | 05f4 f4f4 | f4f4 f4f4 | f4f4 f4f4 | f4f4 f4f4 
[Stub Code]
  0x00000291d991d6a0: ;   {no_reloc}
  0x00000291d991d6a0: 0f1f 4400 

  0x00000291d991d6a4: ;   {static_stub}
  0x00000291d991d6a4: 0048 bb00 | 0000 0000 

  0x00000291d991d6ac: ;   {runtime_call}
  0x00000291d991d6ac: 0000 00e9 | fbff ffff 

  0x00000291d991d6b4: ;   {static_stub}
  0x00000291d991d6b4: 9048 bb00 | 0000 0000 

  0x00000291d991d6bc: ;   {runtime_call}
  0x00000291d991d6bc: 0000 00e9 | fbff ffff 

  0x00000291d991d6c4: ;   {static_stub}
  0x00000291d991d6c4: 9048 bb00 | 0000 0000 

  0x00000291d991d6cc: ;   {runtime_call}
  0x00000291d991d6cc: 0000 00e9 | fbff ffff 

  0x00000291d991d6d4: ;   {static_stub}
  0x00000291d991d6d4: 9048 bbc0 | f9dc ef91 

  0x00000291d991d6dc: ;   {runtime_call I2C/C2I adapters}
  0x00000291d991d6dc: 0200 00e9 | 08ca 3b05 
[Exception Handler]
  0x00000291d991d6e4: ;   {runtime_call handle_exception_from_callee Runtime1 stub}
  0x00000291d991d6e4: e897 7b45 

  0x00000291d991d6e8: ;   {external_word}
  0x00000291d991d6e8: 0548 b940 | 9a65 20fd | 7f00 0048 

  0x00000291d991d6f4: ;   {runtime_call}
  0x00000291d991d6f4: 83e4 f049 | ba60 2f2e | 20fd 7f00 | 0041 ffd2 

  0x00000291d991d704: ;   {section_word}
  0x00000291d991d704: f449 ba05 | d791 d991 | 0200 0041 

  0x00000291d991d710: ;   {runtime_call DeoptimizationBlob}
  0x00000291d991d710: 52e9 8a92 | 3b05 f4f4 
[/MachCode]


---------------  P R O C E S S  ---------------

Threads class SMR info:
_java_thread_list=0x00000291f3d17060, length=44, elements={
0x00000291ce46a060, 0x00000291ce51e790, 0x00000291e90eaf70, 0x00000291ea7878e0,
0x00000291ea78a1c0, 0x00000291ea78b3d0, 0x00000291ea78fa70, 0x00000291ea794c30,
0x00000291ea79af60, 0x00000291ea79c8a0, 0x00000291ea88c280, 0x00000291ea9f9750,
0x00000291f04378e0, 0x00000291f07d1010, 0x00000291f0a56520, 0x00000291f0cf27f0,
0x00000291f0d82fb0, 0x00000291f0add870, 0x00000291f0ada5d0, 0x00000291f0adaff0,
0x00000291f0adba10, 0x00000291f0adc430, 0x00000291f0adc940, 0x00000291f29b28e0,
0x00000291f29b7ef0, 0x00000291f29b6fc0, 0x00000291f4d63e70, 0x00000291f4d62a30,
0x00000291f29b14a0, 0x00000291f29b1ec0, 0x00000291f186bad0, 0x00000291f186bfe0,
0x00000291f186c4f0, 0x00000291f1867e10, 0x00000291f186b0b0, 0x00000291f1868d40,
0x00000291f18664c0, 0x00000291f1865590, 0x00000291f1868320, 0x00000291f1865aa0,
0x00000291f1866ee0, 0x00000291f18673f0, 0x00000291f1869760, 0x00000291f186b5c0
}

Java Threads: ( => current thread )
  0x00000291ce46a060 JavaThread "main" [_thread_blocked, id=16656, stack(0x000000ccb6000000,0x000000ccb6100000)]
  0x00000291ce51e790 JavaThread "Reference Handler" daemon [_thread_blocked, id=17340, stack(0x000000ccb6300000,0x000000ccb6400000)]
  0x00000291e90eaf70 JavaThread "Finalizer" daemon [_thread_blocked, id=2244, stack(0x000000ccb6400000,0x000000ccb6500000)]
  0x00000291ea7878e0 JavaThread "Signal Dispatcher" daemon [_thread_blocked, id=16668, stack(0x000000ccb6500000,0x000000ccb6600000)]
  0x00000291ea78a1c0 JavaThread "Attach Listener" daemon [_thread_blocked, id=15532, stack(0x000000ccb6600000,0x000000ccb6700000)]
  0x00000291ea78b3d0 JavaThread "Service Thread" daemon [_thread_blocked, id=13092, stack(0x000000ccb6700000,0x000000ccb6800000)]
  0x00000291ea78fa70 JavaThread "Monitor Deflation Thread" daemon [_thread_blocked, id=11480, stack(0x000000ccb6800000,0x000000ccb6900000)]
  0x00000291ea794c30 JavaThread "C2 CompilerThread0" daemon [_thread_blocked, id=18088, stack(0x000000ccb6900000,0x000000ccb6a00000)]
  0x00000291ea79af60 JavaThread "C1 CompilerThread0" daemon [_thread_blocked, id=18512, stack(0x000000ccb6a00000,0x000000ccb6b00000)]
  0x00000291ea79c8a0 JavaThread "Sweeper thread" daemon [_thread_blocked, id=15364, stack(0x000000ccb6b00000,0x000000ccb6c00000)]
  0x00000291ea88c280 JavaThread "Common-Cleaner" daemon [_thread_blocked, id=14968, stack(0x000000ccb6c00000,0x000000ccb6d00000)]
  0x00000291ea9f9750 JavaThread "Notification Thread" daemon [_thread_blocked, id=10332, stack(0x000000ccb6e00000,0x000000ccb6f00000)]
  0x00000291f04378e0 JavaThread "Active Thread: Equinox Container: 2c651cb1-c078-408a-aaa1-c715dc4aa94d" [_thread_blocked, id=9700, stack(0x000000ccb7700000,0x000000ccb7800000)]
  0x00000291f07d1010 JavaThread "Framework Event Dispatcher: Equinox Container: 2c651cb1-c078-408a-aaa1-c715dc4aa94d" daemon [_thread_blocked, id=1868, stack(0x000000ccb7800000,0x000000ccb7900000)]
  0x00000291f0a56520 JavaThread "Start Level: Equinox Container: 2c651cb1-c078-408a-aaa1-c715dc4aa94d" daemon [_thread_blocked, id=4928, stack(0x000000ccb7900000,0x000000ccb7a00000)]
  0x00000291f0cf27f0 JavaThread "Bundle File Closer" daemon [_thread_blocked, id=13812, stack(0x000000ccb7b00000,0x000000ccb7c00000)]
  0x00000291f0d82fb0 JavaThread "SCR Component Actor" daemon [_thread_blocked, id=16820, stack(0x000000ccb7c00000,0x000000ccb7d00000)]
  0x00000291f0add870 JavaThread "Worker-JM" [_thread_blocked, id=12496, stack(0x000000ccb8000000,0x000000ccb8100000)]
  0x00000291f0ada5d0 JavaThread "Java indexing" daemon [_thread_blocked, id=7108, stack(0x000000ccb8300000,0x000000ccb8400000)]
  0x00000291f0adaff0 JavaThread "JNA Cleaner" daemon [_thread_blocked, id=3316, stack(0x000000ccb8400000,0x000000ccb8500000)]
  0x00000291f0adba10 JavaThread "pool-2-thread-1" [_thread_blocked, id=7140, stack(0x000000ccb8700000,0x000000ccb8800000)]
  0x00000291f0adc430 JavaThread "WorkspaceEventsHandler" [_thread_blocked, id=18076, stack(0x000000ccb8800000,0x000000ccb8900000)]
  0x00000291f0adc940 JavaThread "pool-1-thread-1" [_thread_in_native, id=8000, stack(0x000000ccb8900000,0x000000ccb8a00000)]
  0x00000291f29b28e0 JavaThread "Java Debug Server" daemon [_thread_in_native, id=10932, stack(0x000000ccb5e00000,0x000000ccb5f00000)]
  0x00000291f29b7ef0 JavaThread "RxSchedulerPurge-1" daemon [_thread_blocked, id=18184, stack(0x000000ccb8100000,0x000000ccb8200000)]
  0x00000291f29b6fc0 JavaThread "RxCachedWorkerPoolEvictor-1" daemon [_thread_blocked, id=7908, stack(0x000000ccb8200000,0x000000ccb8300000)]
  0x00000291f4d63e70 JavaThread "ForkJoinPool.commonPool-worker-51" daemon [_thread_blocked, id=7144, stack(0x000000ccb5f00000,0x000000ccb6000000)]
  0x00000291f4d62a30 JavaThread "ForkJoinPool.commonPool-worker-65" daemon [_thread_blocked, id=10284, stack(0x000000ccb5d00000,0x000000ccb5e00000)]
  0x00000291f29b14a0 JavaThread "ForkJoinPool.commonPool-worker-68" daemon [_thread_blocked, id=9048, stack(0x000000ccb8600000,0x000000ccb8700000)]
  0x00000291f29b1ec0 JavaThread "Worker-45" [_thread_blocked, id=14616, stack(0x000000ccb9000000,0x000000ccb9100000)]
  0x00000291f186bad0 JavaThread "Worker-48" [_thread_blocked, id=13408, stack(0x000000ccb6d00000,0x000000ccb6e00000)]
  0x00000291f186bfe0 JavaThread "ForkJoinPool.commonPool-worker-72" daemon [_thread_blocked, id=7468, stack(0x000000ccb7000000,0x000000ccb7100000)]
  0x00000291f186c4f0 JavaThread "ForkJoinPool.commonPool-worker-73" daemon [_thread_blocked, id=14256, stack(0x000000ccb7f00000,0x000000ccb8000000)]
  0x00000291f1867e10 JavaThread "ForkJoinPool.commonPool-worker-74" daemon [_thread_blocked, id=9956, stack(0x000000ccb8500000,0x000000ccb8600000)]
  0x00000291f186b0b0 JavaThread "Worker-49" [_thread_blocked, id=17192, stack(0x000000ccb8a00000,0x000000ccb8b00000)]
  0x00000291f1868d40 JavaThread "ForkJoinPool.commonPool-worker-75" daemon [_thread_blocked, id=3708, stack(0x000000ccb8b00000,0x000000ccb8c00000)]
  0x00000291f18664c0 JavaThread "ForkJoinPool.commonPool-worker-76" daemon [_thread_blocked, id=17152, stack(0x000000ccb8c00000,0x000000ccb8d00000)]
=>0x00000291f1865590 JavaThread "ForkJoinPool.commonPool-worker-77" daemon [_thread_in_Java, id=12308, stack(0x000000ccb8d00000,0x000000ccb8e00000)]
  0x00000291f1868320 JavaThread "ForkJoinPool.commonPool-worker-78" daemon [_thread_blocked, id=6780, stack(0x000000ccb8e00000,0x000000ccb8f00000)]
  0x00000291f1865aa0 JavaThread "ForkJoinPool.commonPool-worker-79" daemon [_thread_blocked, id=5160, stack(0x000000ccb8f00000,0x000000ccb9000000)]
  0x00000291f1866ee0 JavaThread "Worker-50" [_thread_blocked, id=1144, stack(0x000000ccb9100000,0x000000ccb9200000)]
  0x00000291f18673f0 JavaThread "Worker-51" [_thread_blocked, id=4944, stack(0x000000ccb9300000,0x000000ccb9400000)]
  0x00000291f1869760 JavaThread "Worker-52" [_thread_blocked, id=4412, stack(0x000000ccb9400000,0x000000ccb9500000)]
  0x00000291f186b5c0 JavaThread "pool-1-thread-20" [_thread_blocked, id=14596, stack(0x000000ccb9200000,0x000000ccb9300000)]

Other Threads:
  0x00000291ea780eb0 VMThread "VM Thread" [stack: 0x000000ccb6200000,0x000000ccb6300000] [id=6964]
  0x00000291ea9e68d0 WatcherThread [stack: 0x000000ccb6f00000,0x000000ccb7000000] [id=9376]
  0x00000291ce4781c0 GCTaskThread "GC Thread#0" [stack: 0x000000ccb6100000,0x000000ccb6200000] [id=17184]
  0x00000291f0142330 GCTaskThread "GC Thread#1" [stack: 0x000000ccb7100000,0x000000ccb7200000] [id=18208]
  0x00000291f03a98e0 GCTaskThread "GC Thread#2" [stack: 0x000000ccb7200000,0x000000ccb7300000] [id=7088]
  0x00000291f0209ee0 GCTaskThread "GC Thread#3" [stack: 0x000000ccb7300000,0x000000ccb7400000] [id=3244]
  0x00000291f020a1a0 GCTaskThread "GC Thread#4" [stack: 0x000000ccb7400000,0x000000ccb7500000] [id=2556]
  0x00000291f020a870 GCTaskThread "GC Thread#5" [stack: 0x000000ccb7500000,0x000000ccb7600000] [id=10908]
  0x00000291f020ab30 GCTaskThread "GC Thread#6" [stack: 0x000000ccb7600000,0x000000ccb7700000] [id=11980]
  0x00000291f0930830 GCTaskThread "GC Thread#7" [stack: 0x000000ccb7a00000,0x000000ccb7b00000] [id=9164]
  0x00000291f092fd30 GCTaskThread "GC Thread#8" [stack: 0x000000ccb7d00000,0x000000ccb7e00000] [id=17176]
  0x00000291f0930af0 GCTaskThread "GC Thread#9" [stack: 0x000000ccb7e00000,0x000000ccb7f00000] [id=19024]

Threads with active compile tasks:

VM state: not at safepoint (normal execution)

VM Mutex/Monitor currently owned by a thread: None

Heap address: 0x00000000c0000000, size: 1024 MB, Compressed Oops mode: 32-bit

CDS archive(s) mapped at: [0x0000029180000000-0x0000029180ba0000-0x0000029180ba0000), size 12189696, SharedBaseAddress: 0x0000029180000000, ArchiveRelocationMode: 1.
Compressed class space mapped at: 0x0000029181000000-0x00000291c1000000, reserved size: 1073741824
Narrow klass base: 0x0000029180000000, Narrow klass shift: 0, Narrow klass range: 0x100000000

GC Precious Log:
 CPUs: 12 total, 12 available
 Memory: 16225M
 Large Page Support: Disabled
 NUMA Support: Disabled
 Compressed Oops: Enabled (32-bit)
 Alignments: Space 512K, Generation 512K, Heap 2M
 Heap Min Capacity: 100M
 Heap Initial Capacity: 100M
 Heap Max Capacity: 1G
 Pre-touch: Disabled
 Parallel Workers: 10

Heap:
 PSYoungGen      total 4096K, used 1669K [0x00000000eab00000, 0x00000000eb080000, 0x0000000100000000)
  eden space 3072K, 29% used [0x00000000eab00000,0x00000000eabe14b8,0x00000000eae00000)
  from space 1024K, 75% used [0x00000000eaf80000,0x00000000eb040000,0x00000000eb080000)
  to   space 1024K, 0% used [0x00000000eae00000,0x00000000eae00000,0x00000000eaf00000)
 ParOldGen       total 197120K, used 177231K [0x00000000c0000000, 0x00000000cc080000, 0x00000000eab00000)
  object space 197120K, 89% used [0x00000000c0000000,0x00000000cad13ff0,0x00000000cc080000)
 Metaspace       used 91925K, committed 93376K, reserved 1179648K
  class space    used 8861K, committed 9536K, reserved 1048576K

Card table byte_map: [0x00000291e6940000,0x00000291e6b50000] _byte_map_base: 0x00000291e6340000

Marking Bits: (ParMarkBitMap*) 0x00007ffd208cd0b0
 Begin Bits: [0x00000291e6cb0000, 0x00000291e7cb0000)
 End Bits:   [0x00000291e7cb0000, 0x00000291e8cb0000)

Polling page: 0x00000291ce520000

Metaspace:

Usage:
  Non-class:     81.12 MB used.
      Class:      8.65 MB used.
       Both:     89.77 MB used.

Virtual space:
  Non-class space:      128.00 MB reserved,      81.88 MB ( 64%) committed,  2 nodes.
      Class space:        1.00 GB reserved,       9.31 MB ( <1%) committed,  1 nodes.
             Both:        1.12 GB reserved,      91.19 MB (  8%) committed. 

Chunk freelists:
   Non-Class:  13.81 MB
       Class:  6.71 MB
        Both:  20.52 MB

MaxMetaspaceSize: unlimited
CompressedClassSpaceSize: 1.00 GB
Initial GC threshold: 21.00 MB
Current GC threshold: 151.88 MB
CDS: on
MetaspaceReclaimPolicy: balanced
 - commit_granule_bytes: 65536.
 - commit_granule_words: 8192.
 - virtual_space_node_default_size: 8388608.
 - enlarge_chunks_in_place: 1.
 - new_chunks_are_fully_committed: 0.
 - uncommit_free_chunks: 1.
 - use_allocation_guard: 0.
 - handle_deallocations: 1.


Internal statistics:

num_allocs_failed_limit: 9.
num_arena_births: 1702.
num_arena_deaths: 720.
num_vsnodes_births: 3.
num_vsnodes_deaths: 0.
num_space_committed: 1461.
num_space_uncommitted: 2.
num_chunks_returned_to_freelist: 912.
num_chunks_taken_from_freelist: 6416.
num_chunk_merges: 353.
num_chunk_splits: 3771.
num_chunks_enlarged: 2105.
num_inconsistent_stats: 0.

CodeHeap 'non-profiled nmethods': size=120000Kb used=29653Kb max_used=29653Kb free=90346Kb
 bounds [0x00000291df220000, 0x00000291e0f20000, 0x00000291e6750000]
CodeHeap 'profiled nmethods': size=120000Kb used=45245Kb max_used=45245Kb free=74754Kb
 bounds [0x00000291d7750000, 0x00000291da3e0000, 0x00000291dec80000]
CodeHeap 'non-nmethods': size=5760Kb used=1431Kb max_used=1529Kb free=4329Kb
 bounds [0x00000291dec80000, 0x00000291deef0000, 0x00000291df220000]
 total_blobs=21919 nmethods=21142 adapters=685
 compilation: enabled
              stopped_count=0, restarted_count=0
 full_count=0

Compilation events (20 events):
Event: 7948.722 Thread 0x00000291ea794c30 30152       4       org.eclipse.jdt.core.dom.ASTConverter::convert (509 bytes)
Event: 7948.723 Thread 0x00000291ea79af60 30154       3       org.eclipse.jdt.internal.codeassist.CompletionElementNotifier::notifySourceElementRequestor (32 bytes)
Event: 7948.723 Thread 0x00000291ea79af60 nmethod 30154 0x00000291da0a1a10 code [0x00000291da0a1be0, 0x00000291da0a2148]
Event: 7948.761 Thread 0x00000291ea794c30 nmethod 30152 0x00000291e0eec090 code [0x00000291e0eec500, 0x00000291e0ef0830]
Event: 7948.761 Thread 0x00000291ea794c30 30153       4       org.eclipse.jdt.internal.core.CompilationUnitStructureRequestor::createMethodInfo (466 bytes)
Event: 7948.945 Thread 0x00000291ea794c30 nmethod 30153 0x00000291e0ef3890 code [0x00000291e0ef4040, 0x00000291e0efeee8]
Event: 7949.207 Thread 0x00000291ea79af60 30155       3       org.eclipse.jdt.internal.compiler.parser.Scanner::internalScanIdentifierOrKeyword (4773 bytes)
Event: 7949.289 Thread 0x00000291ea79af60 nmethod 30155 0x00000291da3c2890 code [0x00000291da3c3620, 0x00000291da3ce9f8]
Event: 7949.621 Thread 0x00000291ea794c30 30156       4       org.eclipse.jdt.internal.compiler.ast.MessageSend::detectAssertionUtility (557 bytes)
Event: 7949.623 Thread 0x00000291ea794c30 nmethod 30156 0x00000291e0f05210 code [0x00000291e0f053c0, 0x00000291e0f056b8]
Event: 7952.527 Thread 0x00000291ea794c30 30157       4       org.eclipse.jdt.internal.core.SearchableEnvironment::<init> (28 bytes)
Event: 7952.529 Thread 0x00000291ea794c30 nmethod 30157 0x00000291e0e81d10 code [0x00000291e0e81ea0, 0x00000291e0e81fd8]
Event: 7954.111 Thread 0x00000291ea794c30 30158       4       org.eclipse.jdt.internal.compiler.parser.Scanner::internalScanIdentifierOrKeyword (4773 bytes)
Event: 7954.187 Thread 0x00000291ea794c30 nmethod 30158 0x00000291e0f05a90 code [0x00000291e0f05fa0, 0x00000291e0f09b88]
Event: 7955.156 Thread 0x00000291ea794c30 30159       4       org.eclipse.jdt.internal.core.manipulation.JavaElementLabelComposerCore::appendTypeArgumentSignaturesLabel (72 bytes)
Event: 7955.212 Thread 0x00000291ea794c30 nmethod 30159 0x00000291e0f0b910 code [0x00000291e0f0bdc0, 0x00000291e0f114a8]
Event: 7955.219 Thread 0x00000291ea794c30 30160       4       org.eclipse.jdt.internal.compiler.ast.NameReference::checkEffectiveFinality (101 bytes)
Event: 7955.221 Thread 0x00000291ea794c30 nmethod 30160 0x00000291e0f14290 code [0x00000291e0f14400, 0x00000291e0f144d8]
Event: 7955.657 Thread 0x00000291ea794c30 30161  s!   4       org.eclipse.jdt.core.dom.DefaultBindingResolver::resolveImport (342 bytes)
Event: 7955.661 Thread 0x00000291ea794c30 nmethod 30161 0x00000291e0f14610 code [0x00000291e0f14800, 0x00000291e0f15020]

GC Heap History (20 events):
Event: 7955.014 GC heap before
{Heap before GC invocations=8620 (full 234):
 PSYoungGen      total 3072K, used 2848K [0x00000000eab00000, 0x00000000eb000000, 0x0000000100000000)
  eden space 2560K, 100% used [0x00000000eab00000,0x00000000ead80000,0x00000000ead80000)
  from space 512K, 56% used [0x00000000eaf80000,0x00000000eafc8000,0x00000000eb000000)
  to   space 512K, 0% used [0x00000000eaf00000,0x00000000eaf00000,0x00000000eaf80000)
 ParOldGen       total 197120K, used 172043K [0x00000000c0000000, 0x00000000cc080000, 0x00000000eab00000)
  object space 197120K, 87% used [0x00000000c0000000,0x00000000ca802c78,0x00000000cc080000)
 Metaspace       used 91925K, committed 93376K, reserved 1179648K
  class space    used 8861K, committed 9536K, reserved 1048576K
}
Event: 7955.015 GC heap after
{Heap after GC invocations=8620 (full 234):
 PSYoungGen      total 3072K, used 500K [0x00000000eab00000, 0x00000000eb000000, 0x0000000100000000)
  eden space 2560K, 0% used [0x00000000eab00000,0x00000000eab00000,0x00000000ead80000)
  from space 512K, 97% used [0x00000000eaf00000,0x00000000eaf7d200,0x00000000eaf80000)
  to   space 512K, 0% used [0x00000000eaf80000,0x00000000eaf80000,0x00000000eb000000)
 ParOldGen       total 197120K, used 172307K [0x00000000c0000000, 0x00000000cc080000, 0x00000000eab00000)
  object space 197120K, 87% used [0x00000000c0000000,0x00000000ca844c78,0x00000000cc080000)
 Metaspace       used 91925K, committed 93376K, reserved 1179648K
  class space    used 8861K, committed 9536K, reserved 1048576K
}
Event: 7955.018 GC heap before
{Heap before GC invocations=8621 (full 234):
 PSYoungGen      total 3072K, used 3060K [0x00000000eab00000, 0x00000000eb000000, 0x0000000100000000)
  eden space 2560K, 100% used [0x00000000eab00000,0x00000000ead80000,0x00000000ead80000)
  from space 512K, 97% used [0x00000000eaf00000,0x00000000eaf7d200,0x00000000eaf80000)
  to   space 512K, 0% used [0x00000000eaf80000,0x00000000eaf80000,0x00000000eb000000)
 ParOldGen       total 197120K, used 172307K [0x00000000c0000000, 0x00000000cc080000, 0x00000000eab00000)
  object space 197120K, 87% used [0x00000000c0000000,0x00000000ca844c78,0x00000000cc080000)
 Metaspace       used 91925K, committed 93376K, reserved 1179648K
  class space    used 8861K, committed 9536K, reserved 1048576K
}
Event: 7955.019 GC heap after
{Heap after GC invocations=8621 (full 234):
 PSYoungGen      total 3072K, used 496K [0x00000000eab00000, 0x00000000eb000000, 0x0000000100000000)
  eden space 2560K, 0% used [0x00000000eab00000,0x00000000eab00000,0x00000000ead80000)
  from space 512K, 96% used [0x00000000eaf80000,0x00000000eaffc010,0x00000000eb000000)
  to   space 1024K, 0% used [0x00000000eae00000,0x00000000eae00000,0x00000000eaf00000)
 ParOldGen       total 197120K, used 172744K [0x00000000c0000000, 0x00000000cc080000, 0x00000000eab00000)
  object space 197120K, 87% used [0x00000000c0000000,0x00000000ca8b22e8,0x00000000cc080000)
 Metaspace       used 91925K, committed 93376K, reserved 1179648K
  class space    used 8861K, committed 9536K, reserved 1048576K
}
Event: 7955.089 GC heap before
{Heap before GC invocations=8622 (full 234):
 PSYoungGen      total 3072K, used 3056K [0x00000000eab00000, 0x00000000eb000000, 0x0000000100000000)
  eden space 2560K, 100% used [0x00000000eab00000,0x00000000ead80000,0x00000000ead80000)
  from space 512K, 96% used [0x00000000eaf80000,0x00000000eaffc010,0x00000000eb000000)
  to   space 1024K, 0% used [0x00000000eae00000,0x00000000eae00000,0x00000000eaf00000)
 ParOldGen       total 197120K, used 172744K [0x00000000c0000000, 0x00000000cc080000, 0x00000000eab00000)
  object space 197120K, 87% used [0x00000000c0000000,0x00000000ca8b22e8,0x00000000cc080000)
 Metaspace       used 91925K, committed 93376K, reserved 1179648K
  class space    used 8861K, committed 9536K, reserved 1048576K
}
Event: 7955.090 GC heap after
{Heap after GC invocations=8622 (full 234):
 PSYoungGen      total 3584K, used 650K [0x00000000eab00000, 0x00000000eb000000, 0x0000000100000000)
  eden space 2560K, 0% used [0x00000000eab00000,0x00000000eab00000,0x00000000ead80000)
  from space 1024K, 63% used [0x00000000eae00000,0x00000000eaea2910,0x00000000eaf00000)
  to   space 1024K, 0% used [0x00000000eaf00000,0x00000000eaf00000,0x00000000eb000000)
 ParOldGen       total 197120K, used 173224K [0x00000000c0000000, 0x00000000cc080000, 0x00000000eab00000)
  object space 197120K, 87% used [0x00000000c0000000,0x00000000ca92a308,0x00000000cc080000)
 Metaspace       used 91925K, committed 93376K, reserved 1179648K
  class space    used 8861K, committed 9536K, reserved 1048576K
}
Event: 7955.092 GC heap before
{Heap before GC invocations=8623 (full 234):
 PSYoungGen      total 3584K, used 3210K [0x00000000eab00000, 0x00000000eb000000, 0x0000000100000000)
  eden space 2560K, 100% used [0x00000000eab00000,0x00000000ead80000,0x00000000ead80000)
  from space 1024K, 63% used [0x00000000eae00000,0x00000000eaea2910,0x00000000eaf00000)
  to   space 1024K, 0% used [0x00000000eaf00000,0x00000000eaf00000,0x00000000eb000000)
 ParOldGen       total 197120K, used 173224K [0x00000000c0000000, 0x00000000cc080000, 0x00000000eab00000)
  object space 197120K, 87% used [0x00000000c0000000,0x00000000ca92a308,0x00000000cc080000)
 Metaspace       used 91925K, committed 93376K, reserved 1179648K
  class space    used 8861K, committed 9536K, reserved 1048576K
}
Event: 7955.094 GC heap after
{Heap after GC invocations=8623 (full 234):
 PSYoungGen      total 4096K, used 544K [0x00000000eab00000, 0x00000000eb000000, 0x0000000100000000)
  eden space 3072K, 0% used [0x00000000eab00000,0x00000000eab00000,0x00000000eae00000)
  from space 1024K, 53% used [0x00000000eaf00000,0x00000000eaf88000,0x00000000eb000000)
  to   space 1024K, 0% used [0x00000000eae00000,0x00000000eae00000,0x00000000eaf00000)
 ParOldGen       total 197120K, used 173749K [0x00000000c0000000, 0x00000000cc080000, 0x00000000eab00000)
  object space 197120K, 88% used [0x00000000c0000000,0x00000000ca9ad528,0x00000000cc080000)
 Metaspace       used 91925K, committed 93376K, reserved 1179648K
  class space    used 8861K, committed 9536K, reserved 1048576K
}
Event: 7955.097 GC heap before
{Heap before GC invocations=8624 (full 234):
 PSYoungGen      total 4096K, used 3616K [0x00000000eab00000, 0x00000000eb000000, 0x0000000100000000)
  eden space 3072K, 100% used [0x00000000eab00000,0x00000000eae00000,0x00000000eae00000)
  from space 1024K, 53% used [0x00000000eaf00000,0x00000000eaf88000,0x00000000eb000000)
  to   space 1024K, 0% used [0x00000000eae00000,0x00000000eae00000,0x00000000eaf00000)
 ParOldGen       total 197120K, used 173749K [0x00000000c0000000, 0x00000000cc080000, 0x00000000eab00000)
  object space 197120K, 88% used [0x00000000c0000000,0x00000000ca9ad528,0x00000000cc080000)
 Metaspace       used 91925K, committed 93376K, reserved 1179648K
  class space    used 8861K, committed 9536K, reserved 1048576K
}
Event: 7955.099 GC heap after
{Heap after GC invocations=8624 (full 234):
 PSYoungGen      total 4096K, used 724K [0x00000000eab00000, 0x00000000eb100000, 0x0000000100000000)
  eden space 3072K, 0% used [0x00000000eab00000,0x00000000eab00000,0x00000000eae00000)
  from space 1024K, 70% used [0x00000000eae00000,0x00000000eaeb5200,0x00000000eaf00000)
  to   space 1024K, 0% used [0x00000000eb000000,0x00000000eb000000,0x00000000eb100000)
 ParOldGen       total 197120K, used 174245K [0x00000000c0000000, 0x00000000cc080000, 0x00000000eab00000)
  object space 197120K, 88% used [0x00000000c0000000,0x00000000caa29528,0x00000000cc080000)
 Metaspace       used 91925K, committed 93376K, reserved 1179648K
  class space    used 8861K, committed 9536K, reserved 1048576K
}
Event: 7955.214 GC heap before
{Heap before GC invocations=8625 (full 234):
 PSYoungGen      total 4096K, used 3796K [0x00000000eab00000, 0x00000000eb100000, 0x0000000100000000)
  eden space 3072K, 100% used [0x00000000eab00000,0x00000000eae00000,0x00000000eae00000)
  from space 1024K, 70% used [0x00000000eae00000,0x00000000eaeb5200,0x00000000eaf00000)
  to   space 1024K, 0% used [0x00000000eb000000,0x00000000eb000000,0x00000000eb100000)
 ParOldGen       total 197120K, used 174245K [0x00000000c0000000, 0x00000000cc080000, 0x00000000eab00000)
  object space 197120K, 88% used [0x00000000c0000000,0x00000000caa29528,0x00000000cc080000)
 Metaspace       used 91925K, committed 93376K, reserved 1179648K
  class space    used 8861K, committed 9536K, reserved 1048576K
}
Event: 7955.215 GC heap after
{Heap after GC invocations=8625 (full 234):
 PSYoungGen      total 4096K, used 708K [0x00000000eab00000, 0x00000000eb100000, 0x0000000100000000)
  eden space 3072K, 0% used [0x00000000eab00000,0x00000000eab00000,0x00000000eae00000)
  from space 1024K, 69% used [0x00000000eb000000,0x00000000eb0b1210,0x00000000eb100000)
  to   space 1024K, 0% used [0x00000000eae00000,0x00000000eae00000,0x00000000eaf00000)
 ParOldGen       total 197120K, used 174921K [0x00000000c0000000, 0x00000000cc080000, 0x00000000eab00000)
  object space 197120K, 88% used [0x00000000c0000000,0x00000000caad2748,0x00000000cc080000)
 Metaspace       used 91925K, committed 93376K, reserved 1179648K
  class space    used 8861K, committed 9536K, reserved 1048576K
}
Event: 7955.219 GC heap before
{Heap before GC invocations=8626 (full 234):
 PSYoungGen      total 4096K, used 3780K [0x00000000eab00000, 0x00000000eb100000, 0x0000000100000000)
  eden space 3072K, 100% used [0x00000000eab00000,0x00000000eae00000,0x00000000eae00000)
  from space 1024K, 69% used [0x00000000eb000000,0x00000000eb0b1210,0x00000000eb100000)
  to   space 1024K, 0% used [0x00000000eae00000,0x00000000eae00000,0x00000000eaf00000)
 ParOldGen       total 197120K, used 174921K [0x00000000c0000000, 0x00000000cc080000, 0x00000000eab00000)
  object space 197120K, 88% used [0x00000000c0000000,0x00000000caad2748,0x00000000cc080000)
 Metaspace       used 91925K, committed 93376K, reserved 1179648K
  class space    used 8861K, committed 9536K, reserved 1048576K
}
Event: 7955.220 GC heap after
{Heap after GC invocations=8626 (full 234):
 PSYoungGen      total 4096K, used 736K [0x00000000eab00000, 0x00000000eb100000, 0x0000000100000000)
  eden space 3072K, 0% used [0x00000000eab00000,0x00000000eab00000,0x00000000eae00000)
  from space 1024K, 71% used [0x00000000eae00000,0x00000000eaeb8000,0x00000000eaf00000)
  to   space 1024K, 0% used [0x00000000eb000000,0x00000000eb000000,0x00000000eb100000)
 ParOldGen       total 197120K, used 175498K [0x00000000c0000000, 0x00000000cc080000, 0x00000000eab00000)
  object space 197120K, 89% used [0x00000000c0000000,0x00000000cab62ba0,0x00000000cc080000)
 Metaspace       used 91925K, committed 93376K, reserved 1179648K
  class space    used 8861K, committed 9536K, reserved 1048576K
}
Event: 7955.679 GC heap before
{Heap before GC invocations=8627 (full 234):
 PSYoungGen      total 4096K, used 3808K [0x00000000eab00000, 0x00000000eb100000, 0x0000000100000000)
  eden space 3072K, 100% used [0x00000000eab00000,0x00000000eae00000,0x00000000eae00000)
  from space 1024K, 71% used [0x00000000eae00000,0x00000000eaeb8000,0x00000000eaf00000)
  to   space 1024K, 0% used [0x00000000eb000000,0x00000000eb000000,0x00000000eb100000)
 ParOldGen       total 197120K, used 175498K [0x00000000c0000000, 0x00000000cc080000, 0x00000000eab00000)
  object space 197120K, 89% used [0x00000000c0000000,0x00000000cab62ba0,0x00000000cc080000)
 Metaspace       used 91925K, committed 93376K, reserved 1179648K
  class space    used 8861K, committed 9536K, reserved 1048576K
}
Event: 7955.680 GC heap after
{Heap after GC invocations=8627 (full 234):
 PSYoungGen      total 4096K, used 698K [0x00000000eab00000, 0x00000000eb100000, 0x0000000100000000)
  eden space 3072K, 0% used [0x00000000eab00000,0x00000000eab00000,0x00000000eae00000)
  from space 1024K, 68% used [0x00000000eb000000,0x00000000eb0ae900,0x00000000eb100000)
  to   space 1024K, 0% used [0x00000000eae00000,0x00000000eae00000,0x00000000eaf00000)
 ParOldGen       total 197120K, used 176174K [0x00000000c0000000, 0x00000000cc080000, 0x00000000eab00000)
  object space 197120K, 89% used [0x00000000c0000000,0x00000000cac0bbb0,0x00000000cc080000)
 Metaspace       used 91925K, committed 93376K, reserved 1179648K
  class space    used 8861K, committed 9536K, reserved 1048576K
}
Event: 7955.684 GC heap before
{Heap before GC invocations=8628 (full 234):
 PSYoungGen      total 4096K, used 3770K [0x00000000eab00000, 0x00000000eb100000, 0x0000000100000000)
  eden space 3072K, 100% used [0x00000000eab00000,0x00000000eae00000,0x00000000eae00000)
  from space 1024K, 68% used [0x00000000eb000000,0x00000000eb0ae900,0x00000000eb100000)
  to   space 1024K, 0% used [0x00000000eae00000,0x00000000eae00000,0x00000000eaf00000)
 ParOldGen       total 197120K, used 176174K [0x00000000c0000000, 0x00000000cc080000, 0x00000000eab00000)
  object space 197120K, 89% used [0x00000000c0000000,0x00000000cac0bbb0,0x00000000cc080000)
 Metaspace       used 91925K, committed 93376K, reserved 1179648K
  class space    used 8861K, committed 9536K, reserved 1048576K
}
Event: 7955.685 GC heap after
{Heap after GC invocations=8628 (full 234):
 PSYoungGen      total 4096K, used 640K [0x00000000eab00000, 0x00000000eb080000, 0x0000000100000000)
  eden space 3072K, 0% used [0x00000000eab00000,0x00000000eab00000,0x00000000eae00000)
  from space 1024K, 62% used [0x00000000eae00000,0x00000000eaea0000,0x00000000eaf00000)
  to   space 1024K, 0% used [0x00000000eaf80000,0x00000000eaf80000,0x00000000eb080000)
 ParOldGen       total 197120K, used 176699K [0x00000000c0000000, 0x00000000cc080000, 0x00000000eab00000)
  object space 197120K, 89% used [0x00000000c0000000,0x00000000cac8edd0,0x00000000cc080000)
 Metaspace       used 91925K, committed 93376K, reserved 1179648K
  class space    used 8861K, committed 9536K, reserved 1048576K
}
Event: 7955.688 GC heap before
{Heap before GC invocations=8629 (full 234):
 PSYoungGen      total 4096K, used 3712K [0x00000000eab00000, 0x00000000eb080000, 0x0000000100000000)
  eden space 3072K, 100% used [0x00000000eab00000,0x00000000eae00000,0x00000000eae00000)
  from space 1024K, 62% used [0x00000000eae00000,0x00000000eaea0000,0x00000000eaf00000)
  to   space 1024K, 0% used [0x00000000eaf80000,0x00000000eaf80000,0x00000000eb080000)
 ParOldGen       total 197120K, used 176699K [0x00000000c0000000, 0x00000000cc080000, 0x00000000eab00000)
  object space 197120K, 89% used [0x00000000c0000000,0x00000000cac8edd0,0x00000000cc080000)
 Metaspace       used 91925K, committed 93376K, reserved 1179648K
  class space    used 8861K, committed 9536K, reserved 1048576K
}
Event: 7955.688 GC heap after
{Heap after GC invocations=8629 (full 234):
 PSYoungGen      total 4096K, used 768K [0x00000000eab00000, 0x00000000eb080000, 0x0000000100000000)
  eden space 3072K, 0% used [0x00000000eab00000,0x00000000eab00000,0x00000000eae00000)
  from space 1024K, 75% used [0x00000000eaf80000,0x00000000eb040000,0x00000000eb080000)
  to   space 1024K, 0% used [0x00000000eae00000,0x00000000eae00000,0x00000000eaf00000)
 ParOldGen       total 197120K, used 177231K [0x00000000c0000000, 0x00000000cc080000, 0x00000000eab00000)
  object space 197120K, 89% used [0x00000000c0000000,0x00000000cad13ff0,0x00000000cc080000)
 Metaspace       used 91925K, committed 93376K, reserved 1179648K
  class space    used 8861K, committed 9536K, reserved 1048576K
}

Dll operation events (11 events):
Event: 0.005 Loaded shared library c:\Users\casa\AppData\Roaming\Code\User\globalStorage\pleiades.java-extension-pack-jdk\java\17\bin\java.dll
Event: 0.021 Loaded shared library c:\Users\casa\AppData\Roaming\Code\User\globalStorage\pleiades.java-extension-pack-jdk\java\17\bin\jsvml.dll
Event: 0.064 Loaded shared library c:\Users\casa\AppData\Roaming\Code\User\globalStorage\pleiades.java-extension-pack-jdk\java\17\bin\zip.dll
Event: 0.067 Loaded shared library C:\Users\casa\AppData\Roaming\Code\User\globalStorage\pleiades.java-extension-pack-jdk\java\17\bin\instrument.dll
Event: 0.070 Loaded shared library C:\Users\casa\AppData\Roaming\Code\User\globalStorage\pleiades.java-extension-pack-jdk\java\17\bin\net.dll
Event: 0.071 Loaded shared library C:\Users\casa\AppData\Roaming\Code\User\globalStorage\pleiades.java-extension-pack-jdk\java\17\bin\nio.dll
Event: 0.073 Loaded shared library C:\Users\casa\AppData\Roaming\Code\User\globalStorage\pleiades.java-extension-pack-jdk\java\17\bin\zip.dll
Event: 0.079 Loaded shared library C:\Users\casa\AppData\Roaming\Code\User\globalStorage\pleiades.java-extension-pack-jdk\java\17\bin\jimage.dll
Event: 0.112 Loaded shared library c:\Users\casa\AppData\Roaming\Code\User\globalStorage\pleiades.java-extension-pack-jdk\java\17\bin\verify.dll
Event: 0.597 Loaded shared library C:\Users\casa\AppData\Roaming\Code\User\globalStorage\redhat.java\1.24.0\config_win\org.eclipse.equinox.launcher\org.eclipse.equinox.launcher.win32.win32.x86_64_1.2.700.v20221108-1024\eclipse_11801.dll
Event: 1.868 Loaded shared library C:\Users\casa\AppData\Local\Temp\jna-3046188\jna6029816397684082284.dll

Deoptimization events (20 events):
Event: 7935.442 Thread 0x00000291f1867e10 DEOPT PACKING pc=0x00000291e050271c sp=0x000000ccb85fe820
Event: 7935.442 Thread 0x00000291f1867e10 DEOPT UNPACKING pc=0x00000291decd66a3 sp=0x000000ccb85fe688 mode 2
Event: 7938.016 Thread 0x00000291f1867e10 DEOPT PACKING pc=0x00000291d9691101 sp=0x000000ccb85fe550
Event: 7938.016 Thread 0x00000291f1867e10 DEOPT UNPACKING pc=0x00000291decd6e43 sp=0x000000ccb85fd9b0 mode 0
Event: 7940.461 Thread 0x00000291f0adc940 DEOPT PACKING pc=0x00000291d9c94957 sp=0x000000ccb89fe890
Event: 7940.461 Thread 0x00000291f0adc940 DEOPT UNPACKING pc=0x00000291decd6e43 sp=0x000000ccb89fdd78 mode 0
Event: 7949.203 Thread 0x00000291f0adc940 Uncommon trap: trap_request=0xffffff45 fr.pc=0x00000291e0519d60 relative=0x00000000000013e0
Event: 7949.203 Thread 0x00000291f0adc940 Uncommon trap: reason=unstable_if action=reinterpret pc=0x00000291e0519d60 method=org.eclipse.jdt.internal.compiler.parser.Scanner.internalScanIdentifierOrKeyword(II[C)I @ 3120 c2
Event: 7949.203 Thread 0x00000291f0adc940 DEOPT PACKING pc=0x00000291e0519d60 sp=0x000000ccb89fe380
Event: 7949.203 Thread 0x00000291f0adc940 DEOPT UNPACKING pc=0x00000291decd66a3 sp=0x000000ccb89fe340 mode 2
Event: 7949.900 Thread 0x00000291f29b14a0 Uncommon trap: trap_request=0xffffffd6 fr.pc=0x00000291e0edabd4 relative=0x00000000000010b4
Event: 7949.900 Thread 0x00000291f29b14a0 Uncommon trap: reason=array_check action=maybe_recompile pc=0x00000291e0edabd4 method=java.util.TimSort.mergeLo(IIII)V @ 212 c2
Event: 7949.900 Thread 0x00000291f29b14a0 DEOPT PACKING pc=0x00000291e0edabd4 sp=0x000000ccb86fdcb0
Event: 7949.900 Thread 0x00000291f29b14a0 DEOPT UNPACKING pc=0x00000291decd66a3 sp=0x000000ccb86fdc70 mode 2
Event: 7949.900 Thread 0x00000291f29b14a0 Uncommon trap: trap_request=0xffffffd6 fr.pc=0x00000291e0edabd4 relative=0x00000000000010b4
Event: 7949.900 Thread 0x00000291f29b14a0 Uncommon trap: reason=array_check action=maybe_recompile pc=0x00000291e0edabd4 method=java.util.TimSort.mergeLo(IIII)V @ 212 c2
Event: 7949.900 Thread 0x00000291f29b14a0 DEOPT PACKING pc=0x00000291e0edabd4 sp=0x000000ccb86fdcb0
Event: 7949.900 Thread 0x00000291f29b14a0 DEOPT UNPACKING pc=0x00000291decd66a3 sp=0x000000ccb86fdc70 mode 2
Event: 7954.943 Thread 0x00000291f186bfe0 DEOPT PACKING pc=0x00000291d9ecaad2 sp=0x000000ccb70feec0
Event: 7954.943 Thread 0x00000291f186bfe0 DEOPT UNPACKING pc=0x00000291decd6e43 sp=0x000000ccb70fe410 mode 0

Classes unloaded (20 events):
Event: 7412.792 Thread 0x00000291ea780eb0 Unloading class 0x0000029181109000 'jdk/internal/reflect/GeneratedSerializationConstructorAccessor78'
Event: 7412.792 Thread 0x00000291ea780eb0 Unloading class 0x000002918114dc00 'jdk/internal/reflect/GeneratedSerializationConstructorAccessor77'
Event: 7412.792 Thread 0x00000291ea780eb0 Unloading class 0x000002918114d800 'jdk/internal/reflect/GeneratedSerializationConstructorAccessor76'
Event: 7412.792 Thread 0x00000291ea780eb0 Unloading class 0x00000291818d7400 'jdk/internal/reflect/GeneratedSerializationConstructorAccessor75'
Event: 7412.792 Thread 0x00000291ea780eb0 Unloading class 0x00000291818d7000 'jdk/internal/reflect/GeneratedSerializationConstructorAccessor74'
Event: 7412.792 Thread 0x00000291ea780eb0 Unloading class 0x00000291818d2c00 'jdk/internal/reflect/GeneratedSerializationConstructorAccessor73'
Event: 7412.792 Thread 0x00000291ea780eb0 Unloading class 0x00000291818d2800 'jdk/internal/reflect/GeneratedMethodAccessor80'
Event: 7412.792 Thread 0x00000291ea780eb0 Unloading class 0x000002918121cc00 'jdk/internal/reflect/GeneratedMethodAccessor79'
Event: 7412.792 Thread 0x00000291ea780eb0 Unloading class 0x000002918121c800 'jdk/internal/reflect/GeneratedSerializationConstructorAccessor72'
Event: 7412.792 Thread 0x00000291ea780eb0 Unloading class 0x0000029181219400 'jdk/internal/reflect/GeneratedSerializationConstructorAccessor71'
Event: 7412.792 Thread 0x00000291ea780eb0 Unloading class 0x0000029181219000 'jdk/internal/reflect/GeneratedSerializationConstructorAccessor70'
Event: 7412.792 Thread 0x00000291ea780eb0 Unloading class 0x000002918120f400 'jdk/internal/reflect/GeneratedSerializationConstructorAccessor69'
Event: 7412.792 Thread 0x00000291ea780eb0 Unloading class 0x000002918120f000 'jdk/internal/reflect/GeneratedSerializationConstructorAccessor68'
Event: 7412.792 Thread 0x00000291ea780eb0 Unloading class 0x000002918120ec00 'jdk/internal/reflect/GeneratedSerializationConstructorAccessor67'
Event: 7412.792 Thread 0x00000291ea780eb0 Unloading class 0x000002918120e800 'jdk/internal/reflect/GeneratedSerializationConstructorAccessor66'
Event: 7412.792 Thread 0x00000291ea780eb0 Unloading class 0x0000029181200c00 'jdk/internal/reflect/GeneratedSerializationConstructorAccessor65'
Event: 7412.792 Thread 0x00000291ea780eb0 Unloading class 0x0000029181200800 'jdk/internal/reflect/GeneratedSerializationConstructorAccessor64'
Event: 7412.792 Thread 0x00000291ea780eb0 Unloading class 0x00000291818eb400 'jdk/internal/reflect/GeneratedSerializationConstructorAccessor63'
Event: 7412.792 Thread 0x00000291ea780eb0 Unloading class 0x00000291818eb000 'jdk/internal/reflect/GeneratedSerializationConstructorAccessor62'
Event: 7412.792 Thread 0x00000291ea780eb0 Unloading class 0x0000029181212c00 'jdk/internal/reflect/GeneratedSerializationConstructorAccessor61'

Classes redefined (0 events):
No events

Internal exceptions (20 events):
Event: 7940.500 Thread 0x00000291f186b5c0 Exception <a 'java/lang/ClassNotFoundException'{0x00000000eac49278}: sun/net/www/protocol/jdt/Handler> (0x00000000eac49278) 
thrown [s\src\hotspot\share\classfile\systemDictionary.cpp, line 256]
Event: 7940.500 Thread 0x00000291f186b5c0 Exception <a 'java/lang/ClassNotFoundException'{0x00000000eac4c128}: sun/net/www/protocol/jdt/Handler> (0x00000000eac4c128) 
thrown [s\src\hotspot\share\classfile\systemDictionary.cpp, line 256]
Event: 7940.864 Thread 0x00000291f186b5c0 Exception <a 'java/lang/ClassNotFoundException'{0x00000000eab16a38}: sun/net/www/protocol/jdt/Handler> (0x00000000eab16a38) 
thrown [s\src\hotspot\share\classfile\systemDictionary.cpp, line 256]
Event: 7940.864 Thread 0x00000291f186b5c0 Exception <a 'java/lang/ClassNotFoundException'{0x00000000eab18ac0}: sun/net/www/protocol/jdt/Handler> (0x00000000eab18ac0) 
thrown [s\src\hotspot\share\classfile\systemDictionary.cpp, line 256]
Event: 7940.864 Thread 0x00000291f186b5c0 Exception <a 'java/lang/ClassNotFoundException'{0x00000000eab1b600}: sun/net/www/protocol/jdt/Handler> (0x00000000eab1b600) 
thrown [s\src\hotspot\share\classfile\systemDictionary.cpp, line 256]
Event: 7943.721 Thread 0x00000291f186b5c0 Exception <a 'java/lang/ClassNotFoundException'{0x00000000eade7a40}: sun/net/www/protocol/jdt/Handler> (0x00000000eade7a40) 
thrown [s\src\hotspot\share\classfile\systemDictionary.cpp, line 256]
Event: 7944.242 Thread 0x00000291f186b5c0 Exception <a 'java/lang/ClassNotFoundException'{0x00000000ead27458}: sun/net/www/protocol/jdt/Handler> (0x00000000ead27458) 
thrown [s\src\hotspot\share\classfile\systemDictionary.cpp, line 256]
Event: 7944.242 Thread 0x00000291f186b5c0 Exception <a 'java/lang/ClassNotFoundException'{0x00000000ead29b48}: sun/net/www/protocol/jdt/Handler> (0x00000000ead29b48) 
thrown [s\src\hotspot\share\classfile\systemDictionary.cpp, line 256]
Event: 7944.242 Thread 0x00000291f186b5c0 Exception <a 'java/lang/ClassNotFoundException'{0x00000000ead2df98}: sun/net/www/protocol/jdt/Handler> (0x00000000ead2df98) 
thrown [s\src\hotspot\share\classfile\systemDictionary.cpp, line 256]
Event: 7944.242 Thread 0x00000291f186b5c0 Exception <a 'java/lang/ClassNotFoundException'{0x00000000ead32340}: sun/net/www/protocol/jdt/Handler> (0x00000000ead32340) 
thrown [s\src\hotspot\share\classfile\systemDictionary.cpp, line 256]
Event: 7944.242 Thread 0x00000291f186b5c0 Exception <a 'java/lang/ClassNotFoundException'{0x00000000ead34540}: sun/net/www/protocol/jdt/Handler> (0x00000000ead34540) 
thrown [s\src\hotspot\share\classfile\systemDictionary.cpp, line 256]
Event: 7944.242 Thread 0x00000291f186b5c0 Exception <a 'java/lang/ClassNotFoundException'{0x00000000ead36760}: sun/net/www/protocol/jdt/Handler> (0x00000000ead36760) 
thrown [s\src\hotspot\share\classfile\systemDictionary.cpp, line 256]
Event: 7944.242 Thread 0x00000291f186b5c0 Exception <a 'java/lang/ClassNotFoundException'{0x00000000ead389c8}: sun/net/www/protocol/jdt/Handler> (0x00000000ead389c8) 
thrown [s\src\hotspot\share\classfile\systemDictionary.cpp, line 256]
Event: 7944.339 Thread 0x00000291f186b5c0 Exception <a 'java/lang/ClassNotFoundException'{0x00000000eaddc1b0}: sun/net/www/protocol/jdt/Handler> (0x00000000eaddc1b0) 
thrown [s\src\hotspot\share\classfile\systemDictionary.cpp, line 256]
Event: 7944.339 Thread 0x00000291f186b5c0 Exception <a 'java/lang/ClassNotFoundException'{0x00000000eadde8a0}: sun/net/www/protocol/jdt/Handler> (0x00000000eadde8a0) 
thrown [s\src\hotspot\share\classfile\systemDictionary.cpp, line 256]
Event: 7944.339 Thread 0x00000291f186b5c0 Exception <a 'java/lang/ClassNotFoundException'{0x00000000eadf2f58}: sun/net/www/protocol/jdt/Handler> (0x00000000eadf2f58) 
thrown [s\src\hotspot\share\classfile\systemDictionary.cpp, line 256]
Event: 7944.339 Thread 0x00000291f186b5c0 Exception <a 'java/lang/ClassNotFoundException'{0x00000000eadf70b8}: sun/net/www/protocol/jdt/Handler> (0x00000000eadf70b8) 
thrown [s\src\hotspot\share\classfile\systemDictionary.cpp, line 256]
Event: 7944.339 Thread 0x00000291f186b5c0 Exception <a 'java/lang/ClassNotFoundException'{0x00000000eadf92b8}: sun/net/www/protocol/jdt/Handler> (0x00000000eadf92b8) 
thrown [s\src\hotspot\share\classfile\systemDictionary.cpp, line 256]
Event: 7944.339 Thread 0x00000291f186b5c0 Exception <a 'java/lang/ClassNotFoundException'{0x00000000eadfb4d8}: sun/net/www/protocol/jdt/Handler> (0x00000000eadfb4d8) 
thrown [s\src\hotspot\share\classfile\systemDictionary.cpp, line 256]
Event: 7944.340 Thread 0x00000291f186b5c0 Exception <a 'java/lang/ClassNotFoundException'{0x00000000eadfd740}: sun/net/www/protocol/jdt/Handler> (0x00000000eadfd740) 
thrown [s\src\hotspot\share\classfile\systemDictionary.cpp, line 256]

VM Operations (20 events):
Event: 7955.014 Executing VM operation: ParallelGCFailedAllocation
Event: 7955.015 Executing VM operation: ParallelGCFailedAllocation done
Event: 7955.018 Executing VM operation: ParallelGCFailedAllocation
Event: 7955.019 Executing VM operation: ParallelGCFailedAllocation done
Event: 7955.088 Executing VM operation: ParallelGCFailedAllocation
Event: 7955.090 Executing VM operation: ParallelGCFailedAllocation done
Event: 7955.092 Executing VM operation: ParallelGCFailedAllocation
Event: 7955.094 Executing VM operation: ParallelGCFailedAllocation done
Event: 7955.097 Executing VM operation: ParallelGCFailedAllocation
Event: 7955.099 Executing VM operation: ParallelGCFailedAllocation done
Event: 7955.214 Executing VM operation: ParallelGCFailedAllocation
Event: 7955.215 Executing VM operation: ParallelGCFailedAllocation done
Event: 7955.219 Executing VM operation: ParallelGCFailedAllocation
Event: 7955.221 Executing VM operation: ParallelGCFailedAllocation done
Event: 7955.679 Executing VM operation: ParallelGCFailedAllocation
Event: 7955.680 Executing VM operation: ParallelGCFailedAllocation done
Event: 7955.684 Executing VM operation: ParallelGCFailedAllocation
Event: 7955.685 Executing VM operation: ParallelGCFailedAllocation done
Event: 7955.688 Executing VM operation: ParallelGCFailedAllocation
Event: 7955.688 Executing VM operation: ParallelGCFailedAllocation done

Events (20 events):
Event: 7675.480 Thread 0x00000291ea79c8a0 flushing nmethod 0x00000291d9edfc90
Event: 7675.481 Thread 0x00000291ea79c8a0 flushing nmethod 0x00000291da2d6090
Event: 7675.481 Thread 0x00000291ea79c8a0 flushing nmethod 0x00000291da33ad90
Event: 7675.481 Thread 0x00000291ea79c8a0 flushing nmethod 0x00000291da33c790
Event: 7747.280 Thread 0x00000291f1868830 Thread exited: 0x00000291f1868830
Event: 7749.700 loading class jdk/internal/module/IllegalAccessLogger
Event: 7749.700 loading class jdk/internal/module/IllegalAccessLogger done
Event: 7749.701 Thread 0x00000291f1868830 Thread added: 0x00000291f1868830
Event: 7749.704 Thread 0x00000291f1868830 Thread exited: 0x00000291f1868830
Event: 7772.466 Thread 0x00000291f186b5c0 Thread added: 0x00000291f186b5c0
Event: 7780.667 loading class jdk/internal/module/IllegalAccessLogger
Event: 7780.667 loading class jdk/internal/module/IllegalAccessLogger done
Event: 7780.667 Thread 0x00000291f1868830 Thread added: 0x00000291f1868830
Event: 7780.670 Thread 0x00000291f1868830 Thread exited: 0x00000291f1868830
Event: 7789.305 loading class jdk/internal/module/IllegalAccessLogger
Event: 7789.305 loading class jdk/internal/module/IllegalAccessLogger done
Event: 7789.305 Thread 0x00000291f1865fb0 Thread added: 0x00000291f1865fb0
Event: 7789.306 Thread 0x00000291f1865fb0 Thread exited: 0x00000291f1865fb0
Event: 7789.314 Thread 0x00000291f1865fb0 Thread added: 0x00000291f1865fb0
Event: 7789.316 Thread 0x00000291f1865fb0 Thread exited: 0x00000291f1865fb0


Dynamic libraries:
0x00007ff6aa0b0000 - 0x00007ff6aa0be000 	c:\Users\casa\AppData\Roaming\Code\User\globalStorage\pleiades.java-extension-pack-jdk\java\17\bin\java.exe
0x00007ffd9b330000 - 0x00007ffd9b547000 	C:\WINDOWS\SYSTEM32\ntdll.dll
0x00007ffd99490000 - 0x00007ffd99554000 	C:\WINDOWS\System32\KERNEL32.DLL
0x00007ffd98b00000 - 0x00007ffd98ea6000 	C:\WINDOWS\System32\KERNELBASE.dll
0x00007ffd989e0000 - 0x00007ffd98af1000 	C:\WINDOWS\System32\ucrtbase.dll
0x00007ffd77710000 - 0x00007ffd77727000 	c:\Users\casa\AppData\Roaming\Code\User\globalStorage\pleiades.java-extension-pack-jdk\java\17\bin\jli.dll
0x00007ffd92a00000 - 0x00007ffd92a1b000 	c:\Users\casa\AppData\Roaming\Code\User\globalStorage\pleiades.java-extension-pack-jdk\java\17\bin\VCRUNTIME140.dll
0x00007ffd991b0000 - 0x00007ffd9935d000 	C:\WINDOWS\System32\USER32.dll
0x00007ffd987f0000 - 0x00007ffd98816000 	C:\WINDOWS\System32\win32u.dll
0x00007ffd8a9e0000 - 0x00007ffd8ac73000 	C:\WINDOWS\WinSxS\amd64_microsoft.windows.common-controls_6595b64144ccf1df_6.0.22621.2361_none_2712ced57382f843\COMCTL32.dll
0x00007ffd99560000 - 0x00007ffd99589000 	C:\WINDOWS\System32\GDI32.dll
0x00007ffd9ab20000 - 0x00007ffd9abc7000 	C:\WINDOWS\System32\msvcrt.dll
0x00007ffd98820000 - 0x00007ffd98938000 	C:\WINDOWS\System32\gdi32full.dll
0x00007ffd98940000 - 0x00007ffd989da000 	C:\WINDOWS\System32\msvcp_win.dll
0x00007ffd9aae0000 - 0x00007ffd9ab11000 	C:\WINDOWS\System32\IMM32.DLL
0x00007ffd93d30000 - 0x00007ffd93d3c000 	c:\Users\casa\AppData\Roaming\Code\User\globalStorage\pleiades.java-extension-pack-jdk\java\17\bin\vcruntime140_1.dll
0x00007ffd71370000 - 0x00007ffd713fd000 	c:\Users\casa\AppData\Roaming\Code\User\globalStorage\pleiades.java-extension-pack-jdk\java\17\bin\msvcp140.dll
0x00007ffd1fd30000 - 0x00007ffd20991000 	c:\Users\casa\AppData\Roaming\Code\User\globalStorage\pleiades.java-extension-pack-jdk\java\17\bin\server\jvm.dll
0x00007ffd99100000 - 0x00007ffd991b0000 	C:\WINDOWS\System32\ADVAPI32.dll
0x00007ffd99590000 - 0x00007ffd99636000 	C:\WINDOWS\System32\sechost.dll
0x00007ffd998c0000 - 0x00007ffd999d7000 	C:\WINDOWS\System32\RPCRT4.dll
0x00007ffd93a40000 - 0x00007ffd93a49000 	C:\WINDOWS\SYSTEM32\WSOCK32.dll
0x00007ffd915c0000 - 0x00007ffd915f4000 	C:\WINDOWS\SYSTEM32\WINMM.dll
0x00007ffd9a8b0000 - 0x00007ffd9a921000 	C:\WINDOWS\System32\WS2_32.dll
0x00007ffd90e80000 - 0x00007ffd90e8a000 	C:\WINDOWS\SYSTEM32\VERSION.dll
0x00007ffd97a40000 - 0x00007ffd97a8d000 	C:\WINDOWS\SYSTEM32\POWRPROF.dll
0x00007ffd97a10000 - 0x00007ffd97a23000 	C:\WINDOWS\SYSTEM32\UMPDC.dll
0x00007ffd97650000 - 0x00007ffd97668000 	C:\WINDOWS\SYSTEM32\kernel.appcore.dll
0x00007ffd825b0000 - 0x00007ffd825ba000 	c:\Users\casa\AppData\Roaming\Code\User\globalStorage\pleiades.java-extension-pack-jdk\java\17\bin\jimage.dll
0x00007ffd87520000 - 0x00007ffd8774e000 	C:\WINDOWS\SYSTEM32\DBGHELP.DLL
0x00007ffd9a520000 - 0x00007ffd9a8aa000 	C:\WINDOWS\System32\combase.dll
0x00007ffd99a40000 - 0x00007ffd99b17000 	C:\WINDOWS\System32\OLEAUT32.dll
0x00007ffd82880000 - 0x00007ffd828b2000 	C:\WINDOWS\SYSTEM32\dbgcore.DLL
0x00007ffd98770000 - 0x00007ffd987ea000 	C:\WINDOWS\System32\bcryptPrimitives.dll
0x00007ffd7dcd0000 - 0x00007ffd7dcde000 	c:\Users\casa\AppData\Roaming\Code\User\globalStorage\pleiades.java-extension-pack-jdk\java\17\bin\instrument.dll
0x00007ffd776e0000 - 0x00007ffd77705000 	c:\Users\casa\AppData\Roaming\Code\User\globalStorage\pleiades.java-extension-pack-jdk\java\17\bin\java.dll
0x00007ffd57c50000 - 0x00007ffd57d27000 	c:\Users\casa\AppData\Roaming\Code\User\globalStorage\pleiades.java-extension-pack-jdk\java\17\bin\jsvml.dll
0x00007ffd99b20000 - 0x00007ffd9a378000 	C:\WINDOWS\System32\SHELL32.dll
0x00007ffd965c0000 - 0x00007ffd96eb2000 	C:\WINDOWS\SYSTEM32\windows.storage.dll
0x00007ffd96480000 - 0x00007ffd965be000 	C:\WINDOWS\SYSTEM32\wintypes.dll
0x00007ffd9a380000 - 0x00007ffd9a473000 	C:\WINDOWS\System32\SHCORE.dll
0x00007ffd999e0000 - 0x00007ffd99a3e000 	C:\WINDOWS\System32\shlwapi.dll
0x00007ffd985e0000 - 0x00007ffd98606000 	C:\WINDOWS\SYSTEM32\profapi.dll
0x00007ffd71d60000 - 0x00007ffd71d78000 	c:\Users\casa\AppData\Roaming\Code\User\globalStorage\pleiades.java-extension-pack-jdk\java\17\bin\zip.dll
0x00007ffd71bb0000 - 0x00007ffd71bc9000 	C:\Users\casa\AppData\Roaming\Code\User\globalStorage\pleiades.java-extension-pack-jdk\java\17\bin\net.dll
0x00007ffd91cd0000 - 0x00007ffd91e07000 	C:\WINDOWS\SYSTEM32\WINHTTP.dll
0x00007ffd97c10000 - 0x00007ffd97c79000 	C:\WINDOWS\system32\mswsock.dll
0x00007ffd769c0000 - 0x00007ffd769d6000 	C:\Users\casa\AppData\Roaming\Code\User\globalStorage\pleiades.java-extension-pack-jdk\java\17\bin\nio.dll
0x00007ffd7d830000 - 0x00007ffd7d840000 	c:\Users\casa\AppData\Roaming\Code\User\globalStorage\pleiades.java-extension-pack-jdk\java\17\bin\verify.dll
0x00007ffd71960000 - 0x00007ffd7199e000 	C:\Users\casa\AppData\Roaming\Code\User\globalStorage\redhat.java\1.24.0\config_win\org.eclipse.equinox.launcher\org.eclipse.equinox.launcher.win32.win32.x86_64_1.2.700.v20221108-1024\eclipse_11801.dll
0x00007ffd9a940000 - 0x00007ffd9aadf000 	C:\WINDOWS\System32\ole32.dll
0x00007ffd97f30000 - 0x00007ffd97f4b000 	C:\WINDOWS\SYSTEM32\CRYPTSP.dll
0x00007ffd97610000 - 0x00007ffd97645000 	C:\WINDOWS\system32\rsaenh.dll
0x00007ffd97cb0000 - 0x00007ffd97cdc000 	C:\WINDOWS\SYSTEM32\USERENV.dll
0x00007ffd98050000 - 0x00007ffd98078000 	C:\WINDOWS\SYSTEM32\bcrypt.dll
0x00007ffd97f10000 - 0x00007ffd97f1c000 	C:\WINDOWS\SYSTEM32\CRYPTBASE.dll
0x00007ffd97160000 - 0x00007ffd9718d000 	C:\WINDOWS\SYSTEM32\IPHLPAPI.DLL
0x00007ffd9a930000 - 0x00007ffd9a939000 	C:\WINDOWS\System32\NSI.dll
0x00007ffd92600000 - 0x00007ffd92619000 	C:\WINDOWS\SYSTEM32\dhcpcsvc6.DLL
0x00007ffd91a50000 - 0x00007ffd91a6f000 	C:\WINDOWS\SYSTEM32\dhcpcsvc.DLL
0x00007ffd97190000 - 0x00007ffd97289000 	C:\WINDOWS\SYSTEM32\DNSAPI.dll
0x00007ffd69e20000 - 0x00007ffd69e65000 	C:\Users\casa\AppData\Local\Temp\jna-3046188\jna6029816397684082284.dll
0x00007ffd9abd0000 - 0x00007ffd9abd8000 	C:\WINDOWS\System32\PSAPI.DLL
0x00007ffd976d0000 - 0x00007ffd97704000 	C:\WINDOWS\SYSTEM32\ntmarta.dll

dbghelp: loaded successfully - version: 4.0.5 - missing functions: none
symbol engine: initialized successfully - sym options: 0x614 - pdb path: .;c:\Users\casa\AppData\Roaming\Code\User\globalStorage\pleiades.java-extension-pack-jdk\java\17\bin;C:\WINDOWS\SYSTEM32;C:\WINDOWS\WinSxS\amd64_microsoft.windows.common-controls_6595b64144ccf1df_6.0.22621.2361_none_2712ced57382f843;c:\Users\casa\AppData\Roaming\Code\User\globalStorage\pleiades.java-extension-pack-jdk\java\17\bin\server;C:\Users\casa\AppData\Roaming\Code\User\globalStorage\redhat.java\1.24.0\config_win\org.eclipse.equinox.launcher\org.eclipse.equinox.launcher.win32.win32.x86_64_1.2.700.v20221108-1024;C:\Users\casa\AppData\Local\Temp\jna-3046188

VM Arguments:
jvm_args: --add-modules=ALL-SYSTEM --add-opens=java.base/java.util=ALL-UNNAMED --add-opens=java.base/java.lang=ALL-UNNAMED --add-opens=java.base/sun.nio.fs=ALL-UNNAMED -Declipse.application=org.eclipse.jdt.ls.core.id1 -Dosgi.bundles.defaultStartLevel=4 -Declipse.product=org.eclipse.jdt.ls.core.product -Djava.import.generatesMetadataFilesAtProjectRoot=false -DDetectVMInstallationsJob.disabled=true -Dfile.encoding=utf8 -XX:+UseParallelGC -XX:GCTimeRatio=4 -XX:AdaptiveSizePolicyWeight=90 -Dsun.zip.disableMemoryMapping=true -Xmx1G -Xms100m -Xlog:disable -javaagent:c:\Users\casa\.vscode\extensions\redhat.java-1.24.0-win32-x64\lombok\lombok-1.18.30.jar -XX:+HeapDumpOnOutOfMemoryError -XX:HeapDumpPath=c:\Users\casa\AppData\Roaming\Code\User\workspaceStorage\2ca1e065a12013a041ddb2075f267414\redhat.java -Daether.dependencyCollector.impl=bf 
java_command: c:\Users\casa\.vscode\extensions\redhat.java-1.24.0-win32-x64\server\plugins\org.eclipse.equinox.launcher_1.6.500.v20230717-2134.jar -configuration c:\Users\casa\AppData\Roaming\Code\User\globalStorage\redhat.java\1.24.0\config_win -data c:\Users\casa\AppData\Roaming\Code\User\workspaceStorage\2ca1e065a12013a041ddb2075f267414\redhat.java\jdt_ws --stdio
java_class_path (initial): c:\Users\casa\.vscode\extensions\redhat.java-1.24.0-win32-x64\server\plugins\org.eclipse.equinox.launcher_1.6.500.v20230717-2134.jar
Launcher Type: SUN_STANDARD

[Global flags]
    uintx AdaptiveSizePolicyWeight                 = 90                                        {product} {command line}
     intx CICompilerCount                          = 4                                         {product} {ergonomic}
    uintx GCTimeRatio                              = 4                                         {product} {command line}
     bool HeapDumpOnOutOfMemoryError               = true                                   {manageable} {command line}
    ccstr HeapDumpPath                             = c:\Users\casa\AppData\Roaming\Code\User\workspaceStorage\2ca1e065a12013a041ddb2075f267414\redhat.java         {manageable} {command line}
   size_t InitialHeapSize                          = 104857600                                 {product} {command line}
   size_t MaxHeapSize                              = 1073741824                                {product} {command line}
   size_t MaxNewSize                               = 357564416                                 {product} {ergonomic}
   size_t MinHeapDeltaBytes                        = 524288                                    {product} {ergonomic}
   size_t MinHeapSize                              = 104857600                                 {product} {command line}
   size_t NewSize                                  = 34603008                                  {product} {ergonomic}
    uintx NonNMethodCodeHeapSize                   = 5839372                                {pd product} {ergonomic}
    uintx NonProfiledCodeHeapSize                  = 122909434                              {pd product} {ergonomic}
   size_t OldSize                                  = 70254592                                  {product} {ergonomic}
    uintx ProfiledCodeHeapSize                     = 122909434                              {pd product} {ergonomic}
    uintx ReservedCodeCacheSize                    = 251658240                              {pd product} {ergonomic}
     bool SegmentedCodeCache                       = true                                      {product} {ergonomic}
   size_t SoftMaxHeapSize                          = 1073741824                             {manageable} {ergonomic}
     bool UseCompressedClassPointers               = true                           {product lp64_product} {ergonomic}
     bool UseCompressedOops                        = true                           {product lp64_product} {ergonomic}
     bool UseLargePagesIndividualAllocation        = false                                  {pd product} {ergonomic}
     bool UseParallelGC                            = true                                      {product} {command line}

Logging:
Log output configuration:
 #0: stdout all=off uptime,level,tags
 #1: stderr all=off uptime,level,tags

Environment Variables:
PATH=C:\Program Files\Common Files\Oracle\Java\javapath;C:\Program Files (x86)\Common Files\Oracle\Java\javapath;C:\ProgramData\Oracle\Java\javapath;C:\Windows\system32;C:\Windows;C:\Windows\System32\Wbem;C:\Windows\System32\WindowsPowerShell\v1.0\;C:\Windows\System32\OpenSSH\;C:\ProgramData\chocolatey\bin;C:\Program Files (x86)\NVIDIA Corporation\PhysX\Common;C:\WINDOWS\system32;C:\WINDOWS;C:\WINDOWS\System32\Wbem;C:\WINDOWS\System32\WindowsPowerShell\v1.0\;C:\WINDOWS\System32\OpenSSH\;C:\Program Files (x86)\Microsoft SQL Server\160\Tools\Binn\;C:\Program Files\Microsoft SQL Server\160\Tools\Binn\;C:\Program Files\Microsoft SQL Server\Client SDK\ODBC\170\Tools\Binn\;C:\Program Files\Microsoft SQL Server\160\DTS\Binn\;C:\Program Files (x86)\Microsoft SQL Server\160\DTS\Binn\;C:\Program Files\Git\cmd;C:\Program Files\nodejs\;C:\Program Files\MySQL\MySQL Shell 8.0\bin\;C:\Users\casa\AppData\Local\Microsoft\WindowsApps;C:\Users\casa\AppData\Roaming\npm\node_modules\@angular\cli\bin;C:\Program Files\Azure Data Studio\bin;C:\Program Files\nodejs\;C:\Users\casa\AppData\Local\Programs\Microsoft VS Code\bin;C:\Users\casa\AppData\Roaming\npm
USERNAME=casa
OS=Windows_NT
PROCESSOR_IDENTIFIER=Intel64 Family 6 Model 151 Stepping 2, GenuineIntel
TMP=C:\Users\casa\AppData\Local\Temp
TEMP=C:\Users\casa\AppData\Local\Temp



Periodic native trim disabled


---------------  S Y S T E M  ---------------

OS:
 Windows 11 , 64 bit Build 22621 (10.0.22621.2428)
OS uptime: 4 days 23:43 hours
Hyper-V role detected

CPU: total 12 (initial active 12) (6 cores per cpu, 2 threads per core) family 6 model 151 stepping 2 microcode 0x1e, cx8, cmov, fxsr, ht, mmx, 3dnowpref, sse, sse2, sse3, ssse3, sse4.1, sse4.2, popcnt, lzcnt, tsc, tscinvbit, avx, avx2, aes, erms, clmul, bmi1, bmi2, adx, sha, fma, vzeroupper, clflush, clflushopt, clwb, hv
Processor Information for all 12 processors :
  Max Mhz: 2500, Current Mhz: 2500, Mhz Limit: 2500

Memory: 4k page, system-wide physical 16225M (8796M free)
TotalPageFile size 17249M (AvailPageFile size 7040M)
current process WorkingSet (physical memory assigned to process): 540M, peak: 601M
current process commit charge ("private bytes"): 566M, peak: 624M

vm_info: OpenJDK 64-Bit Server VM (17.0.9+9) for windows-amd64 JRE (17.0.9+9), built on Oct 26 2023 14:01:42 by "admin" with MS VC++ 16.10 / 16.11 (VS2019)

END.
