#
# A fatal error has been detected by the Java Runtime Environment:
#
#  EXCEPTION_ACCESS_VIOLATION (0xc0000005) at pc=0x00007ff8bf5022ab, pid=11592, tid=9268
#
# JRE version: OpenJDK Runtime Environment Temurin-17.0.11+9 (17.0.11+9) (build 17.0.11+9)
# Java VM: OpenJDK 64-Bit Server VM Temurin-17.0.11+9 (17.0.11+9, mixed mode, tiered, compressed oops, compressed class ptrs, parallel gc, windows-amd64)
# Problematic frame:
# V  [jvm.dll+0x7a22ab]
#
# No core dump will be written. Minidumps are not enabled by default on client versions of Windows
#
# If you would like to submit a bug report, please visit:
#   https://github.com/adoptium/adoptium-support/issues
#

---------------  S U M M A R Y ------------

Command Line: --add-modules=ALL-SYSTEM --add-opens=java.base/java.util=ALL-UNNAMED --add-opens=java.base/java.lang=ALL-UNNAMED --add-opens=java.base/sun.nio.fs=ALL-UNNAMED -Declipse.application=org.eclipse.jdt.ls.core.id1 -Dosgi.bundles.defaultStartLevel=4 -Declipse.product=org.eclipse.jdt.ls.core.product -Djava.import.generatesMetadataFilesAtProjectRoot=false -DDetectVMInstallationsJob.disabled=true -Dfile.encoding=utf8 -XX:+UseParallelGC -XX:GCTimeRatio=4 -XX:AdaptiveSizePolicyWeight=90 -Dsun.zip.disableMemoryMapping=true -Xmx2G -Xms100m -Xlog:disable -javaagent:c:\Users\casa\.vscode\extensions\redhat.java-1.31.0-win32-x64\lombok\lombok-1.18.32.jar -XX:+HeapDumpOnOutOfMemoryError -XX:HeapDumpPath=c:\Users\casa\AppData\Roaming\Code\User\workspaceStorage\2ca1e065a12013a041ddb2075f267414\redhat.java -Daether.dependencyCollector.impl=bf c:\Users\casa\.vscode\extensions\redhat.java-1.31.0-win32-x64\server\plugins\org.eclipse.equinox.launcher_1.6.800.v20240513-1750.jar -configuration c:\Users\casa\AppData\Roaming\Code\User\globalStorage\redhat.java\1.31.0\config_win -data c:\Users\casa\AppData\Roaming\Code\User\workspaceStorage\2ca1e065a12013a041ddb2075f267414\redhat.java\jdt_ws --pipe=\\.\pipe\lsp-638453e3f582ad40f1c32cad45f07a10-sock

Host: 12th Gen Intel(R) Core(TM) i5-12400F, 12 cores, 15G,  Windows 11 , 64 bit Build 22621 (10.0.22621.3527)
Time: Mon Jun  3 09:20:33 2024 Hora estándar de Argentina elapsed time: 3758.965979 seconds (0d 1h 2m 38s)

---------------  T H R E A D  ---------------

Current thread (0x0000019d363ebb50):  JavaThread "Service Thread" daemon [_thread_in_vm, id=9268, stack(0x0000008906900000,0x0000008906a00000)]

Stack: [0x0000008906900000,0x0000008906a00000],  sp=0x00000089069fee80,  free space=1019k
Native frames: (J=compiled Java code, j=interpreted, Vv=VM code, C=native code)
V  [jvm.dll+0x7a22ab]
V  [jvm.dll+0x7a3205]
V  [jvm.dll+0x7a39d1]
V  [jvm.dll+0x6e1793]
V  [jvm.dll+0x7e9d07]
V  [jvm.dll+0x7e410a]
V  [jvm.dll+0x67c315]
C  [ucrtbase.dll+0x29333]
C  [KERNEL32.DLL+0x1257d]
C  [ntdll.dll+0x5aa48]


siginfo: EXCEPTION_ACCESS_VIOLATION (0xc0000005), reading address 0x000001bd382fee50


Registers:
RAX=0x000001bd382fee50, RBX=0x0000000000000000, RCX=0x00000000300bffff, RDX=0x0000019d384eb1e0
RSP=0x00000089069fee80, RBP=0x0000000000005000, RSI=0x00000000000042dd, RDI=0x0000019d18f6c7f0
R8 =0x0000019d3a59b9f0, R9 =0x0000000000005000, R10=0x0000000000000003, R11=0x00000089069fedb0
R12=0x00000089069ff828, R13=0x0000019d363ebb50, R14=0x0000000000000000, R15=0x0000019d18f4b070
RIP=0x00007ff8bf5022ab, EFLAGS=0x0000000000010206


Register to memory mapping:

RIP=0x00007ff8bf5022ab jvm.dll
RAX=0x000001bd382fee50 is an unknown value
RBX=0x0 is NULL
RCX=0x00000000300bffff is an unknown value
RDX=0x0000019d384eb1e0 points into unknown readable memory: 0x0000000000000000 | 00 00 00 00 00 00 00 00
RSP=0x00000089069fee80 is pointing into the stack for thread: 0x0000019d363ebb50
RBP=0x0000000000005000 is an unknown value
RSI=0x00000000000042dd is an unknown value
RDI=0x0000019d18f6c7f0 points into unknown readable memory: 0x0000019d3a80a190 | 90 a1 80 3a 9d 01 00 00
R8 =0x0000019d3a59b9f0 points into unknown readable memory: 0x0000019d38f64900 | 00 49 f6 38 9d 01 00 00
R9 =0x0000000000005000 is an unknown value
R10=0x0000000000000003 is an unknown value
R11=0x00000089069fedb0 is pointing into the stack for thread: 0x0000019d363ebb50
R12=0x00000089069ff828 is pointing into the stack for thread: 0x0000019d363ebb50
R13=0x0000019d363ebb50 is a thread
R14=0x0 is NULL
R15=0x0000019d18f4b070 points into unknown readable memory: 0x0000000000000000 | 00 00 00 00 00 00 00 00


Top of Stack: (sp=0x00000089069fee80)
0x00000089069fee80:   0000000000000000 0000000000002da5
0x00000089069fee90:   0000019d18f61e30 0000000000000606
0x00000089069feea0:   00000089069ff830 00000089069ff828
0x00000089069feeb0:   0000019d363ebb50 00000000000042dd
0x00000089069feec0:   0000019d18f4b070 0000000000005000
0x00000089069feed0:   0000019d18f429e0 0000000000000606
0x00000089069feee0:   0000019d3c0dc280 0000019d3dd7c100
0x00000089069feef0:   00002d48000003ff 0000000000000606
0x00000089069fef00:   0000019d18d60150 0000019d1a080614
0x00000089069fef10:   0000000000004201 0000000000800003
0x00000089069fef20:   0000019d18d60000 0000000000000000
0x00000089069fef30:   0000019d3dd3a0ff 00007ff914a1270b
0x00000089069fef40:   0000019d18d60000 0000019d3dd3a100
0x00000089069fef50:   0000019d3dd3a0f0 0000019d3dd7c100
0x00000089069fef60:   0000000000000400 00007ff914a041f1
0x00000089069fef70:   0000000000000010 00000089069ff269
0x00000089069fef80:   0000019d3dd3a000 0000019d3dd3a0f0
0x00000089069fef90:   0000000000041f10 00000000000005f6
0x00000089069fefa0:   0000000000042000 00000000000041f1
0x00000089069fefb0:   0000019d18d6bb00 0000019d3dd3a0f8
0x00000089069fefc0:   0000000000004201 0000019d18d60000
0x00000089069fefd0:   0000019d00000000 0000000000000308
0x00000089069fefe0:   00000000000041f1 0000019d3dd3a0f0
0x00000089069feff0:   0000000000000010 0000019d3dd3a0f0
0x00000089069ff000:   0000019d3dd3a0f0 0000019d3dd3a0ff
0x00000089069ff010:   0000000000000001 0000000000000000
0x00000089069ff020:   0000000000000010 0000019d3dd3a0f0
0x00000089069ff030:   00000000000003ff 0000000000000000
0x00000089069ff040:   0000019d18d60700 0000000000000000
0x00000089069ff050:   0000019d18d60150 0000000000000000
0x00000089069ff060:   0000000000000000 0000019d3d1d0000
0x00000089069ff070:   0000000000000000 0000019d3d1d0000 

Instructions: (pc=0x00007ff8bf5022ab)
0x00007ff8bf5021ab:   00 e8 7f e0 dc ff 48 83 c4 28 c3 cc cc cc cc cc
0x00007ff8bf5021bb:   cc cc cc cc cc 40 53 55 56 57 41 54 41 55 41 57
0x00007ff8bf5021cb:   48 81 ec 70 08 00 00 48 8b 05 9f 68 3a 00 48 33
0x00007ff8bf5021db:   c4 48 89 84 24 60 08 00 00 48 8b 79 08 49 8b e9
0x00007ff8bf5021eb:   48 8b 9a f8 00 00 00 49 8b f0 48 8b 84 24 d8 08
0x00007ff8bf5021fb:   00 00 4c 8b ea 4c 8b a4 24 d0 08 00 00 4c 8b f9
0x00007ff8bf50220b:   48 89 44 24 20 48 8b c3 4c 89 4c 24 48 48 89 54
0x00007ff8bf50221b:   24 30 48 89 4c 24 40 4c 89 64 24 28 48 89 7c 24
0x00007ff8bf50222b:   50 f6 c3 01 75 0b 48 8b 05 c8 0f 3e 00 48 83 c8
0x00007ff8bf50223b:   01 48 89 82 f8 00 00 00 e8 78 c5 ec ff 90 48 3b
0x00007ff8bf50224b:   f5 0f 83 50 02 00 00 4c 89 b4 24 b8 08 00 00 45
0x00007ff8bf50225b:   33 f6 0f 1f 00 48 8b 07 48 8d 3c f0 48 ff c6 48
0x00007ff8bf50226b:   3b f5 48 89 74 24 38 4c 8d 47 08 4d 0f 43 c6 4d
0x00007ff8bf50227b:   85 c0 74 09 4d 8b 00 49 83 e0 fc eb 03 4d 8b c6
0x00007ff8bf50228b:   48 8b 17 48 83 e2 fc 0f 84 f4 01 00 00 4d 85 c0
0x00007ff8bf50229b:   74 03 4d 8b 00 48 8b 02 49 ff 04 24 48 8b 42 08
0x00007ff8bf5022ab:   8b 08 66 85 c9 74 0d 48 8b 12 48 85 d2 75 de e9
0x00007ff8bf5022bb:   cd 01 00 00 49 89 9d f8 00 00 00 41 8b de 0f 1f
0x00007ff8bf5022cb:   80 00 00 00 00 48 8b 07 a8 01 75 15 48 8b 07 48
0x00007ff8bf5022db:   83 e0 fc 48 8b c8 48 83 c9 01 f0 48 0f b1 0f 74
0x00007ff8bf5022eb:   18 ff c3 81 fb 00 20 00 00 75 07 e8 d5 72 ed ff
0x00007ff8bf5022fb:   eb c9 e8 ee cb 86 ff eb cc 48 8b 07 4c 8b c7 48
0x00007ff8bf50230b:   83 e0 fc 74 3f 49 ff 04 24 48 8b 48 08 8b 11 66
0x00007ff8bf50231b:   85 d2 75 25 4a 89 44 f4 60 49 ff c6 48 8b 00 49
0x00007ff8bf50232b:   8b 08 48 33 c8 83 e1 03 48 33 c8 49 89 08 49 81
0x00007ff8bf50233b:   fe 00 01 00 00 74 0d eb 06 4c 8b c0 48 8b 00 48
0x00007ff8bf50234b:   85 c0 75 c1 48 8b 07 48 83 e0 fc 80 bc 24 e0 08
0x00007ff8bf50235b:   00 00 00 48 89 07 75 13 e8 58 c4 ec ff 90 49 8b
0x00007ff8bf50236b:   47 48 49 3b c5 74 09 4d 89 6f 48 e8 55 d3 b9 ff
0x00007ff8bf50237b:   33 ed 4d 85 f6 0f 84 d7 00 00 00 4c 8b 64 24 20
0x00007ff8bf50238b:   44 8d 6d 08 90 49 ff 04 24 48 8b 74 ec 60 48 8b
0x00007ff8bf50239b:   46 08 8b 08 66 83 f9 01 75 09 48 8b 4e 08 e8 22 


Stack slot to memory mapping:
stack at sp + 0 slots: 0x0 is NULL
stack at sp + 1 slots: 0x0000000000002da5 is an unknown value
stack at sp + 2 slots: 0x0000019d18f61e30 points into unknown readable memory: 0x0000019d3a86ff90 | 90 ff 86 3a 9d 01 00 00
stack at sp + 3 slots: 0x0000000000000606 is an unknown value
stack at sp + 4 slots: 0x00000089069ff830 is pointing into the stack for thread: 0x0000019d363ebb50
stack at sp + 5 slots: 0x00000089069ff828 is pointing into the stack for thread: 0x0000019d363ebb50
stack at sp + 6 slots: 0x0000019d363ebb50 is a thread
stack at sp + 7 slots: 0x00000000000042dd is an unknown value


---------------  P R O C E S S  ---------------

Threads class SMR info:
_java_thread_list=0x0000019d3aa06dc0, length=45, elements={
0x0000019d18f28330, 0x0000019d363d6010, 0x0000019d363d8180, 0x0000019d3127df40,
0x0000019d3127e810, 0x0000019d363ebb50, 0x0000019d363ecbc0, 0x0000019d363eef70,
0x0000019d363f3520, 0x0000019d363f66d0, 0x0000019d364efcb0, 0x0000019d366d4540,
0x0000019d384b7f20, 0x0000019d385102f0, 0x0000019d38621f30, 0x0000019d38948550,
0x0000019d3899c8b0, 0x0000019d3899fab0, 0x0000019d3899eb80, 0x0000019d389a09e0,
0x0000019d389a04d0, 0x0000019d389a0ef0, 0x0000019d3899dc50, 0x0000019d3899e670,
0x0000019d39359930, 0x0000019d3935a860, 0x0000019d39359e40, 0x0000019d3935a350,
0x0000019d3935ad70, 0x0000019d3935b280, 0x0000019d3935b790, 0x0000019d3935bca0,
0x0000019d3935c1b0, 0x0000019d39358a00, 0x0000019d39359420, 0x0000019d3a3c4080,
0x0000019d38afdfe0, 0x0000019d3a3bf490, 0x0000019d3a3c4fb0, 0x0000019d3a3bef80,
0x0000019d3a3c2730, 0x0000019d3a3c3b70, 0x0000019d3a3c1800, 0x0000019d3a3c4aa0,
0x0000019d3a3be560
}

Java Threads: ( => current thread )
  0x0000019d18f28330 JavaThread "main" [_thread_blocked, id=4544, stack(0x0000008906200000,0x0000008906300000)]
  0x0000019d363d6010 JavaThread "Reference Handler" daemon [_thread_blocked, id=10452, stack(0x0000008906500000,0x0000008906600000)]
  0x0000019d363d8180 JavaThread "Finalizer" daemon [_thread_blocked, id=10448, stack(0x0000008906600000,0x0000008906700000)]
  0x0000019d3127df40 JavaThread "Signal Dispatcher" daemon [_thread_blocked, id=9152, stack(0x0000008906700000,0x0000008906800000)]
  0x0000019d3127e810 JavaThread "Attach Listener" daemon [_thread_blocked, id=9280, stack(0x0000008906800000,0x0000008906900000)]
=>0x0000019d363ebb50 JavaThread "Service Thread" daemon [_thread_in_vm, id=9268, stack(0x0000008906900000,0x0000008906a00000)]
  0x0000019d363ecbc0 JavaThread "Monitor Deflation Thread" daemon [_thread_blocked, id=1912, stack(0x0000008906a00000,0x0000008906b00000)]
  0x0000019d363eef70 JavaThread "C2 CompilerThread0" daemon [_thread_blocked, id=9332, stack(0x0000008906b00000,0x0000008906c00000)]
  0x0000019d363f3520 JavaThread "C1 CompilerThread0" daemon [_thread_blocked, id=9308, stack(0x0000008906c00000,0x0000008906d00000)]
  0x0000019d363f66d0 JavaThread "Sweeper thread" daemon [_thread_blocked, id=9420, stack(0x0000008906d00000,0x0000008906e00000)]
  0x0000019d364efcb0 JavaThread "Common-Cleaner" daemon [_thread_blocked, id=2512, stack(0x0000008906e00000,0x0000008906f00000)]
  0x0000019d366d4540 JavaThread "Notification Thread" daemon [_thread_blocked, id=4916, stack(0x0000008907000000,0x0000008907100000)]
  0x0000019d384b7f20 JavaThread "Active Thread: Equinox Container: fcbf2f74-fc4e-4857-984d-54f154438a54" [_thread_blocked, id=344, stack(0x0000008907900000,0x0000008907a00000)]
  0x0000019d385102f0 JavaThread "Framework Event Dispatcher: Equinox Container: fcbf2f74-fc4e-4857-984d-54f154438a54" daemon [_thread_blocked, id=8112, stack(0x0000008906f00000,0x0000008907000000)]
  0x0000019d38621f30 JavaThread "Start Level: Equinox Container: fcbf2f74-fc4e-4857-984d-54f154438a54" daemon [_thread_blocked, id=9556, stack(0x0000008907200000,0x0000008907300000)]
  0x0000019d38948550 JavaThread "Bundle File Closer" daemon [_thread_blocked, id=7472, stack(0x0000008907c00000,0x0000008907d00000)]
  0x0000019d3899c8b0 JavaThread "SCR Component Actor" daemon [_thread_blocked, id=6360, stack(0x0000008907b00000,0x0000008907c00000)]
  0x0000019d3899fab0 JavaThread "Worker-JM" [_thread_blocked, id=5916, stack(0x0000008908100000,0x0000008908200000)]
  0x0000019d3899eb80 JavaThread "Java indexing" daemon [_thread_blocked, id=11644, stack(0x0000008908500000,0x0000008908600000)]
  0x0000019d389a09e0 JavaThread "JNA Cleaner" daemon [_thread_blocked, id=11164, stack(0x0000008908600000,0x0000008908700000)]
  0x0000019d389a04d0 JavaThread "Thread-2" daemon [_thread_in_native, id=11784, stack(0x0000008908900000,0x0000008908a00000)]
  0x0000019d389a0ef0 JavaThread "Thread-3" daemon [_thread_in_native, id=312, stack(0x0000008908a00000,0x0000008908b00000)]
  0x0000019d3899dc50 JavaThread "Thread-4" daemon [_thread_in_native, id=10000, stack(0x0000008908b00000,0x0000008908c00000)]
  0x0000019d3899e670 JavaThread "Thread-5" daemon [_thread_in_native, id=6216, stack(0x0000008908c00000,0x0000008908d00000)]
  0x0000019d39359930 JavaThread "Thread-6" daemon [_thread_in_native, id=6076, stack(0x0000008908d00000,0x0000008908e00000)]
  0x0000019d3935a860 JavaThread "Thread-7" daemon [_thread_in_native, id=12400, stack(0x0000008908e00000,0x0000008908f00000)]
  0x0000019d39359e40 JavaThread "Thread-8" daemon [_thread_in_native, id=11536, stack(0x0000008908f00000,0x0000008909000000)]
  0x0000019d3935a350 JavaThread "Thread-9" daemon [_thread_in_native, id=2328, stack(0x0000008909000000,0x0000008909100000)]
  0x0000019d3935ad70 JavaThread "Thread-10" daemon [_thread_in_native, id=7672, stack(0x0000008909100000,0x0000008909200000)]
  0x0000019d3935b280 JavaThread "Thread-11" daemon [_thread_in_native, id=1352, stack(0x0000008909200000,0x0000008909300000)]
  0x0000019d3935b790 JavaThread "Thread-12" daemon [_thread_in_native, id=7680, stack(0x0000008909300000,0x0000008909400000)]
  0x0000019d3935bca0 JavaThread "Thread-13" daemon [_thread_in_native, id=7728, stack(0x0000008909400000,0x0000008909500000)]
  0x0000019d3935c1b0 JavaThread "Thread-14" daemon [_thread_in_native, id=4536, stack(0x0000008909500000,0x0000008909600000)]
  0x0000019d39358a00 JavaThread "pool-2-thread-1" [_thread_blocked, id=8876, stack(0x0000008909600000,0x0000008909700000)]
  0x0000019d39359420 JavaThread "WorkspaceEventsHandler" [_thread_blocked, id=4252, stack(0x0000008909700000,0x0000008909800000)]
  0x0000019d3a3c4080 JavaThread "pool-1-thread-1" [_thread_blocked, id=6364, stack(0x0000008909800000,0x0000008909900000)]
  0x0000019d38afdfe0 JavaThread "Cleaner-0" daemon [_thread_blocked, id=4924, stack(0x0000008909a00000,0x0000008909b00000)]
  0x0000019d3a3bf490 JavaThread "Worker-11" [_thread_blocked, id=14360, stack(0x0000008909e00000,0x0000008909f00000)]
  0x0000019d3a3c4fb0 JavaThread "Worker-12" [_thread_blocked, id=14444, stack(0x000000890a100000,0x000000890a200000)]
  0x0000019d3a3bef80 JavaThread "ForkJoinPool.commonPool-worker-30" daemon [_thread_blocked, id=12092, stack(0x0000008908200000,0x0000008908300000)]
  0x0000019d3a3c2730 JavaThread "ForkJoinPool.commonPool-worker-41" daemon [_thread_blocked, id=14764, stack(0x0000008905f00000,0x0000008906000000)]
  0x0000019d3a3c3b70 JavaThread "ForkJoinPool.commonPool-worker-42" daemon [_thread_blocked, id=10424, stack(0x0000008906000000,0x0000008906100000)]
  0x0000019d3a3c1800 JavaThread "ForkJoinPool.commonPool-worker-43" daemon [_thread_blocked, id=10504, stack(0x0000008906100000,0x0000008906200000)]
  0x0000019d3a3c4aa0 JavaThread "ForkJoinPool.commonPool-worker-44" daemon [_thread_blocked, id=14848, stack(0x0000008907f00000,0x0000008908000000)]
  0x0000019d3a3be560 JavaThread "ForkJoinPool.commonPool-worker-45" daemon [_thread_blocked, id=11920, stack(0x0000008908000000,0x0000008908100000)]

Other Threads:
  0x0000019d18fcebc0 VMThread "VM Thread" [stack: 0x0000008906400000,0x0000008906500000] [id=7972] _threads_hazard_ptr=0x0000019d3aa06dc0
  0x0000019d37ba86f0 WatcherThread [stack: 0x0000008907100000,0x0000008907200000] [id=5860]
  0x0000019d18f413c0 GCTaskThread "GC Thread#0" [stack: 0x0000008906300000,0x0000008906400000] [id=1700]
  0x0000019d38043000 GCTaskThread "GC Thread#1" [stack: 0x0000008907300000,0x0000008907400000] [id=3356]
  0x0000019d38102040 GCTaskThread "GC Thread#2" [stack: 0x0000008907400000,0x0000008907500000] [id=11792]
  0x0000019d380432c0 GCTaskThread "GC Thread#3" [stack: 0x0000008907500000,0x0000008907600000] [id=10248]
  0x0000019d38043580 GCTaskThread "GC Thread#4" [stack: 0x0000008907600000,0x0000008907700000] [id=6404]
  0x0000019d38043840 GCTaskThread "GC Thread#5" [stack: 0x0000008907700000,0x0000008907800000] [id=2384]
  0x0000019d38043b00 GCTaskThread "GC Thread#6" [stack: 0x0000008907800000,0x0000008907900000] [id=4080]
  0x0000019d386503e0 GCTaskThread "GC Thread#7" [stack: 0x0000008907a00000,0x0000008907b00000] [id=1472]
  0x0000019d385d06f0 GCTaskThread "GC Thread#8" [stack: 0x0000008907d00000,0x0000008907e00000] [id=1992]
  0x0000019d385c50e0 GCTaskThread "GC Thread#9" [stack: 0x0000008907e00000,0x0000008907f00000] [id=11512]

Threads with active compile tasks:

VM state: synchronizing (normal execution)

VM Mutex/Monitor currently owned by a thread:  ([mutex/lock_event])
[0x0000019d18f24f90] Threads_lock - owner thread: 0x0000019d18fcebc0
[0x0000019d18f25920] Heap_lock - owner thread: 0x0000019d3a3c2730

Heap address: 0x0000000080000000, size: 2048 MB, Compressed Oops mode: 32-bit

CDS archive(s) not mapped
Compressed class space mapped at: 0x0000000100000000-0x0000000140000000, reserved size: 1073741824
Narrow klass base: 0x0000000000000000, Narrow klass shift: 3, Narrow klass range: 0x140000000

GC Precious Log:
 CPUs: 12 total, 12 available
 Memory: 16225M
 Large Page Support: Disabled
 NUMA Support: Disabled
 Compressed Oops: Enabled (32-bit)
 Alignments: Space 512K, Generation 512K, Heap 2M
 Heap Min Capacity: 100M
 Heap Initial Capacity: 100M
 Heap Max Capacity: 2G
 Pre-touch: Disabled
 Parallel Workers: 10

Heap:
 PSYoungGen      total 5632K, used 4608K [0x00000000d5580000, 0x00000000d5c00000, 0x0000000100000000)
  eden space 4608K, 100% used [0x00000000d5580000,0x00000000d5a00000,0x00000000d5a00000)
  from space 1024K, 0% used [0x00000000d5a00000,0x00000000d5a00000,0x00000000d5b00000)
  to   space 1024K, 0% used [0x00000000d5b00000,0x00000000d5b00000,0x00000000d5c00000)
 ParOldGen       total 209408K, used 159754K [0x0000000080000000, 0x000000008cc80000, 0x00000000d5580000)
  object space 209408K, 76% used [0x0000000080000000,0x0000000089c02950,0x000000008cc80000)
 Metaspace       used 89818K, committed 91392K, reserved 1179648K
  class space    used 8914K, committed 9664K, reserved 1048576K

Card table byte_map: [0x0000019d2c5c0000,0x0000019d2c9d0000] _byte_map_base: 0x0000019d2c1c0000

Marking Bits: (ParMarkBitMap*) 0x00007ff8bf8fd820
 Begin Bits: [0x0000019d2cc80000, 0x0000019d2ec80000)
 End Bits:   [0x0000019d2ec80000, 0x0000019d30c80000)

Polling page: 0x0000019d18d50000

Metaspace:

Usage:
  Non-class:     79.01 MB used.
      Class:      8.71 MB used.
       Both:     87.71 MB used.

Virtual space:
  Non-class space:      128.00 MB reserved,      79.81 MB ( 62%) committed,  2 nodes.
      Class space:        1.00 GB reserved,       9.44 MB ( <1%) committed,  1 nodes.
             Both:        1.12 GB reserved,      89.25 MB (  8%) committed. 

Chunk freelists:
   Non-Class:  288.00 KB
       Class:  6.66 MB
        Both:  6.94 MB

MaxMetaspaceSize: unlimited
CompressedClassSpaceSize: 1.00 GB
Initial GC threshold: 21.00 MB
Current GC threshold: 148.69 MB
CDS: off
MetaspaceReclaimPolicy: balanced
 - commit_granule_bytes: 65536.
 - commit_granule_words: 8192.
 - virtual_space_node_default_size: 8388608.
 - enlarge_chunks_in_place: 1.
 - new_chunks_are_fully_committed: 0.
 - uncommit_free_chunks: 1.
 - use_allocation_guard: 0.
 - handle_deallocations: 1.


Internal statistics:

num_allocs_failed_limit: 6.
num_arena_births: 1256.
num_arena_deaths: 512.
num_vsnodes_births: 3.
num_vsnodes_deaths: 0.
num_space_committed: 1428.
num_space_uncommitted: 0.
num_chunks_returned_to_freelist: 655.
num_chunks_taken_from_freelist: 5290.
num_chunk_merges: 245.
num_chunk_splits: 3196.
num_chunks_enlarged: 1804.
num_inconsistent_stats: 0.

CodeHeap 'non-profiled nmethods': size=120000Kb used=17383Kb max_used=17383Kb free=102616Kb
 bounds [0x0000019d24eb0000, 0x0000019d25fb0000, 0x0000019d2c3e0000]
CodeHeap 'profiled nmethods': size=120000Kb used=35088Kb max_used=35882Kb free=84911Kb
 bounds [0x0000019d1d3e0000, 0x0000019d1f700000, 0x0000019d24910000]
CodeHeap 'non-nmethods': size=5760Kb used=1423Kb max_used=1514Kb free=4336Kb
 bounds [0x0000019d24910000, 0x0000019d24b80000, 0x0000019d24eb0000]
 total_blobs=17664 nmethods=16882 adapters=688
 compilation: enabled
              stopped_count=0, restarted_count=0
 full_count=0

Compilation events (20 events):
Event: 3758.616 Thread 0x0000019d363eef70 24196  s    4       org.eclipse.jdt.core.dom.DefaultBindingResolver::getMethodOrLambdaBinding (131 bytes)
Event: 3758.620 Thread 0x0000019d363eef70 nmethod 24196 0x0000019d25fa6390 code [0x0000019d25fa6560, 0x0000019d25fa6e28]
Event: 3758.826 Thread 0x0000019d363eef70 24198       4       org.eclipse.jdt.internal.compiler.parser.Parser::consumeMethodHeaderRightParen (421 bytes)
Event: 3758.831 Thread 0x0000019d363eef70 nmethod 24198 0x0000019d25fa7410 code [0x0000019d25fa75c0, 0x0000019d25fa7ad8]
Event: 3758.838 Thread 0x0000019d363eef70 24199       4       org.eclipse.jdt.internal.compiler.ast.SingleNameReference::nullStatus (35 bytes)
Event: 3758.844 Thread 0x0000019d363eef70 nmethod 24199 0x0000019d25fa7e10 code [0x0000019d25fa8000, 0x0000019d25fa8828]
Event: 3758.844 Thread 0x0000019d363f3520 24202       3       org.eclipse.core.internal.resources.mapping.ResourceChangeDescriptionFactory::getDelta (50 bytes)
Event: 3758.844 Thread 0x0000019d363eef70 24201       4       org.eclipse.jdt.core.dom.ASTConverter::isPrimitiveType (433 bytes)
Event: 3758.844 Thread 0x0000019d363f3520 nmethod 24202 0x0000019d1f1b0490 code [0x0000019d1f1b06e0, 0x0000019d1f1b0e68]
Event: 3758.845 Thread 0x0000019d363f3520 24203       3       org.eclipse.core.internal.resources.mapping.ProposedResourceDelta::findMember (57 bytes)
Event: 3758.845 Thread 0x0000019d363f3520 nmethod 24203 0x0000019d1eb6bf10 code [0x0000019d1eb6c100, 0x0000019d1eb6c768]
Event: 3758.845 Thread 0x0000019d363f3520 24204       3       org.eclipse.core.internal.resources.mapping.ProposedResourceDelta::<init> (23 bytes)
Event: 3758.845 Thread 0x0000019d363f3520 nmethod 24204 0x0000019d1f1afc90 code [0x0000019d1f1afe60, 0x0000019d1f1b0168]
Event: 3758.845 Thread 0x0000019d363f3520 24205       3       org.eclipse.core.runtime.NullProgressMonitor::worked (1 bytes)
Event: 3758.845 Thread 0x0000019d363f3520 nmethod 24205 0x0000019d1f13ff90 code [0x0000019d1f140120, 0x0000019d1f140238]
Event: 3758.846 Thread 0x0000019d363eef70 nmethod 24201 0x0000019d25fa8f90 code [0x0000019d25fa9140, 0x0000019d25fa9558]
Event: 3758.846 Thread 0x0000019d363eef70 24200       4       org.eclipse.jdt.internal.compiler.ast.FieldDeclaration::isStatic (29 bytes)
Event: 3758.846 Thread 0x0000019d363eef70 nmethod 24200 0x0000019d25fa9910 code [0x0000019d25fa9a80, 0x0000019d25fa9b38]
Event: 3758.959 Thread 0x0000019d363eef70 24206       4       org.eclipse.jdt.internal.corext.dom.GenericVisitor::visit (6 bytes)
Event: 3758.959 Thread 0x0000019d363eef70 nmethod 24206 0x0000019d25fa9c10 code [0x0000019d25fa9d80, 0x0000019d25fa9e18]

GC Heap History (20 events):
Event: 3758.156 GC heap before
{Heap before GC invocations=970 (full 27):
 PSYoungGen      total 7168K, used 6816K [0x00000000d5580000, 0x00000000d5e00000, 0x0000000100000000)
  eden space 6144K, 100% used [0x00000000d5580000,0x00000000d5b80000,0x00000000d5b80000)
  from space 1024K, 65% used [0x00000000d5b80000,0x00000000d5c28000,0x00000000d5c80000)
  to   space 1024K, 0% used [0x00000000d5d00000,0x00000000d5d00000,0x00000000d5e00000)
 ParOldGen       total 218112K, used 211695K [0x0000000080000000, 0x000000008d500000, 0x00000000d5580000)
  object space 218112K, 97% used [0x0000000080000000,0x000000008cebbd90,0x000000008d500000)
 Metaspace       used 89823K, committed 91392K, reserved 1179648K
  class space    used 8916K, committed 9664K, reserved 1048576K
}
Event: 3758.158 GC heap after
{Heap after GC invocations=970 (full 27):
 PSYoungGen      total 6656K, used 1006K [0x00000000d5580000, 0x00000000d5f80000, 0x0000000100000000)
  eden space 5632K, 0% used [0x00000000d5580000,0x00000000d5580000,0x00000000d5b00000)
  from space 1024K, 98% used [0x00000000d5d00000,0x00000000d5dfbb40,0x00000000d5e00000)
  to   space 2048K, 0% used [0x00000000d5b00000,0x00000000d5b00000,0x00000000d5d00000)
 ParOldGen       total 218112K, used 212221K [0x0000000080000000, 0x000000008d500000, 0x00000000d5580000)
  object space 218112K, 97% used [0x0000000080000000,0x000000008cf3f480,0x000000008d500000)
 Metaspace       used 89823K, committed 91392K, reserved 1179648K
  class space    used 8916K, committed 9664K, reserved 1048576K
}
Event: 3758.161 GC heap before
{Heap before GC invocations=971 (full 27):
 PSYoungGen      total 6656K, used 6638K [0x00000000d5580000, 0x00000000d5f80000, 0x0000000100000000)
  eden space 5632K, 100% used [0x00000000d5580000,0x00000000d5b00000,0x00000000d5b00000)
  from space 1024K, 98% used [0x00000000d5d00000,0x00000000d5dfbb40,0x00000000d5e00000)
  to   space 2048K, 0% used [0x00000000d5b00000,0x00000000d5b00000,0x00000000d5d00000)
 ParOldGen       total 218112K, used 212221K [0x0000000080000000, 0x000000008d500000, 0x00000000d5580000)
  object space 218112K, 97% used [0x0000000080000000,0x000000008cf3f480,0x000000008d500000)
 Metaspace       used 89823K, committed 91392K, reserved 1179648K
  class space    used 8916K, committed 9664K, reserved 1048576K
}
Event: 3758.163 GC heap after
{Heap after GC invocations=971 (full 27):
 PSYoungGen      total 6656K, used 896K [0x00000000d5580000, 0x00000000d5e00000, 0x0000000100000000)
  eden space 5632K, 0% used [0x00000000d5580000,0x00000000d5580000,0x00000000d5b00000)
  from space 1024K, 87% used [0x00000000d5b00000,0x00000000d5be0000,0x00000000d5c00000)
  to   space 1536K, 0% used [0x00000000d5c80000,0x00000000d5c80000,0x00000000d5e00000)
 ParOldGen       total 218112K, used 213186K [0x0000000080000000, 0x000000008d500000, 0x00000000d5580000)
  object space 218112K, 97% used [0x0000000080000000,0x000000008d030870,0x000000008d500000)
 Metaspace       used 89823K, committed 91392K, reserved 1179648K
  class space    used 8916K, committed 9664K, reserved 1048576K
}
Event: 3758.559 GC heap before
{Heap before GC invocations=972 (full 27):
 PSYoungGen      total 6656K, used 6528K [0x00000000d5580000, 0x00000000d5e00000, 0x0000000100000000)
  eden space 5632K, 100% used [0x00000000d5580000,0x00000000d5b00000,0x00000000d5b00000)
  from space 1024K, 87% used [0x00000000d5b00000,0x00000000d5be0000,0x00000000d5c00000)
  to   space 1536K, 0% used [0x00000000d5c80000,0x00000000d5c80000,0x00000000d5e00000)
 ParOldGen       total 218112K, used 213186K [0x0000000080000000, 0x000000008d500000, 0x00000000d5580000)
  object space 218112K, 97% used [0x0000000080000000,0x000000008d030870,0x000000008d500000)
 Metaspace       used 89823K, committed 91392K, reserved 1179648K
  class space    used 8916K, committed 9664K, reserved 1048576K
}
Event: 3758.560 GC heap after
{Heap after GC invocations=972 (full 27):
 PSYoungGen      total 6656K, used 666K [0x00000000d5580000, 0x00000000d5d80000, 0x0000000100000000)
  eden space 5632K, 0% used [0x00000000d5580000,0x00000000d5580000,0x00000000d5b00000)
  from space 1024K, 65% used [0x00000000d5c80000,0x00000000d5d26920,0x00000000d5d80000)
  to   space 1024K, 0% used [0x00000000d5b00000,0x00000000d5b00000,0x00000000d5c00000)
 ParOldGen       total 218112K, used 213935K [0x0000000080000000, 0x000000008d500000, 0x00000000d5580000)
  object space 218112K, 98% used [0x0000000080000000,0x000000008d0ebf20,0x000000008d500000)
 Metaspace       used 89823K, committed 91392K, reserved 1179648K
  class space    used 8916K, committed 9664K, reserved 1048576K
}
Event: 3758.566 GC heap before
{Heap before GC invocations=973 (full 27):
 PSYoungGen      total 6656K, used 6298K [0x00000000d5580000, 0x00000000d5d80000, 0x0000000100000000)
  eden space 5632K, 100% used [0x00000000d5580000,0x00000000d5b00000,0x00000000d5b00000)
  from space 1024K, 65% used [0x00000000d5c80000,0x00000000d5d26920,0x00000000d5d80000)
  to   space 1024K, 0% used [0x00000000d5b00000,0x00000000d5b00000,0x00000000d5c00000)
 ParOldGen       total 218112K, used 213935K [0x0000000080000000, 0x000000008d500000, 0x00000000d5580000)
  object space 218112K, 98% used [0x0000000080000000,0x000000008d0ebf20,0x000000008d500000)
 Metaspace       used 89823K, committed 91392K, reserved 1179648K
  class space    used 8916K, committed 9664K, reserved 1048576K
}
Event: 3758.567 GC heap after
{Heap after GC invocations=973 (full 27):
 PSYoungGen      total 6656K, used 864K [0x00000000d5580000, 0x00000000d5d00000, 0x0000000100000000)
  eden space 5632K, 0% used [0x00000000d5580000,0x00000000d5580000,0x00000000d5b00000)
  from space 1024K, 84% used [0x00000000d5b00000,0x00000000d5bd8000,0x00000000d5c00000)
  to   space 1024K, 0% used [0x00000000d5c00000,0x00000000d5c00000,0x00000000d5d00000)
 ParOldGen       total 218112K, used 214434K [0x0000000080000000, 0x000000008d500000, 0x00000000d5580000)
  object space 218112K, 98% used [0x0000000080000000,0x000000008d168978,0x000000008d500000)
 Metaspace       used 89823K, committed 91392K, reserved 1179648K
  class space    used 8916K, committed 9664K, reserved 1048576K
}
Event: 3758.820 GC heap before
{Heap before GC invocations=974 (full 27):
 PSYoungGen      total 6656K, used 6496K [0x00000000d5580000, 0x00000000d5d00000, 0x0000000100000000)
  eden space 5632K, 100% used [0x00000000d5580000,0x00000000d5b00000,0x00000000d5b00000)
  from space 1024K, 84% used [0x00000000d5b00000,0x00000000d5bd8000,0x00000000d5c00000)
  to   space 1024K, 0% used [0x00000000d5c00000,0x00000000d5c00000,0x00000000d5d00000)
 ParOldGen       total 218112K, used 214434K [0x0000000080000000, 0x000000008d500000, 0x00000000d5580000)
  object space 218112K, 98% used [0x0000000080000000,0x000000008d168978,0x000000008d500000)
 Metaspace       used 89823K, committed 91392K, reserved 1179648K
  class space    used 8916K, committed 9664K, reserved 1048576K
}
Event: 3758.821 GC heap after
{Heap after GC invocations=974 (full 27):
 PSYoungGen      total 5632K, used 1018K [0x00000000d5580000, 0x00000000d5f00000, 0x0000000100000000)
  eden space 4608K, 0% used [0x00000000d5580000,0x00000000d5580000,0x00000000d5a00000)
  from space 1024K, 99% used [0x00000000d5c00000,0x00000000d5cfe920,0x00000000d5d00000)
  to   space 2048K, 0% used [0x00000000d5a00000,0x00000000d5a00000,0x00000000d5c00000)
 ParOldGen       total 218112K, used 215217K [0x0000000080000000, 0x000000008d500000, 0x00000000d5580000)
  object space 218112K, 98% used [0x0000000080000000,0x000000008d22c510,0x000000008d500000)
 Metaspace       used 89823K, committed 91392K, reserved 1179648K
  class space    used 8916K, committed 9664K, reserved 1048576K
}
Event: 3758.827 GC heap before
{Heap before GC invocations=975 (full 27):
 PSYoungGen      total 5632K, used 5626K [0x00000000d5580000, 0x00000000d5f00000, 0x0000000100000000)
  eden space 4608K, 100% used [0x00000000d5580000,0x00000000d5a00000,0x00000000d5a00000)
  from space 1024K, 99% used [0x00000000d5c00000,0x00000000d5cfe920,0x00000000d5d00000)
  to   space 2048K, 0% used [0x00000000d5a00000,0x00000000d5a00000,0x00000000d5c00000)
 ParOldGen       total 218112K, used 215217K [0x0000000080000000, 0x000000008d500000, 0x00000000d5580000)
  object space 218112K, 98% used [0x0000000080000000,0x000000008d22c510,0x000000008d500000)
 Metaspace       used 89823K, committed 91392K, reserved 1179648K
  class space    used 8916K, committed 9664K, reserved 1048576K
}
Event: 3758.828 GC heap after
{Heap after GC invocations=975 (full 27):
 PSYoungGen      total 5632K, used 864K [0x00000000d5580000, 0x00000000d5d00000, 0x0000000100000000)
  eden space 4608K, 0% used [0x00000000d5580000,0x00000000d5580000,0x00000000d5a00000)
  from space 1024K, 84% used [0x00000000d5a00000,0x00000000d5ad8000,0x00000000d5b00000)
  to   space 1536K, 0% used [0x00000000d5b80000,0x00000000d5b80000,0x00000000d5d00000)
 ParOldGen       total 218112K, used 216096K [0x0000000080000000, 0x000000008d500000, 0x00000000d5580000)
  object space 218112K, 99% used [0x0000000080000000,0x000000008d308190,0x000000008d500000)
 Metaspace       used 89823K, committed 91392K, reserved 1179648K
  class space    used 8916K, committed 9664K, reserved 1048576K
}
Event: 3758.835 GC heap before
{Heap before GC invocations=976 (full 27):
 PSYoungGen      total 5632K, used 5472K [0x00000000d5580000, 0x00000000d5d00000, 0x0000000100000000)
  eden space 4608K, 100% used [0x00000000d5580000,0x00000000d5a00000,0x00000000d5a00000)
  from space 1024K, 84% used [0x00000000d5a00000,0x00000000d5ad8000,0x00000000d5b00000)
  to   space 1536K, 0% used [0x00000000d5b80000,0x00000000d5b80000,0x00000000d5d00000)
 ParOldGen       total 218112K, used 216096K [0x0000000080000000, 0x000000008d500000, 0x00000000d5580000)
  object space 218112K, 99% used [0x0000000080000000,0x000000008d308190,0x000000008d500000)
 Metaspace       used 89823K, committed 91392K, reserved 1179648K
  class space    used 8916K, committed 9664K, reserved 1048576K
}
Event: 3758.837 GC heap after
{Heap after GC invocations=976 (full 27):
 PSYoungGen      total 5632K, used 544K [0x00000000d5580000, 0x00000000d5c80000, 0x0000000100000000)
  eden space 4608K, 0% used [0x00000000d5580000,0x00000000d5580000,0x00000000d5a00000)
  from space 1024K, 53% used [0x00000000d5b80000,0x00000000d5c08000,0x00000000d5c80000)
  to   space 1024K, 0% used [0x00000000d5a00000,0x00000000d5a00000,0x00000000d5b00000)
 ParOldGen       total 218112K, used 216835K [0x0000000080000000, 0x000000008d500000, 0x00000000d5580000)
  object space 218112K, 99% used [0x0000000080000000,0x000000008d3c0cf8,0x000000008d500000)
 Metaspace       used 89823K, committed 91392K, reserved 1179648K
  class space    used 8916K, committed 9664K, reserved 1048576K
}
Event: 3758.850 GC heap before
{Heap before GC invocations=977 (full 27):
 PSYoungGen      total 5632K, used 5152K [0x00000000d5580000, 0x00000000d5c80000, 0x0000000100000000)
  eden space 4608K, 100% used [0x00000000d5580000,0x00000000d5a00000,0x00000000d5a00000)
  from space 1024K, 53% used [0x00000000d5b80000,0x00000000d5c08000,0x00000000d5c80000)
  to   space 1024K, 0% used [0x00000000d5a00000,0x00000000d5a00000,0x00000000d5b00000)
 ParOldGen       total 218112K, used 216835K [0x0000000080000000, 0x000000008d500000, 0x00000000d5580000)
  object space 218112K, 99% used [0x0000000080000000,0x000000008d3c0cf8,0x000000008d500000)
 Metaspace       used 89826K, committed 91392K, reserved 1179648K
  class space    used 8916K, committed 9664K, reserved 1048576K
}
Event: 3758.851 GC heap after
{Heap after GC invocations=977 (full 27):
 PSYoungGen      total 5632K, used 996K [0x00000000d5580000, 0x00000000d5d00000, 0x0000000100000000)
  eden space 4608K, 0% used [0x00000000d5580000,0x00000000d5580000,0x00000000d5a00000)
  from space 1024K, 97% used [0x00000000d5a00000,0x00000000d5af9210,0x00000000d5b00000)
  to   space 1536K, 0% used [0x00000000d5b80000,0x00000000d5b80000,0x00000000d5d00000)
 ParOldGen       total 218112K, used 217259K [0x0000000080000000, 0x000000008d500000, 0x00000000d5580000)
  object space 218112K, 99% used [0x0000000080000000,0x000000008d42ad38,0x000000008d500000)
 Metaspace       used 89826K, committed 91392K, reserved 1179648K
  class space    used 8916K, committed 9664K, reserved 1048576K
}
Event: 3758.856 GC heap before
{Heap before GC invocations=978 (full 27):
 PSYoungGen      total 5632K, used 5604K [0x00000000d5580000, 0x00000000d5d00000, 0x0000000100000000)
  eden space 4608K, 100% used [0x00000000d5580000,0x00000000d5a00000,0x00000000d5a00000)
  from space 1024K, 97% used [0x00000000d5a00000,0x00000000d5af9210,0x00000000d5b00000)
  to   space 1536K, 0% used [0x00000000d5b80000,0x00000000d5b80000,0x00000000d5d00000)
 ParOldGen       total 218112K, used 217259K [0x0000000080000000, 0x000000008d500000, 0x00000000d5580000)
  object space 218112K, 99% used [0x0000000080000000,0x000000008d42ad38,0x000000008d500000)
 Metaspace       used 89826K, committed 91392K, reserved 1179648K
  class space    used 8916K, committed 9664K, reserved 1048576K
}
Event: 3758.857 GC heap after
{Heap after GC invocations=978 (full 27):
 PSYoungGen      total 5632K, used 704K [0x00000000d5580000, 0x00000000d5c80000, 0x0000000100000000)
  eden space 4608K, 0% used [0x00000000d5580000,0x00000000d5580000,0x00000000d5a00000)
  from space 1024K, 68% used [0x00000000d5b80000,0x00000000d5c30000,0x00000000d5c80000)
  to   space 1024K, 0% used [0x00000000d5a00000,0x00000000d5a00000,0x00000000d5b00000)
 ParOldGen       total 218624K, used 218140K [0x0000000080000000, 0x000000008d580000, 0x00000000d5580000)
  object space 218624K, 99% used [0x0000000080000000,0x000000008d5073b0,0x000000008d580000)
 Metaspace       used 89826K, committed 91392K, reserved 1179648K
  class space    used 8916K, committed 9664K, reserved 1048576K
}
Event: 3758.857 GC heap before
{Heap before GC invocations=979 (full 28):
 PSYoungGen      total 5632K, used 704K [0x00000000d5580000, 0x00000000d5c80000, 0x0000000100000000)
  eden space 4608K, 0% used [0x00000000d5580000,0x00000000d5580000,0x00000000d5a00000)
  from space 1024K, 68% used [0x00000000d5b80000,0x00000000d5c30000,0x00000000d5c80000)
  to   space 1024K, 0% used [0x00000000d5a00000,0x00000000d5a00000,0x00000000d5b00000)
 ParOldGen       total 218624K, used 218140K [0x0000000080000000, 0x000000008d580000, 0x00000000d5580000)
  object space 218624K, 99% used [0x0000000080000000,0x000000008d5073b0,0x000000008d580000)
 Metaspace       used 89826K, committed 91392K, reserved 1179648K
  class space    used 8916K, committed 9664K, reserved 1048576K
}
Event: 3758.954 GC heap after
{Heap after GC invocations=979 (full 28):
 PSYoungGen      total 5632K, used 0K [0x00000000d5580000, 0x00000000d5c00000, 0x0000000100000000)
  eden space 4608K, 0% used [0x00000000d5580000,0x00000000d5580000,0x00000000d5a00000)
  from space 1024K, 0% used [0x00000000d5a00000,0x00000000d5a00000,0x00000000d5b00000)
  to   space 1024K, 0% used [0x00000000d5b00000,0x00000000d5b00000,0x00000000d5c00000)
 ParOldGen       total 209408K, used 159754K [0x0000000080000000, 0x000000008cc80000, 0x00000000d5580000)
  object space 209408K, 76% used [0x0000000080000000,0x0000000089c02950,0x000000008cc80000)
 Metaspace       used 89818K, committed 91392K, reserved 1179648K
  class space    used 8914K, committed 9664K, reserved 1048576K
}

Dll operation events (11 events):
Event: 0.009 Loaded shared library c:\Users\casa\.vscode\extensions\redhat.java-1.31.0-win32-x64\jre\17.0.11-win32-x86_64\bin\java.dll
Event: 0.103 Loaded shared library c:\Users\casa\.vscode\extensions\redhat.java-1.31.0-win32-x64\jre\17.0.11-win32-x86_64\bin\zip.dll
Event: 0.105 Loaded shared library C:\Users\casa\.vscode\extensions\redhat.java-1.31.0-win32-x64\jre\17.0.11-win32-x86_64\bin\instrument.dll
Event: 0.115 Loaded shared library C:\Users\casa\.vscode\extensions\redhat.java-1.31.0-win32-x64\jre\17.0.11-win32-x86_64\bin\net.dll
Event: 0.116 Loaded shared library C:\Users\casa\.vscode\extensions\redhat.java-1.31.0-win32-x64\jre\17.0.11-win32-x86_64\bin\nio.dll
Event: 0.120 Loaded shared library C:\Users\casa\.vscode\extensions\redhat.java-1.31.0-win32-x64\jre\17.0.11-win32-x86_64\bin\zip.dll
Event: 0.131 Loaded shared library C:\Users\casa\.vscode\extensions\redhat.java-1.31.0-win32-x64\jre\17.0.11-win32-x86_64\bin\jimage.dll
Event: 0.161 Loaded shared library c:\Users\casa\.vscode\extensions\redhat.java-1.31.0-win32-x64\jre\17.0.11-win32-x86_64\bin\verify.dll
Event: 2.311 Loaded shared library C:\Users\casa\AppData\Roaming\Code\User\globalStorage\redhat.java\1.31.0\config_win\org.eclipse.equinox.launcher\org.eclipse.equinox.launcher.win32.win32.x86_64_1.2.1000.v20240507-1834\eclipse_11902.dll
Event: 7.474 Loaded shared library C:\Users\casa\AppData\Local\Temp\jna-3046188\jna2739432098031257823.dll
Event: 13.462 Loaded shared library C:\Users\casa\.vscode\extensions\redhat.java-1.31.0-win32-x64\jre\17.0.11-win32-x86_64\bin\sunmscapi.dll

Deoptimization events (20 events):
Event: 3758.151 Thread 0x0000019d3a3c2730 Uncommon trap: trap_request=0xffffffde fr.pc=0x0000019d2594a158 relative=0x0000000000000618
Event: 3758.151 Thread 0x0000019d3a3c2730 Uncommon trap: reason=class_check action=maybe_recompile pc=0x0000019d2594a158 method=org.eclipse.lsp4j.jsonrpc.json.adapters.CollectionTypeAdapter.write(Lcom/google/gson/stream/JsonWriter;Ljava/util/Collection;)V @ 70 c2
Event: 3758.151 Thread 0x0000019d3a3c2730 DEOPT PACKING pc=0x0000019d2594a158 sp=0x0000008905ffe7b0
Event: 3758.151 Thread 0x0000019d3a3c2730 DEOPT UNPACKING pc=0x0000019d249666a3 sp=0x0000008905ffe730 mode 2
Event: 3758.152 Thread 0x0000019d3a3c4aa0 Uncommon trap: trap_request=0xffffffde fr.pc=0x0000019d2594a158 relative=0x0000000000000618
Event: 3758.152 Thread 0x0000019d3a3c4aa0 Uncommon trap: reason=class_check action=maybe_recompile pc=0x0000019d2594a158 method=org.eclipse.lsp4j.jsonrpc.json.adapters.CollectionTypeAdapter.write(Lcom/google/gson/stream/JsonWriter;Ljava/util/Collection;)V @ 70 c2
Event: 3758.152 Thread 0x0000019d3a3c4aa0 DEOPT PACKING pc=0x0000019d2594a158 sp=0x0000008907ffe780
Event: 3758.152 Thread 0x0000019d3a3c4aa0 DEOPT UNPACKING pc=0x0000019d249666a3 sp=0x0000008907ffe700 mode 2
Event: 3758.573 Thread 0x0000019d3a3c2730 Uncommon trap: trap_request=0xffffff6e fr.pc=0x0000019d25f9c234 relative=0x0000000000000934
Event: 3758.573 Thread 0x0000019d3a3c2730 Uncommon trap: reason=loop_limit_check action=maybe_recompile pc=0x0000019d25f9c234 method=org.eclipse.jdt.internal.compiler.util.HashtableOfType.rehash()V @ 64 c2
Event: 3758.573 Thread 0x0000019d3a3c2730 DEOPT PACKING pc=0x0000019d25f9c234 sp=0x0000008905ffdd40
Event: 3758.573 Thread 0x0000019d3a3c2730 DEOPT UNPACKING pc=0x0000019d249666a3 sp=0x0000008905ffdcf0 mode 2
Event: 3758.575 Thread 0x0000019d3a3c2730 Uncommon trap: trap_request=0xffffffe4 fr.pc=0x0000019d25f90efc relative=0x000000000000015c
Event: 3758.575 Thread 0x0000019d3a3c2730 Uncommon trap: reason=range_check action=make_not_entrant pc=0x0000019d25f90efc method=org.eclipse.jdt.core.dom.ASTConverter.isPrimitiveType([C)Z @ 2 c2
Event: 3758.575 Thread 0x0000019d3a3c2730 DEOPT PACKING pc=0x0000019d25f90efc sp=0x0000008905ffe3d0
Event: 3758.575 Thread 0x0000019d3a3c2730 DEOPT UNPACKING pc=0x0000019d249666a3 sp=0x0000008905ffe358 mode 2
Event: 3758.832 Thread 0x0000019d3a3c2730 Uncommon trap: trap_request=0xffffffcc fr.pc=0x0000019d25fa79d0 relative=0x0000000000000410
Event: 3758.832 Thread 0x0000019d3a3c2730 Uncommon trap: reason=intrinsic_or_type_checked_inlining action=make_not_entrant pc=0x0000019d25fa79d0 method=org.eclipse.jdt.internal.compiler.parser.Parser.consumeMethodHeaderRightParen()V @ 268 c2
Event: 3758.832 Thread 0x0000019d3a3c2730 DEOPT PACKING pc=0x0000019d25fa79d0 sp=0x0000008905ffdb30
Event: 3758.832 Thread 0x0000019d3a3c2730 DEOPT UNPACKING pc=0x0000019d249666a3 sp=0x0000008905ffdab0 mode 2

Classes unloaded (20 events):
Event: 3223.478 Thread 0x0000019d18fcebc0 Unloading class 0x0000000100223c00 'java/lang/invoke/LambdaForm$MH+0x0000000100223c00'
Event: 3223.478 Thread 0x0000019d18fcebc0 Unloading class 0x0000000100223800 'java/lang/invoke/LambdaForm$MH+0x0000000100223800'
Event: 3223.478 Thread 0x0000019d18fcebc0 Unloading class 0x00000001001b1c00 'java/lang/invoke/LambdaForm$MH+0x00000001001b1c00'
Event: 3223.478 Thread 0x0000019d18fcebc0 Unloading class 0x00000001001b1800 'java/lang/invoke/LambdaForm$MH+0x00000001001b1800'
Event: 3223.478 Thread 0x0000019d18fcebc0 Unloading class 0x00000001001b1400 'java/lang/invoke/LambdaForm$MH+0x00000001001b1400'
Event: 3223.478 Thread 0x0000019d18fcebc0 Unloading class 0x00000001001b1000 'java/lang/invoke/LambdaForm$MH+0x00000001001b1000'
Event: 3223.478 Thread 0x0000019d18fcebc0 Unloading class 0x00000001001b0c00 'java/lang/invoke/LambdaForm$MH+0x00000001001b0c00'
Event: 3223.478 Thread 0x0000019d18fcebc0 Unloading class 0x00000001001b0800 'java/lang/invoke/LambdaForm$MH+0x00000001001b0800'
Event: 3223.478 Thread 0x0000019d18fcebc0 Unloading class 0x00000001001b0400 'java/lang/invoke/LambdaForm$MH+0x00000001001b0400'
Event: 3223.478 Thread 0x0000019d18fcebc0 Unloading class 0x00000001001b0000 'java/lang/invoke/LambdaForm$MH+0x00000001001b0000'
Event: 3223.478 Thread 0x0000019d18fcebc0 Unloading class 0x0000000100199c00 'java/lang/invoke/LambdaForm$MH+0x0000000100199c00'
Event: 3223.478 Thread 0x0000019d18fcebc0 Unloading class 0x0000000100199400 'java/lang/invoke/LambdaForm$MH+0x0000000100199400'
Event: 3223.478 Thread 0x0000019d18fcebc0 Unloading class 0x0000000100199000 'java/lang/invoke/LambdaForm$MH+0x0000000100199000'
Event: 3223.478 Thread 0x0000019d18fcebc0 Unloading class 0x0000000100198c00 'java/lang/invoke/LambdaForm$MH+0x0000000100198c00'
Event: 3223.478 Thread 0x0000019d18fcebc0 Unloading class 0x0000000100198800 'java/lang/invoke/LambdaForm$MH+0x0000000100198800'
Event: 3223.478 Thread 0x0000019d18fcebc0 Unloading class 0x0000000100198000 'java/lang/invoke/LambdaForm$MH+0x0000000100198000'
Event: 3758.884 Thread 0x0000019d18fcebc0 Unloading class 0x000000010030c000 'java/lang/invoke/LambdaForm$MH+0x000000010030c000'
Event: 3758.884 Thread 0x0000019d18fcebc0 Unloading class 0x000000010079d400 'java/lang/invoke/LambdaForm$MH+0x000000010079d400'
Event: 3758.884 Thread 0x0000019d18fcebc0 Unloading class 0x000000010079dc00 'java/lang/invoke/LambdaForm$MH+0x000000010079dc00'
Event: 3758.884 Thread 0x0000019d18fcebc0 Unloading class 0x000000010097cc00 'java/lang/invoke/LambdaForm$MH+0x000000010097cc00'

Classes redefined (0 events):
No events

Internal exceptions (20 events):
Event: 1328.370 Thread 0x0000019d38afb760 Exception <a 'java/lang/ArrayIndexOutOfBoundsException'{0x00000000d5614548}> (0x00000000d5614548) 
thrown [s\src\hotspot\share\runtime\sharedRuntime.cpp, line 631]
Event: 1328.370 Thread 0x0000019d38afb760 Exception <a 'java/lang/ArrayIndexOutOfBoundsException'{0x00000000d5614868}: Index 1 out of bounds for length 1> (0x00000000d5614868) 
thrown [s\src\hotspot\share\interpreter\interpreterRuntime.cpp, line 428]
Event: 1328.370 Thread 0x0000019d38afb760 Exception <a 'java/lang/ArrayIndexOutOfBoundsException'{0x00000000d5614b88}: Index 1 out of bounds for length 1> (0x00000000d5614b88) 
thrown [s\src\hotspot\share\interpreter\interpreterRuntime.cpp, line 428]
Event: 1328.370 Thread 0x0000019d38afb760 Exception <a 'java/lang/ArrayIndexOutOfBoundsException'{0x00000000d5614ea8}: Index 1 out of bounds for length 1> (0x00000000d5614ea8) 
thrown [s\src\hotspot\share\interpreter\interpreterRuntime.cpp, line 428]
Event: 1328.370 Thread 0x0000019d38afb760 Exception <a 'java/lang/ArrayIndexOutOfBoundsException'{0x00000000d56151c8}: Index 1 out of bounds for length 1> (0x00000000d56151c8) 
thrown [s\src\hotspot\share\interpreter\interpreterRuntime.cpp, line 428]
Event: 1328.370 Thread 0x0000019d38afb760 Exception <a 'java/lang/ArrayIndexOutOfBoundsException'{0x00000000d56154e8}: Index 1 out of bounds for length 1> (0x00000000d56154e8) 
thrown [s\src\hotspot\share\interpreter\interpreterRuntime.cpp, line 428]
Event: 1331.324 Thread 0x0000019d3899eb80 Exception <a 'sun/nio/fs/WindowsException'{0x00000000d5580790}> (0x00000000d5580790) 
thrown [s\src\hotspot\share\prims\jni.cpp, line 516]
Event: 1331.476 Thread 0x0000019d3899eb80 Exception <a 'sun/nio/fs/WindowsException'{0x00000000d5679d88}> (0x00000000d5679d88) 
thrown [s\src\hotspot\share\prims\jni.cpp, line 516]
Event: 2711.785 Thread 0x0000019d3899d740 Implicit null exception at 0x0000019d25e6b2b7 to 0x0000019d25e6c698
Event: 3223.401 Thread 0x0000019d3a3be560 Implicit null exception at 0x0000019d2561bf8f to 0x0000019d2561eec0
Event: 3223.401 Thread 0x0000019d3a3be560 Implicit null exception at 0x0000019d25621d4a to 0x0000019d256222b8
Event: 3223.566 Thread 0x0000019d3a3be560 Implicit null exception at 0x0000019d25e9038f to 0x0000019d25e90bf4
Event: 3757.437 Thread 0x0000019d3a3c2730 Implicit null exception at 0x0000019d257fec25 to 0x0000019d257ff4f4
Event: 3757.437 Thread 0x0000019d3a3c2730 Implicit null exception at 0x0000019d2536f41d to 0x0000019d2536fc4c
Event: 3757.437 Thread 0x0000019d3a3c4aa0 Implicit null exception at 0x0000019d2536f41d to 0x0000019d2536fc4c
Event: 3757.437 Thread 0x0000019d3a3c2730 Implicit null exception at 0x0000019d258231ae to 0x0000019d258236d0
Event: 3757.437 Thread 0x0000019d3a3c4aa0 Implicit null exception at 0x0000019d258231ae to 0x0000019d258236d0
Event: 3757.437 Thread 0x0000019d3a3c4aa0 Implicit null exception at 0x0000019d24f1b905 to 0x0000019d24f1bcc4
Event: 3757.437 Thread 0x0000019d3a3c2730 Implicit null exception at 0x0000019d24f1b905 to 0x0000019d24f1bcc4
Event: 3758.151 Thread 0x0000019d3a3c2730 Implicit null exception at 0x0000019d2562112a to 0x0000019d25621634

VM Operations (20 events):
Event: 3758.151 Executing VM operation: ParallelGCFailedAllocation done
Event: 3758.156 Executing VM operation: ParallelGCFailedAllocation
Event: 3758.158 Executing VM operation: ParallelGCFailedAllocation done
Event: 3758.161 Executing VM operation: ParallelGCFailedAllocation
Event: 3758.163 Executing VM operation: ParallelGCFailedAllocation done
Event: 3758.559 Executing VM operation: ParallelGCFailedAllocation
Event: 3758.560 Executing VM operation: ParallelGCFailedAllocation done
Event: 3758.566 Executing VM operation: ParallelGCFailedAllocation
Event: 3758.567 Executing VM operation: ParallelGCFailedAllocation done
Event: 3758.820 Executing VM operation: ParallelGCFailedAllocation
Event: 3758.821 Executing VM operation: ParallelGCFailedAllocation done
Event: 3758.827 Executing VM operation: ParallelGCFailedAllocation
Event: 3758.828 Executing VM operation: ParallelGCFailedAllocation done
Event: 3758.835 Executing VM operation: ParallelGCFailedAllocation
Event: 3758.837 Executing VM operation: ParallelGCFailedAllocation done
Event: 3758.850 Executing VM operation: ParallelGCFailedAllocation
Event: 3758.851 Executing VM operation: ParallelGCFailedAllocation done
Event: 3758.856 Executing VM operation: ParallelGCFailedAllocation
Event: 3758.954 Executing VM operation: ParallelGCFailedAllocation done
Event: 3758.961 Executing VM operation: ParallelGCFailedAllocation

Events (20 events):
Event: 3088.762 Thread 0x0000019d3a3c1d10 Thread exited: 0x0000019d3a3c1d10
Event: 3148.765 Thread 0x0000019d3899e160 Thread exited: 0x0000019d3899e160
Event: 3182.982 Thread 0x0000019d3a3be560 Thread added: 0x0000019d3a3be560
Event: 3220.137 Thread 0x0000019d487136d0 Thread added: 0x0000019d487136d0
Event: 3222.758 Thread 0x0000019d487136d0 Thread exited: 0x0000019d487136d0
Event: 3223.371 Thread 0x0000019d3a3bfeb0 Thread added: 0x0000019d3a3bfeb0
Event: 3223.447 Thread 0x0000019d3a3c1d10 Thread added: 0x0000019d3a3c1d10
Event: 3313.207 Thread 0x0000019d3a3c1d10 Thread exited: 0x0000019d3a3c1d10
Event: 3373.222 Thread 0x0000019d3a3be560 Thread exited: 0x0000019d3a3be560
Event: 3433.223 Thread 0x0000019d3899d740 Thread exited: 0x0000019d3899d740
Event: 3493.224 Thread 0x0000019d3a3bfeb0 Thread exited: 0x0000019d3a3bfeb0
Event: 3553.239 Thread 0x0000019d3a3c1800 Thread exited: 0x0000019d3a3c1800
Event: 3565.892 Thread 0x0000019d3a3c1800 Thread added: 0x0000019d3a3c1800
Event: 3630.613 Thread 0x0000019d3a3c3b70 Thread exited: 0x0000019d3a3c3b70
Event: 3690.614 Thread 0x0000019d3a3c1800 Thread exited: 0x0000019d3a3c1800
Event: 3741.406 Thread 0x0000019d3a3c2730 Thread added: 0x0000019d3a3c2730
Event: 3742.914 Thread 0x0000019d3a3c3b70 Thread added: 0x0000019d3a3c3b70
Event: 3743.156 Thread 0x0000019d3a3c1800 Thread added: 0x0000019d3a3c1800
Event: 3744.859 Thread 0x0000019d3a3c4aa0 Thread added: 0x0000019d3a3c4aa0
Event: 3758.817 Thread 0x0000019d3a3be560 Thread added: 0x0000019d3a3be560


Dynamic libraries:
0x00007ff6d1c80000 - 0x00007ff6d1c8e000 	c:\Users\casa\.vscode\extensions\redhat.java-1.31.0-win32-x64\jre\17.0.11-win32-x86_64\bin\java.exe
0x00007ff9149d0000 - 0x00007ff914be7000 	C:\WINDOWS\SYSTEM32\ntdll.dll
0x00007ff913380000 - 0x00007ff913444000 	C:\WINDOWS\System32\KERNEL32.DLL
0x00007ff912040000 - 0x00007ff9123e7000 	C:\WINDOWS\System32\KERNELBASE.dll
0x00007ff9123f0000 - 0x00007ff912501000 	C:\WINDOWS\System32\ucrtbase.dll
0x00007ff901390000 - 0x00007ff9013ab000 	c:\Users\casa\.vscode\extensions\redhat.java-1.31.0-win32-x64\jre\17.0.11-win32-x86_64\bin\VCRUNTIME140.dll
0x00007ff90c260000 - 0x00007ff90c277000 	c:\Users\casa\.vscode\extensions\redhat.java-1.31.0-win32-x64\jre\17.0.11-win32-x86_64\bin\jli.dll
0x00007ff912b00000 - 0x00007ff912cae000 	C:\WINDOWS\System32\USER32.dll
0x00007ff910e60000 - 0x00007ff9110f3000 	C:\WINDOWS\WinSxS\amd64_microsoft.windows.common-controls_6595b64144ccf1df_6.0.22621.3527_none_270e469b73872a76\COMCTL32.dll
0x00007ff911ee0000 - 0x00007ff911f06000 	C:\WINDOWS\System32\win32u.dll
0x00007ff913190000 - 0x00007ff913237000 	C:\WINDOWS\System32\msvcrt.dll
0x00007ff914910000 - 0x00007ff914939000 	C:\WINDOWS\System32\GDI32.dll
0x00007ff911d90000 - 0x00007ff911ea9000 	C:\WINDOWS\System32\gdi32full.dll
0x00007ff911cf0000 - 0x00007ff911d8a000 	C:\WINDOWS\System32\msvcp_win.dll
0x00007ff913ad0000 - 0x00007ff913b01000 	C:\WINDOWS\System32\IMM32.DLL
0x00007ff90c3a0000 - 0x00007ff90c3ac000 	c:\Users\casa\.vscode\extensions\redhat.java-1.31.0-win32-x64\jre\17.0.11-win32-x86_64\bin\vcruntime140_1.dll
0x00007ff8f6d60000 - 0x00007ff8f6ded000 	c:\Users\casa\.vscode\extensions\redhat.java-1.31.0-win32-x64\jre\17.0.11-win32-x86_64\bin\msvcp140.dll
0x00007ff8bed60000 - 0x00007ff8bf9c2000 	c:\Users\casa\.vscode\extensions\redhat.java-1.31.0-win32-x64\jre\17.0.11-win32-x86_64\bin\server\jvm.dll
0x00007ff912cb0000 - 0x00007ff912d62000 	C:\WINDOWS\System32\ADVAPI32.dll
0x00007ff913a20000 - 0x00007ff913ac8000 	C:\WINDOWS\System32\sechost.dll
0x00007ff911eb0000 - 0x00007ff911ed8000 	C:\WINDOWS\System32\bcrypt.dll
0x00007ff9127b0000 - 0x00007ff9128c5000 	C:\WINDOWS\System32\RPCRT4.dll
0x00007ff911600000 - 0x00007ff91164d000 	C:\WINDOWS\SYSTEM32\POWRPROF.dll
0x00007ff90c1d0000 - 0x00007ff90c1d9000 	C:\WINDOWS\SYSTEM32\WSOCK32.dll
0x00007ff913990000 - 0x00007ff913a01000 	C:\WINDOWS\System32\WS2_32.dll
0x00007ff908f40000 - 0x00007ff908f4a000 	C:\WINDOWS\SYSTEM32\VERSION.dll
0x00007ff9039a0000 - 0x00007ff9039d4000 	C:\WINDOWS\SYSTEM32\WINMM.dll
0x00007ff911150000 - 0x00007ff911163000 	C:\WINDOWS\SYSTEM32\UMPDC.dll
0x00007ff910410000 - 0x00007ff910428000 	C:\WINDOWS\SYSTEM32\kernel.appcore.dll
0x00007ff901450000 - 0x00007ff90145a000 	c:\Users\casa\.vscode\extensions\redhat.java-1.31.0-win32-x64\jre\17.0.11-win32-x86_64\bin\jimage.dll
0x00007ff911650000 - 0x00007ff911882000 	C:\WINDOWS\SYSTEM32\DBGHELP.DLL
0x00007ff913450000 - 0x00007ff9137d8000 	C:\WINDOWS\System32\combase.dll
0x00007ff9132a0000 - 0x00007ff913377000 	C:\WINDOWS\System32\OLEAUT32.dll
0x00007ff9114d0000 - 0x00007ff911502000 	C:\WINDOWS\SYSTEM32\dbgcore.DLL
0x00007ff912510000 - 0x00007ff912589000 	C:\WINDOWS\System32\bcryptPrimitives.dll
0x00007ff8fcba0000 - 0x00007ff8fcbae000 	c:\Users\casa\.vscode\extensions\redhat.java-1.31.0-win32-x64\jre\17.0.11-win32-x86_64\bin\instrument.dll
0x00007ff8f6630000 - 0x00007ff8f6655000 	c:\Users\casa\.vscode\extensions\redhat.java-1.31.0-win32-x64\jre\17.0.11-win32-x86_64\bin\java.dll
0x00007ff8fca00000 - 0x00007ff8fca18000 	c:\Users\casa\.vscode\extensions\redhat.java-1.31.0-win32-x64\jre\17.0.11-win32-x86_64\bin\zip.dll
0x00007ff9140b0000 - 0x00007ff91490c000 	C:\WINDOWS\System32\SHELL32.dll
0x00007ff90f1a0000 - 0x00007ff90fa96000 	C:\WINDOWS\SYSTEM32\windows.storage.dll
0x00007ff90f060000 - 0x00007ff90f19e000 	C:\WINDOWS\SYSTEM32\wintypes.dll
0x00007ff912ed0000 - 0x00007ff912fc5000 	C:\WINDOWS\System32\SHCORE.dll
0x00007ff912e70000 - 0x00007ff912ece000 	C:\WINDOWS\System32\shlwapi.dll
0x00007ff911c20000 - 0x00007ff911c41000 	C:\WINDOWS\SYSTEM32\profapi.dll
0x00007ff8fa8b0000 - 0x00007ff8fa8c9000 	C:\Users\casa\.vscode\extensions\redhat.java-1.31.0-win32-x64\jre\17.0.11-win32-x86_64\bin\net.dll
0x00007ff90a470000 - 0x00007ff90a5a6000 	C:\WINDOWS\SYSTEM32\WINHTTP.dll
0x00007ff910830000 - 0x00007ff910899000 	C:\WINDOWS\system32\mswsock.dll
0x00007ff8f72b0000 - 0x00007ff8f72c6000 	C:\Users\casa\.vscode\extensions\redhat.java-1.31.0-win32-x64\jre\17.0.11-win32-x86_64\bin\nio.dll
0x00007ff8fab60000 - 0x00007ff8fab70000 	c:\Users\casa\.vscode\extensions\redhat.java-1.31.0-win32-x64\jre\17.0.11-win32-x86_64\bin\verify.dll
0x00007ff8f2870000 - 0x00007ff8f28b4000 	C:\Users\casa\AppData\Roaming\Code\User\globalStorage\redhat.java\1.31.0\config_win\org.eclipse.equinox.launcher\org.eclipse.equinox.launcher.win32.win32.x86_64_1.2.1000.v20240507-1834\eclipse_11902.dll
0x00007ff9137e0000 - 0x00007ff913985000 	C:\WINDOWS\System32\ole32.dll
0x00007ff911980000 - 0x00007ff91199b000 	C:\WINDOWS\SYSTEM32\CRYPTSP.dll
0x00007ff9108d0000 - 0x00007ff910905000 	C:\WINDOWS\system32\rsaenh.dll
0x00007ff910910000 - 0x00007ff910938000 	C:\WINDOWS\SYSTEM32\USERENV.dll
0x00007ff910d50000 - 0x00007ff910d5c000 	C:\WINDOWS\SYSTEM32\CRYPTBASE.dll
0x00007ff90ff00000 - 0x00007ff90ff2d000 	C:\WINDOWS\SYSTEM32\IPHLPAPI.DLL
0x00007ff913a10000 - 0x00007ff913a19000 	C:\WINDOWS\System32\NSI.dll
0x00007ff90ad20000 - 0x00007ff90ad39000 	C:\WINDOWS\SYSTEM32\dhcpcsvc6.DLL
0x00007ff90acf0000 - 0x00007ff90ad0f000 	C:\WINDOWS\SYSTEM32\dhcpcsvc.DLL
0x00007ff90ff30000 - 0x00007ff910028000 	C:\WINDOWS\SYSTEM32\DNSAPI.dll
0x00007ff8fa9a0000 - 0x00007ff8fa9e5000 	C:\Users\casa\AppData\Local\Temp\jna-3046188\jna2739432098031257823.dll
0x00007ff912af0000 - 0x00007ff912af8000 	C:\WINDOWS\System32\PSAPI.DLL
0x00007ff90e450000 - 0x00007ff90e45e000 	C:\Users\casa\.vscode\extensions\redhat.java-1.31.0-win32-x64\jre\17.0.11-win32-x86_64\bin\sunmscapi.dll
0x00007ff912590000 - 0x00007ff9126f8000 	C:\WINDOWS\System32\CRYPT32.dll
0x00007ff911100000 - 0x00007ff91112e000 	C:\WINDOWS\SYSTEM32\ncrypt.dll
0x00007ff910e20000 - 0x00007ff910e57000 	C:\WINDOWS\SYSTEM32\NTASN1.dll
0x00007ff9115c0000 - 0x00007ff9115f4000 	C:\WINDOWS\SYSTEM32\ntmarta.dll

dbghelp: loaded successfully - version: 4.0.5 - missing functions: none
symbol engine: initialized successfully - sym options: 0x614 - pdb path: .;c:\Users\casa\.vscode\extensions\redhat.java-1.31.0-win32-x64\jre\17.0.11-win32-x86_64\bin;C:\WINDOWS\SYSTEM32;C:\WINDOWS\WinSxS\amd64_microsoft.windows.common-controls_6595b64144ccf1df_6.0.22621.3527_none_270e469b73872a76;c:\Users\casa\.vscode\extensions\redhat.java-1.31.0-win32-x64\jre\17.0.11-win32-x86_64\bin\server;C:\Users\casa\AppData\Roaming\Code\User\globalStorage\redhat.java\1.31.0\config_win\org.eclipse.equinox.launcher\org.eclipse.equinox.launcher.win32.win32.x86_64_1.2.1000.v20240507-1834;C:\Users\casa\AppData\Local\Temp\jna-3046188

VM Arguments:
jvm_args: --add-modules=ALL-SYSTEM --add-opens=java.base/java.util=ALL-UNNAMED --add-opens=java.base/java.lang=ALL-UNNAMED --add-opens=java.base/sun.nio.fs=ALL-UNNAMED -Declipse.application=org.eclipse.jdt.ls.core.id1 -Dosgi.bundles.defaultStartLevel=4 -Declipse.product=org.eclipse.jdt.ls.core.product -Djava.import.generatesMetadataFilesAtProjectRoot=false -DDetectVMInstallationsJob.disabled=true -Dfile.encoding=utf8 -XX:+UseParallelGC -XX:GCTimeRatio=4 -XX:AdaptiveSizePolicyWeight=90 -Dsun.zip.disableMemoryMapping=true -Xmx2G -Xms100m -Xlog:disable -javaagent:c:\Users\casa\.vscode\extensions\redhat.java-1.31.0-win32-x64\lombok\lombok-1.18.32.jar -XX:+HeapDumpOnOutOfMemoryError -XX:HeapDumpPath=c:\Users\casa\AppData\Roaming\Code\User\workspaceStorage\2ca1e065a12013a041ddb2075f267414\redhat.java -Daether.dependencyCollector.impl=bf 
java_command: c:\Users\casa\.vscode\extensions\redhat.java-1.31.0-win32-x64\server\plugins\org.eclipse.equinox.launcher_1.6.800.v20240513-1750.jar -configuration c:\Users\casa\AppData\Roaming\Code\User\globalStorage\redhat.java\1.31.0\config_win -data c:\Users\casa\AppData\Roaming\Code\User\workspaceStorage\2ca1e065a12013a041ddb2075f267414\redhat.java\jdt_ws --pipe=\\.\pipe\lsp-638453e3f582ad40f1c32cad45f07a10-sock
java_class_path (initial): c:\Users\casa\.vscode\extensions\redhat.java-1.31.0-win32-x64\server\plugins\org.eclipse.equinox.launcher_1.6.800.v20240513-1750.jar
Launcher Type: SUN_STANDARD

[Global flags]
    uintx AdaptiveSizePolicyWeight                 = 90                                        {product} {command line}
     intx CICompilerCount                          = 4                                         {product} {ergonomic}
    uintx GCTimeRatio                              = 4                                         {product} {command line}
     bool HeapDumpOnOutOfMemoryError               = true                                   {manageable} {command line}
    ccstr HeapDumpPath                             = c:\Users\casa\AppData\Roaming\Code\User\workspaceStorage\2ca1e065a12013a041ddb2075f267414\redhat.java         {manageable} {command line}
   size_t InitialHeapSize                          = 104857600                                 {product} {command line}
   size_t MaxHeapSize                              = 2147483648                                {product} {command line}
   size_t MaxNewSize                               = 715653120                                 {product} {ergonomic}
   size_t MinHeapDeltaBytes                        = 524288                                    {product} {ergonomic}
   size_t MinHeapSize                              = 104857600                                 {product} {command line}
   size_t NewSize                                  = 34603008                                  {product} {ergonomic}
    uintx NonNMethodCodeHeapSize                   = 5839372                                {pd product} {ergonomic}
    uintx NonProfiledCodeHeapSize                  = 122909434                              {pd product} {ergonomic}
   size_t OldSize                                  = 70254592                                  {product} {ergonomic}
    uintx ProfiledCodeHeapSize                     = 122909434                              {pd product} {ergonomic}
    uintx ReservedCodeCacheSize                    = 251658240                              {pd product} {ergonomic}
     bool SegmentedCodeCache                       = true                                      {product} {ergonomic}
   size_t SoftMaxHeapSize                          = 2147483648                             {manageable} {ergonomic}
     bool UseCompressedClassPointers               = true                           {product lp64_product} {ergonomic}
     bool UseCompressedOops                        = true                           {product lp64_product} {ergonomic}
     bool UseLargePagesIndividualAllocation        = false                                  {pd product} {ergonomic}
     bool UseParallelGC                            = true                                      {product} {command line}

Logging:
Log output configuration:
 #0: stdout all=off uptime,level,tags
 #1: stderr all=off uptime,level,tags

Environment Variables:
PATH=C:\Program Files\Common Files\Oracle\Java\javapath;C:\Program Files (x86)\Common Files\Oracle\Java\javapath;C:\ProgramData\Oracle\Java\javapath;C:\Windows\system32;C:\Windows;C:\Windows\System32\Wbem;C:\Windows\System32\WindowsPowerShell\v1.0\;C:\Windows\System32\OpenSSH\;C:\ProgramData\chocolatey\bin;C:\Program Files (x86)\NVIDIA Corporation\PhysX\Common;C:\WINDOWS\system32;C:\WINDOWS;C:\WINDOWS\System32\Wbem;C:\WINDOWS\System32\WindowsPowerShell\v1.0\;C:\WINDOWS\System32\OpenSSH\;C:\Program Files (x86)\Microsoft SQL Server\160\Tools\Binn\;C:\Program Files\Microsoft SQL Server\160\Tools\Binn\;C:\Program Files\Microsoft SQL Server\Client SDK\ODBC\170\Tools\Binn\;C:\Program Files\Microsoft SQL Server\160\DTS\Binn\;C:\Program Files (x86)\Microsoft SQL Server\160\DTS\Binn\;C:\Program Files\Git\cmd;C:\Program Files\nodejs\;C:\Program Files\dotnet\;C:\Program Files\Microsoft SQL Server\150\Tools\Binn\;C:\Users\casa\AppData\Local\Microsoft\WindowsApps;C:\Program Files\Azure Data Studio\bin;C:\Program Files\nodejs\;C:\Users\casa\AppData\Local\Programs\Microsoft VS Code\bin;C:\Users\casa\AppData\Roaming\npm;C:\Users\casa\.dotnet\tools;C:\Users\casa\AppData\Roaming\npm\node_modules\@angular\cli\bin;
USERNAME=casa
OS=Windows_NT
PROCESSOR_IDENTIFIER=Intel64 Family 6 Model 151 Stepping 2, GenuineIntel
TMP=C:\Users\casa\AppData\Local\Temp
TEMP=C:\Users\casa\AppData\Local\Temp



Periodic native trim disabled


---------------  S Y S T E M  ---------------

OS:
 Windows 11 , 64 bit Build 22621 (10.0.22621.3527)
OS uptime: 0 days 1:43 hours
Hyper-V role detected

CPU: total 12 (initial active 12) (6 cores per cpu, 2 threads per core) family 6 model 151 stepping 2 microcode 0x1e, cx8, cmov, fxsr, ht, mmx, 3dnowpref, sse, sse2, sse3, ssse3, sse4.1, sse4.2, popcnt, lzcnt, tsc, tscinvbit, avx, avx2, aes, erms, clmul, bmi1, bmi2, adx, sha, fma, vzeroupper, clflush, clflushopt, clwb, hv
Processor Information for all 12 processors :
  Max Mhz: 2500, Current Mhz: 2500, Mhz Limit: 2500

Memory: 4k page, system-wide physical 16225M (8650M free)
TotalPageFile size 17249M (AvailPageFile size 8436M)
current process WorkingSet (physical memory assigned to process): 650M, peak: 900M
current process commit charge ("private bytes"): 586M, peak: 931M

vm_info: OpenJDK 64-Bit Server VM (17.0.11+9) for windows-amd64 JRE (17.0.11+9), built on Apr 17 2024 06:07:48 by "admin" with MS VC++ 16.10 / 16.11 (VS2019)

END.
