#
# A fatal error has been detected by the Java Runtime Environment:
#
#  EXCEPTION_ACCESS_VIOLATION (0xc0000005) at pc=0x00007ffdfc9402c2, pid=13948, tid=14284
#
# JRE version: OpenJDK Runtime Environment Temurin-17.0.10+7 (17.0.10+7) (build 17.0.10+7)
# Java VM: OpenJDK 64-Bit Server VM Temurin-17.0.10+7 (17.0.10+7, mixed mode, emulated-client, tiered, compressed oops, compressed class ptrs, g1 gc, windows-amd64)
# Problematic frame:
# V  [jvm.dll+0x2302c2]
#
# No core dump will be written. Minidumps are not enabled by default on client versions of Windows
#
# If you would like to submit a bug report, please visit:
#   https://github.com/adoptium/adoptium-support/issues
#

---------------  S U M M A R Y ------------

Command Line: -Xmx1024m -Dsts.lsp.client=vscode -Dsts.log.file=/dev/null -XX:TieredStopAtLevel=1 -Xlog:jni+resolve=off -Dspring.config.location=file:c:\Users\casa\.vscode\extensions\vmware.vscode-spring-boot-1.54.0\language-server\BOOT-INF\classes\application.properties org.springframework.ide.vscode.boot.app.BootLanguageServerBootApp

Host: 12th Gen Intel(R) Core(TM) i5-12400F, 12 cores, 15G,  Windows 11 , 64 bit Build 22621 (10.0.22621.3527)
Time: Mon May 20 11:43:14 2024 Hora estándar de Argentina elapsed time: 2470.848687 seconds (0d 0h 41m 10s)

---------------  T H R E A D  ---------------

Current thread (0x000001aa9f905f20):  GCTaskThread "GC Thread#5" [stack: 0x0000000c1c600000,0x0000000c1c700000] [id=14284]

Stack: [0x0000000c1c600000,0x0000000c1c700000],  sp=0x0000000c1c6ffab0,  free space=1022k
Native frames: (J=compiled Java code, j=interpreted, Vv=VM code, C=native code)
V  [jvm.dll+0x2302c2]
V  [jvm.dll+0x2313c3]
V  [jvm.dll+0x6532b8]
V  [jvm.dll+0x687e93]
V  [jvm.dll+0x30a4d3]
V  [jvm.dll+0x86226b]
V  [jvm.dll+0x8622b6]
V  [jvm.dll+0x7e3fba]
V  [jvm.dll+0x67c1b5]
C  [ucrtbase.dll+0x29333]
C  [KERNEL32.DLL+0x1257d]
C  [ntdll.dll+0x5aa48]


siginfo: EXCEPTION_ACCESS_VIOLATION (0xc0000005), reading address 0x0000400000000000


Registers:
RAX=0x0000400000000000, RBX=0x0000400000000000, RCX=0x0000000000000000, RDX=0x0000000000000000
RSP=0x0000000c1c6ffab0, RBP=0x0000000c1c6ffb59, RSI=0x0000000000000000, RDI=0x0000000000000000
R8 =0x0000000c1c6ffb01, R9 =0x0000000000000048, R10=0x00007ffdfc710000, R11=0x0000000c1c6ffa70
R12=0x000001aa9f87bb00, R13=0x0000000000000000, R14=0x000001aa92175890, R15=0x000001aa9f939470
RIP=0x00007ffdfc9402c2, EFLAGS=0x0000000000010206


Register to memory mapping:

RIP=0x00007ffdfc9402c2 jvm.dll
RAX=0x0000400000000000 is an unknown value
RBX=0x0000400000000000 is an unknown value
RCX=0x0 is NULL
RDX=0x0 is NULL
RSP=0x0000000c1c6ffab0 points into unknown readable memory: 0x00007ffdfd049c20 | 20 9c 04 fd fd 7f 00 00
RBP=0x0000000c1c6ffb59 points into unknown readable memory: fa 6f 1c 0c 00 00 00
RSI=0x0 is NULL
RDI=0x0 is NULL
R8 =0x0000000c1c6ffb01 points into unknown readable memory: 68 17 92 aa 01 00 00
R9 =0x0000000000000048 is an unknown value
R10=0x00007ffdfc710000 jvm.dll
R11=0x0000000c1c6ffa70 points into unknown readable memory: 0x0000000000000000 | 00 00 00 00 00 00 00 00
R12=0x000001aa9f87bb00 points into unknown readable memory: 0x000001aaa0d0f874 | 74 f8 d0 a0 aa 01 00 00
R13=0x0 is NULL
R14=0x000001aa92175890 is at entry_point+-816 in (nmethod*)0x000001aa92175890
Compiled method (c1) 2470863 4427   !   1       jdk.internal.jimage.BasicImageReader::getResourceBuffer (203 bytes)
 total in heap  [0x000001aa92175890,0x000001aa921771c0] = 6448
 relocation     [0x000001aa921759e8,0x000001aa92175bb0] = 456
 main code      [0x000001aa92175bc0,0x000001aa921767a0] = 3040
 stub code      [0x000001aa921767a0,0x000001aa92176978] = 472
 oops           [0x000001aa92176978,0x000001aa92176980] = 8
 metadata       [0x000001aa92176980,0x000001aa92176a08] = 136
 scopes data    [0x000001aa92176a08,0x000001aa92176de8] = 992
 scopes pcs     [0x000001aa92176de8,0x000001aa921770e8] = 768
 dependencies   [0x000001aa921770e8,0x000001aa921770f0] = 8
 handler table  [0x000001aa921770f0,0x000001aa92177180] = 144
 nul chk table  [0x000001aa92177180,0x000001aa921771c0] = 64
R15=0x000001aa9f939470 points into unknown readable memory: 0x0000000000000002 | 02 00 00 00 00 00 00 00


Top of Stack: (sp=0x0000000c1c6ffab0)
0x0000000c1c6ffab0:   00007ffdfd049c20 0000000000000000
0x0000000c1c6ffac0:   0000000000000000 0000000000000000
0x0000000c1c6ffad0:   000001aa9f87bbe0 000001aa9f87bfb8
0x0000000c1c6ffae0:   0000000000000000 000001aa92175b36
0x0000000c1c6ffaf0:   000001aa92175bb0 000001aa92175890
0x0000000c1c6ffb00:   000001aa921768a5 0000000c1b4f03bc
0x0000000c1c6ffb10:   000001aa92175b32 0000000000000000
0x0000000c1c6ffb20:   000001aa92175bc0 000001aa92175bc0
0x0000000c1c6ffb30:   000001aa921767a0 000001aa92175bc0
0x0000000c1c6ffb40:   000001aa921767a0 000001aa92176978
0x0000000c1c6ffb50:   00007ffdfd049c20 0000000c1c6ffae0
0x0000000c1c6ffb60:   000000000000000c 0000000000000000
0x0000000c1c6ffb70:   000001aa00000000 00007ffdfc9068e5
0x0000000c1c6ffb80:   000001aa9f87bbd0 000001aa92175890
0x0000000c1c6ffb90:   0000000000000000 000001aa9f87bbe0
0x0000000c1c6ffba0:   000001aa9f87bfb8 00000000000003d8
0x0000000c1c6ffbb0:   000001aa9f939470 00007ffdfc9413c3
0x0000000c1c6ffbc0:   000001aa9f87bbd0 0000000c1b4ff200
0x0000000c1c6ffbd0:   000001aa9f907b50 00000000000003d8
0x0000000c1c6ffbe0:   0000000c1b4fe4c0 0000000000000010
0x0000000c1c6ffbf0:   0000000000000000 0000000000000010
0x0000000c1c6ffc00:   0000000000000000 0000000000000000
0x0000000c1c6ffc10:   0000000c1c6ffd50 00007ffdfcd632b8
0x0000000c1c6ffc20:   000001aa92175890 0000000000000000
0x0000000c1c6ffc30:   000001aa9f87bfb8 00000000000003d8
0x0000000c1c6ffc40:   0000000000000010 00007ffdfcd97e93
0x0000000c1c6ffc50:   000000000000000a 000001aa9a625860
0x0000000c1c6ffc60:   0000000000000010 00007ffdfcf0282e
0x0000000c1c6ffc70:   000001aa9216e890 000001aa8d195070
0x0000000c1c6ffc80:   0000000000000000 000001aa8d195070
0x0000000c1c6ffc90:   0000000c00000001 00007ffdfcf50001
0x0000000c1c6ffca0:   000001aa92178b10 000001aa8d195070 

Instructions: (pc=0x00007ffdfc9402c2)
0x00007ffdfc9401c2:   75 07 48 8d 4d 87 e8 93 d3 49 00 45 32 e4 48 8d
0x00007ffdfc9401d2:   1d 49 9a 70 00 b9 00 f0 00 00 0f 1f 40 00 48 8b
0x00007ffdfc9401e2:   45 8f 48 83 c0 02 48 89 45 8f 48 3b 45 97 0f 84
0x00007ffdfc9401f2:   76 03 00 00 66 89 75 bf 0f b7 00 66 23 c1 66 3b
0x00007ffdfc940202:   c1 75 09 48 8d 4d 87 e8 62 cd 49 00 48 8b 45 8f
0x00007ffdfc940212:   0f b7 10 48 8b 45 87 81 e2 ff 03 00 00 48 03 55
0x00007ffdfc940222:   a7 48 89 55 a7 48 85 c0 74 09 48 3b d0 0f 83 37
0x00007ffdfc940232:   03 00 00 48 8b 45 8f 0f b7 08 c1 e9 0c 83 e9 02
0x00007ffdfc940242:   0f 84 c4 01 00 00 83 e9 01 0f 84 7d 01 00 00 83
0x00007ffdfc940252:   e9 01 0f 84 c5 00 00 00 83 e9 01 0f 84 b4 00 00
0x00007ffdfc940262:   00 83 f9 07 b9 00 f0 00 00 0f 85 6f ff ff ff 45
0x00007ffdfc940272:   84 e4 0f 84 66 ff ff ff 49 8b 06 49 8b ce 45 32
0x00007ffdfc940282:   e4 ff 90 20 02 00 00 84 c0 0f 85 d2 02 00 00 48
0x00007ffdfc940292:   8d 45 87 c7 45 07 0c 00 00 00 48 8d 4d f7 48 89
0x00007ffdfc9402a2:   45 ff 48 89 5d f7 e8 73 e6 49 00 48 8d 4d f7 e8
0x00007ffdfc9402b2:   aa d4 49 00 48 8b d8 48 85 c0 0f 84 a1 02 00 00
0x00007ffdfc9402c2:   48 8b 10 48 8b c8 ff 52 10 84 c0 0f 84 90 02 00
0x00007ffdfc9402d2:   00 48 8b 43 08 48 8b 48 08 48 8b 49 18 48 8b 89
0x00007ffdfc9402e2:   98 00 00 00 e8 85 5b fc ff 84 c0 0f 85 70 02 00
0x00007ffdfc9402f2:   00 48 8d 4d f7 e8 44 d4 49 00 48 89 30 83 7d 0f
0x00007ffdfc940302:   00 0f 84 5a 02 00 00 48 8d 4d f7 e8 ae d0 49 00
0x00007ffdfc940312:   e9 b9 fe ff ff 41 b4 01 e9 b8 fe ff ff 49 8b 1e
0x00007ffdfc940322:   48 8d 4d 87 e8 e5 da 49 00 48 8b d0 49 8b ce ff
0x00007ffdfc940332:   93 08 02 00 00 48 8b c8 48 8b f0 48 8b 10 ff 12
0x00007ffdfc940342:   48 8b c8 e8 96 3d fd ff 48 8b f8 48 85 c0 0f 84
0x00007ffdfc940352:   0b 02 00 00 48 8b 10 48 8b c8 ff 52 58 33 db 84
0x00007ffdfc940362:   c0 48 0f 45 df 48 85 db 0f 84 f1 01 00 00 45 84
0x00007ffdfc940372:   ed 75 31 48 8b 03 48 8b cb ff 90 c0 00 00 00 84
0x00007ffdfc940382:   c0 74 21 48 8b 03 48 8b cb ff 90 20 02 00 00 84
0x00007ffdfc940392:   c0 75 11 48 8b 43 70 48 8b 40 48 48 3b c3 0f 84
0x00007ffdfc9403a2:   bb 01 00 00 49 8b 06 49 8b ce ff 90 20 02 00 00
0x00007ffdfc9403b2:   84 c0 48 8b ce 0f 94 c2 e8 41 f0 ff ff 84 c0 74 


Stack slot to memory mapping:
stack at sp + 0 slots: 0x00007ffdfd049c20 jvm.dll
stack at sp + 1 slots: 0x0 is NULL
stack at sp + 2 slots: 0x0 is NULL
stack at sp + 3 slots: 0x0 is NULL
stack at sp + 4 slots: 0x000001aa9f87bbe0 points into unknown readable memory: 0x000001aa9f87bc00 | 00 bc 87 9f aa 01 00 00
stack at sp + 5 slots: 0x000001aa9f87bfb8 points into unknown readable memory: 0x88000d00b7a0eb5c | 5c eb a0 b7 00 0d 00 88
stack at sp + 6 slots: 0x0 is NULL
stack at sp + 7 slots: 0x000001aa92175b36 is at entry_point+-138 in (nmethod*)0x000001aa92175890
Compiled method (c1) 2470869 4427   !   1       jdk.internal.jimage.BasicImageReader::getResourceBuffer (203 bytes)
 total in heap  [0x000001aa92175890,0x000001aa921771c0] = 6448
 relocation     [0x000001aa921759e8,0x000001aa92175bb0] = 456
 main code      [0x000001aa92175bc0,0x000001aa921767a0] = 3040
 stub code      [0x000001aa921767a0,0x000001aa92176978] = 472
 oops           [0x000001aa92176978,0x000001aa92176980] = 8
 metadata       [0x000001aa92176980,0x000001aa92176a08] = 136
 scopes data    [0x000001aa92176a08,0x000001aa92176de8] = 992
 scopes pcs     [0x000001aa92176de8,0x000001aa921770e8] = 768
 dependencies   [0x000001aa921770e8,0x000001aa921770f0] = 8
 handler table  [0x000001aa921770f0,0x000001aa92177180] = 144
 nul chk table  [0x000001aa92177180,0x000001aa921771c0] = 64


---------------  P R O C E S S  ---------------

Threads class SMR info:
_java_thread_list=0x000001aa9a898d40, length=46, elements={
0x000001aa9a63e390, 0x000001aa9a63f6c0, 0x000001aa9a6571e0, 0x000001aa9a657ab0,
0x000001aa9a67bfa0, 0x000001aa9a67d010, 0x000001aa9a67d990, 0x000001aa9a681480,
0x000001aa9a88d460, 0x000001aa9a899230, 0x000001aaa0434b10, 0x000001aaa04817d0,
0x000001aa9f7eb1c0, 0x000001aa8d25ea90, 0x000001aa9a7bc4e0, 0x000001aa9f7d0b00,
0x000001aa9f8bc3e0, 0x000001aa9f8bafa0, 0x000001aa9f8bc8f0, 0x000001aa9f8baa90,
0x000001aa9f8ba580, 0x000001aa9f8bbed0, 0x000001aa9f8bce00, 0x000001aa9f8bd310,
0x000001aaa0681460, 0x000001aaa0680a40, 0x000001aaa0680f50, 0x000001aaa0682db0,
0x000001aaa0680020, 0x000001aaa0681970, 0x000001aa9f8bb4b0, 0x000001aa9f8bd820,
0x000001aa9f8bb9c0, 0x000001aa9f619ad0, 0x000001aa9f61a4f0, 0x000001aa9f614ee0,
0x000001aa9f6153f0, 0x000001aa9f617c70, 0x000001aa9f613aa0, 0x000001aa9f616830,
0x000001aa9f6195c0, 0x000001aa9f61aa00, 0x000001aa9f617250, 0x000001aa9f618180,
0x000001aa9f616d40, 0x000001aa9f615900
}

Java Threads: ( => current thread )
  0x000001aa9a63e390 JavaThread "Reference Handler" daemon [_thread_blocked, id=12296, stack(0x0000000c1b500000,0x0000000c1b600000)]
  0x000001aa9a63f6c0 JavaThread "Finalizer" daemon [_thread_blocked, id=12920, stack(0x0000000c1b600000,0x0000000c1b700000)]
  0x000001aa9a6571e0 JavaThread "Signal Dispatcher" daemon [_thread_blocked, id=12700, stack(0x0000000c1b700000,0x0000000c1b800000)]
  0x000001aa9a657ab0 JavaThread "Attach Listener" daemon [_thread_blocked, id=13336, stack(0x0000000c1b800000,0x0000000c1b900000)]
  0x000001aa9a67bfa0 JavaThread "Service Thread" daemon [_thread_blocked, id=13340, stack(0x0000000c1b900000,0x0000000c1ba00000)]
  0x000001aa9a67d010 JavaThread "Monitor Deflation Thread" daemon [_thread_blocked, id=13424, stack(0x0000000c1ba00000,0x0000000c1bb00000)]
  0x000001aa9a67d990 JavaThread "C1 CompilerThread0" daemon [_thread_blocked, id=13436, stack(0x0000000c1bb00000,0x0000000c1bc00000)]
  0x000001aa9a681480 JavaThread "Sweeper thread" daemon [_thread_blocked, id=13140, stack(0x0000000c1bc00000,0x0000000c1bd00000)]
  0x000001aa9a88d460 JavaThread "Notification Thread" daemon [_thread_blocked, id=3832, stack(0x0000000c1be00000,0x0000000c1bf00000)]
  0x000001aa9a899230 JavaThread "Common-Cleaner" daemon [_thread_blocked, id=13328, stack(0x0000000c1c000000,0x0000000c1c100000)]
  0x000001aaa0434b10 JavaThread "boundedElastic-evictor-1" daemon [_thread_blocked, id=12388, stack(0x0000000c1c700000,0x0000000c1c800000)]
  0x000001aaa04817d0 JavaThread "pool-13-thread-1" [_thread_blocked, id=13864, stack(0x0000000c1d000000,0x0000000c1d100000)]
  0x000001aa9f7eb1c0 JavaThread "LanguageServerApp-lifecycle" [_thread_blocked, id=13904, stack(0x0000000c1d100000,0x0000000c1d200000)]
  0x000001aa8d25ea90 JavaThread "DestroyJavaVM" [_thread_blocked, id=14316, stack(0x0000000c1ae00000,0x0000000c1af00000)]
  0x000001aa9a7bc4e0 JavaThread "pool-14-thread-1" [_thread_in_native, id=13900, stack(0x0000000c1d200000,0x0000000c1d300000)]
  0x000001aa9f7d0b00 JavaThread "Simple-Language-Server main thread" daemon [_thread_blocked, id=14100, stack(0x0000000c1d300000,0x0000000c1d400000)]
  0x000001aa9f8bc3e0 JavaThread "pool-8-thread-1" [_thread_blocked, id=14112, stack(0x0000000c1d800000,0x0000000c1d900000)]
  0x000001aa9f8bafa0 JavaThread "parallel-1" daemon [_thread_blocked, id=14116, stack(0x0000000c1d900000,0x0000000c1da00000)]
  0x000001aa9f8bc8f0 JavaThread "pool-6-thread-1" [_thread_blocked, id=14124, stack(0x0000000c1da00000,0x0000000c1db00000)]
  0x000001aa9f8baa90 JavaThread "parallel-2" daemon [_thread_blocked, id=14120, stack(0x0000000c1db00000,0x0000000c1dc00000)]
  0x000001aa9f8ba580 JavaThread "parallel-3" daemon [_thread_blocked, id=11584, stack(0x0000000c1dc00000,0x0000000c1dd00000)]
  0x000001aa9f8bbed0 JavaThread "parallel-4" daemon [_thread_blocked, id=14132, stack(0x0000000c1dd00000,0x0000000c1de00000)]
  0x000001aa9f8bce00 JavaThread "parallel-5" daemon [_thread_blocked, id=14136, stack(0x0000000c1de00000,0x0000000c1df00000)]
  0x000001aa9f8bd310 JavaThread "Reconciler-1" daemon [_thread_blocked, id=13884, stack(0x0000000c1df00000,0x0000000c1e000000)]
  0x000001aaa0681460 JavaThread "CompletableFutureDelayScheduler" daemon [_thread_blocked, id=15964, stack(0x0000000c1ab00000,0x0000000c1ac00000)]
  0x000001aaa0680a40 JavaThread "pool-7-thread-1" [_thread_blocked, id=10896, stack(0x0000000c1ac00000,0x0000000c1ad00000)]
  0x000001aaa0680f50 JavaThread "RMI Scheduler(0)" daemon [_thread_blocked, id=15496, stack(0x0000000c1ad00000,0x0000000c1ae00000)]
  0x000001aaa0682db0 JavaThread "pool-7-thread-2" [_thread_blocked, id=11376, stack(0x0000000c1d700000,0x0000000c1d800000)]
  0x000001aaa0680020 JavaThread "pool-7-thread-3" [_thread_blocked, id=7796, stack(0x0000000c1e000000,0x0000000c1e100000)]
  0x000001aaa0681970 JavaThread "pool-7-thread-4" [_thread_blocked, id=4388, stack(0x0000000c1c800000,0x0000000c1c900000)]
  0x000001aa9f8bb4b0 JavaThread "pool-7-thread-5" [_thread_blocked, id=16312, stack(0x0000000c1e200000,0x0000000c1e300000)]
  0x000001aa9f8bd820 JavaThread "pool-7-thread-6" [_thread_blocked, id=4728, stack(0x0000000c1e500000,0x0000000c1e600000)]
  0x000001aa9f8bb9c0 JavaThread "pool-7-thread-7" [_thread_blocked, id=6968, stack(0x0000000c1e600000,0x0000000c1e700000)]
  0x000001aa9f619ad0 JavaThread "pool-7-thread-8" [_thread_blocked, id=12752, stack(0x0000000c1e700000,0x0000000c1e800000)]
  0x000001aa9f61a4f0 JavaThread "pool-7-thread-9" [_thread_blocked, id=8488, stack(0x0000000c1e800000,0x0000000c1e900000)]
  0x000001aa9f614ee0 JavaThread "pool-7-thread-10" [_thread_blocked, id=7648, stack(0x0000000c1e900000,0x0000000c1ea00000)]
  0x000001aa9f6153f0 JavaThread "parallel-6" daemon [_thread_blocked, id=17252, stack(0x0000000c1c900000,0x0000000c1ca00000)]
  0x000001aa9f617c70 JavaThread "parallel-7" daemon [_thread_blocked, id=7584, stack(0x0000000c1e300000,0x0000000c1e400000)]
  0x000001aa9f613aa0 JavaThread "parallel-8" daemon [_thread_blocked, id=18144, stack(0x0000000c1e400000,0x0000000c1e500000)]
  0x000001aa9f616830 JavaThread "parallel-9" daemon [_thread_blocked, id=2356, stack(0x0000000c1eb00000,0x0000000c1ec00000)]
  0x000001aa9f6195c0 JavaThread "parallel-10" daemon [_thread_blocked, id=15920, stack(0x0000000c1ec00000,0x0000000c1ed00000)]
  0x000001aa9f61aa00 JavaThread "parallel-11" daemon [_thread_blocked, id=16580, stack(0x0000000c1ed00000,0x0000000c1ee00000)]
  0x000001aa9f617250 JavaThread "parallel-12" daemon [_thread_blocked, id=5312, stack(0x0000000c1ef00000,0x0000000c1f000000)]
  0x000001aa9f618180 JavaThread "pool-5-thread-19" [_thread_blocked, id=1056, stack(0x0000000c1bd00000,0x0000000c1be00000)]
  0x000001aa9f616d40 JavaThread "RMI RenewClean-[localhost:50664]" daemon [_thread_blocked, id=6372, stack(0x0000000c1d500000,0x0000000c1d600000)]
  0x000001aa9f615900 JavaThread "RMI GC Daemon" daemon [_thread_blocked, id=15720, stack(0x0000000c1d600000,0x0000000c1d700000)]

Other Threads:
  0x000001aa9a6274e0 VMThread "VM Thread" [stack: 0x0000000c1b400000,0x0000000c1b500000] [id=7488]
  0x000001aa9a88f950 WatcherThread [stack: 0x0000000c1bf00000,0x0000000c1c000000] [id=12828]
  0x000001aa8d3b4fd0 GCTaskThread "GC Thread#0" [stack: 0x0000000c1af00000,0x0000000c1b000000] [id=11256]
  0x000001aa9f95e560 GCTaskThread "GC Thread#1" [stack: 0x0000000c1c200000,0x0000000c1c300000] [id=14268]
  0x000001aa9f95e820 GCTaskThread "GC Thread#2" [stack: 0x0000000c1c300000,0x0000000c1c400000] [id=14272]
  0x000001aa9f95eae0 GCTaskThread "GC Thread#3" [stack: 0x0000000c1c400000,0x0000000c1c500000] [id=14276]
  0x000001aa9f905850 GCTaskThread "GC Thread#4" [stack: 0x0000000c1c500000,0x0000000c1c600000] [id=14280]
=>0x000001aa9f905f20 GCTaskThread "GC Thread#5" [stack: 0x0000000c1c600000,0x0000000c1c700000] [id=14284]
  0x000001aa9fe82170 GCTaskThread "GC Thread#6" [stack: 0x0000000c1ca00000,0x0000000c1cb00000] [id=14300]
  0x000001aa9fe82430 GCTaskThread "GC Thread#7" [stack: 0x0000000c1cb00000,0x0000000c1cc00000] [id=6952]
  0x000001aa9fe826f0 GCTaskThread "GC Thread#8" [stack: 0x0000000c1cc00000,0x0000000c1cd00000] [id=4884]
  0x000001aa9fe829b0 GCTaskThread "GC Thread#9" [stack: 0x0000000c1cd00000,0x0000000c1ce00000] [id=12872]
  0x000001aa8d3bde20 ConcurrentGCThread "G1 Main Marker" [stack: 0x0000000c1b000000,0x0000000c1b100000] [id=4408]
  0x000001aa8d3be740 ConcurrentGCThread "G1 Conc#0" [stack: 0x0000000c1b100000,0x0000000c1b200000] [id=12548]
  0x000001aa9fd22dd0 ConcurrentGCThread "G1 Conc#1" [stack: 0x0000000c1ce00000,0x0000000c1cf00000] [id=12984]
  0x000001aa9fe83890 ConcurrentGCThread "G1 Conc#2" [stack: 0x0000000c1cf00000,0x0000000c1d000000] [id=7820]
  0x000001aa8d41d290 ConcurrentGCThread "G1 Refine#0" [stack: 0x0000000c1b200000,0x0000000c1b300000] [id=13032]
  0x000001aa8d41dbc0 ConcurrentGCThread "G1 Service" [stack: 0x0000000c1b300000,0x0000000c1b400000] [id=13008]

Threads with active compile tasks:

VM state: at safepoint (normal execution)

VM Mutex/Monitor currently owned by a thread:  ([mutex/lock_event])
[0x000001aa8d1a1f40] Threads_lock - owner thread: 0x000001aa9a6274e0
[0x000001aa8d19c4f0] Heap_lock - owner thread: 0x000001aaa04817d0

Heap address: 0x00000000c0000000, size: 1024 MB, Compressed Oops mode: 32-bit

CDS archive(s) not mapped
Compressed class space mapped at: 0x0000000100000000-0x0000000140000000, reserved size: 1073741824
Narrow klass base: 0x0000000000000000, Narrow klass shift: 3, Narrow klass range: 0x140000000

GC Precious Log:
 CPUs: 12 total, 12 available
 Memory: 16225M
 Large Page Support: Disabled
 NUMA Support: Disabled
 Compressed Oops: Enabled (32-bit)
 Heap Region Size: 1M
 Heap Min Capacity: 8M
 Heap Initial Capacity: 254M
 Heap Max Capacity: 1G
 Pre-touch: Disabled
 Parallel Workers: 10
 Concurrent Workers: 3
 Concurrent Refinement Workers: 10
 Periodic GC: Disabled

Heap:
 garbage-first heap   total 133120K, used 93289K [0x00000000c0000000, 0x0000000100000000)
  region size 1024K, 52 young (53248K), 0 survivors (0K)
 Metaspace       used 62117K, committed 62592K, reserved 1114112K
  class space    used 7901K, committed 8128K, reserved 1048576K

Heap Regions: E=young(eden), S=young(survivor), O=old, HS=humongous(starts), HC=humongous(continues), CS=collection set, F=free, OA=open archive, CA=closed archive, TAMS=top-at-mark-start (previous, next)
|   0|0x00000000c0000000, 0x00000000c0100000, 0x00000000c0100000|100%|HS|  |TAMS 0x00000000c0100000, 0x00000000c0000000| Untracked 
|   1|0x00000000c0100000, 0x00000000c0200000, 0x00000000c0200000|100%|HC|  |TAMS 0x00000000c0200000, 0x00000000c0100000| Untracked 
|   2|0x00000000c0200000, 0x00000000c0300000, 0x00000000c0300000|100%|HC|  |TAMS 0x00000000c0300000, 0x00000000c0200000| Untracked 
|   3|0x00000000c0300000, 0x00000000c0400000, 0x00000000c0400000|100%|HC|  |TAMS 0x00000000c0400000, 0x00000000c0300000| Untracked 
|   4|0x00000000c0400000, 0x00000000c0500000, 0x00000000c0500000|100%|HS|  |TAMS 0x00000000c0500000, 0x00000000c0400000| Untracked 
|   5|0x00000000c0500000, 0x00000000c0600000, 0x00000000c0600000|100%|HC|  |TAMS 0x00000000c0600000, 0x00000000c0500000| Untracked 
|   6|0x00000000c0600000, 0x00000000c06ffff8, 0x00000000c0700000| 99%| O|  |TAMS 0x00000000c06ffff8, 0x00000000c0600000| Untracked 
|   7|0x00000000c0700000, 0x00000000c07ffff0, 0x00000000c0800000| 99%| O|  |TAMS 0x00000000c07ffff0, 0x00000000c0700000| Untracked 
|   8|0x00000000c0800000, 0x00000000c0900000, 0x00000000c0900000|100%| O|  |TAMS 0x00000000c0900000, 0x00000000c0800000| Untracked 
|   9|0x00000000c0900000, 0x00000000c09fffc0, 0x00000000c0a00000| 99%| O|  |TAMS 0x00000000c09fffc0, 0x00000000c0900000| Untracked 
|  10|0x00000000c0a00000, 0x00000000c0afffe8, 0x00000000c0b00000| 99%| O|  |TAMS 0x00000000c0afffe8, 0x00000000c0a00000| Untracked 
|  11|0x00000000c0b00000, 0x00000000c0c00000, 0x00000000c0c00000|100%| O|  |TAMS 0x00000000c0c00000, 0x00000000c0b00000| Untracked 
|  12|0x00000000c0c00000, 0x00000000c0cfffd0, 0x00000000c0d00000| 99%| O|  |TAMS 0x00000000c0cfffd0, 0x00000000c0c00000| Untracked 
|  13|0x00000000c0d00000, 0x00000000c0e00000, 0x00000000c0e00000|100%| O|  |TAMS 0x00000000c0e00000, 0x00000000c0d00000| Untracked 
|  14|0x00000000c0e00000, 0x00000000c0f00000, 0x00000000c0f00000|100%| O|  |TAMS 0x00000000c0f00000, 0x00000000c0e00000| Untracked 
|  15|0x00000000c0f00000, 0x00000000c0ffffc8, 0x00000000c1000000| 99%| O|  |TAMS 0x00000000c0ffffc8, 0x00000000c0f00000| Untracked 
|  16|0x00000000c1000000, 0x00000000c10fffd8, 0x00000000c1100000| 99%| O|  |TAMS 0x00000000c10fffd8, 0x00000000c1000000| Untracked 
|  17|0x00000000c1100000, 0x00000000c11ffff8, 0x00000000c1200000| 99%| O|  |TAMS 0x00000000c11ffff8, 0x00000000c1100000| Untracked 
|  18|0x00000000c1200000, 0x00000000c12ffff8, 0x00000000c1300000| 99%| O|  |TAMS 0x00000000c12ffff8, 0x00000000c1200000| Untracked 
|  19|0x00000000c1300000, 0x00000000c13ffff0, 0x00000000c1400000| 99%| O|  |TAMS 0x00000000c13ffff0, 0x00000000c1300000| Untracked 
|  20|0x00000000c1400000, 0x00000000c14fffe8, 0x00000000c1500000| 99%| O|  |TAMS 0x00000000c14fffe8, 0x00000000c1400000| Untracked 
|  21|0x00000000c1500000, 0x00000000c15fffe0, 0x00000000c1600000| 99%| O|  |TAMS 0x00000000c15fffe0, 0x00000000c1500000| Untracked 
|  22|0x00000000c1600000, 0x00000000c16ffc70, 0x00000000c1700000| 99%| O|  |TAMS 0x00000000c16ffc70, 0x00000000c1600000| Untracked 
|  23|0x00000000c1700000, 0x00000000c1800000, 0x00000000c1800000|100%| O|  |TAMS 0x00000000c1800000, 0x00000000c1700000| Untracked 
|  24|0x00000000c1800000, 0x00000000c18ffff0, 0x00000000c1900000| 99%| O|  |TAMS 0x00000000c18ffff0, 0x00000000c1800000| Untracked 
|  25|0x00000000c1900000, 0x00000000c1a00000, 0x00000000c1a00000|100%| O|  |TAMS 0x00000000c1a00000, 0x00000000c1900000| Untracked 
|  26|0x00000000c1a00000, 0x00000000c1afffc8, 0x00000000c1b00000| 99%| O|  |TAMS 0x00000000c1afffc8, 0x00000000c1a00000| Untracked 
|  27|0x00000000c1b00000, 0x00000000c1bfffe8, 0x00000000c1c00000| 99%| O|  |TAMS 0x00000000c1bfffe8, 0x00000000c1b00000| Untracked 
|  28|0x00000000c1c00000, 0x00000000c1cfffc8, 0x00000000c1d00000| 99%| O|  |TAMS 0x00000000c1cfffc8, 0x00000000c1c00000| Untracked 
|  29|0x00000000c1d00000, 0x00000000c1dfd808, 0x00000000c1e00000| 99%| O|  |TAMS 0x00000000c1dfd808, 0x00000000c1d00000| Untracked 
|  30|0x00000000c1e00000, 0x00000000c1f00000, 0x00000000c1f00000|100%| O|  |TAMS 0x00000000c1f00000, 0x00000000c1e00000| Untracked 
|  31|0x00000000c1f00000, 0x00000000c2000000, 0x00000000c2000000|100%|HS|  |TAMS 0x00000000c2000000, 0x00000000c1f00000| Untracked 
|  32|0x00000000c2000000, 0x00000000c20fffe0, 0x00000000c2100000| 99%| O|  |TAMS 0x00000000c20fffe0, 0x00000000c2000000| Untracked 
|  33|0x00000000c2100000, 0x00000000c21fae80, 0x00000000c2200000| 98%| O|  |TAMS 0x00000000c21fae80, 0x00000000c2100000| Untracked 
|  34|0x00000000c2200000, 0x00000000c22fab40, 0x00000000c2300000| 97%| O|  |TAMS 0x00000000c22fab40, 0x00000000c2200000| Untracked 
|  35|0x00000000c2300000, 0x00000000c23fe930, 0x00000000c2400000| 99%| O|  |TAMS 0x00000000c23fe930, 0x00000000c2300000| Untracked 
|  36|0x00000000c2400000, 0x00000000c24fff80, 0x00000000c2500000| 99%| O|  |TAMS 0x00000000c24fff80, 0x00000000c2400000| Untracked 
|  37|0x00000000c2500000, 0x00000000c25a2b00, 0x00000000c2600000| 63%| O|  |TAMS 0x00000000c2500000, 0x00000000c2500000| Untracked 
|  38|0x00000000c2600000, 0x00000000c26fffe8, 0x00000000c2700000| 99%| O|  |TAMS 0x00000000c2600000, 0x00000000c2600000| Untracked 
|  39|0x00000000c2700000, 0x00000000c2701750, 0x00000000c2800000|  0%| O|  |TAMS 0x00000000c2700000, 0x00000000c2700000| Untracked 
|  40|0x00000000c2800000, 0x00000000c2800000, 0x00000000c2900000|  0%| F|  |TAMS 0x00000000c2800000, 0x00000000c2800000| Untracked 
|  41|0x00000000c2900000, 0x00000000c2900000, 0x00000000c2a00000|  0%| F|  |TAMS 0x00000000c2900000, 0x00000000c2900000| Untracked 
|  42|0x00000000c2a00000, 0x00000000c2a00000, 0x00000000c2b00000|  0%| F|  |TAMS 0x00000000c2a00000, 0x00000000c2a00000| Untracked 
|  43|0x00000000c2b00000, 0x00000000c2b00000, 0x00000000c2c00000|  0%| F|  |TAMS 0x00000000c2b00000, 0x00000000c2b00000| Untracked 
|  44|0x00000000c2c00000, 0x00000000c2c00000, 0x00000000c2d00000|  0%| F|  |TAMS 0x00000000c2c00000, 0x00000000c2c00000| Untracked 
|  45|0x00000000c2d00000, 0x00000000c2d00000, 0x00000000c2e00000|  0%| F|  |TAMS 0x00000000c2d00000, 0x00000000c2d00000| Untracked 
|  46|0x00000000c2e00000, 0x00000000c2e00000, 0x00000000c2f00000|  0%| F|  |TAMS 0x00000000c2e00000, 0x00000000c2e00000| Untracked 
|  47|0x00000000c2f00000, 0x00000000c2f00000, 0x00000000c3000000|  0%| F|  |TAMS 0x00000000c2f00000, 0x00000000c2f00000| Untracked 
|  48|0x00000000c3000000, 0x00000000c3000000, 0x00000000c3100000|  0%| F|  |TAMS 0x00000000c3000000, 0x00000000c3000000| Untracked 
|  49|0x00000000c3100000, 0x00000000c3100000, 0x00000000c3200000|  0%| F|  |TAMS 0x00000000c3100000, 0x00000000c3100000| Untracked 
|  50|0x00000000c3200000, 0x00000000c3200000, 0x00000000c3300000|  0%| F|  |TAMS 0x00000000c3200000, 0x00000000c3200000| Untracked 
|  51|0x00000000c3300000, 0x00000000c3300000, 0x00000000c3400000|  0%| F|  |TAMS 0x00000000c3300000, 0x00000000c3300000| Untracked 
|  52|0x00000000c3400000, 0x00000000c3400000, 0x00000000c3500000|  0%| F|  |TAMS 0x00000000c3400000, 0x00000000c3400000| Untracked 
|  53|0x00000000c3500000, 0x00000000c3500000, 0x00000000c3600000|  0%| F|  |TAMS 0x00000000c3500000, 0x00000000c3500000| Untracked 
|  54|0x00000000c3600000, 0x00000000c3600000, 0x00000000c3700000|  0%| F|  |TAMS 0x00000000c3600000, 0x00000000c3600000| Untracked 
|  55|0x00000000c3700000, 0x00000000c3700000, 0x00000000c3800000|  0%| F|  |TAMS 0x00000000c3700000, 0x00000000c3700000| Untracked 
|  56|0x00000000c3800000, 0x00000000c3800000, 0x00000000c3900000|  0%| F|  |TAMS 0x00000000c3800000, 0x00000000c3800000| Untracked 
|  57|0x00000000c3900000, 0x00000000c3900000, 0x00000000c3a00000|  0%| F|  |TAMS 0x00000000c3900000, 0x00000000c3900000| Untracked 
|  58|0x00000000c3a00000, 0x00000000c3a00000, 0x00000000c3b00000|  0%| F|  |TAMS 0x00000000c3a00000, 0x00000000c3a00000| Untracked 
|  59|0x00000000c3b00000, 0x00000000c3b00000, 0x00000000c3c00000|  0%| F|  |TAMS 0x00000000c3b00000, 0x00000000c3b00000| Untracked 
|  60|0x00000000c3c00000, 0x00000000c3c00000, 0x00000000c3d00000|  0%| F|  |TAMS 0x00000000c3c00000, 0x00000000c3c00000| Untracked 
|  61|0x00000000c3d00000, 0x00000000c3d00000, 0x00000000c3e00000|  0%| F|  |TAMS 0x00000000c3d00000, 0x00000000c3d00000| Untracked 
|  62|0x00000000c3e00000, 0x00000000c3e00000, 0x00000000c3f00000|  0%| F|  |TAMS 0x00000000c3e00000, 0x00000000c3e00000| Untracked 
|  63|0x00000000c3f00000, 0x00000000c3f00000, 0x00000000c4000000|  0%| F|  |TAMS 0x00000000c3f00000, 0x00000000c3f00000| Untracked 
|  64|0x00000000c4000000, 0x00000000c4000000, 0x00000000c4100000|  0%| F|  |TAMS 0x00000000c4000000, 0x00000000c4000000| Untracked 
|  65|0x00000000c4100000, 0x00000000c4100000, 0x00000000c4200000|  0%| F|  |TAMS 0x00000000c4100000, 0x00000000c4100000| Untracked 
|  66|0x00000000c4200000, 0x00000000c4200000, 0x00000000c4300000|  0%| F|  |TAMS 0x00000000c4200000, 0x00000000c4200000| Untracked 
|  67|0x00000000c4300000, 0x00000000c4300000, 0x00000000c4400000|  0%| F|  |TAMS 0x00000000c4300000, 0x00000000c4300000| Untracked 
|  68|0x00000000c4400000, 0x00000000c4400000, 0x00000000c4500000|  0%| F|  |TAMS 0x00000000c4400000, 0x00000000c4400000| Untracked 
|  69|0x00000000c4500000, 0x00000000c4500000, 0x00000000c4600000|  0%| F|  |TAMS 0x00000000c4500000, 0x00000000c4500000| Untracked 
|  70|0x00000000c4600000, 0x00000000c4600000, 0x00000000c4700000|  0%| F|  |TAMS 0x00000000c4600000, 0x00000000c4600000| Untracked 
|  71|0x00000000c4700000, 0x00000000c4700000, 0x00000000c4800000|  0%| F|  |TAMS 0x00000000c4700000, 0x00000000c4700000| Untracked 
|  72|0x00000000c4800000, 0x00000000c4800000, 0x00000000c4900000|  0%| F|  |TAMS 0x00000000c4800000, 0x00000000c4800000| Untracked 
|  73|0x00000000c4900000, 0x00000000c4900000, 0x00000000c4a00000|  0%| F|  |TAMS 0x00000000c4900000, 0x00000000c4900000| Untracked 
|  74|0x00000000c4a00000, 0x00000000c4a00000, 0x00000000c4b00000|  0%| F|  |TAMS 0x00000000c4a00000, 0x00000000c4a00000| Untracked 
|  75|0x00000000c4b00000, 0x00000000c4b00000, 0x00000000c4c00000|  0%| F|  |TAMS 0x00000000c4b00000, 0x00000000c4b00000| Untracked 
|  76|0x00000000c4c00000, 0x00000000c4c00000, 0x00000000c4d00000|  0%| F|  |TAMS 0x00000000c4c00000, 0x00000000c4c00000| Untracked 
|  77|0x00000000c4d00000, 0x00000000c4d85030, 0x00000000c4e00000| 51%| E|  |TAMS 0x00000000c4d00000, 0x00000000c4d00000| Complete 
|  78|0x00000000c4e00000, 0x00000000c4f00000, 0x00000000c4f00000|100%| E|  |TAMS 0x00000000c4e00000, 0x00000000c4e00000| Complete 
|  79|0x00000000c4f00000, 0x00000000c5000000, 0x00000000c5000000|100%| E|  |TAMS 0x00000000c4f00000, 0x00000000c4f00000| Complete 
|  80|0x00000000c5000000, 0x00000000c5100000, 0x00000000c5100000|100%| E|  |TAMS 0x00000000c5000000, 0x00000000c5000000| Complete 
|  81|0x00000000c5100000, 0x00000000c5200000, 0x00000000c5200000|100%| E|  |TAMS 0x00000000c5100000, 0x00000000c5100000| Complete 
|  82|0x00000000c5200000, 0x00000000c5300000, 0x00000000c5300000|100%| E|  |TAMS 0x00000000c5200000, 0x00000000c5200000| Complete 
|  83|0x00000000c5300000, 0x00000000c5400000, 0x00000000c5400000|100%| E|  |TAMS 0x00000000c5300000, 0x00000000c5300000| Complete 
|  84|0x00000000c5400000, 0x00000000c5500000, 0x00000000c5500000|100%| E|  |TAMS 0x00000000c5400000, 0x00000000c5400000| Complete 
|  85|0x00000000c5500000, 0x00000000c5600000, 0x00000000c5600000|100%| E|  |TAMS 0x00000000c5500000, 0x00000000c5500000| Complete 
|  86|0x00000000c5600000, 0x00000000c5700000, 0x00000000c5700000|100%| E|  |TAMS 0x00000000c5600000, 0x00000000c5600000| Complete 
|  87|0x00000000c5700000, 0x00000000c5800000, 0x00000000c5800000|100%| E|  |TAMS 0x00000000c5700000, 0x00000000c5700000| Complete 
|  88|0x00000000c5800000, 0x00000000c5900000, 0x00000000c5900000|100%| E|  |TAMS 0x00000000c5800000, 0x00000000c5800000| Complete 
|  89|0x00000000c5900000, 0x00000000c5a00000, 0x00000000c5a00000|100%| E|  |TAMS 0x00000000c5900000, 0x00000000c5900000| Complete 
|  90|0x00000000c5a00000, 0x00000000c5b00000, 0x00000000c5b00000|100%| E|  |TAMS 0x00000000c5a00000, 0x00000000c5a00000| Complete 
|  91|0x00000000c5b00000, 0x00000000c5c00000, 0x00000000c5c00000|100%| E|  |TAMS 0x00000000c5b00000, 0x00000000c5b00000| Complete 
|  92|0x00000000c5c00000, 0x00000000c5d00000, 0x00000000c5d00000|100%| E|  |TAMS 0x00000000c5c00000, 0x00000000c5c00000| Complete 
|  93|0x00000000c5d00000, 0x00000000c5e00000, 0x00000000c5e00000|100%| E|  |TAMS 0x00000000c5d00000, 0x00000000c5d00000| Complete 
|  94|0x00000000c5e00000, 0x00000000c5f00000, 0x00000000c5f00000|100%| E|  |TAMS 0x00000000c5e00000, 0x00000000c5e00000| Complete 
|  95|0x00000000c5f00000, 0x00000000c6000000, 0x00000000c6000000|100%| E|  |TAMS 0x00000000c5f00000, 0x00000000c5f00000| Complete 
|  96|0x00000000c6000000, 0x00000000c6100000, 0x00000000c6100000|100%| E|  |TAMS 0x00000000c6000000, 0x00000000c6000000| Complete 
|  97|0x00000000c6100000, 0x00000000c6200000, 0x00000000c6200000|100%| E|  |TAMS 0x00000000c6100000, 0x00000000c6100000| Complete 
|  98|0x00000000c6200000, 0x00000000c6300000, 0x00000000c6300000|100%| E|  |TAMS 0x00000000c6200000, 0x00000000c6200000| Complete 
|  99|0x00000000c6300000, 0x00000000c6400000, 0x00000000c6400000|100%| E|  |TAMS 0x00000000c6300000, 0x00000000c6300000| Complete 
| 100|0x00000000c6400000, 0x00000000c6500000, 0x00000000c6500000|100%| E|  |TAMS 0x00000000c6400000, 0x00000000c6400000| Complete 
| 101|0x00000000c6500000, 0x00000000c6600000, 0x00000000c6600000|100%| E|  |TAMS 0x00000000c6500000, 0x00000000c6500000| Complete 
| 102|0x00000000c6600000, 0x00000000c6700000, 0x00000000c6700000|100%| E|  |TAMS 0x00000000c6600000, 0x00000000c6600000| Complete 
| 103|0x00000000c6700000, 0x00000000c6800000, 0x00000000c6800000|100%| E|  |TAMS 0x00000000c6700000, 0x00000000c6700000| Complete 
| 104|0x00000000c6800000, 0x00000000c6900000, 0x00000000c6900000|100%| E|  |TAMS 0x00000000c6800000, 0x00000000c6800000| Complete 
| 105|0x00000000c6900000, 0x00000000c6a00000, 0x00000000c6a00000|100%| E|  |TAMS 0x00000000c6900000, 0x00000000c6900000| Complete 
| 106|0x00000000c6a00000, 0x00000000c6b00000, 0x00000000c6b00000|100%| E|  |TAMS 0x00000000c6a00000, 0x00000000c6a00000| Complete 
| 107|0x00000000c6b00000, 0x00000000c6c00000, 0x00000000c6c00000|100%| E|  |TAMS 0x00000000c6b00000, 0x00000000c6b00000| Complete 
| 108|0x00000000c6c00000, 0x00000000c6d00000, 0x00000000c6d00000|100%| E|  |TAMS 0x00000000c6c00000, 0x00000000c6c00000| Complete 
| 109|0x00000000c6d00000, 0x00000000c6e00000, 0x00000000c6e00000|100%| E|  |TAMS 0x00000000c6d00000, 0x00000000c6d00000| Complete 
| 110|0x00000000c6e00000, 0x00000000c6f00000, 0x00000000c6f00000|100%| E|  |TAMS 0x00000000c6e00000, 0x00000000c6e00000| Complete 
| 111|0x00000000c6f00000, 0x00000000c7000000, 0x00000000c7000000|100%| E|  |TAMS 0x00000000c6f00000, 0x00000000c6f00000| Complete 
| 112|0x00000000c7000000, 0x00000000c7100000, 0x00000000c7100000|100%| E|  |TAMS 0x00000000c7000000, 0x00000000c7000000| Complete 
| 113|0x00000000c7100000, 0x00000000c7200000, 0x00000000c7200000|100%| E|  |TAMS 0x00000000c7100000, 0x00000000c7100000| Complete 
| 114|0x00000000c7200000, 0x00000000c7300000, 0x00000000c7300000|100%| E|  |TAMS 0x00000000c7200000, 0x00000000c7200000| Complete 
| 115|0x00000000c7300000, 0x00000000c7400000, 0x00000000c7400000|100%| E|  |TAMS 0x00000000c7300000, 0x00000000c7300000| Complete 
| 116|0x00000000c7400000, 0x00000000c7500000, 0x00000000c7500000|100%| E|  |TAMS 0x00000000c7400000, 0x00000000c7400000| Complete 
| 117|0x00000000c7500000, 0x00000000c7600000, 0x00000000c7600000|100%| E|  |TAMS 0x00000000c7500000, 0x00000000c7500000| Complete 
| 118|0x00000000c7600000, 0x00000000c7700000, 0x00000000c7700000|100%| E|  |TAMS 0x00000000c7600000, 0x00000000c7600000| Complete 
| 119|0x00000000c7700000, 0x00000000c7800000, 0x00000000c7800000|100%| E|  |TAMS 0x00000000c7700000, 0x00000000c7700000| Complete 
| 120|0x00000000c7800000, 0x00000000c7900000, 0x00000000c7900000|100%| E|  |TAMS 0x00000000c7800000, 0x00000000c7800000| Complete 
| 121|0x00000000c7900000, 0x00000000c7a00000, 0x00000000c7a00000|100%| E|  |TAMS 0x00000000c7900000, 0x00000000c7900000| Complete 
| 122|0x00000000c7a00000, 0x00000000c7b00000, 0x00000000c7b00000|100%| E|  |TAMS 0x00000000c7a00000, 0x00000000c7a00000| Complete 
| 123|0x00000000c7b00000, 0x00000000c7c00000, 0x00000000c7c00000|100%| E|  |TAMS 0x00000000c7b00000, 0x00000000c7b00000| Complete 
| 124|0x00000000c7c00000, 0x00000000c7d00000, 0x00000000c7d00000|100%| E|  |TAMS 0x00000000c7c00000, 0x00000000c7c00000| Complete 
| 125|0x00000000c7d00000, 0x00000000c7e00000, 0x00000000c7e00000|100%| E|  |TAMS 0x00000000c7d00000, 0x00000000c7d00000| Complete 
| 126|0x00000000c7e00000, 0x00000000c7f00000, 0x00000000c7f00000|100%| E|  |TAMS 0x00000000c7e00000, 0x00000000c7e00000| Complete 
| 127|0x00000000c7f00000, 0x00000000c8000000, 0x00000000c8000000|100%| E|  |TAMS 0x00000000c7f00000, 0x00000000c7f00000| Complete 
| 128|0x00000000c8000000, 0x00000000c8100000, 0x00000000c8100000|100%| E|  |TAMS 0x00000000c8000000, 0x00000000c8000000| Complete 
| 133|0x00000000c8500000, 0x00000000c8600000, 0x00000000c8600000|100%| O|  |TAMS 0x00000000c8600000, 0x00000000c8500000| Untracked 

Card table byte_map: [0x000001aa95500000,0x000001aa95700000] _byte_map_base: 0x000001aa94f00000

Marking Bits (Prev, Next): (CMBitMap*) 0x000001aa8d3b5530, (CMBitMap*) 0x000001aa8d3b54f0
 Prev Bits: [0x000001aa96900000, 0x000001aa97900000)
 Next Bits: [0x000001aa95900000, 0x000001aa96900000)

Polling page: 0x000001aa8d420000

Metaspace:

Usage:
  Non-class:     52.95 MB used.
      Class:      7.72 MB used.
       Both:     60.66 MB used.

Virtual space:
  Non-class space:       64.00 MB reserved,      53.19 MB ( 83%) committed,  1 nodes.
      Class space:        1.00 GB reserved,       7.94 MB ( <1%) committed,  1 nodes.
             Both:        1.06 GB reserved,      61.12 MB (  6%) committed. 

Chunk freelists:
   Non-Class:  10.40 MB
       Class:  8.06 MB
        Both:  18.47 MB

MaxMetaspaceSize: unlimited
CompressedClassSpaceSize: 1.00 GB
Initial GC threshold: 21.00 MB
Current GC threshold: 102.00 MB
CDS: off
MetaspaceReclaimPolicy: balanced
 - commit_granule_bytes: 65536.
 - commit_granule_words: 8192.
 - virtual_space_node_default_size: 8388608.
 - enlarge_chunks_in_place: 1.
 - new_chunks_are_fully_committed: 0.
 - uncommit_free_chunks: 1.
 - use_allocation_guard: 0.
 - handle_deallocations: 1.


Internal statistics:

num_allocs_failed_limit: 8.
num_arena_births: 1206.
num_arena_deaths: 600.
num_vsnodes_births: 2.
num_vsnodes_deaths: 0.
num_space_committed: 980.
num_space_uncommitted: 2.
num_chunks_returned_to_freelist: 795.
num_chunks_taken_from_freelist: 3432.
num_chunk_merges: 285.
num_chunk_splits: 2129.
num_chunks_enlarged: 1460.
num_inconsistent_stats: 0.

CodeCache: size=49152Kb used=18450Kb max_used=18450Kb free=30702Kb
 bounds [0x000001aa917f0000, 0x000001aa92a30000, 0x000001aa947f0000]
 total_blobs=10349 nmethods=9659 adapters=614
 compilation: enabled
              stopped_count=0, restarted_count=0
 full_count=0

Compilation events (20 events):
Event: 2396.466 Thread 0x000001aa9a67d990 9651       1       java.util.concurrent.FutureTask::set (30 bytes)
Event: 2396.466 Thread 0x000001aa9a67d990 nmethod 9651 0x000001aa929dde90 code [0x000001aa929de060, 0x000001aa929de408]
Event: 2396.484 Thread 0x000001aa9a67d990 9652       1       java.io.ObjectInputStream::readStreamHeader (61 bytes)
Event: 2396.484 Thread 0x000001aa9a67d990 nmethod 9652 0x000001aa929dd190 code [0x000001aa929dd3e0, 0x000001aa929ddad8]
Event: 2402.777 Thread 0x000001aa9a67d990 9653       1       java.util.concurrent.CompletableFuture$UniRelay::tryFire (61 bytes)
Event: 2402.778 Thread 0x000001aa9a67d990 nmethod 9653 0x000001aa929dc790 code [0x000001aa929dc9a0, 0x000001aa929dcee8]
Event: 2430.080 Thread 0x000001aa9a67d990 9654   !   1       jdk.internal.reflect.GeneratedConstructorAccessor39::newInstance (49 bytes)
Event: 2430.080 Thread 0x000001aa9a67d990 nmethod 9654 0x000001aa929dc190 code [0x000001aa929dc340, 0x000001aa929dc5c8]
Event: 2430.094 Thread 0x000001aa9a67d990 9655       1       java.lang.reflect.AccessibleObject::setAccessible (87 bytes)
Event: 2430.095 Thread 0x000001aa9a67d990 nmethod 9655 0x000001aa929dbb10 code [0x000001aa929dbce0, 0x000001aa929dbf38]
Event: 2430.108 Thread 0x000001aa9a67d990 9656       1       jdk.internal.reflect.UnsafeQualifiedFieldAccessorImpl::<init> (11 bytes)
Event: 2430.108 Thread 0x000001aa9a67d990 nmethod 9656 0x000001aa929db810 code [0x000001aa929db9a0, 0x000001aa929dbaa8]
Event: 2430.113 Thread 0x000001aa9a67d990 9657       1       sun.nio.fs.WindowsPath::getPathForExceptionMessage (5 bytes)
Event: 2430.113 Thread 0x000001aa9a67d990 nmethod 9657 0x000001aa929db510 code [0x000001aa929db6a0, 0x000001aa929db778]
Event: 2430.933 Thread 0x000001aa9a67d990 9658       1       java.nio.file.Path::resolve (21 bytes)
Event: 2430.933 Thread 0x000001aa9a67d990 nmethod 9658 0x000001aa929db090 code [0x000001aa929db240, 0x000001aa929db428]
Event: 2430.934 Thread 0x000001aa9a67d990 9659       1       sun.nio.fs.WindowsPath::resolve (6 bytes)
Event: 2430.934 Thread 0x000001aa9a67d990 nmethod 9659 0x000001aa929dad90 code [0x000001aa929daf20, 0x000001aa929db008]
Event: 2430.934 Thread 0x000001aa9a67d990 9660       1       sun.nio.fs.WindowsPath::resolve (393 bytes)
Event: 2430.935 Thread 0x000001aa9a67d990 nmethod 9660 0x000001aa929d8390 code [0x000001aa929d8840, 0x000001aa929da0a8]

GC Heap History (20 events):
Event: 2209.985 GC heap after
{Heap after GC invocations=175 (full 112):
 garbage-first heap   total 133120K, used 39917K [0x00000000c0000000, 0x0000000100000000)
  region size 1024K, 0 young (0K), 0 survivors (0K)
 Metaspace       used 62031K, committed 62592K, reserved 1114112K
  class space    used 7887K, committed 8128K, reserved 1048576K
}
Event: 2220.051 GC heap before
{Heap before GC invocations=175 (full 112):
 garbage-first heap   total 133120K, used 39917K [0x00000000c0000000, 0x0000000100000000)
  region size 1024K, 1 young (1024K), 0 survivors (0K)
 Metaspace       used 62031K, committed 62592K, reserved 1114112K
  class space    used 7887K, committed 8128K, reserved 1048576K
}
Event: 2220.067 GC heap after
{Heap after GC invocations=176 (full 113):
 garbage-first heap   total 133120K, used 39917K [0x00000000c0000000, 0x0000000100000000)
  region size 1024K, 0 young (0K), 0 survivors (0K)
 Metaspace       used 62031K, committed 62592K, reserved 1114112K
  class space    used 7887K, committed 8128K, reserved 1048576K
}
Event: 2230.131 GC heap before
{Heap before GC invocations=176 (full 113):
 garbage-first heap   total 133120K, used 39917K [0x00000000c0000000, 0x0000000100000000)
  region size 1024K, 1 young (1024K), 0 survivors (0K)
 Metaspace       used 62031K, committed 62592K, reserved 1114112K
  class space    used 7887K, committed 8128K, reserved 1048576K
}
Event: 2230.149 GC heap after
{Heap after GC invocations=177 (full 114):
 garbage-first heap   total 133120K, used 39917K [0x00000000c0000000, 0x0000000100000000)
  region size 1024K, 0 young (0K), 0 survivors (0K)
 Metaspace       used 62031K, committed 62592K, reserved 1114112K
  class space    used 7887K, committed 8128K, reserved 1048576K
}
Event: 2270.227 GC heap before
{Heap before GC invocations=177 (full 114):
 garbage-first heap   total 133120K, used 75757K [0x00000000c0000000, 0x0000000100000000)
  region size 1024K, 36 young (36864K), 0 survivors (0K)
 Metaspace       used 62031K, committed 62592K, reserved 1114112K
  class space    used 7887K, committed 8128K, reserved 1048576K
}
Event: 2270.245 GC heap after
{Heap after GC invocations=178 (full 115):
 garbage-first heap   total 133120K, used 39952K [0x00000000c0000000, 0x0000000100000000)
  region size 1024K, 0 young (0K), 0 survivors (0K)
 Metaspace       used 62031K, committed 62592K, reserved 1114112K
  class space    used 7887K, committed 8128K, reserved 1048576K
}
Event: 2280.309 GC heap before
{Heap before GC invocations=178 (full 115):
 garbage-first heap   total 133120K, used 39952K [0x00000000c0000000, 0x0000000100000000)
  region size 1024K, 1 young (1024K), 0 survivors (0K)
 Metaspace       used 62031K, committed 62592K, reserved 1114112K
  class space    used 7887K, committed 8128K, reserved 1048576K
}
Event: 2280.328 GC heap after
{Heap after GC invocations=179 (full 116):
 garbage-first heap   total 133120K, used 39952K [0x00000000c0000000, 0x0000000100000000)
  region size 1024K, 0 young (0K), 0 survivors (0K)
 Metaspace       used 62031K, committed 62592K, reserved 1114112K
  class space    used 7887K, committed 8128K, reserved 1048576K
}
Event: 2290.390 GC heap before
{Heap before GC invocations=179 (full 116):
 garbage-first heap   total 133120K, used 39952K [0x00000000c0000000, 0x0000000100000000)
  region size 1024K, 1 young (1024K), 0 survivors (0K)
 Metaspace       used 62031K, committed 62592K, reserved 1114112K
  class space    used 7887K, committed 8128K, reserved 1048576K
}
Event: 2290.407 GC heap after
{Heap after GC invocations=180 (full 117):
 garbage-first heap   total 133120K, used 39952K [0x00000000c0000000, 0x0000000100000000)
  region size 1024K, 0 young (0K), 0 survivors (0K)
 Metaspace       used 62031K, committed 62592K, reserved 1114112K
  class space    used 7887K, committed 8128K, reserved 1048576K
}
Event: 2300.457 GC heap before
{Heap before GC invocations=180 (full 117):
 garbage-first heap   total 133120K, used 39952K [0x00000000c0000000, 0x0000000100000000)
  region size 1024K, 1 young (1024K), 0 survivors (0K)
 Metaspace       used 62031K, committed 62592K, reserved 1114112K
  class space    used 7887K, committed 8128K, reserved 1048576K
}
Event: 2300.474 GC heap after
{Heap after GC invocations=181 (full 118):
 garbage-first heap   total 133120K, used 39952K [0x00000000c0000000, 0x0000000100000000)
  region size 1024K, 0 young (0K), 0 survivors (0K)
 Metaspace       used 62031K, committed 62592K, reserved 1114112K
  class space    used 7887K, committed 8128K, reserved 1048576K
}
Event: 2310.524 GC heap before
{Heap before GC invocations=181 (full 118):
 garbage-first heap   total 133120K, used 39952K [0x00000000c0000000, 0x0000000100000000)
  region size 1024K, 1 young (1024K), 0 survivors (0K)
 Metaspace       used 62031K, committed 62592K, reserved 1114112K
  class space    used 7887K, committed 8128K, reserved 1048576K
}
Event: 2310.541 GC heap after
{Heap after GC invocations=182 (full 119):
 garbage-first heap   total 133120K, used 39952K [0x00000000c0000000, 0x0000000100000000)
  region size 1024K, 0 young (0K), 0 survivors (0K)
 Metaspace       used 62031K, committed 62592K, reserved 1114112K
  class space    used 7887K, committed 8128K, reserved 1048576K
}
Event: 2360.636 GC heap before
{Heap before GC invocations=182 (full 119):
 garbage-first heap   total 133120K, used 51216K [0x00000000c0000000, 0x0000000100000000)
  region size 1024K, 12 young (12288K), 0 survivors (0K)
 Metaspace       used 62031K, committed 62592K, reserved 1114112K
  class space    used 7887K, committed 8128K, reserved 1048576K
}
Event: 2360.655 GC heap after
{Heap after GC invocations=183 (full 120):
 garbage-first heap   total 133120K, used 40525K [0x00000000c0000000, 0x0000000100000000)
  region size 1024K, 0 young (0K), 0 survivors (0K)
 Metaspace       used 62031K, committed 62592K, reserved 1114112K
  class space    used 7887K, committed 8128K, reserved 1048576K
}
Event: 2370.709 GC heap before
{Heap before GC invocations=183 (full 120):
 garbage-first heap   total 133120K, used 40525K [0x00000000c0000000, 0x0000000100000000)
  region size 1024K, 1 young (1024K), 0 survivors (0K)
 Metaspace       used 62031K, committed 62592K, reserved 1114112K
  class space    used 7887K, committed 8128K, reserved 1048576K
}
Event: 2370.727 GC heap after
{Heap after GC invocations=184 (full 121):
 garbage-first heap   total 133120K, used 40533K [0x00000000c0000000, 0x0000000100000000)
  region size 1024K, 0 young (0K), 0 survivors (0K)
 Metaspace       used 62031K, committed 62592K, reserved 1114112K
  class space    used 7887K, committed 8128K, reserved 1048576K
}
Event: 2470.830 GC heap before
{Heap before GC invocations=184 (full 121):
 garbage-first heap   total 133120K, used 92757K [0x00000000c0000000, 0x0000000100000000)
  region size 1024K, 52 young (53248K), 0 survivors (0K)
 Metaspace       used 62117K, committed 62592K, reserved 1114112K
  class space    used 7901K, committed 8128K, reserved 1048576K
}

Dll operation events (11 events):
Event: 0.011 Loaded shared library c:\Users\casa\.vscode\extensions\redhat.java-1.30.0-win32-x64\jre\17.0.10-win32-x86_64\bin\java.dll
Event: 0.251 Loaded shared library C:\Users\casa\.vscode\extensions\redhat.java-1.30.0-win32-x64\jre\17.0.10-win32-x86_64\bin\net.dll
Event: 0.254 Loaded shared library C:\Users\casa\.vscode\extensions\redhat.java-1.30.0-win32-x64\jre\17.0.10-win32-x86_64\bin\nio.dll
Event: 0.454 Loaded shared library C:\Users\casa\.vscode\extensions\redhat.java-1.30.0-win32-x64\jre\17.0.10-win32-x86_64\bin\zip.dll
Event: 7.136 Loaded shared library C:\Users\casa\.vscode\extensions\redhat.java-1.30.0-win32-x64\jre\17.0.10-win32-x86_64\bin\jimage.dll
Event: 8.080 Loaded shared library c:\Users\casa\.vscode\extensions\redhat.java-1.30.0-win32-x64\jre\17.0.10-win32-x86_64\bin\verify.dll
Event: 10.698 Loaded shared library C:\Users\casa\.vscode\extensions\redhat.java-1.30.0-win32-x64\jre\17.0.10-win32-x86_64\bin\management.dll
Event: 10.701 Loaded shared library C:\Users\casa\.vscode\extensions\redhat.java-1.30.0-win32-x64\jre\17.0.10-win32-x86_64\bin\management_ext.dll
Event: 12.212 Loaded shared library C:\Users\casa\.vscode\extensions\redhat.java-1.30.0-win32-x64\jre\17.0.10-win32-x86_64\bin\sunmscapi.dll
Event: 12.387 Loaded shared library C:\Users\casa\.vscode\extensions\redhat.java-1.30.0-win32-x64\jre\17.0.10-win32-x86_64\bin\extnet.dll
Event: 73.316 Loaded shared library C:\Users\casa\.vscode\extensions\redhat.java-1.30.0-win32-x64\jre\17.0.10-win32-x86_64\bin\rmi.dll

Deoptimization events (20 events):
Event: 18.721 Thread 0x000001aaa067fb10 DEOPT PACKING pc=0x000001aa91f51ba4 sp=0x0000000c1c9ff1c0
Event: 18.721 Thread 0x000001aaa067fb10 DEOPT UNPACKING pc=0x000001aa91847143 sp=0x0000000c1c9fe6a8 mode 0
Event: 66.922 Thread 0x000001aa9a7bc4e0 DEOPT PACKING pc=0x000001aa91e7fdd4 sp=0x0000000c1d2ff340
Event: 66.922 Thread 0x000001aa9a7bc4e0 DEOPT UNPACKING pc=0x000001aa91847143 sp=0x0000000c1d2fe7e8 mode 0
Event: 190.715 Thread 0x000001aa9f8bc8f0 DEOPT PACKING pc=0x000001aa920bfd0c sp=0x0000000c1dafe0e0
Event: 190.715 Thread 0x000001aa9f8bc8f0 DEOPT UNPACKING pc=0x000001aa91847143 sp=0x0000000c1dafd648 mode 0
Event: 190.715 Thread 0x000001aa9f8bc8f0 DEOPT PACKING pc=0x000001aa920c82cc sp=0x0000000c1dafe210
Event: 190.715 Thread 0x000001aa9f8bc8f0 DEOPT UNPACKING pc=0x000001aa91847143 sp=0x0000000c1dafd6f0 mode 0
Event: 190.715 Thread 0x000001aa9f8bc8f0 DEOPT PACKING pc=0x000001aa920bfd0c sp=0x0000000c1dafe340
Event: 190.715 Thread 0x000001aa9f8bc8f0 DEOPT UNPACKING pc=0x000001aa91847143 sp=0x0000000c1dafd8a8 mode 0
Event: 190.715 Thread 0x000001aa9f8bc8f0 DEOPT PACKING pc=0x000001aa920c82cc sp=0x0000000c1dafe470
Event: 190.715 Thread 0x000001aa9f8bc8f0 DEOPT UNPACKING pc=0x000001aa91847143 sp=0x0000000c1dafd968 mode 0
Event: 190.735 Thread 0x000001aa9f8bc8f0 DEOPT PACKING pc=0x000001aa920bfd0c sp=0x0000000c1dafe7e0
Event: 190.735 Thread 0x000001aa9f8bc8f0 DEOPT UNPACKING pc=0x000001aa91847143 sp=0x0000000c1dafdd48 mode 0
Event: 190.735 Thread 0x000001aa9f8bc8f0 DEOPT PACKING pc=0x000001aa920c82cc sp=0x0000000c1dafe910
Event: 190.735 Thread 0x000001aa9f8bc8f0 DEOPT UNPACKING pc=0x000001aa91847143 sp=0x0000000c1dafde08 mode 0
Event: 619.778 Thread 0x000001aa9f618ba0 DEOPT PACKING pc=0x000001aa9242e634 sp=0x0000000c1d4fe5a0
Event: 619.778 Thread 0x000001aa9f618ba0 DEOPT UNPACKING pc=0x000001aa91847143 sp=0x0000000c1d4fdae8 mode 0
Event: 620.454 Thread 0x000001aa9f618ba0 DEOPT PACKING pc=0x000001aa92873594 sp=0x0000000c1d4fe0d0
Event: 620.454 Thread 0x000001aa9f618ba0 DEOPT UNPACKING pc=0x000001aa91847143 sp=0x0000000c1d4fd608 mode 0

Classes unloaded (20 events):
Event: 2008.694 Thread 0x000001aa9a6274e0 Unloading class 0x00000001007e6000 'jdk/internal/reflect/GeneratedSerializationConstructorAccessor104'
Event: 2008.694 Thread 0x000001aa9a6274e0 Unloading class 0x00000001007e9c00 'jdk/internal/reflect/GeneratedSerializationConstructorAccessor103'
Event: 2008.694 Thread 0x000001aa9a6274e0 Unloading class 0x00000001007e9800 'jdk/internal/reflect/GeneratedSerializationConstructorAccessor102'
Event: 2008.694 Thread 0x000001aa9a6274e0 Unloading class 0x00000001007e9400 'jdk/internal/reflect/GeneratedSerializationConstructorAccessor101'
Event: 2008.694 Thread 0x000001aa9a6274e0 Unloading class 0x00000001007e9000 'jdk/internal/reflect/GeneratedSerializationConstructorAccessor100'
Event: 2008.694 Thread 0x000001aa9a6274e0 Unloading class 0x00000001007e8c00 'jdk/internal/reflect/GeneratedSerializationConstructorAccessor99'
Event: 2008.694 Thread 0x000001aa9a6274e0 Unloading class 0x00000001007e8800 'jdk/internal/reflect/GeneratedSerializationConstructorAccessor98'
Event: 2008.694 Thread 0x000001aa9a6274e0 Unloading class 0x00000001007e8400 'jdk/internal/reflect/GeneratedSerializationConstructorAccessor97'
Event: 2008.694 Thread 0x000001aa9a6274e0 Unloading class 0x00000001007e8000 'jdk/internal/reflect/GeneratedSerializationConstructorAccessor96'
Event: 2008.694 Thread 0x000001aa9a6274e0 Unloading class 0x00000001007e5c00 'jdk/internal/reflect/GeneratedSerializationConstructorAccessor95'
Event: 2008.694 Thread 0x000001aa9a6274e0 Unloading class 0x00000001007e5800 'jdk/internal/reflect/GeneratedSerializationConstructorAccessor94'
Event: 2008.694 Thread 0x000001aa9a6274e0 Unloading class 0x00000001007e5400 'jdk/internal/reflect/GeneratedSerializationConstructorAccessor93'
Event: 2008.694 Thread 0x000001aa9a6274e0 Unloading class 0x00000001007e5000 'jdk/internal/reflect/GeneratedSerializationConstructorAccessor92'
Event: 2008.694 Thread 0x000001aa9a6274e0 Unloading class 0x00000001007eac00 'jdk/internal/reflect/GeneratedSerializationConstructorAccessor91'
Event: 2008.694 Thread 0x000001aa9a6274e0 Unloading class 0x00000001007ea800 'jdk/internal/reflect/GeneratedSerializationConstructorAccessor90'
Event: 2008.694 Thread 0x000001aa9a6274e0 Unloading class 0x00000001007ea400 'jdk/internal/reflect/GeneratedSerializationConstructorAccessor89'
Event: 2008.694 Thread 0x000001aa9a6274e0 Unloading class 0x00000001007ea000 'jdk/internal/reflect/GeneratedSerializationConstructorAccessor88'
Event: 2008.694 Thread 0x000001aa9a6274e0 Unloading class 0x00000001007ebc00 'jdk/internal/reflect/GeneratedSerializationConstructorAccessor87'
Event: 2008.694 Thread 0x000001aa9a6274e0 Unloading class 0x00000001007eb800 'jdk/internal/reflect/GeneratedSerializationConstructorAccessor86'
Event: 2008.694 Thread 0x000001aa9a6274e0 Unloading class 0x00000001007e4400 'jdk/internal/reflect/GeneratedSerializationConstructorAccessor85'

Classes redefined (0 events):
No events

Internal exceptions (20 events):
Event: 2384.243 Thread 0x000001aa9f614ee0 Exception <a 'java/lang/NoSuchMethodError'{0x00000000c753b090}: static [Ljava/rmi/server/ObjID;.<clinit>()V> (0x00000000c753b090) 
thrown [s\src\hotspot\share\prims\jni.cpp, line 1107]
Event: 2384.244 Thread 0x000001aa9f614ee0 Exception <a 'java/lang/NoSuchMethodError'{0x00000000c7559848}: static [B.<clinit>()V> (0x00000000c7559848) 
thrown [s\src\hotspot\share\prims\jni.cpp, line 1107]
Event: 2384.249 Thread 0x000001aa9f616d40 Exception <a 'java/lang/InterruptedException'{0x00000000c7564ba8}> (0x00000000c7564ba8) 
thrown [s\src\hotspot\share\runtime\objectMonitor.cpp, line 1658]
Event: 2384.328 Thread 0x000001aaa0680020 Exception <a 'java/lang/NoSuchMethodError'{0x00000000c741b7b0}: static [Ljava/lang/String;.<clinit>()V> (0x00000000c741b7b0) 
thrown [s\src\hotspot\share\prims\jni.cpp, line 1107]
Event: 2402.777 Thread 0x000001aa9f617760 Exception <a 'sun/net/ConnectionResetException'{0x00000000c7491d70}: Connection reset> (0x00000000c7491d70) 
thrown [s\src\hotspot\share\prims\jni.cpp, line 535]
Event: 2402.777 Thread 0x000001aaa0682db0 Exception <a 'sun/net/ConnectionResetException'{0x00000000c715abb8}: Connection reset> (0x00000000c715abb8) 
thrown [s\src\hotspot\share\prims\jni.cpp, line 535]
Event: 2402.777 Thread 0x000001aa9f617760 Exception <a 'java/net/ConnectException'{0x00000000c74928a8}: Connection refused: connect> (0x00000000c74928a8) 
thrown [s\src\hotspot\share\prims\jni.cpp, line 535]
Event: 2402.777 Thread 0x000001aa9f617760 Exception <a 'java/net/SocketException'{0x00000000c7492be0}: Socket is not connected: shutdown> (0x00000000c7492be0) 
thrown [s\src\hotspot\share\prims\jni.cpp, line 535]
Event: 2430.113 Thread 0x000001aa9f8bc8f0 Exception <a 'sun/nio/fs/WindowsException'{0x00000000c5f93708}> (0x00000000c5f93708) 
thrown [s\src\hotspot\share\prims\jni.cpp, line 516]
Event: 2430.113 Thread 0x000001aa9f8bc8f0 Exception <a 'sun/nio/fs/WindowsException'{0x00000000c5f94028}> (0x00000000c5f94028) 
thrown [s\src\hotspot\share\prims\jni.cpp, line 516]
Event: 2430.113 Thread 0x000001aa9f8bc8f0 Exception <a 'sun/nio/fs/WindowsException'{0x00000000c5f94930}> (0x00000000c5f94930) 
thrown [s\src\hotspot\share\prims\jni.cpp, line 516]
Event: 2430.113 Thread 0x000001aa9f8bc8f0 Exception <a 'sun/nio/fs/WindowsException'{0x00000000c5f95250}> (0x00000000c5f95250) 
thrown [s\src\hotspot\share\prims\jni.cpp, line 516]
Event: 2430.113 Thread 0x000001aa9f8bc8f0 Exception <a 'sun/nio/fs/WindowsException'{0x00000000c5f95c50}> (0x00000000c5f95c50) 
thrown [s\src\hotspot\share\prims\jni.cpp, line 516]
Event: 2430.113 Thread 0x000001aa9f8bc8f0 Exception <a 'sun/nio/fs/WindowsException'{0x00000000c5f966d8}> (0x00000000c5f966d8) 
thrown [s\src\hotspot\share\prims\jni.cpp, line 516]
Event: 2430.933 Thread 0x000001aa9f8bc8f0 Exception <a 'sun/nio/fs/WindowsException'{0x00000000c4efe788}> (0x00000000c4efe788) 
thrown [s\src\hotspot\share\prims\jni.cpp, line 516]
Event: 2430.933 Thread 0x000001aa9f8bc8f0 Exception <a 'sun/nio/fs/WindowsException'{0x00000000c4eff0a8}> (0x00000000c4eff0a8) 
thrown [s\src\hotspot\share\prims\jni.cpp, line 516]
Event: 2430.933 Thread 0x000001aa9f8bc8f0 Exception <a 'sun/nio/fs/WindowsException'{0x00000000c4eff9b0}> (0x00000000c4eff9b0) 
thrown [s\src\hotspot\share\prims\jni.cpp, line 516]
Event: 2430.933 Thread 0x000001aa9f8bc8f0 Exception <a 'sun/nio/fs/WindowsException'{0x00000000c4d00300}> (0x00000000c4d00300) 
thrown [s\src\hotspot\share\prims\jni.cpp, line 516]
Event: 2430.933 Thread 0x000001aa9f8bc8f0 Exception <a 'sun/nio/fs/WindowsException'{0x00000000c4d00d10}> (0x00000000c4d00d10) 
thrown [s\src\hotspot\share\prims\jni.cpp, line 516]
Event: 2430.933 Thread 0x000001aa9f8bc8f0 Exception <a 'sun/nio/fs/WindowsException'{0x00000000c4d01798}> (0x00000000c4d01798) 
thrown [s\src\hotspot\share\prims\jni.cpp, line 516]

VM Operations (20 events):
Event: 2230.149 Executing VM operation: G1CollectFull done
Event: 2270.227 Executing VM operation: G1CollectFull
Event: 2270.245 Executing VM operation: G1CollectFull done
Event: 2280.309 Executing VM operation: G1CollectFull
Event: 2280.328 Executing VM operation: G1CollectFull done
Event: 2290.390 Executing VM operation: G1CollectFull
Event: 2290.407 Executing VM operation: G1CollectFull done
Event: 2300.457 Executing VM operation: G1CollectFull
Event: 2300.474 Executing VM operation: G1CollectFull done
Event: 2310.524 Executing VM operation: G1CollectFull
Event: 2310.541 Executing VM operation: G1CollectFull done
Event: 2360.636 Executing VM operation: G1CollectFull
Event: 2360.655 Executing VM operation: G1CollectFull done
Event: 2370.709 Executing VM operation: G1CollectFull
Event: 2370.727 Executing VM operation: G1CollectFull done
Event: 2405.466 Executing VM operation: HandshakeAllThreads
Event: 2405.466 Executing VM operation: HandshakeAllThreads done
Event: 2430.541 Executing VM operation: Cleanup
Event: 2430.541 Executing VM operation: Cleanup done
Event: 2470.830 Executing VM operation: G1CollectFull

Events (20 events):
Event: 1966.752 Thread 0x000001aa9f615e10 Thread added: 0x000001aa9f615e10
Event: 1966.752 Thread 0x000001aa9f6149d0 Thread added: 0x000001aa9f6149d0
Event: 2026.775 Thread 0x000001aa9f615e10 Thread exited: 0x000001aa9f615e10
Event: 2026.775 Thread 0x000001aa9f6149d0 Thread exited: 0x000001aa9f6149d0
Event: 2175.625 Thread 0x000001aa9f613fb0 Thread exited: 0x000001aa9f613fb0
Event: 2320.139 Thread 0x000001aa9f618180 Thread added: 0x000001aa9f618180
Event: 2320.380 Thread 0x000001aa9f613080 Thread added: 0x000001aa9f613080
Event: 2320.962 Thread 0x000001aa9f617760 Thread added: 0x000001aa9f617760
Event: 2380.405 Thread 0x000001aa9f613080 Thread exited: 0x000001aa9f613080
Event: 2380.976 Thread 0x000001aa9f617760 Thread exited: 0x000001aa9f617760
Event: 2381.159 Thread 0x000001aa9f619fe0 Thread added: 0x000001aa9f619fe0
Event: 2381.160 Thread 0x000001aa9f618690 Thread added: 0x000001aa9f618690
Event: 2384.242 Thread 0x000001aa9f616d40 Thread added: 0x000001aa9f616d40
Event: 2384.242 Thread 0x000001aa9f615900 Thread added: 0x000001aa9f615900
Event: 2384.258 Thread 0x000001aa9f617760 Thread added: 0x000001aa9f617760
Event: 2402.777 loading class java/rmi/ConnectIOException
Event: 2402.777 loading class java/rmi/ConnectIOException done
Event: 2402.777 Thread 0x000001aa9f617760 Thread exited: 0x000001aa9f617760
Event: 2441.184 Thread 0x000001aa9f618690 Thread exited: 0x000001aa9f618690
Event: 2462.308 Thread 0x000001aa9f619fe0 Thread exited: 0x000001aa9f619fe0


Dynamic libraries:
0x00007ff6782c0000 - 0x00007ff6782ce000 	c:\Users\casa\.vscode\extensions\redhat.java-1.30.0-win32-x64\jre\17.0.10-win32-x86_64\bin\java.exe
0x00007ffe4c8f0000 - 0x00007ffe4cb07000 	C:\WINDOWS\SYSTEM32\ntdll.dll
0x00007ffe4b910000 - 0x00007ffe4b9d4000 	C:\WINDOWS\System32\KERNEL32.DLL
0x00007ffe4a1a0000 - 0x00007ffe4a547000 	C:\WINDOWS\System32\KERNELBASE.dll
0x00007ffe49e90000 - 0x00007ffe49fa1000 	C:\WINDOWS\System32\ucrtbase.dll
0x00007ffe0aa60000 - 0x00007ffe0aa7b000 	c:\Users\casa\.vscode\extensions\redhat.java-1.30.0-win32-x64\jre\17.0.10-win32-x86_64\bin\VCRUNTIME140.dll
0x00007ffe0b0b0000 - 0x00007ffe0b0c7000 	c:\Users\casa\.vscode\extensions\redhat.java-1.30.0-win32-x64\jre\17.0.10-win32-x86_64\bin\jli.dll
0x00007ffe4adf0000 - 0x00007ffe4af9e000 	C:\WINDOWS\System32\USER32.dll
0x00007ffe4a550000 - 0x00007ffe4a576000 	C:\WINDOWS\System32\win32u.dll
0x00007ffe4a8b0000 - 0x00007ffe4a8d9000 	C:\WINDOWS\System32\GDI32.dll
0x00007ffe35830000 - 0x00007ffe35ac3000 	C:\WINDOWS\WinSxS\amd64_microsoft.windows.common-controls_6595b64144ccf1df_6.0.22621.3527_none_270e469b73872a76\COMCTL32.dll
0x00007ffe49c40000 - 0x00007ffe49d59000 	C:\WINDOWS\System32\gdi32full.dll
0x00007ffe4a580000 - 0x00007ffe4a61a000 	C:\WINDOWS\System32\msvcp_win.dll
0x00007ffe4ab60000 - 0x00007ffe4ac07000 	C:\WINDOWS\System32\msvcrt.dll
0x00007ffe4ac10000 - 0x00007ffe4ac41000 	C:\WINDOWS\System32\IMM32.DLL
0x00007ffe46e80000 - 0x00007ffe46e8c000 	c:\Users\casa\.vscode\extensions\redhat.java-1.30.0-win32-x64\jre\17.0.10-win32-x86_64\bin\vcruntime140_1.dll
0x00007ffdfd380000 - 0x00007ffdfd40d000 	c:\Users\casa\.vscode\extensions\redhat.java-1.30.0-win32-x64\jre\17.0.10-win32-x86_64\bin\msvcp140.dll
0x00007ffdfc710000 - 0x00007ffdfd372000 	c:\Users\casa\.vscode\extensions\redhat.java-1.30.0-win32-x64\jre\17.0.10-win32-x86_64\bin\server\jvm.dll
0x00007ffe4a7f0000 - 0x00007ffe4a8a2000 	C:\WINDOWS\System32\ADVAPI32.dll
0x00007ffe4c4a0000 - 0x00007ffe4c548000 	C:\WINDOWS\System32\sechost.dll
0x00007ffe49c10000 - 0x00007ffe49c38000 	C:\WINDOWS\System32\bcrypt.dll
0x00007ffe4c380000 - 0x00007ffe4c495000 	C:\WINDOWS\System32\RPCRT4.dll
0x00007ffe492f0000 - 0x00007ffe4933d000 	C:\WINDOWS\SYSTEM32\POWRPROF.dll
0x00007ffe42cc0000 - 0x00007ffe42cca000 	C:\WINDOWS\SYSTEM32\VERSION.dll
0x00007ffe45150000 - 0x00007ffe45159000 	C:\WINDOWS\SYSTEM32\WSOCK32.dll
0x00007ffe4c7e0000 - 0x00007ffe4c851000 	C:\WINDOWS\System32\WS2_32.dll
0x00007ffe417d0000 - 0x00007ffe41804000 	C:\WINDOWS\SYSTEM32\WINMM.dll
0x00007ffe491a0000 - 0x00007ffe491b3000 	C:\WINDOWS\SYSTEM32\UMPDC.dll
0x00007ffe48bf0000 - 0x00007ffe48c08000 	C:\WINDOWS\SYSTEM32\kernel.appcore.dll
0x00007ffe2a820000 - 0x00007ffe2a82a000 	c:\Users\casa\.vscode\extensions\redhat.java-1.30.0-win32-x64\jre\17.0.10-win32-x86_64\bin\jimage.dll
0x00007ffe3d110000 - 0x00007ffe3d342000 	C:\WINDOWS\SYSTEM32\DBGHELP.DLL
0x00007ffe4b100000 - 0x00007ffe4b488000 	C:\WINDOWS\System32\combase.dll
0x00007ffe4c6e0000 - 0x00007ffe4c7b7000 	C:\WINDOWS\System32\OLEAUT32.dll
0x00007ffe2fc00000 - 0x00007ffe2fc32000 	C:\WINDOWS\SYSTEM32\dbgcore.DLL
0x00007ffe4a120000 - 0x00007ffe4a199000 	C:\WINDOWS\System32\bcryptPrimitives.dll
0x00007ffdfc6e0000 - 0x00007ffdfc705000 	c:\Users\casa\.vscode\extensions\redhat.java-1.30.0-win32-x64\jre\17.0.10-win32-x86_64\bin\java.dll
0x00007ffe00760000 - 0x00007ffe00778000 	c:\Users\casa\.vscode\extensions\redhat.java-1.30.0-win32-x64\jre\17.0.10-win32-x86_64\bin\zip.dll
0x00007ffe4bb00000 - 0x00007ffe4c35c000 	C:\WINDOWS\System32\SHELL32.dll
0x00007ffe47b00000 - 0x00007ffe483f6000 	C:\WINDOWS\SYSTEM32\windows.storage.dll
0x00007ffe479c0000 - 0x00007ffe47afe000 	C:\WINDOWS\SYSTEM32\wintypes.dll
0x00007ffe4ac50000 - 0x00007ffe4ad45000 	C:\WINDOWS\System32\SHCORE.dll
0x00007ffe4ab00000 - 0x00007ffe4ab5e000 	C:\WINDOWS\System32\shlwapi.dll
0x00007ffe49b40000 - 0x00007ffe49b61000 	C:\WINDOWS\SYSTEM32\profapi.dll
0x00007ffdff850000 - 0x00007ffdff869000 	C:\Users\casa\.vscode\extensions\redhat.java-1.30.0-win32-x64\jre\17.0.10-win32-x86_64\bin\net.dll
0x00007ffe43630000 - 0x00007ffe43766000 	C:\WINDOWS\SYSTEM32\WINHTTP.dll
0x00007ffe490c0000 - 0x00007ffe49129000 	C:\WINDOWS\system32\mswsock.dll
0x00007ffdfc6c0000 - 0x00007ffdfc6d6000 	C:\Users\casa\.vscode\extensions\redhat.java-1.30.0-win32-x64\jre\17.0.10-win32-x86_64\bin\nio.dll
0x00007ffe1d120000 - 0x00007ffe1d130000 	c:\Users\casa\.vscode\extensions\redhat.java-1.30.0-win32-x64\jre\17.0.10-win32-x86_64\bin\verify.dll
0x00007ffe49490000 - 0x00007ffe494ab000 	C:\WINDOWS\SYSTEM32\CRYPTSP.dll
0x00007ffe48b50000 - 0x00007ffe48b85000 	C:\WINDOWS\system32\rsaenh.dll
0x00007ffe49170000 - 0x00007ffe49198000 	C:\WINDOWS\SYSTEM32\USERENV.dll
0x00007ffe49470000 - 0x00007ffe4947c000 	C:\WINDOWS\SYSTEM32\CRYPTBASE.dll
0x00007ffe48660000 - 0x00007ffe4868d000 	C:\WINDOWS\SYSTEM32\IPHLPAPI.DLL
0x00007ffe4ad50000 - 0x00007ffe4ad59000 	C:\WINDOWS\System32\NSI.dll
0x00007ffe435a0000 - 0x00007ffe435b9000 	C:\WINDOWS\SYSTEM32\dhcpcsvc6.DLL
0x00007ffe435c0000 - 0x00007ffe435df000 	C:\WINDOWS\SYSTEM32\dhcpcsvc.DLL
0x00007ffe486d0000 - 0x00007ffe487c8000 	C:\WINDOWS\SYSTEM32\DNSAPI.dll
0x00007ffe2d9d0000 - 0x00007ffe2d9d9000 	C:\Users\casa\.vscode\extensions\redhat.java-1.30.0-win32-x64\jre\17.0.10-win32-x86_64\bin\management.dll
0x00007ffe2d9c0000 - 0x00007ffe2d9cb000 	C:\Users\casa\.vscode\extensions\redhat.java-1.30.0-win32-x64\jre\17.0.10-win32-x86_64\bin\management_ext.dll
0x00007ffe4a620000 - 0x00007ffe4a628000 	C:\WINDOWS\System32\PSAPI.DLL
0x00007ffe2e350000 - 0x00007ffe2e35e000 	C:\Users\casa\.vscode\extensions\redhat.java-1.30.0-win32-x64\jre\17.0.10-win32-x86_64\bin\sunmscapi.dll
0x00007ffe49fb0000 - 0x00007ffe4a118000 	C:\WINDOWS\System32\CRYPT32.dll
0x00007ffe49510000 - 0x00007ffe4953e000 	C:\WINDOWS\SYSTEM32\ncrypt.dll
0x00007ffe494d0000 - 0x00007ffe49507000 	C:\WINDOWS\SYSTEM32\NTASN1.dll
0x00007ffe42760000 - 0x00007ffe4276a000 	C:\Windows\System32\rasadhlp.dll
0x00007ffe426d0000 - 0x00007ffe42753000 	C:\WINDOWS\System32\fwpuclnt.dll
0x00007ffe2d9b0000 - 0x00007ffe2d9b9000 	C:\Users\casa\.vscode\extensions\redhat.java-1.30.0-win32-x64\jre\17.0.10-win32-x86_64\bin\extnet.dll
0x00007ffe2fbb0000 - 0x00007ffe2fbc7000 	C:\WINDOWS\system32\napinsp.dll
0x00007ffe2b170000 - 0x00007ffe2b18b000 	C:\WINDOWS\system32\pnrpnsp.dll
0x00007ffe2b030000 - 0x00007ffe2b041000 	C:\WINDOWS\System32\winrnr.dll
0x00007ffe434b0000 - 0x00007ffe434c5000 	C:\WINDOWS\system32\wshbth.dll
0x00007ffe2b190000 - 0x00007ffe2b1b7000 	C:\WINDOWS\system32\nlansp_c.dll
0x00007ffdfb840000 - 0x00007ffdfb847000 	C:\Users\casa\.vscode\extensions\redhat.java-1.30.0-win32-x64\jre\17.0.10-win32-x86_64\bin\rmi.dll

dbghelp: loaded successfully - version: 4.0.5 - missing functions: none
symbol engine: initialized successfully - sym options: 0x614 - pdb path: .;c:\Users\casa\.vscode\extensions\redhat.java-1.30.0-win32-x64\jre\17.0.10-win32-x86_64\bin;C:\WINDOWS\SYSTEM32;C:\WINDOWS\WinSxS\amd64_microsoft.windows.common-controls_6595b64144ccf1df_6.0.22621.3527_none_270e469b73872a76;c:\Users\casa\.vscode\extensions\redhat.java-1.30.0-win32-x64\jre\17.0.10-win32-x86_64\bin\server

VM Arguments:
jvm_args: -Xmx1024m -Dsts.lsp.client=vscode -Dsts.log.file=/dev/null -XX:TieredStopAtLevel=1 -Xlog:jni+resolve=off -Dspring.config.location=file:c:\Users\casa\.vscode\extensions\vmware.vscode-spring-boot-1.54.0\language-server\BOOT-INF\classes\application.properties 
java_command: org.springframework.ide.vscode.boot.app.BootLanguageServerBootApp
java_class_path (initial): c:\Users\casa\.vscode\extensions\vmware.vscode-spring-boot-1.54.0\language-server\BOOT-INF\classes;c:\Users\casa\.vscode\extensions\vmware.vscode-spring-boot-1.54.0\language-server\BOOT-INF\lib\annotations-24.1.0.jar;c:\Users\casa\.vscode\extensions\vmware.vscode-spring-boot-1.54.0\language-server\BOOT-INF\lib\antlr4-runtime-4.13.1.jar;c:\Users\casa\.vscode\extensions\vmware.vscode-spring-boot-1.54.0\language-server\BOOT-INF\lib\asm-9.7.jar;c:\Users\casa\.vscode\extensions\vmware.vscode-spring-boot-1.54.0\language-server\BOOT-INF\lib\asm-analysis-9.7.jar;c:\Users\casa\.vscode\extensions\vmware.vscode-spring-boot-1.54.0\language-server\BOOT-INF\lib\asm-tree-9.7.jar;c:\Users\casa\.vscode\extensions\vmware.vscode-spring-boot-1.54.0\language-server\BOOT-INF\lib\asm-util-9.7.jar;c:\Users\casa\.vscode\extensions\vmware.vscode-spring-boot-1.54.0\language-server\BOOT-INF\lib\caffeine-3.1.8.jar;c:\Users\casa\.vscode\extensions\vmware.vscode-spring-boot-1.54.0\language-server\BOOT-INF\lib\checker-qual-3.12.0.jar;c:\Users\casa\.vscode\extensions\vmware.vscode-spring-boot-1.54.0\language-server\BOOT-INF\lib\classgraph-4.8.149.jar;c:\Users\casa\.vscode\extensions\vmware.vscode-spring-boot-1.54.0\language-server\BOOT-INF\lib\commons-codec-1.16.1.jar;c:\Users\casa\.vscode\extensions\vmware.vscode-spring-boot-1.54.0\language-server\BOOT-INF\lib\commons-compress-1.26.1.jar;c:\Users\casa\.vscode\extensions\vmware.vscode-spring-boot-1.54.0\language-server\BOOT-INF\lib\commons-io-2.4.jar;c:\Users\casa\.vscode\extensions\vmware.vscode-spring-boot-1.54.0\language-server\BOOT-INF\lib\commons-java-1.54.0-SNAPSHOT.jar;c:\Users\casa\.vscode\extensions\vmware.vscode-spring-boot-1.54.0\language-server\BOOT-INF\lib\commons-lang3-3.13.0.jar;c:\Users\casa\.vscode\extensions\vmware.vscode-spring-boot-1.54.0\language-server\BOOT-INF\lib\commons-language-server-1.54.0-SNAPSHOT.jar;c:\Users\casa\.vscode\extensions\vmware.vscode-spring-boot-1.54.0\language-server\BOOT-INF\
Launcher Type: SUN_STANDARD

[Global flags]
     intx CICompilerCount                          = 4                                         {product} {ergonomic}
     uint ConcGCThreads                            = 3                                         {product} {ergonomic}
     uint G1ConcRefinementThreads                  = 10                                        {product} {ergonomic}
   size_t G1HeapRegionSize                         = 1048576                                   {product} {ergonomic}
    uintx GCDrainStackTargetSize                   = 64                                        {product} {ergonomic}
   size_t InitialHeapSize                          = 266338304                                 {product} {ergonomic}
   size_t MarkStackSize                            = 4194304                                   {product} {ergonomic}
   size_t MaxHeapSize                              = 1073741824                                {product} {command line}
   size_t MaxNewSize                               = 643825664                                 {product} {ergonomic}
   size_t MinHeapDeltaBytes                        = 1048576                                   {product} {ergonomic}
   size_t MinHeapSize                              = 8388608                                   {product} {ergonomic}
    uintx NonProfiledCodeHeapSize                  = 0                                      {pd product} {ergonomic}
     bool ProfileInterpreter                       = false                                  {pd product} {command line}
    uintx ProfiledCodeHeapSize                     = 0                                      {pd product} {ergonomic}
   size_t SoftMaxHeapSize                          = 1073741824                             {manageable} {ergonomic}
     intx TieredStopAtLevel                        = 1                                         {product} {command line}
     bool UseCompressedClassPointers               = true                           {product lp64_product} {ergonomic}
     bool UseCompressedOops                        = true                           {product lp64_product} {ergonomic}
     bool UseG1GC                                  = true                                      {product} {ergonomic}
     bool UseLargePagesIndividualAllocation        = false                                  {pd product} {ergonomic}

Logging:
Log output configuration:
 #0: stdout all=warning,jni+resolve=off uptime,level,tags
 #1: stderr all=off uptime,level,tags

Environment Variables:
PATH=C:\Program Files\Common Files\Oracle\Java\javapath;C:\Program Files (x86)\Common Files\Oracle\Java\javapath;C:\ProgramData\Oracle\Java\javapath;C:\Windows\system32;C:\Windows;C:\Windows\System32\Wbem;C:\Windows\System32\WindowsPowerShell\v1.0\;C:\Windows\System32\OpenSSH\;C:\ProgramData\chocolatey\bin;C:\Program Files (x86)\NVIDIA Corporation\PhysX\Common;C:\WINDOWS\system32;C:\WINDOWS;C:\WINDOWS\System32\Wbem;C:\WINDOWS\System32\WindowsPowerShell\v1.0\;C:\WINDOWS\System32\OpenSSH\;C:\Program Files (x86)\Microsoft SQL Server\160\Tools\Binn\;C:\Program Files\Microsoft SQL Server\160\Tools\Binn\;C:\Program Files\Microsoft SQL Server\Client SDK\ODBC\170\Tools\Binn\;C:\Program Files\Microsoft SQL Server\160\DTS\Binn\;C:\Program Files (x86)\Microsoft SQL Server\160\DTS\Binn\;C:\Program Files\Git\cmd;C:\Program Files\nodejs\;C:\Program Files\dotnet\;C:\Program Files\Microsoft SQL Server\150\Tools\Binn\;C:\Users\casa\AppData\Local\Microsoft\WindowsApps;C:\Program Files\Azure Data Studio\bin;C:\Program Files\nodejs\;C:\Users\casa\AppData\Local\Programs\Microsoft VS Code\bin;C:\Users\casa\AppData\Roaming\npm;C:\Users\casa\.dotnet\tools;C:\Users\casa\AppData\Roaming\npm\node_modules\@angular\cli\bin;
USERNAME=casa
OS=Windows_NT
PROCESSOR_IDENTIFIER=Intel64 Family 6 Model 151 Stepping 2, GenuineIntel
TMP=C:\Users\casa\AppData\Local\Temp
TEMP=C:\Users\casa\AppData\Local\Temp



Periodic native trim disabled


---------------  S Y S T E M  ---------------

OS:
 Windows 11 , 64 bit Build 22621 (10.0.22621.3527)
OS uptime: 0 days 0:43 hours
Hyper-V role detected

CPU: total 12 (initial active 12) (6 cores per cpu, 2 threads per core) family 6 model 151 stepping 2 microcode 0x1e, cx8, cmov, fxsr, ht, mmx, 3dnowpref, sse, sse2, sse3, ssse3, sse4.1, sse4.2, popcnt, lzcnt, tsc, tscinvbit, avx, avx2, aes, erms, clmul, bmi1, bmi2, adx, sha, fma, vzeroupper, clflush, clflushopt, clwb, hv
Processor Information for all 12 processors :
  Max Mhz: 2500, Current Mhz: 2500, Mhz Limit: 2500

Memory: 4k page, system-wide physical 16225M (8829M free)
TotalPageFile size 17249M (AvailPageFile size 8698M)
current process WorkingSet (physical memory assigned to process): 279M, peak: 295M
current process commit charge ("private bytes"): 326M, peak: 424M

vm_info: OpenJDK 64-Bit Server VM (17.0.10+7) for windows-amd64 JRE (17.0.10+7), built on Jan 16 2024 23:25:11 by "admin" with MS VC++ 16.10 / 16.11 (VS2019)

END.
