#
# A fatal error has been detected by the Java Runtime Environment:
#
#  EXCEPTION_ACCESS_VIOLATION (0xc0000005) at pc=0x00007ffcf469e618, pid=9360, tid=13556
#
# JRE version: OpenJDK Runtime Environment Temurin-17.0.10+7 (17.0.10+7) (build 17.0.10+7)
# Java VM: OpenJDK 64-Bit Server VM Temurin-17.0.10+7 (17.0.10+7, mixed mode, emulated-client, tiered, compressed oops, compressed class ptrs, g1 gc, windows-amd64)
# Problematic frame:
# V  [jvm.dll+0x30e618]
#
# No core dump will be written. Minidumps are not enabled by default on client versions of Windows
#
# If you would like to submit a bug report, please visit:
#   https://github.com/adoptium/adoptium-support/issues
#

---------------  S U M M A R Y ------------

Command Line: -Xmx1024m -Dsts.lsp.client=vscode -Dsts.log.file=/dev/null -XX:TieredStopAtLevel=1 -Xlog:jni+resolve=off -Dspring.config.location=file:c:\Users\casa\.vscode\extensions\vmware.vscode-spring-boot-1.54.0\language-server\BOOT-INF\classes\application.properties org.springframework.ide.vscode.boot.app.BootLanguageServerBootApp

Host: 12th Gen Intel(R) Core(TM) i5-12400F, 12 cores, 15G,  Windows 11 , 64 bit Build 22621 (10.0.22621.3527)
Time: Wed May 29 12:32:44 2024 Hora estándar de Argentina elapsed time: 11463.784636 seconds (0d 3h 11m 3s)

---------------  T H R E A D  ---------------

Current thread (0x0000016cd13db710):  GCTaskThread "GC Thread#6" [stack: 0x0000004e82d00000,0x0000004e82e00000] [id=13556]

Stack: [0x0000004e82d00000,0x0000004e82e00000],  sp=0x0000004e82dff5a0,  free space=1021k
Native frames: (J=compiled Java code, j=interpreted, Vv=VM code, C=native code)
V  [jvm.dll+0x30e618]
V  [jvm.dll+0x2f4b98]
V  [jvm.dll+0x2f2f1a]
V  [jvm.dll+0x2f9184]
V  [jvm.dll+0x2f92b8]
V  [jvm.dll+0x2f89ad]
V  [jvm.dll+0x2f823d]
V  [jvm.dll+0x86226b]
V  [jvm.dll+0x8622b6]
V  [jvm.dll+0x7e3fba]
V  [jvm.dll+0x67c1b5]
C  [ucrtbase.dll+0x29333]
C  [KERNEL32.DLL+0x1257d]
C  [ntdll.dll+0x5aa48]


siginfo: EXCEPTION_ACCESS_VIOLATION (0xc0000005), reading address 0x00000006064e3848


Registers:
RAX=0x0000000000000001, RBX=0x0000016cd0103478, RCX=0x0000000000000003, RDX=0x00000000c0c65648
RSP=0x0000004e82dff5a0, RBP=0x00000000c18d1eb4, RSI=0x0000016cd0102e30, RDI=0x000000000000000c
R8 =0x00000006064e3840, R9 =0x0000000000000001, R10=0x0000000000000003, R11=0x0000000000000000
R12=0x00000001006caf20, R13=0x00000000c18d1e98, R14=0x00000001006caf18, R15=0x0000016cd01033e0
RIP=0x00007ffcf469e618, EFLAGS=0x0000000000010202


Register to memory mapping:

RIP=0x00007ffcf469e618 jvm.dll
RAX=0x0000000000000001 is an unknown value
RBX=0x0000016cd0103478 points into unknown readable memory: 0x0000016cd2760fb0 | b0 0f 76 d2 6c 01 00 00
RCX=0x0000000000000003 is an unknown value
RDX=0x00000000c0c65648 is pointing into object: java.io.FileCleanable 
{0x00000000c0c65630} - klass: 'java/io/FileCleanable'
 - ---- fields (total size 7 words):
 - private 'referent' 'Ljava/lang/Object;' @12  a 'java/io/FileDescriptor'{0x00000000c0a40ad8} (c0a40ad8)
 - volatile 'queue' 'Ljava/lang/ref/ReferenceQueue;' @16  a 'java/lang/ref/ReferenceQueue'{0x00000000c0c63080} (c0c63080)
 - volatile 'next' 'Ljava/lang/ref/Reference;' @20  NULL (0)
 - private transient 'discovered' 'Ljava/lang/ref/Reference;' @24  NULL (0)
 - 'prev' 'Ljdk/internal/ref/PhantomCleanable;' @28  a 'jdk/internal/ref/CleanerImpl$PhantomCleanableRef'{0x00000000c0c65668} (c0c65668)
 - 'next' 'Ljdk/internal/ref/PhantomCleanable;' @32  a 'jdk/internal/ref/CleanerImpl$PhantomCleanableRef'{0x00000000c0c9c708} (c0c9c708)
 - private final 'list' 'Ljdk/internal/ref/PhantomCleanable;' @36  a 'jdk/internal/ref/CleanerImpl$PhantomCleanableRef'{0x00000000c0c90c80} (c0c90c80)
 - private final 'handle' 'J' @40  1368 (558 0)
 - private final 'fd' 'I' @48  -1 (ffffffff)
RSP=0x0000004e82dff5a0 points into unknown readable memory: 0x0000000000000001 | 01 00 00 00 00 00 00 00
RBP=0x00000000c18d1eb4 is pointing into object: sun.security.ssl.NamedGroup$NamedGroupSpec 
{0x00000000c18d1e98} - klass: 'sun/security/ssl/NamedGroup$NamedGroupSpec'
 - ---- fields (total size 4 words):
 - private final 'ordinal' 'I' @12  4
 - private final 'name' 'Ljava/lang/String;' @16  "NAMED_GROUP_NONE"{0x00000000c18d1eb8} (c18d1eb8)
 - private final 'algorithm' 'Ljava/lang/String;' @20  
[error occurred during error reporting (printing register info), id 0xc0000005, EXCEPTION_ACCESS_VIOLATION (0xc0000005) at pc=0x00007ffcf49f9a83]

Top of Stack: (sp=0x0000004e82dff5a0)
0x0000004e82dff5a0:   0000000000000001 00007ffcf46849fe
0x0000004e82dff5b0:   0000016cd1bbd288 00007ffcf46849fe
0x0000004e82dff5c0:   00000000c0c65648 00007ffcf4684b98
0x0000004e82dff5d0:   0000016cd04c0488 00007ffcf46821ca
0x0000004e82dff5e0:   00000000c1e62118 00007ffcf4683a42
0x0000004e82dff5f0:   00000000c0c65648 c0c6566800000000
0x0000004e82dff600:   00000000c0c65648 00007ffcf4682f1a
0x0000004e82dff610:   00000000c18d1eac 0000016cd0102e30
0x0000004e82dff620:   00000000c1d61990 0000004e82dff670
0x0000004e82dff630:   00007ffcf4390000 0000000000000000
0x0000004e82dff640:   000000000000000c 000000000000000c
0x0000004e82dff650:   0000016cd0102e30 00007ffcf4689184
0x0000004e82dff660:   0000000000000010 00000000c18d1e98
0x0000004e82dff670:   00000000000004ad 0000000000000b61
0x0000004e82dff680:   0000000000000000 000000000000000c
0x0000004e82dff690:   0000000000000010 0000016cd0102e30
0x0000004e82dff6a0:   00007ffcf4390000 00007ffcf46892b8
0x0000004e82dff6b0:   0000000000000000 0000000000000000
0x0000004e82dff6c0:   0000016cd0102e30 0000000000000010
0x0000004e82dff6d0:   00007ffcf4ce6f78 0000000000000001
0x0000004e82dff6e0:   0000000000000000 0000000000000000
0x0000004e82dff6f0:   0000000000000001 0000004e818ff768
0x0000004e82dff700:   0000004e818fedf0 0000016cd0102e30
0x0000004e82dff710:   00007ffcf4390000 0000000000000010
0x0000004e82dff720:   0000004e818ff780 00007ffcf46889ad
0x0000004e82dff730:   0000016cd02833a0 0000004e818fec90
0x0000004e82dff740:   000000000000000c 00007ffcf46aab77
0x0000004e82dff750:   0000004e818fecb0 0000004e818fec90
0x0000004e82dff760:   0000000000000001 0000016cd0102e30
0x0000004e82dff770:   00000000000003d8 0000016cd0283778
0x0000004e82dff780:   0000016cd0283390 0000016cd02833a0
0x0000004e82dff790:   0000004e818fec90 00007ffcf468823d 

Instructions: (pc=0x00007ffcf469e618)
0x00007ffcf469e518:   cc cc cc cc cc cc cc cc 48 89 5c 24 08 57 48 83
0x00007ffcf469e528:   ec 30 33 c0 48 89 11 41 8d 50 ff 48 89 41 08 48
0x00007ffcf469e538:   89 51 28 48 8b d9 44 89 41 10 41 8b f8 48 89 41
0x00007ffcf469e548:   18 48 89 41 20 41 8b c8 e8 8b c4 cf ff 84 c0 75
0x00007ffcf469e558:   2b 4c 8d 0d c0 be 64 00 89 7c 24 20 4c 8d 05 ed
0x00007ffcf469e568:   be 64 00 ba 28 00 00 00 48 8d 0d 19 bf 64 00 e8
0x00007ffcf469e578:   24 91 f3 ff e8 4f e8 36 00 8b 7b 10 45 33 c0 8b
0x00007ffcf469e588:   cf 48 c1 e1 04 41 8d 50 05 e8 8a 86 d9 ff 48 89
0x00007ffcf469e598:   43 08 48 8b c3 48 8b 5c 24 40 48 83 c4 30 5f c3
0x00007ffcf469e5a8:   cc cc cc cc cc cc cc cc 48 8b 49 08 e9 e7 85 d9
0x00007ffcf469e5b8:   ff cc cc cc cc cc cc cc 48 89 5c 24 08 57 48 83
0x00007ffcf469e5c8:   ec 20 48 8b 05 37 bf 8a 00 48 8b d9 48 8b fa 8b
0x00007ffcf469e5d8:   88 c0 01 00 00 4c 8b 80 b8 01 00 00 0f b6 05 97
0x00007ffcf469e5e8:   4d 87 00 49 d3 e0 8b 0d 1c 57 87 00 49 2b f8 48
0x00007ffcf469e5f8:   d3 ef 84 c0 74 16 44 8b 42 08 8b 0d f0 8c 80 00
0x00007ffcf469e608:   49 d3 e0 4c 03 05 de 8c 80 00 eb 04 4c 8b 42 08
0x00007ffcf469e618:   45 8b 48 08 45 85 c9 7e 0c 41 f6 c1 01 75 55 41
0x00007ffcf469e628:   c1 f9 03 eb 5e 79 4d 84 c0 41 b8 0c 00 00 00 8b
0x00007ffcf469e638:   05 f7 9b 80 00 b9 10 00 00 00 41 0f 45 c8 ff c8
0x00007ffcf469e648:   4c 63 c0 41 8b c1 48 c1 f8 10 48 63 14 11 41 8b
0x00007ffcf469e658:   c9 83 e1 3f 48 d3 e2 0f b6 c8 49 8d 04 10 49 f7
0x00007ffcf469e668:   d0 48 03 c8 4d 8b c8 49 c1 e9 03 48 c1 e9 03 44
0x00007ffcf469e678:   23 c9 eb 0f 49 8b 00 49 8b c8 ff 90 00 01 00 00
0x00007ffcf469e688:   44 8b c8 8b 53 28 8b c7 48 23 d0 48 c1 e2 04 48
0x00007ffcf469e698:   03 53 08 8b 02 3b c7 74 34 4c 8b 42 08 4d 85 c0
0x00007ffcf469e6a8:   74 0b 8b c8 48 8b 03 f0 4c 0f c1 04 c8 48 c7 42
0x00007ffcf469e6b8:   08 00 00 00 00 89 3a 48 ff 43 20 49 63 c1 48 01
0x00007ffcf469e6c8:   42 08 48 8b 5c 24 30 48 83 c4 20 5f c3 48 ff 43
0x00007ffcf469e6d8:   18 48 8b 5c 24 30 49 63 c1 48 01 42 08 48 83 c4
0x00007ffcf469e6e8:   20 5f c3 cc cc cc cc cc 48 89 5c 24 08 33 db 4c
0x00007ffcf469e6f8:   8b da 4c 8b c9 44 8b c3 39 59 10 76 39 66 66 66
0x00007ffcf469e708:   0f 1f 84 00 00 00 00 00 41 8b c0 48 c1 e0 04 49 


Stack slot to memory mapping:
stack at sp + 0 slots: 0x0000000000000001 is an unknown value
stack at sp + 1 slots: 0x00007ffcf46849fe jvm.dll
stack at sp + 2 slots: 0x0000016cd1bbd288 points into unknown readable memory: 0x00000000c11b4b18 | 18 4b 1b c1 00 00 00 00
stack at sp + 3 slots: 0x00007ffcf46849fe jvm.dll
stack at sp + 4 slots: 0x00000000c0c65648 is pointing into object: java.io.FileCleanable 
{0x00000000c0c65630} - klass: 'java/io/FileCleanable'
 - ---- fields (total size 7 words):
 - private 'referent' 'Ljava/lang/Object;' @12  a 'java/io/FileDescriptor'{0x00000000c0a40ad8} (c0a40ad8)
 - volatile 'queue' 'Ljava/lang/ref/ReferenceQueue;' @16  a 'java/lang/ref/ReferenceQueue'{0x00000000c0c63080} (c0c63080)
 - volatile 'next' 'Ljava/lang/ref/Reference;' @20  NULL (0)
 - private transient 'discovered' 'Ljava/lang/ref/Reference;' @24  NULL (0)
 - 'prev' 'Ljdk/internal/ref/PhantomCleanable;' @28  a 'jdk/internal/ref/CleanerImpl$PhantomCleanableRef'{0x00000000c0c65668} (c0c65668)
 - 'next' 'Ljdk/internal/ref/PhantomCleanable;' @32  a 'jdk/internal/ref/CleanerImpl$PhantomCleanableRef'{0x00000000c0c9c708} (c0c9c708)
 - private final 'list' 'Ljdk/internal/ref/PhantomCleanable;' @36  a 'jdk/internal/ref/CleanerImpl$PhantomCleanableRef'{0x00000000c0c90c80} (c0c90c80)
 - private final 'handle' 'J' @40  1368 (558 0)
 - private final 'fd' 'I' @48  -1 (ffffffff)
stack at sp + 5 slots: 0x00007ffcf4684b98 jvm.dll
stack at sp + 6 slots: 0x0000016cd04c0488 points into unknown readable memory: 0x00007ffcf4d400d0 | d0 00 d4 f4 fc 7f 00 00
stack at sp + 7 slots: 0x00007ffcf46821ca jvm.dll


---------------  P R O C E S S  ---------------

Threads class SMR info:
_java_thread_list=0x0000016cd2a21800, length=32, elements={
0x0000016cd003b520, 0x0000016cd0021f80, 0x0000016cd0062250, 0x0000016cd0062e10,
0x0000016cd00658e0, 0x0000016cd00682b0, 0x0000016cd0069130, 0x0000016cd006bb40,
0x0000016cd0281810, 0x0000016cd028e480, 0x0000016cd1a60710, 0x0000016cd1ab1080,
0x0000016cd1b2c010, 0x0000016cc0bd59a0, 0x0000016cd1b52a10, 0x0000016cd1ba0820,
0x0000016cd1bd6e60, 0x0000016cd1bcb340, 0x0000016cd1be4e00, 0x0000016cd1be3ed0,
0x0000016cd1be5820, 0x0000016cd1be6c60, 0x0000016cd1c6b720, 0x0000016cd1c6bc30,
0x0000016cd1c6c650, 0x0000016cd1c6cb60, 0x0000016cd1c69dd0, 0x0000016cd1c656f0,
0x0000016cd1c68ea0, 0x0000016cd1c693b0, 0x0000016cd1c66620, 0x0000016cd1c66b30
}

Java Threads: ( => current thread )
  0x0000016cd003b520 JavaThread "Reference Handler" daemon [_thread_blocked, id=4888, stack(0x0000004e81900000,0x0000004e81a00000)]
  0x0000016cd0021f80 JavaThread "Finalizer" daemon [_thread_blocked, id=13872, stack(0x0000004e81a00000,0x0000004e81b00000)]
  0x0000016cd0062250 JavaThread "Signal Dispatcher" daemon [_thread_blocked, id=2612, stack(0x0000004e81b00000,0x0000004e81c00000)]
  0x0000016cd0062e10 JavaThread "Attach Listener" daemon [_thread_blocked, id=13112, stack(0x0000004e81c00000,0x0000004e81d00000)]
  0x0000016cd00658e0 JavaThread "Service Thread" daemon [_thread_blocked, id=15048, stack(0x0000004e81d00000,0x0000004e81e00000)]
  0x0000016cd00682b0 JavaThread "Monitor Deflation Thread" daemon [_thread_blocked, id=10012, stack(0x0000004e81e00000,0x0000004e81f00000)]
  0x0000016cd0069130 JavaThread "C1 CompilerThread0" daemon [_thread_blocked, id=14116, stack(0x0000004e81f00000,0x0000004e82000000)]
  0x0000016cd006bb40 JavaThread "Sweeper thread" daemon [_thread_blocked, id=3584, stack(0x0000004e82000000,0x0000004e82100000)]
  0x0000016cd0281810 JavaThread "Notification Thread" daemon [_thread_blocked, id=12240, stack(0x0000004e82400000,0x0000004e82500000)]
  0x0000016cd028e480 JavaThread "Common-Cleaner" daemon [_thread_blocked, id=16028, stack(0x0000004e82600000,0x0000004e82700000)]
  0x0000016cd1a60710 JavaThread "boundedElastic-evictor-1" daemon [_thread_blocked, id=1588, stack(0x0000004e82c00000,0x0000004e82d00000)]
  0x0000016cd1ab1080 JavaThread "pool-13-thread-1" [_thread_blocked, id=6160, stack(0x0000004e83300000,0x0000004e83400000)]
  0x0000016cd1b2c010 JavaThread "LanguageServerApp-lifecycle" [_thread_blocked, id=13404, stack(0x0000004e83400000,0x0000004e83500000)]
  0x0000016cc0bd59a0 JavaThread "DestroyJavaVM" [_thread_blocked, id=4052, stack(0x0000004e81200000,0x0000004e81300000)]
  0x0000016cd1b52a10 JavaThread "pool-14-thread-1" [_thread_in_native, id=4420, stack(0x0000004e83500000,0x0000004e83600000)]
  0x0000016cd1ba0820 JavaThread "Simple-Language-Server main thread" daemon [_thread_blocked, id=6340, stack(0x0000004e83600000,0x0000004e83700000)]
  0x0000016cd1bd6e60 JavaThread "pool-8-thread-1" [_thread_blocked, id=11472, stack(0x0000004e83700000,0x0000004e83800000)]
  0x0000016cd1bcb340 JavaThread "parallel-1" daemon [_thread_blocked, id=12820, stack(0x0000004e83800000,0x0000004e83900000)]
  0x0000016cd1be4e00 JavaThread "pool-6-thread-1" [_thread_blocked, id=3900, stack(0x0000004e83900000,0x0000004e83a00000)]
  0x0000016cd1be3ed0 JavaThread "parallel-2" daemon [_thread_blocked, id=17048, stack(0x0000004e83a00000,0x0000004e83b00000)]
  0x0000016cd1be5820 JavaThread "parallel-3" daemon [_thread_blocked, id=16792, stack(0x0000004e83b00000,0x0000004e83c00000)]
  0x0000016cd1be6c60 JavaThread "parallel-4" daemon [_thread_blocked, id=2416, stack(0x0000004e84400000,0x0000004e84500000)]
  0x0000016cd1c6b720 JavaThread "parallel-5" daemon [_thread_blocked, id=4812, stack(0x0000004e84500000,0x0000004e84600000)]
  0x0000016cd1c6bc30 JavaThread "Reconciler-1" daemon [_thread_blocked, id=9724, stack(0x0000004e84700000,0x0000004e84800000)]
  0x0000016cd1c6c650 JavaThread "CompletableFutureDelayScheduler" daemon [_thread_blocked, id=17280, stack(0x0000004e84b00000,0x0000004e84c00000)]
  0x0000016cd1c6cb60 JavaThread "parallel-6" daemon [_thread_blocked, id=16404, stack(0x0000004e82200000,0x0000004e82300000)]
  0x0000016cd1c69dd0 JavaThread "parallel-7" daemon [_thread_blocked, id=16604, stack(0x0000004e82300000,0x0000004e82400000)]
  0x0000016cd1c656f0 JavaThread "parallel-8" daemon [_thread_blocked, id=12828, stack(0x0000004e81100000,0x0000004e81200000)]
  0x0000016cd1c68ea0 JavaThread "parallel-9" daemon [_thread_blocked, id=14860, stack(0x0000004e82100000,0x0000004e82200000)]
  0x0000016cd1c693b0 JavaThread "parallel-10" daemon [_thread_blocked, id=7512, stack(0x0000004e83c00000,0x0000004e83d00000)]
  0x0000016cd1c66620 JavaThread "parallel-11" daemon [_thread_blocked, id=5248, stack(0x0000004e83d00000,0x0000004e83e00000)]
  0x0000016cd1c66b30 JavaThread "parallel-12" daemon [_thread_blocked, id=14292, stack(0x0000004e84000000,0x0000004e84100000)]

Other Threads:
  0x0000016cd001f5d0 VMThread "VM Thread" [stack: 0x0000004e81800000,0x0000004e81900000] [id=12788]
  0x0000016cd0281cf0 WatcherThread [stack: 0x0000004e82500000,0x0000004e82600000] [id=9900]
  0x0000016cc0c15290 GCTaskThread "GC Thread#0" [stack: 0x0000004e81300000,0x0000004e81400000] [id=12028]
  0x0000016cd0f56060 GCTaskThread "GC Thread#1" [stack: 0x0000004e82700000,0x0000004e82800000] [id=15280]
  0x0000016cd0f56320 GCTaskThread "GC Thread#2" [stack: 0x0000004e82800000,0x0000004e82900000] [id=12752]
  0x0000016cd0f565e0 GCTaskThread "GC Thread#3" [stack: 0x0000004e82900000,0x0000004e82a00000] [id=4440]
  0x0000016cd0f795e0 GCTaskThread "GC Thread#4" [stack: 0x0000004e82a00000,0x0000004e82b00000] [id=8912]
  0x0000016cd0f798a0 GCTaskThread "GC Thread#5" [stack: 0x0000004e82b00000,0x0000004e82c00000] [id=14648]
=>0x0000016cd13db710 GCTaskThread "GC Thread#6" [stack: 0x0000004e82d00000,0x0000004e82e00000] [id=13556]
  0x0000016cd14aa4b0 GCTaskThread "GC Thread#7" [stack: 0x0000004e82e00000,0x0000004e82f00000] [id=10804]
  0x0000016cd133e330 GCTaskThread "GC Thread#8" [stack: 0x0000004e82f00000,0x0000004e83000000] [id=14128]
  0x0000016cd1490d80 GCTaskThread "GC Thread#9" [stack: 0x0000004e83000000,0x0000004e83100000] [id=5820]
  0x0000016cc0c1e1e0 ConcurrentGCThread "G1 Main Marker" [stack: 0x0000004e81400000,0x0000004e81500000] [id=13988]
  0x0000016cc0c1ec00 ConcurrentGCThread "G1 Conc#0" [stack: 0x0000004e81500000,0x0000004e81600000] [id=9172]
  0x0000016cd12d9310 ConcurrentGCThread "G1 Conc#1" [stack: 0x0000004e83100000,0x0000004e83200000] [id=3380]
  0x0000016cd12a8c50 ConcurrentGCThread "G1 Conc#2" [stack: 0x0000004e83200000,0x0000004e83300000] [id=15404]
  0x0000016cc0c7ecc0 ConcurrentGCThread "G1 Refine#0" [stack: 0x0000004e81600000,0x0000004e81700000] [id=15084]
  0x0000016ccbcbb0f0 ConcurrentGCThread "G1 Service" [stack: 0x0000004e81700000,0x0000004e81800000] [id=14420]

Threads with active compile tasks:

VM state: at safepoint (normal execution)

VM Mutex/Monitor currently owned by a thread:  ([mutex/lock_event])
[0x0000016cbe80d4a0] Threads_lock - owner thread: 0x0000016cd001f5d0
[0x0000016cc0bd22e0] Heap_lock - owner thread: 0x0000016cd1ab1080

Heap address: 0x00000000c0000000, size: 1024 MB, Compressed Oops mode: 32-bit

CDS archive(s) not mapped
Compressed class space mapped at: 0x0000000100000000-0x0000000140000000, reserved size: 1073741824
Narrow klass base: 0x0000000000000000, Narrow klass shift: 3, Narrow klass range: 0x140000000

GC Precious Log:
 CPUs: 12 total, 12 available
 Memory: 16225M
 Large Page Support: Disabled
 NUMA Support: Disabled
 Compressed Oops: Enabled (32-bit)
 Heap Region Size: 1M
 Heap Min Capacity: 8M
 Heap Initial Capacity: 254M
 Heap Max Capacity: 1G
 Pre-touch: Disabled
 Parallel Workers: 10
 Concurrent Workers: 3
 Concurrent Refinement Workers: 10
 Periodic GC: Disabled

Heap:
 garbage-first heap   total 95232K, used 38884K [0x00000000c0000000, 0x0000000100000000)
  region size 1024K, 1 young (1024K), 0 survivors (0K)
 Metaspace       used 59708K, committed 60160K, reserved 1114112K
  class space    used 7448K, committed 7680K, reserved 1048576K

Heap Regions: E=young(eden), S=young(survivor), O=old, HS=humongous(starts), HC=humongous(continues), CS=collection set, F=free, OA=open archive, CA=closed archive, TAMS=top-at-mark-start (previous, next)
|   0|0x00000000c0000000, 0x00000000c0100000, 0x00000000c0100000|100%|HS|  |TAMS 0x00000000c0100000, 0x00000000c0000000| Untracked 
|   1|0x00000000c0100000, 0x00000000c0200000, 0x00000000c0200000|100%|HC|  |TAMS 0x00000000c0200000, 0x00000000c0100000| Untracked 
|   2|0x00000000c0200000, 0x00000000c0300000, 0x00000000c0300000|100%|HC|  |TAMS 0x00000000c0300000, 0x00000000c0200000| Untracked 
|   3|0x00000000c0300000, 0x00000000c0400000, 0x00000000c0400000|100%|HC|  |TAMS 0x00000000c0400000, 0x00000000c0300000| Untracked 
|   4|0x00000000c0400000, 0x00000000c0500000, 0x00000000c0500000|100%|HS|  |TAMS 0x00000000c0500000, 0x00000000c0400000| Untracked 
|   5|0x00000000c0500000, 0x00000000c0600000, 0x00000000c0600000|100%|HC|  |TAMS 0x00000000c0600000, 0x00000000c0500000| Untracked 
|   6|0x00000000c0600000, 0x00000000c0700000, 0x00000000c0700000|100%| O|  |TAMS 0x00000000c0700000, 0x00000000c0600000| Untracked 
|   7|0x00000000c0700000, 0x00000000c0800000, 0x00000000c0800000|100%| O|  |TAMS 0x00000000c0800000, 0x00000000c0700000| Untracked 
|   8|0x00000000c0800000, 0x00000000c0900000, 0x00000000c0900000|100%| O|  |TAMS 0x00000000c0900000, 0x00000000c0800000| Untracked 
|   9|0x00000000c0900000, 0x00000000c09ffff0, 0x00000000c0a00000| 99%| O|  |TAMS 0x00000000c09ffff0, 0x00000000c0900000| Untracked 
|  10|0x00000000c0a00000, 0x00000000c0afffe0, 0x00000000c0b00000| 99%| O|  |TAMS 0x00000000c0afffe0, 0x00000000c0a00000| Untracked 
|  11|0x00000000c0b00000, 0x00000000c0c00000, 0x00000000c0c00000|100%| O|  |TAMS 0x00000000c0c00000, 0x00000000c0b00000| Untracked 
|  12|0x00000000c0c00000, 0x00000000c0cfffe8, 0x00000000c0d00000| 99%| O|  |TAMS 0x00000000c0cfffe8, 0x00000000c0c00000| Untracked 
|  13|0x00000000c0d00000, 0x00000000c0dfffe0, 0x00000000c0e00000| 99%| O|  |TAMS 0x00000000c0dfffe0, 0x00000000c0d00000| Untracked 
|  14|0x00000000c0e00000, 0x00000000c0f00000, 0x00000000c0f00000|100%| O|  |TAMS 0x00000000c0f00000, 0x00000000c0e00000| Untracked 
|  15|0x00000000c0f00000, 0x00000000c0ffffc8, 0x00000000c1000000| 99%| O|  |TAMS 0x00000000c0ffffc8, 0x00000000c0f00000| Untracked 
|  16|0x00000000c1000000, 0x00000000c10fffe8, 0x00000000c1100000| 99%| O|  |TAMS 0x00000000c10fffe8, 0x00000000c1000000| Untracked 
|  17|0x00000000c1100000, 0x00000000c11fffe0, 0x00000000c1200000| 99%| O|  |TAMS 0x00000000c11fffe0, 0x00000000c1100000| Untracked 
|  18|0x00000000c1200000, 0x00000000c12fffd8, 0x00000000c1300000| 99%| O|  |TAMS 0x00000000c12fffd8, 0x00000000c1200000| Untracked 
|  19|0x00000000c1300000, 0x00000000c1400000, 0x00000000c1400000|100%| O|  |TAMS 0x00000000c1400000, 0x00000000c1300000| Untracked 
|  20|0x00000000c1400000, 0x00000000c14ffad0, 0x00000000c1500000| 99%| O|  |TAMS 0x00000000c14ffad0, 0x00000000c1400000| Untracked 
|  21|0x00000000c1500000, 0x00000000c15ffff0, 0x00000000c1600000| 99%| O|  |TAMS 0x00000000c15ffff0, 0x00000000c1500000| Untracked 
|  22|0x00000000c1600000, 0x00000000c16ffff8, 0x00000000c1700000| 99%| O|  |TAMS 0x00000000c16ffff8, 0x00000000c1600000| Untracked 
|  23|0x00000000c1700000, 0x00000000c17fffe0, 0x00000000c1800000| 99%| O|  |TAMS 0x00000000c17fffe0, 0x00000000c1700000| Untracked 
|  24|0x00000000c1800000, 0x00000000c18fffe0, 0x00000000c1900000| 99%| O|  |TAMS 0x00000000c18fffe0, 0x00000000c1800000| Untracked 
|  25|0x00000000c1900000, 0x00000000c19ffff0, 0x00000000c1a00000| 99%| O|  |TAMS 0x00000000c19ffff0, 0x00000000c1900000| Untracked 
|  26|0x00000000c1a00000, 0x00000000c1afff98, 0x00000000c1b00000| 99%| O|  |TAMS 0x00000000c1afff98, 0x00000000c1a00000| Untracked 
|  27|0x00000000c1b00000, 0x00000000c1bfffe8, 0x00000000c1c00000| 99%| O|  |TAMS 0x00000000c1bfffe8, 0x00000000c1b00000| Untracked 
|  28|0x00000000c1c00000, 0x00000000c1cffff8, 0x00000000c1d00000| 99%| O|  |TAMS 0x00000000c1cffff8, 0x00000000c1c00000| Untracked 
|  29|0x00000000c1d00000, 0x00000000c1dfe368, 0x00000000c1e00000| 99%| O|  |TAMS 0x00000000c1dfe368, 0x00000000c1d00000| Untracked 
|  30|0x00000000c1e00000, 0x00000000c1efc538, 0x00000000c1f00000| 98%| O|  |TAMS 0x00000000c1efc538, 0x00000000c1e00000| Untracked 
|  31|0x00000000c1f00000, 0x00000000c1fffff8, 0x00000000c2000000| 99%| O|  |TAMS 0x00000000c1fffff8, 0x00000000c1f00000| Untracked 
|  32|0x00000000c2000000, 0x00000000c20fffe8, 0x00000000c2100000| 99%| O|  |TAMS 0x00000000c20fffe8, 0x00000000c2000000| Untracked 
|  33|0x00000000c2100000, 0x00000000c21fc940, 0x00000000c2200000| 98%| O|  |TAMS 0x00000000c21fc940, 0x00000000c2100000| Untracked 
|  34|0x00000000c2200000, 0x00000000c22d4a38, 0x00000000c2300000| 83%| O|  |TAMS 0x00000000c2200000, 0x00000000c2200000| Untracked 
|  35|0x00000000c2300000, 0x00000000c23284e8, 0x00000000c2400000| 15%| O|  |TAMS 0x00000000c2300000, 0x00000000c2300000| Untracked 
|  36|0x00000000c2400000, 0x00000000c2500000, 0x00000000c2500000|100%|HS|  |TAMS 0x00000000c2500000, 0x00000000c2400000| Untracked 
|  37|0x00000000c2500000, 0x00000000c2500000, 0x00000000c2600000|  0%| F|  |TAMS 0x00000000c2500000, 0x00000000c2500000| Untracked 
|  38|0x00000000c2600000, 0x00000000c2600000, 0x00000000c2700000|  0%| F|  |TAMS 0x00000000c2600000, 0x00000000c2600000| Untracked 
|  39|0x00000000c2700000, 0x00000000c2700000, 0x00000000c2800000|  0%| F|  |TAMS 0x00000000c2700000, 0x00000000c2700000| Untracked 
|  40|0x00000000c2800000, 0x00000000c2800000, 0x00000000c2900000|  0%| F|  |TAMS 0x00000000c2800000, 0x00000000c2800000| Untracked 
|  41|0x00000000c2900000, 0x00000000c2900000, 0x00000000c2a00000|  0%| F|  |TAMS 0x00000000c2900000, 0x00000000c2900000| Untracked 
|  42|0x00000000c2a00000, 0x00000000c2a00000, 0x00000000c2b00000|  0%| F|  |TAMS 0x00000000c2a00000, 0x00000000c2a00000| Untracked 
|  43|0x00000000c2b00000, 0x00000000c2b00000, 0x00000000c2c00000|  0%| F|  |TAMS 0x00000000c2b00000, 0x00000000c2b00000| Untracked 
|  44|0x00000000c2c00000, 0x00000000c2c00000, 0x00000000c2d00000|  0%| F|  |TAMS 0x00000000c2c00000, 0x00000000c2c00000| Untracked 
|  45|0x00000000c2d00000, 0x00000000c2d00000, 0x00000000c2e00000|  0%| F|  |TAMS 0x00000000c2d00000, 0x00000000c2d00000| Untracked 
|  46|0x00000000c2e00000, 0x00000000c2e00000, 0x00000000c2f00000|  0%| F|  |TAMS 0x00000000c2e00000, 0x00000000c2e00000| Untracked 
|  47|0x00000000c2f00000, 0x00000000c2f00000, 0x00000000c3000000|  0%| F|  |TAMS 0x00000000c2f00000, 0x00000000c2f00000| Untracked 
|  48|0x00000000c3000000, 0x00000000c3000000, 0x00000000c3100000|  0%| F|  |TAMS 0x00000000c3000000, 0x00000000c3000000| Untracked 
|  49|0x00000000c3100000, 0x00000000c3100000, 0x00000000c3200000|  0%| F|  |TAMS 0x00000000c3100000, 0x00000000c3100000| Untracked 
|  50|0x00000000c3200000, 0x00000000c3200000, 0x00000000c3300000|  0%| F|  |TAMS 0x00000000c3200000, 0x00000000c3200000| Untracked 
|  51|0x00000000c3300000, 0x00000000c3300000, 0x00000000c3400000|  0%| F|  |TAMS 0x00000000c3300000, 0x00000000c3300000| Untracked 
|  52|0x00000000c3400000, 0x00000000c3400000, 0x00000000c3500000|  0%| F|  |TAMS 0x00000000c3400000, 0x00000000c3400000| Untracked 
|  53|0x00000000c3500000, 0x00000000c3500000, 0x00000000c3600000|  0%| F|  |TAMS 0x00000000c3500000, 0x00000000c3500000| Untracked 
|  54|0x00000000c3600000, 0x00000000c3600000, 0x00000000c3700000|  0%| F|  |TAMS 0x00000000c3600000, 0x00000000c3600000| Untracked 
|  55|0x00000000c3700000, 0x00000000c3700000, 0x00000000c3800000|  0%| F|  |TAMS 0x00000000c3700000, 0x00000000c3700000| Untracked 
|  56|0x00000000c3800000, 0x00000000c3800000, 0x00000000c3900000|  0%| F|  |TAMS 0x00000000c3800000, 0x00000000c3800000| Untracked 
|  57|0x00000000c3900000, 0x00000000c3900000, 0x00000000c3a00000|  0%| F|  |TAMS 0x00000000c3900000, 0x00000000c3900000| Untracked 
|  58|0x00000000c3a00000, 0x00000000c3a00000, 0x00000000c3b00000|  0%| F|  |TAMS 0x00000000c3a00000, 0x00000000c3a00000| Untracked 
|  59|0x00000000c3b00000, 0x00000000c3b00000, 0x00000000c3c00000|  0%| F|  |TAMS 0x00000000c3b00000, 0x00000000c3b00000| Untracked 
|  60|0x00000000c3c00000, 0x00000000c3c00000, 0x00000000c3d00000|  0%| F|  |TAMS 0x00000000c3c00000, 0x00000000c3c00000| Untracked 
|  61|0x00000000c3d00000, 0x00000000c3d00000, 0x00000000c3e00000|  0%| F|  |TAMS 0x00000000c3d00000, 0x00000000c3d00000| Untracked 
|  62|0x00000000c3e00000, 0x00000000c3e00000, 0x00000000c3f00000|  0%| F|  |TAMS 0x00000000c3e00000, 0x00000000c3e00000| Untracked 
|  63|0x00000000c3f00000, 0x00000000c3f00000, 0x00000000c4000000|  0%| F|  |TAMS 0x00000000c3f00000, 0x00000000c3f00000| Untracked 
|  64|0x00000000c4000000, 0x00000000c4000000, 0x00000000c4100000|  0%| F|  |TAMS 0x00000000c4000000, 0x00000000c4000000| Untracked 
|  65|0x00000000c4100000, 0x00000000c4100000, 0x00000000c4200000|  0%| F|  |TAMS 0x00000000c4100000, 0x00000000c4100000| Untracked 
|  66|0x00000000c4200000, 0x00000000c4200000, 0x00000000c4300000|  0%| F|  |TAMS 0x00000000c4200000, 0x00000000c4200000| Untracked 
|  67|0x00000000c4300000, 0x00000000c4300000, 0x00000000c4400000|  0%| F|  |TAMS 0x00000000c4300000, 0x00000000c4300000| Untracked 
|  68|0x00000000c4400000, 0x00000000c4400000, 0x00000000c4500000|  0%| F|  |TAMS 0x00000000c4400000, 0x00000000c4400000| Untracked 
|  69|0x00000000c4500000, 0x00000000c4500000, 0x00000000c4600000|  0%| F|  |TAMS 0x00000000c4500000, 0x00000000c4500000| Untracked 
|  70|0x00000000c4600000, 0x00000000c4600000, 0x00000000c4700000|  0%| F|  |TAMS 0x00000000c4600000, 0x00000000c4600000| Untracked 
|  71|0x00000000c4700000, 0x00000000c4700000, 0x00000000c4800000|  0%| F|  |TAMS 0x00000000c4700000, 0x00000000c4700000| Untracked 
|  72|0x00000000c4800000, 0x00000000c4800000, 0x00000000c4900000|  0%| F|  |TAMS 0x00000000c4800000, 0x00000000c4800000| Untracked 
|  73|0x00000000c4900000, 0x00000000c4900000, 0x00000000c4a00000|  0%| F|  |TAMS 0x00000000c4900000, 0x00000000c4900000| Untracked 
|  74|0x00000000c4a00000, 0x00000000c4a00000, 0x00000000c4b00000|  0%| F|  |TAMS 0x00000000c4a00000, 0x00000000c4a00000| Untracked 
|  75|0x00000000c4b00000, 0x00000000c4b00000, 0x00000000c4c00000|  0%| F|  |TAMS 0x00000000c4b00000, 0x00000000c4b00000| Untracked 
|  76|0x00000000c4c00000, 0x00000000c4c00000, 0x00000000c4d00000|  0%| F|  |TAMS 0x00000000c4c00000, 0x00000000c4c00000| Untracked 
|  77|0x00000000c4d00000, 0x00000000c4d00000, 0x00000000c4e00000|  0%| F|  |TAMS 0x00000000c4d00000, 0x00000000c4d00000| Untracked 
|  78|0x00000000c4e00000, 0x00000000c4e00000, 0x00000000c4f00000|  0%| F|  |TAMS 0x00000000c4e00000, 0x00000000c4e00000| Untracked 
|  79|0x00000000c4f00000, 0x00000000c4f00000, 0x00000000c5000000|  0%| F|  |TAMS 0x00000000c4f00000, 0x00000000c4f00000| Untracked 
|  80|0x00000000c5000000, 0x00000000c5000000, 0x00000000c5100000|  0%| F|  |TAMS 0x00000000c5000000, 0x00000000c5000000| Untracked 
|  81|0x00000000c5100000, 0x00000000c5100000, 0x00000000c5200000|  0%| F|  |TAMS 0x00000000c5100000, 0x00000000c5100000| Untracked 
|  82|0x00000000c5200000, 0x00000000c5200000, 0x00000000c5300000|  0%| F|  |TAMS 0x00000000c5200000, 0x00000000c5200000| Untracked 
|  83|0x00000000c5300000, 0x00000000c5300000, 0x00000000c5400000|  0%| F|  |TAMS 0x00000000c5300000, 0x00000000c5300000| Untracked 
|  84|0x00000000c5400000, 0x00000000c5400000, 0x00000000c5500000|  0%| F|  |TAMS 0x00000000c5400000, 0x00000000c5400000| Untracked 
|  85|0x00000000c5500000, 0x00000000c5500000, 0x00000000c5600000|  0%| F|  |TAMS 0x00000000c5500000, 0x00000000c5500000| Untracked 
| 214|0x00000000cd600000, 0x00000000cd600000, 0x00000000cd700000|  0%| F|  |TAMS 0x00000000cd600000, 0x00000000cd600000| Untracked 
| 215|0x00000000cd700000, 0x00000000cd700000, 0x00000000cd800000|  0%| F|  |TAMS 0x00000000cd700000, 0x00000000cd700000| Untracked 
| 216|0x00000000cd800000, 0x00000000cd900000, 0x00000000cd900000|100%| O|  |TAMS 0x00000000cd900000, 0x00000000cd800000| Untracked 
| 217|0x00000000cd900000, 0x00000000cd900000, 0x00000000cda00000|  0%| F|  |TAMS 0x00000000cd900000, 0x00000000cd900000| Untracked 
| 218|0x00000000cda00000, 0x00000000cda00000, 0x00000000cdb00000|  0%| F|  |TAMS 0x00000000cda00000, 0x00000000cda00000| Untracked 
| 252|0x00000000cfc00000, 0x00000000cfd00000, 0x00000000cfd00000|100%| O|  |TAMS 0x00000000cfd00000, 0x00000000cfc00000| Untracked 
| 253|0x00000000cfd00000, 0x00000000cfd058a8, 0x00000000cfe00000|  2%| E|  |TAMS 0x00000000cfd00000, 0x00000000cfd00000| Complete 

Card table byte_map: [0x0000016cc6d90000,0x0000016cc6f90000] _byte_map_base: 0x0000016cc6790000

Marking Bits (Prev, Next): (CMBitMap*) 0x0000016cc0c158f0, (CMBitMap*) 0x0000016cc0c158b0
 Prev Bits: [0x0000016cc8190000, 0x0000016cc9190000)
 Next Bits: [0x0000016cc7190000, 0x0000016cc8190000)

Polling page: 0x0000016cbeaf0000

Metaspace:

Usage:
  Non-class:     51.03 MB used.
      Class:      7.27 MB used.
       Both:     58.31 MB used.

Virtual space:
  Non-class space:       64.00 MB reserved,      51.25 MB ( 80%) committed,  1 nodes.
      Class space:        1.00 GB reserved,       7.50 MB ( <1%) committed,  1 nodes.
             Both:        1.06 GB reserved,      58.75 MB (  5%) committed. 

Chunk freelists:
   Non-Class:  12.20 MB
       Class:  8.35 MB
        Both:  20.54 MB

MaxMetaspaceSize: unlimited
CompressedClassSpaceSize: 1.00 GB
Initial GC threshold: 21.00 MB
Current GC threshold: 97.81 MB
CDS: off
MetaspaceReclaimPolicy: balanced
 - commit_granule_bytes: 65536.
 - commit_granule_words: 8192.
 - virtual_space_node_default_size: 8388608.
 - enlarge_chunks_in_place: 1.
 - new_chunks_are_fully_committed: 0.
 - uncommit_free_chunks: 1.
 - use_allocation_guard: 0.
 - handle_deallocations: 1.


Internal statistics:

num_allocs_failed_limit: 6.
num_arena_births: 866.
num_arena_deaths: 342.
num_vsnodes_births: 2.
num_vsnodes_deaths: 0.
num_space_committed: 942.
num_space_uncommitted: 2.
num_chunks_returned_to_freelist: 431.
num_chunks_taken_from_freelist: 2923.
num_chunk_merges: 131.
num_chunk_splits: 1870.
num_chunks_enlarged: 1369.
num_inconsistent_stats: 0.

CodeCache: size=49152Kb used=20613Kb max_used=22259Kb free=28538Kb
 bounds [0x0000016cc3860000, 0x0000016cc4e70000, 0x0000016cc6860000]
 total_blobs=11166 nmethods=10490 adapters=601
 compilation: enabled
              stopped_count=0, restarted_count=0
 full_count=0

Compilation events (20 events):
Event: 10299.353 Thread 0x0000016cd0069130 10480       1       jdk.internal.reflect.ClassFileAssembler::opc_sipush (16 bytes)
Event: 10299.353 Thread 0x0000016cd0069130 nmethod 10480 0x0000016cc4d0b410 code [0x0000016cc4d0b5e0, 0x0000016cc4d0b808]
Event: 10299.395 Thread 0x0000016cd0069130 10481       1       org.eclipse.jdt.internal.compiler.parser.Parser::createFieldDeclaration (11 bytes)
Event: 10299.395 Thread 0x0000016cd0069130 nmethod 10481 0x0000016cc4d0b010 code [0x0000016cc4d0b1a0, 0x0000016cc4d0b338]
Event: 10299.395 Thread 0x0000016cd0069130 10482       1       org.eclipse.jdt.internal.compiler.ast.FieldDeclaration::<init> (20 bytes)
Event: 10299.395 Thread 0x0000016cd0069130 nmethod 10482 0x0000016cc4d0ad10 code [0x0000016cc4d0aea0, 0x0000016cc4d0afb8]
Event: 10429.605 Thread 0x0000016cd0069130 10483       1       java.lang.ThreadGroup::checkAccess (14 bytes)
Event: 10429.605 Thread 0x0000016cd0069130 nmethod 10483 0x0000016cc4d0a990 code [0x0000016cc4d0ab20, 0x0000016cc4d0ac48]
Event: 10489.612 Thread 0x0000016cd0069130 10484       1       jdk.internal.misc.Unsafe::freeMemory (18 bytes)
Event: 10489.612 Thread 0x0000016cd0069130 nmethod 10484 0x0000016cc4d0a190 code [0x0000016cc4d0a340, 0x0000016cc4d0a4b8]
Event: 10794.799 Thread 0x0000016cd0069130 10487   !   1       sun.nio.cs.StreamEncoder::close (48 bytes)
Event: 10794.799 Thread 0x0000016cd0069130 nmethod 10487 0x0000016cc4d09810 code [0x0000016cc4d099c0, 0x0000016cc4d09c48]
Event: 10794.799 Thread 0x0000016cd0069130 10488   !   1       sun.nio.cs.StreamEncoder::implClose (148 bytes)
Event: 10794.800 Thread 0x0000016cd0069130 nmethod 10488 0x0000016cc4d08f10 code [0x0000016cc4d09120, 0x0000016cc4d09468]
Event: 10794.800 Thread 0x0000016cd0069130 10489       1       sun.nio.cs.StreamEncoder::flushLeftoverChar (243 bytes)
Event: 10794.800 Thread 0x0000016cd0069130 nmethod 10489 0x0000016cc4d08190 code [0x0000016cc4d083e0, 0x0000016cc4d08b68]
Event: 10794.800 Thread 0x0000016cd0069130 10490       1       java.nio.charset.CharsetEncoder::flush (49 bytes)
Event: 10794.800 Thread 0x0000016cd0069130 nmethod 10490 0x0000016cc4d07d90 code [0x0000016cc4d07f40, 0x0000016cc4d080c8]
Event: 10794.800 Thread 0x0000016cd0069130 10491       1       java.nio.charset.CharsetEncoder::implFlush (4 bytes)
Event: 10794.800 Thread 0x0000016cd0069130 nmethod 10491 0x0000016cc4d07a90 code [0x0000016cc4d07c20, 0x0000016cc4d07cf8]

GC Heap History (20 events):
Event: 11332.972 GC heap after
{Heap after GC invocations=850 (full 710):
 garbage-first heap   total 95232K, used 38862K [0x00000000c0000000, 0x0000000100000000)
  region size 1024K, 0 young (0K), 0 survivors (0K)
 Metaspace       used 59708K, committed 60160K, reserved 1114112K
  class space    used 7448K, committed 7680K, reserved 1048576K
}
Event: 11373.048 GC heap before
{Heap before GC invocations=850 (full 710):
 garbage-first heap   total 95232K, used 75726K [0x00000000c0000000, 0x0000000100000000)
  region size 1024K, 37 young (37888K), 0 survivors (0K)
 Metaspace       used 59708K, committed 60160K, reserved 1114112K
  class space    used 7448K, committed 7680K, reserved 1048576K
}
Event: 11373.070 GC heap after
{Heap after GC invocations=851 (full 711):
 garbage-first heap   total 95232K, used 38885K [0x00000000c0000000, 0x0000000100000000)
  region size 1024K, 0 young (0K), 0 survivors (0K)
 Metaspace       used 59708K, committed 60160K, reserved 1114112K
  class space    used 7448K, committed 7680K, reserved 1048576K
}
Event: 11383.135 GC heap before
{Heap before GC invocations=851 (full 711):
 garbage-first heap   total 95232K, used 38885K [0x00000000c0000000, 0x0000000100000000)
  region size 1024K, 1 young (1024K), 0 survivors (0K)
 Metaspace       used 59708K, committed 60160K, reserved 1114112K
  class space    used 7448K, committed 7680K, reserved 1048576K
}
Event: 11383.157 GC heap after
{Heap after GC invocations=852 (full 712):
 garbage-first heap   total 95232K, used 38885K [0x00000000c0000000, 0x0000000100000000)
  region size 1024K, 0 young (0K), 0 survivors (0K)
 Metaspace       used 59708K, committed 60160K, reserved 1114112K
  class space    used 7448K, committed 7680K, reserved 1048576K
}
Event: 11393.215 GC heap before
{Heap before GC invocations=852 (full 712):
 garbage-first heap   total 95232K, used 38885K [0x00000000c0000000, 0x0000000100000000)
  region size 1024K, 1 young (1024K), 0 survivors (0K)
 Metaspace       used 59708K, committed 60160K, reserved 1114112K
  class space    used 7448K, committed 7680K, reserved 1048576K
}
Event: 11393.237 GC heap after
{Heap after GC invocations=853 (full 713):
 garbage-first heap   total 95232K, used 38885K [0x00000000c0000000, 0x0000000100000000)
  region size 1024K, 0 young (0K), 0 survivors (0K)
 Metaspace       used 59708K, committed 60160K, reserved 1114112K
  class space    used 7448K, committed 7680K, reserved 1048576K
}
Event: 11403.293 GC heap before
{Heap before GC invocations=853 (full 713):
 garbage-first heap   total 95232K, used 38885K [0x00000000c0000000, 0x0000000100000000)
  region size 1024K, 1 young (1024K), 0 survivors (0K)
 Metaspace       used 59708K, committed 60160K, reserved 1114112K
  class space    used 7448K, committed 7680K, reserved 1048576K
}
Event: 11403.315 GC heap after
{Heap after GC invocations=854 (full 714):
 garbage-first heap   total 95232K, used 38862K [0x00000000c0000000, 0x0000000100000000)
  region size 1024K, 0 young (0K), 0 survivors (0K)
 Metaspace       used 59708K, committed 60160K, reserved 1114112K
  class space    used 7448K, committed 7680K, reserved 1048576K
}
Event: 11413.374 GC heap before
{Heap before GC invocations=854 (full 714):
 garbage-first heap   total 95232K, used 38862K [0x00000000c0000000, 0x0000000100000000)
  region size 1024K, 1 young (1024K), 0 survivors (0K)
 Metaspace       used 59708K, committed 60160K, reserved 1114112K
  class space    used 7448K, committed 7680K, reserved 1048576K
}
Event: 11413.395 GC heap after
{Heap after GC invocations=855 (full 715):
 garbage-first heap   total 95232K, used 38862K [0x00000000c0000000, 0x0000000100000000)
  region size 1024K, 0 young (0K), 0 survivors (0K)
 Metaspace       used 59708K, committed 60160K, reserved 1114112K
  class space    used 7448K, committed 7680K, reserved 1048576K
}
Event: 11423.457 GC heap before
{Heap before GC invocations=855 (full 715):
 garbage-first heap   total 95232K, used 38862K [0x00000000c0000000, 0x0000000100000000)
  region size 1024K, 1 young (1024K), 0 survivors (0K)
 Metaspace       used 59708K, committed 60160K, reserved 1114112K
  class space    used 7448K, committed 7680K, reserved 1048576K
}
Event: 11423.480 GC heap after
{Heap after GC invocations=856 (full 716):
 garbage-first heap   total 95232K, used 38862K [0x00000000c0000000, 0x0000000100000000)
  region size 1024K, 0 young (0K), 0 survivors (0K)
 Metaspace       used 59708K, committed 60160K, reserved 1114112K
  class space    used 7448K, committed 7680K, reserved 1048576K
}
Event: 11433.540 GC heap before
{Heap before GC invocations=856 (full 716):
 garbage-first heap   total 95232K, used 38862K [0x00000000c0000000, 0x0000000100000000)
  region size 1024K, 1 young (1024K), 0 survivors (0K)
 Metaspace       used 59708K, committed 60160K, reserved 1114112K
  class space    used 7448K, committed 7680K, reserved 1048576K
}
Event: 11433.561 GC heap after
{Heap after GC invocations=857 (full 717):
 garbage-first heap   total 95232K, used 38862K [0x00000000c0000000, 0x0000000100000000)
  region size 1024K, 0 young (0K), 0 survivors (0K)
 Metaspace       used 59708K, committed 60160K, reserved 1114112K
  class space    used 7448K, committed 7680K, reserved 1048576K
}
Event: 11443.620 GC heap before
{Heap before GC invocations=857 (full 717):
 garbage-first heap   total 95232K, used 38862K [0x00000000c0000000, 0x0000000100000000)
  region size 1024K, 1 young (1024K), 0 survivors (0K)
 Metaspace       used 59708K, committed 60160K, reserved 1114112K
  class space    used 7448K, committed 7680K, reserved 1048576K
}
Event: 11443.642 GC heap after
{Heap after GC invocations=858 (full 718):
 garbage-first heap   total 95232K, used 38862K [0x00000000c0000000, 0x0000000100000000)
  region size 1024K, 0 young (0K), 0 survivors (0K)
 Metaspace       used 59708K, committed 60160K, reserved 1114112K
  class space    used 7448K, committed 7680K, reserved 1048576K
}
Event: 11453.701 GC heap before
{Heap before GC invocations=858 (full 718):
 garbage-first heap   total 95232K, used 38862K [0x00000000c0000000, 0x0000000100000000)
  region size 1024K, 1 young (1024K), 0 survivors (0K)
 Metaspace       used 59708K, committed 60160K, reserved 1114112K
  class space    used 7448K, committed 7680K, reserved 1048576K
}
Event: 11453.724 GC heap after
{Heap after GC invocations=859 (full 719):
 garbage-first heap   total 95232K, used 38862K [0x00000000c0000000, 0x0000000100000000)
  region size 1024K, 0 young (0K), 0 survivors (0K)
 Metaspace       used 59708K, committed 60160K, reserved 1114112K
  class space    used 7448K, committed 7680K, reserved 1048576K
}
Event: 11463.779 GC heap before
{Heap before GC invocations=859 (full 719):
 garbage-first heap   total 95232K, used 38862K [0x00000000c0000000, 0x0000000100000000)
  region size 1024K, 1 young (1024K), 0 survivors (0K)
 Metaspace       used 59708K, committed 60160K, reserved 1114112K
  class space    used 7448K, committed 7680K, reserved 1048576K
}

Dll operation events (10 events):
Event: 0.005 Loaded shared library c:\Users\casa\.vscode\extensions\redhat.java-1.30.0-win32-x64\jre\17.0.10-win32-x86_64\bin\java.dll
Event: 0.098 Loaded shared library C:\Users\casa\.vscode\extensions\redhat.java-1.30.0-win32-x64\jre\17.0.10-win32-x86_64\bin\net.dll
Event: 0.099 Loaded shared library C:\Users\casa\.vscode\extensions\redhat.java-1.30.0-win32-x64\jre\17.0.10-win32-x86_64\bin\nio.dll
Event: 0.104 Loaded shared library C:\Users\casa\.vscode\extensions\redhat.java-1.30.0-win32-x64\jre\17.0.10-win32-x86_64\bin\zip.dll
Event: 0.200 Loaded shared library C:\Users\casa\.vscode\extensions\redhat.java-1.30.0-win32-x64\jre\17.0.10-win32-x86_64\bin\jimage.dll
Event: 0.763 Loaded shared library c:\Users\casa\.vscode\extensions\redhat.java-1.30.0-win32-x64\jre\17.0.10-win32-x86_64\bin\verify.dll
Event: 1.535 Loaded shared library C:\Users\casa\.vscode\extensions\redhat.java-1.30.0-win32-x64\jre\17.0.10-win32-x86_64\bin\management.dll
Event: 1.536 Loaded shared library C:\Users\casa\.vscode\extensions\redhat.java-1.30.0-win32-x64\jre\17.0.10-win32-x86_64\bin\management_ext.dll
Event: 5.373 Loaded shared library C:\Users\casa\.vscode\extensions\redhat.java-1.30.0-win32-x64\jre\17.0.10-win32-x86_64\bin\sunmscapi.dll
Event: 5.561 Loaded shared library C:\Users\casa\.vscode\extensions\redhat.java-1.30.0-win32-x64\jre\17.0.10-win32-x86_64\bin\extnet.dll

Deoptimization events (20 events):
Event: 5.286 Thread 0x0000016cd1c6a7f0 DEOPT PACKING pc=0x0000016cc3fc8024 sp=0x0000004e846feff0
Event: 5.286 Thread 0x0000016cd1c6a7f0 DEOPT UNPACKING pc=0x0000016cc38b7143 sp=0x0000004e846fe4d8 mode 0
Event: 5.406 Thread 0x0000016cd1c6ad00 DEOPT PACKING pc=0x0000016cc3b6680c sp=0x0000004e848fac00
Event: 5.406 Thread 0x0000016cd1c6ad00 DEOPT UNPACKING pc=0x0000016cc38b7143 sp=0x0000004e848fa0c8 mode 0
Event: 6.593 Thread 0x0000016cd1be4e00 DEOPT PACKING pc=0x0000016cc413568c sp=0x0000004e839fe230
Event: 6.593 Thread 0x0000016cd1be4e00 DEOPT UNPACKING pc=0x0000016cc38b7143 sp=0x0000004e839fd798 mode 0
Event: 6.593 Thread 0x0000016cd1be4e00 DEOPT PACKING pc=0x0000016cc4140f4c sp=0x0000004e839fe360
Event: 6.593 Thread 0x0000016cd1be4e00 DEOPT UNPACKING pc=0x0000016cc38b7143 sp=0x0000004e839fd840 mode 0
Event: 6.593 Thread 0x0000016cd1be4e00 DEOPT PACKING pc=0x0000016cc413568c sp=0x0000004e839fe490
Event: 6.593 Thread 0x0000016cd1be4e00 DEOPT UNPACKING pc=0x0000016cc38b7143 sp=0x0000004e839fd9f8 mode 0
Event: 6.593 Thread 0x0000016cd1be4e00 DEOPT PACKING pc=0x0000016cc4140f4c sp=0x0000004e839fe5c0
Event: 6.593 Thread 0x0000016cd1be4e00 DEOPT UNPACKING pc=0x0000016cc38b7143 sp=0x0000004e839fdab8 mode 0
Event: 6.611 Thread 0x0000016cd1be4e00 DEOPT PACKING pc=0x0000016cc413568c sp=0x0000004e839fe930
Event: 6.611 Thread 0x0000016cd1be4e00 DEOPT UNPACKING pc=0x0000016cc38b7143 sp=0x0000004e839fde98 mode 0
Event: 6.611 Thread 0x0000016cd1be4e00 DEOPT PACKING pc=0x0000016cc4140f4c sp=0x0000004e839fea60
Event: 6.611 Thread 0x0000016cd1be4e00 DEOPT UNPACKING pc=0x0000016cc38b7143 sp=0x0000004e839fdf58 mode 0
Event: 65.463 Thread 0x0000016cd1b52a10 DEOPT PACKING pc=0x0000016cc3ef66d4 sp=0x0000004e835fec80
Event: 65.463 Thread 0x0000016cd1b52a10 DEOPT UNPACKING pc=0x0000016cc38b7143 sp=0x0000004e835fe128 mode 0
Event: 509.924 Thread 0x0000016cd1c65c00 DEOPT PACKING pc=0x0000016cc4631cb4 sp=0x0000004e810fe260
Event: 509.924 Thread 0x0000016cd1c65c00 DEOPT UNPACKING pc=0x0000016cc38b7143 sp=0x0000004e810fd7b0 mode 0

Classes unloaded (20 events):
Event: 4884.871 Thread 0x0000016cd001f5d0 Unloading class 0x00000001007a5400 'jdk/internal/reflect/GeneratedConstructorAccessor57'
Event: 4884.871 Thread 0x0000016cd001f5d0 Unloading class 0x00000001007a5000 'jdk/internal/reflect/GeneratedMethodAccessor28'
Event: 4884.871 Thread 0x0000016cd001f5d0 Unloading class 0x00000001007a4c00 'jdk/internal/reflect/GeneratedConstructorAccessor56'
Event: 4884.871 Thread 0x0000016cd001f5d0 Unloading class 0x00000001007a4800 'jdk/internal/reflect/GeneratedMethodAccessor27'
Event: 4884.871 Thread 0x0000016cd001f5d0 Unloading class 0x00000001007a4400 'jdk/internal/reflect/GeneratedMethodAccessor26'
Event: 4884.871 Thread 0x0000016cd001f5d0 Unloading class 0x00000001007a4000 'jdk/internal/reflect/GeneratedMethodAccessor25'
Event: 8155.998 Thread 0x0000016cd001f5d0 Unloading class 0x00000001007a8400 'jdk/internal/reflect/GeneratedMethodAccessor38'
Event: 8155.998 Thread 0x0000016cd001f5d0 Unloading class 0x00000001007a8000 'jdk/internal/reflect/GeneratedConstructorAccessor66'
Event: 8155.998 Thread 0x0000016cd001f5d0 Unloading class 0x00000001007a7c00 'jdk/internal/reflect/GeneratedMethodAccessor37'
Event: 8155.998 Thread 0x0000016cd001f5d0 Unloading class 0x00000001007a4c00 'jdk/internal/reflect/GeneratedConstructorAccessor65'
Event: 8155.998 Thread 0x0000016cd001f5d0 Unloading class 0x00000001007a4800 'jdk/internal/reflect/GeneratedMethodAccessor36'
Event: 8155.998 Thread 0x0000016cd001f5d0 Unloading class 0x00000001007a4400 'jdk/internal/reflect/GeneratedMethodAccessor35'
Event: 8155.998 Thread 0x0000016cd001f5d0 Unloading class 0x00000001007a4000 'jdk/internal/reflect/GeneratedMethodAccessor34'
Event: 9289.816 Thread 0x0000016cd001f5d0 Unloading class 0x00000001007a8400 'jdk/internal/reflect/GeneratedMethodAccessor43'
Event: 9289.816 Thread 0x0000016cd001f5d0 Unloading class 0x00000001007a8000 'jdk/internal/reflect/GeneratedConstructorAccessor68'
Event: 9289.816 Thread 0x0000016cd001f5d0 Unloading class 0x00000001007a4c00 'jdk/internal/reflect/GeneratedMethodAccessor42'
Event: 9289.816 Thread 0x0000016cd001f5d0 Unloading class 0x00000001007a4800 'jdk/internal/reflect/GeneratedConstructorAccessor67'
Event: 9289.816 Thread 0x0000016cd001f5d0 Unloading class 0x00000001007a4400 'jdk/internal/reflect/GeneratedMethodAccessor41'
Event: 9289.816 Thread 0x0000016cd001f5d0 Unloading class 0x00000001007a4000 'jdk/internal/reflect/GeneratedMethodAccessor40'
Event: 9289.816 Thread 0x0000016cd001f5d0 Unloading class 0x00000001007a7c00 'jdk/internal/reflect/GeneratedMethodAccessor39'

Classes redefined (0 events):
No events

Internal exceptions (20 events):
Event: 11159.082 Thread 0x0000016cd1be4e00 Exception <a 'sun/nio/fs/WindowsException'{0x00000000c480b618}> (0x00000000c480b618) 
thrown [s\src\hotspot\share\prims\jni.cpp, line 516]
Event: 11159.082 Thread 0x0000016cd1be4e00 Exception <a 'sun/nio/fs/WindowsException'{0x00000000c480c0a0}> (0x00000000c480c0a0) 
thrown [s\src\hotspot\share\prims\jni.cpp, line 516]
Event: 11159.879 Thread 0x0000016cd1be4e00 Exception <a 'sun/nio/fs/WindowsException'{0x00000000c37dbc40}> (0x00000000c37dbc40) 
thrown [s\src\hotspot\share\prims\jni.cpp, line 516]
Event: 11159.879 Thread 0x0000016cd1be4e00 Exception <a 'sun/nio/fs/WindowsException'{0x00000000c37dc560}> (0x00000000c37dc560) 
thrown [s\src\hotspot\share\prims\jni.cpp, line 516]
Event: 11159.879 Thread 0x0000016cd1be4e00 Exception <a 'sun/nio/fs/WindowsException'{0x00000000c37dce68}> (0x00000000c37dce68) 
thrown [s\src\hotspot\share\prims\jni.cpp, line 516]
Event: 11159.879 Thread 0x0000016cd1be4e00 Exception <a 'sun/nio/fs/WindowsException'{0x00000000c37dd788}> (0x00000000c37dd788) 
thrown [s\src\hotspot\share\prims\jni.cpp, line 516]
Event: 11159.879 Thread 0x0000016cd1be4e00 Exception <a 'sun/nio/fs/WindowsException'{0x00000000c37de188}> (0x00000000c37de188) 
thrown [s\src\hotspot\share\prims\jni.cpp, line 516]
Event: 11159.879 Thread 0x0000016cd1be4e00 Exception <a 'sun/nio/fs/WindowsException'{0x00000000c37dec10}> (0x00000000c37dec10) 
thrown [s\src\hotspot\share\prims\jni.cpp, line 516]
Event: 11341.000 Thread 0x0000016cd1be4e00 Exception <a 'sun/nio/fs/WindowsException'{0x00000000c49f9228}> (0x00000000c49f9228) 
thrown [s\src\hotspot\share\prims\jni.cpp, line 516]
Event: 11341.000 Thread 0x0000016cd1be4e00 Exception <a 'sun/nio/fs/WindowsException'{0x00000000c49f9b48}> (0x00000000c49f9b48) 
thrown [s\src\hotspot\share\prims\jni.cpp, line 516]
Event: 11341.000 Thread 0x0000016cd1be4e00 Exception <a 'sun/nio/fs/WindowsException'{0x00000000c49fa450}> (0x00000000c49fa450) 
thrown [s\src\hotspot\share\prims\jni.cpp, line 516]
Event: 11341.000 Thread 0x0000016cd1be4e00 Exception <a 'sun/nio/fs/WindowsException'{0x00000000c49fad70}> (0x00000000c49fad70) 
thrown [s\src\hotspot\share\prims\jni.cpp, line 516]
Event: 11341.000 Thread 0x0000016cd1be4e00 Exception <a 'sun/nio/fs/WindowsException'{0x00000000c49fb770}> (0x00000000c49fb770) 
thrown [s\src\hotspot\share\prims\jni.cpp, line 516]
Event: 11341.000 Thread 0x0000016cd1be4e00 Exception <a 'sun/nio/fs/WindowsException'{0x00000000c49fc1f8}> (0x00000000c49fc1f8) 
thrown [s\src\hotspot\share\prims\jni.cpp, line 516]
Event: 11341.884 Thread 0x0000016cd1be4e00 Exception <a 'sun/nio/fs/WindowsException'{0x00000000c37cc860}> (0x00000000c37cc860) 
thrown [s\src\hotspot\share\prims\jni.cpp, line 516]
Event: 11341.884 Thread 0x0000016cd1be4e00 Exception <a 'sun/nio/fs/WindowsException'{0x00000000c37cd180}> (0x00000000c37cd180) 
thrown [s\src\hotspot\share\prims\jni.cpp, line 516]
Event: 11341.884 Thread 0x0000016cd1be4e00 Exception <a 'sun/nio/fs/WindowsException'{0x00000000c37cda88}> (0x00000000c37cda88) 
thrown [s\src\hotspot\share\prims\jni.cpp, line 516]
Event: 11341.884 Thread 0x0000016cd1be4e00 Exception <a 'sun/nio/fs/WindowsException'{0x00000000c37ce3a8}> (0x00000000c37ce3a8) 
thrown [s\src\hotspot\share\prims\jni.cpp, line 516]
Event: 11341.884 Thread 0x0000016cd1be4e00 Exception <a 'sun/nio/fs/WindowsException'{0x00000000c37ceda8}> (0x00000000c37ceda8) 
thrown [s\src\hotspot\share\prims\jni.cpp, line 516]
Event: 11341.884 Thread 0x0000016cd1be4e00 Exception <a 'sun/nio/fs/WindowsException'{0x00000000c37cf830}> (0x00000000c37cf830) 
thrown [s\src\hotspot\share\prims\jni.cpp, line 516]

VM Operations (20 events):
Event: 11332.972 Executing VM operation: G1CollectFull done
Event: 11373.048 Executing VM operation: G1CollectFull
Event: 11373.070 Executing VM operation: G1CollectFull done
Event: 11383.135 Executing VM operation: G1CollectFull
Event: 11383.157 Executing VM operation: G1CollectFull done
Event: 11393.215 Executing VM operation: G1CollectFull
Event: 11393.237 Executing VM operation: G1CollectFull done
Event: 11403.293 Executing VM operation: G1CollectFull
Event: 11403.315 Executing VM operation: G1CollectFull done
Event: 11413.374 Executing VM operation: G1CollectFull
Event: 11413.396 Executing VM operation: G1CollectFull done
Event: 11423.457 Executing VM operation: G1CollectFull
Event: 11423.480 Executing VM operation: G1CollectFull done
Event: 11433.540 Executing VM operation: G1CollectFull
Event: 11433.561 Executing VM operation: G1CollectFull done
Event: 11443.620 Executing VM operation: G1CollectFull
Event: 11443.642 Executing VM operation: G1CollectFull done
Event: 11453.701 Executing VM operation: G1CollectFull
Event: 11453.724 Executing VM operation: G1CollectFull done
Event: 11463.779 Executing VM operation: G1CollectFull

Events (20 events):
Event: 10259.010 Thread 0x0000016cd1c698c0 Thread exited: 0x0000016cd1c698c0
Event: 10259.181 Thread 0x0000016cd1c65c00 Thread exited: 0x0000016cd1c65c00
Event: 10272.648 Thread 0x0000016cd1c6a7f0 Thread exited: 0x0000016cd1c6a7f0
Event: 10272.663 Thread 0x0000016cd1c67f70 Thread exited: 0x0000016cd1c67f70
Event: 10283.084 Thread 0x0000016cd1c6ad00 Thread added: 0x0000016cd1c6ad00
Event: 10283.084 Thread 0x0000016cd1c6a7f0 Thread added: 0x0000016cd1c6a7f0
Event: 10284.402 Thread 0x0000016cd1c6c140 Thread added: 0x0000016cd1c6c140
Event: 10284.464 Thread 0x0000016cd1c65c00 Thread added: 0x0000016cd1c65c00
Event: 10296.199 Thread 0x0000016cd1c698c0 Thread added: 0x0000016cd1c698c0
Event: 10359.685 Thread 0x0000016cd1c65c00 Thread exited: 0x0000016cd1c65c00
Event: 10360.173 Thread 0x0000016cd1c6a7f0 Thread exited: 0x0000016cd1c6a7f0
Event: 10360.365 Thread 0x0000016cd1c698c0 Thread exited: 0x0000016cd1c698c0
Event: 10360.428 Thread 0x0000016cd1c6c140 Thread exited: 0x0000016cd1c6c140
Event: 10360.568 Thread 0x0000016cd1c6ad00 Thread exited: 0x0000016cd1c6ad00
Event: 10429.605 Thread 0x0000016cd1c698c0 Thread added: 0x0000016cd1c698c0
Event: 10429.606 Thread 0x0000016cd1c65c00 Thread added: 0x0000016cd1c65c00
Event: 10430.214 Thread 0x0000016cd1c67040 Thread added: 0x0000016cd1c67040
Event: 10489.612 Thread 0x0000016cd1c65c00 Thread exited: 0x0000016cd1c65c00
Event: 10490.224 Thread 0x0000016cd1c698c0 Thread exited: 0x0000016cd1c698c0
Event: 10490.224 Thread 0x0000016cd1c67040 Thread exited: 0x0000016cd1c67040


Dynamic libraries:
0x00007ff689610000 - 0x00007ff68961e000 	c:\Users\casa\.vscode\extensions\redhat.java-1.30.0-win32-x64\jre\17.0.10-win32-x86_64\bin\java.exe
0x00007ffd5d1f0000 - 0x00007ffd5d407000 	C:\WINDOWS\SYSTEM32\ntdll.dll
0x00007ffd5b990000 - 0x00007ffd5ba54000 	C:\WINDOWS\System32\KERNEL32.DLL
0x00007ffd5a810000 - 0x00007ffd5abb7000 	C:\WINDOWS\System32\KERNELBASE.dll
0x00007ffd5a510000 - 0x00007ffd5a621000 	C:\WINDOWS\System32\ucrtbase.dll
0x00007ffd57750000 - 0x00007ffd57767000 	c:\Users\casa\.vscode\extensions\redhat.java-1.30.0-win32-x64\jre\17.0.10-win32-x86_64\bin\jli.dll
0x00007ffd3fa50000 - 0x00007ffd3fa6b000 	c:\Users\casa\.vscode\extensions\redhat.java-1.30.0-win32-x64\jre\17.0.10-win32-x86_64\bin\VCRUNTIME140.dll
0x00007ffd5bca0000 - 0x00007ffd5be4e000 	C:\WINDOWS\System32\USER32.dll
0x00007ffd41d00000 - 0x00007ffd41f93000 	C:\WINDOWS\WinSxS\amd64_microsoft.windows.common-controls_6595b64144ccf1df_6.0.22621.3527_none_270e469b73872a76\COMCTL32.dll
0x00007ffd5adb0000 - 0x00007ffd5add6000 	C:\WINDOWS\System32\win32u.dll
0x00007ffd5d100000 - 0x00007ffd5d1a7000 	C:\WINDOWS\System32\msvcrt.dll
0x00007ffd5b280000 - 0x00007ffd5b2a9000 	C:\WINDOWS\System32\GDI32.dll
0x00007ffd5a630000 - 0x00007ffd5a749000 	C:\WINDOWS\System32\gdi32full.dll
0x00007ffd5ae10000 - 0x00007ffd5aeaa000 	C:\WINDOWS\System32\msvcp_win.dll
0x00007ffd5b240000 - 0x00007ffd5b271000 	C:\WINDOWS\System32\IMM32.DLL
0x00007ffd4d9a0000 - 0x00007ffd4d9ac000 	c:\Users\casa\.vscode\extensions\redhat.java-1.30.0-win32-x64\jre\17.0.10-win32-x86_64\bin\vcruntime140_1.dll
0x00007ffd16510000 - 0x00007ffd1659d000 	c:\Users\casa\.vscode\extensions\redhat.java-1.30.0-win32-x64\jre\17.0.10-win32-x86_64\bin\msvcp140.dll
0x00007ffcf4390000 - 0x00007ffcf4ff2000 	c:\Users\casa\.vscode\extensions\redhat.java-1.30.0-win32-x64\jre\17.0.10-win32-x86_64\bin\server\jvm.dll
0x00007ffd5bb80000 - 0x00007ffd5bc32000 	C:\WINDOWS\System32\ADVAPI32.dll
0x00007ffd5c120000 - 0x00007ffd5c1c8000 	C:\WINDOWS\System32\sechost.dll
0x00007ffd5ade0000 - 0x00007ffd5ae08000 	C:\WINDOWS\System32\bcrypt.dll
0x00007ffd5c000000 - 0x00007ffd5c115000 	C:\WINDOWS\System32\RPCRT4.dll
0x00007ffd59c70000 - 0x00007ffd59cbd000 	C:\WINDOWS\SYSTEM32\POWRPROF.dll
0x00007ffd3d870000 - 0x00007ffd3d879000 	C:\WINDOWS\SYSTEM32\WSOCK32.dll
0x00007ffd5ba70000 - 0x00007ffd5bae1000 	C:\WINDOWS\System32\WS2_32.dll
0x00007ffd4c8a0000 - 0x00007ffd4c8d4000 	C:\WINDOWS\SYSTEM32\WINMM.dll
0x00007ffd539d0000 - 0x00007ffd539da000 	C:\WINDOWS\SYSTEM32\VERSION.dll
0x00007ffd59c50000 - 0x00007ffd59c63000 	C:\WINDOWS\SYSTEM32\UMPDC.dll
0x00007ffd594f0000 - 0x00007ffd59508000 	C:\WINDOWS\SYSTEM32\kernel.appcore.dll
0x00007ffd44540000 - 0x00007ffd4454a000 	c:\Users\casa\.vscode\extensions\redhat.java-1.30.0-win32-x64\jre\17.0.10-win32-x86_64\bin\jimage.dll
0x00007ffd4aa90000 - 0x00007ffd4acc2000 	C:\WINDOWS\SYSTEM32\DBGHELP.DLL
0x00007ffd5b350000 - 0x00007ffd5b6d8000 	C:\WINDOWS\System32\combase.dll
0x00007ffd5b850000 - 0x00007ffd5b927000 	C:\WINDOWS\System32\OLEAUT32.dll
0x00007ffd3eaa0000 - 0x00007ffd3ead2000 	C:\WINDOWS\SYSTEM32\dbgcore.DLL
0x00007ffd5ad30000 - 0x00007ffd5ada9000 	C:\WINDOWS\System32\bcryptPrimitives.dll
0x00007ffd2f090000 - 0x00007ffd2f0b5000 	c:\Users\casa\.vscode\extensions\redhat.java-1.30.0-win32-x64\jre\17.0.10-win32-x86_64\bin\java.dll
0x00007ffd3ef10000 - 0x00007ffd3ef28000 	c:\Users\casa\.vscode\extensions\redhat.java-1.30.0-win32-x64\jre\17.0.10-win32-x86_64\bin\zip.dll
0x00007ffd5c8a0000 - 0x00007ffd5d0fc000 	C:\WINDOWS\System32\SHELL32.dll
0x00007ffd58400000 - 0x00007ffd58cf6000 	C:\WINDOWS\SYSTEM32\windows.storage.dll
0x00007ffd582c0000 - 0x00007ffd583fe000 	C:\WINDOWS\SYSTEM32\wintypes.dll
0x00007ffd5bf00000 - 0x00007ffd5bff5000 	C:\WINDOWS\System32\SHCORE.dll
0x00007ffd5bc40000 - 0x00007ffd5bc9e000 	C:\WINDOWS\System32\shlwapi.dll
0x00007ffd5a440000 - 0x00007ffd5a461000 	C:\WINDOWS\SYSTEM32\profapi.dll
0x00007ffd3ee70000 - 0x00007ffd3ee89000 	C:\Users\casa\.vscode\extensions\redhat.java-1.30.0-win32-x64\jre\17.0.10-win32-x86_64\bin\net.dll
0x00007ffd53b00000 - 0x00007ffd53c36000 	C:\WINDOWS\SYSTEM32\WINHTTP.dll
0x00007ffd59950000 - 0x00007ffd599b9000 	C:\WINDOWS\system32\mswsock.dll
0x00007ffd3e5f0000 - 0x00007ffd3e606000 	C:\Users\casa\.vscode\extensions\redhat.java-1.30.0-win32-x64\jre\17.0.10-win32-x86_64\bin\nio.dll
0x00007ffd409f0000 - 0x00007ffd40a00000 	c:\Users\casa\.vscode\extensions\redhat.java-1.30.0-win32-x64\jre\17.0.10-win32-x86_64\bin\verify.dll
0x00007ffd59d90000 - 0x00007ffd59dab000 	C:\WINDOWS\SYSTEM32\CRYPTSP.dll
0x00007ffd59450000 - 0x00007ffd59485000 	C:\WINDOWS\system32\rsaenh.dll
0x00007ffd599f0000 - 0x00007ffd59a18000 	C:\WINDOWS\SYSTEM32\USERENV.dll
0x00007ffd59d70000 - 0x00007ffd59d7c000 	C:\WINDOWS\SYSTEM32\CRYPTBASE.dll
0x00007ffd58fa0000 - 0x00007ffd58fcd000 	C:\WINDOWS\SYSTEM32\IPHLPAPI.DLL
0x00007ffd5b6e0000 - 0x00007ffd5b6e9000 	C:\WINDOWS\System32\NSI.dll
0x00007ffd539e0000 - 0x00007ffd539f9000 	C:\WINDOWS\SYSTEM32\dhcpcsvc6.DLL
0x00007ffd53820000 - 0x00007ffd5383f000 	C:\WINDOWS\SYSTEM32\dhcpcsvc.DLL
0x00007ffd58fd0000 - 0x00007ffd590c8000 	C:\WINDOWS\SYSTEM32\DNSAPI.dll
0x00007ffd401f0000 - 0x00007ffd401f9000 	C:\Users\casa\.vscode\extensions\redhat.java-1.30.0-win32-x64\jre\17.0.10-win32-x86_64\bin\management.dll
0x00007ffd40010000 - 0x00007ffd4001b000 	C:\Users\casa\.vscode\extensions\redhat.java-1.30.0-win32-x64\jre\17.0.10-win32-x86_64\bin\management_ext.dll
0x00007ffd5b340000 - 0x00007ffd5b348000 	C:\WINDOWS\System32\PSAPI.DLL
0x00007ffd395a0000 - 0x00007ffd395ae000 	C:\Users\casa\.vscode\extensions\redhat.java-1.30.0-win32-x64\jre\17.0.10-win32-x86_64\bin\sunmscapi.dll
0x00007ffd5abc0000 - 0x00007ffd5ad28000 	C:\WINDOWS\System32\CRYPT32.dll
0x00007ffd59e20000 - 0x00007ffd59e4e000 	C:\WINDOWS\SYSTEM32\ncrypt.dll
0x00007ffd59dd0000 - 0x00007ffd59e07000 	C:\WINDOWS\SYSTEM32\NTASN1.dll
0x00007ffd51e20000 - 0x00007ffd51e2a000 	C:\Windows\System32\rasadhlp.dll
0x00007ffd4c8e0000 - 0x00007ffd4c963000 	C:\WINDOWS\System32\fwpuclnt.dll
0x00007ffd34030000 - 0x00007ffd34039000 	C:\Users\casa\.vscode\extensions\redhat.java-1.30.0-win32-x64\jre\17.0.10-win32-x86_64\bin\extnet.dll

dbghelp: loaded successfully - version: 4.0.5 - missing functions: none
symbol engine: initialized successfully - sym options: 0x614 - pdb path: .;c:\Users\casa\.vscode\extensions\redhat.java-1.30.0-win32-x64\jre\17.0.10-win32-x86_64\bin;C:\WINDOWS\SYSTEM32;C:\WINDOWS\WinSxS\amd64_microsoft.windows.common-controls_6595b64144ccf1df_6.0.22621.3527_none_270e469b73872a76;c:\Users\casa\.vscode\extensions\redhat.java-1.30.0-win32-x64\jre\17.0.10-win32-x86_64\bin\server

VM Arguments:
jvm_args: -Xmx1024m -Dsts.lsp.client=vscode -Dsts.log.file=/dev/null -XX:TieredStopAtLevel=1 -Xlog:jni+resolve=off -Dspring.config.location=file:c:\Users\casa\.vscode\extensions\vmware.vscode-spring-boot-1.54.0\language-server\BOOT-INF\classes\application.properties 
java_command: org.springframework.ide.vscode.boot.app.BootLanguageServerBootApp
java_class_path (initial): c:\Users\casa\.vscode\extensions\vmware.vscode-spring-boot-1.54.0\language-server\BOOT-INF\classes;c:\Users\casa\.vscode\extensions\vmware.vscode-spring-boot-1.54.0\language-server\BOOT-INF\lib\annotations-24.1.0.jar;c:\Users\casa\.vscode\extensions\vmware.vscode-spring-boot-1.54.0\language-server\BOOT-INF\lib\antlr4-runtime-4.13.1.jar;c:\Users\casa\.vscode\extensions\vmware.vscode-spring-boot-1.54.0\language-server\BOOT-INF\lib\asm-9.7.jar;c:\Users\casa\.vscode\extensions\vmware.vscode-spring-boot-1.54.0\language-server\BOOT-INF\lib\asm-analysis-9.7.jar;c:\Users\casa\.vscode\extensions\vmware.vscode-spring-boot-1.54.0\language-server\BOOT-INF\lib\asm-tree-9.7.jar;c:\Users\casa\.vscode\extensions\vmware.vscode-spring-boot-1.54.0\language-server\BOOT-INF\lib\asm-util-9.7.jar;c:\Users\casa\.vscode\extensions\vmware.vscode-spring-boot-1.54.0\language-server\BOOT-INF\lib\caffeine-3.1.8.jar;c:\Users\casa\.vscode\extensions\vmware.vscode-spring-boot-1.54.0\language-server\BOOT-INF\lib\checker-qual-3.12.0.jar;c:\Users\casa\.vscode\extensions\vmware.vscode-spring-boot-1.54.0\language-server\BOOT-INF\lib\classgraph-4.8.149.jar;c:\Users\casa\.vscode\extensions\vmware.vscode-spring-boot-1.54.0\language-server\BOOT-INF\lib\commons-codec-1.16.1.jar;c:\Users\casa\.vscode\extensions\vmware.vscode-spring-boot-1.54.0\language-server\BOOT-INF\lib\commons-compress-1.26.1.jar;c:\Users\casa\.vscode\extensions\vmware.vscode-spring-boot-1.54.0\language-server\BOOT-INF\lib\commons-io-2.4.jar;c:\Users\casa\.vscode\extensions\vmware.vscode-spring-boot-1.54.0\language-server\BOOT-INF\lib\commons-java-1.54.0-SNAPSHOT.jar;c:\Users\casa\.vscode\extensions\vmware.vscode-spring-boot-1.54.0\language-server\BOOT-INF\lib\commons-lang3-3.13.0.jar;c:\Users\casa\.vscode\extensions\vmware.vscode-spring-boot-1.54.0\language-server\BOOT-INF\lib\commons-language-server-1.54.0-SNAPSHOT.jar;c:\Users\casa\.vscode\extensions\vmware.vscode-spring-boot-1.54.0\language-server\BOOT-INF\
Launcher Type: SUN_STANDARD

[Global flags]
     intx CICompilerCount                          = 4                                         {product} {ergonomic}
     uint ConcGCThreads                            = 3                                         {product} {ergonomic}
     uint G1ConcRefinementThreads                  = 10                                        {product} {ergonomic}
   size_t G1HeapRegionSize                         = 1048576                                   {product} {ergonomic}
    uintx GCDrainStackTargetSize                   = 64                                        {product} {ergonomic}
   size_t InitialHeapSize                          = 266338304                                 {product} {ergonomic}
   size_t MarkStackSize                            = 4194304                                   {product} {ergonomic}
   size_t MaxHeapSize                              = 1073741824                                {product} {command line}
   size_t MaxNewSize                               = 643825664                                 {product} {ergonomic}
   size_t MinHeapDeltaBytes                        = 1048576                                   {product} {ergonomic}
   size_t MinHeapSize                              = 8388608                                   {product} {ergonomic}
    uintx NonProfiledCodeHeapSize                  = 0                                      {pd product} {ergonomic}
     bool ProfileInterpreter                       = false                                  {pd product} {command line}
    uintx ProfiledCodeHeapSize                     = 0                                      {pd product} {ergonomic}
   size_t SoftMaxHeapSize                          = 1073741824                             {manageable} {ergonomic}
     intx TieredStopAtLevel                        = 1                                         {product} {command line}
     bool UseCompressedClassPointers               = true                           {product lp64_product} {ergonomic}
     bool UseCompressedOops                        = true                           {product lp64_product} {ergonomic}
     bool UseG1GC                                  = true                                      {product} {ergonomic}
     bool UseLargePagesIndividualAllocation        = false                                  {pd product} {ergonomic}

Logging:
Log output configuration:
 #0: stdout all=warning,jni+resolve=off uptime,level,tags
 #1: stderr all=off uptime,level,tags

Environment Variables:
PATH=C:\Program Files\Common Files\Oracle\Java\javapath;C:\Program Files (x86)\Common Files\Oracle\Java\javapath;C:\ProgramData\Oracle\Java\javapath;C:\Windows\system32;C:\Windows;C:\Windows\System32\Wbem;C:\Windows\System32\WindowsPowerShell\v1.0\;C:\Windows\System32\OpenSSH\;C:\ProgramData\chocolatey\bin;C:\Program Files (x86)\NVIDIA Corporation\PhysX\Common;C:\WINDOWS\system32;C:\WINDOWS;C:\WINDOWS\System32\Wbem;C:\WINDOWS\System32\WindowsPowerShell\v1.0\;C:\WINDOWS\System32\OpenSSH\;C:\Program Files (x86)\Microsoft SQL Server\160\Tools\Binn\;C:\Program Files\Microsoft SQL Server\160\Tools\Binn\;C:\Program Files\Microsoft SQL Server\Client SDK\ODBC\170\Tools\Binn\;C:\Program Files\Microsoft SQL Server\160\DTS\Binn\;C:\Program Files (x86)\Microsoft SQL Server\160\DTS\Binn\;C:\Program Files\Git\cmd;C:\Program Files\nodejs\;C:\Program Files\dotnet\;C:\Program Files\Microsoft SQL Server\150\Tools\Binn\;C:\Users\casa\AppData\Local\Microsoft\WindowsApps;C:\Program Files\Azure Data Studio\bin;C:\Program Files\nodejs\;C:\Users\casa\AppData\Local\Programs\Microsoft VS Code\bin;C:\Users\casa\AppData\Roaming\npm;C:\Users\casa\.dotnet\tools;C:\Users\casa\AppData\Roaming\npm\node_modules\@angular\cli\bin;
USERNAME=casa
OS=Windows_NT
PROCESSOR_IDENTIFIER=Intel64 Family 6 Model 151 Stepping 2, GenuineIntel
TMP=C:\Users\casa\AppData\Local\Temp
TEMP=C:\Users\casa\AppData\Local\Temp



Periodic native trim disabled


---------------  S Y S T E M  ---------------

OS:
 Windows 11 , 64 bit Build 22621 (10.0.22621.3527)
OS uptime: 0 days 3:50 hours
Hyper-V role detected

CPU: total 12 (initial active 12) (6 cores per cpu, 2 threads per core) family 6 model 151 stepping 2 microcode 0x1e, cx8, cmov, fxsr, ht, mmx, 3dnowpref, sse, sse2, sse3, ssse3, sse4.1, sse4.2, popcnt, lzcnt, tsc, tscinvbit, avx, avx2, aes, erms, clmul, bmi1, bmi2, adx, sha, fma, vzeroupper, clflush, clflushopt, clwb, hv
Processor Information for all 12 processors :
  Max Mhz: 2500, Current Mhz: 2500, Mhz Limit: 2500

Memory: 4k page, system-wide physical 16225M (7188M free)
TotalPageFile size 17249M (AvailPageFile size 5367M)
current process WorkingSet (physical memory assigned to process): 206M, peak: 241M
current process commit charge ("private bytes"): 285M, peak: 371M

vm_info: OpenJDK 64-Bit Server VM (17.0.10+7) for windows-amd64 JRE (17.0.10+7), built on Jan 16 2024 23:25:11 by "admin" with MS VC++ 16.10 / 16.11 (VS2019)

END.
