#
# A fatal error has been detected by the Java Runtime Environment:
#
#  EXCEPTION_ACCESS_VIOLATION (0xc0000005) at pc=0x00007ffcf74bcac8, pid=16324, tid=17064
#
# JRE version: OpenJDK Runtime Environment Temurin-17.0.10+7 (17.0.10+7) (build 17.0.10+7)
# Java VM: OpenJDK 64-Bit Server VM Temurin-17.0.10+7 (17.0.10+7, mixed mode, tiered, compressed oops, compressed class ptrs, parallel gc, windows-amd64)
# Problematic frame:
# V  [jvm.dll+0xcac8]
#
# No core dump will be written. Minidumps are not enabled by default on client versions of Windows
#
# If you would like to submit a bug report, please visit:
#   https://github.com/adoptium/adoptium-support/issues
#

---------------  S U M M A R Y ------------

Command Line: --add-modules=ALL-SYSTEM --add-opens=java.base/java.util=ALL-UNNAMED --add-opens=java.base/java.lang=ALL-UNNAMED --add-opens=java.base/sun.nio.fs=ALL-UNNAMED -Declipse.application=org.eclipse.jdt.ls.core.id1 -Dosgi.bundles.defaultStartLevel=4 -Declipse.product=org.eclipse.jdt.ls.core.product -Djava.import.generatesMetadataFilesAtProjectRoot=false -DDetectVMInstallationsJob.disabled=true -Dfile.encoding=utf8 -XX:+UseParallelGC -XX:GCTimeRatio=4 -XX:AdaptiveSizePolicyWeight=90 -Dsun.zip.disableMemoryMapping=true -Xmx2G -Xms100m -Xlog:disable -javaagent:c:\Users\casa\.vscode\extensions\redhat.java-1.30.0-win32-x64\lombok\lombok-1.18.32.jar -XX:+HeapDumpOnOutOfMemoryError -XX:HeapDumpPath=c:\Users\casa\AppData\Roaming\Code\User\workspaceStorage\2ca1e065a12013a041ddb2075f267414\redhat.java -Daether.dependencyCollector.impl=bf c:\Users\casa\.vscode\extensions\redhat.java-1.30.0-win32-x64\server\plugins\org.eclipse.equinox.launcher_1.6.800.v20240330-1250.jar -configuration c:\Users\casa\AppData\Roaming\Code\User\globalStorage\redhat.java\1.30.0\config_win -data c:\Users\casa\AppData\Roaming\Code\User\workspaceStorage\2ca1e065a12013a041ddb2075f267414\redhat.java\jdt_ws --pipe=\\.\pipe\lsp-69093d674d48d09592aab3e5efc7abe3-sock

Host: 12th Gen Intel(R) Core(TM) i5-12400F, 12 cores, 15G,  Windows 11 , 64 bit Build 22621 (10.0.22621.3527)
Time: Wed May 29 09:19:28 2024 Hora estándar de Argentina elapsed time: 1724.807402 seconds (0d 0h 28m 44s)

---------------  T H R E A D  ---------------

Current thread (0x000001d29e230cc0):  GCTaskThread "GC Thread#9" [stack: 0x000000b13a200000,0x000000b13a300000] [id=17064]

Stack: [0x000000b13a200000,0x000000b13a300000],  sp=0x000000b13a2ff7c8,  free space=1021k
Native frames: (J=compiled Java code, j=interpreted, Vv=VM code, C=native code)
V  [jvm.dll+0xcac8]


siginfo: EXCEPTION_ACCESS_VIOLATION (0xc0000005), reading address 0x0000000000000010


Registers:
RAX=0x0000000000000001, RBX=0x000000008fa27190, RCX=0x0000000000000003, RDX=0x000000008fa27190
RSP=0x000000b13a2ff7c8, RBP=0x000000b13a2ff8c0, RSI=0x000000008fa271b0, RDI=0x000001d2ff8d2a30
R8 =0x0000000000000008, R9 =0x000000000007d138, R10=0x0000000000000052, R11=0x0000000000000003
R12=0x00000000000003d8, R13=0x000000b13a2ffa20, R14=0x0000000100041df0, R15=0x000000008fa27198
RIP=0x00007ffcf74bcac8, EFLAGS=0x0000000000010202


Register to memory mapping:

RIP=0x00007ffcf74bcac8 jvm.dll
RAX=0x0000000000000001 is an unknown value
RBX=0x000000008fa27190 is pointing into object: [B 
{0x000000008fa27170} - klass: {type array byte}
 - length: 18
RCX=0x0000000000000003 is an unknown value
RDX=0x000000008fa27190 is pointing into object: [B 
{0x000000008fa27170} - klass: {type array byte}
 - length: 18
RSP=0x000000b13a2ff7c8 points into unknown readable memory: 0x00007ffcf7b60cc2 | c2 0c b6 f7 fc 7f 00 00
RBP=0x000000b13a2ff8c0 points into unknown readable memory: 0x00007ffcf7e61158 | 58 11 e6 f7 fc 7f 00 00
RSI=0x000000008fa271b0 is an oop: [B 
{0x000000008fa271b0} - klass: {type array byte}
 - length: 27
RDI=0x000001d2ff8d2a30 points into unknown readable memory: 0x000001d29716cf40 | 40 cf 16 97 d2 01 00 00
R8 =0x0000000000000008 is an unknown value
R9 =0x000000000007d138 is an unknown value
R10=0x0000000000000052 is an unknown value
R11=0x0000000000000003 is an unknown value
R12=0x00000000000003d8 is an unknown value
R13=0x000000b13a2ffa20 points into unknown readable memory: 0x00007ffcf7e61b50 | 50 1b e6 f7 fc 7f 00 00
R14=0x0000000100041df0 is a pointer to class: 
java.lang.reflect.AnnotatedElement {0x0000000100041df8}
 - instance size:     2
 - klass size:        63
 - access:            public interface abstract 
 - state:             fully_initialized
 - name:              'java/lang/reflect/AnnotatedElement'
 - super:             'java/lang/Object'
 - sub:               
 - nof implementors:  2
 - arrays:            'java/lang/reflect/AnnotatedElement'[]
 - methods:           Array<T>(0x000001d298010f80)
 - method ordering:   Array<T>(0x000001d298000018)
 - default_methods:   Array<T>(0x0000000000000000)
 - local interfaces:  Array<T>(0x000001d298000058)
 - trans. interfaces: Array<T>(0x000001d298000058)
 - constants:         constant pool [145]/operands[21] {0x000001d298010a18} for 'java/lang/reflect/AnnotatedElement' cache=0x000001d29810e128
 - class loader data:  loader data: 0x000001d2ff851910 of 'bootstrap'
 - class annotations:       Array<T>(0x0000000000000000)
 - class type annotations:  Array<T>(0x0000000000000000)
 - field annotations:       Array<T>(0x0000000000000000)
 - field type annotations:  Array<T>(0x0000000000000000)
 - inner classes:     Array<T>(0x000001d298011510)
 - nest members:     Array<T>(0x000001d298000028)
 - permitted subclasses:     Array<T>(0x000001d298000028)
 - java mirror:       a 'java/lang/Class'{0x0000000080365ed8} = 'java/lang/reflect/AnnotatedElement'
 - vtable length      5  (start addr: 0x0000000100041fb8)
 - itable length      0 (start addr: 0x0000000100041fe0)
 - ---- static fields (0 words):
 - ---- non-static fields (0 words):
 - non-static oop maps: 
R15=0x000000008fa27198 is an oop: java.lang.String 
{0x000000008fa27198} - klass: 'java/lang/String'

[error occurred during error reporting (printing register info), id 0xc0000005, EXCEPTION_ACCESS_VIOLATION (0xc0000005) at pc=0x00007ffcf78256e2]

Top of Stack: (sp=0x000000b13a2ff7c8)
0x000000b13a2ff7c8:   00007ffcf7b60cc2 000000008fa27170
0x000000b13a2ff7d8:   0000000000000005 000000b13a2ff8c0
0x000000b13a2ff7e8:   00007ffcf7b5fad9 000001d2ff8d2a30
0x000000b13a2ff7f8:   00007ffcf7b5e572 000000008fa27190
0x000000b13a2ff808:   00000001002003f0 0000000080e4cd50
0x000000b13a2ff818:   00007ffcf7b5f81f 0000000100041de8
0x000000b13a2ff828:   00007ffcf7b5edee 000000008fa271ac
0x000000b13a2ff838:   00007ffcf7b6035e 000000008fa26f90
0x000000b13a2ff848:   000000008fa26f80 0000000000000000
0x000000b13a2ff858:   00007ffcf7fdc7a0 0000000000005b16
0x000000b13a2ff868:   00007ffcf7b606a4 00007ffcf7e61158
0x000000b13a2ff878:   000001d2ff8d2a30 00007ffcf7dcbb90
0x000000b13a2ff888:   0000000000005b11 0000000000000000
0x000000b13a2ff898:   000000b100000000 000001d29e9d2910
0x000000b13a2ff8a8:   00007ffcf7c90001 0000000000000001
0x000000b13a2ff8b8:   0000000080f48fc0 00007ffcf7e61158
0x000000b13a2ff8c8:   000001d2ff84a0d0 000001d200000003
0x000000b13a2ff8d8:   000001d2ff8d2a30 0000000000000000
0x000000b13a2ff8e8:   0000000000000000 000001d29e9d2910
0x000000b13a2ff8f8:   000001d29e22cc48 000001d29c606000
0x000000b13a2ff908:   000001d29e22c870 000001d29e22c860
0x000000b13a2ff918:   00007ffcf7b65218 000001d2ff8d2a30
0x000000b13a2ff928:   000001d29e22c860 000001d29e22c870
0x000000b13a2ff938:   000001d2ff8d2a30 00007ffcf7e61948
0x000000b13a2ff948:   000001d2ff8d2a30 00007ffcf7e04ad0
0x000000b13a2ff958:   000000b13a2ff940 0000000000000000
0x000000b13a2ff968:   0000000000000000 0000000000000004
0x000000b13a2ff978:   0000000000000001 00007ffcf7e61948
0x000000b13a2ff988:   000000b1388fec70 000001d2ab3f3808
0x000000b13a2ff998:   00007ffcf7c981e8 000000000000011a
0x000000b13a2ff9a8:   000001d2ab3f3908 000000b13a2ffa20
0x000000b13a2ff9b8:   0000000000000027 000000b1388fedb0 

Instructions: (pc=0x00007ffcf74bcac8)
0x00007ffcf74bc9c8:   48 83 c4 20 5e c3 cc cc 48 8b 01 c3 cc cc cc cc
0x00007ffcf74bc9d8:   cc cc cc cc cc cc cc cc 4c 8b 01 4c 8b c9 48 8b
0x00007ffcf74bc9e8:   0d e3 60 b6 00 ba 44 60 08 00 e9 d9 f1 ff ff cc
0x00007ffcf74bc9f8:   cc cc cc cc cc cc cc cc 48 89 5c 24 08 57 48 83
0x00007ffcf74bca08:   ec 20 48 8b 39 48 8b d9 48 85 3d 01 4a bb 00 75
0x00007ffcf74bca18:   0e 48 8b c7 48 8b 5c 24 30 48 83 c4 20 5f c3 48
0x00007ffcf74bca28:   8b cf e8 41 98 85 00 48 8b d0 48 85 c0 74 20 48
0x00007ffcf74bca38:   8b c7 f0 48 0f b1 13 74 16 48 85 05 d0 49 bb 00
0x00007ffcf74bca48:   74 0d 48 8b c8 f0 48 0f b1 13 48 3b c1 75 ea 48
0x00007ffcf74bca58:   8b 5c 24 30 48 8b c2 48 83 c4 20 5f c3 cc cc cc
0x00007ffcf74bca68:   cc cc cc cc cc cc cc cc 4c 8b 01 4c 8b c9 48 8b
0x00007ffcf74bca78:   0d 53 60 b6 00 ba 64 60 08 00 e9 49 f1 ff ff cc
0x00007ffcf74bca88:   cc cc cc cc cc cc cc cc 8b 05 62 a8 b0 00 c3 cc
0x00007ffcf74bca98:   cc cc cc cc cc cc cc cc 0f b6 05 db 68 b7 00 48
0x00007ffcf74bcaa8:   8b d1 84 c0 74 16 44 8b 41 08 8b 0d 40 a8 b0 00
0x00007ffcf74bcab8:   49 d3 e0 4c 03 05 2e a8 b0 00 eb 04 4c 8b 41 08
0x00007ffcf74bcac8:   45 8b 50 08 45 85 d2 7e 0e 41 f6 c2 01 75 53 41
0x00007ffcf74bcad8:   c1 fa 03 41 8b c2 c3 79 49 84 c0 b9 10 00 00 00
0x00007ffcf74bcae8:   8b 05 46 b7 b0 00 41 b8 0c 00 00 00 41 0f 45 c8
0x00007ffcf74bcaf8:   ff c8 4c 63 c8 48 63 14 11 41 8b ca 83 e1 3f 48
0x00007ffcf74bcb08:   d3 e2 41 8b ca 48 c1 f9 10 0f b6 c1 49 8d 0c 11
0x00007ffcf74bcb18:   49 f7 d1 48 03 c1 49 c1 e9 03 48 c1 e8 03 41 23
0x00007ffcf74bcb28:   c1 c3 49 8b 00 49 8b c8 48 ff a0 00 01 00 00 cc
0x00007ffcf74bcb38:   cc cc cc cc cc cc cc cc 8b 44 24 30 45 03 c9 44
0x00007ffcf74bcb48:   2b 4c 24 28 83 c0 0b 44 03 ca 45 03 c8 41 03 c1
0x00007ffcf74bcb58:   c3 cc cc cc cc cc cc cc 4c 8b ca 48 8b d1 45 8b
0x00007ffcf74bcb68:   41 08 45 85 c0 7e 0e 41 f6 c0 01 75 56 41 c1 f8
0x00007ffcf74bcb78:   03 41 8b c0 c3 79 4c 80 3d fc 67 b7 00 00 b8 0c
0x00007ffcf74bcb88:   00 00 00 b9 10 00 00 00 0f 45 c8 8b 05 9b b6 b0
0x00007ffcf74bcb98:   00 ff c8 4c 63 c8 48 63 14 11 41 8b c8 83 e1 3f
0x00007ffcf74bcba8:   48 d3 e2 41 8b c8 48 c1 f9 10 0f b6 c1 49 8d 0c
0x00007ffcf74bcbb8:   11 49 f7 d1 48 03 c1 49 c1 e9 03 48 c1 e8 03 41 


Stack slot to memory mapping:
stack at sp + 0 slots: 0x00007ffcf7b60cc2 jvm.dll
stack at sp + 1 slots: 0x000000008fa27170 is an oop: [B 
{0x000000008fa27170} - klass: {type array byte}
 - length: 18
stack at sp + 2 slots: 0x0000000000000005 is an unknown value
stack at sp + 3 slots: 0x000000b13a2ff8c0 points into unknown readable memory: 0x00007ffcf7e61158 | 58 11 e6 f7 fc 7f 00 00
stack at sp + 4 slots: 0x00007ffcf7b5fad9 jvm.dll
stack at sp + 5 slots: 0x000001d2ff8d2a30 points into unknown readable memory: 0x000001d29716cf40 | 40 cf 16 97 d2 01 00 00
stack at sp + 6 slots: 0x00007ffcf7b5e572 jvm.dll
stack at sp + 7 slots: 0x000000008fa27190 is pointing into object: [B 
{0x000000008fa27170} - klass: {type array byte}
 - length: 18


---------------  P R O C E S S  ---------------

Threads class SMR info:
_java_thread_list=0x000001d29ecfe220, length=53, elements={
0x000001d2ff834d90, 0x000001d29c2a6890, 0x000001d29c2a8170, 0x000001d2971ee8a0,
0x000001d2ff8dc360, 0x000001d2ff8ddae0, 0x000001d29c2ca010, 0x000001d29c2d4210,
0x000001d29c2d6ff0, 0x000001d29c2d7d10, 0x000001d29c45b700, 0x000001d29c45b1f0,
0x000001d29c45a7d0, 0x000001d29c457f50, 0x000001d29c458460, 0x000001d29c458970,
0x000001d29c459db0, 0x000001d29c459390, 0x000001d29e9d7500, 0x000001d29e9d4c80,
0x000001d29e9d7f20, 0x000001d29e9d2910, 0x000001d29e9d4260, 0x000001d29e9d3330,
0x000001d29e9d8430, 0x000001d29e9d0fc0, 0x000001d29e9d3d50, 0x000001d29e9d65d0,
0x000001d29e9d14d0, 0x000001d29e9d5bb0, 0x000001d29e9d19e0, 0x000001d29e9d1ef0,
0x000001d29e9d3840, 0x000001d29e9d56a0, 0x000001d29e9d4770, 0x000001d29e9d8940,
0x000001d29e9d7a10, 0x000001d29e9d6ae0, 0x000001d29c458e80, 0x000001d2acc07a70,
0x000001d2acc06b40, 0x000001d2acc07560, 0x000001d2acc08490, 0x000001d2acc05700,
0x000001d2acc089a0, 0x000001d2acc0c660, 0x000001d2acc093c0, 0x000001d2acc05c10,
0x000001d2acc0ad10, 0x000001d2acc06120, 0x000001d2acc0a800, 0x000001d2a1ebeaa0,
0x000001d2a1ebdb70
}

Java Threads: ( => current thread )
  0x000001d2ff834d90 JavaThread "main" [_thread_blocked, id=16000, stack(0x000000b138600000,0x000000b138700000)]
  0x000001d29c2a6890 JavaThread "Reference Handler" daemon [_thread_blocked, id=7128, stack(0x000000b138900000,0x000000b138a00000)]
  0x000001d29c2a8170 JavaThread "Finalizer" daemon [_thread_blocked, id=6348, stack(0x000000b138a00000,0x000000b138b00000)]
  0x000001d2971ee8a0 JavaThread "Signal Dispatcher" daemon [_thread_blocked, id=2544, stack(0x000000b138b00000,0x000000b138c00000)]
  0x000001d2ff8dc360 JavaThread "Attach Listener" daemon [_thread_blocked, id=5380, stack(0x000000b138c00000,0x000000b138d00000)]
  0x000001d2ff8ddae0 JavaThread "Service Thread" daemon [_thread_blocked, id=1548, stack(0x000000b138d00000,0x000000b138e00000)]
  0x000001d29c2ca010 JavaThread "Monitor Deflation Thread" daemon [_thread_blocked, id=876, stack(0x000000b138e00000,0x000000b138f00000)]
  0x000001d29c2d4210 JavaThread "C2 CompilerThread0" daemon [_thread_blocked, id=14556, stack(0x000000b138f00000,0x000000b139000000)]
  0x000001d29c2d6ff0 JavaThread "C1 CompilerThread0" daemon [_thread_blocked, id=15976, stack(0x000000b139000000,0x000000b139100000)]
  0x000001d29c2d7d10 JavaThread "Sweeper thread" daemon [_thread_blocked, id=1892, stack(0x000000b139100000,0x000000b139200000)]
  0x000001d29c45b700 JavaThread "Common-Cleaner" daemon [_thread_blocked, id=8828, stack(0x000000b139200000,0x000000b139300000)]
  0x000001d29c45b1f0 JavaThread "Notification Thread" daemon [_thread_blocked, id=3820, stack(0x000000b139400000,0x000000b139500000)]
  0x000001d29c45a7d0 JavaThread "Active Thread: Equinox Container: bc22a398-3a15-4b97-9971-60183929ecbf" [_thread_blocked, id=9340, stack(0x000000b139600000,0x000000b139700000)]
  0x000001d29c457f50 JavaThread "Framework Event Dispatcher: Equinox Container: bc22a398-3a15-4b97-9971-60183929ecbf" daemon [_thread_blocked, id=8844, stack(0x000000b139d00000,0x000000b139e00000)]
  0x000001d29c458460 JavaThread "Start Level: Equinox Container: bc22a398-3a15-4b97-9971-60183929ecbf" daemon [_thread_blocked, id=15564, stack(0x000000b139300000,0x000000b139400000)]
  0x000001d29c458970 JavaThread "Bundle File Closer" daemon [_thread_blocked, id=7948, stack(0x000000b13a000000,0x000000b13a100000)]
  0x000001d29c459db0 JavaThread "SCR Component Actor" daemon [_thread_blocked, id=17060, stack(0x000000b139f00000,0x000000b13a000000)]
  0x000001d29c459390 JavaThread "Worker-JM" [_thread_blocked, id=16772, stack(0x000000b13a500000,0x000000b13a600000)]
  0x000001d29e9d7500 JavaThread "Worker-0" [_thread_blocked, id=16872, stack(0x000000b13a600000,0x000000b13a700000)]
  0x000001d29e9d4c80 JavaThread "Worker-1" [_thread_blocked, id=11240, stack(0x000000b13a700000,0x000000b13a800000)]
  0x000001d29e9d7f20 JavaThread "Java indexing" daemon [_thread_blocked, id=15432, stack(0x000000b13aa00000,0x000000b13ab00000)]
  0x000001d29e9d2910 JavaThread "JNA Cleaner" daemon [_thread_blocked, id=16840, stack(0x000000b13ab00000,0x000000b13ac00000)]
  0x000001d29e9d4260 JavaThread "Thread-2" daemon [_thread_in_native, id=17316, stack(0x000000b13ae00000,0x000000b13af00000)]
  0x000001d29e9d3330 JavaThread "Thread-3" daemon [_thread_in_native, id=17216, stack(0x000000b13af00000,0x000000b13b000000)]
  0x000001d29e9d8430 JavaThread "Thread-4" daemon [_thread_in_native, id=7092, stack(0x000000b13b000000,0x000000b13b100000)]
  0x000001d29e9d0fc0 JavaThread "Thread-5" daemon [_thread_in_native, id=16276, stack(0x000000b13b100000,0x000000b13b200000)]
  0x000001d29e9d3d50 JavaThread "Thread-6" daemon [_thread_in_native, id=6352, stack(0x000000b13b200000,0x000000b13b300000)]
  0x000001d29e9d65d0 JavaThread "Thread-7" daemon [_thread_in_native, id=16408, stack(0x000000b13b300000,0x000000b13b400000)]
  0x000001d29e9d14d0 JavaThread "Thread-8" daemon [_thread_in_native, id=16404, stack(0x000000b13b400000,0x000000b13b500000)]
  0x000001d29e9d5bb0 JavaThread "Thread-9" daemon [_thread_in_native, id=8152, stack(0x000000b13b500000,0x000000b13b600000)]
  0x000001d29e9d19e0 JavaThread "Thread-10" daemon [_thread_in_native, id=16572, stack(0x000000b13b600000,0x000000b13b700000)]
  0x000001d29e9d1ef0 JavaThread "Thread-11" daemon [_thread_in_native, id=17328, stack(0x000000b13b700000,0x000000b13b800000)]
  0x000001d29e9d3840 JavaThread "Thread-12" daemon [_thread_in_native, id=15832, stack(0x000000b13b800000,0x000000b13b900000)]
  0x000001d29e9d56a0 JavaThread "Thread-13" daemon [_thread_blocked, id=16480, stack(0x000000b13b900000,0x000000b13ba00000)]
  0x000001d29e9d4770 JavaThread "Thread-14" daemon [_thread_in_native, id=16472, stack(0x000000b13ba00000,0x000000b13bb00000)]
  0x000001d29e9d8940 JavaThread "pool-2-thread-1" [_thread_blocked, id=15608, stack(0x000000b13bb00000,0x000000b13bc00000)]
  0x000001d29e9d7a10 JavaThread "WorkspaceEventsHandler" [_thread_blocked, id=15176, stack(0x000000b13bc00000,0x000000b13bd00000)]
  0x000001d29e9d6ae0 JavaThread "pool-1-thread-1" [_thread_blocked, id=15540, stack(0x000000b13bd00000,0x000000b13be00000)]
  0x000001d29c458e80 JavaThread "Cleaner-0" daemon [_thread_blocked, id=14956, stack(0x000000b13c800000,0x000000b13c900000)]
  0x000001d2acc07a70 JavaThread "ForkJoinPool.commonPool-worker-18" daemon [_thread_blocked, id=3588, stack(0x000000b138300000,0x000000b138400000)]
  0x000001d2acc06b40 JavaThread "ForkJoinPool.commonPool-worker-19" daemon [_thread_blocked, id=12916, stack(0x000000b138400000,0x000000b138500000)]
  0x000001d2acc07560 JavaThread "ForkJoinPool.commonPool-worker-20" daemon [_thread_blocked, id=13832, stack(0x000000b13a400000,0x000000b13a500000)]
  0x000001d2acc08490 JavaThread "ForkJoinPool.commonPool-worker-22" daemon [_thread_blocked, id=14936, stack(0x000000b13a900000,0x000000b13aa00000)]
  0x000001d2acc05700 JavaThread "ForkJoinPool.commonPool-worker-23" daemon [_thread_blocked, id=10008, stack(0x000000b13be00000,0x000000b13bf00000)]
  0x000001d2acc089a0 JavaThread "Worker-11: Building" [_thread_blocked, id=9604, stack(0x000000b138500000,0x000000b138600000)]
  0x000001d2acc0c660 JavaThread "Worker-12" [_thread_blocked, id=16296, stack(0x000000b13a800000,0x000000b13a900000)]
  0x000001d2acc093c0 JavaThread "ForkJoinPool.commonPool-worker-25" daemon [_thread_blocked, id=14376, stack(0x000000b13ac00000,0x000000b13ad00000)]
  0x000001d2acc05c10 JavaThread "ForkJoinPool.commonPool-worker-26" daemon [_thread_blocked, id=12352, stack(0x000000b13bf00000,0x000000b13c000000)]
  0x000001d2acc0ad10 JavaThread "ForkJoinPool.commonPool-worker-27" daemon [_thread_blocked, id=16560, stack(0x000000b13a300000,0x000000b13a400000)]
  0x000001d2acc06120 JavaThread "ForkJoinPool.commonPool-worker-28" daemon [_thread_blocked, id=12136, stack(0x000000b13ad00000,0x000000b13ae00000)]
  0x000001d2acc0a800 JavaThread "ForkJoinPool.commonPool-worker-29" daemon [_thread_blocked, id=9992, stack(0x000000b13c000000,0x000000b13c100000)]
  0x000001d2a1ebeaa0 JavaThread "ForkJoinPool.commonPool-worker-30" daemon [_thread_blocked, id=12688, stack(0x000000b13c300000,0x000000b13c400000)]
  0x000001d2a1ebdb70 JavaThread "Worker-13" [_thread_blocked, id=16032, stack(0x000000b13c200000,0x000000b13c300000)]

Other Threads:
  0x000001d2febdea80 VMThread "VM Thread" [stack: 0x000000b138800000,0x000000b138900000] [id=1236]
  0x000001d29c5cfa50 WatcherThread [stack: 0x000000b139500000,0x000000b139600000] [id=7028]
  0x000001d2ff84ad30 GCTaskThread "GC Thread#0" [stack: 0x000000b138700000,0x000000b138800000] [id=2376]
  0x000001d29e072030 GCTaskThread "GC Thread#1" [stack: 0x000000b139700000,0x000000b139800000] [id=7024]
  0x000001d29e0722f0 GCTaskThread "GC Thread#2" [stack: 0x000000b139800000,0x000000b139900000] [id=8908]
  0x000001d29e0725b0 GCTaskThread "GC Thread#3" [stack: 0x000000b139900000,0x000000b139a00000] [id=7164]
  0x000001d29e072870 GCTaskThread "GC Thread#4" [stack: 0x000000b139a00000,0x000000b139b00000] [id=6560]
  0x000001d29e072b30 GCTaskThread "GC Thread#5" [stack: 0x000000b139b00000,0x000000b139c00000] [id=1480]
  0x000001d29e2883b0 GCTaskThread "GC Thread#6" [stack: 0x000000b139c00000,0x000000b139d00000] [id=10020]
  0x000001d29c5c7190 GCTaskThread "GC Thread#7" [stack: 0x000000b139e00000,0x000000b139f00000] [id=6772]
  0x000001d29e6c8de0 GCTaskThread "GC Thread#8" [stack: 0x000000b13a100000,0x000000b13a200000] [id=16900]
=>0x000001d29e230cc0 GCTaskThread "GC Thread#9" [stack: 0x000000b13a200000,0x000000b13a300000] [id=17064]

Threads with active compile tasks:

VM state: at safepoint (normal execution)

VM Mutex/Monitor currently owned by a thread:  ([mutex/lock_event])
[0x000001d2ff831c30] Threads_lock - owner thread: 0x000001d2febdea80
[0x000001d2ff831a80] Heap_lock - owner thread: 0x000001d2acc089a0

Heap address: 0x0000000080000000, size: 2048 MB, Compressed Oops mode: 32-bit

CDS archive(s) not mapped
Compressed class space mapped at: 0x0000000100000000-0x0000000140000000, reserved size: 1073741824
Narrow klass base: 0x0000000000000000, Narrow klass shift: 3, Narrow klass range: 0x140000000

GC Precious Log:
 CPUs: 12 total, 12 available
 Memory: 16225M
 Large Page Support: Disabled
 NUMA Support: Disabled
 Compressed Oops: Enabled (32-bit)
 Alignments: Space 512K, Generation 512K, Heap 2M
 Heap Min Capacity: 100M
 Heap Initial Capacity: 100M
 Heap Max Capacity: 2G
 Pre-touch: Disabled
 Parallel Workers: 10

Heap:
 PSYoungGen      total 30208K, used 9198K [0x00000000d5580000, 0x00000000d8600000, 0x0000000100000000)
  eden space 20992K, 0% used [0x00000000d5580000,0x00000000d5580000,0x00000000d6a00000)
  from space 9216K, 99% used [0x00000000d6a00000,0x00000000d72fb900,0x00000000d7300000)
  to   space 14336K, 0% used [0x00000000d7800000,0x00000000d7800000,0x00000000d8600000)
 ParOldGen       total 324608K, used 324469K [0x0000000080000000, 0x0000000093d00000, 0x00000000d5580000)
  object space 324608K, 99% used [0x0000000080000000,0x0000000093cdd748,0x0000000093d00000)
 Metaspace       used 86966K, committed 88512K, reserved 1179648K
  class space    used 8704K, committed 9408K, reserved 1048576K

Card table byte_map: [0x000001d2ff1f0000,0x000001d2ff600000] _byte_map_base: 0x000001d2fedf0000

Marking Bits: (ParMarkBitMap*) 0x00007ffcf804d7d0
 Begin Bits: [0x000001d292ff0000, 0x000001d294ff0000)
 End Bits:   [0x000001d294ff0000, 0x000001d296ff0000)

Polling page: 0x000001d2fefe0000

Metaspace:

Usage:
  Non-class:     76.43 MB used.
      Class:      8.50 MB used.
       Both:     84.93 MB used.

Virtual space:
  Non-class space:      128.00 MB reserved,      77.25 MB ( 60%) committed,  2 nodes.
      Class space:        1.00 GB reserved,       9.19 MB ( <1%) committed,  1 nodes.
             Both:        1.12 GB reserved,      86.44 MB (  8%) committed. 

Chunk freelists:
   Non-Class:  2.78 MB
       Class:  6.70 MB
        Both:  9.48 MB

MaxMetaspaceSize: unlimited
CompressedClassSpaceSize: 1.00 GB
Initial GC threshold: 21.00 MB
Current GC threshold: 135.31 MB
CDS: off
MetaspaceReclaimPolicy: balanced
 - commit_granule_bytes: 65536.
 - commit_granule_words: 8192.
 - virtual_space_node_default_size: 8388608.
 - enlarge_chunks_in_place: 1.
 - new_chunks_are_fully_committed: 0.
 - uncommit_free_chunks: 1.
 - use_allocation_guard: 0.
 - handle_deallocations: 1.


Internal statistics:

num_allocs_failed_limit: 6.
num_arena_births: 1218.
num_arena_deaths: 22.
num_vsnodes_births: 3.
num_vsnodes_deaths: 0.
num_space_committed: 1383.
num_space_uncommitted: 0.
num_chunks_returned_to_freelist: 32.
num_chunks_taken_from_freelist: 5167.
num_chunk_merges: 14.
num_chunk_splits: 3109.
num_chunks_enlarged: 1641.
num_inconsistent_stats: 0.

CodeHeap 'non-profiled nmethods': size=120000Kb used=14699Kb max_used=14841Kb free=105300Kb
 bounds [0x000001d28bac0000, 0x000001d28c940000, 0x000001d292ff0000]
CodeHeap 'profiled nmethods': size=120000Kb used=31737Kb max_used=33662Kb free=88262Kb
 bounds [0x000001d283ff0000, 0x000001d2860f0000, 0x000001d28b520000]
CodeHeap 'non-nmethods': size=5760Kb used=1418Kb max_used=1516Kb free=4341Kb
 bounds [0x000001d28b520000, 0x000001d28b790000, 0x000001d28bac0000]
 total_blobs=15842 nmethods=15068 adapters=682
 compilation: enabled
              stopped_count=0, restarted_count=0
 full_count=0

Compilation events (20 events):
Event: 1724.636 Thread 0x000001d29c2d6ff0 20597       3       org.eclipse.osgi.internal.log.EquinoxLogWriter::writeln (8 bytes)
Event: 1724.636 Thread 0x000001d29c2d6ff0 nmethod 20597 0x000001d2858fdf90 code [0x000001d2858fe180, 0x000001d2858fe5b8]
Event: 1724.636 Thread 0x000001d29c2d6ff0 20599       3       java.util.IdentityHashMap::keySet (25 bytes)
Event: 1724.636 Thread 0x000001d29c2d6ff0 nmethod 20599 0x000001d285a59f10 code [0x000001d285a5a0c0, 0x000001d285a5a3f8]
Event: 1724.636 Thread 0x000001d29c2d6ff0 20600   !   3       org.eclipse.core.filesystem.URIUtil::toPath (76 bytes)
Event: 1724.637 Thread 0x000001d29c2d6ff0 nmethod 20600 0x000001d2859d1890 code [0x000001d2859d1ba0, 0x000001d2859d2b48]
Event: 1724.638 Thread 0x000001d29c2d4210 nmethod 20587 0x000001d28c8ef010 code [0x000001d28c8ef1c0, 0x000001d28c8ef7d8]
Event: 1724.638 Thread 0x000001d29c2d4210 20601       4       java.util.UUID::<init> (109 bytes)
Event: 1724.639 Thread 0x000001d29c2d4210 nmethod 20601 0x000001d28c8eec10 code [0x000001d28c8eed80, 0x000001d28c8eef18]
Event: 1724.639 Thread 0x000001d29c2d4210 20584   !   4       org.eclipse.jdt.internal.core.NameLookup::findSecondaryType (153 bytes)
Event: 1724.652 Thread 0x000001d29c2d4210 nmethod 20584 0x000001d28c8ed310 code [0x000001d28c8ed500, 0x000001d28c8ee438]
Event: 1724.669 Thread 0x000001d29ee63930 nmethod 20589 0x000001d28c8e9410 code [0x000001d28c8e97e0, 0x000001d28c8eb9a8]
Event: 1724.771 Thread 0x000001d29c2d6ff0 20602       3       org.eclipse.core.runtime.MultiStatus::<init> (22 bytes)
Event: 1724.772 Thread 0x000001d29c2d6ff0 nmethod 20602 0x000001d285bc8f10 code [0x000001d285bc90e0, 0x000001d285bc9468]
Event: 1724.775 Thread 0x000001d29c2d6ff0 20603       3       java.io.PrintWriter::<init> (26 bytes)
Event: 1724.775 Thread 0x000001d29c2d6ff0 nmethod 20603 0x000001d285d0c690 code [0x000001d285d0c840, 0x000001d285d0cb68]
Event: 1724.778 Thread 0x000001d29c2d6ff0 20604   !   3       org.eclipse.jdt.internal.core.builder.ClasspathJar::lastModified (79 bytes)
Event: 1724.779 Thread 0x000001d29c2d6ff0 nmethod 20604 0x000001d2851d1790 code [0x000001d2851d1a00, 0x000001d2851d2628]
Event: 1724.781 Thread 0x000001d29c2d6ff0 20605       3       org.eclipse.jdt.internal.core.builder.NameEnvironment::getModule (52 bytes)
Event: 1724.781 Thread 0x000001d29c2d6ff0 nmethod 20605 0x000001d284dd7290 code [0x000001d284dd74a0, 0x000001d284dd7bf8]

GC Heap History (20 events):
Event: 1295.172 GC heap after
{Heap after GC invocations=258 (full 13):
 PSYoungGen      total 27136K, used 5623K [0x00000000d5580000, 0x00000000d7d00000, 0x0000000100000000)
  eden space 21504K, 0% used [0x00000000d5580000,0x00000000d5580000,0x00000000d6a80000)
  from space 5632K, 99% used [0x00000000d7280000,0x00000000d77fdf40,0x00000000d7800000)
  to   space 8192K, 0% used [0x00000000d6a80000,0x00000000d6a80000,0x00000000d7280000)
 ParOldGen       total 324096K, used 315922K [0x0000000080000000, 0x0000000093c80000, 0x00000000d5580000)
  object space 324096K, 97% used [0x0000000080000000,0x0000000093484be8,0x0000000093c80000)
 Metaspace       used 84597K, committed 86144K, reserved 1179648K
  class space    used 8416K, committed 9088K, reserved 1048576K
}
Event: 1410.676 GC heap before
{Heap before GC invocations=259 (full 13):
 PSYoungGen      total 27136K, used 27127K [0x00000000d5580000, 0x00000000d7d00000, 0x0000000100000000)
  eden space 21504K, 100% used [0x00000000d5580000,0x00000000d6a80000,0x00000000d6a80000)
  from space 5632K, 99% used [0x00000000d7280000,0x00000000d77fdf40,0x00000000d7800000)
  to   space 8192K, 0% used [0x00000000d6a80000,0x00000000d6a80000,0x00000000d7280000)
 ParOldGen       total 324096K, used 315922K [0x0000000080000000, 0x0000000093c80000, 0x00000000d5580000)
  object space 324096K, 97% used [0x0000000080000000,0x0000000093484be8,0x0000000093c80000)
 Metaspace       used 84644K, committed 86208K, reserved 1179648K
  class space    used 8418K, committed 9088K, reserved 1048576K
}
Event: 1410.680 GC heap after
{Heap after GC invocations=259 (full 13):
 PSYoungGen      total 29184K, used 7256K [0x00000000d5580000, 0x00000000d7980000, 0x0000000100000000)
  eden space 21504K, 0% used [0x00000000d5580000,0x00000000d5580000,0x00000000d6a80000)
  from space 7680K, 94% used [0x00000000d6a80000,0x00000000d7196140,0x00000000d7200000)
  to   space 7680K, 0% used [0x00000000d7200000,0x00000000d7200000,0x00000000d7980000)
 ParOldGen       total 324096K, used 319130K [0x0000000080000000, 0x0000000093c80000, 0x00000000d5580000)
  object space 324096K, 98% used [0x0000000080000000,0x00000000937a6b50,0x0000000093c80000)
 Metaspace       used 84644K, committed 86208K, reserved 1179648K
  class space    used 8418K, committed 9088K, reserved 1048576K
}
Event: 1707.552 GC heap before
{Heap before GC invocations=260 (full 13):
 PSYoungGen      total 29184K, used 28760K [0x00000000d5580000, 0x00000000d7980000, 0x0000000100000000)
  eden space 21504K, 100% used [0x00000000d5580000,0x00000000d6a80000,0x00000000d6a80000)
  from space 7680K, 94% used [0x00000000d6a80000,0x00000000d7196140,0x00000000d7200000)
  to   space 7680K, 0% used [0x00000000d7200000,0x00000000d7200000,0x00000000d7980000)
 ParOldGen       total 324096K, used 319130K [0x0000000080000000, 0x0000000093c80000, 0x00000000d5580000)
  object space 324096K, 98% used [0x0000000080000000,0x00000000937a6b50,0x0000000093c80000)
 Metaspace       used 84751K, committed 86272K, reserved 1179648K
  class space    used 8425K, committed 9088K, reserved 1048576K
}
Event: 1707.556 GC heap after
{Heap after GC invocations=260 (full 13):
 PSYoungGen      total 28160K, used 6353K [0x00000000d5580000, 0x00000000d7880000, 0x0000000100000000)
  eden space 21504K, 0% used [0x00000000d5580000,0x00000000d5580000,0x00000000d6a80000)
  from space 6656K, 95% used [0x00000000d7200000,0x00000000d78346c8,0x00000000d7880000)
  to   space 7168K, 0% used [0x00000000d6a80000,0x00000000d6a80000,0x00000000d7180000)
 ParOldGen       total 324096K, used 319138K [0x0000000080000000, 0x0000000093c80000, 0x00000000d5580000)
  object space 324096K, 98% used [0x0000000080000000,0x00000000937a8b50,0x0000000093c80000)
 Metaspace       used 84751K, committed 86272K, reserved 1179648K
  class space    used 8425K, committed 9088K, reserved 1048576K
}
Event: 1707.875 GC heap before
{Heap before GC invocations=261 (full 13):
 PSYoungGen      total 28160K, used 27857K [0x00000000d5580000, 0x00000000d7880000, 0x0000000100000000)
  eden space 21504K, 99% used [0x00000000d5580000,0x00000000d6a7ffb0,0x00000000d6a80000)
  from space 6656K, 95% used [0x00000000d7200000,0x00000000d78346c8,0x00000000d7880000)
  to   space 7168K, 0% used [0x00000000d6a80000,0x00000000d6a80000,0x00000000d7180000)
 ParOldGen       total 324096K, used 319138K [0x0000000080000000, 0x0000000093c80000, 0x00000000d5580000)
  object space 324096K, 98% used [0x0000000080000000,0x00000000937a8b50,0x0000000093c80000)
 Metaspace       used 85186K, committed 86720K, reserved 1179648K
  class space    used 8464K, committed 9152K, reserved 1048576K
}
Event: 1707.878 GC heap after
{Heap after GC invocations=261 (full 13):
 PSYoungGen      total 28672K, used 7147K [0x00000000d5580000, 0x00000000d7980000, 0x0000000100000000)
  eden space 21504K, 0% used [0x00000000d5580000,0x00000000d5580000,0x00000000d6a80000)
  from space 7168K, 99% used [0x00000000d6a80000,0x00000000d717afe8,0x00000000d7180000)
  to   space 7680K, 0% used [0x00000000d7200000,0x00000000d7200000,0x00000000d7980000)
 ParOldGen       total 324096K, used 319250K [0x0000000080000000, 0x0000000093c80000, 0x00000000d5580000)
  object space 324096K, 98% used [0x0000000080000000,0x00000000937c4b50,0x0000000093c80000)
 Metaspace       used 85186K, committed 86720K, reserved 1179648K
  class space    used 8464K, committed 9152K, reserved 1048576K
}
Event: 1709.994 GC heap before
{Heap before GC invocations=262 (full 13):
 PSYoungGen      total 28672K, used 28651K [0x00000000d5580000, 0x00000000d7980000, 0x0000000100000000)
  eden space 21504K, 100% used [0x00000000d5580000,0x00000000d6a80000,0x00000000d6a80000)
  from space 7168K, 99% used [0x00000000d6a80000,0x00000000d717afe8,0x00000000d7180000)
  to   space 7680K, 0% used [0x00000000d7200000,0x00000000d7200000,0x00000000d7980000)
 ParOldGen       total 324096K, used 319250K [0x0000000080000000, 0x0000000093c80000, 0x00000000d5580000)
  object space 324096K, 98% used [0x0000000080000000,0x00000000937c4b50,0x0000000093c80000)
 Metaspace       used 85251K, committed 86784K, reserved 1179648K
  class space    used 8468K, committed 9152K, reserved 1048576K
}
Event: 1709.997 GC heap after
{Heap after GC invocations=262 (full 13):
 PSYoungGen      total 28672K, used 7648K [0x00000000d5580000, 0x00000000d7a80000, 0x0000000100000000)
  eden space 20992K, 0% used [0x00000000d5580000,0x00000000d5580000,0x00000000d6a00000)
  from space 7680K, 99% used [0x00000000d7200000,0x00000000d7978228,0x00000000d7980000)
  to   space 8192K, 0% used [0x00000000d6a00000,0x00000000d6a00000,0x00000000d7200000)
 ParOldGen       total 324096K, used 319433K [0x0000000080000000, 0x0000000093c80000, 0x00000000d5580000)
  object space 324096K, 98% used [0x0000000080000000,0x00000000937f2458,0x0000000093c80000)
 Metaspace       used 85251K, committed 86784K, reserved 1179648K
  class space    used 8468K, committed 9152K, reserved 1048576K
}
Event: 1710.485 GC heap before
{Heap before GC invocations=263 (full 13):
 PSYoungGen      total 28672K, used 28640K [0x00000000d5580000, 0x00000000d7a80000, 0x0000000100000000)
  eden space 20992K, 100% used [0x00000000d5580000,0x00000000d6a00000,0x00000000d6a00000)
  from space 7680K, 99% used [0x00000000d7200000,0x00000000d7978228,0x00000000d7980000)
  to   space 8192K, 0% used [0x00000000d6a00000,0x00000000d6a00000,0x00000000d7200000)
 ParOldGen       total 324096K, used 319433K [0x0000000080000000, 0x0000000093c80000, 0x00000000d5580000)
  object space 324096K, 98% used [0x0000000080000000,0x00000000937f2458,0x0000000093c80000)
 Metaspace       used 85365K, committed 86848K, reserved 1179648K
  class space    used 8486K, committed 9152K, reserved 1048576K
}
Event: 1710.488 GC heap after
{Heap after GC invocations=263 (full 13):
 PSYoungGen      total 29184K, used 8186K [0x00000000d5580000, 0x00000000d7c00000, 0x0000000100000000)
  eden space 20992K, 0% used [0x00000000d5580000,0x00000000d5580000,0x00000000d6a00000)
  from space 8192K, 99% used [0x00000000d6a00000,0x00000000d71feb08,0x00000000d7200000)
  to   space 9216K, 0% used [0x00000000d7300000,0x00000000d7300000,0x00000000d7c00000)
 ParOldGen       total 324096K, used 319913K [0x0000000080000000, 0x0000000093c80000, 0x00000000d5580000)
  object space 324096K, 98% used [0x0000000080000000,0x000000009386a738,0x0000000093c80000)
 Metaspace       used 85365K, committed 86848K, reserved 1179648K
  class space    used 8486K, committed 9152K, reserved 1048576K
}
Event: 1714.514 GC heap before
{Heap before GC invocations=264 (full 13):
 PSYoungGen      total 29184K, used 29178K [0x00000000d5580000, 0x00000000d7c00000, 0x0000000100000000)
  eden space 20992K, 100% used [0x00000000d5580000,0x00000000d6a00000,0x00000000d6a00000)
  from space 8192K, 99% used [0x00000000d6a00000,0x00000000d71feb08,0x00000000d7200000)
  to   space 9216K, 0% used [0x00000000d7300000,0x00000000d7300000,0x00000000d7c00000)
 ParOldGen       total 324096K, used 319913K [0x0000000080000000, 0x0000000093c80000, 0x00000000d5580000)
  object space 324096K, 98% used [0x0000000080000000,0x000000009386a738,0x0000000093c80000)
 Metaspace       used 85636K, committed 87232K, reserved 1179648K
  class space    used 8508K, committed 9216K, reserved 1048576K
}
Event: 1714.517 GC heap after
{Heap after GC invocations=264 (full 13):
 PSYoungGen      total 29696K, used 8319K [0x00000000d5580000, 0x00000000d7b80000, 0x0000000100000000)
  eden space 20992K, 0% used [0x00000000d5580000,0x00000000d5580000,0x00000000d6a00000)
  from space 8704K, 95% used [0x00000000d7300000,0x00000000d7b1fd78,0x00000000d7b80000)
  to   space 8704K, 0% used [0x00000000d6a80000,0x00000000d6a80000,0x00000000d7300000)
 ParOldGen       total 324096K, used 320257K [0x0000000080000000, 0x0000000093c80000, 0x00000000d5580000)
  object space 324096K, 98% used [0x0000000080000000,0x00000000938c0768,0x0000000093c80000)
 Metaspace       used 85636K, committed 87232K, reserved 1179648K
  class space    used 8508K, committed 9216K, reserved 1048576K
}
Event: 1721.662 GC heap before
{Heap before GC invocations=265 (full 13):
 PSYoungGen      total 29696K, used 29311K [0x00000000d5580000, 0x00000000d7b80000, 0x0000000100000000)
  eden space 20992K, 100% used [0x00000000d5580000,0x00000000d6a00000,0x00000000d6a00000)
  from space 8704K, 95% used [0x00000000d7300000,0x00000000d7b1fd78,0x00000000d7b80000)
  to   space 8704K, 0% used [0x00000000d6a80000,0x00000000d6a80000,0x00000000d7300000)
 ParOldGen       total 324096K, used 320257K [0x0000000080000000, 0x0000000093c80000, 0x00000000d5580000)
  object space 324096K, 98% used [0x0000000080000000,0x00000000938c0768,0x0000000093c80000)
 Metaspace       used 85667K, committed 87232K, reserved 1179648K
  class space    used 8510K, committed 9216K, reserved 1048576K
}
Event: 1721.665 GC heap after
{Heap after GC invocations=265 (full 13):
 PSYoungGen      total 29696K, used 8656K [0x00000000d5580000, 0x00000000d7c00000, 0x0000000100000000)
  eden space 20992K, 0% used [0x00000000d5580000,0x00000000d5580000,0x00000000d6a00000)
  from space 8704K, 99% used [0x00000000d6a80000,0x00000000d72f4278,0x00000000d7300000)
  to   space 9216K, 0% used [0x00000000d7300000,0x00000000d7300000,0x00000000d7c00000)
 ParOldGen       total 324096K, used 320265K [0x0000000080000000, 0x0000000093c80000, 0x00000000d5580000)
  object space 324096K, 98% used [0x0000000080000000,0x00000000938c2768,0x0000000093c80000)
 Metaspace       used 85667K, committed 87232K, reserved 1179648K
  class space    used 8510K, committed 9216K, reserved 1048576K
}
Event: 1723.747 GC heap before
{Heap before GC invocations=266 (full 13):
 PSYoungGen      total 29696K, used 29648K [0x00000000d5580000, 0x00000000d7c00000, 0x0000000100000000)
  eden space 20992K, 100% used [0x00000000d5580000,0x00000000d6a00000,0x00000000d6a00000)
  from space 8704K, 99% used [0x00000000d6a80000,0x00000000d72f4278,0x00000000d7300000)
  to   space 9216K, 0% used [0x00000000d7300000,0x00000000d7300000,0x00000000d7c00000)
 ParOldGen       total 324096K, used 320265K [0x0000000080000000, 0x0000000093c80000, 0x00000000d5580000)
  object space 324096K, 98% used [0x0000000080000000,0x00000000938c2768,0x0000000093c80000)
 Metaspace       used 85973K, committed 87488K, reserved 1179648K
  class space    used 8530K, committed 9216K, reserved 1048576K
}
Event: 1723.750 GC heap after
{Heap after GC invocations=266 (full 13):
 PSYoungGen      total 30208K, used 9040K [0x00000000d5580000, 0x00000000d7c00000, 0x0000000100000000)
  eden space 20992K, 0% used [0x00000000d5580000,0x00000000d5580000,0x00000000d6a00000)
  from space 9216K, 98% used [0x00000000d7300000,0x00000000d7bd4278,0x00000000d7c00000)
  to   space 9216K, 0% used [0x00000000d6a00000,0x00000000d6a00000,0x00000000d7300000)
 ParOldGen       total 324096K, used 320273K [0x0000000080000000, 0x0000000093c80000, 0x00000000d5580000)
  object space 324096K, 98% used [0x0000000080000000,0x00000000938c4768,0x0000000093c80000)
 Metaspace       used 85973K, committed 87488K, reserved 1179648K
  class space    used 8530K, committed 9216K, reserved 1048576K
}
Event: 1724.782 GC heap before
{Heap before GC invocations=267 (full 13):
 PSYoungGen      total 30208K, used 30032K [0x00000000d5580000, 0x00000000d7c00000, 0x0000000100000000)
  eden space 20992K, 100% used [0x00000000d5580000,0x00000000d6a00000,0x00000000d6a00000)
  from space 9216K, 98% used [0x00000000d7300000,0x00000000d7bd4278,0x00000000d7c00000)
  to   space 9216K, 0% used [0x00000000d6a00000,0x00000000d6a00000,0x00000000d7300000)
 ParOldGen       total 324096K, used 320273K [0x0000000080000000, 0x0000000093c80000, 0x00000000d5580000)
  object space 324096K, 98% used [0x0000000080000000,0x00000000938c4768,0x0000000093c80000)
 Metaspace       used 86966K, committed 88512K, reserved 1179648K
  class space    used 8704K, committed 9408K, reserved 1048576K
}
Event: 1724.786 GC heap after
{Heap after GC invocations=267 (full 13):
 PSYoungGen      total 30208K, used 9198K [0x00000000d5580000, 0x00000000d8600000, 0x0000000100000000)
  eden space 20992K, 0% used [0x00000000d5580000,0x00000000d5580000,0x00000000d6a00000)
  from space 9216K, 99% used [0x00000000d6a00000,0x00000000d72fb900,0x00000000d7300000)
  to   space 14336K, 0% used [0x00000000d7800000,0x00000000d7800000,0x00000000d8600000)
 ParOldGen       total 324608K, used 324469K [0x0000000080000000, 0x0000000093d00000, 0x00000000d5580000)
  object space 324608K, 99% used [0x0000000080000000,0x0000000093cdd748,0x0000000093d00000)
 Metaspace       used 86966K, committed 88512K, reserved 1179648K
  class space    used 8704K, committed 9408K, reserved 1048576K
}
Event: 1724.786 GC heap before
{Heap before GC invocations=268 (full 14):
 PSYoungGen      total 30208K, used 9198K [0x00000000d5580000, 0x00000000d8600000, 0x0000000100000000)
  eden space 20992K, 0% used [0x00000000d5580000,0x00000000d5580000,0x00000000d6a00000)
  from space 9216K, 99% used [0x00000000d6a00000,0x00000000d72fb900,0x00000000d7300000)
  to   space 14336K, 0% used [0x00000000d7800000,0x00000000d7800000,0x00000000d8600000)
 ParOldGen       total 324608K, used 324469K [0x0000000080000000, 0x0000000093d00000, 0x00000000d5580000)
  object space 324608K, 99% used [0x0000000080000000,0x0000000093cdd748,0x0000000093d00000)
 Metaspace       used 86966K, committed 88512K, reserved 1179648K
  class space    used 8704K, committed 9408K, reserved 1048576K
}

Dll operation events (11 events):
Event: 0.013 Loaded shared library c:\Users\casa\.vscode\extensions\redhat.java-1.30.0-win32-x64\jre\17.0.10-win32-x86_64\bin\java.dll
Event: 0.165 Loaded shared library c:\Users\casa\.vscode\extensions\redhat.java-1.30.0-win32-x64\jre\17.0.10-win32-x86_64\bin\zip.dll
Event: 0.168 Loaded shared library C:\Users\casa\.vscode\extensions\redhat.java-1.30.0-win32-x64\jre\17.0.10-win32-x86_64\bin\instrument.dll
Event: 0.178 Loaded shared library C:\Users\casa\.vscode\extensions\redhat.java-1.30.0-win32-x64\jre\17.0.10-win32-x86_64\bin\net.dll
Event: 0.180 Loaded shared library C:\Users\casa\.vscode\extensions\redhat.java-1.30.0-win32-x64\jre\17.0.10-win32-x86_64\bin\nio.dll
Event: 0.185 Loaded shared library C:\Users\casa\.vscode\extensions\redhat.java-1.30.0-win32-x64\jre\17.0.10-win32-x86_64\bin\zip.dll
Event: 0.199 Loaded shared library C:\Users\casa\.vscode\extensions\redhat.java-1.30.0-win32-x64\jre\17.0.10-win32-x86_64\bin\jimage.dll
Event: 0.239 Loaded shared library c:\Users\casa\.vscode\extensions\redhat.java-1.30.0-win32-x64\jre\17.0.10-win32-x86_64\bin\verify.dll
Event: 9.675 Loaded shared library C:\Users\casa\AppData\Roaming\Code\User\globalStorage\redhat.java\1.30.0\config_win\org.eclipse.equinox.launcher\org.eclipse.equinox.launcher.win32.win32.x86_64_1.2.900.v20240213-1244\eclipse_11900.dll
Event: 18.228 Loaded shared library C:\Users\casa\AppData\Local\Temp\jna-3046188\jna3764266230628286740.dll
Event: 32.561 Loaded shared library C:\Users\casa\.vscode\extensions\redhat.java-1.30.0-win32-x64\jre\17.0.10-win32-x86_64\bin\sunmscapi.dll

Deoptimization events (20 events):
Event: 1722.241 Thread 0x000001d2acc0ad10 Uncommon trap: reason=loop_limit_check action=maybe_recompile pc=0x000001d28c8797f8 method=org.eclipse.jdt.internal.compiler.parser.Parser.flushCommentsDefinedPriorTo(I)I @ 59 c2
Event: 1722.241 Thread 0x000001d2a1ebeaa0 Uncommon trap: reason=loop_limit_check action=maybe_recompile pc=0x000001d28c8797f8 method=org.eclipse.jdt.internal.compiler.parser.Parser.flushCommentsDefinedPriorTo(I)I @ 59 c2
Event: 1722.241 Thread 0x000001d2acc0ad10 DEOPT PACKING pc=0x000001d28c8797f8 sp=0x000000b13a3fe080
Event: 1722.241 Thread 0x000001d2a1ebeaa0 DEOPT PACKING pc=0x000001d28c8797f8 sp=0x000000b13c3fdf50
Event: 1722.241 Thread 0x000001d2acc0ad10 DEOPT UNPACKING pc=0x000001d28b5766a3 sp=0x000000b13a3fe040 mode 2
Event: 1722.241 Thread 0x000001d2a1ebeaa0 DEOPT UNPACKING pc=0x000001d28b5766a3 sp=0x000000b13c3fdf10 mode 2
Event: 1722.247 Thread 0x000001d2a1ebeaa0 Uncommon trap: trap_request=0xffffff45 fr.pc=0x000001d28c58015c relative=0x000000000000023c
Event: 1722.247 Thread 0x000001d2a1ebeaa0 Uncommon trap: reason=unstable_if action=reinterpret pc=0x000001d28c58015c method=org.eclipse.jdt.internal.core.index.DiskIndex.readDocumentName(I)Ljava/lang/String; @ 4 c2
Event: 1722.247 Thread 0x000001d2a1ebeaa0 DEOPT PACKING pc=0x000001d28c58015c sp=0x000000b13c3fd7a0
Event: 1722.247 Thread 0x000001d2a1ebeaa0 DEOPT UNPACKING pc=0x000001d28b5766a3 sp=0x000000b13c3fd708 mode 2
Event: 1722.720 Thread 0x000001d2a1ebeaa0 DEOPT PACKING pc=0x000001d28518426a sp=0x000000b13c3fd7c0
Event: 1722.720 Thread 0x000001d2a1ebeaa0 DEOPT UNPACKING pc=0x000001d28b576e43 sp=0x000000b13c3fcd88 mode 0
Event: 1723.654 Thread 0x000001d2a1ebeaa0 Uncommon trap: trap_request=0xfffffff4 fr.pc=0x000001d28c3fef88 relative=0x0000000000004508
Event: 1723.654 Thread 0x000001d2a1ebeaa0 Uncommon trap: reason=null_check action=make_not_entrant pc=0x000001d28c3fef88 method=org.eclipse.jdt.core.dom.DefaultBindingResolver.getPackageBinding(Lorg/eclipse/jdt/internal/compiler/lookup/PackageBinding;)Lorg/eclipse/jdt/core/dom/IPackageBinding; @ 
Event: 1723.654 Thread 0x000001d2a1ebeaa0 DEOPT PACKING pc=0x000001d28c3fef88 sp=0x000000b13c3fe420
Event: 1723.654 Thread 0x000001d2a1ebeaa0 DEOPT UNPACKING pc=0x000001d28b5766a3 sp=0x000000b13c3fe350 mode 2
Event: 1724.545 Thread 0x000001d29e9d6ae0 Uncommon trap: trap_request=0xffffffde fr.pc=0x000001d28c1a7dcc relative=0x00000000000016cc
Event: 1724.545 Thread 0x000001d29e9d6ae0 Uncommon trap: reason=class_check action=maybe_recompile pc=0x000001d28c1a7dcc method=com.google.gson.internal.bind.MapTypeAdapterFactory$Adapter.read(Lcom/google/gson/stream/JsonReader;)Ljava/util/Map; @ 22 c2
Event: 1724.545 Thread 0x000001d29e9d6ae0 DEOPT PACKING pc=0x000001d28c1a7dcc sp=0x000000b13bdfeaa0
Event: 1724.545 Thread 0x000001d29e9d6ae0 DEOPT UNPACKING pc=0x000001d28b5766a3 sp=0x000000b13bdfea58 mode 2

Classes unloaded (11 events):
Event: 18.129 Thread 0x000001d2febdea80 Unloading class 0x0000000100250400 'java/lang/invoke/LambdaForm$MH+0x0000000100250400'
Event: 18.129 Thread 0x000001d2febdea80 Unloading class 0x0000000100250000 'java/lang/invoke/LambdaForm$MH+0x0000000100250000'
Event: 18.129 Thread 0x000001d2febdea80 Unloading class 0x000000010024fc00 'java/lang/invoke/LambdaForm$MH+0x000000010024fc00'
Event: 18.129 Thread 0x000001d2febdea80 Unloading class 0x000000010024f800 'java/lang/invoke/LambdaForm$MH+0x000000010024f800'
Event: 18.129 Thread 0x000001d2febdea80 Unloading class 0x000000010024f400 'java/lang/invoke/LambdaForm$BMH+0x000000010024f400'
Event: 18.129 Thread 0x000001d2febdea80 Unloading class 0x000000010024f000 'java/lang/invoke/LambdaForm$DMH+0x000000010024f000'
Event: 18.129 Thread 0x000001d2febdea80 Unloading class 0x000000010024c400 'java/lang/invoke/LambdaForm$DMH+0x000000010024c400'
Event: 37.826 Thread 0x000001d2febdea80 Unloading class 0x0000000100824c00 'java/lang/invoke/LambdaForm$DMH+0x0000000100824c00'
Event: 37.826 Thread 0x000001d2febdea80 Unloading class 0x0000000100825400 'java/lang/invoke/LambdaForm$DMH+0x0000000100825400'
Event: 37.826 Thread 0x000001d2febdea80 Unloading class 0x0000000100824800 'java/lang/invoke/LambdaForm$DMH+0x0000000100824800'
Event: 37.826 Thread 0x000001d2febdea80 Unloading class 0x0000000100825000 'java/lang/invoke/LambdaForm$DMH+0x0000000100825000'

Classes redefined (0 events):
No events

Internal exceptions (20 events):
Event: 39.158 Thread 0x000001d29f11d690 Exception <a 'sun/nio/fs/WindowsException'{0x00000000d5cbaf20}> (0x00000000d5cbaf20) 
thrown [s\src\hotspot\share\prims\jni.cpp, line 516]
Event: 320.435 Thread 0x000001d29e9d4c80 Exception <a 'java/lang/NoSuchMethodError'{0x00000000d5cf0b50}: static [J.<clinit>()V> (0x00000000d5cf0b50) 
thrown [s\src\hotspot\share\prims\jni.cpp, line 1107]
Event: 1067.247 Thread 0x000001d2acc0c660 Exception <a 'java/lang/LinkageError'{0x00000000d6bb3c80}: loader lombok.launch.ShadowClassLoader @5e5276a7 attempted duplicate class definition for lombok.launch.PatchFixesHider$Javadoc. (lombok.launch.PatchFixesHider$Javadoc is in unnamed module of loader lombok.launch.ShadowClassLoader @5e5276a7, parent loader org.eclipse.osgi.internal.loader.EquinoxClassLoader @185b3c73)> (0x00000000d6bb3c80) 
thrown [s\src\hotspot\share\classfile\systemDictionary.cpp, line 1724]
Event: 1217.433 Thread 0x000001d29e9d4c80 Implicit null exception at 0x000001d28c685156 to 0x000001d28c685c14
Event: 1410.402 Thread 0x000001d29e9d6ae0 Implicit null exception at 0x000001d28c864d4c to 0x000001d28c864fa4
Event: 1410.474 Thread 0x000001d2acc06b40 Implicit null exception at 0x000001d28c848604 to 0x000001d28c84a11c
Event: 1410.739 Thread 0x000001d2acc0cb70 Exception <a 'java/lang/ArrayIndexOutOfBoundsException'{0x00000000d5d49430}: Index 2369 out of bounds for length 2368> (0x00000000d5d49430) 
thrown [s\src\hotspot\share\interpreter\interpreterRuntime.cpp, line 428]
Event: 1707.578 Thread 0x000001d2acc06b40 Exception <a 'java/lang/NullPointerException'{0x00000000d5906d98}> (0x00000000d5906d98) 
thrown [s\src\hotspot\share\interpreter\linkResolver.cpp, line 1433]
Event: 1707.842 Thread 0x000001d29e9d4c80 Exception <a 'java/lang/NoSuchMethodError'{0x00000000d67e3d20}: 'int java.lang.invoke.DirectMethodHandle$Holder.invokeStatic(java.lang.Object, java.lang.Object, java.lang.Object, java.lang.Object, java.lang.Object, java.lang.Object)'> (0x00000000d67e3d20) 
thrown [s\src\hotspot\share\interpreter\linkResolver.cpp, line 759]
Event: 1708.035 Thread 0x000001d29e9d7f20 Exception <a 'sun/nio/fs/WindowsException'{0x00000000d5e12100}> (0x00000000d5e12100) 
thrown [s\src\hotspot\share\prims\jni.cpp, line 516]
Event: 1708.051 Thread 0x000001d29e9d7f20 Exception <a 'sun/nio/fs/WindowsException'{0x00000000d5ebf1a0}> (0x00000000d5ebf1a0) 
thrown [s\src\hotspot\share\prims\jni.cpp, line 516]
Event: 1708.984 Thread 0x000001d2acc0c660 Exception <a 'sun/nio/fs/WindowsException'{0x00000000d66c5720}> (0x00000000d66c5720) 
thrown [s\src\hotspot\share\prims\jni.cpp, line 516]
Event: 1710.489 Thread 0x000001d2acc0ad10 Exception <a 'java/lang/NoSuchMethodError'{0x00000000d55a5ff8}: 'java.lang.Object java.lang.invoke.DirectMethodHandle$Holder.invokeStatic(java.lang.Object, int, java.lang.Object)'> (0x00000000d55a5ff8) 
thrown [s\src\hotspot\share\interpreter\linkResolver.cpp, line 759]
Event: 1722.244 Thread 0x000001d2acc0ad10 Exception <a 'java/lang/LinkageError'{0x00000000d5bacba0}: loader lombok.launch.ShadowClassLoader @5640bab3 attempted duplicate class definition for lombok.launch.PatchFixesHider$ExtensionMethod. (lombok.launch.PatchFixesHider$ExtensionMethod is in unnamed module of loader lombok.launch.ShadowClassLoader @5640bab3, parent loader org.eclipse.osgi.internal.loader.EquinoxClassLoader @7b9d26d6)> (0x00000000d5bacba0) 
thrown [s\src\hotspot\share\classfile\systemDictionary.cpp, line 1724]
Event: 1722.247 Thread 0x000001d2a1ebeaa0 Implicit null exception at 0x000001d28c57ffc6 to 0x000001d28c58013b
Event: 1723.654 Thread 0x000001d2a1ebeaa0 Implicit null exception at 0x000001d28c3fbf07 to 0x000001d28c3fef78
Event: 1724.547 Thread 0x000001d2acc0ad10 Exception <a 'java/lang/NoSuchMethodError'{0x00000000d59d6840}: 'void java.lang.invoke.DirectMethodHandle$Holder.invokeSpecial(java.lang.Object, java.lang.Object, int)'> (0x00000000d59d6840) 
thrown [s\src\hotspot\share\interpreter\linkResolver.cpp, line 759]
Event: 1724.577 Thread 0x000001d2acc0ad10 Exception <a 'java/lang/NoSuchMethodError'{0x00000000d5c18f98}: 'java.lang.Object java.lang.invoke.DirectMethodHandle$Holder.invokeSpecial(java.lang.Object, java.lang.Object, long, java.lang.Object, java.lang.Object, java.lang.Object, java.lang.Object, java.lang.Object, java.lang.Object, java.lang.Object, java.lang.Object, java.lang.Object)'> (0x00000000d5c18f98) 
thrown [s\src\hotspot\share\interpreter\linkResolver.cpp, line 759]
Event: 1724.577 Thread 0x000001d2acc0ad10 Exception <a 'java/lang/NoSuchMethodError'{0x00000000d5c1d750}: 'java.lang.Object java.lang.invoke.DelegatingMethodHandle$Holder.reinvoke_L(java.lang.Object, long, java.lang.Object, java.lang.Object, java.lang.Object, java.lang.Object, java.lang.Object, java.lang.Object, java.lang.Object, java.lang.Object, java.lang.Object)'> (0x00000000d5c1d750) 
thrown [s\src\hotspot\share\interpreter\linkResolver.cpp, line 759]
Event: 1724.578 Thread 0x000001d2acc0ad10 Exception <a 'java/lang/NoSuchMethodError'{0x00000000d5c4afe8}: 'java.lang.Object java.lang.invoke.Invokers$Holder.linkToTargetMethod(java.lang.Object, java.lang.Object, java.lang.Object, java.lang.Object, java.lang.Object, java.lang.Object, java.lang.Object, java.lang.Object, java.lang.Object, java.lang.Object)'> (0x00000000d5c4afe8) 
thrown [s\src\hotspot\share\interpreter\linkResolver.cpp, line 759]

VM Operations (20 events):
Event: 1710.488 Executing VM operation: ParallelGCFailedAllocation done
Event: 1711.499 Executing VM operation: Cleanup
Event: 1711.499 Executing VM operation: Cleanup done
Event: 1713.508 Executing VM operation: Cleanup
Event: 1713.508 Executing VM operation: Cleanup done
Event: 1714.514 Executing VM operation: ParallelGCFailedAllocation
Event: 1714.517 Executing VM operation: ParallelGCFailedAllocation done
Event: 1716.519 Executing VM operation: Cleanup
Event: 1716.519 Executing VM operation: Cleanup done
Event: 1721.662 Executing VM operation: ParallelGCFailedAllocation
Event: 1721.665 Executing VM operation: ParallelGCFailedAllocation done
Event: 1722.249 Executing VM operation: HandshakeAllThreads
Event: 1722.250 Executing VM operation: HandshakeAllThreads done
Event: 1723.252 Executing VM operation: Cleanup
Event: 1723.252 Executing VM operation: Cleanup done
Event: 1723.747 Executing VM operation: ParallelGCFailedAllocation
Event: 1723.750 Executing VM operation: ParallelGCFailedAllocation done
Event: 1724.583 Executing VM operation: HandshakeAllThreads
Event: 1724.583 Executing VM operation: HandshakeAllThreads done
Event: 1724.782 Executing VM operation: ParallelGCFailedAllocation

Events (20 events):
Event: 1710.044 Thread 0x000001d29c2d7d10 flushing nmethod 0x000001d2860a6e10
Event: 1710.478 Thread 0x000001d29ee64920 Thread exited: 0x000001d29ee64920
Event: 1710.479 Thread 0x000001d29ee63930 Thread exited: 0x000001d29ee63930
Event: 1710.722 Thread 0x000001d2acc0a800 Thread added: 0x000001d2acc0a800
Event: 1711.014 Thread 0x000001d29ee63930 Thread added: 0x000001d29ee63930
Event: 1711.014 Thread 0x000001d29ee64920 Thread added: 0x000001d29ee64920
Event: 1711.288 Thread 0x000001d2a1ebeaa0 Thread added: 0x000001d2a1ebeaa0
Event: 1711.289 Thread 0x000001d29ee64920 Thread exited: 0x000001d29ee64920
Event: 1711.295 Thread 0x000001d29ee63930 Thread exited: 0x000001d29ee63930
Event: 1721.650 Thread 0x000001d29ee63930 Thread added: 0x000001d29ee63930
Event: 1721.650 Thread 0x000001d29ee64920 Thread added: 0x000001d29ee64920
Event: 1722.661 Thread 0x000001d29ee64920 Thread exited: 0x000001d29ee64920
Event: 1722.665 Thread 0x000001d29ee63930 Thread exited: 0x000001d29ee63930
Event: 1722.724 Thread 0x000001d29ee63930 Thread added: 0x000001d29ee63930
Event: 1723.330 Thread 0x000001d29ee63930 Thread exited: 0x000001d29ee63930
Event: 1723.657 Thread 0x000001d29ee63930 Thread added: 0x000001d29ee63930
Event: 1723.657 Thread 0x000001d29ee64920 Thread added: 0x000001d29ee64920
Event: 1724.521 Thread 0x000001d29ee64920 Thread exited: 0x000001d29ee64920
Event: 1724.624 Thread 0x000001d2a1ebdb70 Thread added: 0x000001d2a1ebdb70
Event: 1724.771 Thread 0x000001d29ee63930 Thread exited: 0x000001d29ee63930


Dynamic libraries:
0x00007ff689610000 - 0x00007ff68961e000 	c:\Users\casa\.vscode\extensions\redhat.java-1.30.0-win32-x64\jre\17.0.10-win32-x86_64\bin\java.exe
0x00007ffd5d1f0000 - 0x00007ffd5d407000 	C:\WINDOWS\SYSTEM32\ntdll.dll
0x00007ffd5b990000 - 0x00007ffd5ba54000 	C:\WINDOWS\System32\KERNEL32.DLL
0x00007ffd5a810000 - 0x00007ffd5abb7000 	C:\WINDOWS\System32\KERNELBASE.dll
0x00007ffd5a510000 - 0x00007ffd5a621000 	C:\WINDOWS\System32\ucrtbase.dll
0x00007ffd3ee70000 - 0x00007ffd3ee87000 	c:\Users\casa\.vscode\extensions\redhat.java-1.30.0-win32-x64\jre\17.0.10-win32-x86_64\bin\jli.dll
0x00007ffd5bca0000 - 0x00007ffd5be4e000 	C:\WINDOWS\System32\USER32.dll
0x00007ffd5adb0000 - 0x00007ffd5add6000 	C:\WINDOWS\System32\win32u.dll
0x00007ffd5b280000 - 0x00007ffd5b2a9000 	C:\WINDOWS\System32\GDI32.dll
0x00007ffd3eea0000 - 0x00007ffd3eebb000 	c:\Users\casa\.vscode\extensions\redhat.java-1.30.0-win32-x64\jre\17.0.10-win32-x86_64\bin\VCRUNTIME140.dll
0x00007ffd5a630000 - 0x00007ffd5a749000 	C:\WINDOWS\System32\gdi32full.dll
0x00007ffd5ae10000 - 0x00007ffd5aeaa000 	C:\WINDOWS\System32\msvcp_win.dll
0x00007ffd41d00000 - 0x00007ffd41f93000 	C:\WINDOWS\WinSxS\amd64_microsoft.windows.common-controls_6595b64144ccf1df_6.0.22621.3527_none_270e469b73872a76\COMCTL32.dll
0x00007ffd5d100000 - 0x00007ffd5d1a7000 	C:\WINDOWS\System32\msvcrt.dll
0x00007ffd5b240000 - 0x00007ffd5b271000 	C:\WINDOWS\System32\IMM32.DLL
0x00007ffd4d9a0000 - 0x00007ffd4d9ac000 	c:\Users\casa\.vscode\extensions\redhat.java-1.30.0-win32-x64\jre\17.0.10-win32-x86_64\bin\vcruntime140_1.dll
0x00007ffd12170000 - 0x00007ffd121fd000 	c:\Users\casa\.vscode\extensions\redhat.java-1.30.0-win32-x64\jre\17.0.10-win32-x86_64\bin\msvcp140.dll
0x00007ffcf74b0000 - 0x00007ffcf8112000 	c:\Users\casa\.vscode\extensions\redhat.java-1.30.0-win32-x64\jre\17.0.10-win32-x86_64\bin\server\jvm.dll
0x00007ffd5bb80000 - 0x00007ffd5bc32000 	C:\WINDOWS\System32\ADVAPI32.dll
0x00007ffd5c120000 - 0x00007ffd5c1c8000 	C:\WINDOWS\System32\sechost.dll
0x00007ffd5ade0000 - 0x00007ffd5ae08000 	C:\WINDOWS\System32\bcrypt.dll
0x00007ffd5c000000 - 0x00007ffd5c115000 	C:\WINDOWS\System32\RPCRT4.dll
0x00007ffd59c70000 - 0x00007ffd59cbd000 	C:\WINDOWS\SYSTEM32\POWRPROF.dll
0x00007ffd3d870000 - 0x00007ffd3d879000 	C:\WINDOWS\SYSTEM32\WSOCK32.dll
0x00007ffd5ba70000 - 0x00007ffd5bae1000 	C:\WINDOWS\System32\WS2_32.dll
0x00007ffd539d0000 - 0x00007ffd539da000 	C:\WINDOWS\SYSTEM32\VERSION.dll
0x00007ffd4c8a0000 - 0x00007ffd4c8d4000 	C:\WINDOWS\SYSTEM32\WINMM.dll
0x00007ffd59c50000 - 0x00007ffd59c63000 	C:\WINDOWS\SYSTEM32\UMPDC.dll
0x00007ffd594f0000 - 0x00007ffd59508000 	C:\WINDOWS\SYSTEM32\kernel.appcore.dll
0x00007ffd4d4f0000 - 0x00007ffd4d4fa000 	c:\Users\casa\.vscode\extensions\redhat.java-1.30.0-win32-x64\jre\17.0.10-win32-x86_64\bin\jimage.dll
0x00007ffd4aa90000 - 0x00007ffd4acc2000 	C:\WINDOWS\SYSTEM32\DBGHELP.DLL
0x00007ffd5b350000 - 0x00007ffd5b6d8000 	C:\WINDOWS\System32\combase.dll
0x00007ffd5b850000 - 0x00007ffd5b927000 	C:\WINDOWS\System32\OLEAUT32.dll
0x00007ffd3eaa0000 - 0x00007ffd3ead2000 	C:\WINDOWS\SYSTEM32\dbgcore.DLL
0x00007ffd5ad30000 - 0x00007ffd5ada9000 	C:\WINDOWS\System32\bcryptPrimitives.dll
0x00007ffd431c0000 - 0x00007ffd431ce000 	c:\Users\casa\.vscode\extensions\redhat.java-1.30.0-win32-x64\jre\17.0.10-win32-x86_64\bin\instrument.dll
0x00007ffd12140000 - 0x00007ffd12165000 	c:\Users\casa\.vscode\extensions\redhat.java-1.30.0-win32-x64\jre\17.0.10-win32-x86_64\bin\java.dll
0x00007ffd1baf0000 - 0x00007ffd1bb08000 	c:\Users\casa\.vscode\extensions\redhat.java-1.30.0-win32-x64\jre\17.0.10-win32-x86_64\bin\zip.dll
0x00007ffd5c8a0000 - 0x00007ffd5d0fc000 	C:\WINDOWS\System32\SHELL32.dll
0x00007ffd58400000 - 0x00007ffd58cf6000 	C:\WINDOWS\SYSTEM32\windows.storage.dll
0x00007ffd582c0000 - 0x00007ffd583fe000 	C:\WINDOWS\SYSTEM32\wintypes.dll
0x00007ffd5bf00000 - 0x00007ffd5bff5000 	C:\WINDOWS\System32\SHCORE.dll
0x00007ffd5bc40000 - 0x00007ffd5bc9e000 	C:\WINDOWS\System32\shlwapi.dll
0x00007ffd5a440000 - 0x00007ffd5a461000 	C:\WINDOWS\SYSTEM32\profapi.dll
0x00007ffd3e5f0000 - 0x00007ffd3e609000 	C:\Users\casa\.vscode\extensions\redhat.java-1.30.0-win32-x64\jre\17.0.10-win32-x86_64\bin\net.dll
0x00007ffd53b00000 - 0x00007ffd53c36000 	C:\WINDOWS\SYSTEM32\WINHTTP.dll
0x00007ffd59950000 - 0x00007ffd599b9000 	C:\WINDOWS\system32\mswsock.dll
0x00007ffd1a380000 - 0x00007ffd1a396000 	C:\Users\casa\.vscode\extensions\redhat.java-1.30.0-win32-x64\jre\17.0.10-win32-x86_64\bin\nio.dll
0x00007ffd3ef10000 - 0x00007ffd3ef20000 	c:\Users\casa\.vscode\extensions\redhat.java-1.30.0-win32-x64\jre\17.0.10-win32-x86_64\bin\verify.dll
0x00007ffd15250000 - 0x00007ffd1528e000 	C:\Users\casa\AppData\Roaming\Code\User\globalStorage\redhat.java\1.30.0\config_win\org.eclipse.equinox.launcher\org.eclipse.equinox.launcher.win32.win32.x86_64_1.2.900.v20240213-1244\eclipse_11900.dll
0x00007ffd5af20000 - 0x00007ffd5b0c5000 	C:\WINDOWS\System32\ole32.dll
0x00007ffd59d90000 - 0x00007ffd59dab000 	C:\WINDOWS\SYSTEM32\CRYPTSP.dll
0x00007ffd59450000 - 0x00007ffd59485000 	C:\WINDOWS\system32\rsaenh.dll
0x00007ffd599f0000 - 0x00007ffd59a18000 	C:\WINDOWS\SYSTEM32\USERENV.dll
0x00007ffd59d70000 - 0x00007ffd59d7c000 	C:\WINDOWS\SYSTEM32\CRYPTBASE.dll
0x00007ffd58fa0000 - 0x00007ffd58fcd000 	C:\WINDOWS\SYSTEM32\IPHLPAPI.DLL
0x00007ffd5b6e0000 - 0x00007ffd5b6e9000 	C:\WINDOWS\System32\NSI.dll
0x00007ffd539e0000 - 0x00007ffd539f9000 	C:\WINDOWS\SYSTEM32\dhcpcsvc6.DLL
0x00007ffd53820000 - 0x00007ffd5383f000 	C:\WINDOWS\SYSTEM32\dhcpcsvc.DLL
0x00007ffd58fd0000 - 0x00007ffd590c8000 	C:\WINDOWS\SYSTEM32\DNSAPI.dll
0x00007ffd122c0000 - 0x00007ffd12305000 	C:\Users\casa\AppData\Local\Temp\jna-3046188\jna3764266230628286740.dll
0x00007ffd5b340000 - 0x00007ffd5b348000 	C:\WINDOWS\System32\PSAPI.DLL
0x00007ffd3d9f0000 - 0x00007ffd3d9fe000 	C:\Users\casa\.vscode\extensions\redhat.java-1.30.0-win32-x64\jre\17.0.10-win32-x86_64\bin\sunmscapi.dll
0x00007ffd5abc0000 - 0x00007ffd5ad28000 	C:\WINDOWS\System32\CRYPT32.dll
0x00007ffd59e20000 - 0x00007ffd59e4e000 	C:\WINDOWS\SYSTEM32\ncrypt.dll
0x00007ffd59dd0000 - 0x00007ffd59e07000 	C:\WINDOWS\SYSTEM32\NTASN1.dll
0x00007ffd59510000 - 0x00007ffd59544000 	C:\WINDOWS\SYSTEM32\ntmarta.dll

dbghelp: loaded successfully - version: 4.0.5 - missing functions: none
symbol engine: initialized successfully - sym options: 0x614 - pdb path: .;c:\Users\casa\.vscode\extensions\redhat.java-1.30.0-win32-x64\jre\17.0.10-win32-x86_64\bin;C:\WINDOWS\SYSTEM32;C:\WINDOWS\WinSxS\amd64_microsoft.windows.common-controls_6595b64144ccf1df_6.0.22621.3527_none_270e469b73872a76;c:\Users\casa\.vscode\extensions\redhat.java-1.30.0-win32-x64\jre\17.0.10-win32-x86_64\bin\server;C:\Users\casa\AppData\Roaming\Code\User\globalStorage\redhat.java\1.30.0\config_win\org.eclipse.equinox.launcher\org.eclipse.equinox.launcher.win32.win32.x86_64_1.2.900.v20240213-1244;C:\Users\casa\AppData\Local\Temp\jna-3046188

VM Arguments:
jvm_args: --add-modules=ALL-SYSTEM --add-opens=java.base/java.util=ALL-UNNAMED --add-opens=java.base/java.lang=ALL-UNNAMED --add-opens=java.base/sun.nio.fs=ALL-UNNAMED -Declipse.application=org.eclipse.jdt.ls.core.id1 -Dosgi.bundles.defaultStartLevel=4 -Declipse.product=org.eclipse.jdt.ls.core.product -Djava.import.generatesMetadataFilesAtProjectRoot=false -DDetectVMInstallationsJob.disabled=true -Dfile.encoding=utf8 -XX:+UseParallelGC -XX:GCTimeRatio=4 -XX:AdaptiveSizePolicyWeight=90 -Dsun.zip.disableMemoryMapping=true -Xmx2G -Xms100m -Xlog:disable -javaagent:c:\Users\casa\.vscode\extensions\redhat.java-1.30.0-win32-x64\lombok\lombok-1.18.32.jar -XX:+HeapDumpOnOutOfMemoryError -XX:HeapDumpPath=c:\Users\casa\AppData\Roaming\Code\User\workspaceStorage\2ca1e065a12013a041ddb2075f267414\redhat.java -Daether.dependencyCollector.impl=bf 
java_command: c:\Users\casa\.vscode\extensions\redhat.java-1.30.0-win32-x64\server\plugins\org.eclipse.equinox.launcher_1.6.800.v20240330-1250.jar -configuration c:\Users\casa\AppData\Roaming\Code\User\globalStorage\redhat.java\1.30.0\config_win -data c:\Users\casa\AppData\Roaming\Code\User\workspaceStorage\2ca1e065a12013a041ddb2075f267414\redhat.java\jdt_ws --pipe=\\.\pipe\lsp-69093d674d48d09592aab3e5efc7abe3-sock
java_class_path (initial): c:\Users\casa\.vscode\extensions\redhat.java-1.30.0-win32-x64\server\plugins\org.eclipse.equinox.launcher_1.6.800.v20240330-1250.jar
Launcher Type: SUN_STANDARD

[Global flags]
    uintx AdaptiveSizePolicyWeight                 = 90                                        {product} {command line}
     intx CICompilerCount                          = 4                                         {product} {ergonomic}
    uintx GCTimeRatio                              = 4                                         {product} {command line}
     bool HeapDumpOnOutOfMemoryError               = true                                   {manageable} {command line}
    ccstr HeapDumpPath                             = c:\Users\casa\AppData\Roaming\Code\User\workspaceStorage\2ca1e065a12013a041ddb2075f267414\redhat.java         {manageable} {command line}
   size_t InitialHeapSize                          = 104857600                                 {product} {command line}
   size_t MaxHeapSize                              = 2147483648                                {product} {command line}
   size_t MaxNewSize                               = 715653120                                 {product} {ergonomic}
   size_t MinHeapDeltaBytes                        = 524288                                    {product} {ergonomic}
   size_t MinHeapSize                              = 104857600                                 {product} {command line}
   size_t NewSize                                  = 34603008                                  {product} {ergonomic}
    uintx NonNMethodCodeHeapSize                   = 5839372                                {pd product} {ergonomic}
    uintx NonProfiledCodeHeapSize                  = 122909434                              {pd product} {ergonomic}
   size_t OldSize                                  = 70254592                                  {product} {ergonomic}
    uintx ProfiledCodeHeapSize                     = 122909434                              {pd product} {ergonomic}
    uintx ReservedCodeCacheSize                    = 251658240                              {pd product} {ergonomic}
     bool SegmentedCodeCache                       = true                                      {product} {ergonomic}
   size_t SoftMaxHeapSize                          = 2147483648                             {manageable} {ergonomic}
     bool UseCompressedClassPointers               = true                           {product lp64_product} {ergonomic}
     bool UseCompressedOops                        = true                           {product lp64_product} {ergonomic}
     bool UseLargePagesIndividualAllocation        = false                                  {pd product} {ergonomic}
     bool UseParallelGC                            = true                                      {product} {command line}

Logging:
Log output configuration:
 #0: stdout all=off uptime,level,tags
 #1: stderr all=off uptime,level,tags

Environment Variables:
PATH=C:\Program Files\Common Files\Oracle\Java\javapath;C:\Program Files (x86)\Common Files\Oracle\Java\javapath;C:\ProgramData\Oracle\Java\javapath;C:\Windows\system32;C:\Windows;C:\Windows\System32\Wbem;C:\Windows\System32\WindowsPowerShell\v1.0\;C:\Windows\System32\OpenSSH\;C:\ProgramData\chocolatey\bin;C:\Program Files (x86)\NVIDIA Corporation\PhysX\Common;C:\WINDOWS\system32;C:\WINDOWS;C:\WINDOWS\System32\Wbem;C:\WINDOWS\System32\WindowsPowerShell\v1.0\;C:\WINDOWS\System32\OpenSSH\;C:\Program Files (x86)\Microsoft SQL Server\160\Tools\Binn\;C:\Program Files\Microsoft SQL Server\160\Tools\Binn\;C:\Program Files\Microsoft SQL Server\Client SDK\ODBC\170\Tools\Binn\;C:\Program Files\Microsoft SQL Server\160\DTS\Binn\;C:\Program Files (x86)\Microsoft SQL Server\160\DTS\Binn\;C:\Program Files\Git\cmd;C:\Program Files\nodejs\;C:\Program Files\dotnet\;C:\Program Files\Microsoft SQL Server\150\Tools\Binn\;C:\Users\casa\AppData\Local\Microsoft\WindowsApps;C:\Program Files\Azure Data Studio\bin;C:\Program Files\nodejs\;C:\Users\casa\AppData\Local\Programs\Microsoft VS Code\bin;C:\Users\casa\AppData\Roaming\npm;C:\Users\casa\.dotnet\tools;C:\Users\casa\AppData\Roaming\npm\node_modules\@angular\cli\bin;
USERNAME=casa
OS=Windows_NT
PROCESSOR_IDENTIFIER=Intel64 Family 6 Model 151 Stepping 2, GenuineIntel
TMP=C:\Users\casa\AppData\Local\Temp
TEMP=C:\Users\casa\AppData\Local\Temp



Periodic native trim disabled


---------------  S Y S T E M  ---------------

OS:
 Windows 11 , 64 bit Build 22621 (10.0.22621.3527)
OS uptime: 0 days 0:37 hours
Hyper-V role detected

CPU: total 12 (initial active 12) (6 cores per cpu, 2 threads per core) family 6 model 151 stepping 2 microcode 0x1e, cx8, cmov, fxsr, ht, mmx, 3dnowpref, sse, sse2, sse3, ssse3, sse4.1, sse4.2, popcnt, lzcnt, tsc, tscinvbit, avx, avx2, aes, erms, clmul, bmi1, bmi2, adx, sha, fma, vzeroupper, clflush, clflushopt, clwb, hv
Processor Information for all 12 processors :
  Max Mhz: 2500, Current Mhz: 2500, Mhz Limit: 2500

Memory: 4k page, system-wide physical 16225M (7995M free)
TotalPageFile size 17249M (AvailPageFile size 7573M)
current process WorkingSet (physical memory assigned to process): 769M, peak: 801M
current process commit charge ("private bytes"): 729M, peak: 764M

vm_info: OpenJDK 64-Bit Server VM (17.0.10+7) for windows-amd64 JRE (17.0.10+7), built on Jan 16 2024 23:25:11 by "admin" with MS VC++ 16.10 / 16.11 (VS2019)

END.
