#
# A fatal error has been detected by the Java Runtime Environment:
#
#  EXCEPTION_ACCESS_VIOLATION (0xc0000005) at pc=0x00007ffa2a1a951b, pid=8656, tid=16412
#
# JRE version: Java(TM) SE Runtime Environment (20.0.2+9) (build 20.0.2+9-78)
# Java VM: Java HotSpot(TM) 64-Bit Server VM (20.0.2+9-78, mixed mode, sharing, tiered, compressed oops, compressed class ptrs, g1 gc, windows-amd64)
# Problematic frame:
# V  [jvm.dll+0x83951b]
#
# No core dump will be written. Minidumps are not enabled by default on client versions of Windows
#
# If you would like to submit a bug report, please visit:
#   https://bugreport.java.com/bugreport/crash.jsp
#

---------------  S U M M A R Y ------------

Command Line: -XX:+ShowCodeDetailsInExceptionMessages com.guardias.backend.BackendApplication

Host: Intel(R) Core(TM) i7-4700MQ CPU @ 2.40GHz, 8 cores, 15G,  Windows 10 , 64 bit Build 19041 (10.0.19041.3155)
Time: Mon Sep  4 10:16:13 2023 Hora estándar de Argentina elapsed time: 231.326695 seconds (0d 0h 3m 51s)

---------------  T H R E A D  ---------------

Current thread (0x000001df2ad10010):  JavaThread "http-nio-8080-exec-2" daemon [_thread_in_vm, id=16412, stack(0x00000047c1400000,0x00000047c1500000)]

Stack: [0x00000047c1400000,0x00000047c1500000],  sp=0x00000047c14fa3f0,  free space=1000k
Native frames: (J=compiled Java code, j=interpreted, Vv=VM code, C=native code)
V  [jvm.dll+0x83951b]
V  [jvm.dll+0x83ce0b]
V  [jvm.dll+0x83645c]
V  [jvm.dll+0x3c86d9]
V  [jvm.dll+0x3c77a7]
V  [jvm.dll+0x3c7748]
V  [jvm.dll+0x3d8a3a]
C  0x000001ded206f8ff

Java frames: (J=compiled Java code, j=interpreted, Vv=VM code)
j  org.springframework.web.context.request.async.WebAsyncUtils.getAsyncManager(Ljakarta/servlet/ServletRequest;)Lorg/springframework/web/context/request/async/WebAsyncManager;+30
j  org.springframework.web.servlet.FrameworkServlet.processRequest(Ljakarta/servlet/http/HttpServletRequest;Ljakarta/servlet/http/HttpServletResponse;)V+35
j  org.springframework.web.servlet.FrameworkServlet.doGet(Ljakarta/servlet/http/HttpServletRequest;Ljakarta/servlet/http/HttpServletResponse;)V+3
j  jakarta.servlet.http.HttpServlet.service(Ljakarta/servlet/http/HttpServletRequest;Ljakarta/servlet/http/HttpServletResponse;)V+35
j  org.springframework.web.servlet.FrameworkServlet.service(Ljakarta/servlet/http/HttpServletRequest;Ljakarta/servlet/http/HttpServletResponse;)V+20
j  jakarta.servlet.http.HttpServlet.service(Ljakarta/servlet/ServletRequest;Ljakarta/servlet/ServletResponse;)V+36
j  org.apache.catalina.core.ApplicationFilterChain.internalDoFilter(Ljakarta/servlet/ServletRequest;Ljakarta/servlet/ServletResponse;)V+305
j  org.apache.catalina.core.ApplicationFilterChain.doFilter(Ljakarta/servlet/ServletRequest;Ljakarta/servlet/ServletResponse;)V+99
j  org.apache.tomcat.websocket.server.WsFilter.doFilter(Ljakarta/servlet/ServletRequest;Ljakarta/servlet/ServletResponse;Ljakarta/servlet/FilterChain;)V+21
j  org.apache.catalina.core.ApplicationFilterChain.internalDoFilter(Ljakarta/servlet/ServletRequest;Ljakarta/servlet/ServletResponse;)V+135
j  org.apache.catalina.core.ApplicationFilterChain.doFilter(Ljakarta/servlet/ServletRequest;Ljakarta/servlet/ServletResponse;)V+99
j  org.springframework.web.filter.RequestContextFilter.doFilterInternal(Ljakarta/servlet/http/HttpServletRequest;Ljakarta/servlet/http/HttpServletResponse;Ljakarta/servlet/FilterChain;)V+21
j  org.springframework.web.filter.OncePerRequestFilter.doFilter(Ljakarta/servlet/ServletRequest;Ljakarta/servlet/ServletResponse;Ljakarta/servlet/FilterChain;)V+150
j  org.apache.catalina.core.ApplicationFilterChain.internalDoFilter(Ljakarta/servlet/ServletRequest;Ljakarta/servlet/ServletResponse;)V+135
j  org.apache.catalina.core.ApplicationFilterChain.doFilter(Ljakarta/servlet/ServletRequest;Ljakarta/servlet/ServletResponse;)V+99
j  org.springframework.web.filter.FormContentFilter.doFilterInternal(Ljakarta/servlet/http/HttpServletRequest;Ljakarta/servlet/http/HttpServletResponse;Ljakarta/servlet/FilterChain;)V+38
j  org.springframework.web.filter.OncePerRequestFilter.doFilter(Ljakarta/servlet/ServletRequest;Ljakarta/servlet/ServletResponse;Ljakarta/servlet/FilterChain;)V+150
j  org.apache.catalina.core.ApplicationFilterChain.internalDoFilter(Ljakarta/servlet/ServletRequest;Ljakarta/servlet/ServletResponse;)V+135
j  org.apache.catalina.core.ApplicationFilterChain.doFilter(Ljakarta/servlet/ServletRequest;Ljakarta/servlet/ServletResponse;)V+99
j  org.springframework.web.filter.CharacterEncodingFilter.doFilterInternal(Ljakarta/servlet/http/HttpServletRequest;Ljakarta/servlet/http/HttpServletResponse;Ljakarta/servlet/FilterChain;)V+53
j  org.springframework.web.filter.OncePerRequestFilter.doFilter(Ljakarta/servlet/ServletRequest;Ljakarta/servlet/ServletResponse;Ljakarta/servlet/FilterChain;)V+150
j  org.apache.catalina.core.ApplicationFilterChain.internalDoFilter(Ljakarta/servlet/ServletRequest;Ljakarta/servlet/ServletResponse;)V+135
j  org.apache.catalina.core.ApplicationFilterChain.doFilter(Ljakarta/servlet/ServletRequest;Ljakarta/servlet/ServletResponse;)V+99
j  org.apache.catalina.core.StandardWrapperValve.invoke(Lorg/apache/catalina/connector/Request;Lorg/apache/catalina/connector/Response;)V+514
j  org.apache.catalina.core.StandardContextValve.invoke(Lorg/apache/catalina/connector/Request;Lorg/apache/catalina/connector/Response;)V+169
j  org.apache.catalina.authenticator.AuthenticatorBase.invoke(Lorg/apache/catalina/connector/Request;Lorg/apache/catalina/connector/Response;)V+218
j  org.apache.catalina.core.StandardHostValve.invoke(Lorg/apache/catalina/connector/Request;Lorg/apache/catalina/connector/Response;)V+131
j  org.apache.catalina.valves.ErrorReportValve.invoke(Lorg/apache/catalina/connector/Request;Lorg/apache/catalina/connector/Response;)V+6
j  org.apache.catalina.core.StandardEngineValve.invoke(Lorg/apache/catalina/connector/Request;Lorg/apache/catalina/connector/Response;)V+59
j  org.apache.catalina.connector.CoyoteAdapter.service(Lorg/apache/coyote/Request;Lorg/apache/coyote/Response;)V+187
j  org.apache.coyote.http11.Http11Processor.service(Lorg/apache/tomcat/util/net/SocketWrapperBase;)Lorg/apache/tomcat/util/net/AbstractEndpoint$Handler$SocketState;+785
j  org.apache.coyote.AbstractProcessorLight.process(Lorg/apache/tomcat/util/net/SocketWrapperBase;Lorg/apache/tomcat/util/net/SocketEvent;)Lorg/apache/tomcat/util/net/AbstractEndpoint$Handler$SocketState;+152
j  org.apache.coyote.AbstractProtocol$ConnectionHandler.process(Lorg/apache/tomcat/util/net/SocketWrapperBase;Lorg/apache/tomcat/util/net/SocketEvent;)Lorg/apache/tomcat/util/net/AbstractEndpoint$Handler$SocketState;+482
j  org.apache.tomcat.util.net.NioEndpoint$SocketProcessor.doRun()V+249
j  org.apache.tomcat.util.net.SocketProcessorBase.run()V+32
j  org.apache.tomcat.util.threads.ThreadPoolExecutor.runWorker(Lorg/apache/tomcat/util/threads/ThreadPoolExecutor$Worker;)V+92
j  org.apache.tomcat.util.threads.ThreadPoolExecutor$Worker.run()V+5
j  org.apache.tomcat.util.threads.TaskThread$WrappingRunnable.run()V+4
j  java.lang.Thread.runWith(Ljava/lang/Object;Ljava/lang/Runnable;)V+5 java.base@20.0.2
j  java.lang.Thread.run()V+19 java.base@20.0.2
v  ~StubRoutines::call_stub 0x000001ded204100d

siginfo: EXCEPTION_ACCESS_VIOLATION (0xc0000005), reading address 0xffffffffffffffff


Registers:
RAX=0x00000000000000b6, RBX=0x00000047c14fb8e0, RCX=0x800001df2920b400, RDX=0x0000000000000018
RSP=0x00000047c14fa3f0, RBP=0x00000047c14fa4f0, RSI=0x000001df2ad10010, RDI=0x00000047c14fb4d0
R8 =0x0000000000000003, R9 =0x000001df2c3ebce0, R10=0x00007ffa29970000, R11=0x0000000000000000
R12=0x000001df29688760, R13=0x0000000000000010, R14=0x0000000000000002, R15=0x000000000000007d
RIP=0x00007ffa2a1a951b, EFLAGS=0x0000000000010297


Register to memory mapping:

RIP=0x00007ffa2a1a951b jvm.dll
RAX=0x00000000000000b6 is an unknown value
RBX=0x00000047c14fb8e0 is pointing into the stack for thread: 0x000001df2ad10010
RCX=0x800001df2920b400 is an unknown value
RDX=0x0000000000000018 is an unknown value
RSP=0x00000047c14fa3f0 is pointing into the stack for thread: 0x000001df2ad10010
RBP=0x00000047c14fa4f0 is pointing into the stack for thread: 0x000001df2ad10010
RSI=0x000001df2ad10010 is a thread
RDI=0x00000047c14fb4d0 is pointing into the stack for thread: 0x000001df2ad10010
R8 =0x0000000000000003 is an unknown value
R9 =0x000001df2c3ebce0 points into unknown readable memory: 0x0000000000000002 | 02 00 00 00 00 00 00 00
R10=0x00007ffa29970000 jvm.dll
R11=0x0 is NULL
R12=0x000001df29688760 points into unknown readable memory: 0x00007ffa00000002 | 02 00 00 00 fa 7f 00 00
R13=0x0000000000000010 is an unknown value
R14=0x0000000000000002 is an unknown value
R15=0x000000000000007d is an unknown value


Top of Stack: (sp=0x00000047c14fa3f0)
0x00000047c14fa3f0:   00000047c14fb8e0 000001df2ad10010
0x00000047c14fa400:   000001df29688760 000001dee2886fb8
0x00000047c14fa410:   0000004700000400 000001df2ad10010
0x00000047c14fa420:   000001df2ad10010 00000047c14fa5f8
0x00000047c14fa430:   00000047c14fa6e8 00000047c14fa700
0x00000047c14fa440:   000001df2ad1006b 000001df2ad10010
0x00000047c14fa450:   000000b62b320070 0000000000000000
0x00000047c14fa460:   000001df2ad10010 00007ffa2a1a9ead
0x00000047c14fa470:   0000000000000008 00000047c14fa521
0x00000047c14fa480:   0000000000000000 000001df2ad10010
0x00000047c14fa490:   000001df28b5b3a0 00007ffa2a1a73d4
0x00000047c14fa4a0:   000001df2ad10010 000001df2b32dd26
0x00000047c14fa4b0:   0000000000000013 00000047c14fb4d0
0x00000047c14fa4c0:   000001df2ad10010 00007ffa2a0a506b
0x00000047c14fa4d0:   000001df2b32dd20 00007ffa29bdcabe
0x00000047c14fa4e0:   000001df29b92850 00000047c14fd4b0
0x00000047c14fa4f0:   0000000000000004 00000047c14fa550
0x00000047c14fa500:   000000000000000f 00000047c14fa5c0
0x00000047c14fa510:   00000047c14fb4d0 000001df2ad10010
0x00000047c14fa520:   00000047c14fa5c0 00007ffa2a1a7002
0x00000047c14fa530:   000001df2ad10010 0000000000000000
0x00000047c14fa540:   0000000000000010 00000000000000b6
0x00000047c14fa550:   0000000000000010 0000000000000700
0x00000047c14fa560:   00000047c14fa670 00007ffa2a1ace0b
0x00000047c14fa570:   00000047c14fb4d0 00000047c14fa670
0x00000047c14fa580:   0000000000000014 00000047c14fa5c0
0x00000047c14fa590:   00000047c14fa700 00000047c14fa5f8
0x00000047c14fa5a0:   ffffffffffff0001 00000047c14fa6e8
0x00000047c14fa5b0:   00000047c14fa700 800001df2920b400
0x00000047c14fa5c0:   0000000300000010 0000000300000003
0x00000047c14fa5d0:   0000000400000003 0000000000000000
0x00000047c14fa5e0:   000001df29688618 000001df29688630 

Instructions: (pc=0x00007ffa2a1a951b)
0x00007ffa2a1a941b:   ee 1a 00 4c 8d 05 cb 5f 1c 00 44 89 5c 24 6c 48
0x00007ffa2a1a942b:   8d 55 b0 66 44 89 5c 24 74 66 0f 6f d1 66 44 89
0x00007ffa2a1a943b:   5d 8c 48 8b cf f3 0f 7f 4d 90 44 89 6c 24 68 66
0x00007ffa2a1a944b:   0f 15 d2 c7 44 24 70 09 00 00 00 0f 10 44 24 68
0x00007ffa2a1a945b:   c7 45 88 09 00 00 00 0f 29 4d c0 0f 29 45 b0 0f
0x00007ffa2a1a946b:   10 45 88 f2 0f 11 55 e0 0f 29 45 d0 e8 54 e4 ff
0x00007ffa2a1a947b:   ff e9 8b 06 00 00 3d ba 00 00 00 0f 85 88 00 00
0x00007ffa2a1a948b:   00 48 8b 01 48 63 49 10 48 8b 40 08 80 7c 08 3b
0x00007ffa2a1a949b:   00 75 07 80 7c 08 3c 00 74 6b 66 0f 6f 0d 13 ee
0x00007ffa2a1a94ab:   1a 00 4c 8d 05 74 5f 1c 00 44 89 5c 24 6c 48 8d
0x00007ffa2a1a94bb:   55 b0 66 44 89 5c 24 74 66 0f 6f d1 66 44 89 5d
0x00007ffa2a1a94cb:   8c 48 8b cf f3 0f 7f 4d 90 44 89 6c 24 68 66 0f
0x00007ffa2a1a94db:   15 d2 c7 44 24 70 09 00 00 00 0f 10 44 24 68 c7
0x00007ffa2a1a94eb:   45 88 09 00 00 00 0f 29 4d c0 0f 29 45 b0 0f 10
0x00007ffa2a1a94fb:   45 88 f2 0f 11 55 e0 0f 29 45 d0 e8 c5 e3 ff ff
0x00007ffa2a1a950b:   e9 fc 05 00 00 8b 44 24 64 48 8b 8d c8 00 00 00
0x00007ffa2a1a951b:   80 79 06 3c 75 7f 3d b7 00 00 00 75 0d 48 3b 0d
0x00007ffa2a1a952b:   59 b7 39 00 0f 84 00 02 00 00 66 0f 6f 0d 83 ed
0x00007ffa2a1a953b:   1a 00 4c 8d 05 24 5f 1c 00 44 89 5c 24 6c 48 8d
0x00007ffa2a1a954b:   55 b0 66 44 89 5c 24 74 66 0f 6f d1 66 44 89 5d
0x00007ffa2a1a955b:   8c 48 8b cf f3 0f 7f 4d 90 44 89 6c 24 68 66 0f
0x00007ffa2a1a956b:   15 d2 c7 44 24 70 09 00 00 00 0f 10 44 24 68 c7
0x00007ffa2a1a957b:   45 88 09 00 00 00 0f 29 4d c0 0f 29 45 b0 0f 10
0x00007ffa2a1a958b:   45 88 f2 0f 11 55 e0 0f 29 45 d0 e8 35 e3 ff ff
0x00007ffa2a1a959b:   e9 6c 05 00 00 3d b7 00 00 00 0f 85 8a 01 00 00
0x00007ffa2a1a95ab:   4c 8b 45 a0 4c 8b 97 e0 1f 00 00 4c 3b 87 f8 1f
0x00007ffa2a1a95bb:   00 00 0f 84 76 01 00 00 49 8b 8a 98 01 00 00 48
0x00007ffa2a1a95cb:   85 c9 74 2a 4c 63 09 4d 85 c9 7e 22 49 8b d3 48
0x00007ffa2a1a95db:   83 c1 08 66 90 48 8b 01 4c 3b 40 18 0f 84 4c 01
0x00007ffa2a1a95eb:   00 00 48 ff c2 48 83 c1 08 49 3b d1 7c e7 49 8b
0x00007ffa2a1a95fb:   42 78 4c 3b 40 18 0f 84 32 01 00 00 0f b7 4c 24
0x00007ffa2a1a960b:   60 48 8d 55 00 48 8b 85 b8 00 00 00 45 33 c9 4c 


Stack slot to memory mapping:
stack at sp + 0 slots: 0x00000047c14fb8e0 is pointing into the stack for thread: 0x000001df2ad10010
stack at sp + 1 slots: 0x000001df2ad10010 is a thread
stack at sp + 2 slots: 0x000001df29688760 points into unknown readable memory: 0x00007ffa00000002 | 02 00 00 00 fa 7f 00 00
stack at sp + 3 slots: 0x000001dee2886fb8 is pointing into metadata
stack at sp + 4 slots: 0x0000004700000400 is an unknown value
stack at sp + 5 slots: 0x000001df2ad10010 is a thread
stack at sp + 6 slots: 0x000001df2ad10010 is a thread
stack at sp + 7 slots: 0x00000047c14fa5f8 is pointing into the stack for thread: 0x000001df2ad10010


---------------  P R O C E S S  ---------------

Threads class SMR info:
_java_thread_list=0x000001df2855b240, length=28, elements={
0x000001dee2080e70, 0x000001dee20817b0, 0x000001dee2085240, 0x000001dee20870f0,
0x000001dee208a2e0, 0x000001dee208d7d0, 0x000001dee20940f0, 0x000001dee2095210,
0x000001df27518180, 0x000001df2752cd30, 0x000001df2a8b4080, 0x000001df2a8b45d0,
0x000001df2a8b4b20, 0x000001df2a8b2b40, 0x000001df2a8b3090, 0x000001df2ad0b5b0,
0x000001df2ad10010, 0x000001df2ad10560, 0x000001df2ad10ab0, 0x000001df2ad11000,
0x000001df2ad0d040, 0x000001df2ad0f570, 0x000001df2ad0bb00, 0x000001df2ad12a90,
0x000001df2ad0dae0, 0x000001df2ad0e030, 0x000001df2ad0c050, 0x000001df2ad0c5a0
}

Java Threads: ( => current thread )
  0x000001dee2080e70 JavaThread "Reference Handler" daemon [_thread_blocked, id=14996, stack(0x00000047bf700000,0x00000047bf800000)]
  0x000001dee20817b0 JavaThread "Finalizer" daemon [_thread_blocked, id=12020, stack(0x00000047bf800000,0x00000047bf900000)]
  0x000001dee2085240 JavaThread "Signal Dispatcher" daemon [_thread_blocked, id=8876, stack(0x00000047bf900000,0x00000047bfa00000)]
  0x000001dee20870f0 JavaThread "Attach Listener" daemon [_thread_blocked, id=5332, stack(0x00000047bfa00000,0x00000047bfb00000)]
  0x000001dee208a2e0 JavaThread "Service Thread" daemon [_thread_blocked, id=10184, stack(0x00000047bfb00000,0x00000047bfc00000)]
  0x000001dee208d7d0 JavaThread "Monitor Deflation Thread" daemon [_thread_blocked, id=7496, stack(0x00000047bfc00000,0x00000047bfd00000)]
  0x000001dee20940f0 JavaThread "C2 CompilerThread0" daemon [_thread_blocked, id=18788, stack(0x00000047bfd00000,0x00000047bfe00000)]
  0x000001dee2095210 JavaThread "C1 CompilerThread0" daemon [_thread_blocked, id=1608, stack(0x00000047bfe00000,0x00000047bff00000)]
  0x000001df27518180 JavaThread "Notification Thread" daemon [_thread_blocked, id=12372, stack(0x00000047bff00000,0x00000047c0000000)]
  0x000001df2752cd30 JavaThread "Common-Cleaner" daemon [_thread_blocked, id=16328, stack(0x00000047c0100000,0x00000047c0200000)]
  0x000001df2a8b4080 JavaThread "Catalina-utility-1" [_thread_blocked, id=12232, stack(0x00000047c0c00000,0x00000047c0d00000)]
  0x000001df2a8b45d0 JavaThread "Catalina-utility-2" [_thread_blocked, id=15832, stack(0x00000047c0d00000,0x00000047c0e00000)]
  0x000001df2a8b4b20 JavaThread "container-0" [_thread_blocked, id=12520, stack(0x00000047c0e00000,0x00000047c0f00000)]
  0x000001df2a8b2b40 JavaThread "mssql-jdbc-shared-timer-core-0" daemon [_thread_blocked, id=13068, stack(0x00000047c1000000,0x00000047c1100000)]
  0x000001df2a8b3090 JavaThread "HikariPool-1 housekeeper" daemon [_thread_blocked, id=20524, stack(0x00000047c0700000,0x00000047c0800000)]
  0x000001df2ad0b5b0 JavaThread "http-nio-8080-exec-1" daemon [_thread_blocked, id=2932, stack(0x00000047c1300000,0x00000047c1400000)]
=>0x000001df2ad10010 JavaThread "http-nio-8080-exec-2" daemon [_thread_in_vm, id=16412, stack(0x00000047c1400000,0x00000047c1500000)]
  0x000001df2ad10560 JavaThread "http-nio-8080-exec-3" daemon [_thread_blocked, id=3832, stack(0x00000047c1500000,0x00000047c1600000)]
  0x000001df2ad10ab0 JavaThread "http-nio-8080-exec-4" daemon [_thread_blocked, id=5864, stack(0x00000047c1600000,0x00000047c1700000)]
  0x000001df2ad11000 JavaThread "http-nio-8080-exec-5" daemon [_thread_blocked, id=11796, stack(0x00000047c1700000,0x00000047c1800000)]
  0x000001df2ad0d040 JavaThread "http-nio-8080-exec-6" daemon [_thread_blocked, id=15472, stack(0x00000047c1800000,0x00000047c1900000)]
  0x000001df2ad0f570 JavaThread "http-nio-8080-exec-7" daemon [_thread_blocked, id=14220, stack(0x00000047c1900000,0x00000047c1a00000)]
  0x000001df2ad0bb00 JavaThread "http-nio-8080-exec-8" daemon [_thread_blocked, id=21184, stack(0x00000047c1a00000,0x00000047c1b00000)]
  0x000001df2ad12a90 JavaThread "http-nio-8080-exec-9" daemon [_thread_blocked, id=3316, stack(0x00000047c1b00000,0x00000047c1c00000)]
  0x000001df2ad0dae0 JavaThread "http-nio-8080-exec-10" daemon [_thread_blocked, id=19340, stack(0x00000047c1c00000,0x00000047c1d00000)]
  0x000001df2ad0e030 JavaThread "http-nio-8080-Poller" daemon [_thread_in_native, id=10592, stack(0x00000047c1d00000,0x00000047c1e00000)]
  0x000001df2ad0c050 JavaThread "http-nio-8080-Acceptor" daemon [_thread_in_native, id=19600, stack(0x00000047c1e00000,0x00000047c1f00000)]
  0x000001df2ad0c5a0 JavaThread "DestroyJavaVM" [_thread_blocked, id=10340, stack(0x00000047bf000000,0x00000047bf100000)]

Other Threads:
  0x000001dee2062420 VMThread "VM Thread" [stack: 0x00000047bf600000,0x00000047bf700000] [id=3380]
  0x000001df275232b0 WatcherThread "VM Periodic Task Thread" [stack: 0x00000047c0000000,0x00000047c0100000] [id=8888]
  0x000001dec2aac610 WorkerThread "GC Thread#0" [stack: 0x00000047bf100000,0x00000047bf200000] [id=11168]
  0x000001df27ffbd20 WorkerThread "GC Thread#1" [stack: 0x00000047c0200000,0x00000047c0300000] [id=18772]
  0x000001df280030a0 WorkerThread "GC Thread#2" [stack: 0x00000047c0300000,0x00000047c0400000] [id=17412]
  0x000001df28003370 WorkerThread "GC Thread#3" [stack: 0x00000047c0400000,0x00000047c0500000] [id=1128]
  0x000001df27fa4030 WorkerThread "GC Thread#4" [stack: 0x00000047c0500000,0x00000047c0600000] [id=1864]
  0x000001df28033d10 WorkerThread "GC Thread#5" [stack: 0x00000047c0600000,0x00000047c0700000] [id=17432]
  0x000001df280323c0 WorkerThread "GC Thread#6" [stack: 0x00000047c0900000,0x00000047c0a00000] [id=9636]
  0x000001df28032690 WorkerThread "GC Thread#7" [stack: 0x00000047c0a00000,0x00000047c0b00000] [id=11076]
  0x000001dec2abd5d0 ConcurrentGCThread "G1 Main Marker" [stack: 0x00000047bf200000,0x00000047bf300000] [id=16916]
  0x000001dec2abe7a0 WorkerThread "G1 Conc#0" [stack: 0x00000047bf300000,0x00000047bf400000] [id=15812]
  0x000001df280334a0 WorkerThread "G1 Conc#1" [stack: 0x00000047c0800000,0x00000047c0900000] [id=2788]
  0x000001dec2afdff0 ConcurrentGCThread "G1 Refine#0" [stack: 0x00000047bf400000,0x00000047bf500000] [id=9440]
  0x000001dec2afe930 ConcurrentGCThread "G1 Service" [stack: 0x00000047bf500000,0x00000047bf600000] [id=17660]

Threads with active compile tasks:

VM state: not at safepoint (normal execution)

VM Mutex/Monitor currently owned by a thread: None

Heap address: 0x0000000700e00000, size: 4082 MB, Compressed Oops mode: Zero based, Oop shift amount: 3

CDS archive(s) mapped at: [0x000001dee2400000-0x000001dee3060000-0x000001dee3060000), size 12976128, SharedBaseAddress: 0x000001dee2400000, ArchiveRelocationMode: 1.
Compressed class space mapped at: 0x000001dee3400000-0x000001df23400000, reserved size: 1073741824
Narrow klass base: 0x000001dee2400000, Narrow klass shift: 0, Narrow klass range: 0x100000000

GC Precious Log:
 CardTable entry size: 512
 Card Set container configuration: InlinePtr #cards 4 size 8 Array Of Cards #cards 16 size 48 Howl #buckets 8 coarsen threshold 3686 Howl Bitmap #cards 512 size 80 coarsen threshold 460 Card regions per heap region 1 cards per card region 4096
 CPUs: 8 total, 8 available
 Memory: 16320M
 Large Page Support: Disabled
 NUMA Support: Disabled
 Compressed Oops: Enabled (Zero based)
 Heap Region Size: 2M
 Heap Min Capacity: 8M
 Heap Initial Capacity: 256M
 Heap Max Capacity: 4082M
 Pre-touch: Disabled
 Parallel Workers: 8
 Concurrent Workers: 2
 Concurrent Refinement Workers: 8
 Periodic GC: Disabled

Heap:
 garbage-first heap   total 55296K, used 37667K [0x0000000700e00000, 0x0000000800000000)
  region size 2048K, 8 young (16384K), 2 survivors (4096K)
 Metaspace       used 65032K, committed 65728K, reserved 1114112K
  class space    used 8579K, committed 8896K, reserved 1048576K

Heap Regions: E=young(eden), S=young(survivor), O=old, HS=humongous(starts), HC=humongous(continues), CS=collection set, F=free, OA=open archive, CA=closed archive, TAMS=top-at-mark-start, PB=parsable bottom
|   0|0x0000000700e00000, 0x0000000701000000, 0x0000000701000000|100%| O|  |TAMS 0x0000000700e00000| PB 0x0000000700e00000| Untracked 
|   1|0x0000000701000000, 0x0000000701200000, 0x0000000701200000|100%| O|  |TAMS 0x0000000701000000| PB 0x0000000701000000| Untracked 
|   2|0x0000000701200000, 0x0000000701400000, 0x0000000701400000|100%| O|  |TAMS 0x0000000701200000| PB 0x0000000701200000| Untracked 
|   3|0x0000000701400000, 0x0000000701400000, 0x0000000701600000|  0%| F|  |TAMS 0x0000000701400000| PB 0x0000000701400000| Untracked 
|   4|0x0000000701600000, 0x0000000701800000, 0x0000000701800000|100%| O|  |TAMS 0x0000000701600000| PB 0x0000000701600000| Untracked 
|   5|0x0000000701800000, 0x0000000701a00000, 0x0000000701a00000|100%| O|  |TAMS 0x0000000701800000| PB 0x0000000701800000| Untracked 
|   6|0x0000000701a00000, 0x0000000701c00000, 0x0000000701c00000|100%| O|  |TAMS 0x0000000701a00000| PB 0x0000000701a00000| Untracked 
|   7|0x0000000701c00000, 0x0000000701e00000, 0x0000000701e00000|100%| O|  |TAMS 0x0000000701c00000| PB 0x0000000701c00000| Untracked 
|   8|0x0000000701e00000, 0x0000000702000000, 0x0000000702000000|100%| O|  |TAMS 0x0000000701e00000| PB 0x0000000701e00000| Untracked 
|   9|0x0000000702000000, 0x0000000702200000, 0x0000000702200000|100%| O|  |TAMS 0x0000000702000000| PB 0x0000000702000000| Untracked 
|  10|0x0000000702200000, 0x0000000702400000, 0x0000000702400000|100%| O|  |TAMS 0x0000000702200000| PB 0x0000000702200000| Untracked 
|  11|0x0000000702400000, 0x0000000702600000, 0x0000000702600000|100%| O|  |TAMS 0x0000000702400000| PB 0x0000000702400000| Untracked 
|  12|0x0000000702600000, 0x00000007026db400, 0x0000000702800000| 42%| O|  |TAMS 0x0000000702600000| PB 0x0000000702600000| Untracked 
|  13|0x0000000702800000, 0x00000007029edb40, 0x0000000702a00000| 96%| S|CS|TAMS 0x0000000702800000| PB 0x0000000702800000| Complete 
|  14|0x0000000702a00000, 0x0000000702a00000, 0x0000000702c00000|  0%| F|  |TAMS 0x0000000702a00000| PB 0x0000000702a00000| Untracked 
|  15|0x0000000702c00000, 0x0000000702e00000, 0x0000000702e00000|100%| S|CS|TAMS 0x0000000702c00000| PB 0x0000000702c00000| Complete 
|  16|0x0000000702e00000, 0x0000000702e00000, 0x0000000703000000|  0%| F|  |TAMS 0x0000000702e00000| PB 0x0000000702e00000| Untracked 
|  17|0x0000000703000000, 0x0000000703000000, 0x0000000703200000|  0%| F|  |TAMS 0x0000000703000000| PB 0x0000000703000000| Untracked 
|  18|0x0000000703200000, 0x0000000703200000, 0x0000000703400000|  0%| F|  |TAMS 0x0000000703200000| PB 0x0000000703200000| Untracked 
|  19|0x0000000703400000, 0x0000000703400000, 0x0000000703600000|  0%| F|  |TAMS 0x0000000703400000| PB 0x0000000703400000| Untracked 
|  20|0x0000000703600000, 0x0000000703600000, 0x0000000703800000|  0%| F|  |TAMS 0x0000000703600000| PB 0x0000000703600000| Untracked 
|  21|0x0000000703800000, 0x00000007038ed2e8, 0x0000000703a00000| 46%| E|  |TAMS 0x0000000703800000| PB 0x0000000703800000| Complete 
|  22|0x0000000703a00000, 0x0000000703c00000, 0x0000000703c00000|100%| E|CS|TAMS 0x0000000703a00000| PB 0x0000000703a00000| Complete 
| 101|0x000000070d800000, 0x000000070da00000, 0x000000070da00000|100%| E|CS|TAMS 0x000000070d800000| PB 0x000000070d800000| Complete 
| 102|0x000000070da00000, 0x000000070dc00000, 0x000000070dc00000|100%| E|CS|TAMS 0x000000070da00000| PB 0x000000070da00000| Complete 
| 103|0x000000070dc00000, 0x000000070de00000, 0x000000070de00000|100%| E|CS|TAMS 0x000000070dc00000| PB 0x000000070dc00000| Complete 
| 127|0x0000000710c00000, 0x0000000710e00000, 0x0000000710e00000|100%| E|CS|TAMS 0x0000000710c00000| PB 0x0000000710c00000| Complete 

Card table byte_map: [0x000001deda640000,0x000001dedae40000] _byte_map_base: 0x000001ded6e39000

Marking Bits: (CMBitMap*) 0x000001dec2aacc40
 Bits: [0x000001dedb640000, 0x000001dedf608000)

Polling page: 0x000001dec2200000

Metaspace:

Usage:
  Non-class:     55.13 MB used.
      Class:      8.38 MB used.
       Both:     63.51 MB used.

Virtual space:
  Non-class space:       64.00 MB reserved,      55.50 MB ( 87%) committed,  1 nodes.
      Class space:        1.00 GB reserved,       8.69 MB ( <1%) committed,  1 nodes.
             Both:        1.06 GB reserved,      64.19 MB (  6%) committed. 

Chunk freelists:
   Non-Class:  3.88 MB
       Class:  3.17 MB
        Both:  7.05 MB

MaxMetaspaceSize: unlimited
CompressedClassSpaceSize: 1.00 GB
Initial GC threshold: 21.00 MB
Current GC threshold: 98.88 MB
CDS: on
MetaspaceReclaimPolicy: balanced
 - commit_granule_bytes: 65536.
 - commit_granule_words: 8192.
 - virtual_space_node_default_size: 8388608.
 - enlarge_chunks_in_place: 1.
 - new_chunks_are_fully_committed: 0.
 - uncommit_free_chunks: 1.
 - use_allocation_guard: 0.


Internal statistics:

num_allocs_failed_limit: 9.
num_arena_births: 920.
num_arena_deaths: 0.
num_vsnodes_births: 2.
num_vsnodes_deaths: 0.
num_space_committed: 1027.
num_space_uncommitted: 0.
num_chunks_returned_to_freelist: 9.
num_chunks_taken_from_freelist: 3169.
num_chunk_merges: 9.
num_chunk_splits: 2261.
num_chunks_enlarged: 1765.
num_inconsistent_stats: 0.

CodeHeap 'non-profiled nmethods': size=120000Kb used=3511Kb max_used=3511Kb free=116488Kb
 bounds [0x000001ded25e0000, 0x000001ded2950000, 0x000001ded9b10000]
CodeHeap 'profiled nmethods': size=120000Kb used=10579Kb max_used=10579Kb free=109420Kb
 bounds [0x000001decab10000, 0x000001decb570000, 0x000001ded2040000]
CodeHeap 'non-nmethods': size=5760Kb used=1743Kb max_used=1778Kb free=4016Kb
 bounds [0x000001ded2040000, 0x000001ded22b0000, 0x000001ded25e0000]
 total_blobs=6217 nmethods=5503 adapters=624
 compilation: enabled
              stopped_count=0, restarted_count=0
 full_count=0

Compilation events (20 events):
Event: 231.115 Thread 0x000001dee2095210 6183   !   3       org.apache.tomcat.util.http.parser.HttpParser::isToken (9 bytes)
Event: 231.115 Thread 0x000001dee2095210 nmethod 6183 0x000001decb55e790 code [0x000001decb55e920, 0x000001decb55ea90]
Event: 231.117 Thread 0x000001dee2095210 6184       1       org.apache.tomcat.util.http.MimeHeaderField::getName (5 bytes)
Event: 231.117 Thread 0x000001dee2095210 nmethod 6184 0x000001ded293eb90 code [0x000001ded293ed00, 0x000001ded293edd0]
Event: 231.139 Thread 0x000001dee2095210 6185       3       org.apache.tomcat.util.buf.Ascii::toLower (14 bytes)
Event: 231.140 Thread 0x000001dee2095210 nmethod 6185 0x000001decb55eb90 code [0x000001decb55ed20, 0x000001decb55ee30]
Event: 231.149 Thread 0x000001dee2095210 6187       3       java.lang.invoke.MethodHandles::dropArgumentsTrusted (111 bytes)
Event: 231.150 Thread 0x000001dee2095210 nmethod 6187 0x000001decb55ef10 code [0x000001decb55f160, 0x000001decb55fb90]
Event: 231.150 Thread 0x000001dee2095210 6188       3       java.lang.invoke.MethodHandles::dropArgumentChecks (92 bytes)
Event: 231.151 Thread 0x000001dee2095210 nmethod 6188 0x000001decb560090 code [0x000001decb560460, 0x000001decb5624f8]
Event: 231.152 Thread 0x000001dee2095210 6190       3       org.springframework.core.OrderComparator::getOrder (111 bytes)
Event: 231.152 Thread 0x000001dee2095210 nmethod 6190 0x000001decb562f10 code [0x000001decb563120, 0x000001decb5638d8]
Event: 231.152 Thread 0x000001dee2095210 6189       3       org.springframework.core.OrderComparator::doCompare (60 bytes)
Event: 231.153 Thread 0x000001dee2095210 nmethod 6189 0x000001decb563b90 code [0x000001decb563d80, 0x000001decb5643b8]
Event: 231.153 Thread 0x000001dee2095210 6191       3       java.lang.invoke.LambdaFormEditor::foldArgumentsForm (95 bytes)
Event: 231.153 Thread 0x000001dee2095210 nmethod 6191 0x000001decb564510 code [0x000001decb5646e0, 0x000001decb5649e0]
Event: 231.158 Thread 0x000001dee2095210 6192       3       org.apache.tomcat.util.buf.ByteChunk::equalsIgnoreCase (76 bytes)
Event: 231.159 Thread 0x000001dee2095210 nmethod 6192 0x000001decb564b10 code [0x000001decb564d40, 0x000001decb565728]
Event: 231.159 Thread 0x000001dee2095210 6193       3       org.apache.tomcat.util.buf.MessageBytes::equalsIgnoreCase (78 bytes)
Event: 231.159 Thread 0x000001dee2095210 nmethod 6193 0x000001decb565b90 code [0x000001decb565d60, 0x000001decb5660f0]

GC Heap History (20 events):
Event: 2.473 GC heap before
{Heap before GC invocations=2 (full 0):
 garbage-first heap   total 262144K, used 51549K [0x0000000700e00000, 0x0000000800000000)
  region size 2048K, 24 young (49152K), 1 survivors (2048K)
 Metaspace       used 21272K, committed 21504K, reserved 1114112K
  class space    used 2652K, committed 2752K, reserved 1048576K
}
Event: 2.479 GC heap after
{Heap after GC invocations=3 (full 0):
 garbage-first heap   total 262144K, used 12397K [0x0000000700e00000, 0x0000000800000000)
  region size 2048K, 3 young (6144K), 3 survivors (6144K)
 Metaspace       used 21272K, committed 21504K, reserved 1114112K
  class space    used 2652K, committed 2752K, reserved 1048576K
}
Event: 3.327 GC heap before
{Heap before GC invocations=4 (full 0):
 garbage-first heap   total 55296K, used 39021K [0x0000000700e00000, 0x0000000800000000)
  region size 2048K, 16 young (32768K), 3 survivors (6144K)
 Metaspace       used 25836K, committed 26304K, reserved 1114112K
  class space    used 3354K, committed 3584K, reserved 1048576K
}
Event: 3.336 GC heap after
{Heap after GC invocations=5 (full 0):
 garbage-first heap   total 55296K, used 15088K [0x0000000700e00000, 0x0000000800000000)
  region size 2048K, 2 young (4096K), 2 survivors (4096K)
 Metaspace       used 25836K, committed 26304K, reserved 1114112K
  class space    used 3354K, committed 3584K, reserved 1048576K
}
Event: 4.057 GC heap before
{Heap before GC invocations=5 (full 0):
 garbage-first heap   total 55296K, used 39664K [0x0000000700e00000, 0x0000000800000000)
  region size 2048K, 14 young (28672K), 2 survivors (4096K)
 Metaspace       used 31592K, committed 32064K, reserved 1114112K
  class space    used 4005K, committed 4224K, reserved 1048576K
}
Event: 4.063 GC heap after
{Heap after GC invocations=6 (full 0):
 garbage-first heap   total 55296K, used 18190K [0x0000000700e00000, 0x0000000800000000)
  region size 2048K, 2 young (4096K), 2 survivors (4096K)
 Metaspace       used 31592K, committed 32064K, reserved 1114112K
  class space    used 4005K, committed 4224K, reserved 1048576K
}
Event: 4.370 GC heap before
{Heap before GC invocations=6 (full 0):
 garbage-first heap   total 55296K, used 30478K [0x0000000700e00000, 0x0000000800000000)
  region size 2048K, 9 young (18432K), 2 survivors (4096K)
 Metaspace       used 35625K, committed 36096K, reserved 1114112K
  class space    used 4565K, committed 4800K, reserved 1048576K
}
Event: 4.374 GC heap after
{Heap after GC invocations=7 (full 0):
 garbage-first heap   total 55296K, used 19058K [0x0000000700e00000, 0x0000000800000000)
  region size 2048K, 1 young (2048K), 1 survivors (2048K)
 Metaspace       used 35625K, committed 36096K, reserved 1114112K
  class space    used 4565K, committed 4800K, reserved 1048576K
}
Event: 5.529 GC heap before
{Heap before GC invocations=8 (full 0):
 garbage-first heap   total 55296K, used 41586K [0x0000000700e00000, 0x0000000800000000)
  region size 2048K, 13 young (26624K), 1 survivors (2048K)
 Metaspace       used 44955K, committed 45568K, reserved 1114112K
  class space    used 5729K, committed 6016K, reserved 1048576K
}
Event: 5.533 GC heap after
{Heap after GC invocations=9 (full 0):
 garbage-first heap   total 55296K, used 20739K [0x0000000700e00000, 0x0000000800000000)
  region size 2048K, 2 young (4096K), 2 survivors (4096K)
 Metaspace       used 44955K, committed 45568K, reserved 1114112K
  class space    used 5729K, committed 6016K, reserved 1048576K
}
Event: 6.052 GC heap before
{Heap before GC invocations=9 (full 0):
 garbage-first heap   total 55296K, used 43267K [0x0000000700e00000, 0x0000000800000000)
  region size 2048K, 13 young (26624K), 2 survivors (4096K)
 Metaspace       used 52180K, committed 52800K, reserved 1114112K
  class space    used 6838K, committed 7104K, reserved 1048576K
}
Event: 6.057 GC heap after
{Heap after GC invocations=10 (full 0):
 garbage-first heap   total 55296K, used 21751K [0x0000000700e00000, 0x0000000800000000)
  region size 2048K, 2 young (4096K), 2 survivors (4096K)
 Metaspace       used 52180K, committed 52800K, reserved 1114112K
  class space    used 6838K, committed 7104K, reserved 1048576K
}
Event: 7.346 GC heap before
{Heap before GC invocations=10 (full 0):
 garbage-first heap   total 55296K, used 44279K [0x0000000700e00000, 0x0000000800000000)
  region size 2048K, 13 young (26624K), 2 survivors (4096K)
 Metaspace       used 57297K, committed 57856K, reserved 1114112K
  class space    used 7567K, committed 7808K, reserved 1048576K
}
Event: 7.351 GC heap after
{Heap after GC invocations=11 (full 0):
 garbage-first heap   total 55296K, used 23551K [0x0000000700e00000, 0x0000000800000000)
  region size 2048K, 2 young (4096K), 2 survivors (4096K)
 Metaspace       used 57297K, committed 57856K, reserved 1114112K
  class space    used 7567K, committed 7808K, reserved 1048576K
}
Event: 7.690 GC heap before
{Heap before GC invocations=11 (full 0):
 garbage-first heap   total 55296K, used 39935K [0x0000000700e00000, 0x0000000800000000)
  region size 2048K, 11 young (22528K), 2 survivors (4096K)
 Metaspace       used 59977K, committed 60480K, reserved 1114112K
  class space    used 7906K, committed 8128K, reserved 1048576K
}
Event: 7.694 GC heap after
{Heap after GC invocations=12 (full 0):
 garbage-first heap   total 55296K, used 24780K [0x0000000700e00000, 0x0000000800000000)
  region size 2048K, 2 young (4096K), 2 survivors (4096K)
 Metaspace       used 59977K, committed 60480K, reserved 1114112K
  class space    used 7906K, committed 8128K, reserved 1048576K
}
Event: 8.013 GC heap before
{Heap before GC invocations=13 (full 0):
 garbage-first heap   total 55296K, used 45260K [0x0000000700e00000, 0x0000000800000000)
  region size 2048K, 12 young (24576K), 2 survivors (4096K)
 Metaspace       used 61027K, committed 61696K, reserved 1114112K
  class space    used 8077K, committed 8384K, reserved 1048576K
}
Event: 8.016 GC heap after
{Heap after GC invocations=14 (full 0):
 garbage-first heap   total 55296K, used 25587K [0x0000000700e00000, 0x0000000800000000)
  region size 2048K, 1 young (2048K), 1 survivors (2048K)
 Metaspace       used 61027K, committed 61696K, reserved 1114112K
  class space    used 8077K, committed 8384K, reserved 1048576K
}
Event: 8.540 GC heap before
{Heap before GC invocations=14 (full 0):
 garbage-first heap   total 55296K, used 48115K [0x0000000700e00000, 0x0000000800000000)
  region size 2048K, 12 young (24576K), 1 survivors (2048K)
 Metaspace       used 63077K, committed 63744K, reserved 1114112K
  class space    used 8347K, committed 8640K, reserved 1048576K
}
Event: 8.545 GC heap after
{Heap after GC invocations=15 (full 0):
 garbage-first heap   total 55296K, used 27427K [0x0000000700e00000, 0x0000000800000000)
  region size 2048K, 2 young (4096K), 2 survivors (4096K)
 Metaspace       used 63077K, committed 63744K, reserved 1114112K
  class space    used 8347K, committed 8640K, reserved 1048576K
}

Dll operation events (11 events):
Event: 0.008 Loaded shared library C:\Program Files\Java\jdk-20\bin\java.dll
Event: 0.032 Loaded shared library C:\Program Files\Java\jdk-20\bin\jsvml.dll
Event: 0.136 Loaded shared library C:\Program Files\Java\jdk-20\bin\net.dll
Event: 0.139 Loaded shared library C:\Program Files\Java\jdk-20\bin\nio.dll
Event: 0.141 Loaded shared library C:\Program Files\Java\jdk-20\bin\zip.dll
Event: 0.254 Loaded shared library C:\Program Files\Java\jdk-20\bin\jimage.dll
Event: 3.725 Loaded shared library C:\Program Files\Java\jdk-20\bin\sunmscapi.dll
Event: 3.731 Loaded shared library C:\Program Files\Java\jdk-20\bin\management.dll
Event: 3.733 Loaded shared library C:\Program Files\Java\jdk-20\bin\management_ext.dll
Event: 4.341 Loaded shared library C:\Program Files\Java\jdk-20\bin\verify.dll
Event: 4.656 Loaded shared library C:\Program Files\Java\jdk-20\bin\extnet.dll

Deoptimization events (20 events):
Event: 231.082 Thread 0x000001df2ad0b5b0 Uncommon trap: trap_request=0xffffff54 fr.pc=0x000001ded2849208 relative=0x0000000000003928
Event: 231.082 Thread 0x000001df2ad0b5b0 Uncommon trap: reason=speculate_null_assert action=make_not_entrant pc=0x000001ded2849208 method=java.lang.invoke.MethodType$ConcurrentWeakInternSet.add(Ljava/lang/Object;)Ljava/lang/Object; @ 47 c2
Event: 231.082 Thread 0x000001df2ad0b5b0 DEOPT PACKING pc=0x000001ded2849208 sp=0x00000047c13fe4c0
Event: 231.082 Thread 0x000001df2ad0b5b0 DEOPT UNPACKING pc=0x000001ded20a9d22 sp=0x00000047c13fe468 mode 2
Event: 231.149 Thread 0x000001df2ad10010 Uncommon trap: trap_request=0xffffff45 fr.pc=0x000001ded28b8cf0 relative=0x0000000000000070
Event: 231.149 Thread 0x000001df2ad10010 Uncommon trap: reason=unstable_if action=reinterpret pc=0x000001ded28b8cf0 method=java.util.logging.Logger.isLoggable(Ljava/util/logging/Level;)Z @ 13 c2
Event: 231.149 Thread 0x000001df2ad10010 DEOPT PACKING pc=0x000001ded28b8cf0 sp=0x00000047c14fe2a0
Event: 231.149 Thread 0x000001df2ad10010 DEOPT UNPACKING pc=0x000001ded20a9d22 sp=0x00000047c14fe230 mode 2
Event: 231.161 Thread 0x000001df2ad10010 Uncommon trap: trap_request=0xffffffc6 fr.pc=0x000001ded2753be8 relative=0x0000000000001008
Event: 231.161 Thread 0x000001df2ad10010 Uncommon trap: reason=bimorphic_or_optimized_type_check action=maybe_recompile pc=0x000001ded2753be8 method=java.util.concurrent.ConcurrentHashMap.putVal(Ljava/lang/Object;Ljava/lang/Object;Z)Ljava/lang/Object; @ 242 c2
Event: 231.161 Thread 0x000001df2ad10010 DEOPT PACKING pc=0x000001ded2753be8 sp=0x00000047c14fcac0
Event: 231.161 Thread 0x000001df2ad10010 DEOPT UNPACKING pc=0x000001ded20a9d22 sp=0x00000047c14fca40 mode 2
Event: 231.165 Thread 0x000001df2ad10010 Uncommon trap: trap_request=0xffffffc6 fr.pc=0x000001ded2753c6c relative=0x000000000000108c
Event: 231.165 Thread 0x000001df2ad10010 Uncommon trap: reason=bimorphic_or_optimized_type_check action=maybe_recompile pc=0x000001ded2753c6c method=java.util.concurrent.ConcurrentHashMap.putVal(Ljava/lang/Object;Ljava/lang/Object;Z)Ljava/lang/Object; @ 159 c2
Event: 231.165 Thread 0x000001df2ad10010 DEOPT PACKING pc=0x000001ded2753c6c sp=0x00000047c14fcbd0
Event: 231.165 Thread 0x000001df2ad10010 DEOPT UNPACKING pc=0x000001ded20a9d22 sp=0x00000047c14fcb60 mode 2
Event: 231.165 Thread 0x000001df2ad10010 Uncommon trap: trap_request=0xffffffc6 fr.pc=0x000001ded2753c6c relative=0x000000000000108c
Event: 231.165 Thread 0x000001df2ad10010 Uncommon trap: reason=bimorphic_or_optimized_type_check action=maybe_recompile pc=0x000001ded2753c6c method=java.util.concurrent.ConcurrentHashMap.putVal(Ljava/lang/Object;Ljava/lang/Object;Z)Ljava/lang/Object; @ 159 c2
Event: 231.165 Thread 0x000001df2ad10010 DEOPT PACKING pc=0x000001ded2753c6c sp=0x00000047c14fc7b0
Event: 231.165 Thread 0x000001df2ad10010 DEOPT UNPACKING pc=0x000001ded20a9d22 sp=0x00000047c14fc740 mode 2

Classes loaded (20 events):
Event: 231.079 Loading class sun/nio/ch/SocketChannelImpl$DefaultOptionsHolder
Event: 231.079 Loading class sun/nio/ch/SocketChannelImpl$DefaultOptionsHolder done
Event: 231.080 Loading class sun/nio/ch/SelectionKeyImpl
Event: 231.080 Loading class java/nio/channels/spi/AbstractSelectionKey
Event: 231.080 Loading class java/nio/channels/SelectionKey
Event: 231.080 Loading class java/nio/channels/SelectionKey done
Event: 231.080 Loading class java/nio/channels/spi/AbstractSelectionKey done
Event: 231.080 Loading class sun/nio/ch/SelectionKeyImpl done
Event: 231.080 Loading class java/lang/invoke/ConstantBootstraps
Event: 231.080 Loading class java/lang/invoke/ConstantBootstraps done
Event: 231.116 Loading class sun/nio/cs/ThreadLocalCoders
Event: 231.116 Loading class sun/nio/cs/ThreadLocalCoders done
Event: 231.116 Loading class sun/nio/cs/ThreadLocalCoders$1
Event: 231.116 Loading class sun/nio/cs/ThreadLocalCoders$Cache
Event: 231.116 Loading class sun/nio/cs/ThreadLocalCoders$Cache done
Event: 231.116 Loading class sun/nio/cs/ThreadLocalCoders$1 done
Event: 231.116 Loading class sun/nio/cs/ThreadLocalCoders$2
Event: 231.116 Loading class sun/nio/cs/ThreadLocalCoders$2 done
Event: 231.142 Loading class java/util/concurrent/locks/ReentrantReadWriteLock$Sync$HoldCounter
Event: 231.142 Loading class java/util/concurrent/locks/ReentrantReadWriteLock$Sync$HoldCounter done

Classes unloaded (0 events):
No events

Classes redefined (0 events):
No events

Internal exceptions (20 events):
Event: 7.334 Thread 0x000001dec2a33c90 Implicit null exception at 0x000001ded2836a2f to 0x000001ded2836c0c
Event: 7.386 Thread 0x000001dec2a33c90 Exception <a 'java/lang/IncompatibleClassChangeError'{0x000000070dc33a60}: Found class java.lang.Object, but interface was expected> (0x000000070dc33a60) 
thrown [s\open\src\hotspot\share\interpreter\linkResolver.cpp, line 840]
Event: 7.392 Thread 0x000001dec2a33c90 Implicit null exception at 0x000001ded2800846 to 0x000001ded2803124
Event: 7.401 Thread 0x000001dec2a33c90 Exception <a 'java/lang/IncompatibleClassChangeError'{0x000000070dcc04f0}: Found class java.lang.Object, but interface was expected> (0x000000070dcc04f0) 
thrown [s\open\src\hotspot\share\interpreter\linkResolver.cpp, line 840]
Event: 7.447 Thread 0x000001dec2a33c90 Exception <a 'java/lang/IncompatibleClassChangeError'{0x000000070da25948}: Found class java.lang.Object, but interface was expected> (0x000000070da25948) 
thrown [s\open\src\hotspot\share\interpreter\linkResolver.cpp, line 840]
Event: 7.610 Thread 0x000001dec2a33c90 Exception <a 'java/lang/IncompatibleClassChangeError'{0x0000000703838790}: Found class java.lang.Object, but interface was expected> (0x0000000703838790) 
thrown [s\open\src\hotspot\share\interpreter\linkResolver.cpp, line 840]
Event: 7.738 Thread 0x000001dec2a33c90 Exception <a 'java/lang/NoSuchMethodError'{0x0000000710cd9a00}: 'java.lang.Object java.lang.invoke.DirectMethodHandle$Holder.newInvokeSpecial(java.lang.Object, java.lang.Object, int)'> (0x0000000710cd9a00) 
thrown [s\open\src\hotspot\share\interpreter\linkResolver.cpp, line 773]
Event: 7.743 Thread 0x000001dec2a33c90 Exception <a 'java/lang/NoSuchMethodError'{0x0000000710cf8b08}: 'java.lang.Object java.lang.invoke.Invokers$Holder.invoke_MT(java.lang.Object, java.lang.Object, java.lang.Object, java.lang.Object, java.lang.Object, java.lang.Object, java.lang.Object, java.lang.Object, java.lang.Object)'> (0x0000000710cf8b08) 
thrown [s\open\src\hotspot\share\interpreter\linkResolver.cpp, line 773]
Event: 7.749 Thread 0x000001dec2a33c90 Exception <a 'java/lang/IncompatibleClassChangeError'{0x0000000710d1f240}: Found class java.lang.Object, but interface was expected> (0x0000000710d1f240) 
thrown [s\open\src\hotspot\share\interpreter\linkResolver.cpp, line 840]
Event: 8.092 Thread 0x000001dec2a33c90 Exception <a 'java/lang/NoSuchMethodError'{0x000000070d92ba40}: 'java.lang.Object java.lang.invoke.DirectMethodHandle$Holder.invokeInterface(java.lang.Object, java.lang.Object, java.lang.Object, java.lang.Object)'> (0x000000070d92ba40) 
thrown [s\open\src\hotspot\share\interpreter\linkResolver.cpp, line 773]
Event: 8.136 Thread 0x000001dec2a33c90 Exception <a 'java/lang/NoSuchMethodError'{0x0000000703a62a40}: 'java.lang.Object java.lang.invoke.DirectMethodHandle$Holder.newInvokeSpecial(java.lang.Object, java.lang.Object, java.lang.Object, java.lang.Object, java.lang.Object, java.lang.Object, java.lang.Object, java.lang.Object)'> (0x0000000703a62a40) 
thrown [s\open\src\hotspot\share\interpreter\linkResolver.cpp, line 773]
Event: 8.344 Thread 0x000001dec2a33c90 Exception <a 'java/lang/NoSuchMethodError'{0x000000070354cdb8}: 'void java.lang.invoke.DirectMethodHandle$Holder.invokeVirtual(java.lang.Object, java.lang.Object, long)'> (0x000000070354cdb8) 
thrown [s\open\src\hotspot\share\interpreter\linkResolver.cpp, line 773]
Event: 8.532 Thread 0x000001dec2a33c90 Exception <a 'java/lang/IncompatibleClassChangeError'{0x0000000702f98408}: Found class java.lang.Object, but interface was expected> (0x0000000702f98408) 
thrown [s\open\src\hotspot\share\interpreter\linkResolver.cpp, line 840]
Event: 8.588 Thread 0x000001dec2a33c90 Exception <a 'java/lang/NoSuchMethodError'{0x0000000710d0ff18}: 'int java.lang.invoke.DirectMethodHandle$Holder.invokeStaticInit(java.lang.Object, java.lang.Object, java.lang.Object, java.lang.Object)'> (0x0000000710d0ff18) 
thrown [s\open\src\hotspot\share\interpreter\linkResolver.cpp, line 773]
Event: 8.689 Thread 0x000001dec2a33c90 Exception <a 'java/lang/NoSuchMethodError'{0x000000070db7a0b0}: 'java.lang.Object java.lang.invoke.DirectMethodHandle$Holder.newInvokeSpecial(java.lang.Object, java.lang.Object, int, java.lang.Object, java.lang.Object)'> (0x000000070db7a0b0) 
thrown [s\open\src\hotspot\share\interpreter\linkResolver.cpp, line 773]
Event: 8.690 Thread 0x000001dec2a33c90 Exception <a 'java/lang/NoSuchMethodError'{0x000000070db84ed0}: 'java.lang.Object java.lang.invoke.DirectMethodHandle$Holder.invokeSpecial(java.lang.Object, java.lang.Object, int, java.lang.Object, int, java.lang.Object)'> (0x000000070db84ed0) 
thrown [s\open\src\hotspot\share\interpreter\linkResolver.cpp, line 773]
Event: 8.691 Thread 0x000001dec2a33c90 Exception <a 'java/lang/NoSuchMethodError'{0x000000070db8c680}: 'java.lang.Object java.lang.invoke.DirectMethodHandle$Holder.newInvokeSpecial(java.lang.Object, java.lang.Object, int, java.lang.Object, int)'> (0x000000070db8c680) 
thrown [s\open\src\hotspot\share\interpreter\linkResolver.cpp, line 773]
Event: 8.691 Thread 0x000001dec2a33c90 Exception <a 'java/lang/NoSuchMethodError'{0x000000070db90700}: 'java.lang.Object java.lang.invoke.DirectMethodHandle$Holder.invokeSpecial(java.lang.Object, java.lang.Object, java.lang.Object, int, java.lang.Object, int)'> (0x000000070db90700) 
thrown [s\open\src\hotspot\share\interpreter\linkResolver.cpp, line 773]
Event: 231.113 Thread 0x000001df2ad10010 Exception <a 'java/lang/NoSuchMethodError'{0x0000000703b658b0}: 'java.lang.Object java.lang.invoke.DirectMethodHandle$Holder.invokeSpecial(java.lang.Object, java.lang.Object, java.lang.Object, java.lang.Object, java.lang.Object, long)'> (0x0000000703b658b0) 
thrown [s\open\src\hotspot\share\interpreter\linkResolver.cpp, line 773]
Event: 231.113 Thread 0x000001df2ad10010 Exception <a 'java/lang/NoSuchMethodError'{0x0000000703b69268}: 'java.lang.Object java.lang.invoke.Invokers$Holder.linkToTargetMethod(java.lang.Object, java.lang.Object, java.lang.Object, long, java.lang.Object)'> (0x0000000703b69268) 
thrown [s\open\src\hotspot\share\interpreter\linkResolver.cpp, line 773]

VM Operations (20 events):
Event: 23.664 Executing VM operation: Cleanup
Event: 23.664 Executing VM operation: Cleanup done
Event: 28.699 Executing VM operation: Cleanup
Event: 28.699 Executing VM operation: Cleanup done
Event: 60.152 Executing VM operation: HandshakeAllThreads
Event: 60.152 Executing VM operation: HandshakeAllThreads done
Event: 174.190 Executing VM operation: Cleanup
Event: 174.190 Executing VM operation: Cleanup done
Event: 204.459 Executing VM operation: Cleanup
Event: 204.459 Executing VM operation: Cleanup done
Event: 207.489 Executing VM operation: Cleanup
Event: 207.489 Executing VM operation: Cleanup done
Event: 210.510 Executing VM operation: Cleanup
Event: 210.510 Executing VM operation: Cleanup done
Event: 211.525 Executing VM operation: Cleanup
Event: 211.525 Executing VM operation: Cleanup done
Event: 231.129 Executing VM operation: HandshakeAllThreads
Event: 231.129 Executing VM operation: HandshakeAllThreads done
Event: 231.129 Executing VM operation: Cleanup
Event: 231.129 Executing VM operation: Cleanup done

Events (20 events):
Event: 7.729 Thread 0x000001dee2062420 flushing nmethod 0x000001ded2642e90
Event: 7.729 Thread 0x000001dee2062420 flushing nmethod 0x000001ded2638b10
Event: 7.729 Thread 0x000001dee2062420 flushing nmethod 0x000001ded25e0a10
Event: 8.701 Thread 0x000001df2ad0b5b0 Thread added: 0x000001df2ad0b5b0
Event: 8.701 Thread 0x000001df2ad10010 Thread added: 0x000001df2ad10010
Event: 8.701 Thread 0x000001df2ad10560 Thread added: 0x000001df2ad10560
Event: 8.702 Thread 0x000001df2ad10ab0 Thread added: 0x000001df2ad10ab0
Event: 8.702 Thread 0x000001df2ad11000 Thread added: 0x000001df2ad11000
Event: 8.702 Thread 0x000001df2ad0d040 Thread added: 0x000001df2ad0d040
Event: 8.702 Thread 0x000001df2ad0f570 Thread added: 0x000001df2ad0f570
Event: 8.702 Thread 0x000001df2ad0bb00 Thread added: 0x000001df2ad0bb00
Event: 8.702 Thread 0x000001df2ad12a90 Thread added: 0x000001df2ad12a90
Event: 8.702 Thread 0x000001df2ad0dae0 Thread added: 0x000001df2ad0dae0
Event: 8.718 Thread 0x000001df2ad0e030 Thread added: 0x000001df2ad0e030
Event: 8.719 Thread 0x000001df2ad0c050 Thread added: 0x000001df2ad0c050
Event: 8.743 Thread 0x000001dec2a33c90 Thread exited: 0x000001dec2a33c90
Event: 8.743 Thread 0x000001df2ad0c5a0 Thread added: 0x000001df2ad0c5a0
Event: 12.180 Thread 0x000001df2a8b3b30 Thread exited: 0x000001df2a8b3b30
Event: 14.244 Thread 0x000001df2836f530 Thread exited: 0x000001df2836f530
Event: 14.267 Thread 0x000001df2836efa0 Thread exited: 0x000001df2836efa0


Dynamic libraries:
0x00007ff7b35b0000 - 0x00007ff7b35c0000 	C:\Program Files\Java\jdk-20\bin\java.exe
0x00007ffaac2f0000 - 0x00007ffaac4e8000 	C:\WINDOWS\SYSTEM32\ntdll.dll
0x00007ffaac190000 - 0x00007ffaac24f000 	C:\WINDOWS\System32\KERNEL32.DLL
0x00007ffaa9de0000 - 0x00007ffaaa0d6000 	C:\WINDOWS\System32\KERNELBASE.dll
0x00007ffaa9b80000 - 0x00007ffaa9c80000 	C:\WINDOWS\System32\ucrtbase.dll
0x00007ffa9e020000 - 0x00007ffa9e039000 	C:\Program Files\Java\jdk-20\bin\jli.dll
0x00007ffaa4850000 - 0x00007ffaa486b000 	C:\Program Files\Java\jdk-20\bin\VCRUNTIME140.dll
0x00007ffaaacc0000 - 0x00007ffaaad6f000 	C:\WINDOWS\System32\ADVAPI32.dll
0x00007ffaaa6c0000 - 0x00007ffaaa75e000 	C:\WINDOWS\System32\msvcrt.dll
0x00007ffaaa790000 - 0x00007ffaaa82c000 	C:\WINDOWS\System32\sechost.dll
0x00007ffaaa8a0000 - 0x00007ffaaa9c6000 	C:\WINDOWS\System32\RPCRT4.dll
0x00007ffaabff0000 - 0x00007ffaac18d000 	C:\WINDOWS\System32\USER32.dll
0x00007ffaa9ab0000 - 0x00007ffaa9ad2000 	C:\WINDOWS\System32\win32u.dll
0x00007ffaa8c50000 - 0x00007ffaa8eea000 	C:\WINDOWS\WinSxS\amd64_microsoft.windows.common-controls_6595b64144ccf1df_6.0.19041.1110_none_60b5254171f9507e\COMCTL32.dll
0x00007ffaaa760000 - 0x00007ffaaa78c000 	C:\WINDOWS\System32\GDI32.dll
0x00007ffaaa230000 - 0x00007ffaaa345000 	C:\WINDOWS\System32\gdi32full.dll
0x00007ffaa9ae0000 - 0x00007ffaa9b7d000 	C:\WINDOWS\System32\msvcp_win.dll
0x00007ffaa1930000 - 0x00007ffaa193a000 	C:\WINDOWS\SYSTEM32\VERSION.dll
0x00007ffaabfc0000 - 0x00007ffaabff0000 	C:\WINDOWS\System32\IMM32.DLL
0x00007ffaa0bb0000 - 0x00007ffaa0bbc000 	C:\Program Files\Java\jdk-20\bin\vcruntime140_1.dll
0x00007ffa9df90000 - 0x00007ffa9e01e000 	C:\Program Files\Java\jdk-20\bin\msvcp140.dll
0x00007ffa29970000 - 0x00007ffa2a608000 	C:\Program Files\Java\jdk-20\bin\server\jvm.dll
0x00007ffa9ed00000 - 0x00007ffa9ed27000 	C:\WINDOWS\SYSTEM32\WINMM.dll
0x00007ffa93b80000 - 0x00007ffa93b89000 	C:\WINDOWS\SYSTEM32\WSOCK32.dll
0x00007ffaabed0000 - 0x00007ffaabf3b000 	C:\WINDOWS\System32\WS2_32.dll
0x00007ffaa7250000 - 0x00007ffaa7262000 	C:\WINDOWS\SYSTEM32\kernel.appcore.dll
0x00007ffa9df80000 - 0x00007ffa9df8a000 	C:\Program Files\Java\jdk-20\bin\jimage.dll
0x00007ffaa9450000 - 0x00007ffaa9634000 	C:\WINDOWS\SYSTEM32\DBGHELP.DLL
0x00007ffaa92d0000 - 0x00007ffaa9304000 	C:\WINDOWS\SYSTEM32\dbgcore.DLL
0x00007ffaa99d0000 - 0x00007ffaa9a52000 	C:\WINDOWS\System32\bcryptPrimitives.dll
0x00007ffa9df50000 - 0x00007ffa9df76000 	C:\Program Files\Java\jdk-20\bin\java.dll
0x00007ffa81850000 - 0x00007ffa81927000 	C:\Program Files\Java\jdk-20\bin\jsvml.dll
0x00007ffaaae20000 - 0x00007ffaab564000 	C:\WINDOWS\System32\SHELL32.dll
0x00007ffaa73c0000 - 0x00007ffaa7b53000 	C:\WINDOWS\SYSTEM32\windows.storage.dll
0x00007ffaaa350000 - 0x00007ffaaa6a4000 	C:\WINDOWS\System32\combase.dll
0x00007ffaa8f10000 - 0x00007ffaa8f3e000 	C:\WINDOWS\SYSTEM32\Wldp.dll
0x00007ffaaad70000 - 0x00007ffaaae1d000 	C:\WINDOWS\System32\SHCORE.dll
0x00007ffaac250000 - 0x00007ffaac2a5000 	C:\WINDOWS\System32\shlwapi.dll
0x00007ffaa9900000 - 0x00007ffaa9925000 	C:\WINDOWS\SYSTEM32\profapi.dll
0x00007ffa9df30000 - 0x00007ffa9df43000 	C:\Program Files\Java\jdk-20\bin\net.dll
0x00007ffa9f570000 - 0x00007ffa9f67a000 	C:\WINDOWS\SYSTEM32\WINHTTP.dll
0x00007ffaa8b70000 - 0x00007ffaa8bda000 	C:\WINDOWS\system32\mswsock.dll
0x00007ffa99cf0000 - 0x00007ffa99d06000 	C:\Program Files\Java\jdk-20\bin\nio.dll
0x00007ffa97c80000 - 0x00007ffa97c98000 	C:\Program Files\Java\jdk-20\bin\zip.dll
0x00007ffaa9760000 - 0x00007ffaa9778000 	C:\WINDOWS\SYSTEM32\CRYPTSP.dll
0x00007ffaa83a0000 - 0x00007ffaa83d4000 	C:\WINDOWS\system32\rsaenh.dll
0x00007ffaaa0e0000 - 0x00007ffaaa107000 	C:\WINDOWS\System32\bcrypt.dll
0x00007ffaa9880000 - 0x00007ffaa98ae000 	C:\WINDOWS\SYSTEM32\USERENV.dll
0x00007ffaa8a80000 - 0x00007ffaa8a8c000 	C:\WINDOWS\SYSTEM32\CRYPTBASE.dll
0x00007ffaa8720000 - 0x00007ffaa875b000 	C:\WINDOWS\SYSTEM32\IPHLPAPI.DLL
0x00007ffaaa6b0000 - 0x00007ffaaa6b8000 	C:\WINDOWS\System32\NSI.dll
0x00007ffaa0ad0000 - 0x00007ffaa0ae7000 	C:\WINDOWS\SYSTEM32\dhcpcsvc6.DLL
0x00007ffaa0b10000 - 0x00007ffaa0b2d000 	C:\WINDOWS\SYSTEM32\dhcpcsvc.DLL
0x00007ffaa8760000 - 0x00007ffaa882a000 	C:\WINDOWS\SYSTEM32\DNSAPI.dll
0x00007ffa9df20000 - 0x00007ffa9df2e000 	C:\Program Files\Java\jdk-20\bin\sunmscapi.dll
0x00007ffaa9c80000 - 0x00007ffaa9dde000 	C:\WINDOWS\System32\CRYPT32.dll
0x00007ffaa8fe0000 - 0x00007ffaa9008000 	C:\WINDOWS\SYSTEM32\ncrypt.dll
0x00007ffaa8f90000 - 0x00007ffaa8fcb000 	C:\WINDOWS\SYSTEM32\NTASN1.dll
0x00007ffa9de30000 - 0x00007ffa9de3a000 	C:\Program Files\Java\jdk-20\bin\management.dll
0x00007ffa99cd0000 - 0x00007ffa99cdb000 	C:\Program Files\Java\jdk-20\bin\management_ext.dll
0x00007ffaabb90000 - 0x00007ffaabb98000 	C:\WINDOWS\System32\PSAPI.DLL
0x00007ffa98e70000 - 0x00007ffa98e80000 	C:\Program Files\Java\jdk-20\bin\verify.dll
0x00007ffa93bf0000 - 0x00007ffa93c07000 	C:\WINDOWS\system32\napinsp.dll
0x00007ffa93bd0000 - 0x00007ffa93beb000 	C:\WINDOWS\system32\pnrpnsp.dll
0x00007ffa93bb0000 - 0x00007ffa93bc5000 	C:\WINDOWS\system32\wshbth.dll
0x00007ffaa4830000 - 0x00007ffaa484d000 	C:\WINDOWS\system32\NLAapi.dll
0x00007ffa93b90000 - 0x00007ffa93ba2000 	C:\WINDOWS\System32\winrnr.dll
0x00007ffa9cb30000 - 0x00007ffa9cb3a000 	C:\Windows\System32\rasadhlp.dll
0x00007ffa9db40000 - 0x00007ffa9dbc2000 	C:\WINDOWS\System32\fwpuclnt.dll
0x00007ffa98380000 - 0x00007ffa98387000 	C:\Program Files\Java\jdk-20\bin\extnet.dll
0x00007ffa96160000 - 0x00007ffa96167000 	C:\WINDOWS\system32\wshunix.dll

dbghelp: loaded successfully - version: 4.0.5 - missing functions: none
symbol engine: initialized successfully - sym options: 0x614 - pdb path: .;C:\Program Files\Java\jdk-20\bin;C:\WINDOWS\SYSTEM32;C:\WINDOWS\WinSxS\amd64_microsoft.windows.common-controls_6595b64144ccf1df_6.0.19041.1110_none_60b5254171f9507e;C:\Program Files\Java\jdk-20\bin\server

VM Arguments:
jvm_args: -XX:+ShowCodeDetailsInExceptionMessages 
java_command: com.guardias.backend.BackendApplication
java_class_path (initial): E:\ANGULAR\DPH - BACKEND\backend\target\classes;C:\Users\KerbunHP\.m2\repository\org\springframework\boot\spring-boot-starter-validation\3.1.2\spring-boot-starter-validation-3.1.2.jar;C:\Users\KerbunHP\.m2\repository\org\springframework\boot\spring-boot-starter\3.1.2\spring-boot-starter-3.1.2.jar;C:\Users\KerbunHP\.m2\repository\org\springframework\boot\spring-boot\3.1.2\spring-boot-3.1.2.jar;C:\Users\KerbunHP\.m2\repository\org\springframework\boot\spring-boot-autoconfigure\3.1.2\spring-boot-autoconfigure-3.1.2.jar;C:\Users\KerbunHP\.m2\repository\org\springframework\boot\spring-boot-starter-logging\3.1.2\spring-boot-starter-logging-3.1.2.jar;C:\Users\KerbunHP\.m2\repository\ch\qos\logback\logback-classic\1.4.8\logback-classic-1.4.8.jar;C:\Users\KerbunHP\.m2\repository\ch\qos\logback\logback-core\1.4.8\logback-core-1.4.8.jar;C:\Users\KerbunHP\.m2\repository\org\apache\logging\log4j\log4j-to-slf4j\2.20.0\log4j-to-slf4j-2.20.0.jar;C:\Users\KerbunHP\.m2\repository\org\apache\logging\log4j\log4j-api\2.20.0\log4j-api-2.20.0.jar;C:\Users\KerbunHP\.m2\repository\org\slf4j\jul-to-slf4j\2.0.7\jul-to-slf4j-2.0.7.jar;C:\Users\KerbunHP\.m2\repository\jakarta\annotation\jakarta.annotation-api\2.1.1\jakarta.annotation-api-2.1.1.jar;C:\Users\KerbunHP\.m2\repository\org\yaml\snakeyaml\1.33\snakeyaml-1.33.jar;C:\Users\KerbunHP\.m2\repository\org\apache\tomcat\embed\tomcat-embed-el\10.1.11\tomcat-embed-el-10.1.11.jar;C:\Users\KerbunHP\.m2\repository\org\hibernate\validator\hibernate-validator\8.0.1.Final\hibernate-validator-8.0.1.Final.jar;C:\Users\KerbunHP\.m2\repository\jakarta\validation\jakarta.validation-api\3.0.2\jakarta.validation-api-3.0.2.jar;C:\Users\KerbunHP\.m2\repository\org\jboss\logging\jboss-logging\3.5.3.Final\jboss-logging-3.5.3.Final.jar;C:\Users\KerbunHP\.m2\repository\com\fasterxml\classmate\1.5.1\classmate-1.5.1.jar;C:\Users\KerbunHP\.m2\repository\org\springframework\boot\spring-boot-starter-data-jpa\3.1.2\spring-boot-starter-data-jpa-3.1.2.jar;C:\Users\KerbunHP\.m2\repository\org\springframework\boot\spring-boot-starter-aop\3.1.2\spring-boot-starter-aop-3.1.2.jar;C:\Users\KerbunHP\.m2\repository\org\springframework\spring-aop\6.0.11\spring-aop-6.0.11.jar;C:\Users\KerbunHP\.m2\repository\org\aspectj\aspectjweaver\1.9.19\aspectjweaver-1.9.19.jar;C:\Users\KerbunHP\.m2\repository\org\springframework\boot\spring-boot-starter-jdbc\3.1.2\spring-boot-starter-jdbc-3.1.2.jar;C:\Users\KerbunHP\.m2\repository\com\zaxxer\HikariCP\5.0.1\HikariCP-5.0.1.jar;C:\Users\KerbunHP\.m2\repository\org\springframework\spring-jdbc\6.0.11\spring-jdbc-6.0.11.jar;C:\Users\KerbunHP\.m2\repository\org\hibernate\orm\hibernate-core\6.2.6.Final\hibernate-core-6.2.6.Final.jar;C:\Users\KerbunHP\.m2\repository\jakarta\persistence\jakarta.persistence-api\3.1.0\jakarta.persistence-api-3.1.0.jar;C:\Users\KerbunHP\.m2\repository\jakarta\transaction\jakarta.transaction-api\2.0.1\jakarta.transaction-api-2.0.1.jar;C:\Users\KerbunHP\.m2\repository\org\hibernate\common\hibernate-commons-annotations\6.0.6.Final\hibernate-commons-annotations-6.0.6.Final.jar;C:\Users\KerbunHP\.m2\repository\io\smallrye\jandex\3.0.5\jandex-3.0.5.jar;C:\Users\KerbunHP\.m2\repository\net\bytebuddy\byte-buddy\1.14.5\byte-buddy-1.14.5.jar;C:\Users\KerbunHP\.m2\repository\org\glassfish\jaxb\jaxb-runtime\4.0.3\jaxb-runtime-4.0.3.jar;C:\Users\KerbunHP\.m2\repository\org\glassfish\jaxb\jaxb-core\4.0.3\jaxb-core-4.0.3.jar;C:\Users\KerbunHP\.m2\repository\org\eclipse\angus\angus-activation\2.0.1\angus-activation-2.0.1.jar;C:\Users\KerbunHP\.m2\repository\org\glassfish\jaxb\txw2\4.0.3\txw2-4.0.3.jar;C:\Users\KerbunHP\.m2\repository\com\sun\istack\istack-commons-runtime\4.1.2\istack-commons-runtime-4.1.2.jar;C:\Users\KerbunHP\.m2\repository\jakarta\inject\jakarta.inject-api\2.0.1\jakarta.inject-api-2.0.1.jar;C:\Users\KerbunHP\.m2\repository\org\antlr\antlr4-runtime\4.10.1\antlr4-runtime-4.10.1.jar;C:\Users\KerbunHP\.m2\repository\org\springframework\data\spring-data-jpa\3.1.2\spring-data-jpa-3.1.2.jar;C:\Users\KerbunHP\.m2\repository\org\springframework\data\spring-data-commons\3.1.2\spring-data-commons-3.1.2.jar;C:\Users\KerbunHP\.m2\repository\org\springframework\spring-orm\6.0.11\spring-orm-6.0.11.jar;C:\Users\KerbunHP\.m2\repository\org\springframework\spring-context\6.0.11\spring-context-6.0.11.jar;C:\Users\KerbunHP\.m2\repository\org\springframework\spring-tx\6.0.11\spring-tx-6.0.11.jar;C:\Users\KerbunHP\.m2\repository\org\springframework\spring-beans\6.0.11\spring-beans-6.0.11.jar;C:\Users\KerbunHP\.m2\repository\org\slf4j\slf4j-api\2.0.7\slf4j-api-2.0.7.jar;C:\Users\KerbunHP\.m2\repository\org\springframework\spring-aspects\6.0.11\spring-aspects-6.0.11.jar;C:\Users\KerbunHP\.m2\repository\org\springframework\boot\spring-boot-starter-web\3.1.2\spring-boot-starter-web-3.1.2.jar;C:\Users\KerbunHP\.m2\repository\org\springframework\boot\spring-boot-starter-json\3.1.2\spring-boot-starter-json-3.1.2.jar;C:\Users\KerbunHP\.m2\repository\com\fasterxml\jackson\core\jackson-databind\2.15.2\jackson-databind-2.15.2.jar;C:\Users\KerbunHP\.m2\repository\com\fasterxml\jackson\core\jackson-annotations\2.15.2\jackson-annotations-2.15.2.jar;C:\Users\KerbunHP\.m2\repository\com\fasterxml\jackson\core\jackson-core\2.15.2\jackson-core-2.15.2.jar;C:\Users\KerbunHP\.m2\repository\com\fasterxml\jackson\datatype\jackson-datatype-jdk8\2.15.2\jackson-datatype-jdk8-2.15.2.jar;C:\Users\KerbunHP\.m2\repository\com\fasterxml\jackson\datatype\jackson-datatype-jsr310\2.15.2\jackson-datatype-jsr310-2.15.2.jar;C:\Users\KerbunHP\.m2\repository\com\fasterxml\jackson\module\jackson-module-parameter-names\2.15.2\jackson-module-parameter-names-2.15.2.jar;C:\Users\KerbunHP\.m2\repository\org\springframework\boot\spring-boot-starter-tomcat\3.1.2\spring-boot-starter-tomcat-3.1.2.jar;C:\Users\KerbunHP\.m2\repository\org\apache\tomcat\embed\tomcat-embed-core\10.1.11\tomcat-embed-core-10.1.11.jar;C:\Users\KerbunHP\.m2\repository\org\apache\tomcat\embed\tomcat-embed-websocket\10.1.11\tomcat-embed-websocket-10.1.11.jar;C:\Users\KerbunHP\.m2\repository\org\springframework\spring-web\6.0.11\spring-web-6.0.11.jar;C:\Users\KerbunHP\.m2\repository\io\micrometer\micrometer-observation\1.11.2\micrometer-observation-1.11.2.jar;C:\Users\KerbunHP\.m2\repository\io\micrometer\micrometer-commons\1.11.2\micrometer-commons-1.11.2.jar;C:\Users\KerbunHP\.m2\repository\org\springframework\spring-webmvc\6.0.11\spring-webmvc-6.0.11.jar;C:\Users\KerbunHP\.m2\repository\org\springframework\spring-expression\6.0.11\spring-expression-6.0.11.jar;C:\Users\KerbunHP\.m2\repository\com\microsoft\sqlserver\mssql-jdbc\11.2.3.jre17\mssql-jdbc-11.2.3.jre17.jar;C:\Users\KerbunHP\.m2\repository\jakarta\xml\bind\jakarta.xml.bind-api\4.0.0\jakarta.xml.bind-api-4.0.0.jar;C:\Users\KerbunHP\.m2\repository\jakarta\activation\jakarta.activation-api\2.1.2\jakarta.activation-api-2.1.2.jar;C:\Users\KerbunHP\.m2\repository\org\springframework\spring-core\6.0.11\spring-core-6.0.11.jar;C:\Users\KerbunHP\.m2\repository\org\springframework\spring-jcl\6.0.11\spring-jcl-6.0.11.jar;C:\Users\KerbunHP\.m2\repository\org\apache\commons\commons-lang3\3.13.0\commons-lang3-3.13.0.jar;C:\Users\KerbunHP\.m2\repository\org\projectlombok\lombok\1.18.28\lombok-1.18.28.jar
Launcher Type: SUN_STANDARD

[Global flags]
     intx CICompilerCount                          = 4                                         {product} {ergonomic}
     uint ConcGCThreads                            = 2                                         {product} {ergonomic}
     uint G1ConcRefinementThreads                  = 8                                         {product} {ergonomic}
   size_t G1HeapRegionSize                         = 2097152                                   {product} {ergonomic}
    uintx GCDrainStackTargetSize                   = 64                                        {product} {ergonomic}
   size_t InitialHeapSize                          = 268435456                                 {product} {ergonomic}
   size_t MarkStackSize                            = 4194304                                   {product} {ergonomic}
   size_t MaxHeapSize                              = 4280287232                                {product} {ergonomic}
   size_t MaxNewSize                               = 2566914048                                {product} {ergonomic}
   size_t MinHeapDeltaBytes                        = 2097152                                   {product} {ergonomic}
   size_t MinHeapSize                              = 8388608                                   {product} {ergonomic}
    uintx NonNMethodCodeHeapSize                   = 5839372                                {pd product} {ergonomic}
    uintx NonProfiledCodeHeapSize                  = 122909434                              {pd product} {ergonomic}
    uintx ProfiledCodeHeapSize                     = 122909434                              {pd product} {ergonomic}
    uintx ReservedCodeCacheSize                    = 251658240                              {pd product} {ergonomic}
     bool SegmentedCodeCache                       = true                                      {product} {ergonomic}
     bool ShowCodeDetailsInExceptionMessages       = true                                   {manageable} {command line}
   size_t SoftMaxHeapSize                          = 4280287232                             {manageable} {ergonomic}
     bool UseCompressedClassPointers               = true                           {product lp64_product} {ergonomic}
     bool UseCompressedOops                        = true                           {product lp64_product} {ergonomic}
     bool UseG1GC                                  = true                                      {product} {ergonomic}
     bool UseLargePagesIndividualAllocation        = false                                  {pd product} {ergonomic}

Logging:
Log output configuration:
 #0: stdout all=warning uptime,level,tags foldmultilines=false
 #1: stderr all=off uptime,level,tags foldmultilines=false

Environment Variables:
JAVA_HOME=c:\Users\KerbunHP\AppData\Roaming\Code\User\globalStorage\pleiades.java-extension-pack-jdk\java\17
PATH=c:\Users\KerbunHP\AppData\Roaming\Code\User\globalStorage\pleiades.java-extension-pack-jdk\java\17\bin;c:\Users\KerbunHP\AppData\Roaming\Code\User\globalStorage\pleiades.java-extension-pack-jdk\maven\latest\bin;c:\Users\KerbunHP\AppData\Roaming\Code\User\globalStorage\pleiades.java-extension-pack-jdk\gradle\latest\bin;C:\Program Files\Common Files\Oracle\Java\javapath;C:\Python311\Scripts\;C:\Python311\;C:\ProgramData\Oracle\Java\javapath;C:\Intel\OpenCL\sdk\bin\x64;C:\Intel\OpenCL\sdk\bin\x86;C:\Intel\OpenCL\sdk\bin\Pin;C:\Intel\OpenCL\sdk\bin\GTPin;C:\Program Files (x86)\Intel\iCLS Client\;C:\Program Files\Intel\iCLS Client\;C:\Windows\system32;C:\Windows;C:\Windows\System32\Wbem;C:\Windows\System32\WindowsPowerShell\v1.0\;C:\Program Files\Intel\Intel(R) Management Engine Components\DAL;C:\Program Files\Intel\Intel(R) Management Engine Components\IPT;C:\Program Files (x86)\Intel\Intel(R) Management Engine Components\DAL;C:\Program Files (x86)\Intel\Intel(R) Management Engine Components\IPT;C:\Program Files\OpenVPN\bin;C:\WINDOWS\system32;C:\WINDOWS;C:\WINDOWS\System32\Wbem;C:\WINDOWS\System32\WindowsPowerShell\v1.0\;C:\Program Files (x86)\GtkSharp\2.12\bin;C:\Program Files (x86)\Bitvise SSH Client;C:\WINDOWS\system32;C:\WINDOWS;C:\WINDOWS\System32\Wbem;C:\WINDOWS\System32\WindowsPowerShell\v1.0\;C:\WINDOWS\System32\OpenSSH\;C:\Program Files\Microsoft SQL Server\130\Tools\Binn\;C:\Program Files\dotnet\;C:\Program Files\Git\cmd;C:\Program Files\PuTTY\;C:\Program Files\Docker\Docker\resources\bin;C:\Program Files\nodejs\;C:\ProgramData\chocolatey\bin;C:\Program Files\TortoiseGit\bin;C:\Program Files (x86)\Microsoft SQL Server\160\Tools\Binn\;C:\Program Files\Microsoft SQL Server\160\Tools\Binn\;C:\Program Files\Microsoft SQL Server\Client SDK\ODBC\170\Tools\Binn\;C:\Program Files\Microsoft SQL Server\160\DTS\Binn\;C:\Program Files (x86)\Microsoft SQL Server\160\DTS\Binn\;C:\Program Files\Azure Data Studio\bin;C:\Program Files\Java\jdk-20\bin;C:\Program Files\MySQL\MySQL Shell 8.0\bin\;C:\Users\KerbunHP\AppData\Local\Microsoft\WindowsApps;C:\Users\KerbunHP\AppData\Local\Programs\Microsoft VS Code\bin;C:\Users\KerbunHP\AppData\Local\GitHubDesktop\bin;C:\Users\KerbunHP\AppData\Roaming\npm;C:\Program Files (x86)\Brackets\;C:\Program Files\Azure Data Studio\bin
USERNAME=Fabiana
LANG=en_US.UTF-8
OS=Windows_NT
PROCESSOR_IDENTIFIER=Intel64 Family 6 Model 60 Stepping 3, GenuineIntel
TMP=C:\Users\KerbunHP\AppData\Local\Temp
TEMP=C:\Users\KerbunHP\AppData\Local\Temp




---------------  S Y S T E M  ---------------

OS:
 Windows 10 , 64 bit Build 19041 (10.0.19041.3155)
OS uptime: 0 days 8:25 hours
Hyper-V role detected

CPU: total 8 (initial active 8) (4 cores per cpu, 2 threads per core) family 6 model 60 stepping 3 microcode 0x27, cx8, cmov, fxsr, ht, mmx, sse, sse2, sse3, ssse3, sse4.1, sse4.2, popcnt, lzcnt, tsc, tscinvbit, avx, avx2, aes, erms, clmul, bmi1, bmi2, fma, vzeroupper, clflush, hv, rdtscp, f16c

Memory: 4k page, system-wide physical 16320M (6446M free)
TotalPageFile size 20320M (AvailPageFile size 5918M)
current process WorkingSet (physical memory assigned to process): 220M, peak: 277M
current process commit charge ("private bytes"): 257M, peak: 416M

vm_info: Java HotSpot(TM) 64-Bit Server VM (20.0.2+9-78) for windows-amd64 JRE (20.0.2+9-78), built on 2023-06-14T10:08:48Z by "mach5one" with MS VC++ 17.1 (VS2022)

END.
