#
# A fatal error has been detected by the Java Runtime Environment:
#
#  EXCEPTION_ACCESS_VIOLATION (0xc0000005) at pc=0x00007ffb9f014606, pid=10268, tid=3148
#
# JRE version: OpenJDK Runtime Environment Temurin-17.0.9+9 (17.0.9+9) (build 17.0.9+9)
# Java VM: OpenJDK 64-Bit Server VM Temurin-17.0.9+9 (17.0.9+9, mixed mode, sharing, tiered, compressed oops, compressed class ptrs, parallel gc, windows-amd64)
# Problematic frame:
# V  [jvm.dll+0x634606]
#
# No core dump will be written. Minidumps are not enabled by default on client versions of Windows
#
# If you would like to submit a bug report, please visit:
#   https://github.com/adoptium/adoptium-support/issues
#

---------------  S U M M A R Y ------------

Command Line: --add-modules=ALL-SYSTEM --add-opens=java.base/java.util=ALL-UNNAMED --add-opens=java.base/java.lang=ALL-UNNAMED --add-opens=java.base/sun.nio.fs=ALL-UNNAMED -Declipse.application=org.eclipse.jdt.ls.core.id1 -Dosgi.bundles.defaultStartLevel=4 -Declipse.product=org.eclipse.jdt.ls.core.product -Djava.import.generatesMetadataFilesAtProjectRoot=false -DDetectVMInstallationsJob.disabled=true -Dfile.encoding=utf8 -XX:+UseParallelGC -XX:GCTimeRatio=4 -XX:AdaptiveSizePolicyWeight=90 -Dsun.zip.disableMemoryMapping=true -Xmx1G -Xms100m -Xlog:disable -javaagent:c:\Users\casa\.vscode\extensions\redhat.java-1.24.0-win32-x64\lombok\lombok-1.18.30.jar -XX:+HeapDumpOnOutOfMemoryError -XX:HeapDumpPath=c:\Users\casa\AppData\Roaming\Code\User\workspaceStorage\2ca1e065a12013a041ddb2075f267414\redhat.java -Daether.dependencyCollector.impl=bf c:\Users\casa\.vscode\extensions\redhat.java-1.24.0-win32-x64\server\plugins\org.eclipse.equinox.launcher_1.6.500.v20230717-2134.jar -configuration c:\Users\casa\AppData\Roaming\Code\User\globalStorage\redhat.java\1.24.0\config_win -data c:\Users\casa\AppData\Roaming\Code\User\workspaceStorage\2ca1e065a12013a041ddb2075f267414\redhat.java\jdt_ws --stdio

Host: 12th Gen Intel(R) Core(TM) i5-12400F, 12 cores, 15G,  Windows 11 , 64 bit Build 22621 (10.0.22621.2506)
Time: Fri Nov 17 10:17:06 2023 Hora estándar de Argentina elapsed time: 6512.652228 seconds (0d 1h 48m 32s)

---------------  T H R E A D  ---------------

Current thread (0x00000231fc85e670):  VMThread "VM Thread" [stack: 0x0000003372e00000,0x0000003372f00000] [id=3148]

Stack: [0x0000003372e00000,0x0000003372f00000],  sp=0x0000003372efe130,  free space=1016k
Native frames: (J=compiled Java code, j=interpreted, Vv=VM code, C=native code)
V  [jvm.dll+0x634606]
V  [jvm.dll+0x6344c0]
V  [jvm.dll+0x370148]
V  [jvm.dll+0x54110c]
V  [jvm.dll+0x6b72f1]
V  [jvm.dll+0x6b6396]
V  [jvm.dll+0x6bcc11]
V  [jvm.dll+0x688283]
V  [jvm.dll+0x6be304]
V  [jvm.dll+0x83adab]
V  [jvm.dll+0x83baf1]
V  [jvm.dll+0x83c00d]
V  [jvm.dll+0x83c3e4]
V  [jvm.dll+0x83c4b0]
V  [jvm.dll+0x7e3c3a]
V  [jvm.dll+0x67be35]
C  [ucrtbase.dll+0x29363]
C  [KERNEL32.DLL+0x1257d]
C  [ntdll.dll+0x5aa58]


siginfo: EXCEPTION_ACCESS_VIOLATION (0xc0000005), reading address 0x0000008000000098


Registers:
RAX=0x00000231ff8fb3c0, RBX=0x00000231fc815fc0, RCX=0x0000008000000000, RDX=0x0000000000000000
RSP=0x0000003372efe130, RBP=0x0000000000000000, RSI=0x0000000000000004, RDI=0x0000000000000001
R8 =0x0000000000000000, R9 =0x0000000000000000, R10=0x0000000000000000, R11=0x0000000000000246
R12=0x00000231fc815fa0, R13=0x00000231fc816378, R14=0x0000000000000000, R15=0x00000231fc815f90
RIP=0x00007ffb9f014606, EFLAGS=0x0000000000010246


Register to memory mapping:

RIP=0x00007ffb9f014606 jvm.dll
RAX=0x00000231ff8fb3c0 is pointing into metadata
RBX=0x00000231fc815fc0 points into unknown readable memory: 0x00007ffb9f312408 | 08 24 31 9f fb 7f 00 00
RCX=0x0000008000000000 is an unknown value
RDX=0x0 is NULL
RSP=0x0000003372efe130 points into unknown readable memory: 0x00000231ff8fb3c0 | c0 b3 8f ff 31 02 00 00
RBP=0x0 is NULL
RSI=0x0000000000000004 is an unknown value
RDI=0x0000000000000001 is an unknown value
R8 =0x0 is NULL
R9 =0x0 is NULL
R10=0x0 is NULL
R11=0x0000000000000246 is an unknown value
R12=0x00000231fc815fa0 points into unknown readable memory: 0x00007ffb9f3125e8 | e8 25 31 9f fb 7f 00 00
R13=0x00000231fc816378 points into unknown readable memory: 0x100ca48ffa9ae8bd | bd e8 9a fa 8f a4 0c 10
R14=0x0 is NULL
R15=0x00000231fc815f90 points into unknown readable memory: 0x0000000000000000 | 00 00 00 00 00 00 00 00


Top of Stack: (sp=0x0000003372efe130)
0x0000003372efe130:   00000231ff8fb3c0 00000231ff8fb278
0x0000003372efe140:   00000231fc815f90 0000000000000000
0x0000003372efe150:   0000000000000000 00007ffb9f0144c0
0x0000003372efe160:   00000231ff8fb278 0000000000000128
0x0000003372efe170:   00000231fc819910 00000231fc815fc0
0x0000003372efe180:   00007ffb9f37f598 00007ffb9ebd6600
0x0000003372efe190:   00007ffb9f36e910 0000000000000110
0x0000003372efe1a0:   00007ffb9f31de70 00007ffb9f559bc0
0x0000003372efe1b0:   0000000000000022 00007ffb9ed50148
0x0000003372efe1c0:   00000000000003d8 00000231ff8fb278
0x0000003372efe1d0:   000002319829d168 0000000000000001
0x0000003372efe1e0:   0000000000000000 000002319829c3f8
0x0000003372efe1f0:   0000000000000001 0000003372efe288
0x0000003372efe200:   000002319829d168 00007ffb9ef2110c
0x0000003372efe210:   000002319829d168 0000003372efe288
0x0000003372efe220:   0000000000000001 00007ffb00000002
0x0000003372efe230:   00007ffb9f36e910 00000000000001fe
0x0000003372efe240:   ffffffffffffff00 0000000000000004
0x0000003372efe250:   00000000000001a2 0000000000000000
0x0000003372efe260:   0000000000000001 00000231e1403600
0x0000003372efe270:   00000231e1409660 0000003372efe258
0x0000003372efe280:   00007ffb9f559c30 0000000000000000
0x0000003372efe290:   0000003372efe3a0 00007ffb9f0972f1
0x0000003372efe2a0:   0000000000000001 00007ffb9f31de88
0x0000003372efe2b0:   00007ffb9f50c7e0 0000000000000000
0x0000003372efe2c0:   0000000f29d09b7e 0000000000000000
0x0000003372efe2d0:   0000000f00000002 00007ffb9f559c30
0x0000003372efe2e0:   0000003300000002 00007ffb9f559bc0
0x0000003372efe2f0:   00007ffb9f31de70 0000003372efec00
0x0000003372efe300:   00007ffb9f391ae0 000000000000000d
0x0000003372efe310:   0000003300000002 00007ffb9f559bc0
0x0000003372efe320:   0000000000000002 00007ffb9f559c30 

Instructions: (pc=0x00007ffb9f014606)
0x00007ffb9f014506:   48 8d 8e 08 01 00 00 48 03 c8 e8 ab 0b 00 00 48
0x00007ffb9f014516:   8b c8 48 8b d8 48 8b 10 ff 52 68 33 c9 84 c0 48
0x00007ffb9f014526:   0f 45 cb 48 85 c9 74 0d 48 8b 01 41 0f b6 d6 ff
0x00007ffb9f014536:   90 80 00 00 00 48 8d 05 56 b0 36 00 44 88 74 24
0x00007ffb9f014546:   28 48 8d 54 24 20 48 89 44 24 20 48 8b ce e8 a7
0x00007ffb9f014556:   fc ff ff 49 83 3f 00 74 13 48 8b d7 48 8b cd e8
0x00007ffb9f014566:   e6 86 a7 ff 49 8b cf e8 be 86 a7 ff 4c 39 65 18
0x00007ffb9f014576:   74 0c 4c 89 7d 10 4c 89 65 18 4c 89 6d 20 48 8b
0x00007ffb9f014586:   5c 24 68 48 8b 6c 24 70 48 8b 74 24 78 48 83 c4
0x00007ffb9f014596:   30 41 5f 41 5e 41 5d 41 5c 5f c3 cc cc cc cc cc
0x00007ffb9f0145a6:   cc cc cc cc cc cc cc cc cc cc 48 89 5c 24 10 48
0x00007ffb9f0145b6:   89 6c 24 18 48 89 7c 24 20 41 56 48 83 ec 20 45
0x00007ffb9f0145c6:   33 f6 0f b6 ea 44 39 35 5e 46 4e 00 48 8b d9 41
0x00007ffb9f0145d6:   8b fe 0f 86 80 00 00 00 48 89 74 24 30 be 02 00
0x00007ffb9f0145e6:   00 00 0f 1f 84 00 00 00 00 00 48 8b 43 08 48 63
0x00007ffb9f0145f6:   ce 48 8b 4c c8 08 48 85 c9 74 4b 40 84 ed 75 10
0x00007ffb9f014606:   48 8b 89 98 00 00 00 e8 3e 20 bc ff 84 c0 75 36
0x00007ffb9f014616:   48 8b 43 08 4c 89 70 08 48 63 c7 48 8d 0c 00 48
0x00007ffb9f014626:   8b 43 08 4c 89 74 c8 18 48 8b 43 08 4c 89 74 c8
0x00007ffb9f014636:   20 48 8b cb 48 8b 03 ff 50 28 84 c0 75 08 48 8b
0x00007ffb9f014646:   43 08 4c 89 70 10 ff c7 83 c6 02 3b 3d d9 45 4e
0x00007ffb9f014656:   00 72 97 48 8b 74 24 30 48 8b 5c 24 38 48 8b 6c
0x00007ffb9f014666:   24 40 48 8b 7c 24 48 48 83 c4 20 41 5e c3 cc cc
0x00007ffb9f014676:   cc cc cc cc cc cc cc cc cc cc 48 89 5c 24 08 57
0x00007ffb9f014686:   48 83 ec 20 48 8b 01 48 8b f9 4c 63 49 08 4c 8b
0x00007ffb9f014696:   40 08 4b 8b 5c c8 08 48 8b cb 48 83 e1 fc 74 27
0x00007ffb9f0146a6:   84 d2 75 10 48 8b 89 98 00 00 00 e8 9a 1f bc ff
0x00007ffb9f0146b6:   84 c0 75 13 48 8b 07 83 e3 03 48 63 57 08 48 8b
0x00007ffb9f0146c6:   48 08 48 89 5c d1 08 48 8b 5c 24 30 48 83 c4 20
0x00007ffb9f0146d6:   5f c3 cc cc cc cc cc cc cc cc 48 89 5c 24 18 48
0x00007ffb9f0146e6:   89 7c 24 20 41 56 48 83 ec 20 33 db 44 0f b6 f2
0x00007ffb9f0146f6:   48 8b f9 39 59 10 7e 6f 48 89 6c 24 30 48 89 74 


Stack slot to memory mapping:
stack at sp + 0 slots: 0x00000231ff8fb3c0 is pointing into metadata
stack at sp + 1 slots: 0x00000231ff8fb278 is pointing into metadata
stack at sp + 2 slots: 0x00000231fc815f90 points into unknown readable memory: 0x0000000000000000 | 00 00 00 00 00 00 00 00
stack at sp + 3 slots: 0x0 is NULL
stack at sp + 4 slots: 0x0 is NULL
stack at sp + 5 slots: 0x00007ffb9f0144c0 jvm.dll
stack at sp + 6 slots: 0x00000231ff8fb278 is pointing into metadata
stack at sp + 7 slots: 0x0000000000000128 is an unknown value

VM_Operation (0x0000003372afc1f0): ParallelGCFailedAllocation, mode: safepoint, requested by thread 0x00000231e27e4fa0


---------------  P R O C E S S  ---------------

Threads class SMR info:
_java_thread_list=0x00000231e2aefee0, length=38, elements={
0x00000231fc7a9780, 0x00000231d9341840, 0x0000023196c79db0, 0x00000231d9344760,
0x00000231d9344d40, 0x00000231d934b700, 0x00000231d934e790, 0x00000231d9353030,
0x00000231d9376950, 0x00000231d9378e80, 0x00000231d9473250, 0x00000231d95dc4c0,
0x00000231dab8c5d0, 0x00000231df117af0, 0x00000231df093490, 0x00000231df588d20,
0x00000231df3bb6b0, 0x00000231df50bb10, 0x00000231df50d460, 0x00000231df50e8a0,
0x00000231df50e390, 0x00000231df50f2c0, 0x00000231df50c020, 0x00000231e17934c0,
0x00000231e17943f0, 0x00000231df50de80, 0x00000231e1791150, 0x00000231e27e1d00,
0x00000231e27e59c0, 0x00000231e27e4fa0, 0x00000231e27e3140, 0x00000231e27e63e0,
0x00000231e27e6e00, 0x00000231e27e7820, 0x00000231e27e4a90, 0x00000231e27e17f0,
0x00000231e27e3b60, 0x00000231e27e08c0
}

Java Threads: ( => current thread )
  0x00000231fc7a9780 JavaThread "main" [_thread_blocked, id=3784, stack(0x0000003372c00000,0x0000003372d00000)]
  0x00000231d9341840 JavaThread "Reference Handler" daemon [_thread_blocked, id=3092, stack(0x0000003372f00000,0x0000003373000000)]
  0x0000023196c79db0 JavaThread "Finalizer" daemon [_thread_blocked, id=7568, stack(0x0000003373000000,0x0000003373100000)]
  0x00000231d9344760 JavaThread "Signal Dispatcher" daemon [_thread_blocked, id=5184, stack(0x0000003373100000,0x0000003373200000)]
  0x00000231d9344d40 JavaThread "Attach Listener" daemon [_thread_blocked, id=13944, stack(0x0000003373200000,0x0000003373300000)]
  0x00000231d934b700 JavaThread "Service Thread" daemon [_thread_blocked, id=1324, stack(0x0000003373300000,0x0000003373400000)]
  0x00000231d934e790 JavaThread "Monitor Deflation Thread" daemon [_thread_blocked, id=14200, stack(0x0000003373400000,0x0000003373500000)]
  0x00000231d9353030 JavaThread "C2 CompilerThread0" daemon [_thread_blocked, id=10736, stack(0x0000003373500000,0x0000003373600000)]
  0x00000231d9376950 JavaThread "C1 CompilerThread0" daemon [_thread_blocked, id=14028, stack(0x0000003373600000,0x0000003373700000)]
  0x00000231d9378e80 JavaThread "Sweeper thread" daemon [_thread_blocked, id=2836, stack(0x0000003373700000,0x0000003373800000)]
  0x00000231d9473250 JavaThread "Common-Cleaner" daemon [_thread_blocked, id=11532, stack(0x0000003373800000,0x0000003373900000)]
  0x00000231d95dc4c0 JavaThread "Notification Thread" daemon [_thread_blocked, id=8896, stack(0x0000003373a00000,0x0000003373b00000)]
  0x00000231dab8c5d0 JavaThread "Active Thread: Equinox Container: 8bfd075f-69d6-4711-bcda-f645b160f6da" [_thread_blocked, id=12568, stack(0x0000003374300000,0x0000003374400000)]
  0x00000231df117af0 JavaThread "Framework Event Dispatcher: Equinox Container: 8bfd075f-69d6-4711-bcda-f645b160f6da" daemon [_thread_blocked, id=9956, stack(0x0000003374400000,0x0000003374500000)]
  0x00000231df093490 JavaThread "Start Level: Equinox Container: 8bfd075f-69d6-4711-bcda-f645b160f6da" daemon [_thread_blocked, id=9992, stack(0x0000003374500000,0x0000003374600000)]
  0x00000231df588d20 JavaThread "Bundle File Closer" daemon [_thread_blocked, id=9648, stack(0x0000003374700000,0x0000003374800000)]
  0x00000231df3bb6b0 JavaThread "SCR Component Actor" daemon [_thread_blocked, id=10996, stack(0x0000003374800000,0x0000003374900000)]
  0x00000231df50bb10 JavaThread "Worker-JM" [_thread_blocked, id=13476, stack(0x0000003374c00000,0x0000003374d00000)]
  0x00000231df50d460 JavaThread "Java indexing" daemon [_thread_blocked, id=5124, stack(0x0000003374f00000,0x0000003375000000)]
  0x00000231df50e8a0 JavaThread "JNA Cleaner" daemon [_thread_blocked, id=15060, stack(0x0000003375000000,0x0000003375100000)]
  0x00000231df50e390 JavaThread "pool-2-thread-1" [_thread_blocked, id=8768, stack(0x0000003375300000,0x0000003375400000)]
  0x00000231df50f2c0 JavaThread "WorkspaceEventsHandler" [_thread_blocked, id=9616, stack(0x0000003375400000,0x0000003375500000)]
  0x00000231df50c020 JavaThread "pool-1-thread-1" [_thread_in_native, id=15240, stack(0x0000003375500000,0x0000003375600000)]
  0x00000231e17934c0 JavaThread "Java Debug Server" daemon [_thread_in_native, id=7648, stack(0x0000003375100000,0x0000003375200000)]
  0x00000231e17943f0 JavaThread "RxSchedulerPurge-1" daemon [_thread_blocked, id=10120, stack(0x0000003375700000,0x0000003375800000)]
  0x00000231df50de80 JavaThread "RxCachedWorkerPoolEvictor-1" daemon [_thread_blocked, id=3280, stack(0x0000003375800000,0x0000003375900000)]
  0x00000231e1791150 JavaThread "pool-5-thread-5" [_thread_in_native, id=1612, stack(0x0000003375b00000,0x0000003375c00000)]
  0x00000231e27e1d00 JavaThread "RxNewThreadScheduler-9" daemon [_thread_blocked, id=15948, stack(0x0000003375f00000,0x0000003376000000)]
  0x00000231e27e59c0 JavaThread "process reaper (pid 7136)" daemon [_thread_in_native, id=11716, stack(0x0000003372560000,0x0000003372580000)]
  0x00000231e27e4fa0 JavaThread "Worker-46: Publish Diagnostics" [_thread_blocked, id=7884, stack(0x0000003372a00000,0x0000003372b00000)]
  0x00000231e27e3140 JavaThread "Worker-48" [_thread_blocked, id=13288, stack(0x0000003375900000,0x0000003375a00000)]
  0x00000231e27e63e0 JavaThread "Worker-49" [_thread_blocked, id=13368, stack(0x0000003372900000,0x0000003372a00000)]
  0x00000231e27e6e00 JavaThread "ForkJoinPool.commonPool-worker-69" daemon [_thread_blocked, id=15440, stack(0x0000003372b00000,0x0000003372c00000)]
  0x00000231e27e7820 JavaThread "ForkJoinPool.commonPool-worker-70" daemon [_thread_blocked, id=3616, stack(0x0000003373900000,0x0000003373a00000)]
  0x00000231e27e4a90 JavaThread "ForkJoinPool.commonPool-worker-71" daemon [_thread_blocked, id=15784, stack(0x0000003373c00000,0x0000003373d00000)]
  0x00000231e27e17f0 JavaThread "ForkJoinPool.commonPool-worker-72" daemon [_thread_blocked, id=8100, stack(0x0000003374b00000,0x0000003374c00000)]
  0x00000231e27e3b60 JavaThread "ForkJoinPool.commonPool-worker-73" daemon [_thread_blocked, id=2592, stack(0x0000003374d00000,0x0000003374e00000)]
  0x00000231e27e08c0 JavaThread "ForkJoinPool.commonPool-worker-74" daemon [_thread_blocked, id=9304, stack(0x0000003374e00000,0x0000003374f00000)]

Other Threads:
=>0x00000231fc85e670 VMThread "VM Thread" [stack: 0x0000003372e00000,0x0000003372f00000] [id=3148]
  0x00000231d95dc9a0 WatcherThread [stack: 0x0000003373b00000,0x0000003373c00000] [id=13876]
  0x00000231fc7b8470 GCTaskThread "GC Thread#0" [stack: 0x0000003372d00000,0x0000003372e00000] [id=3044]
  0x00000231d9701520 GCTaskThread "GC Thread#1" [stack: 0x0000003373d00000,0x0000003373e00000] [id=13292]
  0x00000231d97017e0 GCTaskThread "GC Thread#2" [stack: 0x0000003373e00000,0x0000003373f00000] [id=7980]
  0x00000231d9701aa0 GCTaskThread "GC Thread#3" [stack: 0x0000003373f00000,0x0000003374000000] [id=3648]
  0x00000231daa9e030 GCTaskThread "GC Thread#4" [stack: 0x0000003374000000,0x0000003374100000] [id=7860]
  0x00000231daa9e2f0 GCTaskThread "GC Thread#5" [stack: 0x0000003374100000,0x0000003374200000] [id=14400]
  0x00000231daa9e5b0 GCTaskThread "GC Thread#6" [stack: 0x0000003374200000,0x0000003374300000] [id=13068]
  0x00000231df15b000 GCTaskThread "GC Thread#7" [stack: 0x0000003374600000,0x0000003374700000] [id=11004]
  0x00000231df5cb590 GCTaskThread "GC Thread#8" [stack: 0x0000003374900000,0x0000003374a00000] [id=844]
  0x00000231df5cb850 GCTaskThread "GC Thread#9" [stack: 0x0000003374a00000,0x0000003374b00000] [id=4844]

Threads with active compile tasks:
C1 CompilerThread0  6512674 24685       3       lombok.core.handlers.InclusionExclusionUtils::handleIncludeExcludeMarking (791 bytes)

VM state: at safepoint (normal execution)

VM Mutex/Monitor currently owned by a thread:  ([mutex/lock_event])
[0x00000231fc7a6ce0] Threads_lock - owner thread: 0x00000231fc85e670
[0x00000231fc7a5420] Heap_lock - owner thread: 0x00000231e27e4fa0

Heap address: 0x00000000c0000000, size: 1024 MB, Compressed Oops mode: 32-bit

CDS archive(s) mapped at: [0x0000023197000000-0x0000023197ba0000-0x0000023197ba0000), size 12189696, SharedBaseAddress: 0x0000023197000000, ArchiveRelocationMode: 1.
Compressed class space mapped at: 0x0000023198000000-0x00000231d8000000, reserved size: 1073741824
Narrow klass base: 0x0000023197000000, Narrow klass shift: 0, Narrow klass range: 0x100000000

GC Precious Log:
 CPUs: 12 total, 12 available
 Memory: 16225M
 Large Page Support: Disabled
 NUMA Support: Disabled
 Compressed Oops: Enabled (32-bit)
 Alignments: Space 512K, Generation 512K, Heap 2M
 Heap Min Capacity: 100M
 Heap Initial Capacity: 100M
 Heap Max Capacity: 1G
 Pre-touch: Disabled
 Parallel Workers: 10

Heap:
 PSYoungGen      total 6656K, used 954K [0x00000000eab00000, 0x00000000eb380000, 0x0000000100000000)
  eden space 5120K, 0% used [0x00000000eab00000,0x00000000eab00000,0x00000000eb000000)
  from space 1536K, 62% used [0x00000000eb000000,0x00000000eb0ee900,0x00000000eb180000)
  to   space 1536K, 0% used [0x00000000eb200000,0x00000000eb200000,0x00000000eb380000)
 ParOldGen       total 194048K, used 193569K [0x00000000c0000000, 0x00000000cbd80000, 0x00000000eab00000)
  object space 194048K, 99% used [0x00000000c0000000,0x00000000cbd086b0,0x00000000cbd80000)
 Metaspace       used 87196K, committed 88640K, reserved 1179648K
  class space    used 8655K, committed 9280K, reserved 1048576K

Card table byte_map: [0x00000231fc140000,0x00000231fc350000] _byte_map_base: 0x00000231fbb40000

Marking Bits: (ParMarkBitMap*) 0x00007ffb9f57d0b0
 Begin Bits: [0x00000231fc860000, 0x00000231fd860000)
 End Bits:   [0x00000231fd860000, 0x00000231fe860000)

Polling page: 0x00000231fa760000

Metaspace:

Usage:
  Non-class:     76.70 MB used.
      Class:      8.45 MB used.
       Both:     85.15 MB used.

Virtual space:
  Non-class space:      128.00 MB reserved,      77.50 MB ( 61%) committed,  2 nodes.
      Class space:        1.00 GB reserved,       9.06 MB ( <1%) committed,  1 nodes.
             Both:        1.12 GB reserved,      86.56 MB (  8%) committed. 

Chunk freelists:
   Non-Class:  2.28 MB
       Class:  6.75 MB
        Both:  9.04 MB

MaxMetaspaceSize: unlimited
CompressedClassSpaceSize: 1.00 GB
Initial GC threshold: 21.00 MB
Current GC threshold: 143.69 MB
CDS: on
MetaspaceReclaimPolicy: balanced
 - commit_granule_bytes: 65536.
 - commit_granule_words: 8192.
 - virtual_space_node_default_size: 8388608.
 - enlarge_chunks_in_place: 1.
 - new_chunks_are_fully_committed: 0.
 - uncommit_free_chunks: 1.
 - use_allocation_guard: 0.
 - handle_deallocations: 1.


Internal statistics:

num_allocs_failed_limit: 6.
num_arena_births: 1598.
num_arena_deaths: 688.
num_vsnodes_births: 3.
num_vsnodes_deaths: 0.
num_space_committed: 1389.
num_space_uncommitted: 4.
num_chunks_returned_to_freelist: 885.
num_chunks_taken_from_freelist: 6217.
num_chunk_merges: 311.
num_chunk_splits: 3560.
num_chunks_enlarged: 1939.
num_inconsistent_stats: 0.

CodeHeap 'non-profiled nmethods': size=120000Kb used=20241Kb max_used=20241Kb free=99758Kb
 bounds [0x000002318f530000, 0x0000023190900000, 0x0000023196a60000]
CodeHeap 'profiled nmethods': size=120000Kb used=41449Kb max_used=41449Kb free=78550Kb
 bounds [0x0000023187a60000, 0x000002318a2f0000, 0x000002318ef90000]
CodeHeap 'non-nmethods': size=5760Kb used=1421Kb max_used=1511Kb free=4338Kb
 bounds [0x000002318ef90000, 0x000002318f200000, 0x000002318f530000]
 total_blobs=19013 nmethods=18241 adapters=680
 compilation: enabled
              stopped_count=0, restarted_count=0
 full_count=0

Compilation events (20 events):
Event: 6512.570 Thread 0x00000231d9376950 nmethod 24675 0x000002318a2dd910 code [0x000002318a2ddaa0, 0x000002318a2ddbc8]
Event: 6512.571 Thread 0x00000231d9376950 24676       3       lombok.eclipse.handlers.EclipseHandlerUtil::isClassOrEnum (8 bytes)
Event: 6512.571 Thread 0x00000231d9353030 24677       4       org.eclipse.jdt.internal.compiler.ASTVisitor::endVisit (1 bytes)
Event: 6512.571 Thread 0x00000231d9376950 nmethod 24676 0x000002318a2ddc90 code [0x000002318a2dde20, 0x000002318a2ddf48]
Event: 6512.571 Thread 0x00000231d9353030 nmethod 24677 0x00000231908f3c10 code [0x00000231908f3d80, 0x00000231908f3df8]
Event: 6512.574 Thread 0x00000231d9376950 24679       3       org.eclipse.jdt.internal.compiler.CompilationResult::getCUProblems (213 bytes)
Event: 6512.575 Thread 0x00000231d9376950 nmethod 24679 0x000002318a2de010 code [0x000002318a2de260, 0x000002318a2def98]
Event: 6512.575 Thread 0x00000231d9376950 24678       3       org.eclipse.jdt.internal.core.CompilationUnitProblemFinder$1::acceptResult (1 bytes)
Event: 6512.575 Thread 0x00000231d9376950 nmethod 24678 0x000002318a2df310 code [0x000002318a2df4a0, 0x000002318a2df5b8]
Event: 6512.575 Thread 0x00000231d9376950 24680       3       org.eclipse.ltk.core.refactoring.RefactoringStatusEntry::<init> (11 bytes)
Event: 6512.575 Thread 0x00000231d9376950 nmethod 24680 0x000002318a2df690 code [0x000002318a2df840, 0x000002318a2df988]
Event: 6512.575 Thread 0x00000231d9376950 24681       3       org.eclipse.jdt.internal.core.SortElementsOperation$1::visit (79 bytes)
Event: 6512.576 Thread 0x00000231d9353030 24682       4       org.eclipse.jdt.core.dom.MarkerAnnotation::accept0 (25 bytes)
Event: 6512.576 Thread 0x00000231d9376950 nmethod 24681 0x000002318a2dfa90 code [0x000002318a2dfd00, 0x000002318a2e0a38]
Event: 6512.576 Thread 0x00000231d9376950 24683       3       org.eclipse.jdt.internal.core.SortElementsOperation$2::visit (37 bytes)
Event: 6512.577 Thread 0x00000231d9376950 nmethod 24683 0x000002318a2e0f10 code [0x000002318a2e1100, 0x000002318a2e1578]
Event: 6512.577 Thread 0x00000231d9376950 24684       3       org.eclipse.jdt.internal.core.SortElementsOperation$2::visit (37 bytes)
Event: 6512.577 Thread 0x00000231d9353030 nmethod 24682 0x00000231908f3f10 code [0x00000231908f40a0, 0x00000231908f4228]
Event: 6512.577 Thread 0x00000231d9376950 nmethod 24684 0x000002318a2e1790 code [0x000002318a2e1980, 0x000002318a2e1e78]
Event: 6512.578 Thread 0x00000231d9376950 24685       3       lombok.core.handlers.InclusionExclusionUtils::handleIncludeExcludeMarking (791 bytes)

GC Heap History (20 events):
Event: 5595.942 GC heap after
{Heap after GC invocations=1812 (full 57):
 PSYoungGen      total 3072K, used 672K [0x00000000eab00000, 0x00000000eb280000, 0x0000000100000000)
  eden space 2048K, 0% used [0x00000000eab00000,0x00000000eab00000,0x00000000ead00000)
  from space 1024K, 65% used [0x00000000eb180000,0x00000000eb228000,0x00000000eb280000)
  to   space 2048K, 0% used [0x00000000eae80000,0x00000000eae80000,0x00000000eb080000)
 ParOldGen       total 161792K, used 159826K [0x00000000c0000000, 0x00000000c9e00000, 0x00000000eab00000)
  object space 161792K, 98% used [0x00000000c0000000,0x00000000c9c14a18,0x00000000c9e00000)
 Metaspace       used 87160K, committed 88512K, reserved 1179648K
  class space    used 8655K, committed 9280K, reserved 1048576K
}
Event: 5595.967 GC heap before
{Heap before GC invocations=1813 (full 57):
 PSYoungGen      total 3072K, used 2720K [0x00000000eab00000, 0x00000000eb280000, 0x0000000100000000)
  eden space 2048K, 100% used [0x00000000eab00000,0x00000000ead00000,0x00000000ead00000)
  from space 1024K, 65% used [0x00000000eb180000,0x00000000eb228000,0x00000000eb280000)
  to   space 2048K, 0% used [0x00000000eae80000,0x00000000eae80000,0x00000000eb080000)
 ParOldGen       total 193536K, used 190546K [0x00000000c0000000, 0x00000000cbd00000, 0x00000000eab00000)
  object space 193536K, 98% used [0x00000000c0000000,0x00000000cba14a48,0x00000000cbd00000)
 Metaspace       used 87169K, committed 88576K, reserved 1179648K
  class space    used 8655K, committed 9280K, reserved 1048576K
}
Event: 5595.967 GC heap after
{Heap after GC invocations=1813 (full 57):
 PSYoungGen      total 4608K, used 768K [0x00000000eab00000, 0x00000000eb200000, 0x0000000100000000)
  eden space 2560K, 0% used [0x00000000eab00000,0x00000000eab00000,0x00000000ead80000)
  from space 2048K, 37% used [0x00000000eae80000,0x00000000eaf40000,0x00000000eb080000)
  to   space 1024K, 0% used [0x00000000eb100000,0x00000000eb100000,0x00000000eb200000)
 ParOldGen       total 193536K, used 190578K [0x00000000c0000000, 0x00000000cbd00000, 0x00000000eab00000)
  object space 193536K, 98% used [0x00000000c0000000,0x00000000cba1ca48,0x00000000cbd00000)
 Metaspace       used 87169K, committed 88576K, reserved 1179648K
  class space    used 8655K, committed 9280K, reserved 1048576K
}
Event: 5596.256 GC heap before
{Heap before GC invocations=1814 (full 57):
 PSYoungGen      total 4608K, used 3328K [0x00000000eab00000, 0x00000000eb200000, 0x0000000100000000)
  eden space 2560K, 100% used [0x00000000eab00000,0x00000000ead80000,0x00000000ead80000)
  from space 2048K, 37% used [0x00000000eae80000,0x00000000eaf40000,0x00000000eb080000)
  to   space 1024K, 0% used [0x00000000eb100000,0x00000000eb100000,0x00000000eb200000)
 ParOldGen       total 193536K, used 190578K [0x00000000c0000000, 0x00000000cbd00000, 0x00000000eab00000)
  object space 193536K, 98% used [0x00000000c0000000,0x00000000cba1ca48,0x00000000cbd00000)
 Metaspace       used 87170K, committed 88576K, reserved 1179648K
  class space    used 8655K, committed 9280K, reserved 1048576K
}
Event: 5596.257 GC heap after
{Heap after GC invocations=1814 (full 57):
 PSYoungGen      total 3584K, used 436K [0x00000000eab00000, 0x00000000eb180000, 0x0000000100000000)
  eden space 3072K, 0% used [0x00000000eab00000,0x00000000eab00000,0x00000000eae00000)
  from space 512K, 85% used [0x00000000eb100000,0x00000000eb16d200,0x00000000eb180000)
  to   space 1024K, 0% used [0x00000000eaf80000,0x00000000eaf80000,0x00000000eb080000)
 ParOldGen       total 193536K, used 191168K [0x00000000c0000000, 0x00000000cbd00000, 0x00000000eab00000)
  object space 193536K, 98% used [0x00000000c0000000,0x00000000cbab0020,0x00000000cbd00000)
 Metaspace       used 87170K, committed 88576K, reserved 1179648K
  class space    used 8655K, committed 9280K, reserved 1048576K
}
Event: 5596.262 GC heap before
{Heap before GC invocations=1815 (full 57):
 PSYoungGen      total 3584K, used 3508K [0x00000000eab00000, 0x00000000eb180000, 0x0000000100000000)
  eden space 3072K, 100% used [0x00000000eab00000,0x00000000eae00000,0x00000000eae00000)
  from space 512K, 85% used [0x00000000eb100000,0x00000000eb16d200,0x00000000eb180000)
  to   space 1024K, 0% used [0x00000000eaf80000,0x00000000eaf80000,0x00000000eb080000)
 ParOldGen       total 193536K, used 191168K [0x00000000c0000000, 0x00000000cbd00000, 0x00000000eab00000)
  object space 193536K, 98% used [0x00000000c0000000,0x00000000cbab0020,0x00000000cbd00000)
 Metaspace       used 87170K, committed 88576K, reserved 1179648K
  class space    used 8655K, committed 9280K, reserved 1048576K
}
Event: 5596.263 GC heap after
{Heap after GC invocations=1815 (full 57):
 PSYoungGen      total 5120K, used 900K [0x00000000eab00000, 0x00000000eb180000, 0x0000000100000000)
  eden space 4096K, 0% used [0x00000000eab00000,0x00000000eab00000,0x00000000eaf00000)
  from space 1024K, 87% used [0x00000000eaf80000,0x00000000eb061210,0x00000000eb080000)
  to   space 1024K, 0% used [0x00000000eb080000,0x00000000eb080000,0x00000000eb180000)
 ParOldGen       total 193536K, used 191224K [0x00000000c0000000, 0x00000000cbd00000, 0x00000000eab00000)
  object space 193536K, 98% used [0x00000000c0000000,0x00000000cbabe020,0x00000000cbd00000)
 Metaspace       used 87170K, committed 88576K, reserved 1179648K
  class space    used 8655K, committed 9280K, reserved 1048576K
}
Event: 5596.269 GC heap before
{Heap before GC invocations=1816 (full 57):
 PSYoungGen      total 5120K, used 4996K [0x00000000eab00000, 0x00000000eb180000, 0x0000000100000000)
  eden space 4096K, 100% used [0x00000000eab00000,0x00000000eaf00000,0x00000000eaf00000)
  from space 1024K, 87% used [0x00000000eaf80000,0x00000000eb061210,0x00000000eb080000)
  to   space 1024K, 0% used [0x00000000eb080000,0x00000000eb080000,0x00000000eb180000)
 ParOldGen       total 193536K, used 191224K [0x00000000c0000000, 0x00000000cbd00000, 0x00000000eab00000)
  object space 193536K, 98% used [0x00000000c0000000,0x00000000cbabe020,0x00000000cbd00000)
 Metaspace       used 87170K, committed 88576K, reserved 1179648K
  class space    used 8655K, committed 9280K, reserved 1048576K
}
Event: 5596.270 GC heap after
{Heap after GC invocations=1816 (full 57):
 PSYoungGen      total 5632K, used 784K [0x00000000eab00000, 0x00000000eb200000, 0x0000000100000000)
  eden space 4608K, 0% used [0x00000000eab00000,0x00000000eab00000,0x00000000eaf80000)
  from space 1024K, 76% used [0x00000000eb080000,0x00000000eb144010,0x00000000eb180000)
  to   space 1024K, 0% used [0x00000000eaf80000,0x00000000eaf80000,0x00000000eb080000)
 ParOldGen       total 193536K, used 191356K [0x00000000c0000000, 0x00000000cbd00000, 0x00000000eab00000)
  object space 193536K, 98% used [0x00000000c0000000,0x00000000cbadf220,0x00000000cbd00000)
 Metaspace       used 87170K, committed 88576K, reserved 1179648K
  class space    used 8655K, committed 9280K, reserved 1048576K
}
Event: 5596.274 GC heap before
{Heap before GC invocations=1817 (full 57):
 PSYoungGen      total 5632K, used 5392K [0x00000000eab00000, 0x00000000eb200000, 0x0000000100000000)
  eden space 4608K, 100% used [0x00000000eab00000,0x00000000eaf80000,0x00000000eaf80000)
  from space 1024K, 76% used [0x00000000eb080000,0x00000000eb144010,0x00000000eb180000)
  to   space 1024K, 0% used [0x00000000eaf80000,0x00000000eaf80000,0x00000000eb080000)
 ParOldGen       total 193536K, used 191356K [0x00000000c0000000, 0x00000000cbd00000, 0x00000000eab00000)
  object space 193536K, 98% used [0x00000000c0000000,0x00000000cbadf220,0x00000000cbd00000)
 Metaspace       used 87170K, committed 88576K, reserved 1179648K
  class space    used 8655K, committed 9280K, reserved 1048576K
}
Event: 5596.275 GC heap after
{Heap after GC invocations=1817 (full 57):
 PSYoungGen      total 5632K, used 192K [0x00000000eab00000, 0x00000000eb180000, 0x0000000100000000)
  eden space 4608K, 0% used [0x00000000eab00000,0x00000000eab00000,0x00000000eaf80000)
  from space 1024K, 18% used [0x00000000eaf80000,0x00000000eafb0000,0x00000000eb080000)
  to   space 512K, 0% used [0x00000000eb100000,0x00000000eb100000,0x00000000eb180000)
 ParOldGen       total 193536K, used 191996K [0x00000000c0000000, 0x00000000cbd00000, 0x00000000eab00000)
  object space 193536K, 99% used [0x00000000c0000000,0x00000000cbb7f240,0x00000000cbd00000)
 Metaspace       used 87170K, committed 88576K, reserved 1179648K
  class space    used 8655K, committed 9280K, reserved 1048576K
}
Event: 5895.778 GC heap before
{Heap before GC invocations=1818 (full 57):
 PSYoungGen      total 5632K, used 4800K [0x00000000eab00000, 0x00000000eb180000, 0x0000000100000000)
  eden space 4608K, 100% used [0x00000000eab00000,0x00000000eaf80000,0x00000000eaf80000)
  from space 1024K, 18% used [0x00000000eaf80000,0x00000000eafb0000,0x00000000eb080000)
  to   space 512K, 0% used [0x00000000eb100000,0x00000000eb100000,0x00000000eb180000)
 ParOldGen       total 193536K, used 191996K [0x00000000c0000000, 0x00000000cbd00000, 0x00000000eab00000)
  object space 193536K, 99% used [0x00000000c0000000,0x00000000cbb7f240,0x00000000cbd00000)
 Metaspace       used 87188K, committed 88640K, reserved 1179648K
  class space    used 8655K, committed 9280K, reserved 1048576K
}
Event: 5895.780 GC heap after
{Heap after GC invocations=1818 (full 57):
 PSYoungGen      total 5632K, used 288K [0x00000000eab00000, 0x00000000eb180000, 0x0000000100000000)
  eden space 5120K, 0% used [0x00000000eab00000,0x00000000eab00000,0x00000000eb000000)
  from space 512K, 56% used [0x00000000eb100000,0x00000000eb148000,0x00000000eb180000)
  to   space 512K, 0% used [0x00000000eb080000,0x00000000eb080000,0x00000000eb100000)
 ParOldGen       total 193536K, used 192084K [0x00000000c0000000, 0x00000000cbd00000, 0x00000000eab00000)
  object space 193536K, 99% used [0x00000000c0000000,0x00000000cbb95240,0x00000000cbd00000)
 Metaspace       used 87188K, committed 88640K, reserved 1179648K
  class space    used 8655K, committed 9280K, reserved 1048576K
}
Event: 6512.155 GC heap before
{Heap before GC invocations=1819 (full 57):
 PSYoungGen      total 5632K, used 5408K [0x00000000eab00000, 0x00000000eb180000, 0x0000000100000000)
  eden space 5120K, 100% used [0x00000000eab00000,0x00000000eb000000,0x00000000eb000000)
  from space 512K, 56% used [0x00000000eb100000,0x00000000eb148000,0x00000000eb180000)
  to   space 512K, 0% used [0x00000000eb080000,0x00000000eb080000,0x00000000eb100000)
 ParOldGen       total 193536K, used 192084K [0x00000000c0000000, 0x00000000cbd00000, 0x00000000eab00000)
  object space 193536K, 99% used [0x00000000c0000000,0x00000000cbb95240,0x00000000cbd00000)
 Metaspace       used 87190K, committed 88640K, reserved 1179648K
  class space    used 8655K, committed 9280K, reserved 1048576K
}
Event: 6512.157 GC heap after
{Heap after GC invocations=1819 (full 57):
 PSYoungGen      total 6144K, used 500K [0x00000000eab00000, 0x00000000eb280000, 0x0000000100000000)
  eden space 5632K, 0% used [0x00000000eab00000,0x00000000eab00000,0x00000000eb080000)
  from space 512K, 97% used [0x00000000eb080000,0x00000000eb0fd200,0x00000000eb100000)
  to   space 1024K, 0% used [0x00000000eb180000,0x00000000eb180000,0x00000000eb280000)
 ParOldGen       total 193536K, used 192228K [0x00000000c0000000, 0x00000000cbd00000, 0x00000000eab00000)
  object space 193536K, 99% used [0x00000000c0000000,0x00000000cbbb9240,0x00000000cbd00000)
 Metaspace       used 87190K, committed 88640K, reserved 1179648K
  class space    used 8655K, committed 9280K, reserved 1048576K
}
Event: 6512.571 GC heap before
{Heap before GC invocations=1820 (full 57):
 PSYoungGen      total 6144K, used 6132K [0x00000000eab00000, 0x00000000eb280000, 0x0000000100000000)
  eden space 5632K, 100% used [0x00000000eab00000,0x00000000eb080000,0x00000000eb080000)
  from space 512K, 97% used [0x00000000eb080000,0x00000000eb0fd200,0x00000000eb100000)
  to   space 1024K, 0% used [0x00000000eb180000,0x00000000eb180000,0x00000000eb280000)
 ParOldGen       total 193536K, used 192228K [0x00000000c0000000, 0x00000000cbd00000, 0x00000000eab00000)
  object space 193536K, 99% used [0x00000000c0000000,0x00000000cbbb9240,0x00000000cbd00000)
 Metaspace       used 87192K, committed 88640K, reserved 1179648K
  class space    used 8655K, committed 9280K, reserved 1048576K
}
Event: 6512.572 GC heap after
{Heap after GC invocations=1820 (full 57):
 PSYoungGen      total 6144K, used 1022K [0x00000000eab00000, 0x00000000eb400000, 0x0000000100000000)
  eden space 5120K, 0% used [0x00000000eab00000,0x00000000eab00000,0x00000000eb000000)
  from space 1024K, 99% used [0x00000000eb180000,0x00000000eb27fb10,0x00000000eb280000)
  to   space 1536K, 0% used [0x00000000eb000000,0x00000000eb000000,0x00000000eb180000)
 ParOldGen       total 193536K, used 192516K [0x00000000c0000000, 0x00000000cbd00000, 0x00000000eab00000)
  object space 193536K, 99% used [0x00000000c0000000,0x00000000cbc01240,0x00000000cbd00000)
 Metaspace       used 87192K, committed 88640K, reserved 1179648K
  class space    used 8655K, committed 9280K, reserved 1048576K
}
Event: 6512.579 GC heap before
{Heap before GC invocations=1821 (full 57):
 PSYoungGen      total 6144K, used 6142K [0x00000000eab00000, 0x00000000eb400000, 0x0000000100000000)
  eden space 5120K, 100% used [0x00000000eab00000,0x00000000eb000000,0x00000000eb000000)
  from space 1024K, 99% used [0x00000000eb180000,0x00000000eb27fb10,0x00000000eb280000)
  to   space 1536K, 0% used [0x00000000eb000000,0x00000000eb000000,0x00000000eb180000)
 ParOldGen       total 193536K, used 192516K [0x00000000c0000000, 0x00000000cbd00000, 0x00000000eab00000)
  object space 193536K, 99% used [0x00000000c0000000,0x00000000cbc01240,0x00000000cbd00000)
 Metaspace       used 87196K, committed 88640K, reserved 1179648K
  class space    used 8655K, committed 9280K, reserved 1048576K
}
Event: 6512.581 GC heap after
{Heap after GC invocations=1821 (full 57):
 PSYoungGen      total 6656K, used 954K [0x00000000eab00000, 0x00000000eb380000, 0x0000000100000000)
  eden space 5120K, 0% used [0x00000000eab00000,0x00000000eab00000,0x00000000eb000000)
  from space 1536K, 62% used [0x00000000eb000000,0x00000000eb0ee900,0x00000000eb180000)
  to   space 1536K, 0% used [0x00000000eb200000,0x00000000eb200000,0x00000000eb380000)
 ParOldGen       total 194048K, used 193569K [0x00000000c0000000, 0x00000000cbd80000, 0x00000000eab00000)
  object space 194048K, 99% used [0x00000000c0000000,0x00000000cbd086b0,0x00000000cbd80000)
 Metaspace       used 87196K, committed 88640K, reserved 1179648K
  class space    used 8655K, committed 9280K, reserved 1048576K
}
Event: 6512.581 GC heap before
{Heap before GC invocations=1822 (full 58):
 PSYoungGen      total 6656K, used 954K [0x00000000eab00000, 0x00000000eb380000, 0x0000000100000000)
  eden space 5120K, 0% used [0x00000000eab00000,0x00000000eab00000,0x00000000eb000000)
  from space 1536K, 62% used [0x00000000eb000000,0x00000000eb0ee900,0x00000000eb180000)
  to   space 1536K, 0% used [0x00000000eb200000,0x00000000eb200000,0x00000000eb380000)
 ParOldGen       total 194048K, used 193569K [0x00000000c0000000, 0x00000000cbd80000, 0x00000000eab00000)
  object space 194048K, 99% used [0x00000000c0000000,0x00000000cbd086b0,0x00000000cbd80000)
 Metaspace       used 87196K, committed 88640K, reserved 1179648K
  class space    used 8655K, committed 9280K, reserved 1048576K
}

Dll operation events (11 events):
Event: 0.005 Loaded shared library c:\Users\casa\AppData\Roaming\Code\User\globalStorage\pleiades.java-extension-pack-jdk\java\17\bin\java.dll
Event: 0.019 Loaded shared library c:\Users\casa\AppData\Roaming\Code\User\globalStorage\pleiades.java-extension-pack-jdk\java\17\bin\jsvml.dll
Event: 0.051 Loaded shared library c:\Users\casa\AppData\Roaming\Code\User\globalStorage\pleiades.java-extension-pack-jdk\java\17\bin\zip.dll
Event: 0.052 Loaded shared library C:\Users\casa\AppData\Roaming\Code\User\globalStorage\pleiades.java-extension-pack-jdk\java\17\bin\instrument.dll
Event: 0.055 Loaded shared library C:\Users\casa\AppData\Roaming\Code\User\globalStorage\pleiades.java-extension-pack-jdk\java\17\bin\net.dll
Event: 0.056 Loaded shared library C:\Users\casa\AppData\Roaming\Code\User\globalStorage\pleiades.java-extension-pack-jdk\java\17\bin\nio.dll
Event: 0.057 Loaded shared library C:\Users\casa\AppData\Roaming\Code\User\globalStorage\pleiades.java-extension-pack-jdk\java\17\bin\zip.dll
Event: 0.062 Loaded shared library C:\Users\casa\AppData\Roaming\Code\User\globalStorage\pleiades.java-extension-pack-jdk\java\17\bin\jimage.dll
Event: 0.095 Loaded shared library c:\Users\casa\AppData\Roaming\Code\User\globalStorage\pleiades.java-extension-pack-jdk\java\17\bin\verify.dll
Event: 0.649 Loaded shared library C:\Users\casa\AppData\Roaming\Code\User\globalStorage\redhat.java\1.24.0\config_win\org.eclipse.equinox.launcher\org.eclipse.equinox.launcher.win32.win32.x86_64_1.2.700.v20221108-1024\eclipse_11801.dll
Event: 2.285 Loaded shared library C:\Users\casa\AppData\Local\Temp\jna-3046188\jna18044531920141911494.dll

Deoptimization events (20 events):
Event: 4890.932 Thread 0x00000231e1790c40 Uncommon trap: trap_request=0xffffff45 fr.pc=0x00000231903d094c relative=0x000000000000028c
Event: 4890.932 Thread 0x00000231e1790c40 Uncommon trap: reason=unstable_if action=reinterpret pc=0x00000231903d094c method=org.eclipse.jdt.internal.core.util.CommentRecorderParser.checkComment()V @ 206 c2
Event: 4890.932 Thread 0x00000231e1790c40 DEOPT PACKING pc=0x00000231903d094c sp=0x00000033761fe670
Event: 4890.932 Thread 0x00000231e1790c40 DEOPT UNPACKING pc=0x000002318efe66a3 sp=0x00000033761fe5e0 mode 2
Event: 4891.282 Thread 0x00000231e27e3140 Uncommon trap: trap_request=0xffffff45 fr.pc=0x000002318fd26a10 relative=0x00000000000015f0
Event: 4891.282 Thread 0x00000231e27e3140 Uncommon trap: reason=unstable_if action=reinterpret pc=0x000002318fd26a10 method=org.eclipse.jdt.internal.core.NameLookup.seekPackageFragments(Ljava/lang/String;ZLorg/eclipse/jdt/internal/core/IJavaElementRequestor;[Lorg/eclipse/jdt/core/IPackageFragment
Event: 4891.282 Thread 0x00000231e27e3140 DEOPT PACKING pc=0x000002318fd26a10 sp=0x00000033756fd620
Event: 4891.282 Thread 0x00000231e27e3140 DEOPT UNPACKING pc=0x000002318efe66a3 sp=0x00000033756fd608 mode 2
Event: 4891.282 Thread 0x00000231e27e3140 Uncommon trap: trap_request=0xffffff45 fr.pc=0x00000231904f1abc relative=0x0000000000000afc
Event: 4891.282 Thread 0x00000231e27e3140 Uncommon trap: reason=unstable_if action=reinterpret pc=0x00000231904f1abc method=org.eclipse.jdt.internal.compiler.lookup.LookupEnvironment.getModuleFromAnswer(Lorg/eclipse/jdt/internal/compiler/env/NameEnvironmentAnswer;)Lorg/eclipse/jdt/internal/compil
Event: 4891.282 Thread 0x00000231e27e3140 DEOPT PACKING pc=0x00000231904f1abc sp=0x00000033756fd7c0
Event: 4891.282 Thread 0x00000231e27e3140 DEOPT UNPACKING pc=0x000002318efe66a3 sp=0x00000033756fd6b8 mode 2
Event: 4891.282 Thread 0x00000231e27e3140 Uncommon trap: trap_request=0xffffff45 fr.pc=0x000002318fed306c relative=0x00000000000078ac
Event: 4891.282 Thread 0x00000231e27e3140 Uncommon trap: reason=unstable_if action=reinterpret pc=0x000002318fed306c method=org.eclipse.jdt.internal.compiler.lookup.BinaryTypeBinding.scanMethodForNullAnnotation(Lorg/eclipse/jdt/internal/compiler/env/IBinaryMethod;Lorg/eclipse/jdt/internal/compile
Event: 4891.282 Thread 0x00000231e27e3140 DEOPT PACKING pc=0x000002318fed306c sp=0x00000033756fd580
Event: 4891.282 Thread 0x00000231e27e3140 DEOPT UNPACKING pc=0x000002318efe66a3 sp=0x00000033756fd568 mode 2
Event: 4891.406 Thread 0x00000231e27e0dd0 DEOPT PACKING pc=0x000002318a25baa7 sp=0x0000003375dfe340
Event: 4891.406 Thread 0x00000231e27e0dd0 DEOPT UNPACKING pc=0x000002318efe6e43 sp=0x0000003375dfd838 mode 0
Event: 5594.190 Thread 0x00000231e178ede0 DEOPT PACKING pc=0x0000023189825205 sp=0x0000003372bfe690
Event: 5594.190 Thread 0x00000231e178ede0 DEOPT UNPACKING pc=0x000002318efe6e43 sp=0x0000003372bfdb40 mode 0

Classes unloaded (20 events):
Event: 6512.605 Thread 0x00000231fc85e670 Unloading class 0x000002319814dc00 'jdk/internal/reflect/GeneratedSerializationConstructorAccessor83'
Event: 6512.605 Thread 0x00000231fc85e670 Unloading class 0x0000023198642400 'jdk/internal/reflect/GeneratedSerializationConstructorAccessor82'
Event: 6512.605 Thread 0x00000231fc85e670 Unloading class 0x0000023198255400 'jdk/internal/reflect/GeneratedSerializationConstructorAccessor81'
Event: 6512.605 Thread 0x00000231fc85e670 Unloading class 0x0000023198258800 'jdk/internal/reflect/GeneratedSerializationConstructorAccessor79'
Event: 6512.605 Thread 0x00000231fc85e670 Unloading class 0x0000023198253400 'jdk/internal/reflect/GeneratedSerializationConstructorAccessor78'
Event: 6512.605 Thread 0x00000231fc85e670 Unloading class 0x0000023198245400 'jdk/internal/reflect/GeneratedSerializationConstructorAccessor77'
Event: 6512.605 Thread 0x00000231fc85e670 Unloading class 0x00000231981a1000 'jdk/internal/reflect/GeneratedSerializationConstructorAccessor76'
Event: 6512.605 Thread 0x00000231fc85e670 Unloading class 0x0000023198252400 'jdk/internal/reflect/GeneratedSerializationConstructorAccessor75'
Event: 6512.605 Thread 0x00000231fc85e670 Unloading class 0x00000231985d4400 'jdk/internal/reflect/GeneratedSerializationConstructorAccessor71'
Event: 6512.605 Thread 0x00000231fc85e670 Unloading class 0x00000231988ba800 'jdk/internal/reflect/GeneratedSerializationConstructorAccessor69'
Event: 6512.605 Thread 0x00000231fc85e670 Unloading class 0x0000023198922400 'jdk/internal/reflect/GeneratedSerializationConstructorAccessor68'
Event: 6512.605 Thread 0x00000231fc85e670 Unloading class 0x00000231988f9800 'jdk/internal/reflect/GeneratedMethodAccessor82'
Event: 6512.605 Thread 0x00000231fc85e670 Unloading class 0x00000231988fa400 'jdk/internal/reflect/GeneratedMethodAccessor81'
Event: 6512.605 Thread 0x00000231fc85e670 Unloading class 0x00000231988fc000 'jdk/internal/reflect/GeneratedMethodAccessor80'
Event: 6512.605 Thread 0x00000231fc85e670 Unloading class 0x00000231988fcc00 'jdk/internal/reflect/GeneratedMethodAccessor79'
Event: 6512.605 Thread 0x00000231fc85e670 Unloading class 0x00000231988ff800 'jdk/internal/reflect/GeneratedMethodAccessor78'
Event: 6512.605 Thread 0x00000231fc85e670 Unloading class 0x0000023198938400 'jdk/internal/reflect/GeneratedConstructorAccessor53'
Event: 6512.605 Thread 0x00000231fc85e670 Unloading class 0x0000023198904000 'jdk/internal/reflect/GeneratedMethodAccessor69'
Event: 6512.605 Thread 0x00000231fc85e670 Unloading class 0x000002319814cc00 'jdk/internal/reflect/GeneratedMethodAccessor56'
Event: 6512.605 Thread 0x00000231fc85e670 Unloading class 0x0000023198258400 'jdk/internal/reflect/GeneratedMethodAccessor50'

Classes redefined (0 events):
No events

Internal exceptions (20 events):
Event: 3750.739 Thread 0x00000231e27e08c0 Exception <a 'sun/nio/fs/WindowsException'{0x00000000eabc3dc0}> (0x00000000eabc3dc0) 
thrown [s\src\hotspot\share\prims\jni.cpp, line 516]
Event: 3750.739 Thread 0x00000231e27e08c0 Exception <a 'sun/nio/fs/WindowsException'{0x00000000eabc4090}> (0x00000000eabc4090) 
thrown [s\src\hotspot\share\prims\jni.cpp, line 516]
Event: 3895.676 Thread 0x00000231df50d460 Exception <a 'sun/nio/fs/WindowsException'{0x00000000eacc3e58}> (0x00000000eacc3e58) 
thrown [s\src\hotspot\share\prims\jni.cpp, line 516]
Event: 3896.012 Thread 0x00000231df50d460 Exception <a 'sun/nio/fs/WindowsException'{0x00000000eabb6fd0}> (0x00000000eabb6fd0) 
thrown [s\src\hotspot\share\prims\jni.cpp, line 516]
Event: 3899.988 Thread 0x00000231e27e3b60 Exception <a 'sun/nio/fs/WindowsException'{0x00000000ead73128}> (0x00000000ead73128) 
thrown [s\src\hotspot\share\prims\jni.cpp, line 516]
Event: 3899.988 Thread 0x00000231e27e3b60 Exception <a 'sun/nio/fs/WindowsException'{0x00000000ead733f8}> (0x00000000ead733f8) 
thrown [s\src\hotspot\share\prims\jni.cpp, line 516]
Event: 3899.988 Thread 0x00000231e27e3b60 Exception <a 'sun/nio/fs/WindowsException'{0x00000000ead75ee0}> (0x00000000ead75ee0) 
thrown [s\src\hotspot\share\prims\jni.cpp, line 516]
Event: 3899.988 Thread 0x00000231e27e3b60 Exception <a 'sun/nio/fs/WindowsException'{0x00000000ead761b0}> (0x00000000ead761b0) 
thrown [s\src\hotspot\share\prims\jni.cpp, line 516]
Event: 4183.458 Thread 0x00000231df50d460 Exception <a 'sun/nio/fs/WindowsException'{0x00000000eab00790}> (0x00000000eab00790) 
thrown [s\src\hotspot\share\prims\jni.cpp, line 516]
Event: 4183.557 Thread 0x00000231df50d460 Exception <a 'sun/nio/fs/WindowsException'{0x00000000ead646a8}> (0x00000000ead646a8) 
thrown [s\src\hotspot\share\prims\jni.cpp, line 516]
Event: 4192.191 Thread 0x00000231e27e1d00 Exception <a 'sun/nio/fs/WindowsException'{0x00000000eb505bc0}> (0x00000000eb505bc0) 
thrown [s\src\hotspot\share\prims\jni.cpp, line 516]
Event: 4192.191 Thread 0x00000231e27e1d00 Exception <a 'sun/nio/fs/WindowsException'{0x00000000eb505e90}> (0x00000000eb505e90) 
thrown [s\src\hotspot\share\prims\jni.cpp, line 516]
Event: 4192.191 Thread 0x00000231e27e1d00 Exception <a 'sun/nio/fs/WindowsException'{0x00000000eb5067f0}> (0x00000000eb5067f0) 
thrown [s\src\hotspot\share\prims\jni.cpp, line 516]
Event: 4192.191 Thread 0x00000231e27e1d00 Exception <a 'sun/nio/fs/WindowsException'{0x00000000eb506ac0}> (0x00000000eb506ac0) 
thrown [s\src\hotspot\share\prims\jni.cpp, line 516]
Event: 4890.951 Thread 0x00000231e1790c40 Exception <a 'java/lang/ClassNotFoundException'{0x00000000eb9cd438}: sun/net/www/protocol/jdt/Handler> (0x00000000eb9cd438) 
thrown [s\src\hotspot\share\classfile\systemDictionary.cpp, line 256]
Event: 4890.951 Thread 0x00000231e1790c40 Exception <a 'java/lang/ClassNotFoundException'{0x00000000eb9cf890}: sun/net/www/protocol/jdt/Handler> (0x00000000eb9cf890) 
thrown [s\src\hotspot\share\classfile\systemDictionary.cpp, line 256]
Event: 4947.965 Thread 0x00000231e27e3140 Exception <a 'java/lang/ClassNotFoundException'{0x00000000eab199c0}: sun/net/www/protocol/jdt/Handler> (0x00000000eab199c0) 
thrown [s\src\hotspot\share\classfile\systemDictionary.cpp, line 256]
Event: 4947.965 Thread 0x00000231e27e3140 Exception <a 'java/lang/ClassNotFoundException'{0x00000000eab1c368}: sun/net/www/protocol/jdt/Handler> (0x00000000eab1c368) 
thrown [s\src\hotspot\share\classfile\systemDictionary.cpp, line 256]
Event: 5595.773 Thread 0x00000231df50d460 Exception <a 'sun/nio/fs/WindowsException'{0x00000000eab57bc0}> (0x00000000eab57bc0) 
thrown [s\src\hotspot\share\prims\jni.cpp, line 516]
Event: 5595.911 Thread 0x00000231df50d460 Exception <a 'sun/nio/fs/WindowsException'{0x00000000eab563a8}> (0x00000000eab563a8) 
thrown [s\src\hotspot\share\prims\jni.cpp, line 516]

VM Operations (20 events):
Event: 5596.270 Executing VM operation: ParallelGCFailedAllocation done
Event: 5596.274 Executing VM operation: ParallelGCFailedAllocation
Event: 5596.275 Executing VM operation: ParallelGCFailedAllocation done
Event: 5650.761 Executing VM operation: HandshakeAllThreads
Event: 5650.761 Executing VM operation: HandshakeAllThreads done
Event: 5710.849 Executing VM operation: HandshakeAllThreads
Event: 5710.849 Executing VM operation: HandshakeAllThreads done
Event: 5770.914 Executing VM operation: HandshakeAllThreads
Event: 5770.914 Executing VM operation: HandshakeAllThreads done
Event: 5830.983 Executing VM operation: HandshakeAllThreads
Event: 5830.983 Executing VM operation: HandshakeAllThreads done
Event: 5895.778 Executing VM operation: ParallelGCFailedAllocation
Event: 5895.780 Executing VM operation: ParallelGCFailedAllocation done
Event: 6512.155 Executing VM operation: ParallelGCFailedAllocation
Event: 6512.157 Executing VM operation: ParallelGCFailedAllocation done
Event: 6512.571 Executing VM operation: ParallelGCFailedAllocation
Event: 6512.572 Executing VM operation: ParallelGCFailedAllocation done
Event: 6512.577 Executing VM operation: HandshakeAllThreads
Event: 6512.577 Executing VM operation: HandshakeAllThreads done
Event: 6512.579 Executing VM operation: ParallelGCFailedAllocation

Events (20 events):
Event: 5671.958 Thread 0x00000231e27e63e0 Thread added: 0x00000231e27e63e0
Event: 5672.324 Thread 0x00000231e27e3140 Thread added: 0x00000231e27e3140
Event: 5732.172 Thread 0x00000231e1792aa0 Thread exited: 0x00000231e1792aa0
Event: 5761.583 Thread 0x00000231e27e4a90 Thread exited: 0x00000231e27e4a90
Event: 5792.173 Thread 0x00000231e27e63e0 Thread exited: 0x00000231e27e63e0
Event: 5852.181 Thread 0x00000231e27e17f0 Thread exited: 0x00000231e27e17f0
Event: 5895.776 Thread 0x00000231e27e3b60 Thread added: 0x00000231e27e3b60
Event: 5895.777 Thread 0x00000231e27e3b60 Thread exited: 0x00000231e27e3b60
Event: 5912.184 Thread 0x00000231e27e6e00 Thread exited: 0x00000231e27e6e00
Event: 5972.191 Thread 0x00000231e1790220 Thread exited: 0x00000231e1790220
Event: 6032.191 Thread 0x00000231e178fd10 Thread exited: 0x00000231e178fd10
Event: 6092.193 Thread 0x00000231e178f800 Thread exited: 0x00000231e178f800
Event: 6152.207 Thread 0x00000231e1791660 Thread exited: 0x00000231e1791660
Event: 6512.057 Thread 0x00000231e27e63e0 Thread added: 0x00000231e27e63e0
Event: 6512.068 Thread 0x00000231e27e6e00 Thread added: 0x00000231e27e6e00
Event: 6512.069 Thread 0x00000231e27e7820 Thread added: 0x00000231e27e7820
Event: 6512.069 Thread 0x00000231e27e4a90 Thread added: 0x00000231e27e4a90
Event: 6512.072 Thread 0x00000231e27e17f0 Thread added: 0x00000231e27e17f0
Event: 6512.151 Thread 0x00000231e27e3b60 Thread added: 0x00000231e27e3b60
Event: 6512.570 Thread 0x00000231e27e08c0 Thread added: 0x00000231e27e08c0


Dynamic libraries:
0x00007ff6ed0b0000 - 0x00007ff6ed0be000 	c:\Users\casa\AppData\Roaming\Code\User\globalStorage\pleiades.java-extension-pack-jdk\java\17\bin\java.exe
0x00007ffc0f5f0000 - 0x00007ffc0f807000 	C:\WINDOWS\SYSTEM32\ntdll.dll
0x00007ffc0d4c0000 - 0x00007ffc0d584000 	C:\WINDOWS\System32\KERNEL32.DLL
0x00007ffc0cb90000 - 0x00007ffc0cf35000 	C:\WINDOWS\System32\KERNELBASE.dll
0x00007ffc0cfc0000 - 0x00007ffc0d0d1000 	C:\WINDOWS\System32\ucrtbase.dll
0x00007ffbfc8d0000 - 0x00007ffbfc8eb000 	c:\Users\casa\AppData\Roaming\Code\User\globalStorage\pleiades.java-extension-pack-jdk\java\17\bin\VCRUNTIME140.dll
0x00007ffc009b0000 - 0x00007ffc009c7000 	c:\Users\casa\AppData\Roaming\Code\User\globalStorage\pleiades.java-extension-pack-jdk\java\17\bin\jli.dll
0x00007ffc0e4f0000 - 0x00007ffc0e69e000 	C:\WINDOWS\System32\USER32.dll
0x00007ffbf8a80000 - 0x00007ffbf8d13000 	C:\WINDOWS\WinSxS\amd64_microsoft.windows.common-controls_6595b64144ccf1df_6.0.22621.2506_none_270c5ae97388e100\COMCTL32.dll
0x00007ffc0d180000 - 0x00007ffc0d1a6000 	C:\WINDOWS\System32\win32u.dll
0x00007ffc0d340000 - 0x00007ffc0d3e7000 	C:\WINDOWS\System32\msvcrt.dll
0x00007ffc0dfc0000 - 0x00007ffc0dfe9000 	C:\WINDOWS\System32\GDI32.dll
0x00007ffc0d220000 - 0x00007ffc0d339000 	C:\WINDOWS\System32\gdi32full.dll
0x00007ffc0d0e0000 - 0x00007ffc0d17a000 	C:\WINDOWS\System32\msvcp_win.dll
0x00007ffc0d680000 - 0x00007ffc0d6b1000 	C:\WINDOWS\System32\IMM32.DLL
0x00007ffbfd370000 - 0x00007ffbfd37c000 	c:\Users\casa\AppData\Roaming\Code\User\globalStorage\pleiades.java-extension-pack-jdk\java\17\bin\vcruntime140_1.dll
0x00007ffbd7d30000 - 0x00007ffbd7dbd000 	c:\Users\casa\AppData\Roaming\Code\User\globalStorage\pleiades.java-extension-pack-jdk\java\17\bin\msvcp140.dll
0x00007ffb9e9e0000 - 0x00007ffb9f641000 	c:\Users\casa\AppData\Roaming\Code\User\globalStorage\pleiades.java-extension-pack-jdk\java\17\bin\server\jvm.dll
0x00007ffc0e430000 - 0x00007ffc0e4e1000 	C:\WINDOWS\System32\ADVAPI32.dll
0x00007ffc0f4f0000 - 0x00007ffc0f596000 	C:\WINDOWS\System32\sechost.dll
0x00007ffc0dbe0000 - 0x00007ffc0dcf7000 	C:\WINDOWS\System32\RPCRT4.dll
0x00007ffc0bcb0000 - 0x00007ffc0bcfd000 	C:\WINDOWS\SYSTEM32\POWRPROF.dll
0x00007ffbfbc40000 - 0x00007ffbfbc49000 	C:\WINDOWS\SYSTEM32\WSOCK32.dll
0x00007ffc0d590000 - 0x00007ffc0d601000 	C:\WINDOWS\System32\WS2_32.dll
0x00007ffc06630000 - 0x00007ffc0663a000 	C:\WINDOWS\SYSTEM32\VERSION.dll
0x00007ffc06880000 - 0x00007ffc068b4000 	C:\WINDOWS\SYSTEM32\WINMM.dll
0x00007ffc0bc80000 - 0x00007ffc0bc93000 	C:\WINDOWS\SYSTEM32\UMPDC.dll
0x00007ffc0b8c0000 - 0x00007ffc0b8d8000 	C:\WINDOWS\SYSTEM32\kernel.appcore.dll
0x00007ffbfbbe0000 - 0x00007ffbfbbea000 	c:\Users\casa\AppData\Roaming\Code\User\globalStorage\pleiades.java-extension-pack-jdk\java\17\bin\jimage.dll
0x00007ffbfc540000 - 0x00007ffbfc773000 	C:\WINDOWS\SYSTEM32\DBGHELP.DLL
0x00007ffc0d850000 - 0x00007ffc0dbd9000 	C:\WINDOWS\System32\combase.dll
0x00007ffc0d770000 - 0x00007ffc0d847000 	C:\WINDOWS\System32\OLEAUT32.dll
0x00007ffbf65f0000 - 0x00007ffbf6622000 	C:\WINDOWS\SYSTEM32\dbgcore.DLL
0x00007ffc0cf40000 - 0x00007ffc0cfba000 	C:\WINDOWS\System32\bcryptPrimitives.dll
0x00007ffbfbb70000 - 0x00007ffbfbb7e000 	c:\Users\casa\AppData\Roaming\Code\User\globalStorage\pleiades.java-extension-pack-jdk\java\17\bin\instrument.dll
0x00007ffbf5130000 - 0x00007ffbf5155000 	c:\Users\casa\AppData\Roaming\Code\User\globalStorage\pleiades.java-extension-pack-jdk\java\17\bin\java.dll
0x00007ffbaeed0000 - 0x00007ffbaefa7000 	c:\Users\casa\AppData\Roaming\Code\User\globalStorage\pleiades.java-extension-pack-jdk\java\17\bin\jsvml.dll
0x00007ffc0e6a0000 - 0x00007ffc0eef9000 	C:\WINDOWS\System32\SHELL32.dll
0x00007ffc0a830000 - 0x00007ffc0b124000 	C:\WINDOWS\SYSTEM32\windows.storage.dll
0x00007ffc0a6f0000 - 0x00007ffc0a82e000 	C:\WINDOWS\SYSTEM32\wintypes.dll
0x00007ffc0e010000 - 0x00007ffc0e103000 	C:\WINDOWS\System32\SHCORE.dll
0x00007ffc0dd00000 - 0x00007ffc0dd5e000 	C:\WINDOWS\System32\shlwapi.dll
0x00007ffc0c890000 - 0x00007ffc0c8b6000 	C:\WINDOWS\SYSTEM32\profapi.dll
0x00007ffbfa480000 - 0x00007ffbfa498000 	c:\Users\casa\AppData\Roaming\Code\User\globalStorage\pleiades.java-extension-pack-jdk\java\17\bin\zip.dll
0x00007ffbf60f0000 - 0x00007ffbf6109000 	C:\Users\casa\AppData\Roaming\Code\User\globalStorage\pleiades.java-extension-pack-jdk\java\17\bin\net.dll
0x00007ffc060f0000 - 0x00007ffc06227000 	C:\WINDOWS\SYSTEM32\WINHTTP.dll
0x00007ffc0be80000 - 0x00007ffc0bee9000 	C:\WINDOWS\system32\mswsock.dll
0x00007ffbf6030000 - 0x00007ffbf6046000 	C:\Users\casa\AppData\Roaming\Code\User\globalStorage\pleiades.java-extension-pack-jdk\java\17\bin\nio.dll
0x00007ffbfb110000 - 0x00007ffbfb120000 	c:\Users\casa\AppData\Roaming\Code\User\globalStorage\pleiades.java-extension-pack-jdk\java\17\bin\verify.dll
0x00007ffbf17a0000 - 0x00007ffbf17de000 	C:\Users\casa\AppData\Roaming\Code\User\globalStorage\redhat.java\1.24.0\config_win\org.eclipse.equinox.launcher\org.eclipse.equinox.launcher.win32.win32.x86_64_1.2.700.v20221108-1024\eclipse_11801.dll
0x00007ffc0dd60000 - 0x00007ffc0df00000 	C:\WINDOWS\System32\ole32.dll
0x00007ffc0c1d0000 - 0x00007ffc0c1eb000 	C:\WINDOWS\SYSTEM32\CRYPTSP.dll
0x00007ffc0b880000 - 0x00007ffc0b8b5000 	C:\WINDOWS\system32\rsaenh.dll
0x00007ffc0bf20000 - 0x00007ffc0bf4c000 	C:\WINDOWS\SYSTEM32\USERENV.dll
0x00007ffc0c2f0000 - 0x00007ffc0c318000 	C:\WINDOWS\SYSTEM32\bcrypt.dll
0x00007ffc0c1b0000 - 0x00007ffc0c1bc000 	C:\WINDOWS\SYSTEM32\CRYPTBASE.dll
0x00007ffc0b390000 - 0x00007ffc0b3bd000 	C:\WINDOWS\SYSTEM32\IPHLPAPI.DLL
0x00007ffc0dfa0000 - 0x00007ffc0dfa9000 	C:\WINDOWS\System32\NSI.dll
0x00007ffc04a30000 - 0x00007ffc04a49000 	C:\WINDOWS\SYSTEM32\dhcpcsvc6.DLL
0x00007ffc04a10000 - 0x00007ffc04a2f000 	C:\WINDOWS\SYSTEM32\dhcpcsvc.DLL
0x00007ffc0b400000 - 0x00007ffc0b4f9000 	C:\WINDOWS\SYSTEM32\DNSAPI.dll
0x00007ffbe01e0000 - 0x00007ffbe0225000 	C:\Users\casa\AppData\Local\Temp\jna-3046188\jna18044531920141911494.dll
0x00007ffc0dfb0000 - 0x00007ffc0dfb8000 	C:\WINDOWS\System32\PSAPI.DLL
0x00007ffc0b940000 - 0x00007ffc0b974000 	C:\WINDOWS\SYSTEM32\ntmarta.dll

dbghelp: loaded successfully - version: 4.0.5 - missing functions: none
symbol engine: initialized successfully - sym options: 0x614 - pdb path: .;c:\Users\casa\AppData\Roaming\Code\User\globalStorage\pleiades.java-extension-pack-jdk\java\17\bin;C:\WINDOWS\SYSTEM32;C:\WINDOWS\WinSxS\amd64_microsoft.windows.common-controls_6595b64144ccf1df_6.0.22621.2506_none_270c5ae97388e100;c:\Users\casa\AppData\Roaming\Code\User\globalStorage\pleiades.java-extension-pack-jdk\java\17\bin\server;C:\Users\casa\AppData\Roaming\Code\User\globalStorage\redhat.java\1.24.0\config_win\org.eclipse.equinox.launcher\org.eclipse.equinox.launcher.win32.win32.x86_64_1.2.700.v20221108-1024;C:\Users\casa\AppData\Local\Temp\jna-3046188

VM Arguments:
jvm_args: --add-modules=ALL-SYSTEM --add-opens=java.base/java.util=ALL-UNNAMED --add-opens=java.base/java.lang=ALL-UNNAMED --add-opens=java.base/sun.nio.fs=ALL-UNNAMED -Declipse.application=org.eclipse.jdt.ls.core.id1 -Dosgi.bundles.defaultStartLevel=4 -Declipse.product=org.eclipse.jdt.ls.core.product -Djava.import.generatesMetadataFilesAtProjectRoot=false -DDetectVMInstallationsJob.disabled=true -Dfile.encoding=utf8 -XX:+UseParallelGC -XX:GCTimeRatio=4 -XX:AdaptiveSizePolicyWeight=90 -Dsun.zip.disableMemoryMapping=true -Xmx1G -Xms100m -Xlog:disable -javaagent:c:\Users\casa\.vscode\extensions\redhat.java-1.24.0-win32-x64\lombok\lombok-1.18.30.jar -XX:+HeapDumpOnOutOfMemoryError -XX:HeapDumpPath=c:\Users\casa\AppData\Roaming\Code\User\workspaceStorage\2ca1e065a12013a041ddb2075f267414\redhat.java -Daether.dependencyCollector.impl=bf 
java_command: c:\Users\casa\.vscode\extensions\redhat.java-1.24.0-win32-x64\server\plugins\org.eclipse.equinox.launcher_1.6.500.v20230717-2134.jar -configuration c:\Users\casa\AppData\Roaming\Code\User\globalStorage\redhat.java\1.24.0\config_win -data c:\Users\casa\AppData\Roaming\Code\User\workspaceStorage\2ca1e065a12013a041ddb2075f267414\redhat.java\jdt_ws --stdio
java_class_path (initial): c:\Users\casa\.vscode\extensions\redhat.java-1.24.0-win32-x64\server\plugins\org.eclipse.equinox.launcher_1.6.500.v20230717-2134.jar
Launcher Type: SUN_STANDARD

[Global flags]
    uintx AdaptiveSizePolicyWeight                 = 90                                        {product} {command line}
     intx CICompilerCount                          = 4                                         {product} {ergonomic}
    uintx GCTimeRatio                              = 4                                         {product} {command line}
     bool HeapDumpOnOutOfMemoryError               = true                                   {manageable} {command line}
    ccstr HeapDumpPath                             = c:\Users\casa\AppData\Roaming\Code\User\workspaceStorage\2ca1e065a12013a041ddb2075f267414\redhat.java         {manageable} {command line}
   size_t InitialHeapSize                          = 104857600                                 {product} {command line}
   size_t MaxHeapSize                              = 1073741824                                {product} {command line}
   size_t MaxNewSize                               = 357564416                                 {product} {ergonomic}
   size_t MinHeapDeltaBytes                        = 524288                                    {product} {ergonomic}
   size_t MinHeapSize                              = 104857600                                 {product} {command line}
   size_t NewSize                                  = 34603008                                  {product} {ergonomic}
    uintx NonNMethodCodeHeapSize                   = 5839372                                {pd product} {ergonomic}
    uintx NonProfiledCodeHeapSize                  = 122909434                              {pd product} {ergonomic}
   size_t OldSize                                  = 70254592                                  {product} {ergonomic}
    uintx ProfiledCodeHeapSize                     = 122909434                              {pd product} {ergonomic}
    uintx ReservedCodeCacheSize                    = 251658240                              {pd product} {ergonomic}
     bool SegmentedCodeCache                       = true                                      {product} {ergonomic}
   size_t SoftMaxHeapSize                          = 1073741824                             {manageable} {ergonomic}
     bool UseCompressedClassPointers               = true                           {product lp64_product} {ergonomic}
     bool UseCompressedOops                        = true                           {product lp64_product} {ergonomic}
     bool UseLargePagesIndividualAllocation        = false                                  {pd product} {ergonomic}
     bool UseParallelGC                            = true                                      {product} {command line}

Logging:
Log output configuration:
 #0: stdout all=off uptime,level,tags
 #1: stderr all=off uptime,level,tags

Environment Variables:
PATH=C:\Program Files\Common Files\Oracle\Java\javapath;C:\Program Files (x86)\Common Files\Oracle\Java\javapath;C:\ProgramData\Oracle\Java\javapath;C:\Windows\system32;C:\Windows;C:\Windows\System32\Wbem;C:\Windows\System32\WindowsPowerShell\v1.0\;C:\Windows\System32\OpenSSH\;C:\ProgramData\chocolatey\bin;C:\Program Files (x86)\NVIDIA Corporation\PhysX\Common;C:\WINDOWS\system32;C:\WINDOWS;C:\WINDOWS\System32\Wbem;C:\WINDOWS\System32\WindowsPowerShell\v1.0\;C:\WINDOWS\System32\OpenSSH\;C:\Program Files (x86)\Microsoft SQL Server\160\Tools\Binn\;C:\Program Files\Microsoft SQL Server\160\Tools\Binn\;C:\Program Files\Microsoft SQL Server\Client SDK\ODBC\170\Tools\Binn\;C:\Program Files\Microsoft SQL Server\160\DTS\Binn\;C:\Program Files (x86)\Microsoft SQL Server\160\DTS\Binn\;C:\Program Files\Git\cmd;C:\Program Files\nodejs\;C:\Program Files\MySQL\MySQL Shell 8.0\bin\;C:\Users\casa\AppData\Local\Microsoft\WindowsApps;C:\Users\casa\AppData\Roaming\npm\node_modules\@angular\cli\bin;C:\Program Files\Azure Data Studio\bin;C:\Program Files\nodejs\;C:\Users\casa\AppData\Local\Programs\Microsoft VS Code\bin;C:\Users\casa\AppData\Roaming\npm
USERNAME=casa
OS=Windows_NT
PROCESSOR_IDENTIFIER=Intel64 Family 6 Model 151 Stepping 2, GenuineIntel
TMP=C:\Users\casa\AppData\Local\Temp
TEMP=C:\Users\casa\AppData\Local\Temp



Periodic native trim disabled


---------------  S Y S T E M  ---------------

OS:
 Windows 11 , 64 bit Build 22621 (10.0.22621.2506)
OS uptime: 0 days 14:43 hours
Hyper-V role detected

CPU: total 12 (initial active 12) (6 cores per cpu, 2 threads per core) family 6 model 151 stepping 2 microcode 0x1e, cx8, cmov, fxsr, ht, mmx, 3dnowpref, sse, sse2, sse3, ssse3, sse4.1, sse4.2, popcnt, lzcnt, tsc, tscinvbit, avx, avx2, aes, erms, clmul, bmi1, bmi2, adx, sha, fma, vzeroupper, clflush, clflushopt, clwb, hv
Processor Information for all 12 processors :
  Max Mhz: 2500, Current Mhz: 2500, Mhz Limit: 2500

Memory: 4k page, system-wide physical 16225M (7909M free)
TotalPageFile size 17249M (AvailPageFile size 6147M)
current process WorkingSet (physical memory assigned to process): 487M, peak: 501M
current process commit charge ("private bytes"): 540M, peak: 558M

vm_info: OpenJDK 64-Bit Server VM (17.0.9+9) for windows-amd64 JRE (17.0.9+9), built on Oct 26 2023 14:01:42 by "admin" with MS VC++ 16.10 / 16.11 (VS2019)

END.
