#
# A fatal error has been detected by the Java Runtime Environment:
#
#  EXCEPTION_ACCESS_VIOLATION (0xc0000005) at pc=0x00007ffea1d36916, pid=9572, tid=13208
#
# JRE version: OpenJDK Runtime Environment Temurin-17.0.10+7 (17.0.10+7) (build 17.0.10+7)
# Java VM: OpenJDK 64-Bit Server VM Temurin-17.0.10+7 (17.0.10+7, mixed mode, emulated-client, tiered, compressed oops, compressed class ptrs, g1 gc, windows-amd64)
# Problematic frame:
# V  [jvm.dll+0x686916]
#
# No core dump will be written. Minidumps are not enabled by default on client versions of Windows
#
# If you would like to submit a bug report, please visit:
#   https://github.com/adoptium/adoptium-support/issues
#

---------------  S U M M A R Y ------------

Command Line: -XX:+HeapDumpOnOutOfMemoryError -Xmx1024m -Dsts.lsp.client=vscode -Dsts.log.file=/dev/null -XX:TieredStopAtLevel=1 -Xlog:jni+resolve=off -Dspring.config.location=file:c:\Users\casa\.vscode\extensions\vmware.vscode-spring-boot-1.53.0\language-server\BOOT-INF\classes\application.properties org.springframework.ide.vscode.boot.app.BootLanguageServerBootApp

Host: 12th Gen Intel(R) Core(TM) i5-12400F, 12 cores, 15G,  Windows 11 , 64 bit Build 22621 (10.0.22621.3374)
Time: Tue Apr 30 10:32:15 2024 Hora estándar de Argentina elapsed time: 2192.070043 seconds (0d 0h 36m 32s)

---------------  T H R E A D  ---------------

Current thread (0x0000027fdcbf6570):  VMThread "VM Thread" [stack: 0x0000009547a00000,0x0000009547b00000] [id=13208]

Stack: [0x0000009547a00000,0x0000009547b00000],  sp=0x0000009547afe3c0,  free space=1016k
Native frames: (J=compiled Java code, j=interpreted, Vv=VM code, C=native code)
V  [jvm.dll+0x686916]
V  [jvm.dll+0x1f7e64]
V  [jvm.dll+0x7ab2c4]
V  [jvm.dll+0x2f4ed6]
V  [jvm.dll+0x2f4572]
V  [jvm.dll+0x2dc8fe]
V  [jvm.dll+0x31fb87]
V  [jvm.dll+0x83b11b]
V  [jvm.dll+0x83be61]
V  [jvm.dll+0x83c37d]
V  [jvm.dll+0x83c754]
V  [jvm.dll+0x83c820]
V  [jvm.dll+0x7e3fba]
V  [jvm.dll+0x67c1b5]
C  [ucrtbase.dll+0x29333]
C  [KERNEL32.DLL+0x1257d]
C  [ntdll.dll+0x5aa48]


siginfo: EXCEPTION_ACCESS_VIOLATION (0xc0000005), reading address 0x000000000000004f


Registers:
RAX=0x0000000000000000, RBX=0x0000000100000000, RCX=0x0000000000000025, RDX=0x0000000000000128
RSP=0x0000009547afe3c0, RBP=0x0000000000000020, RSI=0x0000000000000000, RDI=0x0000000000000000
R8 =0x0000027fe17e2850, R9 =0x0000000000000050, R10=0x0000000000000066, R11=0x0000009547afe270
R12=0x00007ffea1fc3d28, R13=0x0000027fdcc34458, R14=0x0000009547aff068, R15=0x0000009547aff2c8
RIP=0x00007ffea1d36916, EFLAGS=0x0000000000010206


Register to memory mapping:

RIP=0x00007ffea1d36916 jvm.dll
RAX=0x0 is NULL
RBX=0x0000000100000000 is pointing into metadata
RCX=0x0000000000000025 is an unknown value
RDX=0x0000000000000128 is an unknown value
RSP=0x0000009547afe3c0 points into unknown readable memory: 0x0000000564016697 | 97 66 01 64 05 00 00 00
RBP=0x0000000000000020 is an unknown value
RSI=0x0 is NULL
RDI=0x0 is NULL
R8 =0x0000027fe17e2850 points into unknown readable memory: 0x62ec44a50000006d | 6d 00 00 00 a5 44 ec 62
R9 =0x0000000000000050 is an unknown value
R10=0x0000000000000066 is an unknown value
R11=0x0000009547afe270 points into unknown readable memory: 0x0000000000000050 | 50 00 00 00 00 00 00 00
R12=0x00007ffea1fc3d28 jvm.dll
R13=0x0000027fdcc34458 points into unknown readable memory: 0x0000027fdcbee640 | 40 e6 be dc 7f 02 00 00
R14=0x0000009547aff068 points into unknown readable memory: 0x00007ffea1ff77c0 | c0 77 ff a1 fe 7f 00 00
R15=0x0000009547aff2c8 points into unknown readable memory: 0x00007ffea2006950 | 50 69 00 a2 fe 7f 00 00


Top of Stack: (sp=0x0000009547afe3c0)
0x0000009547afe3c0:   0000000564016697 0000005000000000
0x0000009547afe3d0:   0000000100000000 00007ffea18a5e83
0x0000009547afe3e0:   0000009547aff2c8 0000009547aff068
0x0000009547afe3f0:   00007ffea226dee0 00007ffea1fc3d28
0x0000009547afe400:   0000000000000000 0000009547afe600
0x0000009547afe410:   0000000000000001 00007ffea18a7e64
0x0000009547afe420:   0000027fe17e2850 0000009500000025
0x0000009547afe430:   0000000000000128 0000027fe17ca770
0x0000009547afe440:   0000000000000000 00007ffea1e5b2c4
0x0000009547afe450:   000000000000000a 0000000000000001
0x0000009547afe460:   0000027fcf9a1de0 0000009547aff068
0x0000009547afe470:   0000027fcf9a1d00 00007ffea19d5145
0x0000009547afe480:   00007ffea1fedf00 0000000000000000
0x0000009547afe490:   00007ffea2074d80 000002000000000d
0x0000009547afe4a0:   6d302e3000000002 00007ffea2229c00
0x0000009547afe4b0:   0000000500000002 00007ffea2229c70
0x0000009547afe4c0:   ffffffffffffffff 0000000000000000
0x0000009547afe4d0:   0000000000000000 00007ffea1fedf18
0x0000009547afe4e0:   00007ffea2074d80 0000009547aff068
0x0000009547afe4f0:   0000000000000000 0000009547afe4d8
0x0000009547afe500:   0000000000000000 0000000000000000
0x0000009547afe510:   0000009547afe660 00007ffea18c1d1c
0x0000009547afe520:   0000000564016694 00007ffea18c1cc2
0x0000009547afe530:   0000000564016692 00007ffe00000000
0x0000009547afe540:   0000009547afe660 00007ffea1996af9
0x0000009547afe550:   0000009547afe6d0 00007ffea18c1bb5
0x0000009547afe560:   0000009547afe640 00007ffea1ef8908
0x0000009547afe570:   0000000000000002 00007ffea2229c00
0x0000009547afe580:   000000051a924385 0000000000000000
0x0000009547afe590:   404e000000000000 0000000000000000
0x0000009547afe5a0:   0000009547aff020 00007ffea19a4ed6
0x0000009547afe5b0:   0000027fcf9a1de0 000000000000000a 

Instructions: (pc=0x00007ffea1d36916)
0x00007ffea1d36816:   cc cc cc cc cc cc cc cc cc cc 48 89 74 24 18 57
0x00007ffea1d36826:   48 83 ec 20 48 8b 41 18 48 8b f2 48 8b f9 80 78
0x00007ffea1d36836:   4f 00 75 4d 83 79 20 01 74 47 48 8b 41 28 48 85
0x00007ffea1d36846:   c0 74 3e 48 89 6c 24 38 48 63 28 48 85 ed 7e 2c
0x00007ffea1d36856:   48 89 5c 24 30 33 db 0f 1f 00 48 8b 47 28 48 8b
0x00007ffea1d36866:   ce 4c 8b 06 48 8b 50 08 48 8b 14 da 41 ff 10 48
0x00007ffea1d36876:   ff c3 48 3b dd 7c e3 48 8b 5c 24 30 48 8b 6c 24
0x00007ffea1d36886:   38 48 8b 74 24 40 48 83 c4 20 5f c3 cc cc cc cc
0x00007ffea1d36896:   cc cc cc cc cc cc cc cc cc cc 48 8b c4 48 89 48
0x00007ffea1d368a6:   08 56 48 83 ec 50 4c 8b c1 33 f6 8b ce 89 4c 24
0x00007ffea1d368b6:   68 41 39 30 0f 8e 4b 02 00 00 8b 15 32 c6 53 00
0x00007ffea1d368c6:   48 89 58 20 48 89 68 f0 48 89 78 e8 4c 89 60 e0
0x00007ffea1d368d6:   4c 89 68 d8 4c 89 70 d0 4c 89 78 c8 65 48 8b 04
0x00007ffea1d368e6:   25 58 00 00 00 41 b9 50 00 00 00 bd 20 00 00 00
0x00007ffea1d368f6:   4c 8d 2c d0 8b d6 48 89 54 24 70 49 8b 40 08 48
0x00007ffea1d36906:   8b 1c 02 48 85 db 0f 84 be 01 00 00 48 8b 43 18
0x00007ffea1d36916:   0f b6 48 4f 84 c9 75 06 83 7b 20 01 75 43 48 8b
0x00007ffea1d36926:   7b 28 48 85 ff 74 30 f6 47 10 01 74 19 48 8b 4f
0x00007ffea1d36936:   08 48 85 c9 74 09 e8 2f 5c a2 ff 48 89 77 08 48
0x00007ffea1d36946:   c7 07 00 00 00 00 48 8b cf e8 4c 02 a2 ff 48 89
0x00007ffea1d36956:   73 28 e9 52 01 00 00 84 c9 75 17 83 7b 20 01 74
0x00007ffea1d36966:   07 48 83 7b 28 00 75 0a 83 7b 20 02 0f 85 37 01
0x00007ffea1d36976:   00 00 80 7b 26 00 0f 84 2d 01 00 00 48 8b 43 28
0x00007ffea1d36986:   48 85 c0 0f 84 20 01 00 00 83 38 00 0f 84 17 01
0x00007ffea1d36996:   00 00 c6 43 26 00 48 8b 15 6d d9 4f 00 48 85 d2
0x00007ffea1d369a6:   0f 84 aa 00 00 00 49 8b 7d 00 41 8b c1 80 3c 38
0x00007ffea1d369b6:   00 75 0c e8 0a 98 20 00 48 8b 15 4b d9 4f 00 8b
0x00007ffea1d369c6:   c5 48 8b 0c 38 48 8b b9 38 02 00 00 48 8b 6f 10
0x00007ffea1d369d6:   4c 8b 77 18 4c 8b 67 20 4c 8b 7f 28 48 85 d2 74
0x00007ffea1d369e6:   3e 48 8b 43 18 48 85 c0 74 13 48 8b 48 10 48 85
0x00007ffea1d369f6:   c9 74 0a e8 82 a6 11 00 48 8b f0 eb 07 48 8d 35
0x00007ffea1d36a06:   5e cb 2d 00 48 8b 4b 10 e8 6d a6 11 00 48 8b d0 


Stack slot to memory mapping:
stack at sp + 0 slots: 0x0000000564016697 is an unknown value
stack at sp + 1 slots: 0x0000005000000000 is an unknown value
stack at sp + 2 slots: 0x0000000100000000 is pointing into metadata
stack at sp + 3 slots: 0x00007ffea18a5e83 jvm.dll
stack at sp + 4 slots: 0x0000009547aff2c8 points into unknown readable memory: 0x00007ffea2006950 | 50 69 00 a2 fe 7f 00 00
stack at sp + 5 slots: 0x0000009547aff068 points into unknown readable memory: 0x00007ffea1ff77c0 | c0 77 ff a1 fe 7f 00 00
stack at sp + 6 slots: 0x00007ffea226dee0 jvm.dll
stack at sp + 7 slots: 0x00007ffea1fc3d28 jvm.dll

VM_Operation (0x00000095495febe0): G1CollectFull, mode: safepoint, requested by thread 0x0000027fe26b8460


---------------  P R O C E S S  ---------------

Threads class SMR info:
_java_thread_list=0x0000027fe1e864e0, length=54, elements={
0x0000027fdcbf8ce0, 0x0000027fdcbf9a70, 0x0000027fdcc57f10, 0x0000027fdcc597f0,
0x0000027fdcc5c0d0, 0x0000027fdcc5c9a0, 0x0000027fdcc5d270, 0x0000027fdcc5eb90,
0x0000027fdce76e00, 0x0000027fdce7b5a0, 0x0000027fe252de00, 0x0000027fe26b8460,
0x0000027fe273e040, 0x0000027fcf9b81f0, 0x0000027fe27ed590, 0x0000027fe174a880,
0x0000027fe1bb2910, 0x0000027fe1bb4c80, 0x0000027fe1bb3840, 0x0000027fe1bb3330,
0x0000027fe1bb2e20, 0x0000027fe1851f40, 0x0000027fe18556f0, 0x0000027fe1858990,
0x0000027fe1857f70, 0x0000027fe1858ea0, 0x0000027fe18593b0, 0x0000027fe18598c0,
0x0000027fe1852e70, 0x0000027fe1856620, 0x0000027fe1853da0, 0x0000027fe1852960,
0x0000027fe1858480, 0x0000027fe1853380, 0x0000027fe1853890, 0x0000027fe1857a60,
0x0000027fe1856110, 0x0000027fe1856b30, 0x0000027fe18547c0, 0x0000027fe1bb1ef0,
0x0000027fe1bb2400, 0x0000027fe1857550, 0x0000027fe1852450, 0x0000027fe1bb5190,
0x0000027fe1bb56a0, 0x0000027fe342ada0, 0x0000027fe3428a30, 0x0000027fe3428f40,
0x0000027fe3429450, 0x0000027fe342cc00, 0x0000027fe3429960, 0x0000027fe3429e70,
0x0000027fe342a380, 0x0000027fe342e040
}

Java Threads: ( => current thread )
  0x0000027fdcbf8ce0 JavaThread "Reference Handler" daemon [_thread_blocked, id=3036, stack(0x0000009547b00000,0x0000009547c00000)]
  0x0000027fdcbf9a70 JavaThread "Finalizer" daemon [_thread_blocked, id=1660, stack(0x0000009547c00000,0x0000009547d00000)]
  0x0000027fdcc57f10 JavaThread "Signal Dispatcher" daemon [_thread_blocked, id=9528, stack(0x0000009547d00000,0x0000009547e00000)]
  0x0000027fdcc597f0 JavaThread "Attach Listener" daemon [_thread_blocked, id=12420, stack(0x0000009547e00000,0x0000009547f00000)]
  0x0000027fdcc5c0d0 JavaThread "Service Thread" daemon [_thread_blocked, id=11000, stack(0x0000009547f00000,0x0000009548000000)]
  0x0000027fdcc5c9a0 JavaThread "Monitor Deflation Thread" daemon [_thread_blocked, id=11132, stack(0x0000009548000000,0x0000009548100000)]
  0x0000027fdcc5d270 JavaThread "C1 CompilerThread0" daemon [_thread_blocked, id=11684, stack(0x0000009548100000,0x0000009548200000)]
  0x0000027fdcc5eb90 JavaThread "Sweeper thread" daemon [_thread_blocked, id=11084, stack(0x0000009548200000,0x0000009548300000)]
  0x0000027fdce76e00 JavaThread "Notification Thread" daemon [_thread_blocked, id=9916, stack(0x0000009548300000,0x0000009548400000)]
  0x0000027fdce7b5a0 JavaThread "Common-Cleaner" daemon [_thread_blocked, id=1216, stack(0x0000009548500000,0x0000009548600000)]
  0x0000027fe252de00 JavaThread "boundedElastic-evictor-1" daemon [_thread_blocked, id=10824, stack(0x0000009548d00000,0x0000009548e00000)]
  0x0000027fe26b8460 JavaThread "pool-13-thread-1" [_thread_blocked, id=3148, stack(0x0000009549500000,0x0000009549600000)]
  0x0000027fe273e040 JavaThread "LanguageServerApp-lifecycle" [_thread_blocked, id=9688, stack(0x0000009549600000,0x0000009549700000)]
  0x0000027fcf9b81f0 JavaThread "DestroyJavaVM" [_thread_blocked, id=12372, stack(0x0000009547400000,0x0000009547500000)]
  0x0000027fe27ed590 JavaThread "pool-14-thread-1" [_thread_in_native, id=12360, stack(0x0000009549700000,0x0000009549800000)]
  0x0000027fe174a880 JavaThread "Simple-Language-Server main thread" daemon [_thread_blocked, id=4176, stack(0x0000009549800000,0x0000009549900000)]
  0x0000027fe1bb2910 JavaThread "pool-8-thread-1" [_thread_blocked, id=8272, stack(0x0000009549d00000,0x0000009549e00000)]
  0x0000027fe1bb4c80 JavaThread "parallel-1" daemon [_thread_blocked, id=12740, stack(0x0000009549e00000,0x0000009549f00000)]
  0x0000027fe1bb3840 JavaThread "pool-6-thread-1" [_thread_blocked, id=3812, stack(0x0000009549f00000,0x000000954a000000)]
  0x0000027fe1bb3330 JavaThread "parallel-2" daemon [_thread_blocked, id=13224, stack(0x000000954a000000,0x000000954a100000)]
  0x0000027fe1bb2e20 JavaThread "parallel-3" daemon [_thread_blocked, id=12584, stack(0x000000954a100000,0x000000954a200000)]
  0x0000027fe1851f40 JavaThread "parallel-4" daemon [_thread_blocked, id=13320, stack(0x000000954a700000,0x000000954a800000)]
  0x0000027fe18556f0 JavaThread "parallel-5" daemon [_thread_blocked, id=13324, stack(0x000000954a800000,0x000000954a900000)]
  0x0000027fe1858990 JavaThread "Reconciler-1" daemon [_thread_blocked, id=13412, stack(0x000000954a900000,0x000000954aa00000)]
  0x0000027fe1857f70 JavaThread "pool-9-thread-1" [_thread_blocked, id=15424, stack(0x0000009547300000,0x0000009547400000)]
  0x0000027fe1858ea0 JavaThread "pool-9-thread-2" [_thread_blocked, id=8556, stack(0x0000009548c00000,0x0000009548d00000)]
  0x0000027fe18593b0 JavaThread "pool-9-thread-3" [_thread_blocked, id=8560, stack(0x0000009548e00000,0x0000009548f00000)]
  0x0000027fe18598c0 JavaThread "pool-7-thread-1" [_thread_blocked, id=15388, stack(0x0000009549b00000,0x0000009549c00000)]
  0x0000027fe1852e70 JavaThread "RMI Scheduler(0)" daemon [_thread_blocked, id=6720, stack(0x000000954af00000,0x000000954b000000)]
  0x0000027fe1856620 JavaThread "pool-7-thread-2" [_thread_blocked, id=2084, stack(0x000000954b100000,0x000000954b200000)]
  0x0000027fe1853da0 JavaThread "pool-7-thread-3" [_thread_blocked, id=6600, stack(0x000000954b200000,0x000000954b300000)]
  0x0000027fe1852960 JavaThread "pool-7-thread-4" [_thread_blocked, id=11092, stack(0x0000009547200000,0x0000009547300000)]
  0x0000027fe1858480 JavaThread "pool-7-thread-5" [_thread_blocked, id=10016, stack(0x0000009549c00000,0x0000009549d00000)]
  0x0000027fe1853380 JavaThread "pool-7-thread-6" [_thread_blocked, id=6008, stack(0x0000009549a00000,0x0000009549b00000)]
  0x0000027fe1853890 JavaThread "pool-7-thread-7" [_thread_blocked, id=12776, stack(0x000000954a400000,0x000000954a500000)]
  0x0000027fe1857a60 JavaThread "pool-7-thread-8" [_thread_blocked, id=6120, stack(0x000000954b400000,0x000000954b500000)]
  0x0000027fe1856110 JavaThread "pool-7-thread-9" [_thread_blocked, id=1152, stack(0x000000954b500000,0x000000954b600000)]
  0x0000027fe1856b30 JavaThread "pool-7-thread-10" [_thread_blocked, id=10072, stack(0x000000954b600000,0x000000954b700000)]
  0x0000027fe18547c0 JavaThread "parallel-6" daemon [_thread_blocked, id=10652, stack(0x000000954a200000,0x000000954a300000)]
  0x0000027fe1bb1ef0 JavaThread "pool-9-thread-4" [_thread_blocked, id=4900, stack(0x0000009549900000,0x0000009549a00000)]
  0x0000027fe1bb2400 JavaThread "ForkJoinPool.commonPool-worker-2" daemon [_thread_blocked, id=16796, stack(0x000000954a300000,0x000000954a400000)]
  0x0000027fe1857550 JavaThread "parallel-7" daemon [_thread_blocked, id=7236, stack(0x000000954ab00000,0x000000954ac00000)]
  0x0000027fe1852450 JavaThread "parallel-8" daemon [_thread_blocked, id=8992, stack(0x000000954ac00000,0x000000954ad00000)]
  0x0000027fe1bb5190 JavaThread "parallel-9" daemon [_thread_blocked, id=17172, stack(0x000000954ae00000,0x000000954af00000)]
  0x0000027fe1bb56a0 JavaThread "parallel-10" daemon [_thread_blocked, id=15400, stack(0x000000954b000000,0x000000954b100000)]
  0x0000027fe342ada0 JavaThread "parallel-11" daemon [_thread_blocked, id=10196, stack(0x000000954b300000,0x000000954b400000)]
  0x0000027fe3428a30 JavaThread "parallel-12" daemon [_thread_blocked, id=1468, stack(0x000000954b800000,0x000000954b900000)]
  0x0000027fe3428f40 JavaThread "pool-9-thread-5" [_thread_blocked, id=2464, stack(0x000000954ba00000,0x000000954bb00000)]
  0x0000027fe3429450 JavaThread "RMI RenewClean-[localhost:50578]" daemon [_thread_blocked, id=9276, stack(0x000000954bb00000,0x000000954bc00000)]
  0x0000027fe342cc00 JavaThread "ForkJoinPool.commonPool-worker-3" daemon [_thread_blocked, id=11416, stack(0x0000009547100000,0x0000009547200000)]
  0x0000027fe3429960 JavaThread "pool-5-thread-14" [_thread_blocked, id=7172, stack(0x0000009548600000,0x0000009548700000)]
  0x0000027fe3429e70 JavaThread "pool-5-thread-15" [_thread_blocked, id=2476, stack(0x000000954a500000,0x000000954a600000)]
  0x0000027fe342a380 JavaThread "pool-4-thread-11" [_thread_blocked, id=16780, stack(0x000000954aa00000,0x000000954ab00000)]
  0x0000027fe342e040 JavaThread "pool-5-thread-17" [_thread_blocked, id=12876, stack(0x000000954ad00000,0x000000954ae00000)]

Other Threads:
=>0x0000027fdcbf6570 VMThread "VM Thread" [stack: 0x0000009547a00000,0x0000009547b00000] [id=13208]
  0x0000027fdce772e0 WatcherThread [stack: 0x0000009548400000,0x0000009548500000] [id=1636]
  0x0000027fcf9f5bf0 GCTaskThread "GC Thread#0" [stack: 0x0000009547500000,0x0000009547600000] [id=9052]
  0x0000027fe1bd1660 GCTaskThread "GC Thread#1" [stack: 0x0000009548700000,0x0000009548800000] [id=9256]
  0x0000027fe194e130 GCTaskThread "GC Thread#2" [stack: 0x0000009548800000,0x0000009548900000] [id=13124]
  0x0000027fe194e3f0 GCTaskThread "GC Thread#3" [stack: 0x0000009548900000,0x0000009548a00000] [id=6972]
  0x0000027fe194e6b0 GCTaskThread "GC Thread#4" [stack: 0x0000009548a00000,0x0000009548b00000] [id=8416]
  0x0000027fe194e970 GCTaskThread "GC Thread#5" [stack: 0x0000009548b00000,0x0000009548c00000] [id=704]
  0x0000027fe2059b20 GCTaskThread "GC Thread#6" [stack: 0x0000009548f00000,0x0000009549000000] [id=7192]
  0x0000027fe1fb9300 GCTaskThread "GC Thread#7" [stack: 0x0000009549000000,0x0000009549100000] [id=2040]
  0x0000027fe1fbd680 GCTaskThread "GC Thread#8" [stack: 0x0000009549100000,0x0000009549200000] [id=13132]
  0x0000027fe1f26fa0 GCTaskThread "GC Thread#9" [stack: 0x0000009549200000,0x0000009549300000] [id=13176]
  0x0000027fcf9ffa60 ConcurrentGCThread "G1 Main Marker" [stack: 0x0000009547600000,0x0000009547700000] [id=4744]
  0x0000027fcfa00390 ConcurrentGCThread "G1 Conc#0" [stack: 0x0000009547700000,0x0000009547800000] [id=11228]
  0x0000027fe205adf0 ConcurrentGCThread "G1 Conc#1" [stack: 0x0000009549300000,0x0000009549400000] [id=4124]
  0x0000027fe1fb7910 ConcurrentGCThread "G1 Conc#2" [stack: 0x0000009549400000,0x0000009549500000] [id=3804]
  0x0000027fcfa5d9e0 ConcurrentGCThread "G1 Refine#0" [stack: 0x0000009547800000,0x0000009547900000] [id=7768]
  0x0000027fcfa5e320 ConcurrentGCThread "G1 Service" [stack: 0x0000009547900000,0x0000009547a00000] [id=3696]

Threads with active compile tasks:

VM state: at safepoint (normal execution)

VM Mutex/Monitor currently owned by a thread:  ([mutex/lock_event])
[0x0000027fcf761e90] Threads_lock - owner thread: 0x0000027fdcbf6570
[0x0000027fcf75df50] Heap_lock - owner thread: 0x0000027fe26b8460

Heap address: 0x00000000c0000000, size: 1024 MB, Compressed Oops mode: 32-bit

CDS archive(s) not mapped
Compressed class space mapped at: 0x0000000100000000-0x0000000140000000, reserved size: 1073741824
Narrow klass base: 0x0000000000000000, Narrow klass shift: 3, Narrow klass range: 0x140000000

GC Precious Log:
 CPUs: 12 total, 12 available
 Memory: 16225M
 Large Page Support: Disabled
 NUMA Support: Disabled
 Compressed Oops: Enabled (32-bit)
 Heap Region Size: 1M
 Heap Min Capacity: 8M
 Heap Initial Capacity: 254M
 Heap Max Capacity: 1G
 Pre-touch: Disabled
 Parallel Workers: 10
 Concurrent Workers: 3
 Concurrent Refinement Workers: 10
 Periodic GC: Disabled

Heap:
 garbage-first heap   total 137216K, used 39898K [0x00000000c0000000, 0x0000000100000000)
  region size 1024K, 1 young (1024K), 0 survivors (0K)
 Metaspace       used 60915K, committed 61440K, reserved 1114112K
  class space    used 7636K, committed 7872K, reserved 1048576K

Heap Regions: E=young(eden), S=young(survivor), O=old, HS=humongous(starts), HC=humongous(continues), CS=collection set, F=free, OA=open archive, CA=closed archive, TAMS=top-at-mark-start (previous, next)
|   0|0x00000000c0000000, 0x00000000c0100000, 0x00000000c0100000|100%|HS|  |TAMS 0x00000000c0100000, 0x00000000c0000000| Untracked 
|   1|0x00000000c0100000, 0x00000000c0200000, 0x00000000c0200000|100%|HC|  |TAMS 0x00000000c0200000, 0x00000000c0100000| Untracked 
|   2|0x00000000c0200000, 0x00000000c0300000, 0x00000000c0300000|100%|HC|  |TAMS 0x00000000c0300000, 0x00000000c0200000| Untracked 
|   3|0x00000000c0300000, 0x00000000c0400000, 0x00000000c0400000|100%|HC|  |TAMS 0x00000000c0400000, 0x00000000c0300000| Untracked 
|   4|0x00000000c0400000, 0x00000000c0500000, 0x00000000c0500000|100%|HS|  |TAMS 0x00000000c0500000, 0x00000000c0400000| Untracked 
|   5|0x00000000c0500000, 0x00000000c0600000, 0x00000000c0600000|100%|HC|  |TAMS 0x00000000c0600000, 0x00000000c0500000| Untracked 
|   6|0x00000000c0600000, 0x00000000c06ffd10, 0x00000000c0700000| 99%| O|  |TAMS 0x00000000c06ffd10, 0x00000000c0600000| Untracked 
|   7|0x00000000c0700000, 0x00000000c0800000, 0x00000000c0800000|100%| O|  |TAMS 0x00000000c0800000, 0x00000000c0700000| Untracked 
|   8|0x00000000c0800000, 0x00000000c0900000, 0x00000000c0900000|100%| O|  |TAMS 0x00000000c0900000, 0x00000000c0800000| Untracked 
|   9|0x00000000c0900000, 0x00000000c09fffd0, 0x00000000c0a00000| 99%| O|  |TAMS 0x00000000c09fffd0, 0x00000000c0900000| Untracked 
|  10|0x00000000c0a00000, 0x00000000c0afffe8, 0x00000000c0b00000| 99%| O|  |TAMS 0x00000000c0afffe8, 0x00000000c0a00000| Untracked 
|  11|0x00000000c0b00000, 0x00000000c0c00000, 0x00000000c0c00000|100%| O|  |TAMS 0x00000000c0c00000, 0x00000000c0b00000| Untracked 
|  12|0x00000000c0c00000, 0x00000000c0cfffd0, 0x00000000c0d00000| 99%| O|  |TAMS 0x00000000c0c00000, 0x00000000c0c00000| Untracked 
|  13|0x00000000c0d00000, 0x00000000c0e00000, 0x00000000c0e00000|100%| O|  |TAMS 0x00000000c0e00000, 0x00000000c0d00000| Untracked 
|  14|0x00000000c0e00000, 0x00000000c0f00000, 0x00000000c0f00000|100%| O|  |TAMS 0x00000000c0f00000, 0x00000000c0e00000| Untracked 
|  15|0x00000000c0f00000, 0x00000000c0ffffe0, 0x00000000c1000000| 99%| O|  |TAMS 0x00000000c0ffffe0, 0x00000000c0f00000| Untracked 
|  16|0x00000000c1000000, 0x00000000c1100000, 0x00000000c1100000|100%| O|  |TAMS 0x00000000c1100000, 0x00000000c1000000| Untracked 
|  17|0x00000000c1100000, 0x00000000c1200000, 0x00000000c1200000|100%| O|  |TAMS 0x00000000c1200000, 0x00000000c1100000| Untracked 
|  18|0x00000000c1200000, 0x00000000c12ffff8, 0x00000000c1300000| 99%| O|  |TAMS 0x00000000c12ffff8, 0x00000000c1200000| Untracked 
|  19|0x00000000c1300000, 0x00000000c1400000, 0x00000000c1400000|100%| O|  |TAMS 0x00000000c1400000, 0x00000000c1300000| Untracked 
|  20|0x00000000c1400000, 0x00000000c14ffff8, 0x00000000c1500000| 99%| O|  |TAMS 0x00000000c14ffff8, 0x00000000c1400000| Untracked 
|  21|0x00000000c1500000, 0x00000000c15ffff8, 0x00000000c1600000| 99%| O|  |TAMS 0x00000000c15ffff8, 0x00000000c1500000| Untracked 
|  22|0x00000000c1600000, 0x00000000c16ffff8, 0x00000000c1700000| 99%| O|  |TAMS 0x00000000c16ffff8, 0x00000000c1600000| Untracked 
|  23|0x00000000c1700000, 0x00000000c17fffa0, 0x00000000c1800000| 99%| O|  |TAMS 0x00000000c17fffa0, 0x00000000c1700000| Untracked 
|  24|0x00000000c1800000, 0x00000000c18ffff8, 0x00000000c1900000| 99%| O|  |TAMS 0x00000000c18ffff8, 0x00000000c1800000| Untracked 
|  25|0x00000000c1900000, 0x00000000c19fe890, 0x00000000c1a00000| 99%| O|  |TAMS 0x00000000c1900000, 0x00000000c1900000| Untracked 
|  26|0x00000000c1a00000, 0x00000000c1affff0, 0x00000000c1b00000| 99%| O|  |TAMS 0x00000000c1affff0, 0x00000000c1a00000| Untracked 
|  27|0x00000000c1b00000, 0x00000000c1c00000, 0x00000000c1c00000|100%|HS|  |TAMS 0x00000000c1c00000, 0x00000000c1b00000| Untracked 
|  28|0x00000000c1c00000, 0x00000000c1cf9fd8, 0x00000000c1d00000| 97%| O|  |TAMS 0x00000000c1cf9fd8, 0x00000000c1c00000| Untracked 
|  29|0x00000000c1d00000, 0x00000000c1dffff0, 0x00000000c1e00000| 99%| O|  |TAMS 0x00000000c1dffff0, 0x00000000c1d00000| Untracked 
|  30|0x00000000c1e00000, 0x00000000c1efffc8, 0x00000000c1f00000| 99%| O|  |TAMS 0x00000000c1efffc8, 0x00000000c1e00000| Untracked 
|  31|0x00000000c1f00000, 0x00000000c1ffffa0, 0x00000000c2000000| 99%| O|  |TAMS 0x00000000c1ffffa0, 0x00000000c1f00000| Untracked 
|  32|0x00000000c2000000, 0x00000000c20fffd8, 0x00000000c2100000| 99%| O|  |TAMS 0x00000000c20fffd8, 0x00000000c2000000| Untracked 
|  33|0x00000000c2100000, 0x00000000c21ffff8, 0x00000000c2200000| 99%| O|  |TAMS 0x00000000c2100000, 0x00000000c2100000| Untracked 
|  34|0x00000000c2200000, 0x00000000c2300000, 0x00000000c2300000|100%| O|  |TAMS 0x00000000c2200000, 0x00000000c2200000| Untracked 
|  35|0x00000000c2300000, 0x00000000c23fffe8, 0x00000000c2400000| 99%| O|  |TAMS 0x00000000c23fffe8, 0x00000000c2300000| Untracked 
|  36|0x00000000c2400000, 0x00000000c24fffb8, 0x00000000c2500000| 99%| O|  |TAMS 0x00000000c2400000, 0x00000000c2400000| Untracked 
|  37|0x00000000c2500000, 0x00000000c25de558, 0x00000000c2600000| 86%| O|  |TAMS 0x00000000c2500000, 0x00000000c2500000| Untracked 
|  38|0x00000000c2600000, 0x00000000c2661e10, 0x00000000c2700000| 38%| O|  |TAMS 0x00000000c2600000, 0x00000000c2600000| Untracked 
|  39|0x00000000c2700000, 0x00000000c2700000, 0x00000000c2800000|  0%| F|  |TAMS 0x00000000c2700000, 0x00000000c2700000| Untracked 
|  40|0x00000000c2800000, 0x00000000c2800000, 0x00000000c2900000|  0%| F|  |TAMS 0x00000000c2800000, 0x00000000c2800000| Untracked 
|  41|0x00000000c2900000, 0x00000000c2900000, 0x00000000c2a00000|  0%| F|  |TAMS 0x00000000c2900000, 0x00000000c2900000| Untracked 
|  42|0x00000000c2a00000, 0x00000000c2a00000, 0x00000000c2b00000|  0%| F|  |TAMS 0x00000000c2a00000, 0x00000000c2a00000| Untracked 
|  43|0x00000000c2b00000, 0x00000000c2b00000, 0x00000000c2c00000|  0%| F|  |TAMS 0x00000000c2b00000, 0x00000000c2b00000| Untracked 
|  44|0x00000000c2c00000, 0x00000000c2c00000, 0x00000000c2d00000|  0%| F|  |TAMS 0x00000000c2c00000, 0x00000000c2c00000| Untracked 
|  45|0x00000000c2d00000, 0x00000000c2d00000, 0x00000000c2e00000|  0%| F|  |TAMS 0x00000000c2d00000, 0x00000000c2d00000| Untracked 
|  46|0x00000000c2e00000, 0x00000000c2e00000, 0x00000000c2f00000|  0%| F|  |TAMS 0x00000000c2e00000, 0x00000000c2e00000| Untracked 
|  47|0x00000000c2f00000, 0x00000000c2f00000, 0x00000000c3000000|  0%| F|  |TAMS 0x00000000c2f00000, 0x00000000c2f00000| Untracked 
|  48|0x00000000c3000000, 0x00000000c3000000, 0x00000000c3100000|  0%| F|  |TAMS 0x00000000c3000000, 0x00000000c3000000| Untracked 
|  49|0x00000000c3100000, 0x00000000c3100000, 0x00000000c3200000|  0%| F|  |TAMS 0x00000000c3100000, 0x00000000c3100000| Untracked 
|  50|0x00000000c3200000, 0x00000000c3200000, 0x00000000c3300000|  0%| F|  |TAMS 0x00000000c3200000, 0x00000000c3200000| Untracked 
|  51|0x00000000c3300000, 0x00000000c3300000, 0x00000000c3400000|  0%| F|  |TAMS 0x00000000c3300000, 0x00000000c3300000| Untracked 
|  52|0x00000000c3400000, 0x00000000c3400000, 0x00000000c3500000|  0%| F|  |TAMS 0x00000000c3400000, 0x00000000c3400000| Untracked 
|  53|0x00000000c3500000, 0x00000000c3500000, 0x00000000c3600000|  0%| F|  |TAMS 0x00000000c3500000, 0x00000000c3500000| Untracked 
|  54|0x00000000c3600000, 0x00000000c3600000, 0x00000000c3700000|  0%| F|  |TAMS 0x00000000c3600000, 0x00000000c3600000| Untracked 
|  55|0x00000000c3700000, 0x00000000c3700000, 0x00000000c3800000|  0%| F|  |TAMS 0x00000000c3700000, 0x00000000c3700000| Untracked 
|  56|0x00000000c3800000, 0x00000000c3800000, 0x00000000c3900000|  0%| F|  |TAMS 0x00000000c3800000, 0x00000000c3800000| Untracked 
|  57|0x00000000c3900000, 0x00000000c3900000, 0x00000000c3a00000|  0%| F|  |TAMS 0x00000000c3900000, 0x00000000c3900000| Untracked 
|  58|0x00000000c3a00000, 0x00000000c3a00000, 0x00000000c3b00000|  0%| F|  |TAMS 0x00000000c3a00000, 0x00000000c3a00000| Untracked 
|  59|0x00000000c3b00000, 0x00000000c3b00000, 0x00000000c3c00000|  0%| F|  |TAMS 0x00000000c3b00000, 0x00000000c3b00000| Untracked 
|  60|0x00000000c3c00000, 0x00000000c3c00000, 0x00000000c3d00000|  0%| F|  |TAMS 0x00000000c3c00000, 0x00000000c3c00000| Untracked 
|  61|0x00000000c3d00000, 0x00000000c3d00000, 0x00000000c3e00000|  0%| F|  |TAMS 0x00000000c3d00000, 0x00000000c3d00000| Untracked 
|  62|0x00000000c3e00000, 0x00000000c3e00000, 0x00000000c3f00000|  0%| F|  |TAMS 0x00000000c3e00000, 0x00000000c3e00000| Untracked 
|  63|0x00000000c3f00000, 0x00000000c3f00000, 0x00000000c4000000|  0%| F|  |TAMS 0x00000000c3f00000, 0x00000000c3f00000| Untracked 
|  64|0x00000000c4000000, 0x00000000c40b73a8, 0x00000000c4100000| 71%| O|  |TAMS 0x00000000c4000000, 0x00000000c4000000| Untracked 
|  65|0x00000000c4100000, 0x00000000c4100000, 0x00000000c4200000|  0%| F|  |TAMS 0x00000000c4100000, 0x00000000c4100000| Untracked 
|  66|0x00000000c4200000, 0x00000000c4200000, 0x00000000c4300000|  0%| F|  |TAMS 0x00000000c4200000, 0x00000000c4200000| Untracked 
|  67|0x00000000c4300000, 0x00000000c4300000, 0x00000000c4400000|  0%| F|  |TAMS 0x00000000c4300000, 0x00000000c4300000| Untracked 
|  68|0x00000000c4400000, 0x00000000c4400000, 0x00000000c4500000|  0%| F|  |TAMS 0x00000000c4400000, 0x00000000c4400000| Untracked 
|  69|0x00000000c4500000, 0x00000000c4500000, 0x00000000c4600000|  0%| F|  |TAMS 0x00000000c4500000, 0x00000000c4500000| Untracked 
|  70|0x00000000c4600000, 0x00000000c4600000, 0x00000000c4700000|  0%| F|  |TAMS 0x00000000c4600000, 0x00000000c4600000| Untracked 
|  71|0x00000000c4700000, 0x00000000c4700000, 0x00000000c4800000|  0%| F|  |TAMS 0x00000000c4700000, 0x00000000c4700000| Untracked 
|  72|0x00000000c4800000, 0x00000000c4800000, 0x00000000c4900000|  0%| F|  |TAMS 0x00000000c4800000, 0x00000000c4800000| Untracked 
|  73|0x00000000c4900000, 0x00000000c4900000, 0x00000000c4a00000|  0%| F|  |TAMS 0x00000000c4900000, 0x00000000c4900000| Untracked 
|  74|0x00000000c4a00000, 0x00000000c4a00000, 0x00000000c4b00000|  0%| F|  |TAMS 0x00000000c4a00000, 0x00000000c4a00000| Untracked 
|  75|0x00000000c4b00000, 0x00000000c4b00000, 0x00000000c4c00000|  0%| F|  |TAMS 0x00000000c4b00000, 0x00000000c4b00000| Untracked 
|  76|0x00000000c4c00000, 0x00000000c4c00000, 0x00000000c4d00000|  0%| F|  |TAMS 0x00000000c4c00000, 0x00000000c4c00000| Untracked 
|  77|0x00000000c4d00000, 0x00000000c4d00000, 0x00000000c4e00000|  0%| F|  |TAMS 0x00000000c4d00000, 0x00000000c4d00000| Untracked 
|  78|0x00000000c4e00000, 0x00000000c4e00000, 0x00000000c4f00000|  0%| F|  |TAMS 0x00000000c4e00000, 0x00000000c4e00000| Untracked 
|  79|0x00000000c4f00000, 0x00000000c4f00000, 0x00000000c5000000|  0%| F|  |TAMS 0x00000000c4f00000, 0x00000000c4f00000| Untracked 
|  80|0x00000000c5000000, 0x00000000c5000000, 0x00000000c5100000|  0%| F|  |TAMS 0x00000000c5000000, 0x00000000c5000000| Untracked 
|  81|0x00000000c5100000, 0x00000000c5100000, 0x00000000c5200000|  0%| F|  |TAMS 0x00000000c5100000, 0x00000000c5100000| Untracked 
|  82|0x00000000c5200000, 0x00000000c5200000, 0x00000000c5300000|  0%| F|  |TAMS 0x00000000c5200000, 0x00000000c5200000| Untracked 
|  83|0x00000000c5300000, 0x00000000c5300000, 0x00000000c5400000|  0%| F|  |TAMS 0x00000000c5300000, 0x00000000c5300000| Untracked 
|  84|0x00000000c5400000, 0x00000000c5400000, 0x00000000c5500000|  0%| F|  |TAMS 0x00000000c5400000, 0x00000000c5400000| Untracked 
|  85|0x00000000c5500000, 0x00000000c5500000, 0x00000000c5600000|  0%| F|  |TAMS 0x00000000c5500000, 0x00000000c5500000| Untracked 
|  86|0x00000000c5600000, 0x00000000c5600000, 0x00000000c5700000|  0%| F|  |TAMS 0x00000000c5600000, 0x00000000c5600000| Untracked 
|  87|0x00000000c5700000, 0x00000000c5700000, 0x00000000c5800000|  0%| F|  |TAMS 0x00000000c5700000, 0x00000000c5700000| Untracked 
|  88|0x00000000c5800000, 0x00000000c5800000, 0x00000000c5900000|  0%| F|  |TAMS 0x00000000c5800000, 0x00000000c5800000| Untracked 
|  89|0x00000000c5900000, 0x00000000c5900000, 0x00000000c5a00000|  0%| F|  |TAMS 0x00000000c5900000, 0x00000000c5900000| Untracked 
|  90|0x00000000c5a00000, 0x00000000c5a00000, 0x00000000c5b00000|  0%| F|  |TAMS 0x00000000c5a00000, 0x00000000c5a00000| Untracked 
|  91|0x00000000c5b00000, 0x00000000c5b00000, 0x00000000c5c00000|  0%| F|  |TAMS 0x00000000c5b00000, 0x00000000c5b00000| Untracked 
|  92|0x00000000c5c00000, 0x00000000c5c00000, 0x00000000c5d00000|  0%| F|  |TAMS 0x00000000c5c00000, 0x00000000c5c00000| Untracked 
|  93|0x00000000c5d00000, 0x00000000c5d00000, 0x00000000c5e00000|  0%| F|  |TAMS 0x00000000c5d00000, 0x00000000c5d00000| Untracked 
|  94|0x00000000c5e00000, 0x00000000c5e00000, 0x00000000c5f00000|  0%| F|  |TAMS 0x00000000c5e00000, 0x00000000c5e00000| Untracked 
|  95|0x00000000c5f00000, 0x00000000c5f00000, 0x00000000c6000000|  0%| F|  |TAMS 0x00000000c5f00000, 0x00000000c5f00000| Untracked 
|  96|0x00000000c6000000, 0x00000000c6000000, 0x00000000c6100000|  0%| F|  |TAMS 0x00000000c6000000, 0x00000000c6000000| Untracked 
|  97|0x00000000c6100000, 0x00000000c6100000, 0x00000000c6200000|  0%| F|  |TAMS 0x00000000c6100000, 0x00000000c6100000| Untracked 
|  98|0x00000000c6200000, 0x00000000c6200000, 0x00000000c6300000|  0%| F|  |TAMS 0x00000000c6200000, 0x00000000c6200000| Untracked 
|  99|0x00000000c6300000, 0x00000000c6300000, 0x00000000c6400000|  0%| F|  |TAMS 0x00000000c6300000, 0x00000000c6300000| Untracked 
| 100|0x00000000c6400000, 0x00000000c6400000, 0x00000000c6500000|  0%| F|  |TAMS 0x00000000c6400000, 0x00000000c6400000| Untracked 
| 101|0x00000000c6500000, 0x00000000c6500000, 0x00000000c6600000|  0%| F|  |TAMS 0x00000000c6500000, 0x00000000c6500000| Untracked 
| 102|0x00000000c6600000, 0x00000000c6600000, 0x00000000c6700000|  0%| F|  |TAMS 0x00000000c6600000, 0x00000000c6600000| Untracked 
| 103|0x00000000c6700000, 0x00000000c6700000, 0x00000000c6800000|  0%| F|  |TAMS 0x00000000c6700000, 0x00000000c6700000| Untracked 
| 104|0x00000000c6800000, 0x00000000c6800000, 0x00000000c6900000|  0%| F|  |TAMS 0x00000000c6800000, 0x00000000c6800000| Untracked 
| 105|0x00000000c6900000, 0x00000000c6900000, 0x00000000c6a00000|  0%| F|  |TAMS 0x00000000c6900000, 0x00000000c6900000| Untracked 
| 106|0x00000000c6a00000, 0x00000000c6a00000, 0x00000000c6b00000|  0%| F|  |TAMS 0x00000000c6a00000, 0x00000000c6a00000| Untracked 
| 107|0x00000000c6b00000, 0x00000000c6b00000, 0x00000000c6c00000|  0%| F|  |TAMS 0x00000000c6b00000, 0x00000000c6b00000| Untracked 
| 108|0x00000000c6c00000, 0x00000000c6c00000, 0x00000000c6d00000|  0%| F|  |TAMS 0x00000000c6c00000, 0x00000000c6c00000| Untracked 
| 109|0x00000000c6d00000, 0x00000000c6d00000, 0x00000000c6e00000|  0%| F|  |TAMS 0x00000000c6d00000, 0x00000000c6d00000| Untracked 
| 110|0x00000000c6e00000, 0x00000000c6e00000, 0x00000000c6f00000|  0%| F|  |TAMS 0x00000000c6e00000, 0x00000000c6e00000| Untracked 
| 111|0x00000000c6f00000, 0x00000000c6f00000, 0x00000000c7000000|  0%| F|  |TAMS 0x00000000c6f00000, 0x00000000c6f00000| Untracked 
| 112|0x00000000c7000000, 0x00000000c7000000, 0x00000000c7100000|  0%| F|  |TAMS 0x00000000c7000000, 0x00000000c7000000| Untracked 
| 113|0x00000000c7100000, 0x00000000c7100000, 0x00000000c7200000|  0%| F|  |TAMS 0x00000000c7100000, 0x00000000c7100000| Untracked 
| 114|0x00000000c7200000, 0x00000000c7200000, 0x00000000c7300000|  0%| F|  |TAMS 0x00000000c7200000, 0x00000000c7200000| Untracked 
| 115|0x00000000c7300000, 0x00000000c7300000, 0x00000000c7400000|  0%| F|  |TAMS 0x00000000c7300000, 0x00000000c7300000| Untracked 
| 116|0x00000000c7400000, 0x00000000c7400000, 0x00000000c7500000|  0%| F|  |TAMS 0x00000000c7400000, 0x00000000c7400000| Untracked 
| 117|0x00000000c7500000, 0x00000000c7500000, 0x00000000c7600000|  0%| F|  |TAMS 0x00000000c7500000, 0x00000000c7500000| Untracked 
| 118|0x00000000c7600000, 0x00000000c7600000, 0x00000000c7700000|  0%| F|  |TAMS 0x00000000c7600000, 0x00000000c7600000| Untracked 
| 119|0x00000000c7700000, 0x00000000c7700000, 0x00000000c7800000|  0%| F|  |TAMS 0x00000000c7700000, 0x00000000c7700000| Untracked 
| 120|0x00000000c7800000, 0x00000000c7800000, 0x00000000c7900000|  0%| F|  |TAMS 0x00000000c7800000, 0x00000000c7800000| Untracked 
| 121|0x00000000c7900000, 0x00000000c7900000, 0x00000000c7a00000|  0%| F|  |TAMS 0x00000000c7900000, 0x00000000c7900000| Untracked 
| 122|0x00000000c7a00000, 0x00000000c7a00000, 0x00000000c7b00000|  0%| F|  |TAMS 0x00000000c7a00000, 0x00000000c7a00000| Untracked 
| 123|0x00000000c7b00000, 0x00000000c7b00000, 0x00000000c7c00000|  0%| F|  |TAMS 0x00000000c7b00000, 0x00000000c7b00000| Untracked 
| 124|0x00000000c7c00000, 0x00000000c7c00000, 0x00000000c7d00000|  0%| F|  |TAMS 0x00000000c7c00000, 0x00000000c7c00000| Untracked 
| 125|0x00000000c7d00000, 0x00000000c7d00000, 0x00000000c7e00000|  0%| F|  |TAMS 0x00000000c7d00000, 0x00000000c7d00000| Untracked 
| 126|0x00000000c7e00000, 0x00000000c7e00000, 0x00000000c7f00000|  0%| F|  |TAMS 0x00000000c7e00000, 0x00000000c7e00000| Untracked 
| 127|0x00000000c7f00000, 0x00000000c7f00000, 0x00000000c8000000|  0%| F|  |TAMS 0x00000000c7f00000, 0x00000000c7f00000| Untracked 
| 128|0x00000000c8000000, 0x00000000c8000000, 0x00000000c8100000|  0%| F|  |TAMS 0x00000000c8000000, 0x00000000c8000000| Untracked 
| 129|0x00000000c8100000, 0x00000000c8100000, 0x00000000c8200000|  0%| F|  |TAMS 0x00000000c8100000, 0x00000000c8100000| Untracked 
| 130|0x00000000c8200000, 0x00000000c8200000, 0x00000000c8300000|  0%| F|  |TAMS 0x00000000c8200000, 0x00000000c8200000| Untracked 
| 131|0x00000000c8300000, 0x00000000c8300000, 0x00000000c8400000|  0%| F|  |TAMS 0x00000000c8300000, 0x00000000c8300000| Untracked 
| 132|0x00000000c8400000, 0x00000000c8400000, 0x00000000c8500000|  0%| F|  |TAMS 0x00000000c8400000, 0x00000000c8400000| Untracked 
| 133|0x00000000c8500000, 0x00000000c85070b0, 0x00000000c8600000|  2%| E|  |TAMS 0x00000000c8500000, 0x00000000c8500000| Complete 

Card table byte_map: [0x0000027fd7af0000,0x0000027fd7cf0000] _byte_map_base: 0x0000027fd74f0000

Marking Bits (Prev, Next): (CMBitMap*) 0x0000027fcf9f7170, (CMBitMap*) 0x0000027fcf9f7130
 Prev Bits: [0x0000027fd8ef0000, 0x0000027fd9ef0000)
 Next Bits: [0x0000027fd7ef0000, 0x0000027fd8ef0000)

Polling page: 0x0000027fcf6f0000

Metaspace:

Usage:
  Non-class:     52.03 MB used.
      Class:      7.46 MB used.
       Both:     59.49 MB used.

Virtual space:
  Non-class space:       64.00 MB reserved,      52.31 MB ( 82%) committed,  1 nodes.
      Class space:        1.00 GB reserved,       7.69 MB ( <1%) committed,  1 nodes.
             Both:        1.06 GB reserved,      60.00 MB (  6%) committed. 

Chunk freelists:
   Non-Class:  11.61 MB
       Class:  8.33 MB
        Both:  19.94 MB

MaxMetaspaceSize: unlimited
CompressedClassSpaceSize: 1.00 GB
Initial GC threshold: 21.00 MB
Current GC threshold: 99.94 MB
CDS: off
MetaspaceReclaimPolicy: balanced
 - commit_granule_bytes: 65536.
 - commit_granule_words: 8192.
 - virtual_space_node_default_size: 8388608.
 - enlarge_chunks_in_place: 1.
 - new_chunks_are_fully_committed: 0.
 - uncommit_free_chunks: 1.
 - use_allocation_guard: 0.
 - handle_deallocations: 1.


Internal statistics:

num_allocs_failed_limit: 6.
num_arena_births: 1252.
num_arena_deaths: 640.
num_vsnodes_births: 2.
num_vsnodes_deaths: 0.
num_space_committed: 960.
num_space_uncommitted: 0.
num_chunks_returned_to_freelist: 867.
num_chunks_taken_from_freelist: 3455.
num_chunk_merges: 229.
num_chunk_splits: 2019.
num_chunks_enlarged: 1413.
num_inconsistent_stats: 0.

CodeCache: size=49152Kb used=19221Kb max_used=19717Kb free=29931Kb
 bounds [0x0000027fd3df0000, 0x0000027fd5160000, 0x0000027fd6df0000]
 total_blobs=10887 nmethods=10204 adapters=605
 compilation: enabled
              stopped_count=0, restarted_count=0
 full_count=0

Compilation events (20 events):
Event: 2147.787 Thread 0x0000027fdcc5d270 10198       1       java.util.Arrays::fill (21 bytes)
Event: 2147.787 Thread 0x0000027fdcc5d270 nmethod 10198 0x0000027fd5061910 code [0x0000027fd5061aa0, 0x0000027fd5061b78]
Event: 2147.787 Thread 0x0000027fdcc5d270 10196       1       org.eclipse.jdt.internal.compiler.lookup.LookupEnvironment::createParameterizedGenericMethod (349 bytes)
Event: 2147.788 Thread 0x0000027fdcc5d270 nmethod 10196 0x0000027fd5060710 code [0x0000027fd5060960, 0x0000027fd5061288]
Event: 2147.788 Thread 0x0000027fdcc5d270 10197       1       org.eclipse.jdt.internal.compiler.lookup.MethodVerifier15::canSkipInheritedMethods (32 bytes)
Event: 2147.788 Thread 0x0000027fdcc5d270 nmethod 10197 0x0000027fd5060310 code [0x0000027fd50604c0, 0x0000027fd5060638]
Event: 2147.922 Thread 0x0000027fdcc5d270 10199       1       java.util.stream.Collectors::joining (34 bytes)
Event: 2147.923 Thread 0x0000027fdcc5d270 nmethod 10199 0x0000027fd505fb10 code [0x0000027fd505fce0, 0x0000027fd5060188]
Event: 2147.923 Thread 0x0000027fdcc5d270 10200       1       java.util.stream.Collectors$$Lambda$95/0x00000001000ffcd8::<init> (20 bytes)
Event: 2147.923 Thread 0x0000027fdcc5d270 nmethod 10200 0x0000027fd505f710 code [0x0000027fd505f8a0, 0x0000027fd505fa78]
Event: 2149.041 Thread 0x0000027fdcc5d270 10201       1       java.util.stream.ReferencePipeline::forEach (11 bytes)
Event: 2149.042 Thread 0x0000027fdcc5d270 nmethod 10201 0x0000027fd505f210 code [0x0000027fd505f3c0, 0x0000027fd505f618]
Event: 2149.042 Thread 0x0000027fdcc5d270 10202       1       java.util.stream.ForEachOps::makeRef (15 bytes)
Event: 2149.042 Thread 0x0000027fdcc5d270 nmethod 10202 0x0000027fd505ed90 code [0x0000027fd505ef40, 0x0000027fd505f148]
Event: 2149.042 Thread 0x0000027fdcc5d270 10203       1       java.util.stream.ForEachOps$ForEachOp$OfRef::<init> (11 bytes)
Event: 2149.042 Thread 0x0000027fdcc5d270 nmethod 10203 0x0000027fd505ea90 code [0x0000027fd505ec20, 0x0000027fd505ed38]
Event: 2149.042 Thread 0x0000027fdcc5d270 10204       1       java.util.stream.ForEachOps$ForEachOp$OfRef::evaluateSequential (7 bytes)
Event: 2149.042 Thread 0x0000027fdcc5d270 nmethod 10204 0x0000027fd505e690 code [0x0000027fd505e840, 0x0000027fd505e968]
Event: 2181.985 Thread 0x0000027fdcc5d270 10205       1       java.net.InetAddress$InetAddressHolder::getAddress (5 bytes)
Event: 2181.986 Thread 0x0000027fdcc5d270 nmethod 10205 0x0000027fd505e390 code [0x0000027fd505e520, 0x0000027fd505e5f8]

GC Heap History (20 events):
Event: 1183.539 GC heap after
{Heap after GC invocations=47 (full 4):
 garbage-first heap   total 163840K, used 51012K [0x00000000c0000000, 0x0000000100000000)
  region size 1024K, 1 young (1024K), 1 survivors (1024K)
 Metaspace       used 60845K, committed 61376K, reserved 1114112K
  class space    used 7629K, committed 7872K, reserved 1048576K
}
Event: 1207.524 GC heap before
{Heap before GC invocations=48 (full 4):
 garbage-first heap   total 163840K, used 138052K [0x00000000c0000000, 0x0000000100000000)
  region size 1024K, 86 young (88064K), 1 survivors (1024K)
 Metaspace       used 60846K, committed 61376K, reserved 1114112K
  class space    used 7629K, committed 7872K, reserved 1048576K
}
Event: 1207.526 GC heap after
{Heap after GC invocations=49 (full 4):
 garbage-first heap   total 163840K, used 52148K [0x00000000c0000000, 0x0000000100000000)
  region size 1024K, 2 young (2048K), 2 survivors (2048K)
 Metaspace       used 60846K, committed 61376K, reserved 1114112K
  class space    used 7629K, committed 7872K, reserved 1048576K
}
Event: 1223.761 GC heap before
{Heap before GC invocations=49 (full 4):
 garbage-first heap   total 163840K, used 57268K [0x00000000c0000000, 0x0000000100000000)
  region size 1024K, 8 young (8192K), 2 survivors (2048K)
 Metaspace       used 60898K, committed 61440K, reserved 1114112K
  class space    used 7638K, committed 7872K, reserved 1048576K
}
Event: 1223.762 GC heap after
{Heap after GC invocations=50 (full 4):
 garbage-first heap   total 163840K, used 51646K [0x00000000c0000000, 0x0000000100000000)
  region size 1024K, 1 young (1024K), 1 survivors (1024K)
 Metaspace       used 60898K, committed 61440K, reserved 1114112K
  class space    used 7638K, committed 7872K, reserved 1048576K
}
Event: 1394.289 GC heap before
{Heap before GC invocations=50 (full 4):
 garbage-first heap   total 163840K, used 136638K [0x00000000c0000000, 0x0000000100000000)
  region size 1024K, 85 young (87040K), 1 survivors (1024K)
 Metaspace       used 60915K, committed 61440K, reserved 1114112K
  class space    used 7641K, committed 7872K, reserved 1048576K
}
Event: 1394.292 GC heap after
{Heap after GC invocations=51 (full 4):
 garbage-first heap   total 163840K, used 56304K [0x00000000c0000000, 0x0000000100000000)
  region size 1024K, 5 young (5120K), 5 survivors (5120K)
 Metaspace       used 60915K, committed 61440K, reserved 1114112K
  class space    used 7641K, committed 7872K, reserved 1048576K
}
Event: 1664.280 GC heap before
{Heap before GC invocations=52 (full 4):
 garbage-first heap   total 163840K, used 134128K [0x00000000c0000000, 0x0000000100000000)
  region size 1024K, 83 young (84992K), 5 survivors (5120K)
 Metaspace       used 60873K, committed 61440K, reserved 1114112K
  class space    used 7631K, committed 7872K, reserved 1048576K
}
Event: 1664.283 GC heap after
{Heap after GC invocations=53 (full 4):
 garbage-first heap   total 163840K, used 54266K [0x00000000c0000000, 0x0000000100000000)
  region size 1024K, 5 young (5120K), 5 survivors (5120K)
 Metaspace       used 60873K, committed 61440K, reserved 1114112K
  class space    used 7631K, committed 7872K, reserved 1048576K
}
Event: 1674.279 GC heap before
{Heap before GC invocations=53 (full 4):
 garbage-first heap   total 163840K, used 57338K [0x00000000c0000000, 0x0000000100000000)
  region size 1024K, 8 young (8192K), 5 survivors (5120K)
 Metaspace       used 60873K, committed 61440K, reserved 1114112K
  class space    used 7631K, committed 7872K, reserved 1048576K
}
Event: 1674.283 GC heap after
{Heap after GC invocations=54 (full 4):
 garbage-first heap   total 163840K, used 51725K [0x00000000c0000000, 0x0000000100000000)
  region size 1024K, 1 young (1024K), 1 survivors (1024K)
 Metaspace       used 60873K, committed 61440K, reserved 1114112K
  class space    used 7631K, committed 7872K, reserved 1048576K
}
Event: 1956.537 GC heap before
{Heap before GC invocations=54 (full 4):
 garbage-first heap   total 163840K, used 136717K [0x00000000c0000000, 0x0000000100000000)
  region size 1024K, 84 young (86016K), 1 survivors (1024K)
 Metaspace       used 60873K, committed 61440K, reserved 1114112K
  class space    used 7631K, committed 7872K, reserved 1048576K
}
Event: 1956.539 GC heap after
{Heap after GC invocations=55 (full 4):
 garbage-first heap   total 163840K, used 51277K [0x00000000c0000000, 0x0000000100000000)
  region size 1024K, 1 young (1024K), 1 survivors (1024K)
 Metaspace       used 60873K, committed 61440K, reserved 1114112K
  class space    used 7631K, committed 7872K, reserved 1048576K
}
Event: 2041.755 GC heap before
{Heap before GC invocations=56 (full 4):
 garbage-first heap   total 163840K, used 69709K [0x00000000c0000000, 0x0000000100000000)
  region size 1024K, 21 young (21504K), 1 survivors (1024K)
 Metaspace       used 60825K, committed 61440K, reserved 1114112K
  class space    used 7623K, committed 7872K, reserved 1048576K
}
Event: 2041.776 GC heap after
{Heap after GC invocations=57 (full 5):
 garbage-first heap   total 147456K, used 40641K [0x00000000c0000000, 0x0000000100000000)
  region size 1024K, 0 young (0K), 0 survivors (0K)
 Metaspace       used 60808K, committed 61440K, reserved 1114112K
  class space    used 7620K, committed 7872K, reserved 1048576K
}
Event: 2051.831 GC heap before
{Heap before GC invocations=57 (full 5):
 garbage-first heap   total 147456K, used 40641K [0x00000000c0000000, 0x0000000100000000)
  region size 1024K, 1 young (1024K), 0 survivors (0K)
 Metaspace       used 60808K, committed 61440K, reserved 1114112K
  class space    used 7620K, committed 7872K, reserved 1048576K
}
Event: 2051.849 GC heap after
{Heap after GC invocations=58 (full 6):
 garbage-first heap   total 143360K, used 40641K [0x00000000c0000000, 0x0000000100000000)
  region size 1024K, 0 young (0K), 0 survivors (0K)
 Metaspace       used 60808K, committed 61440K, reserved 1114112K
  class space    used 7620K, committed 7872K, reserved 1048576K
}
Event: 2181.962 GC heap before
{Heap before GC invocations=58 (full 6):
 garbage-first heap   total 143360K, used 84673K [0x00000000c0000000, 0x0000000100000000)
  region size 1024K, 44 young (45056K), 0 survivors (0K)
 Metaspace       used 60915K, committed 61440K, reserved 1114112K
  class space    used 7636K, committed 7872K, reserved 1048576K
}
Event: 2181.985 GC heap after
{Heap after GC invocations=59 (full 7):
 garbage-first heap   total 137216K, used 39870K [0x00000000c0000000, 0x0000000100000000)
  region size 1024K, 0 young (0K), 0 survivors (0K)
 Metaspace       used 60915K, committed 61440K, reserved 1114112K
  class space    used 7636K, committed 7872K, reserved 1048576K
}
Event: 2192.055 GC heap before
{Heap before GC invocations=59 (full 7):
 garbage-first heap   total 137216K, used 39870K [0x00000000c0000000, 0x0000000100000000)
  region size 1024K, 1 young (1024K), 0 survivors (0K)
 Metaspace       used 60915K, committed 61440K, reserved 1114112K
  class space    used 7636K, committed 7872K, reserved 1048576K
}

Dll operation events (12 events):
Event: 0.006 Loaded shared library c:\Users\casa\.vscode\extensions\redhat.java-1.30.0-win32-x64\jre\17.0.10-win32-x86_64\bin\java.dll
Event: 0.209 Loaded shared library C:\Users\casa\.vscode\extensions\redhat.java-1.30.0-win32-x64\jre\17.0.10-win32-x86_64\bin\net.dll
Event: 0.210 Loaded shared library C:\Users\casa\.vscode\extensions\redhat.java-1.30.0-win32-x64\jre\17.0.10-win32-x86_64\bin\nio.dll
Event: 0.516 Loaded shared library C:\Users\casa\.vscode\extensions\redhat.java-1.30.0-win32-x64\jre\17.0.10-win32-x86_64\bin\zip.dll
Event: 6.598 Loaded shared library C:\Users\casa\.vscode\extensions\redhat.java-1.30.0-win32-x64\jre\17.0.10-win32-x86_64\bin\jimage.dll
Event: 7.531 Loaded shared library c:\Users\casa\.vscode\extensions\redhat.java-1.30.0-win32-x64\jre\17.0.10-win32-x86_64\bin\verify.dll
Event: 10.205 Loaded shared library C:\Users\casa\.vscode\extensions\redhat.java-1.30.0-win32-x64\jre\17.0.10-win32-x86_64\bin\management.dll
Event: 10.209 Loaded shared library C:\Users\casa\.vscode\extensions\redhat.java-1.30.0-win32-x64\jre\17.0.10-win32-x86_64\bin\management_ext.dll
Event: 12.018 Loaded shared library C:\Users\casa\.vscode\extensions\redhat.java-1.30.0-win32-x64\jre\17.0.10-win32-x86_64\bin\sunmscapi.dll
Event: 12.260 Loaded shared library C:\Users\casa\.vscode\extensions\redhat.java-1.30.0-win32-x64\jre\17.0.10-win32-x86_64\bin\extnet.dll
Event: 70.848 Loaded shared library C:\Users\casa\.vscode\extensions\redhat.java-1.30.0-win32-x64\jre\17.0.10-win32-x86_64\bin\attach.dll
Event: 71.170 Loaded shared library C:\Users\casa\.vscode\extensions\redhat.java-1.30.0-win32-x64\jre\17.0.10-win32-x86_64\bin\rmi.dll

Deoptimization events (20 events):
Event: 1116.732 Thread 0x0000027fe1bb3840 DEOPT PACKING pc=0x0000027fd46c928c sp=0x0000009549ffe3f0
Event: 1116.732 Thread 0x0000027fe1bb3840 DEOPT UNPACKING pc=0x0000027fd3e47143 sp=0x0000009549ffd958 mode 0
Event: 1116.732 Thread 0x0000027fe1bb3840 DEOPT PACKING pc=0x0000027fd46d0ecc sp=0x0000009549ffe520
Event: 1116.732 Thread 0x0000027fe1bb3840 DEOPT UNPACKING pc=0x0000027fd3e47143 sp=0x0000009549ffda00 mode 0
Event: 1116.732 Thread 0x0000027fe1bb3840 DEOPT PACKING pc=0x0000027fd46c928c sp=0x0000009549ffe650
Event: 1116.732 Thread 0x0000027fe1bb3840 DEOPT UNPACKING pc=0x0000027fd3e47143 sp=0x0000009549ffdbb8 mode 0
Event: 1116.732 Thread 0x0000027fe1bb3840 DEOPT PACKING pc=0x0000027fd46d0ecc sp=0x0000009549ffe780
Event: 1116.732 Thread 0x0000027fe1bb3840 DEOPT UNPACKING pc=0x0000027fd3e47143 sp=0x0000009549ffdc60 mode 0
Event: 1116.732 Thread 0x0000027fe1bb3840 DEOPT PACKING pc=0x0000027fd3fd732c sp=0x0000009549ffe820
Event: 1116.732 Thread 0x0000027fe1bb3840 DEOPT UNPACKING pc=0x0000027fd3e47143 sp=0x0000009549ffdcf8 mode 0
Event: 1116.732 Thread 0x0000027fe1bb3840 DEOPT PACKING pc=0x0000027fd40029f4 sp=0x0000009549ffe940
Event: 1116.732 Thread 0x0000027fe1bb3840 DEOPT UNPACKING pc=0x0000027fd3e47143 sp=0x0000009549ffde10 mode 0
Event: 1116.746 Thread 0x0000027fe1bb3840 DEOPT PACKING pc=0x0000027fd46c928c sp=0x0000009549ffeaa0
Event: 1116.746 Thread 0x0000027fe1bb3840 DEOPT UNPACKING pc=0x0000027fd3e47143 sp=0x0000009549ffe008 mode 0
Event: 1116.746 Thread 0x0000027fe1bb3840 DEOPT PACKING pc=0x0000027fd46d0ecc sp=0x0000009549ffebd0
Event: 1116.746 Thread 0x0000027fe1bb3840 DEOPT UNPACKING pc=0x0000027fd3e47143 sp=0x0000009549ffe0c8 mode 0
Event: 1171.597 Thread 0x0000027fe342bcd0 DEOPT PACKING pc=0x0000027fd4ed99b4 sp=0x000000954b7fe9b0
Event: 1171.597 Thread 0x0000027fe342bcd0 DEOPT UNPACKING pc=0x0000027fd3e47143 sp=0x000000954b7fdf00 mode 0
Event: 2079.411 Thread 0x0000027fe342b7c0 DEOPT PACKING pc=0x0000027fd4d7f4a4 sp=0x000000954aafde20
Event: 2079.411 Thread 0x0000027fe342b7c0 DEOPT UNPACKING pc=0x0000027fd3e47143 sp=0x000000954aafd390 mode 0

Classes unloaded (20 events):
Event: 2192.063 Thread 0x0000027fdcbf6570 Unloading class 0x000000010073c800 'jdk/internal/reflect/GeneratedConstructorAccessor68'
Event: 2192.063 Thread 0x0000027fdcbf6570 Unloading class 0x000000010073dc00 'jdk/internal/reflect/GeneratedMethodAccessor46'
Event: 2192.063 Thread 0x0000027fdcbf6570 Unloading class 0x000000010073c000 'jdk/internal/reflect/GeneratedConstructorAccessor67'
Event: 2192.063 Thread 0x0000027fdcbf6570 Unloading class 0x0000000100088c00 'jdk/internal/reflect/GeneratedMethodAccessor45'
Event: 2192.063 Thread 0x0000027fdcbf6570 Unloading class 0x000000010008c000 'jdk/internal/reflect/GeneratedMethodAccessor44'
Event: 2192.063 Thread 0x0000027fdcbf6570 Unloading class 0x0000000100096000 'jdk/internal/reflect/GeneratedSerializationConstructorAccessor135'
Event: 2192.063 Thread 0x0000027fdcbf6570 Unloading class 0x000000010050c400 'jdk/internal/reflect/GeneratedSerializationConstructorAccessor133'
Event: 2192.063 Thread 0x0000027fdcbf6570 Unloading class 0x0000000100544000 'jdk/internal/reflect/GeneratedSerializationConstructorAccessor131'
Event: 2192.063 Thread 0x0000027fdcbf6570 Unloading class 0x0000000100480400 'jdk/internal/reflect/GeneratedSerializationConstructorAccessor130'
Event: 2192.063 Thread 0x0000027fdcbf6570 Unloading class 0x000000010042e000 'jdk/internal/reflect/GeneratedSerializationConstructorAccessor129'
Event: 2192.063 Thread 0x0000027fdcbf6570 Unloading class 0x00000001003ae400 'jdk/internal/reflect/GeneratedMethodAccessor43'
Event: 2192.063 Thread 0x0000027fdcbf6570 Unloading class 0x00000001003a1400 'jdk/internal/reflect/GeneratedSerializationConstructorAccessor128'
Event: 2192.063 Thread 0x0000027fdcbf6570 Unloading class 0x0000000100757c00 'jdk/internal/reflect/GeneratedSerializationConstructorAccessor126'
Event: 2192.063 Thread 0x0000027fdcbf6570 Unloading class 0x00000001007aa800 'jdk/internal/reflect/GeneratedSerializationConstructorAccessor125'
Event: 2192.063 Thread 0x0000027fdcbf6570 Unloading class 0x0000000100754000 'jdk/internal/reflect/GeneratedMethodAccessor42'
Event: 2192.063 Thread 0x0000027fdcbf6570 Unloading class 0x0000000100790800 'jdk/internal/reflect/GeneratedSerializationConstructorAccessor124'
Event: 2192.063 Thread 0x0000027fdcbf6570 Unloading class 0x00000001007a2000 'jdk/internal/reflect/GeneratedSerializationConstructorAccessor122'
Event: 2192.063 Thread 0x0000027fdcbf6570 Unloading class 0x00000001007a3400 'jdk/internal/reflect/GeneratedSerializationConstructorAccessor121'
Event: 2192.063 Thread 0x0000027fdcbf6570 Unloading class 0x00000001007a8000 'jdk/internal/reflect/GeneratedSerializationConstructorAccessor120'
Event: 2192.063 Thread 0x0000027fdcbf6570 Unloading class 0x00000001007a9800 'jdk/internal/reflect/GeneratedSerializationConstructorAccessor119'

Classes redefined (0 events):
No events

Internal exceptions (20 events):
Event: 2091.967 Thread 0x0000027fe342b2b0 Exception <a 'java/net/ConnectException'{0x00000000c6f6e278}: Connection refused: connect> (0x00000000c6f6e278) 
thrown [s\src\hotspot\share\prims\jni.cpp, line 535]
Event: 2091.967 Thread 0x0000027fe342b2b0 Exception <a 'java/net/SocketException'{0x00000000c6f6e5b0}: Socket is not connected: shutdown> (0x00000000c6f6e5b0) 
thrown [s\src\hotspot\share\prims\jni.cpp, line 535]
Event: 2108.494 Thread 0x0000027fe3429450 Exception <a 'java/net/ConnectException'{0x00000000c6cd7f18}: Connection refused: connect> (0x00000000c6cd7f18) 
thrown [s\src\hotspot\share\prims\jni.cpp, line 535]
Event: 2108.494 Thread 0x0000027fe3429450 Exception <a 'java/net/SocketException'{0x00000000c6cd8250}: Socket is not connected: shutdown> (0x00000000c6cd8250) 
thrown [s\src\hotspot\share\prims\jni.cpp, line 535]
Event: 2108.496 Thread 0x0000027fe3429450 Exception <a 'java/net/ConnectException'{0x00000000c6cd8df8}: Connection refused: connect> (0x00000000c6cd8df8) 
thrown [s\src\hotspot\share\prims\jni.cpp, line 535]
Event: 2108.496 Thread 0x0000027fe3429450 Exception <a 'java/net/SocketException'{0x00000000c6cd9130}: Socket is not connected: shutdown> (0x00000000c6cd9130) 
thrown [s\src\hotspot\share\prims\jni.cpp, line 535]
Event: 2109.497 Thread 0x0000027fe3429450 Exception <a 'java/net/ConnectException'{0x00000000c6cd9cd8}: Connection refused: connect> (0x00000000c6cd9cd8) 
thrown [s\src\hotspot\share\prims\jni.cpp, line 535]
Event: 2109.497 Thread 0x0000027fe3429450 Exception <a 'java/net/SocketException'{0x00000000c6cda048}: Socket is not connected: shutdown> (0x00000000c6cda048) 
thrown [s\src\hotspot\share\prims\jni.cpp, line 535]
Event: 2111.499 Thread 0x0000027fe3429450 Exception <a 'java/net/ConnectException'{0x00000000c6cdac10}: Connection refused: connect> (0x00000000c6cdac10) 
thrown [s\src\hotspot\share\prims\jni.cpp, line 535]
Event: 2111.499 Thread 0x0000027fe3429450 Exception <a 'java/net/SocketException'{0x00000000c6cdaf48}: Socket is not connected: shutdown> (0x00000000c6cdaf48) 
thrown [s\src\hotspot\share\prims\jni.cpp, line 535]
Event: 2115.502 Thread 0x0000027fe3429450 Exception <a 'java/net/ConnectException'{0x00000000c6cdbaf0}: Connection refused: connect> (0x00000000c6cdbaf0) 
thrown [s\src\hotspot\share\prims\jni.cpp, line 535]
Event: 2115.502 Thread 0x0000027fe3429450 Exception <a 'java/net/SocketException'{0x00000000c6cdbe28}: Socket is not connected: shutdown> (0x00000000c6cdbe28) 
thrown [s\src\hotspot\share\prims\jni.cpp, line 535]
Event: 2123.502 Thread 0x0000027fe3429450 Exception <a 'java/net/ConnectException'{0x00000000c6cdcbb0}: Connection refused: connect> (0x00000000c6cdcbb0) 
thrown [s\src\hotspot\share\prims\jni.cpp, line 535]
Event: 2123.502 Thread 0x0000027fe3429450 Exception <a 'java/net/SocketException'{0x00000000c6cdcee8}: Socket is not connected: shutdown> (0x00000000c6cdcee8) 
thrown [s\src\hotspot\share\prims\jni.cpp, line 535]
Event: 2139.503 Thread 0x0000027fe3429450 Exception <a 'java/net/ConnectException'{0x00000000c6cdda90}: Connection refused: connect> (0x00000000c6cdda90) 
thrown [s\src\hotspot\share\prims\jni.cpp, line 535]
Event: 2139.503 Thread 0x0000027fe3429450 Exception <a 'java/net/SocketException'{0x00000000c6cdddc8}: Socket is not connected: shutdown> (0x00000000c6cdddc8) 
thrown [s\src\hotspot\share\prims\jni.cpp, line 535]
Event: 2171.519 Thread 0x0000027fe3429450 Exception <a 'java/net/ConnectException'{0x00000000c5f00428}: Connection refused: connect> (0x00000000c5f00428) 
thrown [s\src\hotspot\share\prims\jni.cpp, line 535]
Event: 2171.519 Thread 0x0000027fe3429450 Exception <a 'java/net/SocketException'{0x00000000c5f00760}: Socket is not connected: shutdown> (0x00000000c5f00760) 
thrown [s\src\hotspot\share\prims\jni.cpp, line 535]
Event: 2181.986 Thread 0x0000027fe3429450 Exception <a 'java/net/ConnectException'{0x00000000c8500f50}: Connection refused: connect> (0x00000000c8500f50) 
thrown [s\src\hotspot\share\prims\jni.cpp, line 535]
Event: 2181.986 Thread 0x0000027fe3429450 Exception <a 'java/net/SocketException'{0x00000000c8501288}: Socket is not connected: shutdown> (0x00000000c8501288) 
thrown [s\src\hotspot\share\prims\jni.cpp, line 535]

VM Operations (20 events):
Event: 2080.419 Executing VM operation: Cleanup done
Event: 2081.419 Executing VM operation: Cleanup
Event: 2081.419 Executing VM operation: Cleanup done
Event: 2090.421 Executing VM operation: Cleanup
Event: 2090.421 Executing VM operation: Cleanup done
Event: 2104.193 Executing VM operation: HandshakeAllThreads
Event: 2104.193 Executing VM operation: HandshakeAllThreads done
Event: 2136.211 Executing VM operation: Cleanup
Event: 2136.211 Executing VM operation: Cleanup done
Event: 2139.213 Executing VM operation: Cleanup
Event: 2139.213 Executing VM operation: Cleanup done
Event: 2140.213 Executing VM operation: Cleanup
Event: 2140.214 Executing VM operation: Cleanup done
Event: 2148.219 Executing VM operation: Cleanup
Event: 2148.219 Executing VM operation: Cleanup done
Event: 2164.198 Executing VM operation: HandshakeAllThreads
Event: 2164.198 Executing VM operation: HandshakeAllThreads done
Event: 2181.962 Executing VM operation: G1CollectFull
Event: 2181.985 Executing VM operation: G1CollectFull done
Event: 2192.055 Executing VM operation: G1CollectFull

Events (20 events):
Event: 1274.271 Thread 0x0000027fe342cc00 Thread added: 0x0000027fe342cc00
Event: 1283.896 Thread 0x0000027fe342b7c0 Thread exited: 0x0000027fe342b7c0
Event: 1283.896 Thread 0x0000027fe342c1e0 Thread exited: 0x0000027fe342c1e0
Event: 1283.912 Thread 0x0000027fe342bcd0 Thread exited: 0x0000027fe342bcd0
Event: 1284.563 Thread 0x0000027fe342e040 Thread exited: 0x0000027fe342e040
Event: 1770.040 Thread 0x0000027fe1bb3d50 Thread exited: 0x0000027fe1bb3d50
Event: 1961.887 Thread 0x0000027fe3429960 Thread added: 0x0000027fe3429960
Event: 1961.888 Thread 0x0000027fe342f480 Thread added: 0x0000027fe342f480
Event: 2029.389 Thread 0x0000027fe342f480 Thread exited: 0x0000027fe342f480
Event: 2056.162 Thread 0x0000027fe3429e70 Thread added: 0x0000027fe3429e70
Event: 2056.162 Thread 0x0000027fe342b7c0 Thread added: 0x0000027fe342b7c0
Event: 2079.414 Thread 0x0000027fe342a380 Thread added: 0x0000027fe342a380
Event: 2079.676 Thread 0x0000027fe1b4a4d0 Thread added: 0x0000027fe1b4a4d0
Event: 2085.174 Thread 0x0000027fe1b4a4d0 Thread exited: 0x0000027fe1b4a4d0
Event: 2091.967 Thread 0x0000027fe342b2b0 Thread exited: 0x0000027fe342b2b0
Event: 2139.416 Thread 0x0000027fe342a380 Thread exited: 0x0000027fe342a380
Event: 2139.426 Thread 0x0000027fe342b7c0 Thread exited: 0x0000027fe342b7c0
Event: 2139.447 Thread 0x0000027fe342a380 Thread added: 0x0000027fe342a380
Event: 2147.774 Thread 0x0000027fe342e040 Thread added: 0x0000027fe342e040
Event: 2181.985 Thread 0x0000027fe1bb4260 Thread exited: 0x0000027fe1bb4260


Dynamic libraries:
0x00007ff7facb0000 - 0x00007ff7facbe000 	c:\Users\casa\.vscode\extensions\redhat.java-1.30.0-win32-x64\jre\17.0.10-win32-x86_64\bin\java.exe
0x00007ffee6a10000 - 0x00007ffee6c26000 	C:\WINDOWS\SYSTEM32\ntdll.dll
0x00007ffee4fe0000 - 0x00007ffee50a4000 	C:\WINDOWS\System32\KERNEL32.DLL
0x00007ffee3d30000 - 0x00007ffee40d7000 	C:\WINDOWS\System32\KERNELBASE.dll
0x00007ffee4480000 - 0x00007ffee4591000 	C:\WINDOWS\System32\ucrtbase.dll
0x00007ffea71e0000 - 0x00007ffea71fb000 	c:\Users\casa\.vscode\extensions\redhat.java-1.30.0-win32-x64\jre\17.0.10-win32-x86_64\bin\VCRUNTIME140.dll
0x00007ffea71c0000 - 0x00007ffea71d7000 	c:\Users\casa\.vscode\extensions\redhat.java-1.30.0-win32-x64\jre\17.0.10-win32-x86_64\bin\jli.dll
0x00007ffee4930000 - 0x00007ffee4ade000 	C:\WINDOWS\System32\USER32.dll
0x00007ffed2070000 - 0x00007ffed2303000 	C:\WINDOWS\WinSxS\amd64_microsoft.windows.common-controls_6595b64144ccf1df_6.0.22621.3235_none_270f74e173860f98\COMCTL32.dll
0x00007ffee4330000 - 0x00007ffee4356000 	C:\WINDOWS\System32\win32u.dll
0x00007ffee52d0000 - 0x00007ffee5377000 	C:\WINDOWS\System32\msvcrt.dll
0x00007ffee4fb0000 - 0x00007ffee4fd9000 	C:\WINDOWS\System32\GDI32.dll
0x00007ffee4210000 - 0x00007ffee4329000 	C:\WINDOWS\System32\gdi32full.dll
0x00007ffee43e0000 - 0x00007ffee447a000 	C:\WINDOWS\System32\msvcp_win.dll
0x00007ffee4740000 - 0x00007ffee4771000 	C:\WINDOWS\System32\IMM32.DLL
0x00007ffec4430000 - 0x00007ffec443c000 	c:\Users\casa\.vscode\extensions\redhat.java-1.30.0-win32-x64\jre\17.0.10-win32-x86_64\bin\vcruntime140_1.dll
0x00007ffea2320000 - 0x00007ffea23ad000 	c:\Users\casa\.vscode\extensions\redhat.java-1.30.0-win32-x64\jre\17.0.10-win32-x86_64\bin\msvcp140.dll
0x00007ffea16b0000 - 0x00007ffea2312000 	c:\Users\casa\.vscode\extensions\redhat.java-1.30.0-win32-x64\jre\17.0.10-win32-x86_64\bin\server\jvm.dll
0x00007ffee5210000 - 0x00007ffee52c2000 	C:\WINDOWS\System32\ADVAPI32.dll
0x00007ffee4f00000 - 0x00007ffee4fa8000 	C:\WINDOWS\System32\sechost.dll
0x00007ffee45a0000 - 0x00007ffee45c8000 	C:\WINDOWS\System32\bcrypt.dll
0x00007ffee6050000 - 0x00007ffee6165000 	C:\WINDOWS\System32\RPCRT4.dll
0x00007ffeb6660000 - 0x00007ffeb6669000 	C:\WINDOWS\SYSTEM32\WSOCK32.dll
0x00007ffee34b0000 - 0x00007ffee34fd000 	C:\WINDOWS\SYSTEM32\POWRPROF.dll
0x00007ffee6890000 - 0x00007ffee6901000 	C:\WINDOWS\System32\WS2_32.dll
0x00007ffed5270000 - 0x00007ffed52a4000 	C:\WINDOWS\SYSTEM32\WINMM.dll
0x00007ffedda30000 - 0x00007ffedda3a000 	C:\WINDOWS\SYSTEM32\VERSION.dll
0x00007ffee3490000 - 0x00007ffee34a3000 	C:\WINDOWS\SYSTEM32\UMPDC.dll
0x00007ffee2d30000 - 0x00007ffee2d48000 	C:\WINDOWS\SYSTEM32\kernel.appcore.dll
0x00007ffec22e0000 - 0x00007ffec22ea000 	c:\Users\casa\.vscode\extensions\redhat.java-1.30.0-win32-x64\jre\17.0.10-win32-x86_64\bin\jimage.dll
0x00007ffed3790000 - 0x00007ffed39c3000 	C:\WINDOWS\SYSTEM32\DBGHELP.DLL
0x00007ffee5cc0000 - 0x00007ffee6048000 	C:\WINDOWS\System32\combase.dll
0x00007ffee67b0000 - 0x00007ffee6887000 	C:\WINDOWS\System32\OLEAUT32.dll
0x00007ffecb7d0000 - 0x00007ffecb802000 	C:\WINDOWS\SYSTEM32\dbgcore.DLL
0x00007ffee4360000 - 0x00007ffee43d9000 	C:\WINDOWS\System32\bcryptPrimitives.dll
0x00007ffea4f10000 - 0x00007ffea4f35000 	c:\Users\casa\.vscode\extensions\redhat.java-1.30.0-win32-x64\jre\17.0.10-win32-x86_64\bin\java.dll
0x00007ffea4ef0000 - 0x00007ffea4f08000 	c:\Users\casa\.vscode\extensions\redhat.java-1.30.0-win32-x64\jre\17.0.10-win32-x86_64\bin\zip.dll
0x00007ffee5380000 - 0x00007ffee5bdc000 	C:\WINDOWS\System32\SHELL32.dll
0x00007ffee1c40000 - 0x00007ffee2539000 	C:\WINDOWS\SYSTEM32\windows.storage.dll
0x00007ffee1b00000 - 0x00007ffee1c3e000 	C:\WINDOWS\SYSTEM32\wintypes.dll
0x00007ffee50b0000 - 0x00007ffee51a3000 	C:\WINDOWS\System32\SHCORE.dll
0x00007ffee51b0000 - 0x00007ffee520e000 	C:\WINDOWS\System32\shlwapi.dll
0x00007ffee3c60000 - 0x00007ffee3c81000 	C:\WINDOWS\SYSTEM32\profapi.dll
0x00007ffea4da0000 - 0x00007ffea4db9000 	C:\Users\casa\.vscode\extensions\redhat.java-1.30.0-win32-x64\jre\17.0.10-win32-x86_64\bin\net.dll
0x00007ffedd890000 - 0x00007ffedd9c6000 	C:\WINDOWS\SYSTEM32\WINHTTP.dll
0x00007ffee3190000 - 0x00007ffee31f9000 	C:\WINDOWS\system32\mswsock.dll
0x00007ffea4890000 - 0x00007ffea48a6000 	C:\Users\casa\.vscode\extensions\redhat.java-1.30.0-win32-x64\jre\17.0.10-win32-x86_64\bin\nio.dll
0x00007ffeb63b0000 - 0x00007ffeb63c0000 	c:\Users\casa\.vscode\extensions\redhat.java-1.30.0-win32-x64\jre\17.0.10-win32-x86_64\bin\verify.dll
0x00007ffee3610000 - 0x00007ffee362b000 	C:\WINDOWS\SYSTEM32\CRYPTSP.dll
0x00007ffee2c90000 - 0x00007ffee2cc5000 	C:\WINDOWS\system32\rsaenh.dll
0x00007ffee3230000 - 0x00007ffee3258000 	C:\WINDOWS\SYSTEM32\USERENV.dll
0x00007ffee35b0000 - 0x00007ffee35bc000 	C:\WINDOWS\SYSTEM32\CRYPTBASE.dll
0x00007ffee27a0000 - 0x00007ffee27cd000 	C:\WINDOWS\SYSTEM32\IPHLPAPI.DLL
0x00007ffee5cb0000 - 0x00007ffee5cb9000 	C:\WINDOWS\System32\NSI.dll
0x00007ffedd700000 - 0x00007ffedd719000 	C:\WINDOWS\SYSTEM32\dhcpcsvc6.DLL
0x00007ffedd6e0000 - 0x00007ffedd6ff000 	C:\WINDOWS\SYSTEM32\dhcpcsvc.DLL
0x00007ffee2810000 - 0x00007ffee2909000 	C:\WINDOWS\SYSTEM32\DNSAPI.dll
0x00007ffec6c90000 - 0x00007ffec6c99000 	C:\Users\casa\.vscode\extensions\redhat.java-1.30.0-win32-x64\jre\17.0.10-win32-x86_64\bin\management.dll
0x00007ffec6c80000 - 0x00007ffec6c8b000 	C:\Users\casa\.vscode\extensions\redhat.java-1.30.0-win32-x64\jre\17.0.10-win32-x86_64\bin\management_ext.dll
0x00007ffee5c30000 - 0x00007ffee5c38000 	C:\WINDOWS\System32\PSAPI.DLL
0x00007ffeccaa0000 - 0x00007ffeccaae000 	C:\Users\casa\.vscode\extensions\redhat.java-1.30.0-win32-x64\jre\17.0.10-win32-x86_64\bin\sunmscapi.dll
0x00007ffee45d0000 - 0x00007ffee4737000 	C:\WINDOWS\System32\CRYPT32.dll
0x00007ffee3630000 - 0x00007ffee365e000 	C:\WINDOWS\SYSTEM32\ncrypt.dll
0x00007ffee35d0000 - 0x00007ffee3607000 	C:\WINDOWS\SYSTEM32\NTASN1.dll
0x00007ffedca50000 - 0x00007ffedca5a000 	C:\Windows\System32\rasadhlp.dll
0x00007ffedc110000 - 0x00007ffedc193000 	C:\WINDOWS\System32\fwpuclnt.dll
0x00007ffec2c50000 - 0x00007ffec2c59000 	C:\Users\casa\.vscode\extensions\redhat.java-1.30.0-win32-x64\jre\17.0.10-win32-x86_64\bin\extnet.dll
0x00007ffe9d760000 - 0x00007ffe9d769000 	C:\Users\casa\.vscode\extensions\redhat.java-1.30.0-win32-x64\jre\17.0.10-win32-x86_64\bin\attach.dll
0x00007ffedc1a0000 - 0x00007ffedc1b7000 	C:\WINDOWS\system32\napinsp.dll
0x00007ffec46b0000 - 0x00007ffec46cb000 	C:\WINDOWS\system32\pnrpnsp.dll
0x00007ffec4510000 - 0x00007ffec4521000 	C:\WINDOWS\System32\winrnr.dll
0x00007ffedd5d0000 - 0x00007ffedd5e5000 	C:\WINDOWS\system32\wshbth.dll
0x00007ffec45b0000 - 0x00007ffec45d1000 	C:\WINDOWS\system32\nlansp_c.dll
0x00007ffe99030000 - 0x00007ffe99037000 	C:\Users\casa\.vscode\extensions\redhat.java-1.30.0-win32-x64\jre\17.0.10-win32-x86_64\bin\rmi.dll

dbghelp: loaded successfully - version: 4.0.5 - missing functions: none
symbol engine: initialized successfully - sym options: 0x614 - pdb path: .;c:\Users\casa\.vscode\extensions\redhat.java-1.30.0-win32-x64\jre\17.0.10-win32-x86_64\bin;C:\WINDOWS\SYSTEM32;C:\WINDOWS\WinSxS\amd64_microsoft.windows.common-controls_6595b64144ccf1df_6.0.22621.3235_none_270f74e173860f98;c:\Users\casa\.vscode\extensions\redhat.java-1.30.0-win32-x64\jre\17.0.10-win32-x86_64\bin\server

VM Arguments:
jvm_args: -XX:+HeapDumpOnOutOfMemoryError -Xmx1024m -Dsts.lsp.client=vscode -Dsts.log.file=/dev/null -XX:TieredStopAtLevel=1 -Xlog:jni+resolve=off -Dspring.config.location=file:c:\Users\casa\.vscode\extensions\vmware.vscode-spring-boot-1.53.0\language-server\BOOT-INF\classes\application.properties 
java_command: org.springframework.ide.vscode.boot.app.BootLanguageServerBootApp
java_class_path (initial): c:\Users\casa\.vscode\extensions\vmware.vscode-spring-boot-1.53.0\language-server\BOOT-INF\classes;c:\Users\casa\.vscode\extensions\vmware.vscode-spring-boot-1.53.0\language-server\BOOT-INF\lib\annotations-24.1.0.jar;c:\Users\casa\.vscode\extensions\vmware.vscode-spring-boot-1.53.0\language-server\BOOT-INF\lib\antlr4-runtime-4.11.1.jar;c:\Users\casa\.vscode\extensions\vmware.vscode-spring-boot-1.53.0\language-server\BOOT-INF\lib\asm-9.6.jar;c:\Users\casa\.vscode\extensions\vmware.vscode-spring-boot-1.53.0\language-server\BOOT-INF\lib\asm-analysis-9.6.jar;c:\Users\casa\.vscode\extensions\vmware.vscode-spring-boot-1.53.0\language-server\BOOT-INF\lib\asm-tree-9.6.jar;c:\Users\casa\.vscode\extensions\vmware.vscode-spring-boot-1.53.0\language-server\BOOT-INF\lib\asm-util-9.6.jar;c:\Users\casa\.vscode\extensions\vmware.vscode-spring-boot-1.53.0\language-server\BOOT-INF\lib\caffeine-3.1.8.jar;c:\Users\casa\.vscode\extensions\vmware.vscode-spring-boot-1.53.0\language-server\BOOT-INF\lib\checker-qual-3.12.0.jar;c:\Users\casa\.vscode\extensions\vmware.vscode-spring-boot-1.53.0\language-server\BOOT-INF\lib\classgraph-4.8.149.jar;c:\Users\casa\.vscode\extensions\vmware.vscode-spring-boot-1.53.0\language-server\BOOT-INF\lib\commons-codec-1.16.1.jar;c:\Users\casa\.vscode\extensions\vmware.vscode-spring-boot-1.53.0\language-server\BOOT-INF\lib\commons-compress-1.26.0.jar;c:\Users\casa\.vscode\extensions\vmware.vscode-spring-boot-1.53.0\language-server\BOOT-INF\lib\commons-io-2.4.jar;c:\Users\casa\.vscode\extensions\vmware.vscode-spring-boot-1.53.0\language-server\BOOT-INF\lib\commons-java-1.53.0-SNAPSHOT.jar;c:\Users\casa\.vscode\extensions\vmware.vscode-spring-boot-1.53.0\language-server\BOOT-INF\lib\commons-lang3-3.13.0.jar;c:\Users\casa\.vscode\extensions\vmware.vscode-spring-boot-1.53.0\language-server\BOOT-INF\lib\commons-language-server-1.53.0-SNAPSHOT.jar;c:\Users\casa\.vscode\extensions\vmware.vscode-spring-boot-1.53.0\language-server\BOOT-INF\
Launcher Type: SUN_STANDARD

[Global flags]
     intx CICompilerCount                          = 4                                         {product} {ergonomic}
     uint ConcGCThreads                            = 3                                         {product} {ergonomic}
     uint G1ConcRefinementThreads                  = 10                                        {product} {ergonomic}
   size_t G1HeapRegionSize                         = 1048576                                   {product} {ergonomic}
    uintx GCDrainStackTargetSize                   = 64                                        {product} {ergonomic}
     bool HeapDumpOnOutOfMemoryError               = true                                   {manageable} {command line}
   size_t InitialHeapSize                          = 266338304                                 {product} {ergonomic}
   size_t MarkStackSize                            = 4194304                                   {product} {ergonomic}
   size_t MaxHeapSize                              = 1073741824                                {product} {command line}
   size_t MaxNewSize                               = 643825664                                 {product} {ergonomic}
   size_t MinHeapDeltaBytes                        = 1048576                                   {product} {ergonomic}
   size_t MinHeapSize                              = 8388608                                   {product} {ergonomic}
    uintx NonProfiledCodeHeapSize                  = 0                                      {pd product} {ergonomic}
     bool ProfileInterpreter                       = false                                  {pd product} {command line}
    uintx ProfiledCodeHeapSize                     = 0                                      {pd product} {ergonomic}
   size_t SoftMaxHeapSize                          = 1073741824                             {manageable} {ergonomic}
     intx TieredStopAtLevel                        = 1                                         {product} {command line}
     bool UseCompressedClassPointers               = true                           {product lp64_product} {ergonomic}
     bool UseCompressedOops                        = true                           {product lp64_product} {ergonomic}
     bool UseG1GC                                  = true                                      {product} {ergonomic}
     bool UseLargePagesIndividualAllocation        = false                                  {pd product} {ergonomic}

Logging:
Log output configuration:
 #0: stdout all=warning,jni+resolve=off uptime,level,tags
 #1: stderr all=off uptime,level,tags

Environment Variables:
PATH=C:\Program Files\Common Files\Oracle\Java\javapath;C:\Program Files (x86)\Common Files\Oracle\Java\javapath;C:\ProgramData\Oracle\Java\javapath;C:\Windows\system32;C:\Windows;C:\Windows\System32\Wbem;C:\Windows\System32\WindowsPowerShell\v1.0\;C:\Windows\System32\OpenSSH\;C:\ProgramData\chocolatey\bin;C:\Program Files (x86)\NVIDIA Corporation\PhysX\Common;C:\WINDOWS\system32;C:\WINDOWS;C:\WINDOWS\System32\Wbem;C:\WINDOWS\System32\WindowsPowerShell\v1.0\;C:\WINDOWS\System32\OpenSSH\;C:\Program Files (x86)\Microsoft SQL Server\160\Tools\Binn\;C:\Program Files\Microsoft SQL Server\160\Tools\Binn\;C:\Program Files\Microsoft SQL Server\Client SDK\ODBC\170\Tools\Binn\;C:\Program Files\Microsoft SQL Server\160\DTS\Binn\;C:\Program Files (x86)\Microsoft SQL Server\160\DTS\Binn\;C:\Program Files\Git\cmd;C:\Program Files\nodejs\;C:\Program Files\dotnet\;C:\Program Files\Microsoft SQL Server\150\Tools\Binn\;C:\Users\casa\AppData\Local\Microsoft\WindowsApps;C:\Program Files\Azure Data Studio\bin;C:\Program Files\nodejs\;C:\Users\casa\AppData\Local\Programs\Microsoft VS Code\bin;C:\Users\casa\AppData\Roaming\npm;C:\Users\casa\.dotnet\tools;C:\Users\casa\AppData\Roaming\npm\node_modules\@angular\cli\bin;
USERNAME=casa
OS=Windows_NT
PROCESSOR_IDENTIFIER=Intel64 Family 6 Model 151 Stepping 2, GenuineIntel
TMP=C:\Users\casa\AppData\Local\Temp
TEMP=C:\Users\casa\AppData\Local\Temp



Periodic native trim disabled


---------------  S Y S T E M  ---------------

OS:
 Windows 11 , 64 bit Build 22621 (10.0.22621.3374)
OS uptime: 0 days 0:38 hours
Hyper-V role detected

CPU: total 12 (initial active 12) (6 cores per cpu, 2 threads per core) family 6 model 151 stepping 2 microcode 0x1e, cx8, cmov, fxsr, ht, mmx, 3dnowpref, sse, sse2, sse3, ssse3, sse4.1, sse4.2, popcnt, lzcnt, tsc, tscinvbit, avx, avx2, aes, erms, clmul, bmi1, bmi2, adx, sha, fma, vzeroupper, clflush, clflushopt, clwb, hv
Processor Information for all 12 processors :
  Max Mhz: 2500, Current Mhz: 2500, Mhz Limit: 2500

Memory: 4k page, system-wide physical 16225M (7632M free)
TotalPageFile size 17249M (AvailPageFile size 6768M)
current process WorkingSet (physical memory assigned to process): 264M, peak: 295M
current process commit charge ("private bytes"): 329M, peak: 370M

vm_info: OpenJDK 64-Bit Server VM (17.0.10+7) for windows-amd64 JRE (17.0.10+7), built on Jan 16 2024 23:25:11 by "admin" with MS VC++ 16.10 / 16.11 (VS2019)

END.
