#
# There is insufficient memory for the Java Runtime Environment to continue.
# Native memory allocation (malloc) failed to allocate 897968 bytes for Chunk::new
# Possible reasons:
#   The system is out of physical RAM or swap space
#   The process is running with CompressedOops enabled, and the Java Heap may be blocking the growth of the native heap
# Possible solutions:
#   Reduce memory load on the system
#   Increase physical memory or swap space
#   Check if swap backing store is full
#   Decrease Java heap size (-Xmx/-Xms)
#   Decrease number of Java threads
#   Decrease Java thread stack sizes (-Xss)
#   Set larger code cache with -XX:ReservedCodeCacheSize=
#   JVM is running with Zero Based Compressed Oops mode in which the Java heap is
#     placed in the first 32GB address space. The Java Heap base address is the
#     maximum limit for the native heap growth. Please use -XX:HeapBaseMinAddress
#     to set the Java Heap base and to place the Java Heap above 32GB virtual address.
# This output file may be truncated or incomplete.
#
#  Out of Memory Error (arena.cpp:184), pid=6064, tid=5188
#
# JRE version: Java(TM) SE Runtime Environment (20.0.2+9) (build 20.0.2+9-78)
# Java VM: Java HotSpot(TM) 64-Bit Server VM (20.0.2+9-78, mixed mode, sharing, tiered, compressed oops, compressed class ptrs, g1 gc, windows-amd64)
# No core dump will be written. Minidumps are not enabled by default on client versions of Windows
#

---------------  S U M M A R Y ------------

Command Line: -XX:+ShowCodeDetailsInExceptionMessages com.guardias.backend.BackendApplication

Host: Intel(R) Core(TM) i7-4700MQ CPU @ 2.40GHz, 8 cores, 15G,  Windows 10 , 64 bit Build 19041 (10.0.19041.3155)
Time: Thu Aug  3 11:43:56 2023 Hora estándar de Argentina elapsed time: 2.094995 seconds (0d 0h 0m 2s)

---------------  T H R E A D  ---------------

Current thread (0x000001fb6828abd0):  JavaThread "C2 CompilerThread2" daemon [_thread_in_native, id=5188, stack(0x000000135ed00000,0x000000135ee00000)]


Current CompileTask:
C2:   2095 2467       4       org.springframework.boot.context.properties.source.ConfigurationPropertyName$ElementsParser::parse (234 bytes)

Stack: [0x000000135ed00000,0x000000135ee00000]
Native frames: (J=compiled Java code, j=interpreted, Vv=VM code, C=native code)
V  [jvm.dll+0x6bc25a]
V  [jvm.dll+0x84971a]
V  [jvm.dll+0x84b315]
V  [jvm.dll+0x84ba13]
V  [jvm.dll+0x280e4f]
V  [jvm.dll+0xc2ab1]
V  [jvm.dll+0xc2dd5]
V  [jvm.dll+0x3bb64c]
V  [jvm.dll+0x385b75]
V  [jvm.dll+0x384fea]
V  [jvm.dll+0x24b529]
V  [jvm.dll+0x24a921]
V  [jvm.dll+0x1ce761]
V  [jvm.dll+0x25a0eb]
V  [jvm.dll+0x2587c0]
V  [jvm.dll+0x3f2dd5]
V  [jvm.dll+0x7f5c76]
V  [jvm.dll+0x6baecb]
C  [ucrtbase.dll+0x21bb2]
C  [KERNEL32.DLL+0x17614]
C  [ntdll.dll+0x526b1]


---------------  P R O C E S S  ---------------

Threads class SMR info:
_java_thread_list=0x000001fb6910b310, length=15, elements={
0x000001fb036f5500, 0x000001fb22d0d760, 0x000001fb22d0e600, 0x000001fb22d11830,
0x000001fb22d166a0, 0x000001fb22d17180, 0x000001fb22d17e00, 0x000001fb22d239b0,
0x000001fb22d2c4e0, 0x000001fb681155c0, 0x000001fb68114b20, 0x000001fb681333f0,
0x000001fb6828abd0, 0x000001fb68117050, 0x000001fb68116060
}

Java Threads: ( => current thread )
  0x000001fb036f5500 JavaThread "main" [_thread_blocked, id=11376, stack(0x000000135da00000,0x000000135db00000)]
  0x000001fb22d0d760 JavaThread "Reference Handler" daemon [_thread_blocked, id=20896, stack(0x000000135e100000,0x000000135e200000)]
  0x000001fb22d0e600 JavaThread "Finalizer" daemon [_thread_blocked, id=15612, stack(0x000000135e200000,0x000000135e300000)]
  0x000001fb22d11830 JavaThread "Signal Dispatcher" daemon [_thread_blocked, id=10416, stack(0x000000135e300000,0x000000135e400000)]
  0x000001fb22d166a0 JavaThread "Attach Listener" daemon [_thread_blocked, id=19908, stack(0x000000135e400000,0x000000135e500000)]
  0x000001fb22d17180 JavaThread "Service Thread" daemon [_thread_blocked, id=3696, stack(0x000000135e500000,0x000000135e600000)]
  0x000001fb22d17e00 JavaThread "Monitor Deflation Thread" daemon [_thread_blocked, id=16164, stack(0x000000135e600000,0x000000135e700000)]
  0x000001fb22d239b0 JavaThread "C2 CompilerThread0" daemon [_thread_in_native, id=8896, stack(0x000000135e700000,0x000000135e800000)]
  0x000001fb22d2c4e0 JavaThread "C1 CompilerThread0" daemon [_thread_blocked, id=17936, stack(0x000000135e800000,0x000000135e900000)]
  0x000001fb681155c0 JavaThread "Notification Thread" daemon [_thread_blocked, id=13532, stack(0x000000135e900000,0x000000135ea00000)]
  0x000001fb68114b20 JavaThread "Common-Cleaner" daemon [_thread_blocked, id=16212, stack(0x000000135eb00000,0x000000135ec00000)]
  0x000001fb681333f0 JavaThread "C2 CompilerThread1" daemon [_thread_in_native, id=6172, stack(0x000000135ec00000,0x000000135ed00000)]
=>0x000001fb6828abd0 JavaThread "C2 CompilerThread2" daemon [_thread_in_native, id=5188, stack(0x000000135ed00000,0x000000135ee00000)]
  0x000001fb68117050 JavaThread "Thread-0" [_thread_blocked, id=12872, stack(0x000000135ee00000,0x000000135ef00000)]
  0x000001fb68116060 JavaThread "restartedMain" [_thread_in_Java, id=8592, stack(0x000000135ef00000,0x000000135f000000)]

Other Threads:
  0x000001fb22cf1eb0 VMThread "VM Thread" [stack: 0x000000135e000000,0x000000135e100000] [id=9460]
  0x000001fb6812c090 WatcherThread "VM Periodic Task Thread" [stack: 0x000000135ea00000,0x000000135eb00000] [id=3780]
  0x000001fb0376ba90 WorkerThread "GC Thread#0" [stack: 0x000000135db00000,0x000000135dc00000] [id=3516]
  0x000001fb6895d230 WorkerThread "GC Thread#1" [stack: 0x000000135f000000,0x000000135f100000] [id=15724]
  0x000001fb6895d500 WorkerThread "GC Thread#2" [stack: 0x000000135f100000,0x000000135f200000] [id=2920]
  0x000001fb68c60f40 WorkerThread "GC Thread#3" [stack: 0x000000135f200000,0x000000135f300000] [id=12592]
  0x000001fb68c61210 WorkerThread "GC Thread#4" [stack: 0x000000135f300000,0x000000135f400000] [id=11672]
  0x000001fb68c61a80 WorkerThread "GC Thread#5" [stack: 0x000000135f400000,0x000000135f500000] [id=4420]
  0x000001fb68c62020 WorkerThread "GC Thread#6" [stack: 0x000000135f600000,0x000000135f700000] [id=5012]
  0x000001fb68c625c0 WorkerThread "GC Thread#7" [stack: 0x000000135f700000,0x000000135f800000] [id=9432]
  0x000001fb0377ca50 ConcurrentGCThread "G1 Main Marker" [stack: 0x000000135dc00000,0x000000135dd00000] [id=14868]
  0x000001fb0377dc20 WorkerThread "G1 Conc#0" [stack: 0x000000135dd00000,0x000000135de00000] [id=19208]
  0x000001fb037beb60 ConcurrentGCThread "G1 Refine#0" [stack: 0x000000135de00000,0x000000135df00000] [id=20796]
  0x000001fb22ba27b0 ConcurrentGCThread "G1 Service" [stack: 0x000000135df00000,0x000000135e000000] [id=17312]

Threads with active compile tasks:
C1 CompilerThread0     2140 2542   !   3       sun.net.www.protocol.file.Handler::openConnection (274 bytes)
C2 CompilerThread1     2141 2534       4       java.net.URLStreamHandler::setURL (156 bytes)
C2 CompilerThread2     2141 2467       4       org.springframework.boot.context.properties.source.ConfigurationPropertyName$ElementsParser::parse (234 bytes)

VM state: not at safepoint (normal execution)

VM Mutex/Monitor currently owned by a thread: None

Heap address: 0x0000000700e00000, size: 4082 MB, Compressed Oops mode: Zero based, Oop shift amount: 3

CDS archive(s) mapped at: [0x000001fb23000000-0x000001fb23c60000-0x000001fb23c60000), size 12976128, SharedBaseAddress: 0x000001fb23000000, ArchiveRelocationMode: 1.
Compressed class space mapped at: 0x000001fb24000000-0x000001fb64000000, reserved size: 1073741824
Narrow klass base: 0x000001fb23000000, Narrow klass shift: 0, Narrow klass range: 0x100000000

GC Precious Log:
 CardTable entry size: 512
 Card Set container configuration: InlinePtr #cards 4 size 8 Array Of Cards #cards 16 size 48 Howl #buckets 8 coarsen threshold 3686 Howl Bitmap #cards 512 size 80 coarsen threshold 460 Card regions per heap region 1 cards per card region 4096
 CPUs: 8 total, 8 available
 Memory: 16320M
 Large Page Support: Disabled
 NUMA Support: Disabled
 Compressed Oops: Enabled (Zero based)
 Heap Region Size: 2M
 Heap Min Capacity: 8M
 Heap Initial Capacity: 256M
 Heap Max Capacity: 4082M
 Pre-touch: Disabled
 Parallel Workers: 8
 Concurrent Workers: 2
 Concurrent Refinement Workers: 8
 Periodic GC: Disabled

Heap:
 garbage-first heap   total 262144K, used 37402K [0x0000000700e00000, 0x0000000800000000)
  region size 2048K, 17 young (34816K), 2 survivors (4096K)
 Metaspace       used 17413K, committed 17664K, reserved 1114112K
  class space    used 2073K, committed 2176K, reserved 1048576K

Heap Regions: E=young(eden), S=young(survivor), O=old, HS=humongous(starts), HC=humongous(continues), CS=collection set, F=free, OA=open archive, CA=closed archive, TAMS=top-at-mark-start, PB=parsable bottom
|   0|0x0000000700e00000, 0x0000000701000000, 0x0000000701000000|100%| O|  |TAMS 0x0000000700e00000| PB 0x0000000700e00000| Untracked 
|   1|0x0000000701000000, 0x0000000701200000, 0x0000000701200000|100%| O|  |TAMS 0x0000000701000000| PB 0x0000000701000000| Untracked 
|   2|0x0000000701200000, 0x00000007013cd200, 0x0000000701400000| 90%| O|  |TAMS 0x0000000701200000| PB 0x0000000701200000| Untracked 
|   3|0x0000000701400000, 0x0000000701400000, 0x0000000701600000|  0%| F|  |TAMS 0x0000000701400000| PB 0x0000000701400000| Untracked 
|   4|0x0000000701600000, 0x0000000701600000, 0x0000000701800000|  0%| F|  |TAMS 0x0000000701600000| PB 0x0000000701600000| Untracked 
|   5|0x0000000701800000, 0x0000000701800000, 0x0000000701a00000|  0%| F|  |TAMS 0x0000000701800000| PB 0x0000000701800000| Untracked 
|   6|0x0000000701a00000, 0x0000000701a00000, 0x0000000701c00000|  0%| F|  |TAMS 0x0000000701a00000| PB 0x0000000701a00000| Untracked 
|   7|0x0000000701c00000, 0x0000000701c00000, 0x0000000701e00000|  0%| F|  |TAMS 0x0000000701c00000| PB 0x0000000701c00000| Untracked 
|   8|0x0000000701e00000, 0x0000000701e00000, 0x0000000702000000|  0%| F|  |TAMS 0x0000000701e00000| PB 0x0000000701e00000| Untracked 
|   9|0x0000000702000000, 0x0000000702000000, 0x0000000702200000|  0%| F|  |TAMS 0x0000000702000000| PB 0x0000000702000000| Untracked 
|  10|0x0000000702200000, 0x0000000702200000, 0x0000000702400000|  0%| F|  |TAMS 0x0000000702200000| PB 0x0000000702200000| Untracked 
|  11|0x0000000702400000, 0x0000000702400000, 0x0000000702600000|  0%| F|  |TAMS 0x0000000702400000| PB 0x0000000702400000| Untracked 
|  12|0x0000000702600000, 0x0000000702600000, 0x0000000702800000|  0%| F|  |TAMS 0x0000000702600000| PB 0x0000000702600000| Untracked 
|  13|0x0000000702800000, 0x0000000702800000, 0x0000000702a00000|  0%| F|  |TAMS 0x0000000702800000| PB 0x0000000702800000| Untracked 
|  14|0x0000000702a00000, 0x0000000702a00000, 0x0000000702c00000|  0%| F|  |TAMS 0x0000000702a00000| PB 0x0000000702a00000| Untracked 
|  15|0x0000000702c00000, 0x0000000702c00000, 0x0000000702e00000|  0%| F|  |TAMS 0x0000000702c00000| PB 0x0000000702c00000| Untracked 
|  16|0x0000000702e00000, 0x0000000702e00000, 0x0000000703000000|  0%| F|  |TAMS 0x0000000702e00000| PB 0x0000000702e00000| Untracked 
|  17|0x0000000703000000, 0x0000000703000000, 0x0000000703200000|  0%| F|  |TAMS 0x0000000703000000| PB 0x0000000703000000| Untracked 
|  18|0x0000000703200000, 0x0000000703200000, 0x0000000703400000|  0%| F|  |TAMS 0x0000000703200000| PB 0x0000000703200000| Untracked 
|  19|0x0000000703400000, 0x0000000703400000, 0x0000000703600000|  0%| F|  |TAMS 0x0000000703400000| PB 0x0000000703400000| Untracked 
|  20|0x0000000703600000, 0x0000000703600000, 0x0000000703800000|  0%| F|  |TAMS 0x0000000703600000| PB 0x0000000703600000| Untracked 
|  21|0x0000000703800000, 0x0000000703800000, 0x0000000703a00000|  0%| F|  |TAMS 0x0000000703800000| PB 0x0000000703800000| Untracked 
|  22|0x0000000703a00000, 0x0000000703a00000, 0x0000000703c00000|  0%| F|  |TAMS 0x0000000703a00000| PB 0x0000000703a00000| Untracked 
|  23|0x0000000703c00000, 0x0000000703c00000, 0x0000000703e00000|  0%| F|  |TAMS 0x0000000703c00000| PB 0x0000000703c00000| Untracked 
|  24|0x0000000703e00000, 0x0000000703e00000, 0x0000000704000000|  0%| F|  |TAMS 0x0000000703e00000| PB 0x0000000703e00000| Untracked 
|  25|0x0000000704000000, 0x0000000704000000, 0x0000000704200000|  0%| F|  |TAMS 0x0000000704000000| PB 0x0000000704000000| Untracked 
|  26|0x0000000704200000, 0x0000000704200000, 0x0000000704400000|  0%| F|  |TAMS 0x0000000704200000| PB 0x0000000704200000| Untracked 
|  27|0x0000000704400000, 0x0000000704400000, 0x0000000704600000|  0%| F|  |TAMS 0x0000000704400000| PB 0x0000000704400000| Untracked 
|  28|0x0000000704600000, 0x0000000704600000, 0x0000000704800000|  0%| F|  |TAMS 0x0000000704600000| PB 0x0000000704600000| Untracked 
|  29|0x0000000704800000, 0x0000000704800000, 0x0000000704a00000|  0%| F|  |TAMS 0x0000000704800000| PB 0x0000000704800000| Untracked 
|  30|0x0000000704a00000, 0x0000000704a00000, 0x0000000704c00000|  0%| F|  |TAMS 0x0000000704a00000| PB 0x0000000704a00000| Untracked 
|  31|0x0000000704c00000, 0x0000000704c00000, 0x0000000704e00000|  0%| F|  |TAMS 0x0000000704c00000| PB 0x0000000704c00000| Untracked 
|  32|0x0000000704e00000, 0x0000000704e00000, 0x0000000705000000|  0%| F|  |TAMS 0x0000000704e00000| PB 0x0000000704e00000| Untracked 
|  33|0x0000000705000000, 0x0000000705000000, 0x0000000705200000|  0%| F|  |TAMS 0x0000000705000000| PB 0x0000000705000000| Untracked 
|  34|0x0000000705200000, 0x0000000705200000, 0x0000000705400000|  0%| F|  |TAMS 0x0000000705200000| PB 0x0000000705200000| Untracked 
|  35|0x0000000705400000, 0x0000000705400000, 0x0000000705600000|  0%| F|  |TAMS 0x0000000705400000| PB 0x0000000705400000| Untracked 
|  36|0x0000000705600000, 0x0000000705600000, 0x0000000705800000|  0%| F|  |TAMS 0x0000000705600000| PB 0x0000000705600000| Untracked 
|  37|0x0000000705800000, 0x0000000705800000, 0x0000000705a00000|  0%| F|  |TAMS 0x0000000705800000| PB 0x0000000705800000| Untracked 
|  38|0x0000000705a00000, 0x0000000705a00000, 0x0000000705c00000|  0%| F|  |TAMS 0x0000000705a00000| PB 0x0000000705a00000| Untracked 
|  39|0x0000000705c00000, 0x0000000705c00000, 0x0000000705e00000|  0%| F|  |TAMS 0x0000000705c00000| PB 0x0000000705c00000| Untracked 
|  40|0x0000000705e00000, 0x0000000705e00000, 0x0000000706000000|  0%| F|  |TAMS 0x0000000705e00000| PB 0x0000000705e00000| Untracked 
|  41|0x0000000706000000, 0x0000000706000000, 0x0000000706200000|  0%| F|  |TAMS 0x0000000706000000| PB 0x0000000706000000| Untracked 
|  42|0x0000000706200000, 0x0000000706200000, 0x0000000706400000|  0%| F|  |TAMS 0x0000000706200000| PB 0x0000000706200000| Untracked 
|  43|0x0000000706400000, 0x0000000706400000, 0x0000000706600000|  0%| F|  |TAMS 0x0000000706400000| PB 0x0000000706400000| Untracked 
|  44|0x0000000706600000, 0x0000000706600000, 0x0000000706800000|  0%| F|  |TAMS 0x0000000706600000| PB 0x0000000706600000| Untracked 
|  45|0x0000000706800000, 0x0000000706800000, 0x0000000706a00000|  0%| F|  |TAMS 0x0000000706800000| PB 0x0000000706800000| Untracked 
|  46|0x0000000706a00000, 0x0000000706a00000, 0x0000000706c00000|  0%| F|  |TAMS 0x0000000706a00000| PB 0x0000000706a00000| Untracked 
|  47|0x0000000706c00000, 0x0000000706c00000, 0x0000000706e00000|  0%| F|  |TAMS 0x0000000706c00000| PB 0x0000000706c00000| Untracked 
|  48|0x0000000706e00000, 0x0000000706e00000, 0x0000000707000000|  0%| F|  |TAMS 0x0000000706e00000| PB 0x0000000706e00000| Untracked 
|  49|0x0000000707000000, 0x0000000707000000, 0x0000000707200000|  0%| F|  |TAMS 0x0000000707000000| PB 0x0000000707000000| Untracked 
|  50|0x0000000707200000, 0x0000000707200000, 0x0000000707400000|  0%| F|  |TAMS 0x0000000707200000| PB 0x0000000707200000| Untracked 
|  51|0x0000000707400000, 0x0000000707400000, 0x0000000707600000|  0%| F|  |TAMS 0x0000000707400000| PB 0x0000000707400000| Untracked 
|  52|0x0000000707600000, 0x0000000707600000, 0x0000000707800000|  0%| F|  |TAMS 0x0000000707600000| PB 0x0000000707600000| Untracked 
|  53|0x0000000707800000, 0x0000000707800000, 0x0000000707a00000|  0%| F|  |TAMS 0x0000000707800000| PB 0x0000000707800000| Untracked 
|  54|0x0000000707a00000, 0x0000000707a00000, 0x0000000707c00000|  0%| F|  |TAMS 0x0000000707a00000| PB 0x0000000707a00000| Untracked 
|  55|0x0000000707c00000, 0x0000000707c00000, 0x0000000707e00000|  0%| F|  |TAMS 0x0000000707c00000| PB 0x0000000707c00000| Untracked 
|  56|0x0000000707e00000, 0x0000000707e00000, 0x0000000708000000|  0%| F|  |TAMS 0x0000000707e00000| PB 0x0000000707e00000| Untracked 
|  57|0x0000000708000000, 0x0000000708000000, 0x0000000708200000|  0%| F|  |TAMS 0x0000000708000000| PB 0x0000000708000000| Untracked 
|  58|0x0000000708200000, 0x0000000708200000, 0x0000000708400000|  0%| F|  |TAMS 0x0000000708200000| PB 0x0000000708200000| Untracked 
|  59|0x0000000708400000, 0x0000000708400000, 0x0000000708600000|  0%| F|  |TAMS 0x0000000708400000| PB 0x0000000708400000| Untracked 
|  60|0x0000000708600000, 0x0000000708600000, 0x0000000708800000|  0%| F|  |TAMS 0x0000000708600000| PB 0x0000000708600000| Untracked 
|  61|0x0000000708800000, 0x0000000708800000, 0x0000000708a00000|  0%| F|  |TAMS 0x0000000708800000| PB 0x0000000708800000| Untracked 
|  62|0x0000000708a00000, 0x0000000708a00000, 0x0000000708c00000|  0%| F|  |TAMS 0x0000000708a00000| PB 0x0000000708a00000| Untracked 
|  63|0x0000000708c00000, 0x0000000708c00000, 0x0000000708e00000|  0%| F|  |TAMS 0x0000000708c00000| PB 0x0000000708c00000| Untracked 
|  64|0x0000000708e00000, 0x0000000708e00000, 0x0000000709000000|  0%| F|  |TAMS 0x0000000708e00000| PB 0x0000000708e00000| Untracked 
|  65|0x0000000709000000, 0x0000000709000000, 0x0000000709200000|  0%| F|  |TAMS 0x0000000709000000| PB 0x0000000709000000| Untracked 
|  66|0x0000000709200000, 0x0000000709200000, 0x0000000709400000|  0%| F|  |TAMS 0x0000000709200000| PB 0x0000000709200000| Untracked 
|  67|0x0000000709400000, 0x0000000709400000, 0x0000000709600000|  0%| F|  |TAMS 0x0000000709400000| PB 0x0000000709400000| Untracked 
|  68|0x0000000709600000, 0x0000000709600000, 0x0000000709800000|  0%| F|  |TAMS 0x0000000709600000| PB 0x0000000709600000| Untracked 
|  69|0x0000000709800000, 0x0000000709800000, 0x0000000709a00000|  0%| F|  |TAMS 0x0000000709800000| PB 0x0000000709800000| Untracked 
|  70|0x0000000709a00000, 0x0000000709a00000, 0x0000000709c00000|  0%| F|  |TAMS 0x0000000709a00000| PB 0x0000000709a00000| Untracked 
|  71|0x0000000709c00000, 0x0000000709c00000, 0x0000000709e00000|  0%| F|  |TAMS 0x0000000709c00000| PB 0x0000000709c00000| Untracked 
|  72|0x0000000709e00000, 0x0000000709e00000, 0x000000070a000000|  0%| F|  |TAMS 0x0000000709e00000| PB 0x0000000709e00000| Untracked 
|  73|0x000000070a000000, 0x000000070a000000, 0x000000070a200000|  0%| F|  |TAMS 0x000000070a000000| PB 0x000000070a000000| Untracked 
|  74|0x000000070a200000, 0x000000070a200000, 0x000000070a400000|  0%| F|  |TAMS 0x000000070a200000| PB 0x000000070a200000| Untracked 
|  75|0x000000070a400000, 0x000000070a400000, 0x000000070a600000|  0%| F|  |TAMS 0x000000070a400000| PB 0x000000070a400000| Untracked 
|  76|0x000000070a600000, 0x000000070a600000, 0x000000070a800000|  0%| F|  |TAMS 0x000000070a600000| PB 0x000000070a600000| Untracked 
|  77|0x000000070a800000, 0x000000070a800000, 0x000000070aa00000|  0%| F|  |TAMS 0x000000070a800000| PB 0x000000070a800000| Untracked 
|  78|0x000000070aa00000, 0x000000070aa00000, 0x000000070ac00000|  0%| F|  |TAMS 0x000000070aa00000| PB 0x000000070aa00000| Untracked 
|  79|0x000000070ac00000, 0x000000070ac00000, 0x000000070ae00000|  0%| F|  |TAMS 0x000000070ac00000| PB 0x000000070ac00000| Untracked 
|  80|0x000000070ae00000, 0x000000070ae00000, 0x000000070b000000|  0%| F|  |TAMS 0x000000070ae00000| PB 0x000000070ae00000| Untracked 
|  81|0x000000070b000000, 0x000000070b000000, 0x000000070b200000|  0%| F|  |TAMS 0x000000070b000000| PB 0x000000070b000000| Untracked 
|  82|0x000000070b200000, 0x000000070b200000, 0x000000070b400000|  0%| F|  |TAMS 0x000000070b200000| PB 0x000000070b200000| Untracked 
|  83|0x000000070b400000, 0x000000070b400000, 0x000000070b600000|  0%| F|  |TAMS 0x000000070b400000| PB 0x000000070b400000| Untracked 
|  84|0x000000070b600000, 0x000000070b600000, 0x000000070b800000|  0%| F|  |TAMS 0x000000070b600000| PB 0x000000070b600000| Untracked 
|  85|0x000000070b800000, 0x000000070b800000, 0x000000070ba00000|  0%| F|  |TAMS 0x000000070b800000| PB 0x000000070b800000| Untracked 
|  86|0x000000070ba00000, 0x000000070ba00000, 0x000000070bc00000|  0%| F|  |TAMS 0x000000070ba00000| PB 0x000000070ba00000| Untracked 
|  87|0x000000070bc00000, 0x000000070bc00000, 0x000000070be00000|  0%| F|  |TAMS 0x000000070bc00000| PB 0x000000070bc00000| Untracked 
|  88|0x000000070be00000, 0x000000070be00000, 0x000000070c000000|  0%| F|  |TAMS 0x000000070be00000| PB 0x000000070be00000| Untracked 
|  89|0x000000070c000000, 0x000000070c000000, 0x000000070c200000|  0%| F|  |TAMS 0x000000070c000000| PB 0x000000070c000000| Untracked 
|  90|0x000000070c200000, 0x000000070c200000, 0x000000070c400000|  0%| F|  |TAMS 0x000000070c200000| PB 0x000000070c200000| Untracked 
|  91|0x000000070c400000, 0x000000070c400000, 0x000000070c600000|  0%| F|  |TAMS 0x000000070c400000| PB 0x000000070c400000| Untracked 
|  92|0x000000070c600000, 0x000000070c600000, 0x000000070c800000|  0%| F|  |TAMS 0x000000070c600000| PB 0x000000070c600000| Untracked 
|  93|0x000000070c800000, 0x000000070c800000, 0x000000070ca00000|  0%| F|  |TAMS 0x000000070c800000| PB 0x000000070c800000| Untracked 
|  94|0x000000070ca00000, 0x000000070ca00000, 0x000000070cc00000|  0%| F|  |TAMS 0x000000070ca00000| PB 0x000000070ca00000| Untracked 
|  95|0x000000070cc00000, 0x000000070cc00000, 0x000000070ce00000|  0%| F|  |TAMS 0x000000070cc00000| PB 0x000000070cc00000| Untracked 
|  96|0x000000070ce00000, 0x000000070ce00000, 0x000000070d000000|  0%| F|  |TAMS 0x000000070ce00000| PB 0x000000070ce00000| Untracked 
|  97|0x000000070d000000, 0x000000070d000000, 0x000000070d200000|  0%| F|  |TAMS 0x000000070d000000| PB 0x000000070d000000| Untracked 
|  98|0x000000070d200000, 0x000000070d200000, 0x000000070d400000|  0%| F|  |TAMS 0x000000070d200000| PB 0x000000070d200000| Untracked 
|  99|0x000000070d400000, 0x000000070d400000, 0x000000070d600000|  0%| F|  |TAMS 0x000000070d400000| PB 0x000000070d400000| Untracked 
| 100|0x000000070d600000, 0x000000070d600000, 0x000000070d800000|  0%| F|  |TAMS 0x000000070d600000| PB 0x000000070d600000| Untracked 
| 101|0x000000070d800000, 0x000000070d800000, 0x000000070da00000|  0%| F|  |TAMS 0x000000070d800000| PB 0x000000070d800000| Untracked 
| 102|0x000000070da00000, 0x000000070da00000, 0x000000070dc00000|  0%| F|  |TAMS 0x000000070da00000| PB 0x000000070da00000| Untracked 
| 103|0x000000070dc00000, 0x000000070dc00000, 0x000000070de00000|  0%| F|  |TAMS 0x000000070dc00000| PB 0x000000070dc00000| Untracked 
| 104|0x000000070de00000, 0x000000070de00000, 0x000000070e000000|  0%| F|  |TAMS 0x000000070de00000| PB 0x000000070de00000| Untracked 
| 105|0x000000070e000000, 0x000000070e000000, 0x000000070e200000|  0%| F|  |TAMS 0x000000070e000000| PB 0x000000070e000000| Untracked 
| 106|0x000000070e200000, 0x000000070e200000, 0x000000070e400000|  0%| F|  |TAMS 0x000000070e200000| PB 0x000000070e200000| Untracked 
| 107|0x000000070e400000, 0x000000070e400000, 0x000000070e600000|  0%| F|  |TAMS 0x000000070e400000| PB 0x000000070e400000| Untracked 
| 108|0x000000070e600000, 0x000000070e600000, 0x000000070e800000|  0%| F|  |TAMS 0x000000070e600000| PB 0x000000070e600000| Untracked 
| 109|0x000000070e800000, 0x000000070e800000, 0x000000070ea00000|  0%| F|  |TAMS 0x000000070e800000| PB 0x000000070e800000| Untracked 
| 110|0x000000070ea00000, 0x000000070ea00000, 0x000000070ec00000|  0%| F|  |TAMS 0x000000070ea00000| PB 0x000000070ea00000| Untracked 
| 111|0x000000070ec00000, 0x000000070ecb9620, 0x000000070ee00000| 36%| S|CS|TAMS 0x000000070ec00000| PB 0x000000070ec00000| Complete 
| 112|0x000000070ee00000, 0x000000070f000000, 0x000000070f000000|100%| S|CS|TAMS 0x000000070ee00000| PB 0x000000070ee00000| Complete 
| 113|0x000000070f000000, 0x000000070f13c038, 0x000000070f200000| 61%| E|  |TAMS 0x000000070f000000| PB 0x000000070f000000| Complete 
| 114|0x000000070f200000, 0x000000070f400000, 0x000000070f400000|100%| E|CS|TAMS 0x000000070f200000| PB 0x000000070f200000| Complete 
| 115|0x000000070f400000, 0x000000070f600000, 0x000000070f600000|100%| E|CS|TAMS 0x000000070f400000| PB 0x000000070f400000| Complete 
| 116|0x000000070f600000, 0x000000070f800000, 0x000000070f800000|100%| E|CS|TAMS 0x000000070f600000| PB 0x000000070f600000| Complete 
| 117|0x000000070f800000, 0x000000070fa00000, 0x000000070fa00000|100%| E|CS|TAMS 0x000000070f800000| PB 0x000000070f800000| Complete 
| 118|0x000000070fa00000, 0x000000070fc00000, 0x000000070fc00000|100%| E|CS|TAMS 0x000000070fa00000| PB 0x000000070fa00000| Complete 
| 119|0x000000070fc00000, 0x000000070fe00000, 0x000000070fe00000|100%| E|CS|TAMS 0x000000070fc00000| PB 0x000000070fc00000| Complete 
| 120|0x000000070fe00000, 0x0000000710000000, 0x0000000710000000|100%| E|CS|TAMS 0x000000070fe00000| PB 0x000000070fe00000| Complete 
| 121|0x0000000710000000, 0x0000000710200000, 0x0000000710200000|100%| E|CS|TAMS 0x0000000710000000| PB 0x0000000710000000| Complete 
| 122|0x0000000710200000, 0x0000000710400000, 0x0000000710400000|100%| E|CS|TAMS 0x0000000710200000| PB 0x0000000710200000| Complete 
| 123|0x0000000710400000, 0x0000000710600000, 0x0000000710600000|100%| E|CS|TAMS 0x0000000710400000| PB 0x0000000710400000| Complete 
| 124|0x0000000710600000, 0x0000000710800000, 0x0000000710800000|100%| E|CS|TAMS 0x0000000710600000| PB 0x0000000710600000| Complete 
| 125|0x0000000710800000, 0x0000000710a00000, 0x0000000710a00000|100%| E|CS|TAMS 0x0000000710800000| PB 0x0000000710800000| Complete 
| 126|0x0000000710a00000, 0x0000000710c00000, 0x0000000710c00000|100%| E|CS|TAMS 0x0000000710a00000| PB 0x0000000710a00000| Complete 
| 127|0x0000000710c00000, 0x0000000710e00000, 0x0000000710e00000|100%| E|CS|TAMS 0x0000000710c00000| PB 0x0000000710c00000| Complete 

Card table byte_map: [0x000001fb1b300000,0x000001fb1bb00000] _byte_map_base: 0x000001fb17af9000

Marking Bits: (CMBitMap*) 0x000001fb0376c0c0
 Bits: [0x000001fb1c300000, 0x000001fb202c8000)

Polling page: 0x000001fb01650000

Metaspace:

Usage:
  Non-class:     14.99 MB used.
      Class:      2.03 MB used.
       Both:     17.02 MB used.

Virtual space:
  Non-class space:       64.00 MB reserved,      15.12 MB ( 24%) committed,  1 nodes.
      Class space:        1.00 GB reserved,       2.19 MB ( <1%) committed,  1 nodes.
             Both:        1.06 GB reserved,      17.31 MB (  2%) committed. 

Chunk freelists:
   Non-Class:  80.00 KB
       Class:  1.80 MB
        Both:  1.88 MB

MaxMetaspaceSize: unlimited
CompressedClassSpaceSize: 1.00 GB
Initial GC threshold: 21.00 MB
Current GC threshold: 21.00 MB
CDS: on
MetaspaceReclaimPolicy: balanced
 - commit_granule_bytes: 65536.
 - commit_granule_words: 8192.
 - virtual_space_node_default_size: 8388608.
 - enlarge_chunks_in_place: 1.
 - new_chunks_are_fully_committed: 0.
 - uncommit_free_chunks: 1.
 - use_allocation_guard: 0.


Internal statistics:

num_allocs_failed_limit: 0.
num_arena_births: 244.
num_arena_deaths: 0.
num_vsnodes_births: 2.
num_vsnodes_deaths: 0.
num_space_committed: 277.
num_space_uncommitted: 0.
num_chunks_returned_to_freelist: 0.
num_chunks_taken_from_freelist: 831.
num_chunk_merges: 0.
num_chunk_splits: 553.
num_chunks_enlarged: 436.
num_inconsistent_stats: 0.

CodeHeap 'non-profiled nmethods': size=120000Kb used=1023Kb max_used=1023Kb free=118976Kb
 bounds [0x000001fb132a0000, 0x000001fb13510000, 0x000001fb1a7d0000]
CodeHeap 'profiled nmethods': size=120000Kb used=5074Kb max_used=5074Kb free=114925Kb
 bounds [0x000001fb0b7d0000, 0x000001fb0bcd0000, 0x000001fb12d00000]
CodeHeap 'non-nmethods': size=5760Kb used=1465Kb max_used=1506Kb free=4295Kb
 bounds [0x000001fb12d00000, 0x000001fb12f70000, 0x000001fb132a0000]
 total_blobs=3052 nmethods=2558 adapters=404
 compilation: enabled
              stopped_count=0, restarted_count=0
 full_count=0

Compilation events (20 events):
Event: 2.081 Thread 0x000001fb22d239b0 nmethod 2503 0x000001fb13396090 code [0x000001fb13396200, 0x000001fb13396270]
Event: 2.081 Thread 0x000001fb22d2c4e0 nmethod 2499 0x000001fb0bca1e90 code [0x000001fb0bca2160, 0x000001fb0bca3530]
Event: 2.081 Thread 0x000001fb22d2c4e0 2504       3       jdk.internal.module.SystemModuleFinders$SystemModuleReader::find (59 bytes)
Event: 2.082 Thread 0x000001fb22d2c4e0 nmethod 2504 0x000001fb0bca3b10 code [0x000001fb0bca3da0, 0x000001fb0bca4920]
Event: 2.082 Thread 0x000001fb22d2c4e0 2502   !   3       jdk.internal.loader.URLClassPath::check (123 bytes)
Event: 2.082 Thread 0x000001fb22d2c4e0 nmethod 2502 0x000001fb0bca4d90 code [0x000001fb0bca4f20, 0x000001fb0bca50f8]
Event: 2.082 Thread 0x000001fb22d2c4e0 2498       3       java.lang.reflect.Proxy::getInvocationHandler (69 bytes)
Event: 2.084 Thread 0x000001fb22d2c4e0 nmethod 2498 0x000001fb0bca5210 code [0x000001fb0bca54e0, 0x000001fb0bca67e8]
Event: 2.085 Thread 0x000001fb22d2c4e0 2505       3       java.util.Spliterator::forEachRemaining (11 bytes)
Event: 2.085 Thread 0x000001fb22d2c4e0 nmethod 2505 0x000001fb0bca6e10 code [0x000001fb0bca6fa0, 0x000001fb0bca7240]
Event: 2.085 Thread 0x000001fb22d2c4e0 2501       3       org.springframework.core.type.AnnotatedTypeMetadata::getAnnotationAttributes (9 bytes)
Event: 2.085 Thread 0x000001fb22d2c4e0 nmethod 2501 0x000001fb0bca7310 code [0x000001fb0bca74a0, 0x000001fb0bca7670]
Event: 2.085 Thread 0x000001fb22d2c4e0 2506       3       org.springframework.core.annotation.MergedAnnotationsCollection::spliterator (10 bytes)
Event: 2.085 Thread 0x000001fb22d2c4e0 nmethod 2506 0x000001fb0bca7710 code [0x000001fb0bca78c0, 0x000001fb0bca7cc8]
Event: 2.086 Thread 0x000001fb681333f0 nmethod 2465 0x000001fb13396390 code [0x000001fb13396660, 0x000001fb13397ec0]
Event: 2.086 Thread 0x000001fb22d239b0 2507       4       java.lang.StringLatin1::compareTo (14 bytes)
Event: 2.089 Thread 0x000001fb22d2c4e0 2508       3       java.util.Locale::getDefault (4 bytes)
Event: 2.089 Thread 0x000001fb22d2c4e0 nmethod 2508 0x000001fb0bca7e10 code [0x000001fb0bca7fa0, 0x000001fb0bca80a0]
Event: 2.089 Thread 0x000001fb22d2c4e0 2509       3       org.springframework.util.ObjectUtils::isEmpty (15 bytes)
Event: 2.089 Thread 0x000001fb22d2c4e0 nmethod 2509 0x000001fb0bca8110 code [0x000001fb0bca82a0, 0x000001fb0bca8430]

GC Heap History (4 events):
Event: 0.821 GC heap before
{Heap before GC invocations=0 (full 0):
 garbage-first heap   total 262144K, used 22528K [0x0000000700e00000, 0x0000000800000000)
  region size 2048K, 11 young (22528K), 0 survivors (0K)
 Metaspace       used 5201K, committed 5440K, reserved 1114112K
  class space    used 590K, committed 704K, reserved 1048576K
}
Event: 0.825 GC heap after
{Heap after GC invocations=1 (full 0):
 garbage-first heap   total 262144K, used 5690K [0x0000000700e00000, 0x0000000800000000)
  region size 2048K, 2 young (4096K), 2 survivors (4096K)
 Metaspace       used 5201K, committed 5440K, reserved 1114112K
  class space    used 590K, committed 704K, reserved 1048576K
}
Event: 1.372 GC heap before
{Heap before GC invocations=1 (full 0):
 garbage-first heap   total 262144K, used 30266K [0x0000000700e00000, 0x0000000800000000)
  region size 2048K, 15 young (30720K), 2 survivors (4096K)
 Metaspace       used 12145K, committed 12352K, reserved 1114112K
  class space    used 1422K, committed 1536K, reserved 1048576K
}
Event: 1.379 GC heap after
{Heap after GC invocations=2 (full 0):
 garbage-first heap   total 262144K, used 8730K [0x0000000700e00000, 0x0000000800000000)
  region size 2048K, 2 young (4096K), 2 survivors (4096K)
 Metaspace       used 12145K, committed 12352K, reserved 1114112K
  class space    used 1422K, committed 1536K, reserved 1048576K
}

Dll operation events (8 events):
Event: 0.011 Loaded shared library C:\Program Files\Java\jdk-20\bin\java.dll
Event: 0.040 Loaded shared library C:\Program Files\Java\jdk-20\bin\jsvml.dll
Event: 0.192 Loaded shared library C:\Program Files\Java\jdk-20\bin\net.dll
Event: 0.195 Loaded shared library C:\Program Files\Java\jdk-20\bin\nio.dll
Event: 0.201 Loaded shared library C:\Program Files\Java\jdk-20\bin\zip.dll
Event: 0.378 Loaded shared library C:\Program Files\Java\jdk-20\bin\jimage.dll
Event: 0.671 Loaded shared library C:\Program Files\Java\jdk-20\bin\management.dll
Event: 0.674 Loaded shared library C:\Program Files\Java\jdk-20\bin\management_ext.dll

Deoptimization events (20 events):
Event: 1.663 Thread 0x000001fb68116060 DEOPT PACKING pc=0x000001fb0b8d3a4e sp=0x000000135effdff0
Event: 1.663 Thread 0x000001fb68116060 DEOPT UNPACKING pc=0x000001fb12d6a4c2 sp=0x000000135effd4d8 mode 0
Event: 1.663 Thread 0x000001fb68116060 DEOPT PACKING pc=0x000001fb0b97dc2d sp=0x000000135effdfe0
Event: 1.663 Thread 0x000001fb68116060 DEOPT UNPACKING pc=0x000001fb12d6a4c2 sp=0x000000135effd4d0 mode 0
Event: 1.663 Thread 0x000001fb68116060 DEOPT PACKING pc=0x000001fb0b8d3a4e sp=0x000000135effdff0
Event: 1.663 Thread 0x000001fb68116060 DEOPT UNPACKING pc=0x000001fb12d6a4c2 sp=0x000000135effd4d8 mode 0
Event: 1.673 Thread 0x000001fb68116060 Uncommon trap: trap_request=0xffffff45 fr.pc=0x000001fb13349d28 relative=0x00000000000000a8
Event: 1.673 Thread 0x000001fb68116060 Uncommon trap: reason=unstable_if action=reinterpret pc=0x000001fb13349d28 method=java.lang.ref.ReferenceQueue.poll()Ljava/lang/ref/Reference; @ 4 c2
Event: 1.673 Thread 0x000001fb68116060 DEOPT PACKING pc=0x000001fb13349d28 sp=0x000000135effddf0
Event: 1.673 Thread 0x000001fb68116060 DEOPT UNPACKING pc=0x000001fb12d69d22 sp=0x000000135effdcd8 mode 2
Event: 1.751 Thread 0x000001fb68116060 Uncommon trap: trap_request=0xffffff45 fr.pc=0x000001fb1331b06c relative=0x0000000000000a8c
Event: 1.751 Thread 0x000001fb68116060 Uncommon trap: reason=unstable_if action=reinterpret pc=0x000001fb1331b06c method=jdk.internal.org.objectweb.asm.SymbolTable.put(Ljdk/internal/org/objectweb/asm/SymbolTable$Entry;)Ljdk/internal/org/objectweb/asm/SymbolTable$Entry; @ 13 c2
Event: 1.751 Thread 0x000001fb68116060 DEOPT PACKING pc=0x000001fb1331b06c sp=0x000000135effc610
Event: 1.751 Thread 0x000001fb68116060 DEOPT UNPACKING pc=0x000001fb12d69d22 sp=0x000000135effc548 mode 2
Event: 2.014 Thread 0x000001fb68116060 DEOPT PACKING pc=0x000001fb0b816ac1 sp=0x000000135effd6c0
Event: 2.014 Thread 0x000001fb68116060 DEOPT UNPACKING pc=0x000001fb12d6a4c2 sp=0x000000135effcbc0 mode 0
Event: 2.078 Thread 0x000001fb68116060 Uncommon trap: trap_request=0xffffff45 fr.pc=0x000001fb133811bc relative=0x000000000000171c
Event: 2.079 Thread 0x000001fb68116060 Uncommon trap: reason=unstable_if action=reinterpret pc=0x000001fb133811bc method=jdk.internal.jimage.ImageLocation.verifyName(Ljava/lang/String;Ljava/lang/String;IIIIIILjdk/internal/jimage/ImageStrings;)Z @ 2 c2
Event: 2.079 Thread 0x000001fb68116060 DEOPT PACKING pc=0x000001fb133811bc sp=0x000000135effd5d0
Event: 2.079 Thread 0x000001fb68116060 DEOPT UNPACKING pc=0x000001fb12d69d22 sp=0x000000135effd2e8 mode 2

Classes loaded (20 events):
Event: 1.526 Loading class sun/nio/fs/BasicFileAttributesHolder done
Event: 1.526 Loading class sun/nio/fs/WindowsPath$WindowsPathWithAttributes done
Event: 1.527 Loading class java/util/StringTokenizer
Event: 1.527 Loading class java/util/StringTokenizer done
Event: 1.528 Loading class java/util/regex/Pattern$LazyLoop
Event: 1.528 Loading class java/util/regex/Pattern$Loop
Event: 1.528 Loading class java/util/regex/Pattern$Loop done
Event: 1.528 Loading class java/util/regex/Pattern$LazyLoop done
Event: 1.528 Loading class java/util/regex/Pattern$Prolog
Event: 1.528 Loading class java/util/regex/Pattern$Prolog done
Event: 1.535 Loading class java/lang/AssertionError
Event: 1.535 Loading class java/lang/AssertionError done
Event: 1.617 Loading class javax/naming/ldap/LdapContext
Event: 1.617 Loading class javax/naming/directory/DirContext
Event: 1.617 Loading class javax/naming/directory/DirContext done
Event: 1.618 Loading class javax/naming/ldap/LdapContext done
Event: 1.925 Loading class java/beans/PropertyVetoException
Event: 1.925 Loading class java/beans/PropertyVetoException done
Event: 1.961 Loading class java/nio/charset/CharacterCodingException
Event: 1.961 Loading class java/nio/charset/CharacterCodingException done

Classes unloaded (0 events):
No events

Classes redefined (0 events):
No events

Internal exceptions (20 events):
Event: 1.125 Thread 0x000001fb68116060 Exception <a 'java/lang/NoSuchMethodError'{0x000000071028fb20}: 'java.lang.Object java.lang.invoke.DirectMethodHandle$Holder.invokeStatic(java.lang.Object, long, java.lang.Object)'> (0x000000071028fb20) 
thrown [s\open\src\hotspot\share\interpreter\linkResolver.cpp, line 773]
Event: 1.125 Thread 0x000001fb68116060 Exception <a 'java/lang/NoSuchMethodError'{0x0000000710293178}: 'java.lang.Object java.lang.invoke.DirectMethodHandle$Holder.invokeStaticInit(java.lang.Object, long, java.lang.Object)'> (0x0000000710293178) 
thrown [s\open\src\hotspot\share\interpreter\linkResolver.cpp, line 773]
Event: 1.125 Thread 0x000001fb68116060 Exception <a 'java/lang/NoSuchMethodError'{0x0000000710298ee0}: 'java.lang.Object java.lang.invoke.DirectMethodHandle$Holder.newInvokeSpecial(java.lang.Object, long)'> (0x0000000710298ee0) 
thrown [s\open\src\hotspot\share\interpreter\linkResolver.cpp, line 773]
Event: 1.136 Thread 0x000001fb68116060 Exception <a 'java/lang/NoSuchMethodError'{0x00000007102e09b8}: 'void java.lang.invoke.DirectMethodHandle$Holder.invokeVirtual(java.lang.Object, java.lang.Object, java.lang.Object, java.lang.Object)'> (0x00000007102e09b8) 
thrown [s\open\src\hotspot\share\interpreter\linkResolver.cpp, line 773]
Event: 1.170 Thread 0x000001fb68116060 Exception <a 'java/lang/NoSuchMethodError'{0x0000000710017828}: 'void java.lang.invoke.DirectMethodHandle$Holder.invokeSpecial(java.lang.Object, java.lang.Object, java.lang.Object, java.lang.Object, java.lang.Object)'> (0x0000000710017828) 
thrown [s\open\src\hotspot\share\interpreter\linkResolver.cpp, line 773]
Event: 1.177 Thread 0x000001fb681175a0 Exception <a 'java/lang/NoClassDefFoundError'{0x000000071004a150}: jakarta/validation/Validation> (0x000000071004a150) 
thrown [s\open\src\hotspot\share\classfile\systemDictionary.cpp, line 294]
Event: 1.178 Thread 0x000001fb68116060 Exception <a 'java/lang/IncompatibleClassChangeError'{0x00000007100676d0}: Found class java.lang.Object, but interface was expected> (0x00000007100676d0) 
thrown [s\open\src\hotspot\share\interpreter\linkResolver.cpp, line 840]
Event: 1.183 Thread 0x000001fb68116060 Exception <a 'java/lang/NoSuchMethodError'{0x000000071007c4f8}: 'java.lang.Object java.lang.invoke.DirectMethodHandle$Holder.invokeStaticInit(java.lang.Object, int)'> (0x000000071007c4f8) 
thrown [s\open\src\hotspot\share\interpreter\linkResolver.cpp, line 773]
Event: 1.184 Thread 0x000001fb68116060 Exception <a 'java/lang/NoSuchMethodError'{0x0000000710087548}: 'java.lang.Object java.lang.invoke.DirectMethodHandle$Holder.invokeStatic(java.lang.Object, int, java.lang.Object)'> (0x0000000710087548) 
thrown [s\open\src\hotspot\share\interpreter\linkResolver.cpp, line 773]
Event: 1.185 Thread 0x000001fb68116060 Exception <a 'java/lang/NoSuchMethodError'{0x00000007100dfd58}: 'java.lang.Object java.lang.invoke.DirectMethodHandle$Holder.invokeStaticInit(java.lang.Object, int, java.lang.Object)'> (0x00000007100dfd58) 
thrown [s\open\src\hotspot\share\interpreter\linkResolver.cpp, line 773]
Event: 1.302 Thread 0x000001fb68116060 Exception <a 'java/lang/NoSuchMethodError'{0x000000070f22fc08}: 'int java.lang.invoke.Invokers$Holder.invokeExact_MT(java.lang.Object, java.lang.Object)'> (0x000000070f22fc08) 
thrown [s\open\src\hotspot\share\interpreter\linkResolver.cpp, line 773]
Event: 1.520 Thread 0x000001fb68116060 Exception <a 'java/lang/NoSuchMethodError'{0x000000071020be60}: 'int java.lang.invoke.DirectMethodHandle$Holder.invokeSpecial(java.lang.Object, java.lang.Object, java.lang.Object, java.lang.Object, java.lang.Object)'> (0x000000071020be60) 
thrown [s\open\src\hotspot\share\interpreter\linkResolver.cpp, line 773]
Event: 1.524 Thread 0x000001fb68116060 Exception <a 'java/lang/NoSuchMethodError'{0x00000007102149a8}: 'void java.lang.invoke.DirectMethodHandle$Holder.invokeVirtual(java.lang.Object, java.lang.Object)'> (0x00000007102149a8) 
thrown [s\open\src\hotspot\share\interpreter\linkResolver.cpp, line 773]
Event: 1.527 Thread 0x000001fb681175a0 Exception <a 'java/lang/NoSuchMethodError'{0x00000007102a5558}: 'long java.lang.invoke.DirectMethodHandle$Holder.invokeSpecial(java.lang.Object, java.lang.Object)'> (0x00000007102a5558) 
thrown [s\open\src\hotspot\share\interpreter\linkResolver.cpp, line 773]
Event: 1.529 Thread 0x000001fb681175a0 Exception <a 'java/lang/NoSuchMethodError'{0x00000007102b0648}: 'long java.lang.invoke.DirectMethodHandle$Holder.invokeStatic(java.lang.Object, java.lang.Object)'> (0x00000007102b0648) 
thrown [s\open\src\hotspot\share\interpreter\linkResolver.cpp, line 773]
Event: 1.530 Thread 0x000001fb681175a0 Exception <a 'java/lang/NoSuchMethodError'{0x00000007102b39b0}: 'long java.lang.invoke.DirectMethodHandle$Holder.invokeStaticInit(java.lang.Object, java.lang.Object)'> (0x00000007102b39b0) 
thrown [s\open\src\hotspot\share\interpreter\linkResolver.cpp, line 773]
Event: 1.532 Thread 0x000001fb681175a0 Exception <a 'java/lang/NoSuchMethodError'{0x00000007102c1610}: 'long java.lang.invoke.DirectMethodHandle$Holder.invokeInterface(java.lang.Object, java.lang.Object)'> (0x00000007102c1610) 
thrown [s\open\src\hotspot\share\interpreter\linkResolver.cpp, line 773]
Event: 1.533 Thread 0x000001fb681175a0 Exception <a 'java/lang/IncompatibleClassChangeError'{0x00000007102c4e50}: Found class java.lang.Object, but interface was expected> (0x00000007102c4e50) 
thrown [s\open\src\hotspot\share\interpreter\linkResolver.cpp, line 840]
Event: 1.544 Thread 0x000001fb681175a0 Exception <a 'java/lang/NoSuchMethodError'{0x000000071038bb48}: 'java.lang.Object java.lang.invoke.DirectMethodHandle$Holder.invokeVirtual(java.lang.Object, java.lang.Object, java.lang.Object, java.lang.Object)'> (0x000000071038bb48) 
thrown [s\open\src\hotspot\share\interpreter\linkResolver.cpp, line 773]
Event: 1.655 Thread 0x000001fb68116060 Exception <a 'java/lang/IncompatibleClassChangeError'{0x000000070fd17d08}: Found class java.lang.Object, but interface was expected> (0x000000070fd17d08) 
thrown [s\open\src\hotspot\share\interpreter\linkResolver.cpp, line 840]

VM Operations (20 events):
Event: 1.162 Executing VM operation: HandshakeAllThreads
Event: 1.162 Executing VM operation: HandshakeAllThreads done
Event: 1.166 Executing VM operation: HandshakeAllThreads
Event: 1.166 Executing VM operation: HandshakeAllThreads done
Event: 1.167 Executing VM operation: HandshakeAllThreads
Event: 1.167 Executing VM operation: HandshakeAllThreads done
Event: 1.212 Executing VM operation: ICBufferFull
Event: 1.213 Executing VM operation: ICBufferFull done
Event: 1.334 Executing VM operation: HandshakeAllThreads
Event: 1.334 Executing VM operation: HandshakeAllThreads done
Event: 1.372 Executing VM operation: G1CollectForAllocation
Event: 1.379 Executing VM operation: G1CollectForAllocation done
Event: 1.438 Executing VM operation: HandshakeAllThreads
Event: 1.438 Executing VM operation: HandshakeAllThreads done
Event: 1.486 Executing VM operation: HandshakeAllThreads
Event: 1.486 Executing VM operation: HandshakeAllThreads done
Event: 1.503 Executing VM operation: HandshakeAllThreads
Event: 1.503 Executing VM operation: HandshakeAllThreads done
Event: 1.860 Executing VM operation: ICBufferFull
Event: 1.860 Executing VM operation: ICBufferFull done

Events (19 events):
Event: 0.040 Thread 0x000001fb036f5500 Thread added: 0x000001fb036f5500
Event: 0.071 Thread 0x000001fb22d0d760 Thread added: 0x000001fb22d0d760
Event: 0.071 Thread 0x000001fb22d0e600 Thread added: 0x000001fb22d0e600
Event: 0.072 Thread 0x000001fb22d11830 Thread added: 0x000001fb22d11830
Event: 0.072 Thread 0x000001fb22d166a0 Thread added: 0x000001fb22d166a0
Event: 0.072 Thread 0x000001fb22d17180 Thread added: 0x000001fb22d17180
Event: 0.072 Thread 0x000001fb22d17e00 Thread added: 0x000001fb22d17e00
Event: 0.072 Thread 0x000001fb22d239b0 Thread added: 0x000001fb22d239b0
Event: 0.072 Thread 0x000001fb22d2c4e0 Thread added: 0x000001fb22d2c4e0
Event: 0.180 Thread 0x000001fb681155c0 Thread added: 0x000001fb681155c0
Event: 0.185 Thread 0x000001fb68114b20 Thread added: 0x000001fb68114b20
Event: 0.234 Thread 0x000001fb681333f0 Thread added: 0x000001fb681333f0
Event: 0.242 Thread 0x000001fb6828abd0 Thread added: 0x000001fb6828abd0
Event: 0.738 Thread 0x000001fb68117050 Thread added: 0x000001fb68117050
Event: 0.742 Thread 0x000001fb68116060 Thread added: 0x000001fb68116060
Event: 1.174 Thread 0x000001fb681175a0 Thread added: 0x000001fb681175a0
Event: 1.547 Thread 0x000001fb681175a0 Thread exited: 0x000001fb681175a0
Event: 1.579 Thread 0x000001fb681175a0 Thread added: 0x000001fb681175a0
Event: 1.647 Thread 0x000001fb681175a0 Thread exited: 0x000001fb681175a0


Dynamic libraries:
0x00007ff670d00000 - 0x00007ff670d10000 	C:\Program Files\Java\jdk-20\bin\java.exe
0x00007fff02c90000 - 0x00007fff02e88000 	C:\WINDOWS\SYSTEM32\ntdll.dll
0x00007fff01450000 - 0x00007fff0150f000 	C:\WINDOWS\System32\KERNEL32.DLL
0x00007fff00400000 - 0x00007fff006f6000 	C:\WINDOWS\System32\KERNELBASE.dll
0x00007fff00a20000 - 0x00007fff00b20000 	C:\WINDOWS\System32\ucrtbase.dll
0x00007ffef5d00000 - 0x00007ffef5d1b000 	C:\Program Files\Java\jdk-20\bin\VCRUNTIME140.dll
0x00007ffef5680000 - 0x00007ffef5699000 	C:\Program Files\Java\jdk-20\bin\jli.dll
0x00007fff01d90000 - 0x00007fff01e3f000 	C:\WINDOWS\System32\ADVAPI32.dll
0x00007fff01240000 - 0x00007fff012de000 	C:\WINDOWS\System32\msvcrt.dll
0x00007fff016e0000 - 0x00007fff0177c000 	C:\WINDOWS\System32\sechost.dll
0x00007fff01820000 - 0x00007fff01946000 	C:\WINDOWS\System32\RPCRT4.dll
0x00007fff01a80000 - 0x00007fff01c1d000 	C:\WINDOWS\System32\USER32.dll
0x00007fff00890000 - 0x00007fff008b2000 	C:\WINDOWS\System32\win32u.dll
0x00007fff01790000 - 0x00007fff017bc000 	C:\WINDOWS\System32\GDI32.dll
0x00007fff00700000 - 0x00007fff00815000 	C:\WINDOWS\System32\gdi32full.dll
0x00007ffeefdc0000 - 0x00007ffef005a000 	C:\WINDOWS\WinSxS\amd64_microsoft.windows.common-controls_6595b64144ccf1df_6.0.19041.1110_none_60b5254171f9507e\COMCTL32.dll
0x00007fff00b70000 - 0x00007fff00c0d000 	C:\WINDOWS\System32\msvcp_win.dll
0x00007ffefa440000 - 0x00007ffefa44a000 	C:\WINDOWS\SYSTEM32\VERSION.dll
0x00007fff01420000 - 0x00007fff01450000 	C:\WINDOWS\System32\IMM32.DLL
0x00007ffef75f0000 - 0x00007ffef75fc000 	C:\Program Files\Java\jdk-20\bin\vcruntime140_1.dll
0x00007ffed0c10000 - 0x00007ffed0c9e000 	C:\Program Files\Java\jdk-20\bin\msvcp140.dll
0x00007ffea1820000 - 0x00007ffea24b8000 	C:\Program Files\Java\jdk-20\bin\server\jvm.dll
0x00007ffef7600000 - 0x00007ffef7627000 	C:\WINDOWS\SYSTEM32\WINMM.dll
0x00007ffee7480000 - 0x00007ffee7489000 	C:\WINDOWS\SYSTEM32\WSOCK32.dll
0x00007fff015a0000 - 0x00007fff0160b000 	C:\WINDOWS\System32\WS2_32.dll
0x00007ffefe3c0000 - 0x00007ffefe3d2000 	C:\WINDOWS\SYSTEM32\kernel.appcore.dll
0x00007ffef72c0000 - 0x00007ffef72ca000 	C:\Program Files\Java\jdk-20\bin\jimage.dll
0x00007ffefe060000 - 0x00007ffefe244000 	C:\WINDOWS\SYSTEM32\DBGHELP.DLL
0x00007ffeeb7a0000 - 0x00007ffeeb7d4000 	C:\WINDOWS\SYSTEM32\dbgcore.DLL
0x00007fff00370000 - 0x00007fff003f2000 	C:\WINDOWS\System32\bcryptPrimitives.dll
0x00007ffef5570000 - 0x00007ffef5596000 	C:\Program Files\Java\jdk-20\bin\java.dll
0x00007ffec5340000 - 0x00007ffec5417000 	C:\Program Files\Java\jdk-20\bin\jsvml.dll
0x00007fff02350000 - 0x00007fff02a94000 	C:\WINDOWS\System32\SHELL32.dll
0x00007ffefe3e0000 - 0x00007ffefeb74000 	C:\WINDOWS\SYSTEM32\windows.storage.dll
0x00007fff01ff0000 - 0x00007fff02344000 	C:\WINDOWS\System32\combase.dll
0x00007ffeffcd0000 - 0x00007ffeffcfe000 	C:\WINDOWS\SYSTEM32\Wldp.dll
0x00007fff012e0000 - 0x00007fff0138d000 	C:\WINDOWS\System32\SHCORE.dll
0x00007fff01530000 - 0x00007fff01585000 	C:\WINDOWS\System32\shlwapi.dll
0x00007fff002a0000 - 0x00007fff002c5000 	C:\WINDOWS\SYSTEM32\profapi.dll
0x00007ffef54f0000 - 0x00007ffef5503000 	C:\Program Files\Java\jdk-20\bin\net.dll
0x00007ffef9770000 - 0x00007ffef987a000 	C:\WINDOWS\SYSTEM32\WINHTTP.dll
0x00007ffeffab0000 - 0x00007ffeffb1a000 	C:\WINDOWS\system32\mswsock.dll
0x00007ffef0e30000 - 0x00007ffef0e46000 	C:\Program Files\Java\jdk-20\bin\nio.dll
0x00007ffef0060000 - 0x00007ffef0078000 	C:\Program Files\Java\jdk-20\bin\zip.dll
0x00007ffeed310000 - 0x00007ffeed31a000 	C:\Program Files\Java\jdk-20\bin\management.dll
0x00007ffeed2e0000 - 0x00007ffeed2eb000 	C:\Program Files\Java\jdk-20\bin\management_ext.dll
0x00007fff01fe0000 - 0x00007fff01fe8000 	C:\WINDOWS\System32\PSAPI.DLL

dbghelp: loaded successfully - version: 4.0.5 - missing functions: none
symbol engine: initialized successfully - sym options: 0x614 - pdb path: .;C:\Program Files\Java\jdk-20\bin;C:\WINDOWS\SYSTEM32;C:\WINDOWS\WinSxS\amd64_microsoft.windows.common-controls_6595b64144ccf1df_6.0.19041.1110_none_60b5254171f9507e;C:\Program Files\Java\jdk-20\bin\server

VM Arguments:
jvm_args: -XX:+ShowCodeDetailsInExceptionMessages 
java_command: com.guardias.backend.BackendApplication
java_class_path (initial): E:\ANGULAR\DPH - BACKEND\backend\target\classes;C:\Users\KerbunHP\.m2\repository\org\springframework\boot\spring-boot-starter-data-jpa\3.1.2\spring-boot-starter-data-jpa-3.1.2.jar;C:\Users\KerbunHP\.m2\repository\org\springframework\boot\spring-boot-starter-aop\3.1.2\spring-boot-starter-aop-3.1.2.jar;C:\Users\KerbunHP\.m2\repository\org\springframework\spring-aop\6.0.11\spring-aop-6.0.11.jar;C:\Users\KerbunHP\.m2\repository\org\aspectj\aspectjweaver\1.9.19\aspectjweaver-1.9.19.jar;C:\Users\KerbunHP\.m2\repository\org\springframework\boot\spring-boot-starter-jdbc\3.1.2\spring-boot-starter-jdbc-3.1.2.jar;C:\Users\KerbunHP\.m2\repository\com\zaxxer\HikariCP\5.0.1\HikariCP-5.0.1.jar;C:\Users\KerbunHP\.m2\repository\org\springframework\spring-jdbc\6.0.11\spring-jdbc-6.0.11.jar;C:\Users\KerbunHP\.m2\repository\org\hibernate\orm\hibernate-core\6.2.6.Final\hibernate-core-6.2.6.Final.jar;C:\Users\KerbunHP\.m2\repository\jakarta\persistence\jakarta.persistence-api\3.1.0\jakarta.persistence-api-3.1.0.jar;C:\Users\KerbunHP\.m2\repository\jakarta\transaction\jakarta.transaction-api\2.0.1\jakarta.transaction-api-2.0.1.jar;C:\Users\KerbunHP\.m2\repository\org\jboss\logging\jboss-logging\3.5.3.Final\jboss-logging-3.5.3.Final.jar;C:\Users\KerbunHP\.m2\repository\org\hibernate\common\hibernate-commons-annotations\6.0.6.Final\hibernate-commons-annotations-6.0.6.Final.jar;C:\Users\KerbunHP\.m2\repository\io\smallrye\jandex\3.0.5\jandex-3.0.5.jar;C:\Users\KerbunHP\.m2\repository\com\fasterxml\classmate\1.5.1\classmate-1.5.1.jar;C:\Users\KerbunHP\.m2\repository\net\bytebuddy\byte-buddy\1.14.5\byte-buddy-1.14.5.jar;C:\Users\KerbunHP\.m2\repository\org\glassfish\jaxb\jaxb-runtime\4.0.3\jaxb-runtime-4.0.3.jar;C:\Users\KerbunHP\.m2\repository\org\glassfish\jaxb\jaxb-core\4.0.3\jaxb-core-4.0.3.jar;C:\Users\KerbunHP\.m2\repository\org\eclipse\angus\angus-activation\2.0.1\angus-activation-2.0.1.jar;C:\Users\KerbunHP\.m2\repository\org\glassfish\jaxb\txw2\4.0.3\txw2-4.0.3.jar;C:\Users\KerbunHP\.m2\repository\com\sun\istack\istack-commons-runtime\4.1.2\istack-commons-runtime-4.1.2.jar;C:\Users\KerbunHP\.m2\repository\jakarta\inject\jakarta.inject-api\2.0.1\jakarta.inject-api-2.0.1.jar;C:\Users\KerbunHP\.m2\repository\org\antlr\antlr4-runtime\4.10.1\antlr4-runtime-4.10.1.jar;C:\Users\KerbunHP\.m2\repository\org\springframework\data\spring-data-jpa\3.1.2\spring-data-jpa-3.1.2.jar;C:\Users\KerbunHP\.m2\repository\org\springframework\data\spring-data-commons\3.1.2\spring-data-commons-3.1.2.jar;C:\Users\KerbunHP\.m2\repository\org\springframework\spring-orm\6.0.11\spring-orm-6.0.11.jar;C:\Users\KerbunHP\.m2\repository\org\springframework\spring-context\6.0.11\spring-context-6.0.11.jar;C:\Users\KerbunHP\.m2\repository\org\springframework\spring-tx\6.0.11\spring-tx-6.0.11.jar;C:\Users\KerbunHP\.m2\repository\org\springframework\spring-beans\6.0.11\spring-beans-6.0.11.jar;C:\Users\KerbunHP\.m2\repository\jakarta\annotation\jakarta.annotation-api\2.1.1\jakarta.annotation-api-2.1.1.jar;C:\Users\KerbunHP\.m2\repository\org\slf4j\slf4j-api\2.0.7\slf4j-api-2.0.7.jar;C:\Users\KerbunHP\.m2\repository\org\springframework\spring-aspects\6.0.11\spring-aspects-6.0.11.jar;C:\Users\KerbunHP\.m2\repository\org\springframework\boot\spring-boot-starter-web\3.1.2\spring-boot-starter-web-3.1.2.jar;C:\Users\KerbunHP\.m2\repository\org\springframework\boot\spring-boot-starter\3.1.2\spring-boot-starter-3.1.2.jar;C:\Users\KerbunHP\.m2\repository\org\springframework\boot\spring-boot-starter-logging\3.1.2\spring-boot-starter-logging-3.1.2.jar;C:\Users\KerbunHP\.m2\repository\ch\qos\logback\logback-classic\1.4.8\logback-classic-1.4.8.jar;C:\Users\KerbunHP\.m2\repository\ch\qos\logback\logback-core\1.4.8\logback-core-1.4.8.jar;C:\Users\KerbunHP\.m2\repository\org\apache\logging\log4j\log4j-to-slf4j\2.20.0\log4j-to-slf4j-2.20.0.jar;C:\Users\KerbunHP\.m2\repository\org\apache\logging\log4j\log4j-api\2.20.0\log4j-api-2.20.0.jar;C:\Users\KerbunHP\.m2\repository\org\slf4j\jul-to-slf4j\2.0.7\jul-to-slf4j-2.0.7.jar;C:\Users\KerbunHP\.m2\repository\org\yaml\snakeyaml\1.33\snakeyaml-1.33.jar;C:\Users\KerbunHP\.m2\repository\org\springframework\boot\spring-boot-starter-json\3.1.2\spring-boot-starter-json-3.1.2.jar;C:\Users\KerbunHP\.m2\repository\com\fasterxml\jackson\core\jackson-databind\2.15.2\jackson-databind-2.15.2.jar;C:\Users\KerbunHP\.m2\repository\com\fasterxml\jackson\core\jackson-annotations\2.15.2\jackson-annotations-2.15.2.jar;C:\Users\KerbunHP\.m2\repository\com\fasterxml\jackson\core\jackson-core\2.15.2\jackson-core-2.15.2.jar;C:\Users\KerbunHP\.m2\repository\com\fasterxml\jackson\datatype\jackson-datatype-jdk8\2.15.2\jackson-datatype-jdk8-2.15.2.jar;C:\Users\KerbunHP\.m2\repository\com\fasterxml\jackson\datatype\jackson-datatype-jsr310\2.15.2\jackson-datatype-jsr310-2.15.2.jar;C:\Users\KerbunHP\.m2\repository\com\fasterxml\jackson\module\jackson-module-parameter-names\2.15.2\jackson-module-parameter-names-2.15.2.jar;C:\Users\KerbunHP\.m2\repository\org\springframework\boot\spring-boot-starter-tomcat\3.1.2\spring-boot-starter-tomcat-3.1.2.jar;C:\Users\KerbunHP\.m2\repository\org\apache\tomcat\embed\tomcat-embed-core\10.1.11\tomcat-embed-core-10.1.11.jar;C:\Users\KerbunHP\.m2\repository\org\apache\tomcat\embed\tomcat-embed-el\10.1.11\tomcat-embed-el-10.1.11.jar;C:\Users\KerbunHP\.m2\repository\org\apache\tomcat\embed\tomcat-embed-websocket\10.1.11\tomcat-embed-websocket-10.1.11.jar;C:\Users\KerbunHP\.m2\repository\org\springframework\spring-web\6.0.11\spring-web-6.0.11.jar;C:\Users\KerbunHP\.m2\repository\io\micrometer\micrometer-observation\1.11.2\micrometer-observation-1.11.2.jar;C:\Users\KerbunHP\.m2\repository\io\micrometer\micrometer-commons\1.11.2\micrometer-commons-1.11.2.jar;C:\Users\KerbunHP\.m2\repository\org\springframework\spring-webmvc\6.0.11\spring-webmvc-6.0.11.jar;C:\Users\KerbunHP\.m2\repository\org\springframework\spring-expression\6.0.11\spring-expression-6.0.11.jar;C:\Users\KerbunHP\.m2\repository\org\springframework\boot\spring-boot-devtools\3.1.2\spring-boot-devtools-3.1.2.jar;C:\Users\KerbunHP\.m2\repository\org\springframework\boot\spring-boot\3.1.2\spring-boot-3.1.2.jar;C:\Users\KerbunHP\.m2\repository\org\springframework\boot\spring-boot-autoconfigure\3.1.2\spring-boot-autoconfigure-3.1.2.jar;C:\Users\KerbunHP\.m2\repository\com\microsoft\sqlserver\mssql-jdbc\11.2.3.jre17\mssql-jdbc-11.2.3.jre17.jar;C:\Users\KerbunHP\.m2\repository\jakarta\xml\bind\jakarta.xml.bind-api\4.0.0\jakarta.xml.bind-api-4.0.0.jar;C:\Users\KerbunHP\.m2\repository\jakarta\activation\jakarta.activation-api\2.1.2\jakarta.activation-api-2.1.2.jar;C:\Users\KerbunHP\.m2\repository\org\springframework\spring-core\6.0.11\spring-core-6.0.11.jar;C:\Users\KerbunHP\.m2\repository\org\springframework\spring-jcl\6.0.11\spring-jcl-6.0.11.jar
Launcher Type: SUN_STANDARD

[Global flags]
     intx CICompilerCount                          = 4                                         {product} {ergonomic}
     uint ConcGCThreads                            = 2                                         {product} {ergonomic}
     uint G1ConcRefinementThreads                  = 8                                         {product} {ergonomic}
   size_t G1HeapRegionSize                         = 2097152                                   {product} {ergonomic}
    uintx GCDrainStackTargetSize                   = 64                                        {product} {ergonomic}
   size_t InitialHeapSize                          = 268435456                                 {product} {ergonomic}
   size_t MarkStackSize                            = 4194304                                   {product} {ergonomic}
   size_t MaxHeapSize                              = 4280287232                                {product} {ergonomic}
   size_t MaxNewSize                               = 2566914048                                {product} {ergonomic}
   size_t MinHeapDeltaBytes                        = 2097152                                   {product} {ergonomic}
   size_t MinHeapSize                              = 8388608                                   {product} {ergonomic}
    uintx NonNMethodCodeHeapSize                   = 5839372                                {pd product} {ergonomic}
    uintx NonProfiledCodeHeapSize                  = 122909434                              {pd product} {ergonomic}
    uintx ProfiledCodeHeapSize                     = 122909434                              {pd product} {ergonomic}
    uintx ReservedCodeCacheSize                    = 251658240                              {pd product} {ergonomic}
     bool SegmentedCodeCache                       = true                                      {product} {ergonomic}
     bool ShowCodeDetailsInExceptionMessages       = true                                   {manageable} {command line}
   size_t SoftMaxHeapSize                          = 4280287232                             {manageable} {ergonomic}
     bool UseCompressedClassPointers               = true                           {product lp64_product} {ergonomic}
     bool UseCompressedOops                        = true                           {product lp64_product} {ergonomic}
     bool UseG1GC                                  = true                                      {product} {ergonomic}
     bool UseLargePagesIndividualAllocation        = false                                  {pd product} {ergonomic}

Logging:
Log output configuration:
 #0: stdout all=warning uptime,level,tags foldmultilines=false
 #1: stderr all=off uptime,level,tags foldmultilines=false

Environment Variables:
JAVA_HOME=c:\Users\KerbunHP\AppData\Roaming\Code\User\globalStorage\pleiades.java-extension-pack-jdk\java\17
PATH=c:\Users\KerbunHP\AppData\Roaming\Code\User\globalStorage\pleiades.java-extension-pack-jdk\java\17\bin;c:\Users\KerbunHP\AppData\Roaming\Code\User\globalStorage\pleiades.java-extension-pack-jdk\maven\latest\bin;c:\Users\KerbunHP\AppData\Roaming\Code\User\globalStorage\pleiades.java-extension-pack-jdk\gradle\latest\bin;C:\Program Files\Common Files\Oracle\Java\javapath;C:\Python311\Scripts\;C:\Python311\;C:\ProgramData\Oracle\Java\javapath;C:\Intel\OpenCL\sdk\bin\x64;C:\Intel\OpenCL\sdk\bin\x86;C:\Intel\OpenCL\sdk\bin\Pin;C:\Intel\OpenCL\sdk\bin\GTPin;C:\Program Files (x86)\Intel\iCLS Client\;C:\Program Files\Intel\iCLS Client\;C:\Windows\system32;C:\Windows;C:\Windows\System32\Wbem;C:\Windows\System32\WindowsPowerShell\v1.0\;C:\Program Files\Intel\Intel(R) Management Engine Components\DAL;C:\Program Files\Intel\Intel(R) Management Engine Components\IPT;C:\Program Files (x86)\Intel\Intel(R) Management Engine Components\DAL;C:\Program Files (x86)\Intel\Intel(R) Management Engine Components\IPT;C:\Program Files\OpenVPN\bin;C:\WINDOWS\system32;C:\WINDOWS;C:\WINDOWS\System32\Wbem;C:\WINDOWS\System32\WindowsPowerShell\v1.0\;C:\Program Files (x86)\GtkSharp\2.12\bin;C:\Program Files (x86)\Bitvise SSH Client;C:\WINDOWS\system32;C:\WINDOWS;C:\WINDOWS\System32\Wbem;C:\WINDOWS\System32\WindowsPowerShell\v1.0\;C:\WINDOWS\System32\OpenSSH\;C:\Program Files\Microsoft SQL Server\130\Tools\Binn\;C:\Program Files\dotnet\;C:\Program Files\Git\cmd;C:\Program Files\PuTTY\;C:\Program Files\Docker\Docker\resources\bin;C:\Program Files\nodejs\;C:\ProgramData\chocolatey\bin;C:\Program Files\TortoiseGit\bin;C:\Program Files (x86)\Microsoft SQL Server\160\Tools\Binn\;C:\Program Files\Microsoft SQL Server\160\Tools\Binn\;C:\Program Files\Microsoft SQL Server\Client SDK\ODBC\170\Tools\Binn\;C:\Program Files\Microsoft SQL Server\160\DTS\Binn\;C:\Program Files (x86)\Microsoft SQL Server\160\DTS\Binn\;C:\Program Files\Azure Data Studio\bin;C:\Program Files\Java\jdk-17\\bin;C:\Program Files\MySQL\MySQL Shell 8.0\bin\;C:\Users\KerbunHP\AppData\Local\Microsoft\WindowsApps;C:\Users\KerbunHP\AppData\Local\Programs\Microsoft VS Code\bin;C:\Users\KerbunHP\AppData\Local\GitHubDesktop\bin;C:\Users\KerbunHP\AppData\Roaming\npm;C:\Program Files (x86)\Brackets\;C:\Program Files\Azure Data Studio\bin
USERNAME=Fabiana
LANG=en_US.UTF-8
OS=Windows_NT
PROCESSOR_IDENTIFIER=Intel64 Family 6 Model 60 Stepping 3, GenuineIntel
TMP=C:\Users\KerbunHP\AppData\Local\Temp
TEMP=C:\Users\KerbunHP\AppData\Local\Temp




---------------  S Y S T E M  ---------------

OS:
 Windows 10 , 64 bit Build 19041 (10.0.19041.3155)
OS uptime: 0 days 17:16 hours
Hyper-V role detected

CPU: total 8 (initial active 8) (4 cores per cpu, 2 threads per core) family 6 model 60 stepping 3 microcode 0x27, cx8, cmov, fxsr, ht, mmx, sse, sse2, sse3, ssse3, sse4.1, sse4.2, popcnt, lzcnt, tsc, tscinvbit, avx, avx2, aes, erms, clmul, bmi1, bmi2, fma, vzeroupper, clflush, hv, rdtscp, f16c

Memory: 4k page, system-wide physical 16320M (3245M free)
TotalPageFile size 16320M (AvailPageFile size 8M)
current process WorkingSet (physical memory assigned to process): 120M, peak: 121M
current process commit charge ("private bytes"): 384M, peak: 385M

vm_info: Java HotSpot(TM) 64-Bit Server VM (20.0.2+9-78) for windows-amd64 JRE (20.0.2+9-78), built on 2023-06-14T10:08:48Z by "mach5one" with MS VC++ 17.1 (VS2022)

END.
