#
# A fatal error has been detected by the Java Runtime Environment:
#
#  EXCEPTION_ACCESS_VIOLATION (0xc0000005) at pc=0x00007ff82ef15033, pid=20164, tid=20340
#
# JRE version: OpenJDK Runtime Environment Temurin-17.0.8+7 (17.0.8+7) (build 17.0.8+7)
# Java VM: OpenJDK 64-Bit Server VM Temurin-17.0.8+7 (17.0.8+7, mixed mode, sharing, tiered, compressed oops, compressed class ptrs, parallel gc, windows-amd64)
# Problematic frame:
# V  [jvm.dll+0x595033]
#
# No core dump will be written. Minidumps are not enabled by default on client versions of Windows
#
# If you would like to submit a bug report, please visit:
#   https://github.com/adoptium/adoptium-support/issues
#

---------------  S U M M A R Y ------------

Command Line: --add-modules=ALL-SYSTEM --add-opens=java.base/java.util=ALL-UNNAMED --add-opens=java.base/java.lang=ALL-UNNAMED --add-opens=java.base/sun.nio.fs=ALL-UNNAMED -Declipse.application=org.eclipse.jdt.ls.core.id1 -Dosgi.bundles.defaultStartLevel=4 -Declipse.product=org.eclipse.jdt.ls.core.product -Djava.import.generatesMetadataFilesAtProjectRoot=false -Dfile.encoding=utf8 -XX:+UseParallelGC -XX:GCTimeRatio=4 -XX:AdaptiveSizePolicyWeight=90 -Dsun.zip.disableMemoryMapping=true -Xmx1G -Xms100m -Xlog:disable -javaagent:c:\Users\KerbunHP\.vscode\extensions\redhat.java-1.21.0-win32-x64\lombok\lombok-1.18.28.jar -XX:+HeapDumpOnOutOfMemoryError -XX:HeapDumpPath=c:\Users\KerbunHP\AppData\Roaming\Code\User\workspaceStorage\24abc8dcafbf43f7285f09f588ba6f58\redhat.java -Daether.dependencyCollector.impl=bf c:\Users\KerbunHP\.vscode\extensions\redhat.java-1.21.0-win32-x64\server\plugins\org.eclipse.equinox.launcher_1.6.500.v20230717-2134.jar -configuration c:\Users\KerbunHP\AppData\Roaming\Code\User\globalStorage\redhat.java\1.21.0\config_win -data c:\Users\KerbunHP\AppData\Roaming\Code\User\workspaceStorage\24abc8dcafbf43f7285f09f588ba6f58\redhat.java\jdt_ws

Host: Intel(R) Core(TM) i7-4700MQ CPU @ 2.40GHz, 8 cores, 15G,  Windows 10 , 64 bit Build 19041 (10.0.19041.3155)
Time: Sat Aug 19 17:41:35 2023 Hora est嫕dar de Argentina elapsed time: 77239.531993 seconds (0d 21h 27m 19s)

---------------  T H R E A D  ---------------

Current thread (0x0000022fb4bea290):  JavaThread "C2 CompilerThread0" daemon [_thread_in_native, id=20340, stack(0x0000003f12d00000,0x0000003f12e00000)]


Current CompileTask:
C2:77239532 24348       4       org.codehaus.plexus.util.xml.Xpp3Dom::mergeIntoXpp3Dom (518 bytes)

Stack: [0x0000003f12d00000,0x0000003f12e00000],  sp=0x0000003f12dfa740,  free space=1001k
Native frames: (J=compiled Java code, j=interpreted, Vv=VM code, C=native code)
V  [jvm.dll+0x595033]
V  [jvm.dll+0x581c1a]
V  [jvm.dll+0x222602]
V  [jvm.dll+0x21b5e9]
V  [jvm.dll+0x218f0b]
V  [jvm.dll+0x1a534d]
V  [jvm.dll+0x228d8a]
V  [jvm.dll+0x226dcc]
V  [jvm.dll+0x7ec09b]
V  [jvm.dll+0x7e64ca]
V  [jvm.dll+0x677955]
C  [ucrtbase.dll+0x21bb2]
C  [KERNEL32.DLL+0x17614]
C  [ntdll.dll+0x526b1]


siginfo: EXCEPTION_ACCESS_VIOLATION (0xc0000005), reading address 0xffffffffffffffff


Register to memory mapping:

RIP=0x00007ff82ef15033 jvm.dll
RAX=0x0000022fffafd3c8 points into unknown readable memory: 0x00007ff82f298d18 | 18 8d 29 2f f8 7f 00 00
RBX=0x0000003f12dfa800 is pointing into the stack for thread: 0x0000022fb4bea290
RCX=0x8000022fffafd620 is an unknown value
RDX=0x0 is NULL
RSP=0x0000003f12dfa740 is pointing into the stack for thread: 0x0000022fb4bea290
RBP=0x0000022fffafd3c8 points into unknown readable memory: 0x00007ff82f298d18 | 18 8d 29 2f f8 7f 00 00
RSI=0x0000000000000001 is an unknown value
RDI=0x0000022fffafd3c8 points into unknown readable memory: 0x00007ff82f298d18 | 18 8d 29 2f f8 7f 00 00
R8 =0x0000000000000008 is an unknown value
R9 =0x0000000010000000 is an unknown value
R10=0x0000022fff442be8 points into unknown readable memory: 0x0000000000000000 | 00 00 00 00 00 00 00 00
R11=0x0000003f12dfa6c8 is pointing into the stack for thread: 0x0000022fb4bea290
R12=0x000000000000001c is an unknown value
R13=0x0000003f12dfab10 is pointing into the stack for thread: 0x0000022fb4bea290
R14=0x0000000000000001 is an unknown value
R15=0x0000022fffafd3c8 points into unknown readable memory: 0x00007ff82f298d18 | 18 8d 29 2f f8 7f 00 00


Registers:
RAX=0x0000022fffafd3c8, RBX=0x0000003f12dfa800, RCX=0x8000022fffafd620, RDX=0x0000000000000000
RSP=0x0000003f12dfa740, RBP=0x0000022fffafd3c8, RSI=0x0000000000000001, RDI=0x0000022fffafd3c8
R8 =0x0000000000000008, R9 =0x0000000010000000, R10=0x0000022fff442be8, R11=0x0000003f12dfa6c8
R12=0x000000000000001c, R13=0x0000003f12dfab10, R14=0x0000000000000001, R15=0x0000022fffafd3c8
RIP=0x00007ff82ef15033, EFLAGS=0x0000000000010203

Top of Stack: (sp=0x0000003f12dfa740)
0x0000003f12dfa740:   0000003f12dfa800 000000000000006d
0x0000003f12dfa750:   0000000000000001 0000022fffafd358
0x0000003f12dfa760:   0000000000000000 0000000000088200
0x0000003f12dfa770:   0000022fffbd0240 0000022fffbd0240
0x0000003f12dfa780:   0000003f12dfa890 00007ff82ef01c1a
0x0000003f12dfa790:   0000022f99faeb00 0000003f12dfa7e0
0x0000003f12dfa7a0:   0000000000000000 0000003f12dfab10
0x0000003f12dfa7b0:   0000003f12dfa800 0000003f12dfa7c0
0x0000003f12dfa7c0:   0000022fb4be6660 0000000000001000
0x0000003f12dfa7d0:   0000022fff813f60 0000022f00000000
0x0000003f12dfa7e0:   0000000000000200 0000022f81128760
0x0000003f12dfa7f0:   0000022f00000200 0000022fb4be6660
0x0000003f12dfa800:   0000022f805a8c90 0000022f805b81d0
0x0000003f12dfa810:   0000022f805a7cf0 0000022fb4be6660
0x0000003f12dfa820:   0000022fb4be6660 0000003f00000004
0x0000003f12dfa830:   0000022ffd89dd10 00007ff800000000 

Instructions: (pc=0x00007ff82ef15033)
0x00007ff82ef14f33:   8b ce 48 8b 58 10 e8 52 a2 fd ff 48 3b c3 75 57
0x00007ff82ef14f43:   8b 5f 28 48 89 6c 24 38 3b 5e 28 72 0b 8b d3 48
0x00007ff82ef14f53:   8d 4e 20 e8 05 11 0c 00 48 8b 46 30 49 8d 56 01
0x00007ff82ef14f63:   48 8b 6c 24 38 48 89 14 d8 33 db 39 5f 20 76 27
0x00007ff82ef14f73:   0f 1f 40 00 66 0f 1f 84 00 00 00 00 00 48 8b 57
0x00007ff82ef14f83:   10 4d 8b c6 48 8b ce 48 8b 14 da e8 6d ff ff ff
0x00007ff82ef14f93:   ff c3 3b 5f 20 72 e6 48 8b 5c 24 30 48 8b 74 24
0x00007ff82ef14fa3:   40 48 8b 7c 24 48 48 83 c4 20 41 5e c3 48 89 5c
0x00007ff82ef14fb3:   24 20 48 89 54 24 10 55 56 57 41 55 41 56 48 83
0x00007ff82ef14fc3:   ec 20 48 8b 41 10 49 8b d8 48 8b fa 4c 8b e9 4c
0x00007ff82ef14fd3:   8b b0 d0 02 00 00 41 8b 6e 28 8b f5 c1 ee 05 3b
0x00007ff82ef14fe3:   32 72 0a 8b d6 48 8b cf e8 80 a8 28 00 48 8b 47
0x00007ff82ef14ff3:   08 83 e5 1f 49 8b d6 49 8b cd 4c 8d 04 b0 8b 04
0x00007ff82ef15003:   b0 0f ab e8 41 89 00 e8 71 09 00 00 4c 89 64 24
0x00007ff82ef15013:   50 48 8b f8 4c 89 7c 24 60 44 8b 70 20 33 f6 41
0x00007ff82ef15023:   3b f6 0f 83 96 00 00 00 48 8b 4f 10 8b d6 ff c6
0x00007ff82ef15033:   4c 8b 3c d1 41 83 7f 20 00 74 e4 45 8b 67 28 41
0x00007ff82ef15043:   8b ec 48 8b 44 24 58 c1 ed 05 3b 28 72 0f 8b d5
0x00007ff82ef15053:   48 8b c8 e8 15 a8 28 00 48 8b 44 24 58 48 8b 40
0x00007ff82ef15063:   08 41 83 e4 1f 4c 8d 04 a8 41 0f b6 cc 41 b9 01
0x00007ff82ef15073:   00 00 00 41 d3 e1 41 8b 08 8b c1 41 0b c1 41 89
0x00007ff82ef15083:   00 41 85 c9 75 99 49 8b d7 49 8b cd e8 ec 08 00
0x00007ff82ef15093:   00 48 83 03 10 48 8b e8 48 8b 0b 48 3b 4b 08 72
0x00007ff82ef150a3:   0b 48 8b cb e8 44 10 0c 00 48 8b 0b 48 89 39 48
0x00007ff82ef150b3:   8b fd 89 71 08 44 8b 75 20 e9 5f ff ff ff 45 85
0x00007ff82ef150c3:   f6 74 15 8b 47 30 c1 e8 04 a8 01 75 0b 48 8b d7
0x00007ff82ef150d3:   49 8b cd e8 75 00 00 00 49 8b 45 10 44 8b 80 40
0x00007ff82ef150e3:   02 00 00 8b 48 68 44 2b 80 68 02 00 00 03 c9 b8
0x00007ff82ef150f3:   cd cc cc cc f7 e1 c1 ea 02 44 3b c2 76 0b 48 8b
0x00007ff82ef15103:   43 10 48 83 e8 10 48 89 03 48 8b 03 48 3b 43 10
0x00007ff82ef15113:   72 16 48 8b 38 8b 70 08 48 83 c0 f0 44 8b 77 20
0x00007ff82ef15123:   48 89 03 e9 f7 fe ff ff 4c 8b 7c 24 60 4c 8b 64 


Stack slot to memory mapping:
stack at sp + 0 slots: 0x0000003f12dfa800 is pointing into the stack for thread: 0x0000022fb4bea290
stack at sp + 1 slots: 0x000000000000006d is an unknown value
stack at sp + 2 slots: 0x0000000000000001 is an unknown value
stack at sp + 3 slots: 0x0000022fffafd358 points into unknown readable memory: 0x00007ff82f298b70 | 70 8b 29 2f f8 7f 00 00
stack at sp + 4 slots: 0x0 is NULL
stack at sp + 5 slots: 0x0000000000088200 is an unknown value
stack at sp + 6 slots: 0x0000022fffbd0240 points into unknown readable memory: 0x0000000000000000 | 00 00 00 00 00 00 00 00
stack at sp + 7 slots: 0x0000022fffbd0240 points into unknown readable memory: 0x0000000000000000 | 00 00 00 00 00 00 00 00


---------------  P R O C E S S  ---------------

Threads class SMR info:
_java_thread_list=0x0000022fff7c7a00, length=46, elements={
0x0000022f99f89a90, 0x0000022f9a056920, 0x0000022f9a057f90, 0x0000022fb4be5940,
0x0000022fb4be7220, 0x0000022fb4be7db0, 0x0000022fb4be9690, 0x0000022fb4bea290,
0x0000022ff7af7360, 0x0000022ff7afc040, 0x0000022ff7b63f10, 0x0000022ff7d6ce60,
0x0000022ffc7b87c0, 0x0000022ffc7b8cd0, 0x0000022ffc7b91e0, 0x0000022ffc7b6960,
0x0000022ffc7b6e70, 0x0000022ffc7b7380, 0x0000022ffdb0c670, 0x0000022ffdb0e4d0,
0x0000022ffdb0f910, 0x0000022ffdb0fe20, 0x0000022ffdb0e9e0, 0x0000022ffdb135d0,
0x0000022ffdb0c160, 0x0000022ffc7b96f0, 0x0000022ffc7b6450, 0x0000022ffdb1fb00,
0x0000022ffdb0dab0, 0x0000022ffdb246f0, 0x0000022ffdb1f5f0, 0x0000022ffdb237c0,
0x0000022ffdb1f0e0, 0x0000022ffdb22380, 0x0000022ffdb25b30, 0x0000022ffdb24c00,
0x0000022ffdb1ebd0, 0x0000022ffdb25620, 0x0000022ffdb20520, 0x0000022ffdb20a30,
0x0000022ffdb13ae0, 0x0000022ffdb0d090, 0x0000022ffdb0f400, 0x0000022ffc7b7da0,
0x0000022ffc7b82b0, 0x0000022ffdb12190
}

Java Threads: ( => current thread )
  0x0000022f99f89a90 JavaThread "main" [_thread_blocked, id=18836, stack(0x0000003f12400000,0x0000003f12500000)]
  0x0000022f9a056920 JavaThread "Reference Handler" daemon [_thread_blocked, id=20172, stack(0x0000003f12700000,0x0000003f12800000)]
  0x0000022f9a057f90 JavaThread "Finalizer" daemon [_thread_blocked, id=18704, stack(0x0000003f12800000,0x0000003f12900000)]
  0x0000022fb4be5940 JavaThread "Signal Dispatcher" daemon [_thread_blocked, id=16820, stack(0x0000003f12900000,0x0000003f12a00000)]
  0x0000022fb4be7220 JavaThread "Attach Listener" daemon [_thread_blocked, id=17140, stack(0x0000003f12a00000,0x0000003f12b00000)]
  0x0000022fb4be7db0 JavaThread "Service Thread" daemon [_thread_blocked, id=19524, stack(0x0000003f12b00000,0x0000003f12c00000)]
  0x0000022fb4be9690 JavaThread "Monitor Deflation Thread" daemon [_thread_blocked, id=5400, stack(0x0000003f12c00000,0x0000003f12d00000)]
=>0x0000022fb4bea290 JavaThread "C2 CompilerThread0" daemon [_thread_in_native, id=20340, stack(0x0000003f12d00000,0x0000003f12e00000)]
  0x0000022ff7af7360 JavaThread "C1 CompilerThread0" daemon [_thread_blocked, id=19316, stack(0x0000003f12e00000,0x0000003f12f00000)]
  0x0000022ff7afc040 JavaThread "Sweeper thread" daemon [_thread_blocked, id=20212, stack(0x0000003f12f00000,0x0000003f13000000)]
  0x0000022ff7b63f10 JavaThread "Common-Cleaner" daemon [_thread_blocked, id=19388, stack(0x0000003f13000000,0x0000003f13100000)]
  0x0000022ff7d6ce60 JavaThread "Notification Thread" daemon [_thread_blocked, id=8812, stack(0x0000003f13100000,0x0000003f13200000)]
  0x0000022ffc7b87c0 JavaThread "Active Thread: Equinox Container: 678d971e-a320-4701-85ae-56ca56d7dcdb" [_thread_blocked, id=17888, stack(0x0000003f13900000,0x0000003f13a00000)]
  0x0000022ffc7b8cd0 JavaThread "Framework Event Dispatcher: Equinox Container: 678d971e-a320-4701-85ae-56ca56d7dcdb" daemon [_thread_blocked, id=18492, stack(0x0000003f13a00000,0x0000003f13b00000)]
  0x0000022ffc7b91e0 JavaThread "Start Level: Equinox Container: 678d971e-a320-4701-85ae-56ca56d7dcdb" daemon [_thread_blocked, id=16708, stack(0x0000003f13b00000,0x0000003f13c00000)]
  0x0000022ffc7b6960 JavaThread "SCR Component Actor" daemon [_thread_blocked, id=2044, stack(0x0000003f13c00000,0x0000003f13d00000)]
  0x0000022ffc7b6e70 JavaThread "Worker-JM" [_thread_blocked, id=20692, stack(0x0000003f13f00000,0x0000003f14000000)]
  0x0000022ffc7b7380 JavaThread "Java indexing" daemon [_thread_blocked, id=17996, stack(0x0000003f14400000,0x0000003f14500000)]
  0x0000022ffdb0c670 JavaThread "JNA Cleaner" daemon [_thread_blocked, id=12260, stack(0x0000003f14300000,0x0000003f14400000)]
  0x0000022ffdb0e4d0 JavaThread "pool-2-thread-1" [_thread_blocked, id=19956, stack(0x0000003f14800000,0x0000003f14900000)]
  0x0000022ffdb0f910 JavaThread "WorkspaceEventsHandler" [_thread_blocked, id=20604, stack(0x0000003f13e00000,0x0000003f13f00000)]
  0x0000022ffdb0fe20 JavaThread "pool-1-thread-1" [_thread_in_native, id=892, stack(0x0000003f14900000,0x0000003f14a00000)]
  0x0000022ffdb0e9e0 JavaThread "Bundle File Closer" daemon [_thread_blocked, id=21036, stack(0x0000003f14b00000,0x0000003f14c00000)]
  0x0000022ffdb135d0 JavaThread "Java Debug Server" daemon [_thread_in_native, id=1908, stack(0x0000003f14e00000,0x0000003f14f00000)]
  0x0000022ffdb0c160 JavaThread "pool-4-thread-1" [_thread_in_native, id=12912, stack(0x0000003f14f00000,0x0000003f15000000)]
  0x0000022ffc7b96f0 JavaThread "RxSchedulerPurge-1" daemon [_thread_blocked, id=21384, stack(0x0000003f14700000,0x0000003f14800000)]
  0x0000022ffc7b6450 JavaThread "RxCachedWorkerPoolEvictor-1" daemon [_thread_blocked, id=4176, stack(0x0000003f15000000,0x0000003f15100000)]
  0x0000022ffdb1fb00 JavaThread "process reaper (pid 11860)" daemon [_thread_in_native, id=19704, stack(0x0000003f11f90000,0x0000003f11fb0000)]
  0x0000022ffdb0dab0 JavaThread "Worker-8" [_thread_blocked, id=13192, stack(0x0000003f15100000,0x0000003f15200000)]
  0x0000022ffdb246f0 JavaThread "Worker-9" [_thread_blocked, id=2780, stack(0x0000003f15500000,0x0000003f15600000)]
  0x0000022ffdb1f5f0 JavaThread "RxNewThreadScheduler-9" daemon [_thread_blocked, id=21308, stack(0x0000003f14d00000,0x0000003f14e00000)]
  0x0000022ffdb237c0 JavaThread "ForkJoinPool.commonPool-worker-43" daemon [_thread_blocked, id=7764, stack(0x0000003f12300000,0x0000003f12400000)]
  0x0000022ffdb1f0e0 JavaThread "ForkJoinPool.commonPool-worker-45" daemon [_thread_blocked, id=21040, stack(0x0000003f14100000,0x0000003f14200000)]
  0x0000022ffdb22380 JavaThread "ForkJoinPool.commonPool-worker-46" daemon [_thread_blocked, id=22328, stack(0x0000003f14500000,0x0000003f14600000)]
  0x0000022ffdb25b30 JavaThread "ForkJoinPool.commonPool-worker-48" daemon [_thread_blocked, id=18588, stack(0x0000003f14000000,0x0000003f14100000)]
  0x0000022ffdb24c00 JavaThread "Worker-11: Shutdown..." [_thread_in_native, id=11440, stack(0x0000003f14600000,0x0000003f14700000)]
  0x0000022ffdb1ebd0 JavaThread "ForkJoinPool.commonPool-worker-49" daemon [_thread_blocked, id=21804, stack(0x0000003f14a00000,0x0000003f14b00000)]
  0x0000022ffdb25620 JavaThread "Worker-12" [_thread_blocked, id=17276, stack(0x0000003f14c00000,0x0000003f14d00000)]
  0x0000022ffdb20520 JavaThread "ForkJoinPool.commonPool-worker-50" daemon [_thread_blocked, id=18600, stack(0x0000003f15200000,0x0000003f15300000)]
  0x0000022ffdb20a30 JavaThread "ForkJoinPool.commonPool-worker-51" daemon [_thread_blocked, id=11084, stack(0x0000003f15300000,0x0000003f15400000)]
  0x0000022ffdb13ae0 JavaThread "Worker-13" [_thread_blocked, id=23236, stack(0x0000003f15400000,0x0000003f15500000)]
  0x0000022ffdb0d090 JavaThread "ForkJoinPool.commonPool-worker-52" daemon [_thread_blocked, id=15844, stack(0x0000003f15700000,0x0000003f15800000)]
  0x0000022ffdb0f400 JavaThread "ForkJoinPool.commonPool-worker-53" daemon [_thread_blocked, id=17236, stack(0x0000003f15800000,0x0000003f15900000)]
  0x0000022ffc7b7da0 JavaThread "ForkJoinPool.commonPool-worker-54" daemon [_thread_blocked, id=23704, stack(0x0000003f15900000,0x0000003f15a00000)]
  0x0000022ffc7b82b0 JavaThread "Worker-14" [_thread_blocked, id=5476, stack(0x0000003f15600000,0x0000003f15700000)]
  0x0000022ffdb12190 JavaThread "ForkJoinPool.commonPool-worker-55" daemon [_thread_blocked, id=8692, stack(0x0000003f15a00000,0x0000003f15b00000)]

Other Threads:
  0x0000022f9a052000 VMThread "VM Thread" [stack: 0x0000003f12600000,0x0000003f12700000] [id=19048]
  0x0000022ff7c897d0 WatcherThread [stack: 0x0000003f13200000,0x0000003f13300000] [id=18620]
  0x0000022f99faebd0 GCTaskThread "GC Thread#0" [stack: 0x0000003f12500000,0x0000003f12600000] [id=18528]
  0x0000022ffc2ff460 GCTaskThread "GC Thread#1" [stack: 0x0000003f13300000,0x0000003f13400000] [id=18884]
  0x0000022ffc792790 GCTaskThread "GC Thread#2" [stack: 0x0000003f13400000,0x0000003f13500000] [id=20140]
  0x0000022ffc792a50 GCTaskThread "GC Thread#3" [stack: 0x0000003f13500000,0x0000003f13600000] [id=15912]
  0x0000022ffc792d10 GCTaskThread "GC Thread#4" [stack: 0x0000003f13600000,0x0000003f13700000] [id=20472]
  0x0000022ffc792fd0 GCTaskThread "GC Thread#5" [stack: 0x0000003f13700000,0x0000003f13800000] [id=18932]
  0x0000022ffc793290 GCTaskThread "GC Thread#6" [stack: 0x0000003f13800000,0x0000003f13900000] [id=18848]
  0x0000022ffc36cf20 GCTaskThread "GC Thread#7" [stack: 0x0000003f13d00000,0x0000003f13e00000] [id=14200]

Threads with active compile tasks:
C2 CompilerThread0  77239651 24348       4       org.codehaus.plexus.util.xml.Xpp3Dom::mergeIntoXpp3Dom (518 bytes)

VM state: not at safepoint (normal execution)

VM Mutex/Monitor currently owned by a thread: None

Heap address: 0x00000000c0000000, size: 1024 MB, Compressed Oops mode: 32-bit

CDS archive(s) mapped at: [0x0000022fb5000000-0x0000022fb5bd0000-0x0000022fb5bd0000), size 12386304, SharedBaseAddress: 0x0000022fb5000000, ArchiveRelocationMode: 1.
Compressed class space mapped at: 0x0000022fb6000000-0x0000022ff6000000, reserved size: 1073741824
Narrow klass base: 0x0000022fb5000000, Narrow klass shift: 0, Narrow klass range: 0x100000000

GC Precious Log:
 CPUs: 8 total, 8 available
 Memory: 16320M
 Large Page Support: Disabled
 NUMA Support: Disabled
 Compressed Oops: Enabled (32-bit)
 Alignments: Space 512K, Generation 512K, Heap 2M
 Heap Min Capacity: 100M
 Heap Initial Capacity: 100M
 Heap Max Capacity: 1G
 Pre-touch: Disabled
 Parallel Workers: 8

Heap:
 PSYoungGen      total 4096K, used 3389K [0x00000000eab00000, 0x00000000eb300000, 0x0000000100000000)
  eden space 2560K, 74% used [0x00000000eab00000,0x00000000eacdb748,0x00000000ead80000)
  from space 1536K, 96% used [0x00000000eb180000,0x00000000eb2f4000,0x00000000eb300000)
  to   space 2560K, 0% used [0x00000000eae00000,0x00000000eae00000,0x00000000eb080000)
 ParOldGen       total 239104K, used 196463K [0x00000000c0000000, 0x00000000ce980000, 0x00000000eab00000)
  object space 239104K, 82% used [0x00000000c0000000,0x00000000cbfdbd88,0x00000000ce980000)
 Metaspace       used 87048K, committed 88448K, reserved 1179648K
  class space    used 8645K, committed 9280K, reserved 1048576K

Card table byte_map: [0x0000022fb2450000,0x0000022fb2660000] _byte_map_base: 0x0000022fb1e50000

Marking Bits: (ParMarkBitMap*) 0x00007ff82f5083b0
 Begin Bits: [0x0000022fb27c0000, 0x0000022fb37c0000)
 End Bits:   [0x0000022fb37c0000, 0x0000022fb47c0000)

Polling page: 0x0000022f9a060000

Metaspace:

Usage:
  Non-class:     76.57 MB used.
      Class:      8.44 MB used.
       Both:     85.01 MB used.

Virtual space:
  Non-class space:      128.00 MB reserved,      77.31 MB ( 60%) committed,  2 nodes.
      Class space:        1.00 GB reserved,       9.06 MB ( <1%) committed,  1 nodes.
             Both:        1.12 GB reserved,      86.38 MB (  7%) committed. 

Chunk freelists:
   Non-Class:  2.73 MB
       Class:  6.86 MB
        Both:  9.60 MB

MaxMetaspaceSize: unlimited
CompressedClassSpaceSize: 1.00 GB
Initial GC threshold: 21.00 MB
Current GC threshold: 144.00 MB
CDS: on
MetaspaceReclaimPolicy: balanced
 - commit_granule_bytes: 65536.
 - commit_granule_words: 8192.
 - virtual_space_node_default_size: 8388608.
 - enlarge_chunks_in_place: 1.
 - new_chunks_are_fully_committed: 0.
 - uncommit_free_chunks: 1.
 - use_allocation_guard: 0.
 - handle_deallocations: 1.


Internal statistics:

num_allocs_failed_limit: 6.
num_arena_births: 1328.
num_arena_deaths: 524.
num_vsnodes_births: 3.
num_vsnodes_deaths: 0.
num_space_committed: 1383.
num_space_uncommitted: 1.
num_chunks_returned_to_freelist: 672.
num_chunks_taken_from_freelist: 5565.
num_chunk_merges: 252.
num_chunk_splits: 3261.
num_chunks_enlarged: 1781.
num_inconsistent_stats: 0.

CodeHeap 'non-profiled nmethods': size=120000Kb used=20308Kb max_used=20552Kb free=99691Kb
 bounds [0x0000022faad30000, 0x0000022fac150000, 0x0000022fb2260000]
CodeHeap 'profiled nmethods': size=120000Kb used=40665Kb max_used=40665Kb free=79334Kb
 bounds [0x0000022fa3260000, 0x0000022fa5a30000, 0x0000022faa790000]
CodeHeap 'non-nmethods': size=5760Kb used=1449Kb max_used=1538Kb free=4310Kb
 bounds [0x0000022faa790000, 0x0000022faaa00000, 0x0000022faad30000]
 total_blobs=19082 nmethods=18282 adapters=709
 compilation: enabled
              stopped_count=0, restarted_count=0
 full_count=0

Compilation events (20 events):
Event: 77239.176 Thread 0x0000022ff7af7360 24344       3       org.eclipse.aether.internal.impl.PrioritizedComponent::<init> (26 bytes)
Event: 77239.176 Thread 0x0000022ff7af7360 nmethod 24344 0x0000022fa5a1c410 code [0x0000022fa5a1c5a0, 0x0000022fa5a1c738]
Event: 77239.176 Thread 0x0000022ff7af7360 24345       3       org.eclipse.aether.repository.LocalRepository::<init> (24 bytes)
Event: 77239.176 Thread 0x0000022ff7af7360 nmethod 24345 0x0000022fa5a1c810 code [0x0000022fa5a1c9a0, 0x0000022fa5a1cb98]
Event: 77239.177 Thread 0x0000022ff7af7360 24337       3       org.apache.maven.DefaultMaven::newRepositorySession (9 bytes)
Event: 77239.177 Thread 0x0000022ff7af7360 nmethod 24337 0x0000022fa5a1cc90 code [0x0000022fa5a1ce40, 0x0000022fa5a1cfa8]
Event: 77239.181 Thread 0x0000022ff7af7360 24338       3       org.eclipse.aether.util.repository.SimpleResolutionErrorPolicy::<init> (15 bytes)
Event: 77239.181 Thread 0x0000022ff7af7360 nmethod 24338 0x0000022fa5a1d090 code [0x0000022fa5a1d220, 0x0000022fa5a1d398]
Event: 77239.183 Thread 0x0000022fb4bea290 nmethod 24346 0x0000022fab923390 code [0x0000022fab923520, 0x0000022fab923bd8]
Event: 77239.183 Thread 0x0000022fb4bea290 24347       4       java.util.Properties::enumerateStringProperties (97 bytes)
Event: 77239.226 Thread 0x0000022fb4bea290 nmethod 24347 0x0000022fab921790 code [0x0000022fab9219c0, 0x0000022fab922830]
Event: 77239.226 Thread 0x0000022fb4bea290 24348       4       org.codehaus.plexus.util.xml.Xpp3Dom::mergeIntoXpp3Dom (518 bytes)
Event: 77239.311 Thread 0x0000022ff7af7360 24349   !   3       jdk.internal.reflect.GeneratedConstructorAccessor50::newInstance (49 bytes)
Event: 77239.311 Thread 0x0000022ff7af7360 nmethod 24349 0x0000022fa5a1d490 code [0x0000022fa5a1d680, 0x0000022fa5a1db08]
Event: 77239.314 Thread 0x0000022ff7af7360 24350   !   3       org.eclipse.jdt.ls.core.internal.handlers.CodeActionHandler::getProblemId (56 bytes)
Event: 77239.314 Thread 0x0000022ff7af7360 nmethod 24350 0x0000022fa5a1dd90 code [0x0000022fa5a1df60, 0x0000022fa5a1e6a8]
Event: 77239.314 Thread 0x0000022ff7af7360 24351       3       org.eclipse.jdt.internal.ui.text.correction.ProblemLocationCore::<init> (38 bytes)
Event: 77239.314 Thread 0x0000022ff7af7360 nmethod 24351 0x0000022fa5a1e910 code [0x0000022fa5a1eaa0, 0x0000022fa5a1ec58]
Event: 77239.314 Thread 0x0000022ff7af7360 24352       3       org.eclipse.jdt.core.dom.rewrite.ListRewrite::getRewriteStore (8 bytes)
Event: 77239.314 Thread 0x0000022ff7af7360 nmethod 24352 0x0000022fa57d2a90 code [0x0000022fa57d2c20, 0x0000022fa57d2d58]

GC Heap History (20 events):
Event: 77239.199 GC heap before
{Heap before GC invocations=4758 (full 111):
 PSYoungGen      total 1536K, used 1003K [0x00000000eab00000, 0x00000000eb080000, 0x0000000100000000)
  eden space 512K, 89% used [0x00000000eab00000,0x00000000eab72e48,0x00000000eab80000)
  from space 1024K, 53% used [0x00000000eab80000,0x00000000eac08000,0x00000000eac80000)
  to   space 2048K, 0% used [0x00000000eae80000,0x00000000eae80000,0x00000000eb080000)
 ParOldGen       total 241664K, used 235350K [0x00000000c0000000, 0x00000000cec00000, 0x00000000eab00000)
  object space 241664K, 97% used [0x00000000c0000000,0x00000000ce5d5800,0x00000000cec00000)
 Metaspace       used 87045K, committed 88448K, reserved 1179648K
  class space    used 8645K, committed 9280K, reserved 1048576K
}
Event: 77239.200 GC heap after
{Heap after GC invocations=4758 (full 111):
 PSYoungGen      total 2048K, used 518K [0x00000000eab00000, 0x00000000eaf80000, 0x0000000100000000)
  eden space 1024K, 0% used [0x00000000eab00000,0x00000000eab00000,0x00000000eac00000)
  from space 1024K, 50% used [0x00000000eae80000,0x00000000eaf01800,0x00000000eaf80000)
  to   space 1024K, 0% used [0x00000000ead80000,0x00000000ead80000,0x00000000eae80000)
 ParOldGen       total 241664K, used 235806K [0x00000000c0000000, 0x00000000cec00000, 0x00000000eab00000)
  object space 241664K, 97% used [0x00000000c0000000,0x00000000ce647800,0x00000000cec00000)
 Metaspace       used 87045K, committed 88448K, reserved 1179648K
  class space    used 8645K, committed 9280K, reserved 1048576K
}
Event: 77239.205 GC heap before
{Heap before GC invocations=4759 (full 111):
 PSYoungGen      total 2048K, used 1354K [0x00000000eab00000, 0x00000000eaf80000, 0x0000000100000000)
  eden space 1024K, 81% used [0x00000000eab00000,0x00000000eabd1048,0x00000000eac00000)
  from space 1024K, 50% used [0x00000000eae80000,0x00000000eaf01800,0x00000000eaf80000)
  to   space 1024K, 0% used [0x00000000ead80000,0x00000000ead80000,0x00000000eae80000)
 ParOldGen       total 241664K, used 235806K [0x00000000c0000000, 0x00000000cec00000, 0x00000000eab00000)
  object space 241664K, 97% used [0x00000000c0000000,0x00000000ce647800,0x00000000cec00000)
 Metaspace       used 87045K, committed 88448K, reserved 1179648K
  class space    used 8645K, committed 9280K, reserved 1048576K
}
Event: 77239.207 GC heap after
{Heap after GC invocations=4759 (full 111):
 PSYoungGen      total 2560K, used 792K [0x00000000eab00000, 0x00000000eaf00000, 0x0000000100000000)
  eden space 1536K, 0% used [0x00000000eab00000,0x00000000eab00000,0x00000000eac80000)
  from space 1024K, 77% used [0x00000000ead80000,0x00000000eae46000,0x00000000eae80000)
  to   space 512K, 0% used [0x00000000eae80000,0x00000000eae80000,0x00000000eaf00000)
 ParOldGen       total 241664K, used 236126K [0x00000000c0000000, 0x00000000cec00000, 0x00000000eab00000)
  object space 241664K, 97% used [0x00000000c0000000,0x00000000ce697800,0x00000000cec00000)
 Metaspace       used 87045K, committed 88448K, reserved 1179648K
  class space    used 8645K, committed 9280K, reserved 1048576K
}
Event: 77239.220 GC heap before
{Heap before GC invocations=4760 (full 111):
 PSYoungGen      total 2560K, used 1930K [0x00000000eab00000, 0x00000000eaf00000, 0x0000000100000000)
  eden space 1536K, 74% used [0x00000000eab00000,0x00000000eac1ca18,0x00000000eac80000)
  from space 1024K, 77% used [0x00000000ead80000,0x00000000eae46000,0x00000000eae80000)
  to   space 512K, 0% used [0x00000000eae80000,0x00000000eae80000,0x00000000eaf00000)
 ParOldGen       total 241664K, used 236126K [0x00000000c0000000, 0x00000000cec00000, 0x00000000eab00000)
  object space 241664K, 97% used [0x00000000c0000000,0x00000000ce697800,0x00000000cec00000)
 Metaspace       used 87045K, committed 88448K, reserved 1179648K
  class space    used 8645K, committed 9280K, reserved 1048576K
}
Event: 77239.222 GC heap after
{Heap after GC invocations=4760 (full 111):
 PSYoungGen      total 2048K, used 504K [0x00000000eab00000, 0x00000000eb100000, 0x0000000100000000)
  eden space 1536K, 0% used [0x00000000eab00000,0x00000000eab00000,0x00000000eac80000)
  from space 512K, 98% used [0x00000000eae80000,0x00000000eaefe000,0x00000000eaf00000)
  to   space 2048K, 0% used [0x00000000eac80000,0x00000000eac80000,0x00000000eae80000)
 ParOldGen       total 241664K, used 237110K [0x00000000c0000000, 0x00000000cec00000, 0x00000000eab00000)
  object space 241664K, 98% used [0x00000000c0000000,0x00000000ce78d800,0x00000000cec00000)
 Metaspace       used 87045K, committed 88448K, reserved 1179648K
  class space    used 8645K, committed 9280K, reserved 1048576K
}
Event: 77239.253 GC heap before
{Heap before GC invocations=4761 (full 111):
 PSYoungGen      total 2048K, used 2039K [0x00000000eab00000, 0x00000000eb100000, 0x0000000100000000)
  eden space 1536K, 99% used [0x00000000eab00000,0x00000000eac7fff8,0x00000000eac80000)
  from space 512K, 98% used [0x00000000eae80000,0x00000000eaefe000,0x00000000eaf00000)
  to   space 2048K, 0% used [0x00000000eac80000,0x00000000eac80000,0x00000000eae80000)
 ParOldGen       total 241664K, used 237110K [0x00000000c0000000, 0x00000000cec00000, 0x00000000eab00000)
  object space 241664K, 98% used [0x00000000c0000000,0x00000000ce78d800,0x00000000cec00000)
 Metaspace       used 87045K, committed 88448K, reserved 1179648K
  class space    used 8645K, committed 9280K, reserved 1048576K
}
Event: 77239.255 GC heap after
{Heap after GC invocations=4761 (full 111):
 PSYoungGen      total 3584K, used 1536K [0x00000000eab00000, 0x00000000eb100000, 0x0000000100000000)
  eden space 1536K, 0% used [0x00000000eab00000,0x00000000eab00000,0x00000000eac80000)
  from space 2048K, 75% used [0x00000000eac80000,0x00000000eae00000,0x00000000eae80000)
  to   space 2048K, 0% used [0x00000000eaf00000,0x00000000eaf00000,0x00000000eb100000)
 ParOldGen       total 241664K, used 237358K [0x00000000c0000000, 0x00000000cec00000, 0x00000000eab00000)
  object space 241664K, 98% used [0x00000000c0000000,0x00000000ce7cb800,0x00000000cec00000)
 Metaspace       used 87045K, committed 88448K, reserved 1179648K
  class space    used 8645K, committed 9280K, reserved 1048576K
}
Event: 77239.316 GC heap before
{Heap before GC invocations=4762 (full 111):
 PSYoungGen      total 3584K, used 3071K [0x00000000eab00000, 0x00000000eb100000, 0x0000000100000000)
  eden space 1536K, 99% used [0x00000000eab00000,0x00000000eac7ffd0,0x00000000eac80000)
  from space 2048K, 75% used [0x00000000eac80000,0x00000000eae00000,0x00000000eae80000)
  to   space 2048K, 0% used [0x00000000eaf00000,0x00000000eaf00000,0x00000000eb100000)
 ParOldGen       total 241664K, used 237358K [0x00000000c0000000, 0x00000000cec00000, 0x00000000eab00000)
  object space 241664K, 98% used [0x00000000c0000000,0x00000000ce7cb800,0x00000000cec00000)
 Metaspace       used 87046K, committed 88448K, reserved 1179648K
  class space    used 8645K, committed 9280K, reserved 1048576K
}
Event: 77239.319 GC heap after
{Heap after GC invocations=4762 (full 111):
 PSYoungGen      total 3072K, used 800K [0x00000000eab00000, 0x00000000eb000000, 0x0000000100000000)
  eden space 2048K, 0% used [0x00000000eab00000,0x00000000eab00000,0x00000000ead00000)
  from space 1024K, 78% used [0x00000000eaf00000,0x00000000eafc8000,0x00000000eb000000)
  to   space 1536K, 0% used [0x00000000ead00000,0x00000000ead00000,0x00000000eae80000)
 ParOldGen       total 241664K, used 239878K [0x00000000c0000000, 0x00000000cec00000, 0x00000000eab00000)
  object space 241664K, 99% used [0x00000000c0000000,0x00000000cea41800,0x00000000cec00000)
 Metaspace       used 87046K, committed 88448K, reserved 1179648K
  class space    used 8645K, committed 9280K, reserved 1048576K
}
Event: 77239.319 GC heap before
{Heap before GC invocations=4763 (full 112):
 PSYoungGen      total 3072K, used 800K [0x00000000eab00000, 0x00000000eb000000, 0x0000000100000000)
  eden space 2048K, 0% used [0x00000000eab00000,0x00000000eab00000,0x00000000ead00000)
  from space 1024K, 78% used [0x00000000eaf00000,0x00000000eafc8000,0x00000000eb000000)
  to   space 1536K, 0% used [0x00000000ead00000,0x00000000ead00000,0x00000000eae80000)
 ParOldGen       total 241664K, used 239878K [0x00000000c0000000, 0x00000000cec00000, 0x00000000eab00000)
  object space 241664K, 99% used [0x00000000c0000000,0x00000000cea41800,0x00000000cec00000)
 Metaspace       used 87046K, committed 88448K, reserved 1179648K
  class space    used 8645K, committed 9280K, reserved 1048576K
}
Event: 77239.461 GC heap after
{Heap after GC invocations=4763 (full 112):
 PSYoungGen      total 3584K, used 0K [0x00000000eab00000, 0x00000000eb080000, 0x0000000100000000)
  eden space 2048K, 0% used [0x00000000eab00000,0x00000000eab00000,0x00000000ead00000)
  from space 1536K, 0% used [0x00000000ead00000,0x00000000ead00000,0x00000000eae80000)
  to   space 1536K, 0% used [0x00000000eaf00000,0x00000000eaf00000,0x00000000eb080000)
 ParOldGen       total 239104K, used 189535K [0x00000000c0000000, 0x00000000ce980000, 0x00000000eab00000)
  object space 239104K, 79% used [0x00000000c0000000,0x00000000cb917d28,0x00000000ce980000)
 Metaspace       used 87046K, committed 88448K, reserved 1179648K
  class space    used 8645K, committed 9280K, reserved 1048576K
}
Event: 77239.479 GC heap before
{Heap before GC invocations=4764 (full 112):
 PSYoungGen      total 3584K, used 2048K [0x00000000eab00000, 0x00000000eb080000, 0x0000000100000000)
  eden space 2048K, 100% used [0x00000000eab00000,0x00000000ead00000,0x00000000ead00000)
  from space 1536K, 0% used [0x00000000ead00000,0x00000000ead00000,0x00000000eae80000)
  to   space 1536K, 0% used [0x00000000eaf00000,0x00000000eaf00000,0x00000000eb080000)
 ParOldGen       total 239104K, used 189535K [0x00000000c0000000, 0x00000000ce980000, 0x00000000eab00000)
  object space 239104K, 79% used [0x00000000c0000000,0x00000000cb917d28,0x00000000ce980000)
 Metaspace       used 87046K, committed 88448K, reserved 1179648K
  class space    used 8645K, committed 9280K, reserved 1048576K
}
Event: 77239.481 GC heap after
{Heap after GC invocations=4764 (full 112):
 PSYoungGen      total 3072K, used 1520K [0x00000000eab00000, 0x00000000eb200000, 0x0000000100000000)
  eden space 1536K, 0% used [0x00000000eab00000,0x00000000eab00000,0x00000000eac80000)
  from space 1536K, 98% used [0x00000000eaf00000,0x00000000eb07c060,0x00000000eb080000)
  to   space 2560K, 0% used [0x00000000eac80000,0x00000000eac80000,0x00000000eaf00000)
 ParOldGen       total 239104K, used 189911K [0x00000000c0000000, 0x00000000ce980000, 0x00000000eab00000)
  object space 239104K, 79% used [0x00000000c0000000,0x00000000cb975d28,0x00000000ce980000)
 Metaspace       used 87046K, committed 88448K, reserved 1179648K
  class space    used 8645K, committed 9280K, reserved 1048576K
}
Event: 77239.485 GC heap before
{Heap before GC invocations=4765 (full 112):
 PSYoungGen      total 3072K, used 3056K [0x00000000eab00000, 0x00000000eb200000, 0x0000000100000000)
  eden space 1536K, 100% used [0x00000000eab00000,0x00000000eac80000,0x00000000eac80000)
  from space 1536K, 98% used [0x00000000eaf00000,0x00000000eb07c060,0x00000000eb080000)
  to   space 2560K, 0% used [0x00000000eac80000,0x00000000eac80000,0x00000000eaf00000)
 ParOldGen       total 239104K, used 189911K [0x00000000c0000000, 0x00000000ce980000, 0x00000000eab00000)
  object space 239104K, 79% used [0x00000000c0000000,0x00000000cb975d28,0x00000000ce980000)
 Metaspace       used 87046K, committed 88448K, reserved 1179648K
  class space    used 8645K, committed 9280K, reserved 1048576K
}
Event: 77239.487 GC heap after
{Heap after GC invocations=4765 (full 112):
 PSYoungGen      total 4096K, used 1536K [0x00000000eab00000, 0x00000000eb100000, 0x0000000100000000)
  eden space 1536K, 0% used [0x00000000eab00000,0x00000000eab00000,0x00000000eac80000)
  from space 2560K, 60% used [0x00000000eac80000,0x00000000eae00000,0x00000000eaf00000)
  to   space 2048K, 0% used [0x00000000eaf00000,0x00000000eaf00000,0x00000000eb100000)
 ParOldGen       total 239104K, used 191471K [0x00000000c0000000, 0x00000000ce980000, 0x00000000eab00000)
  object space 239104K, 80% used [0x00000000c0000000,0x00000000cbafbd88,0x00000000ce980000)
 Metaspace       used 87046K, committed 88448K, reserved 1179648K
  class space    used 8645K, committed 9280K, reserved 1048576K
}
Event: 77239.494 GC heap before
{Heap before GC invocations=4766 (full 112):
 PSYoungGen      total 4096K, used 3072K [0x00000000eab00000, 0x00000000eb100000, 0x0000000100000000)
  eden space 1536K, 100% used [0x00000000eab00000,0x00000000eac80000,0x00000000eac80000)
  from space 2560K, 60% used [0x00000000eac80000,0x00000000eae00000,0x00000000eaf00000)
  to   space 2048K, 0% used [0x00000000eaf00000,0x00000000eaf00000,0x00000000eb100000)
 ParOldGen       total 239104K, used 191471K [0x00000000c0000000, 0x00000000ce980000, 0x00000000eab00000)
  object space 239104K, 80% used [0x00000000c0000000,0x00000000cbafbd88,0x00000000ce980000)
 Metaspace       used 87046K, committed 88448K, reserved 1179648K
  class space    used 8645K, committed 9280K, reserved 1048576K
}
Event: 77239.496 GC heap after
{Heap after GC invocations=4766 (full 112):
 PSYoungGen      total 4096K, used 1600K [0x00000000eab00000, 0x00000000eb100000, 0x0000000100000000)
  eden space 2048K, 0% used [0x00000000eab00000,0x00000000eab00000,0x00000000ead00000)
  from space 2048K, 78% used [0x00000000eaf00000,0x00000000eb090000,0x00000000eb100000)
  to   space 2048K, 0% used [0x00000000ead00000,0x00000000ead00000,0x00000000eaf00000)
 ParOldGen       total 239104K, used 192975K [0x00000000c0000000, 0x00000000ce980000, 0x00000000eab00000)
  object space 239104K, 80% used [0x00000000c0000000,0x00000000cbc73d88,0x00000000ce980000)
 Metaspace       used 87046K, committed 88448K, reserved 1179648K
  class space    used 8645K, committed 9280K, reserved 1048576K
}
Event: 77239.503 GC heap before
{Heap before GC invocations=4767 (full 112):
 PSYoungGen      total 4096K, used 3647K [0x00000000eab00000, 0x00000000eb100000, 0x0000000100000000)
  eden space 2048K, 99% used [0x00000000eab00000,0x00000000eacfffd8,0x00000000ead00000)
  from space 2048K, 78% used [0x00000000eaf00000,0x00000000eb090000,0x00000000eb100000)
  to   space 2048K, 0% used [0x00000000ead00000,0x00000000ead00000,0x00000000eaf00000)
 ParOldGen       total 239104K, used 192975K [0x00000000c0000000, 0x00000000ce980000, 0x00000000eab00000)
  object space 239104K, 80% used [0x00000000c0000000,0x00000000cbc73d88,0x00000000ce980000)
 Metaspace       used 87046K, committed 88448K, reserved 1179648K
  class space    used 8645K, committed 9280K, reserved 1048576K
}
Event: 77239.505 GC heap after
{Heap after GC invocations=4767 (full 112):
 PSYoungGen      total 4096K, used 2048K [0x00000000eab00000, 0x00000000eb580000, 0x0000000100000000)
  eden space 2048K, 0% used [0x00000000eab00000,0x00000000eab00000,0x00000000ead00000)
  from space 2048K, 100% used [0x00000000ead00000,0x00000000eaf00000,0x00000000eaf00000)
  to   space 4096K, 0% used [0x00000000eb180000,0x00000000eb180000,0x00000000eb580000)
 ParOldGen       total 239104K, used 194447K [0x00000000c0000000, 0x00000000ce980000, 0x00000000eab00000)
  object space 239104K, 81% used [0x00000000c0000000,0x00000000cbde3d88,0x00000000ce980000)
 Metaspace       used 87046K, committed 88448K, reserved 1179648K
  class space    used 8645K, committed 9280K, reserved 1048576K
}

Dll operation events (12 events):
Event: 0.167 Loaded shared library c:\Users\KerbunHP\AppData\Roaming\Code\User\globalStorage\pleiades.java-extension-pack-jdk\java\17\bin\java.dll
Event: 0.293 Loaded shared library c:\Users\KerbunHP\AppData\Roaming\Code\User\globalStorage\pleiades.java-extension-pack-jdk\java\17\bin\jsvml.dll
Event: 0.561 Loaded shared library c:\Users\KerbunHP\AppData\Roaming\Code\User\globalStorage\pleiades.java-extension-pack-jdk\java\17\bin\zip.dll
Event: 0.568 Loaded shared library C:\Users\KerbunHP\AppData\Roaming\Code\User\globalStorage\pleiades.java-extension-pack-jdk\java\17\bin\instrument.dll
Event: 0.594 Loaded shared library C:\Users\KerbunHP\AppData\Roaming\Code\User\globalStorage\pleiades.java-extension-pack-jdk\java\17\bin\net.dll
Event: 0.598 Loaded shared library C:\Users\KerbunHP\AppData\Roaming\Code\User\globalStorage\pleiades.java-extension-pack-jdk\java\17\bin\nio.dll
Event: 0.603 Loaded shared library C:\Users\KerbunHP\AppData\Roaming\Code\User\globalStorage\pleiades.java-extension-pack-jdk\java\17\bin\zip.dll
Event: 0.637 Loaded shared library C:\Users\KerbunHP\AppData\Roaming\Code\User\globalStorage\pleiades.java-extension-pack-jdk\java\17\bin\jimage.dll
Event: 0.754 Loaded shared library c:\Users\KerbunHP\AppData\Roaming\Code\User\globalStorage\pleiades.java-extension-pack-jdk\java\17\bin\verify.dll
Event: 6.958 Loaded shared library C:\Users\KerbunHP\AppData\Roaming\Code\User\globalStorage\redhat.java\1.21.0\config_win\org.eclipse.equinox.launcher\org.eclipse.equinox.launcher.win32.win32.x86_64_1.2.700.v20221108-1024\eclipse_11801.dll
Event: 20.535 Loaded shared library C:\Users\KerbunHP\AppData\Local\Temp\jna-571505714\jna10092071403546478437.dll
Event: 3746.212 Loaded shared library C:\Users\KerbunHP\AppData\Roaming\Code\User\globalStorage\pleiades.java-extension-pack-jdk\java\17\bin\sunmscapi.dll

Deoptimization events (20 events):
Event: 77218.707 Thread 0x0000022ffc7b82b0 DEOPT PACKING pc=0x0000022fa4664d2b sp=0x0000003f156fe270
Event: 77218.707 Thread 0x0000022ffc7b82b0 DEOPT UNPACKING pc=0x0000022faa7e6e43 sp=0x0000003f156fd708 mode 0
Event: 77218.963 Thread 0x0000022ffc7b7380 DEOPT PACKING pc=0x0000022fa596050e sp=0x0000003f144fed80
Event: 77218.963 Thread 0x0000022ffc7b7380 DEOPT UNPACKING pc=0x0000022faa7e6e43 sp=0x0000003f144fe260 mode 0
Event: 77219.188 Thread 0x0000022ffdb24c00 Uncommon trap: trap_request=0xffffff45 fr.pc=0x0000022fabea2e28 relative=0x0000000000000768
Event: 77219.188 Thread 0x0000022ffdb24c00 Uncommon trap: reason=unstable_if action=reinterpret pc=0x0000022fabea2e28 method=org.eclipse.jdt.internal.compiler.parser.Scanner.internalScanIdentifierOrKeyword(II[C)I @ 736 c2
Event: 77219.188 Thread 0x0000022ffdb24c00 DEOPT PACKING pc=0x0000022fabea2e28 sp=0x0000003f146fe5a0
Event: 77219.188 Thread 0x0000022ffdb24c00 DEOPT UNPACKING pc=0x0000022faa7e66a3 sp=0x0000003f146fe550 mode 2
Event: 77221.339 Thread 0x0000022ffdb25620 DEOPT PACKING pc=0x0000022fa568dae4 sp=0x0000003f14cfe1d0
Event: 77221.339 Thread 0x0000022ffdb25620 DEOPT UNPACKING pc=0x0000022faa7e6e43 sp=0x0000003f14cfd6f8 mode 0
Event: 77223.721 Thread 0x0000022ffc7b7380 DEOPT PACKING pc=0x0000022fa596050e sp=0x0000003f144fed80
Event: 77223.721 Thread 0x0000022ffc7b7380 DEOPT UNPACKING pc=0x0000022faa7e6e43 sp=0x0000003f144fe260 mode 0
Event: 77223.998 Thread 0x0000022ffc7b7380 DEOPT PACKING pc=0x0000022fa596050e sp=0x0000003f144fed80
Event: 77223.998 Thread 0x0000022ffc7b7380 DEOPT UNPACKING pc=0x0000022faa7e6e43 sp=0x0000003f144fe260 mode 0
Event: 77226.603 Thread 0x0000022ffdb0fe20 DEOPT PACKING pc=0x0000022fa3dbc067 sp=0x0000003f149fe040
Event: 77226.603 Thread 0x0000022ffdb0fe20 DEOPT UNPACKING pc=0x0000022faa7e6e43 sp=0x0000003f149fd538 mode 0
Event: 77228.443 Thread 0x0000022ffc7b7380 DEOPT PACKING pc=0x0000022fa596050e sp=0x0000003f144fed80
Event: 77228.443 Thread 0x0000022ffc7b7380 DEOPT UNPACKING pc=0x0000022faa7e6e43 sp=0x0000003f144fe260 mode 0
Event: 77239.175 Thread 0x0000022ffc7b82b0 DEOPT PACKING pc=0x0000022fa51ca484 sp=0x0000003f156fcf20
Event: 77239.175 Thread 0x0000022ffc7b82b0 DEOPT UNPACKING pc=0x0000022faa7e6e43 sp=0x0000003f156fc3b8 mode 0

Classes unloaded (20 events):
Event: 77028.471 Thread 0x0000022f9a052000 Unloading class 0x0000022fb67b9000 'java/lang/invoke/LambdaForm$MH+0x0000022fb67b9000'
Event: 77028.471 Thread 0x0000022f9a052000 Unloading class 0x0000022fb67b8c00 'java/lang/invoke/LambdaForm$MH+0x0000022fb67b8c00'
Event: 77028.471 Thread 0x0000022f9a052000 Unloading class 0x0000022fb6195800 'java/lang/invoke/LambdaForm$MH+0x0000022fb6195800'
Event: 77028.471 Thread 0x0000022f9a052000 Unloading class 0x0000022fb6195400 'java/lang/invoke/LambdaForm$MH+0x0000022fb6195400'
Event: 77028.471 Thread 0x0000022f9a052000 Unloading class 0x0000022fb6195000 'java/lang/invoke/LambdaForm$MH+0x0000022fb6195000'
Event: 77028.471 Thread 0x0000022f9a052000 Unloading class 0x0000022fb6135800 'java/lang/invoke/LambdaForm$MH+0x0000022fb6135800'
Event: 77028.471 Thread 0x0000022f9a052000 Unloading class 0x0000022fb6110800 'java/lang/invoke/LambdaForm$MH+0x0000022fb6110800'
Event: 77028.471 Thread 0x0000022f9a052000 Unloading class 0x0000022fb6110400 'java/lang/invoke/LambdaForm$MH+0x0000022fb6110400'
Event: 77028.472 Thread 0x0000022f9a052000 Unloading class 0x0000022fb6110000 'java/lang/invoke/LambdaForm$MH+0x0000022fb6110000'
Event: 77028.472 Thread 0x0000022f9a052000 Unloading class 0x0000022fb610bc00 'java/lang/invoke/LambdaForm$MH+0x0000022fb610bc00'
Event: 77028.472 Thread 0x0000022f9a052000 Unloading class 0x0000022fb610b800 'java/lang/invoke/LambdaForm$MH+0x0000022fb610b800'
Event: 77028.472 Thread 0x0000022f9a052000 Unloading class 0x0000022fb610b400 'java/lang/invoke/LambdaForm$MH+0x0000022fb610b400'
Event: 77028.472 Thread 0x0000022f9a052000 Unloading class 0x0000022fb610b000 'java/lang/invoke/LambdaForm$MH+0x0000022fb610b000'
Event: 77028.472 Thread 0x0000022f9a052000 Unloading class 0x0000022fb610ac00 'java/lang/invoke/LambdaForm$MH+0x0000022fb610ac00'
Event: 77028.472 Thread 0x0000022f9a052000 Unloading class 0x0000022fb610a400 'java/lang/invoke/LambdaForm$MH+0x0000022fb610a400'
Event: 77028.472 Thread 0x0000022f9a052000 Unloading class 0x0000022fb6109c00 'java/lang/invoke/LambdaForm$MH+0x0000022fb6109c00'
Event: 77028.472 Thread 0x0000022f9a052000 Unloading class 0x0000022fb6109800 'java/lang/invoke/LambdaForm$MH+0x0000022fb6109800'
Event: 77028.472 Thread 0x0000022f9a052000 Unloading class 0x0000022fb6109000 'java/lang/invoke/LambdaForm$MH+0x0000022fb6109000'
Event: 77028.472 Thread 0x0000022f9a052000 Unloading class 0x0000022fb6108c00 'java/lang/invoke/LambdaForm$MH+0x0000022fb6108c00'
Event: 77028.472 Thread 0x0000022f9a052000 Unloading class 0x0000022fb6108400 'java/lang/invoke/LambdaForm$MH+0x0000022fb6108400'

Classes redefined (0 events):
No events

Internal exceptions (20 events):
Event: 77227.057 Thread 0x0000022ffdb0fe20 Exception <a 'java/lang/ArrayIndexOutOfBoundsException'{0x00000000eae7fde0}> (0x00000000eae7fde0) 
thrown [s\src\hotspot\share\runtime\sharedRuntime.cpp, line 628]
Event: 77228.362 Thread 0x0000022ffc7b7380 Exception <a 'sun/nio/fs/WindowsException'{0x00000000eafff2c0}> (0x00000000eafff2c0) 
thrown [s\src\hotspot\share\prims\jni.cpp, line 516]
Event: 77228.746 Thread 0x0000022ffc7b7380 Exception <a 'sun/nio/fs/WindowsException'{0x00000000eae38a70}> (0x00000000eae38a70) 
thrown [s\src\hotspot\share\prims\jni.cpp, line 516]
Event: 77229.550 Thread 0x0000022ffdb0fe20 Exception <a 'java/lang/ArrayIndexOutOfBoundsException'{0x00000000eae8a4b8}> (0x00000000eae8a4b8) 
thrown [s\src\hotspot\share\runtime\sharedRuntime.cpp, line 628]
Event: 77229.550 Thread 0x0000022ffdb0fe20 Exception <a 'java/lang/ArrayIndexOutOfBoundsException'{0x00000000eae8abb8}> (0x00000000eae8abb8) 
thrown [s\src\hotspot\share\runtime\sharedRuntime.cpp, line 628]
Event: 77229.550 Thread 0x0000022ffdb0fe20 Exception <a 'java/lang/ArrayIndexOutOfBoundsException'{0x00000000eae8afa8}> (0x00000000eae8afa8) 
thrown [s\src\hotspot\share\runtime\sharedRuntime.cpp, line 628]
Event: 77229.957 Thread 0x0000022ffdb0fe20 Exception <a 'java/lang/ArrayIndexOutOfBoundsException'{0x00000000eada1848}> (0x00000000eada1848) 
thrown [s\src\hotspot\share\runtime\sharedRuntime.cpp, line 628]
Event: 77229.957 Thread 0x0000022ffdb0fe20 Exception <a 'java/lang/ArrayIndexOutOfBoundsException'{0x00000000eada1f48}> (0x00000000eada1f48) 
thrown [s\src\hotspot\share\runtime\sharedRuntime.cpp, line 628]
Event: 77229.957 Thread 0x0000022ffdb0fe20 Exception <a 'java/lang/ArrayIndexOutOfBoundsException'{0x00000000eada2338}> (0x00000000eada2338) 
thrown [s\src\hotspot\share\runtime\sharedRuntime.cpp, line 628]
Event: 77230.971 Thread 0x0000022ffdb0fe20 Exception <a 'java/lang/ArrayIndexOutOfBoundsException'{0x00000000ead95168}> (0x00000000ead95168) 
thrown [s\src\hotspot\share\runtime\sharedRuntime.cpp, line 628]
Event: 77230.971 Thread 0x0000022ffdb0fe20 Exception <a 'java/lang/ArrayIndexOutOfBoundsException'{0x00000000ead95868}> (0x00000000ead95868) 
thrown [s\src\hotspot\share\runtime\sharedRuntime.cpp, line 628]
Event: 77230.971 Thread 0x0000022ffdb0fe20 Exception <a 'java/lang/ArrayIndexOutOfBoundsException'{0x00000000ead95c58}> (0x00000000ead95c58) 
thrown [s\src\hotspot\share\runtime\sharedRuntime.cpp, line 628]
Event: 77232.730 Thread 0x0000022ffc7b7380 Exception <a 'sun/nio/fs/WindowsException'{0x00000000eafded70}> (0x00000000eafded70) 
thrown [s\src\hotspot\share\prims\jni.cpp, line 516]
Event: 77232.983 Thread 0x0000022ffc7b7380 Exception <a 'sun/nio/fs/WindowsException'{0x00000000eaf39c08}> (0x00000000eaf39c08) 
thrown [s\src\hotspot\share\prims\jni.cpp, line 516]
Event: 77236.552 Thread 0x0000022ffc7b7380 Exception <a 'sun/nio/fs/WindowsException'{0x00000000eab5b808}> (0x00000000eab5b808) 
thrown [s\src\hotspot\share\prims\jni.cpp, line 516]
Event: 77236.992 Thread 0x0000022ffc7b7380 Exception <a 'sun/nio/fs/WindowsException'{0x00000000eabf5ba8}> (0x00000000eabf5ba8) 
thrown [s\src\hotspot\share\prims\jni.cpp, line 516]
Event: 77237.484 Thread 0x0000022ffdb0fe20 Exception <a 'java/lang/ArrayIndexOutOfBoundsException'{0x00000000eab66ac0}> (0x00000000eab66ac0) 
thrown [s\src\hotspot\share\runtime\sharedRuntime.cpp, line 628]
Event: 77237.484 Thread 0x0000022ffdb0fe20 Exception <a 'java/lang/ArrayIndexOutOfBoundsException'{0x00000000eab67458}> (0x00000000eab67458) 
thrown [s\src\hotspot\share\runtime\sharedRuntime.cpp, line 628]
Event: 77237.484 Thread 0x0000022ffdb0fe20 Exception <a 'java/lang/ArrayIndexOutOfBoundsException'{0x00000000eab67848}> (0x00000000eab67848) 
thrown [s\src\hotspot\share\runtime\sharedRuntime.cpp, line 628]
Event: 77238.958 Thread 0x0000022ffc7b7380 Exception <a 'sun/nio/fs/WindowsException'{0x00000000eacc3238}> (0x00000000eacc3238) 
thrown [s\src\hotspot\share\prims\jni.cpp, line 516]

VM Operations (20 events):
Event: 77239.194 Executing VM operation: ParallelGCFailedAllocation
Event: 77239.197 Executing VM operation: ParallelGCFailedAllocation done
Event: 77239.199 Executing VM operation: ParallelGCFailedAllocation
Event: 77239.200 Executing VM operation: ParallelGCFailedAllocation done
Event: 77239.205 Executing VM operation: ParallelGCFailedAllocation
Event: 77239.207 Executing VM operation: ParallelGCFailedAllocation done
Event: 77239.220 Executing VM operation: ParallelGCFailedAllocation
Event: 77239.222 Executing VM operation: ParallelGCFailedAllocation done
Event: 77239.253 Executing VM operation: ParallelGCFailedAllocation
Event: 77239.255 Executing VM operation: ParallelGCFailedAllocation done
Event: 77239.316 Executing VM operation: ParallelGCFailedAllocation
Event: 77239.461 Executing VM operation: ParallelGCFailedAllocation done
Event: 77239.479 Executing VM operation: ParallelGCFailedAllocation
Event: 77239.481 Executing VM operation: ParallelGCFailedAllocation done
Event: 77239.485 Executing VM operation: ParallelGCFailedAllocation
Event: 77239.487 Executing VM operation: ParallelGCFailedAllocation done
Event: 77239.494 Executing VM operation: ParallelGCFailedAllocation
Event: 77239.496 Executing VM operation: ParallelGCFailedAllocation done
Event: 77239.503 Executing VM operation: ParallelGCFailedAllocation
Event: 77239.505 Executing VM operation: ParallelGCFailedAllocation done

Events (20 events):
Event: 77216.012 Thread 0x0000022ffe6bb830 Thread added: 0x0000022ffe6bb830
Event: 77216.016 Thread 0x0000022ffe6bb830 Thread exited: 0x0000022ffe6bb830
Event: 77218.704 Thread 0x0000022ffe6befe0 Thread added: 0x0000022ffe6befe0
Event: 77218.707 Thread 0x0000022ffe6befe0 Thread exited: 0x0000022ffe6befe0
Event: 77220.677 Thread 0x0000022ffe6bd180 Thread added: 0x0000022ffe6bd180
Event: 77220.679 Thread 0x0000022ffe6bd180 Thread exited: 0x0000022ffe6bd180
Event: 77222.268 Thread 0x0000022ffe6bb320 Thread added: 0x0000022ffe6bb320
Event: 77222.272 Thread 0x0000022ffe6bb320 Thread exited: 0x0000022ffe6bb320
Event: 77223.742 Thread 0x0000022ffe6be0b0 Thread added: 0x0000022ffe6be0b0
Event: 77223.744 Thread 0x0000022ffe6be0b0 Thread exited: 0x0000022ffe6be0b0
Event: 77225.368 Thread 0x0000022ffe6bd690 Thread added: 0x0000022ffe6bd690
Event: 77225.370 Thread 0x0000022ffe6bd690 Thread exited: 0x0000022ffe6bd690
Event: 77228.635 Thread 0x0000022ffe6bd180 Thread added: 0x0000022ffe6bd180
Event: 77228.638 Thread 0x0000022ffe6bd180 Thread exited: 0x0000022ffe6bd180
Event: 77232.852 Thread 0x0000022ffe6bfa00 Thread added: 0x0000022ffe6bfa00
Event: 77232.854 Thread 0x0000022ffe6bfa00 Thread exited: 0x0000022ffe6bfa00
Event: 77236.685 Thread 0x0000022ffe6be0b0 Thread added: 0x0000022ffe6be0b0
Event: 77236.688 Thread 0x0000022ffe6be0b0 Thread exited: 0x0000022ffe6be0b0
Event: 77239.143 Thread 0x0000022ffe6bfa00 Thread added: 0x0000022ffe6bfa00
Event: 77239.146 Thread 0x0000022ffe6bfa00 Thread exited: 0x0000022ffe6bfa00


Dynamic libraries:
0x00007ff68cc50000 - 0x00007ff68cc5e000 	c:\Users\KerbunHP\AppData\Roaming\Code\User\globalStorage\pleiades.java-extension-pack-jdk\java\17\bin\java.exe
0x00007ff8995f0000 - 0x00007ff8997e8000 	C:\WINDOWS\SYSTEM32\ntdll.dll
0x00007ff897a80000 - 0x00007ff897b3f000 	C:\WINDOWS\System32\KERNEL32.DLL
0x00007ff897280000 - 0x00007ff897576000 	C:\WINDOWS\System32\KERNELBASE.dll
0x00007ff896cd0000 - 0x00007ff896dd0000 	C:\WINDOWS\System32\ucrtbase.dll
0x00007ff873a30000 - 0x00007ff873a47000 	c:\Users\KerbunHP\AppData\Roaming\Code\User\globalStorage\pleiades.java-extension-pack-jdk\java\17\bin\jli.dll
0x00007ff86f670000 - 0x00007ff86f689000 	c:\Users\KerbunHP\AppData\Roaming\Code\User\globalStorage\pleiades.java-extension-pack-jdk\java\17\bin\VCRUNTIME140.dll
0x00007ff8985a0000 - 0x00007ff89873d000 	C:\WINDOWS\System32\USER32.dll
0x00007ff896e80000 - 0x00007ff896ea2000 	C:\WINDOWS\System32\win32u.dll
0x00007ff8990b0000 - 0x00007ff8990dc000 	C:\WINDOWS\System32\GDI32.dll
0x00007ff896eb0000 - 0x00007ff896fc5000 	C:\WINDOWS\System32\gdi32full.dll
0x00007ff897580000 - 0x00007ff89761d000 	C:\WINDOWS\System32\msvcp_win.dll
0x00007ff883e00000 - 0x00007ff88409a000 	C:\WINDOWS\WinSxS\amd64_microsoft.windows.common-controls_6595b64144ccf1df_6.0.19041.1110_none_60b5254171f9507e\COMCTL32.dll
0x00007ff899010000 - 0x00007ff8990ae000 	C:\WINDOWS\System32\msvcrt.dll
0x00007ff898dd0000 - 0x00007ff898e00000 	C:\WINDOWS\System32\IMM32.DLL
0x00007ff8802e0000 - 0x00007ff8802ec000 	c:\Users\KerbunHP\AppData\Roaming\Code\User\globalStorage\pleiades.java-extension-pack-jdk\java\17\bin\vcruntime140_1.dll
0x00007ff840c60000 - 0x00007ff840cf1000 	c:\Users\KerbunHP\AppData\Roaming\Code\User\globalStorage\pleiades.java-extension-pack-jdk\java\17\bin\msvcp140.dll
0x00007ff82e980000 - 0x00007ff82f5cc000 	c:\Users\KerbunHP\AppData\Roaming\Code\User\globalStorage\pleiades.java-extension-pack-jdk\java\17\bin\server\jvm.dll
0x00007ff8979d0000 - 0x00007ff897a7f000 	C:\WINDOWS\System32\ADVAPI32.dll
0x00007ff897650000 - 0x00007ff8976ec000 	C:\WINDOWS\System32\sechost.dll
0x00007ff898e00000 - 0x00007ff898f26000 	C:\WINDOWS\System32\RPCRT4.dll
0x00007ff8961f0000 - 0x00007ff89623b000 	C:\WINDOWS\SYSTEM32\POWRPROF.dll
0x00007ff8847c0000 - 0x00007ff8847c9000 	C:\WINDOWS\SYSTEM32\WSOCK32.dll
0x00007ff898740000 - 0x00007ff8987ab000 	C:\WINDOWS\System32\WS2_32.dll
0x00007ff88c460000 - 0x00007ff88c487000 	C:\WINDOWS\SYSTEM32\WINMM.dll
0x00007ff890b30000 - 0x00007ff890b3a000 	C:\WINDOWS\SYSTEM32\VERSION.dll
0x00007ff8960b0000 - 0x00007ff8960c2000 	C:\WINDOWS\SYSTEM32\UMPDC.dll
0x00007ff8954c0000 - 0x00007ff8954d2000 	C:\WINDOWS\SYSTEM32\kernel.appcore.dll
0x00007ff8802b0000 - 0x00007ff8802ba000 	c:\Users\KerbunHP\AppData\Roaming\Code\User\globalStorage\pleiades.java-extension-pack-jdk\java\17\bin\jimage.dll
0x00007ff894b00000 - 0x00007ff894ce4000 	C:\WINDOWS\SYSTEM32\DBGHELP.DLL
0x00007ff88c1f0000 - 0x00007ff88c224000 	C:\WINDOWS\SYSTEM32\dbgcore.DLL
0x00007ff897090000 - 0x00007ff897112000 	C:\WINDOWS\System32\bcryptPrimitives.dll
0x00007ff86f950000 - 0x00007ff86f95e000 	c:\Users\KerbunHP\AppData\Roaming\Code\User\globalStorage\pleiades.java-extension-pack-jdk\java\17\bin\instrument.dll
0x00007ff851780000 - 0x00007ff8517a5000 	c:\Users\KerbunHP\AppData\Roaming\Code\User\globalStorage\pleiades.java-extension-pack-jdk\java\17\bin\java.dll
0x00007ff840b80000 - 0x00007ff840c56000 	c:\Users\KerbunHP\AppData\Roaming\Code\User\globalStorage\pleiades.java-extension-pack-jdk\java\17\bin\jsvml.dll
0x00007ff897dd0000 - 0x00007ff898514000 	C:\WINDOWS\System32\SHELL32.dll
0x00007ff894d10000 - 0x00007ff8954a3000 	C:\WINDOWS\SYSTEM32\windows.storage.dll
0x00007ff8987c0000 - 0x00007ff898b14000 	C:\WINDOWS\System32\combase.dll
0x00007ff896630000 - 0x00007ff89665e000 	C:\WINDOWS\SYSTEM32\Wldp.dll
0x00007ff897920000 - 0x00007ff8979cd000 	C:\WINDOWS\System32\SHCORE.dll
0x00007ff898fb0000 - 0x00007ff899005000 	C:\WINDOWS\System32\shlwapi.dll
0x00007ff896c00000 - 0x00007ff896c25000 	C:\WINDOWS\SYSTEM32\profapi.dll
0x00007ff86e720000 - 0x00007ff86e738000 	c:\Users\KerbunHP\AppData\Roaming\Code\User\globalStorage\pleiades.java-extension-pack-jdk\java\17\bin\zip.dll
0x00007ff86e6b0000 - 0x00007ff86e6c9000 	C:\Users\KerbunHP\AppData\Roaming\Code\User\globalStorage\pleiades.java-extension-pack-jdk\java\17\bin\net.dll
0x00007ff88dc70000 - 0x00007ff88dd7a000 	C:\WINDOWS\SYSTEM32\WINHTTP.dll
0x00007ff896410000 - 0x00007ff89647a000 	C:\WINDOWS\system32\mswsock.dll
0x00007ff86e3e0000 - 0x00007ff86e3f5000 	C:\Users\KerbunHP\AppData\Roaming\Code\User\globalStorage\pleiades.java-extension-pack-jdk\java\17\bin\nio.dll
0x00007ff86f250000 - 0x00007ff86f260000 	c:\Users\KerbunHP\AppData\Roaming\Code\User\globalStorage\pleiades.java-extension-pack-jdk\java\17\bin\verify.dll
0x00007ff84e190000 - 0x00007ff84e1ce000 	C:\Users\KerbunHP\AppData\Roaming\Code\User\globalStorage\redhat.java\1.21.0\config_win\org.eclipse.equinox.launcher\org.eclipse.equinox.launcher.win32.win32.x86_64_1.2.700.v20221108-1024\eclipse_11801.dll
0x00007ff897bd0000 - 0x00007ff897cfa000 	C:\WINDOWS\System32\ole32.dll
0x00007ff896970000 - 0x00007ff896988000 	C:\WINDOWS\SYSTEM32\CRYPTSP.dll
0x00007ff895cd0000 - 0x00007ff895d04000 	C:\WINDOWS\system32\rsaenh.dll
0x00007ff897620000 - 0x00007ff897647000 	C:\WINDOWS\System32\bcrypt.dll
0x00007ff896b80000 - 0x00007ff896bae000 	C:\WINDOWS\SYSTEM32\USERENV.dll
0x00007ff8965a0000 - 0x00007ff8965ac000 	C:\WINDOWS\SYSTEM32\CRYPTBASE.dll
0x00007ff8960d0000 - 0x00007ff89610b000 	C:\WINDOWS\SYSTEM32\IPHLPAPI.DLL
0x00007ff8987b0000 - 0x00007ff8987b8000 	C:\WINDOWS\System32\NSI.dll
0x00007ff88e630000 - 0x00007ff88e647000 	C:\WINDOWS\SYSTEM32\dhcpcsvc6.DLL
0x00007ff88f3e0000 - 0x00007ff88f3fd000 	C:\WINDOWS\SYSTEM32\dhcpcsvc.DLL
0x00007ff896120000 - 0x00007ff8961ea000 	C:\WINDOWS\SYSTEM32\DNSAPI.dll
0x00007ff8694c0000 - 0x00007ff869505000 	C:\Users\KerbunHP\AppData\Local\Temp\jna-571505714\jna10092071403546478437.dll
0x00007ff898f40000 - 0x00007ff898f48000 	C:\WINDOWS\System32\PSAPI.DLL
0x00007ff88fc50000 - 0x00007ff88fc5e000 	C:\Users\KerbunHP\AppData\Roaming\Code\User\globalStorage\pleiades.java-extension-pack-jdk\java\17\bin\sunmscapi.dll
0x00007ff897120000 - 0x00007ff89727e000 	C:\WINDOWS\System32\CRYPT32.dll
0x00007ff8966a0000 - 0x00007ff8966c8000 	C:\WINDOWS\SYSTEM32\ncrypt.dll
0x00007ff896660000 - 0x00007ff89669b000 	C:\WINDOWS\SYSTEM32\NTASN1.dll
0x00007ff88bb90000 - 0x00007ff88bb9a000 	C:\Windows\System32\rasadhlp.dll
0x00007ff88bd90000 - 0x00007ff88be12000 	C:\WINDOWS\System32\fwpuclnt.dll

dbghelp: loaded successfully - version: 4.0.5 - missing functions: none
symbol engine: initialized successfully - sym options: 0x614 - pdb path: .;c:\Users\KerbunHP\AppData\Roaming\Code\User\globalStorage\pleiades.java-extension-pack-jdk\java\17\bin;C:\WINDOWS\SYSTEM32;C:\WINDOWS\WinSxS\amd64_microsoft.windows.common-controls_6595b64144ccf1df_6.0.19041.1110_none_60b5254171f9507e;c:\Users\KerbunHP\AppData\Roaming\Code\User\globalStorage\pleiades.java-extension-pack-jdk\java\17\bin\server;C:\Users\KerbunHP\AppData\Roaming\Code\User\globalStorage\redhat.java\1.21.0\config_win\org.eclipse.equinox.launcher\org.eclipse.equinox.launcher.win32.win32.x86_64_1.2.700.v20221108-1024;C:\Users\KerbunHP\AppData\Local\Temp\jna-571505714

VM Arguments:
jvm_args: --add-modules=ALL-SYSTEM --add-opens=java.base/java.util=ALL-UNNAMED --add-opens=java.base/java.lang=ALL-UNNAMED --add-opens=java.base/sun.nio.fs=ALL-UNNAMED -Declipse.application=org.eclipse.jdt.ls.core.id1 -Dosgi.bundles.defaultStartLevel=4 -Declipse.product=org.eclipse.jdt.ls.core.product -Djava.import.generatesMetadataFilesAtProjectRoot=false -Dfile.encoding=utf8 -XX:+UseParallelGC -XX:GCTimeRatio=4 -XX:AdaptiveSizePolicyWeight=90 -Dsun.zip.disableMemoryMapping=true -Xmx1G -Xms100m -Xlog:disable -javaagent:c:\Users\KerbunHP\.vscode\extensions\redhat.java-1.21.0-win32-x64\lombok\lombok-1.18.28.jar -XX:+HeapDumpOnOutOfMemoryError -XX:HeapDumpPath=c:\Users\KerbunHP\AppData\Roaming\Code\User\workspaceStorage\24abc8dcafbf43f7285f09f588ba6f58\redhat.java -Daether.dependencyCollector.impl=bf 
java_command: c:\Users\KerbunHP\.vscode\extensions\redhat.java-1.21.0-win32-x64\server\plugins\org.eclipse.equinox.launcher_1.6.500.v20230717-2134.jar -configuration c:\Users\KerbunHP\AppData\Roaming\Code\User\globalStorage\redhat.java\1.21.0\config_win -data c:\Users\KerbunHP\AppData\Roaming\Code\User\workspaceStorage\24abc8dcafbf43f7285f09f588ba6f58\redhat.java\jdt_ws
java_class_path (initial): c:\Users\KerbunHP\.vscode\extensions\redhat.java-1.21.0-win32-x64\server\plugins\org.eclipse.equinox.launcher_1.6.500.v20230717-2134.jar
Launcher Type: SUN_STANDARD

[Global flags]
    uintx AdaptiveSizePolicyWeight                 = 90                                        {product} {command line}
     intx CICompilerCount                          = 4                                         {product} {ergonomic}
    uintx GCTimeRatio                              = 4                                         {product} {command line}
     bool HeapDumpOnOutOfMemoryError               = true                                   {manageable} {command line}
    ccstr HeapDumpPath                             = c:\Users\KerbunHP\AppData\Roaming\Code\User\workspaceStorage\24abc8dcafbf43f7285f09f588ba6f58\redhat.java         {manageable} {command line}
   size_t InitialHeapSize                          = 104857600                                 {product} {command line}
   size_t MaxHeapSize                              = 1073741824                                {product} {command line}
   size_t MaxNewSize                               = 357564416                                 {product} {ergonomic}
   size_t MinHeapDeltaBytes                        = 524288                                    {product} {ergonomic}
   size_t MinHeapSize                              = 104857600                                 {product} {command line}
   size_t NewSize                                  = 34603008                                  {product} {ergonomic}
    uintx NonNMethodCodeHeapSize                   = 5839372                                {pd product} {ergonomic}
    uintx NonProfiledCodeHeapSize                  = 122909434                              {pd product} {ergonomic}
   size_t OldSize                                  = 70254592                                  {product} {ergonomic}
    uintx ProfiledCodeHeapSize                     = 122909434                              {pd product} {ergonomic}
    uintx ReservedCodeCacheSize                    = 251658240                              {pd product} {ergonomic}
     bool SegmentedCodeCache                       = true                                      {product} {ergonomic}
   size_t SoftMaxHeapSize                          = 1073741824                             {manageable} {ergonomic}
     bool UseCompressedClassPointers               = true                           {product lp64_product} {ergonomic}
     bool UseCompressedOops                        = true                           {product lp64_product} {ergonomic}
     bool UseLargePagesIndividualAllocation        = false                                  {pd product} {ergonomic}
     bool UseParallelGC                            = true                                      {product} {command line}

Logging:
Log output configuration:
 #0: stdout all=off uptime,level,tags
 #1: stderr all=off uptime,level,tags

Environment Variables:
JAVA_HOME=C:\Program Files\Java\jdk-17\
PATH=C:\Program Files\Common Files\Oracle\Java\javapath;C:\Python311\Scripts\;C:\Python311\;C:\ProgramData\Oracle\Java\javapath;C:\Intel\OpenCL\sdk\bin\x64;C:\Intel\OpenCL\sdk\bin\x86;C:\Intel\OpenCL\sdk\bin\Pin;C:\Intel\OpenCL\sdk\bin\GTPin;C:\Program Files (x86)\Intel\iCLS Client\;C:\Program Files\Intel\iCLS Client\;C:\Windows\system32;C:\Windows;C:\Windows\System32\Wbem;C:\Windows\System32\WindowsPowerShell\v1.0\;C:\Program Files\Intel\Intel(R) Management Engine Components\DAL;C:\Program Files\Intel\Intel(R) Management Engine Components\IPT;C:\Program Files (x86)\Intel\Intel(R) Management Engine Components\DAL;C:\Program Files (x86)\Intel\Intel(R) Management Engine Components\IPT;C:\Program Files\OpenVPN\bin;C:\WINDOWS\system32;C:\WINDOWS;C:\WINDOWS\System32\Wbem;C:\WINDOWS\System32\WindowsPowerShell\v1.0\;C:\Program Files (x86)\GtkSharp\2.12\bin;C:\Program Files (x86)\Bitvise SSH Client;C:\WINDOWS\system32;C:\WINDOWS;C:\WINDOWS\System32\Wbem;C:\WINDOWS\System32\WindowsPowerShell\v1.0\;C:\WINDOWS\System32\OpenSSH\;C:\Program Files\Microsoft SQL Server\130\Tools\Binn\;C:\Program Files\dotnet\;C:\Program Files\Git\cmd;C:\Program Files\PuTTY\;C:\Program Files\Docker\Docker\resources\bin;C:\Program Files\nodejs\;C:\ProgramData\chocolatey\bin;C:\Program Files\TortoiseGit\bin;C:\Program Files (x86)\Microsoft SQL Server\160\Tools\Binn\;C:\Program Files\Microsoft SQL Server\160\Tools\Binn\;C:\Program Files\Microsoft SQL Server\Client SDK\ODBC\170\Tools\Binn\;C:\Program Files\Microsoft SQL Server\160\DTS\Binn\;C:\Program Files (x86)\Microsoft SQL Server\160\DTS\Binn\;C:\Program Files\Azure Data Studio\bin;C:\Program Files\Java\jdk-20\bin;C:\Program Files\MySQL\MySQL Shell 8.0\bin\;C:\Users\KerbunHP\AppData\Local\Microsoft\WindowsApps;C:\Users\KerbunHP\AppData\Local\Programs\Microsoft VS Code\bin;C:\Users\KerbunHP\AppData\Local\GitHubDesktop\bin;C:\Users\KerbunHP\AppData\Roaming\npm;C:\Program Files (x86)\Brackets\;C:\Program Files\Azure Data Studio\bin
USERNAME=Fabiana
OS=Windows_NT
PROCESSOR_IDENTIFIER=Intel64 Family 6 Model 60 Stepping 3, GenuineIntel
TMP=C:\Users\KerbunHP\AppData\Local\Temp
TEMP=C:\Users\KerbunHP\AppData\Local\Temp



---------------  S Y S T E M  ---------------

OS:
 Windows 10 , 64 bit Build 19041 (10.0.19041.3155)
OS uptime: 0 days 21:49 hours
Hyper-V role detected

CPU: total 8 (initial active 8) (4 cores per cpu, 2 threads per core) family 6 model 60 stepping 3 microcode 0x27, cx8, cmov, fxsr, ht, mmx, sse, sse2, sse3, ssse3, sse4.1, sse4.2, popcnt, lzcnt, tsc, tscinvbit, avx, avx2, aes, erms, clmul, bmi1, bmi2, fma, vzeroupper, clflush, hv
Processor Information for all 8 processors :
  Max Mhz: 2401, Current Mhz: 2401, Mhz Limit: 2401

Memory: 4k page, system-wide physical 16320M (4842M free)
TotalPageFile size 16320M (AvailPageFile size 2041M)
current process WorkingSet (physical memory assigned to process): 564M, peak: 609M
current process commit charge ("private bytes"): 581M, peak: 647M

vm_info: OpenJDK 64-Bit Server VM (17.0.8+7) for windows-amd64 JRE (17.0.8+7), built on Jul 18 2023 21:02:32 by "admin" with MS VC++ 16.7 (VS2019)

END.
