#
# A fatal error has been detected by the Java Runtime Environment:
#
#  EXCEPTION_ACCESS_VIOLATION (0xc0000005) at pc=0x00007ff8dc410316, pid=11176, tid=1896
#
# JRE version: OpenJDK Runtime Environment Temurin-17.0.10+7 (17.0.10+7) (build 17.0.10+7)
# Java VM: OpenJDK 64-Bit Server VM Temurin-17.0.10+7 (17.0.10+7, mixed mode, tiered, compressed oops, compressed class ptrs, parallel gc, windows-amd64)
# Problematic frame:
# V  [jvm.dll+0x6b0316]
#
# No core dump will be written. Minidumps are not enabled by default on client versions of Windows
#
# If you would like to submit a bug report, please visit:
#   https://github.com/adoptium/adoptium-support/issues
#

---------------  S U M M A R Y ------------

Command Line: --add-modules=ALL-SYSTEM --add-opens=java.base/java.util=ALL-UNNAMED --add-opens=java.base/java.lang=ALL-UNNAMED --add-opens=java.base/sun.nio.fs=ALL-UNNAMED -Declipse.application=org.eclipse.jdt.ls.core.id1 -Dosgi.bundles.defaultStartLevel=4 -Declipse.product=org.eclipse.jdt.ls.core.product -Djava.import.generatesMetadataFilesAtProjectRoot=false -DDetectVMInstallationsJob.disabled=true -Dfile.encoding=utf8 -XX:+UseParallelGC -XX:GCTimeRatio=4 -XX:AdaptiveSizePolicyWeight=90 -Dsun.zip.disableMemoryMapping=true -Xmx2G -Xms100m -Xlog:disable -javaagent:c:\Users\casa\.vscode\extensions\redhat.java-1.30.0-win32-x64\lombok\lombok-1.18.32.jar -XX:+HeapDumpOnOutOfMemoryError -XX:HeapDumpPath=c:\Users\casa\AppData\Roaming\Code\User\workspaceStorage\2ca1e065a12013a041ddb2075f267414\redhat.java -Daether.dependencyCollector.impl=bf c:\Users\casa\.vscode\extensions\redhat.java-1.30.0-win32-x64\server\plugins\org.eclipse.equinox.launcher_1.6.800.v20240330-1250.jar -configuration c:\Users\casa\AppData\Roaming\Code\User\globalStorage\redhat.java\1.30.0\config_win -data c:\Users\casa\AppData\Roaming\Code\User\workspaceStorage\2ca1e065a12013a041ddb2075f267414\redhat.java\jdt_ws --pipe=\\.\pipe\lsp-672f524a9ba2f4018e380440bc805b9c-sock

Host: 12th Gen Intel(R) Core(TM) i5-12400F, 12 cores, 15G,  Windows 11 , 64 bit Build 22621 (10.0.22621.3527)
Time: Tue May 14 08:21:35 2024 Hora estándar de Argentina elapsed time: 159.382030 seconds (0d 0h 2m 39s)

---------------  T H R E A D  ---------------

Current thread (0x0000028035014ec0):  GCTaskThread "GC Thread#6" [stack: 0x0000008438300000,0x0000008438400000] [id=1896]

Stack: [0x0000008438300000,0x0000008438400000],  sp=0x00000084383ff860,  free space=1022k
Native frames: (J=compiled Java code, j=interpreted, Vv=VM code, C=native code)
V  [jvm.dll+0x6b0316]
V  [jvm.dll+0x6b07d6]
V  [jvm.dll+0x6b8cfc]
V  [jvm.dll+0x6b9cfa]
V  [jvm.dll+0x86226b]
V  [jvm.dll+0x8622b6]
V  [jvm.dll+0x7e3fba]
V  [jvm.dll+0x67c1b5]
C  [ucrtbase.dll+0x29333]
C  [KERNEL32.DLL+0x1257d]
C  [ntdll.dll+0x5aa48]


siginfo: EXCEPTION_ACCESS_VIOLATION (0xc0000005), reading address 0xffffffffffffffff


Registers:
RAX=0x1ffffffff0000001, RBX=0x0000000000000008, RCX=0x0000000000000001, RDX=0x0000028029b40000
RSP=0x00000084383ff860, RBP=0x0000028017cad740, RSI=0x0000000000000004, RDI=0x0000000080d7d72c
R8 =0x007fffffffc00000, R9 =0x0000000000002add, R10=0x0000000085dccbc8, R11=0x00000000000000bb
R12=0x0000008436ffed28, R13=0x0000000000000010, R14=0x0000000080d7e5f8, R15=0x0000000000000000
RIP=0x00007ff8dc410316, EFLAGS=0x0000000000010206


Register to memory mapping:

RIP=0x00007ff8dc410316 jvm.dll
RAX=0x1ffffffff0000001 is an unknown value
RBX=0x0000000000000008 is an unknown value
RCX=0x0000000000000001 is an unknown value
RDX=0x0000028029b40000 points into unknown readable memory: 0x0000000000100005 | 05 00 10 00 00 00 00 00
RSP=0x00000084383ff860 points into unknown readable memory: 0x0000000085dccbc8 | c8 cb dc 85 00 00 00 00
RBP=0x0000028017cad740 points into unknown readable memory: 0x000002802e054f00 | 00 4f 05 2e 80 02 00 00
RSI=0x0000000000000004 is an unknown value
RDI=0x0000000080d7d72c is pointing into object: [Ljava.util.Hashtable$Entry; 
{0x0000000080cda5e8} - klass: 'java/util/Hashtable$Entry'[]
 - length: 200000
R8 =0x007fffffffc00000 is an unknown value
R9 =0x0000000000002add is an unknown value
R10=0x0000000085dccbc8 is an oop: java.util.Hashtable$Entry 
{0x0000000085dccbc8} - klass: 'java/util/Hashtable$Entry'
 - ---- fields (total size 4 words):
 - final 'hash' 'I' @12  1161366979 (45390dc3)
 - final 'key' 'Ljava/lang/Object;' @16  a 'org/eclipse/jdt/internal/core/BinaryType'{0x0000000085d685f8} (85d685f8)
 - 'value' 'Ljava/lang/Object;' @20  a 'org/eclipse/jdt/internal/core/util/LRUCache$LRUCacheEntry'{0x0000000085d685d0} (85d685d0)
 - 'next' 'Ljava/util/Hashtable$Entry;' @24  NULL (0)
R11=0x00000000000000bb is an unknown value
R12=0x0000008436ffed28 points into unknown readable memory: 0x000000000000000a | 0a 00 00 00 00 00 00 00
R13=0x0000000000000010 is an unknown value
R14=0x0000000080d7e5f8 is pointing into object: [Ljava.util.Hashtable$Entry; 
{0x0000000080cda5e8} - klass: 'java/util/Hashtable$Entry'[]
 - length: 200000
R15=0x0 is NULL


Top of Stack: (sp=0x00000084383ff860)
0x00000084383ff860:   0000000085dccbc8 0000000080d7d704
0x00000084383ff870:   0000000000000000 00007ff8dc88c7a0
0x00000084383ff880:   00007ff8dc88c7a0 00007ff8dc4107d6
0x00000084383ff890:   0000028017cad740 00007ff8dc67bb90
0x00000084383ff8a0:   00007ff8dc711158 000000000000002c
0x00000084383ff8b0:   0000000080cda5e8 00007ff800028800
0x00000084383ff8c0:   0000028000000003 0000028017cad740
0x00000084383ff8d0:   0000000000000000 0000000000000000
0x00000084383ff8e0:   00007ff8dc67bb90 0000028017c171e0
0x00000084383ff8f0:   0000028000000003 0000028017cad740
0x00000084383ff900:   0000000000000000 0000000000000000
0x00000084383ff910:   0000000000000001 0000000080cde5f8
0x00000084383ff920:   0000000080cde5f8 000000000000000c
0x00000084383ff930:   0000028017cad740 00007ff8dc418cfc
0x00000084383ff940:   0000000085ba9f90 0000251f00002adc
0x00000084383ff950:   0000017a0000002c 0000000085ba9f90
0x00000084383ff960:   0000000080cda5e8 00007ff800000800
0x00000084383ff970:   00007ff8dc711948 0000008436ffebe0
0x00000084383ff980:   0000000000000000 0000000000000000
0x00000084383ff990:   0000000000000001 0000008436ffed20
0x00000084383ff9a0:   0000008436ffece8 0000008436ffebe0
0x00000084383ff9b0:   0000000000000001 00007ff8dc419cfa
0x00000084383ff9c0:   0000000000000005 00000084383ffa40
0x00000084383ff9d0:   0000000000000000 0000028017cad740
0x00000084383ff9e0:   0000008436ffef80 000002802e13a050
0x00000084383ff9f0:   0000000100000002 0000028017cad740
0x00000084383ffa00:   00007ff8dc711948 0000028017cad740
0x00000084383ffa10:   00007ff8dc711b50 0000000000000001
0x00000084383ffa20:   0000000000000000 0000000000000000
0x00000084383ffa30:   0000000000000000 000021e35ecf3dd7
0x00000084383ffa40:   0000000000000000 0000028035014ec0
0x00000084383ffa50:   0000000000000000 0000000000000000 

Instructions: (pc=0x00007ff8dc410316)
0x00007ff8dc410216:   48 8b 74 24 48 48 83 c4 20 5f c3 cc cc cc cc cc
0x00007ff8dc410226:   cc cc cc cc cc cc cc cc cc cc 48 89 5c 24 08 48
0x00007ff8dc410236:   89 6c 24 10 48 89 74 24 18 48 89 7c 24 20 41 56
0x00007ff8dc410246:   48 83 ec 20 80 3d 30 31 4d 00 00 bb 10 00 00 00
0x00007ff8dc410256:   48 8b e9 4d 63 d0 4c 8b da 8b c3 8d 4b fc 0f 84
0x00007ff8dc410266:   06 01 00 00 44 0f b6 0d 10 31 4d 00 45 84 c9 0f
0x00007ff8dc410276:   45 c1 4c 63 04 10 49 8b d2 49 8b c0 49 2b c2 41
0x00007ff8dc410286:   ba 00 08 00 00 49 3b c2 4c 0f 42 d0 b8 18 00 00
0x00007ff8dc410296:   00 4c 03 d2 45 84 c9 0f 45 c3 49 03 c3 48 8d 3c
0x00007ff8dc4102a6:   90 4e 8d 34 90 4d 3b d0 73 0e 4d 8b c2 49 8b d3
0x00007ff8dc4102b6:   48 8b cd e8 82 0b 00 00 49 3b fe 0f 83 90 01 00
0x00007ff8dc4102c6:   00 66 0f 1f 84 00 00 00 00 00 8b 07 85 c0 0f 84
0x00007ff8dc4102d6:   84 00 00 00 8b 0d 08 70 46 00 8b d8 48 8b 15 17
0x00007ff8dc4102e6:   d3 4e 00 48 d3 e3 48 03 1d ed 6f 46 00 8b 0d 3f
0x00007ff8dc4102f6:   7f 46 00 48 8b c3 48 2b 02 48 8b 52 10 48 c1 e8
0x00007ff8dc410306:   03 48 d3 e8 4c 8b c0 24 3f 49 c1 e8 06 0f b6 c8
0x00007ff8dc410316:   4a 8b 04 c2 48 0f a3 c8 72 3e 48 8b cb e8 78 c7
0x00007ff8dc410326:   95 ff 48 63 f0 48 8d 0d 9e d4 4e 00 4c 8b c6 48
0x00007ff8dc410336:   8b d3 e8 d3 72 fd ff 84 c0 74 1d 4c 8b c6 48 8d
0x00007ff8dc410346:   0d c5 d4 4e 00 48 8b d3 e8 0d 2f 00 00 48 8b d3
0x00007ff8dc410356:   48 8b cd e8 42 0a 00 00 48 83 c7 04 49 3b fe 0f
0x00007ff8dc410366:   82 65 ff ff ff e9 e7 00 00 00 0f b6 15 0b 30 4d
0x00007ff8dc410376:   00 84 d2 48 0f 45 c1 49 8b ca 4e 63 0c 18 49 8b
0x00007ff8dc410386:   c1 49 2b c2 41 ba 00 08 00 00 49 3b c2 4c 0f 42
0x00007ff8dc410396:   d0 b8 18 00 00 00 4c 03 d1 84 d2 48 0f 45 c3 49
0x00007ff8dc4103a6:   03 c3 48 8d 3c c8 4e 8d 34 d0 4d 3b d1 73 0e 4d
0x00007ff8dc4103b6:   8b c2 49 8b d3 48 8b cd e8 7d 0a 00 00 49 3b fe
0x00007ff8dc4103c6:   0f 83 8b 00 00 00 0f 1f 40 00 48 8b 1f 48 85 db
0x00007ff8dc4103d6:   74 72 48 8b 15 21 d2 4e 00 48 8b c3 8b 0d 50 7e
0x00007ff8dc4103e6:   46 00 48 2b 02 48 8b 52 10 48 c1 e8 03 48 d3 e8
0x00007ff8dc4103f6:   4c 8b c0 24 3f 49 c1 e8 06 0f b6 c8 4a 8b 04 c2
0x00007ff8dc410406:   48 0f a3 c8 72 3e 48 8b cb e8 8c c6 95 ff 48 63 


Stack slot to memory mapping:
stack at sp + 0 slots: 0x0000000085dccbc8 is an oop: java.util.Hashtable$Entry 
{0x0000000085dccbc8} - klass: 'java/util/Hashtable$Entry'
 - ---- fields (total size 4 words):
 - final 'hash' 'I' @12  1161366979 (45390dc3)
 - final 'key' 'Ljava/lang/Object;' @16  a 'org/eclipse/jdt/internal/core/BinaryType'{0x0000000085d685f8} (85d685f8)
 - 'value' 'Ljava/lang/Object;' @20  a 'org/eclipse/jdt/internal/core/util/LRUCache$LRUCacheEntry'{0x0000000085d685d0} (85d685d0)
 - 'next' 'Ljava/util/Hashtable$Entry;' @24  NULL (0)
stack at sp + 1 slots: 0x0000000080d7d704 is pointing into object: [Ljava.util.Hashtable$Entry; 
{0x0000000080cda5e8} - klass: 'java/util/Hashtable$Entry'[]
 - length: 200000
stack at sp + 2 slots: 0x0 is NULL
stack at sp + 3 slots: 0x00007ff8dc88c7a0 jvm.dll
stack at sp + 4 slots: 0x00007ff8dc88c7a0 jvm.dll
stack at sp + 5 slots: 0x00007ff8dc4107d6 jvm.dll
stack at sp + 6 slots: 0x0000028017cad740 points into unknown readable memory: 0x000002802e054f00 | 00 4f 05 2e 80 02 00 00
stack at sp + 7 slots: 0x00007ff8dc67bb90 jvm.dll


---------------  P R O C E S S  ---------------

Threads class SMR info:
_java_thread_list=0x0000028036038ad0, length=53, elements={
0x0000028017bff470, 0x000002802e133020, 0x000002802e1357e0, 0x00000280331bbb30,
0x00000280331c5c80, 0x00000280331c6550, 0x00000280331c6f20, 0x00000280331c7d20,
0x000002802e137f50, 0x000002802e13c490, 0x0000028033254dd0, 0x00000280334f2c30,
0x0000028034ec1230, 0x0000028034ebda80, 0x0000028034ebdf90, 0x0000028034ebf3d0,
0x0000028034ebeec0, 0x0000028034ebe4a0, 0x00000280357a4690, 0x00000280357a4ba0,
0x000002803579ffb0, 0x00000280357a2d40, 0x00000280357a04c0, 0x00000280357a1e10,
0x000002803579f080, 0x00000280357a13f0, 0x00000280357a3250, 0x00000280357a5fe0,
0x00000280357a1900, 0x00000280357a09d0, 0x00000280357a0ee0, 0x00000280357a2320,
0x00000280357a50b0, 0x00000280357a2830, 0x00000280357a3c70, 0x00000280357a4180,
0x00000280357a64f0, 0x00000280357a55c0, 0x0000028034ebf8e0, 0x000002803579f590,
0x0000028039f1b9f0, 0x0000028039f19170, 0x0000028039f1d850, 0x0000028039f18240,
0x0000028039f1aac0, 0x0000028039f1bf00, 0x0000028039f16e00, 0x0000028039f1a5b0,
0x0000028039f1b4e0, 0x000002803a308c10, 0x000002803a30a560, 0x0000028036d65aa0,
0x0000028036d60af0
}

Java Threads: ( => current thread )
  0x0000028017bff470 JavaThread "main" [_thread_blocked, id=3540, stack(0x0000008436d00000,0x0000008436e00000)]
  0x000002802e133020 JavaThread "Reference Handler" daemon [_thread_blocked, id=5520, stack(0x0000008437000000,0x0000008437100000)]
  0x000002802e1357e0 JavaThread "Finalizer" daemon [_thread_blocked, id=12004, stack(0x0000008437100000,0x0000008437200000)]
  0x00000280331bbb30 JavaThread "Signal Dispatcher" daemon [_thread_blocked, id=13144, stack(0x0000008437200000,0x0000008437300000)]
  0x00000280331c5c80 JavaThread "Attach Listener" daemon [_thread_blocked, id=11740, stack(0x0000008437300000,0x0000008437400000)]
  0x00000280331c6550 JavaThread "Service Thread" daemon [_thread_blocked, id=2912, stack(0x0000008437400000,0x0000008437500000)]
  0x00000280331c6f20 JavaThread "Monitor Deflation Thread" daemon [_thread_blocked, id=3212, stack(0x0000008437500000,0x0000008437600000)]
  0x00000280331c7d20 JavaThread "C2 CompilerThread0" daemon [_thread_blocked, id=12808, stack(0x0000008437600000,0x0000008437700000)]
  0x000002802e137f50 JavaThread "C1 CompilerThread0" daemon [_thread_blocked, id=11836, stack(0x0000008437700000,0x0000008437800000)]
  0x000002802e13c490 JavaThread "Sweeper thread" daemon [_thread_blocked, id=7848, stack(0x0000008437800000,0x0000008437900000)]
  0x0000028033254dd0 JavaThread "Common-Cleaner" daemon [_thread_blocked, id=6176, stack(0x0000008437900000,0x0000008437a00000)]
  0x00000280334f2c30 JavaThread "Notification Thread" daemon [_thread_blocked, id=5300, stack(0x0000008437b00000,0x0000008437c00000)]
  0x0000028034ec1230 JavaThread "Active Thread: Equinox Container: 41d54f9b-38e5-41cb-99ab-0cbb366d4f01" [_thread_blocked, id=4648, stack(0x0000008438400000,0x0000008438500000)]
  0x0000028034ebda80 JavaThread "Framework Event Dispatcher: Equinox Container: 41d54f9b-38e5-41cb-99ab-0cbb366d4f01" daemon [_thread_blocked, id=3096, stack(0x0000008437d00000,0x0000008437e00000)]
  0x0000028034ebdf90 JavaThread "Start Level: Equinox Container: 41d54f9b-38e5-41cb-99ab-0cbb366d4f01" daemon [_thread_blocked, id=11332, stack(0x0000008438500000,0x0000008438600000)]
  0x0000028034ebf3d0 JavaThread "Bundle File Closer" daemon [_thread_blocked, id=12532, stack(0x0000008438800000,0x0000008438900000)]
  0x0000028034ebeec0 JavaThread "SCR Component Actor" daemon [_thread_blocked, id=5580, stack(0x0000008438600000,0x0000008438700000)]
  0x0000028034ebe4a0 JavaThread "Worker-JM" [_thread_blocked, id=7748, stack(0x0000008438b00000,0x0000008438c00000)]
  0x00000280357a4690 JavaThread "Java indexing" daemon [_thread_blocked, id=1996, stack(0x0000008439100000,0x0000008439200000)]
  0x00000280357a4ba0 JavaThread "JNA Cleaner" daemon [_thread_blocked, id=6580, stack(0x0000008439200000,0x0000008439300000)]
  0x000002803579ffb0 JavaThread "Thread-2" daemon [_thread_in_native, id=3844, stack(0x0000008439500000,0x0000008439600000)]
  0x00000280357a2d40 JavaThread "Thread-3" daemon [_thread_in_native, id=7844, stack(0x0000008439600000,0x0000008439700000)]
  0x00000280357a04c0 JavaThread "Thread-4" daemon [_thread_in_native, id=11464, stack(0x0000008439700000,0x0000008439800000)]
  0x00000280357a1e10 JavaThread "Thread-5" daemon [_thread_in_native, id=3980, stack(0x0000008439800000,0x0000008439900000)]
  0x000002803579f080 JavaThread "Thread-6" daemon [_thread_in_native, id=12348, stack(0x0000008439900000,0x0000008439a00000)]
  0x00000280357a13f0 JavaThread "Thread-7" daemon [_thread_in_native, id=6676, stack(0x0000008439a00000,0x0000008439b00000)]
  0x00000280357a3250 JavaThread "Thread-8" daemon [_thread_in_native, id=6648, stack(0x0000008439b00000,0x0000008439c00000)]
  0x00000280357a5fe0 JavaThread "Thread-9" daemon [_thread_in_native, id=11848, stack(0x0000008439c00000,0x0000008439d00000)]
  0x00000280357a1900 JavaThread "Thread-10" daemon [_thread_in_native, id=6592, stack(0x0000008439d00000,0x0000008439e00000)]
  0x00000280357a09d0 JavaThread "Thread-11" daemon [_thread_in_native, id=11780, stack(0x0000008439e00000,0x0000008439f00000)]
  0x00000280357a0ee0 JavaThread "Thread-12" daemon [_thread_in_native, id=13268, stack(0x0000008439f00000,0x000000843a000000)]
  0x00000280357a2320 JavaThread "Thread-13" daemon [_thread_in_native, id=3304, stack(0x000000843a000000,0x000000843a100000)]
  0x00000280357a50b0 JavaThread "Thread-14" daemon [_thread_in_native, id=10952, stack(0x000000843a100000,0x000000843a200000)]
  0x00000280357a2830 JavaThread "pool-2-thread-1" [_thread_blocked, id=4516, stack(0x000000843a200000,0x000000843a300000)]
  0x00000280357a3c70 JavaThread "WorkspaceEventsHandler" [_thread_blocked, id=6972, stack(0x000000843a300000,0x000000843a400000)]
  0x00000280357a4180 JavaThread "pool-1-thread-1" [_thread_blocked, id=11676, stack(0x000000843a400000,0x000000843a500000)]
  0x00000280357a64f0 JavaThread "Worker-3" [_thread_blocked, id=2488, stack(0x0000008438c00000,0x0000008438d00000)]
  0x00000280357a55c0 JavaThread "Worker-4: Send Classpath Notifications" [_thread_blocked, id=2152, stack(0x000000843a600000,0x000000843a700000)]
  0x0000028034ebf8e0 JavaThread "ForkJoinPool.commonPool-worker-1" daemon [_thread_blocked, id=14156, stack(0x000000843a500000,0x000000843a600000)]
  0x000002803579f590 JavaThread "ForkJoinPool.commonPool-worker-2" daemon [_thread_blocked, id=14176, stack(0x000000843a800000,0x000000843a900000)]
  0x0000028039f1b9f0 JavaThread "Worker-6" [_thread_blocked, id=8980, stack(0x000000843a900000,0x000000843aa00000)]
  0x0000028039f19170 JavaThread "ForkJoinPool.commonPool-worker-3" daemon [_thread_blocked, id=3516, stack(0x000000843aa00000,0x000000843ab00000)]
  0x0000028039f1d850 JavaThread "ForkJoinPool.commonPool-worker-4" daemon [_thread_blocked, id=13904, stack(0x0000008438a00000,0x0000008438b00000)]
  0x0000028039f18240 JavaThread "ForkJoinPool.commonPool-worker-5" daemon [_thread_blocked, id=14288, stack(0x0000008439000000,0x0000008439100000)]
  0x0000028039f1aac0 JavaThread "ForkJoinPool.commonPool-worker-6" daemon [_thread_blocked, id=13140, stack(0x000000843ad00000,0x000000843ae00000)]
  0x0000028039f1bf00 JavaThread "ForkJoinPool.commonPool-worker-8" daemon [_thread_blocked, id=2432, stack(0x000000843b000000,0x000000843b100000)]
  0x0000028039f16e00 JavaThread "ForkJoinPool.commonPool-worker-9" daemon [_thread_blocked, id=13740, stack(0x000000843af00000,0x000000843b000000)]
  0x0000028039f1a5b0 JavaThread "ForkJoinPool.commonPool-worker-10" daemon [_thread_blocked, id=11880, stack(0x000000843b100000,0x000000843b200000)]
  0x0000028039f1b4e0 JavaThread "ForkJoinPool.commonPool-worker-11" daemon [_thread_blocked, id=13628, stack(0x000000843b500000,0x000000843b600000)]
  0x000002803a308c10 JavaThread "Cleaner-0" daemon [_thread_blocked, id=14076, stack(0x000000843b700000,0x000000843b800000)]
  0x000002803a30a560 JavaThread "ForkJoinPool.commonPool-worker-12" daemon [_thread_blocked, id=12836, stack(0x0000008436c00000,0x0000008436d00000)]
  0x0000028036d65aa0 JavaThread "C2 CompilerThread1" daemon [_thread_blocked, id=3628, stack(0x0000008436a00000,0x0000008436b00000)]
  0x0000028036d60af0 JavaThread "C2 CompilerThread2" daemon [_thread_blocked, id=3964, stack(0x0000008436b00000,0x0000008436c00000)]

Other Threads:
  0x0000028017cae840 VMThread "VM Thread" [stack: 0x0000008436f00000,0x0000008437000000] [id=6600]
  0x0000028033469b00 WatcherThread [stack: 0x0000008437c00000,0x0000008437d00000] [id=4464]
  0x0000028017c17780 GCTaskThread "GC Thread#0" [stack: 0x0000008436e00000,0x0000008436f00000] [id=5448]
  0x0000028035046be0 GCTaskThread "GC Thread#1" [stack: 0x0000008437e00000,0x0000008437f00000] [id=12500]
  0x00000280353ab410 GCTaskThread "GC Thread#2" [stack: 0x0000008437f00000,0x0000008438000000] [id=4664]
  0x00000280353ab6d0 GCTaskThread "GC Thread#3" [stack: 0x0000008438000000,0x0000008438100000] [id=2052]
  0x00000280351060b0 GCTaskThread "GC Thread#4" [stack: 0x0000008438100000,0x0000008438200000] [id=5524]
  0x0000028035106580 GCTaskThread "GC Thread#5" [stack: 0x0000008438200000,0x0000008438300000] [id=1336]
=>0x0000028035014ec0 GCTaskThread "GC Thread#6" [stack: 0x0000008438300000,0x0000008438400000] [id=1896]
  0x00000280352d2400 GCTaskThread "GC Thread#7" [stack: 0x0000008437a00000,0x0000008437b00000] [id=7224]
  0x00000280354550c0 GCTaskThread "GC Thread#8" [stack: 0x0000008438700000,0x0000008438800000] [id=9088]
  0x0000028035455380 GCTaskThread "GC Thread#9" [stack: 0x0000008438900000,0x0000008438a00000] [id=8708]

Threads with active compile tasks:
C2 CompilerThread0   159406 19126       4       org.eclipse.jdt.internal.core.index.DiskIndex::addQueryResults (739 bytes)
C2 CompilerThread1   159406 19150   !   4       org.eclipse.jdt.internal.core.SearchableEnvironment::hasSubPackageInUnnamedModule (132 bytes)
C2 CompilerThread2   159406 19137       4       org.eclipse.jdt.internal.core.JavaProject$ModuleLookup::addTransitive (71 bytes)

VM state: at safepoint (normal execution)

VM Mutex/Monitor currently owned by a thread:  ([mutex/lock_event])
[0x0000028017bfadb0] Threads_lock - owner thread: 0x0000028017cae840
[0x0000028017bfb080] Heap_lock - owner thread: 0x0000028039f1a5b0

Heap address: 0x0000000080000000, size: 2048 MB, Compressed Oops mode: 32-bit

CDS archive(s) not mapped
Compressed class space mapped at: 0x0000000100000000-0x0000000140000000, reserved size: 1073741824
Narrow klass base: 0x0000000000000000, Narrow klass shift: 3, Narrow klass range: 0x140000000

GC Precious Log:
 CPUs: 12 total, 12 available
 Memory: 16225M
 Large Page Support: Disabled
 NUMA Support: Disabled
 Compressed Oops: Enabled (32-bit)
 Alignments: Space 512K, Generation 512K, Heap 2M
 Heap Min Capacity: 100M
 Heap Initial Capacity: 100M
 Heap Max Capacity: 2G
 Pre-touch: Disabled
 Parallel Workers: 10

Heap:
 PSYoungGen      total 6144K, used 730K [0x00000000d5580000, 0x00000000d5d80000, 0x0000000100000000)
  eden space 5120K, 0% used [0x00000000d5580000,0x00000000d5580000,0x00000000d5a80000)
  from space 1024K, 71% used [0x00000000d5c80000,0x00000000d5d36900,0x00000000d5d80000)
  to   space 1024K, 0% used [0x00000000d5b80000,0x00000000d5b80000,0x00000000d5c80000)
 ParOldGen       total 210432K, used 210384K [0x0000000080000000, 0x000000008cd80000, 0x00000000d5580000)
  object space 210432K, 99% used [0x0000000080000000,0x000000008cd740b8,0x000000008cd80000)
 Metaspace       used 84589K, committed 86080K, reserved 1179648K
  class space    used 8520K, committed 9152K, reserved 1048576K

Card table byte_map: [0x0000028017590000,0x00000280179a0000] _byte_map_base: 0x0000028017190000

Marking Bits: (ParMarkBitMap*) 0x00007ff8dc8fd7d0
 Begin Bits: [0x0000028029b40000, 0x000002802bb40000)
 End Bits:   [0x000002802bb40000, 0x000002802db40000)

Polling page: 0x0000028015bc0000

Metaspace:

Usage:
  Non-class:     74.29 MB used.
      Class:      8.32 MB used.
       Both:     82.61 MB used.

Virtual space:
  Non-class space:      128.00 MB reserved,      75.12 MB ( 59%) committed,  2 nodes.
      Class space:        1.00 GB reserved,       8.94 MB ( <1%) committed,  1 nodes.
             Both:        1.12 GB reserved,      84.06 MB (  7%) committed. 

Chunk freelists:
   Non-Class:  3.97 MB
       Class:  6.88 MB
        Both:  10.85 MB

MaxMetaspaceSize: unlimited
CompressedClassSpaceSize: 1.00 GB
Initial GC threshold: 21.00 MB
Current GC threshold: 137.50 MB
CDS: off
MetaspaceReclaimPolicy: balanced
 - commit_granule_bytes: 65536.
 - commit_granule_words: 8192.
 - virtual_space_node_default_size: 8388608.
 - enlarge_chunks_in_place: 1.
 - new_chunks_are_fully_committed: 0.
 - uncommit_free_chunks: 1.
 - use_allocation_guard: 0.
 - handle_deallocations: 1.


Internal statistics:

num_allocs_failed_limit: 9.
num_arena_births: 1154.
num_arena_deaths: 22.
num_vsnodes_births: 3.
num_vsnodes_deaths: 0.
num_space_committed: 1345.
num_space_uncommitted: 0.
num_chunks_returned_to_freelist: 35.
num_chunks_taken_from_freelist: 4899.
num_chunk_merges: 13.
num_chunk_splits: 2969.
num_chunks_enlarged: 1663.
num_inconsistent_stats: 0.

CodeHeap 'non-profiled nmethods': size=120000Kb used=12030Kb max_used=12030Kb free=107969Kb
 bounds [0x0000028022360000, 0x0000028022f20000, 0x0000028029890000]
CodeHeap 'profiled nmethods': size=120000Kb used=32883Kb max_used=34122Kb free=87116Kb
 bounds [0x000002801a890000, 0x000002801ca10000, 0x0000028021dc0000]
CodeHeap 'non-nmethods': size=5760Kb used=1414Kb max_used=1505Kb free=4346Kb
 bounds [0x0000028021dc0000, 0x0000028022030000, 0x0000028022360000]
 total_blobs=15301 nmethods=14536 adapters=675
 compilation: enabled
              stopped_count=0, restarted_count=0
 full_count=0

Compilation events (20 events):
Event: 159.357 Thread 0x000002802e137f50 19168       3       org.eclipse.jdt.internal.compiler.ast.QualifiedNameReference::computeConversion (212 bytes)
Event: 159.357 Thread 0x000002802e137f50 nmethod 19168 0x000002801bd8c710 code [0x000002801bd8ca40, 0x000002801bd8e278]
Event: 159.357 Thread 0x000002802e137f50 19172       2       lombok.eclipse.agent.PatchExtensionMethod::upToType (26 bytes)
Event: 159.358 Thread 0x000002802e137f50 nmethod 19172 0x000002801bc7d990 code [0x000002801bc7db40, 0x000002801bc7dd98]
Event: 159.358 Thread 0x000002802e137f50 19169       3       lombok.eclipse.handlers.HandleEqualsAndHashCode::generateEqualsAndHashCodeForType (76 bytes)
Event: 159.358 Thread 0x000002802e137f50 nmethod 19169 0x000002801bc80e90 code [0x000002801bc810c0, 0x000002801bc81758]
Event: 159.358 Thread 0x000002802e137f50 19170       3       lombok.eclipse.handlers.HandleToString::generateToStringForType (110 bytes)
Event: 159.358 Thread 0x000002802e137f50 nmethod 19170 0x000002801bc9a810 code [0x000002801bc9aa40, 0x000002801bc9b0e8]
Event: 159.362 Thread 0x000002802e137f50 19185       2       org.eclipse.jdt.internal.compiler.lookup.Scope::tagAsAccessingEnclosingInstanceStateOf (304 bytes)
Event: 159.363 Thread 0x000002802e137f50 nmethod 19185 0x000002801b268f90 code [0x000002801b269240, 0x000002801b26a058]
Event: 159.363 Thread 0x000002802e137f50 19188       3       org.eclipse.jdt.internal.core.util.LRUCache::privateRemoveEntry (79 bytes)
Event: 159.363 Thread 0x000002802e137f50 nmethod 19188 0x000002801b4c7710 code [0x000002801b4c78c0, 0x000002801b4c7c48]
Event: 159.363 Thread 0x000002802e137f50 19186       2       org.eclipse.jdt.internal.core.hierarchy.BindingMap::insertIntoIdMap (55 bytes)
Event: 159.363 Thread 0x000002802e137f50 nmethod 19186 0x000002801b965390 code [0x000002801b965540, 0x000002801b965868]
Event: 159.363 Thread 0x000002802e137f50 19187       1       org.eclipse.jdt.internal.compiler.DefaultErrorHandlingPolicies$1::ignoreAllErrors (2 bytes)
Event: 159.364 Thread 0x000002802e137f50 nmethod 19187 0x0000028022f1f490 code [0x0000028022f1f620, 0x0000028022f1f6f8]
Event: 159.364 Thread 0x000002802e137f50 19190       1       org.eclipse.jdt.internal.core.BinaryMember::isBinary (2 bytes)
Event: 159.364 Thread 0x000002802e137f50 nmethod 19190 0x0000028022f1f790 code [0x0000028022f1f920, 0x0000028022f1f9f8]
Event: 159.364 Thread 0x000002802e137f50 19191       3       org.eclipse.jdt.internal.core.NamedMember::<init> (12 bytes)
Event: 159.364 Thread 0x000002802e137f50 nmethod 19191 0x000002801bd16710 code [0x000002801bd16900, 0x000002801bd16ec8]

GC Heap History (20 events):
Event: 159.313 GC heap after
{Heap after GC invocations=280 (full 8):
 PSYoungGen      total 2048K, used 960K [0x00000000d5580000, 0x00000000d6280000, 0x0000000100000000)
  eden space 1024K, 0% used [0x00000000d5580000,0x00000000d5580000,0x00000000d5680000)
  from space 1024K, 93% used [0x00000000d5680000,0x00000000d5770000,0x00000000d5780000)
  to   space 4608K, 0% used [0x00000000d5e00000,0x00000000d5e00000,0x00000000d6280000)
 ParOldGen       total 210432K, used 203303K [0x0000000080000000, 0x000000008cd80000, 0x00000000d5580000)
  object space 210432K, 96% used [0x0000000080000000,0x000000008c689ea0,0x000000008cd80000)
 Metaspace       used 84574K, committed 86080K, reserved 1179648K
  class space    used 8520K, committed 9152K, reserved 1048576K
}
Event: 159.314 GC heap before
{Heap before GC invocations=281 (full 8):
 PSYoungGen      total 2048K, used 1984K [0x00000000d5580000, 0x00000000d6280000, 0x0000000100000000)
  eden space 1024K, 100% used [0x00000000d5580000,0x00000000d5680000,0x00000000d5680000)
  from space 1024K, 93% used [0x00000000d5680000,0x00000000d5770000,0x00000000d5780000)
  to   space 4608K, 0% used [0x00000000d5e00000,0x00000000d5e00000,0x00000000d6280000)
 ParOldGen       total 210432K, used 203303K [0x0000000080000000, 0x000000008cd80000, 0x00000000d5580000)
  object space 210432K, 96% used [0x0000000080000000,0x000000008c689ea0,0x000000008cd80000)
 Metaspace       used 84574K, committed 86080K, reserved 1179648K
  class space    used 8520K, committed 9152K, reserved 1048576K
}
Event: 159.316 GC heap after
{Heap after GC invocations=281 (full 8):
 PSYoungGen      total 3072K, used 1088K [0x00000000d5580000, 0x00000000d5f80000, 0x0000000100000000)
  eden space 1536K, 0% used [0x00000000d5580000,0x00000000d5580000,0x00000000d5700000)
  from space 1536K, 70% used [0x00000000d5e00000,0x00000000d5f10000,0x00000000d5f80000)
  to   space 2048K, 0% used [0x00000000d5b80000,0x00000000d5b80000,0x00000000d5d80000)
 ParOldGen       total 210432K, used 204183K [0x0000000080000000, 0x000000008cd80000, 0x00000000d5580000)
  object space 210432K, 97% used [0x0000000080000000,0x000000008c765ea0,0x000000008cd80000)
 Metaspace       used 84574K, committed 86080K, reserved 1179648K
  class space    used 8520K, committed 9152K, reserved 1048576K
}
Event: 159.318 GC heap before
{Heap before GC invocations=282 (full 8):
 PSYoungGen      total 3072K, used 2624K [0x00000000d5580000, 0x00000000d5f80000, 0x0000000100000000)
  eden space 1536K, 100% used [0x00000000d5580000,0x00000000d5700000,0x00000000d5700000)
  from space 1536K, 70% used [0x00000000d5e00000,0x00000000d5f10000,0x00000000d5f80000)
  to   space 2048K, 0% used [0x00000000d5b80000,0x00000000d5b80000,0x00000000d5d80000)
 ParOldGen       total 210432K, used 204183K [0x0000000080000000, 0x000000008cd80000, 0x00000000d5580000)
  object space 210432K, 97% used [0x0000000080000000,0x000000008c765ea0,0x000000008cd80000)
 Metaspace       used 84574K, committed 86080K, reserved 1179648K
  class space    used 8520K, committed 9152K, reserved 1048576K
}
Event: 159.319 GC heap after
{Heap after GC invocations=282 (full 8):
 PSYoungGen      total 4096K, used 1664K [0x00000000d5580000, 0x00000000d5e80000, 0x0000000100000000)
  eden space 2048K, 0% used [0x00000000d5580000,0x00000000d5580000,0x00000000d5780000)
  from space 2048K, 81% used [0x00000000d5b80000,0x00000000d5d20000,0x00000000d5d80000)
  to   space 1024K, 0% used [0x00000000d5d80000,0x00000000d5d80000,0x00000000d5e80000)
 ParOldGen       total 210432K, used 205183K [0x0000000080000000, 0x000000008cd80000, 0x00000000d5580000)
  object space 210432K, 97% used [0x0000000080000000,0x000000008c85fea0,0x000000008cd80000)
 Metaspace       used 84574K, committed 86080K, reserved 1179648K
  class space    used 8520K, committed 9152K, reserved 1048576K
}
Event: 159.322 GC heap before
{Heap before GC invocations=283 (full 8):
 PSYoungGen      total 4096K, used 3712K [0x00000000d5580000, 0x00000000d5e80000, 0x0000000100000000)
  eden space 2048K, 100% used [0x00000000d5580000,0x00000000d5780000,0x00000000d5780000)
  from space 2048K, 81% used [0x00000000d5b80000,0x00000000d5d20000,0x00000000d5d80000)
  to   space 1024K, 0% used [0x00000000d5d80000,0x00000000d5d80000,0x00000000d5e80000)
 ParOldGen       total 210432K, used 205183K [0x0000000080000000, 0x000000008cd80000, 0x00000000d5580000)
  object space 210432K, 97% used [0x0000000080000000,0x000000008c85fea0,0x000000008cd80000)
 Metaspace       used 84574K, committed 86080K, reserved 1179648K
  class space    used 8520K, committed 9152K, reserved 1048576K
}
Event: 159.324 GC heap after
{Heap after GC invocations=283 (full 8):
 PSYoungGen      total 3584K, used 1024K [0x00000000d5580000, 0x00000000d5f00000, 0x0000000100000000)
  eden space 2560K, 0% used [0x00000000d5580000,0x00000000d5580000,0x00000000d5800000)
  from space 1024K, 100% used [0x00000000d5d80000,0x00000000d5e80000,0x00000000d5e80000)
  to   space 3584K, 0% used [0x00000000d5800000,0x00000000d5800000,0x00000000d5b80000)
 ParOldGen       total 210432K, used 207127K [0x0000000080000000, 0x000000008cd80000, 0x00000000d5580000)
  object space 210432K, 98% used [0x0000000080000000,0x000000008ca45ea0,0x000000008cd80000)
 Metaspace       used 84574K, committed 86080K, reserved 1179648K
  class space    used 8520K, committed 9152K, reserved 1048576K
}
Event: 159.329 GC heap before
{Heap before GC invocations=284 (full 8):
 PSYoungGen      total 3584K, used 3584K [0x00000000d5580000, 0x00000000d5f00000, 0x0000000100000000)
  eden space 2560K, 100% used [0x00000000d5580000,0x00000000d5800000,0x00000000d5800000)
  from space 1024K, 100% used [0x00000000d5d80000,0x00000000d5e80000,0x00000000d5e80000)
  to   space 3584K, 0% used [0x00000000d5800000,0x00000000d5800000,0x00000000d5b80000)
 ParOldGen       total 210432K, used 207127K [0x0000000080000000, 0x000000008cd80000, 0x00000000d5580000)
  object space 210432K, 98% used [0x0000000080000000,0x000000008ca45ea0,0x000000008cd80000)
 Metaspace       used 84574K, committed 86080K, reserved 1179648K
  class space    used 8520K, committed 9152K, reserved 1048576K
}
Event: 159.330 GC heap after
{Heap after GC invocations=284 (full 8):
 PSYoungGen      total 6144K, used 640K [0x00000000d5580000, 0x00000000d5e00000, 0x0000000100000000)
  eden space 2560K, 0% used [0x00000000d5580000,0x00000000d5580000,0x00000000d5800000)
  from space 3584K, 17% used [0x00000000d5800000,0x00000000d58a0000,0x00000000d5b80000)
  to   space 1536K, 0% used [0x00000000d5c80000,0x00000000d5c80000,0x00000000d5e00000)
 ParOldGen       total 210432K, used 208204K [0x0000000080000000, 0x000000008cd80000, 0x00000000d5580000)
  object space 210432K, 98% used [0x0000000080000000,0x000000008cb530a0,0x000000008cd80000)
 Metaspace       used 84574K, committed 86080K, reserved 1179648K
  class space    used 8520K, committed 9152K, reserved 1048576K
}
Event: 159.332 GC heap before
{Heap before GC invocations=285 (full 8):
 PSYoungGen      total 6144K, used 3200K [0x00000000d5580000, 0x00000000d5e00000, 0x0000000100000000)
  eden space 2560K, 100% used [0x00000000d5580000,0x00000000d5800000,0x00000000d5800000)
  from space 3584K, 17% used [0x00000000d5800000,0x00000000d58a0000,0x00000000d5b80000)
  to   space 1536K, 0% used [0x00000000d5c80000,0x00000000d5c80000,0x00000000d5e00000)
 ParOldGen       total 210432K, used 208204K [0x0000000080000000, 0x000000008cd80000, 0x00000000d5580000)
  object space 210432K, 98% used [0x0000000080000000,0x000000008cb530a0,0x000000008cd80000)
 Metaspace       used 84574K, committed 86080K, reserved 1179648K
  class space    used 8520K, committed 9152K, reserved 1048576K
}
Event: 159.333 GC heap after
{Heap after GC invocations=285 (full 8):
 PSYoungGen      total 3584K, used 352K [0x00000000d5580000, 0x00000000d5d00000, 0x0000000100000000)
  eden space 3072K, 0% used [0x00000000d5580000,0x00000000d5580000,0x00000000d5880000)
  from space 512K, 68% used [0x00000000d5c80000,0x00000000d5cd8000,0x00000000d5d00000)
  to   space 1024K, 0% used [0x00000000d5b00000,0x00000000d5b00000,0x00000000d5c00000)
 ParOldGen       total 210432K, used 208772K [0x0000000080000000, 0x000000008cd80000, 0x00000000d5580000)
  object space 210432K, 99% used [0x0000000080000000,0x000000008cbe10c0,0x000000008cd80000)
 Metaspace       used 84574K, committed 86080K, reserved 1179648K
  class space    used 8520K, committed 9152K, reserved 1048576K
}
Event: 159.337 GC heap before
{Heap before GC invocations=286 (full 8):
 PSYoungGen      total 3584K, used 3424K [0x00000000d5580000, 0x00000000d5d00000, 0x0000000100000000)
  eden space 3072K, 100% used [0x00000000d5580000,0x00000000d5880000,0x00000000d5880000)
  from space 512K, 68% used [0x00000000d5c80000,0x00000000d5cd8000,0x00000000d5d00000)
  to   space 1024K, 0% used [0x00000000d5b00000,0x00000000d5b00000,0x00000000d5c00000)
 ParOldGen       total 210432K, used 208772K [0x0000000080000000, 0x000000008cd80000, 0x00000000d5580000)
  object space 210432K, 99% used [0x0000000080000000,0x000000008cbe10c0,0x000000008cd80000)
 Metaspace       used 84576K, committed 86080K, reserved 1179648K
  class space    used 8520K, committed 9152K, reserved 1048576K
}
Event: 159.337 GC heap after
{Heap after GC invocations=286 (full 8):
 PSYoungGen      total 5120K, used 448K [0x00000000d5580000, 0x00000000d5d00000, 0x0000000100000000)
  eden space 4096K, 0% used [0x00000000d5580000,0x00000000d5580000,0x00000000d5980000)
  from space 1024K, 43% used [0x00000000d5b00000,0x00000000d5b70000,0x00000000d5c00000)
  to   space 512K, 0% used [0x00000000d5c80000,0x00000000d5c80000,0x00000000d5d00000)
 ParOldGen       total 210432K, used 208964K [0x0000000080000000, 0x000000008cd80000, 0x00000000d5580000)
  object space 210432K, 99% used [0x0000000080000000,0x000000008cc110c0,0x000000008cd80000)
 Metaspace       used 84576K, committed 86080K, reserved 1179648K
  class space    used 8520K, committed 9152K, reserved 1048576K
}
Event: 159.346 GC heap before
{Heap before GC invocations=287 (full 8):
 PSYoungGen      total 5120K, used 4544K [0x00000000d5580000, 0x00000000d5d00000, 0x0000000100000000)
  eden space 4096K, 100% used [0x00000000d5580000,0x00000000d5980000,0x00000000d5980000)
  from space 1024K, 43% used [0x00000000d5b00000,0x00000000d5b70000,0x00000000d5c00000)
  to   space 512K, 0% used [0x00000000d5c80000,0x00000000d5c80000,0x00000000d5d00000)
 ParOldGen       total 210432K, used 208964K [0x0000000080000000, 0x000000008cd80000, 0x00000000d5580000)
  object space 210432K, 99% used [0x0000000080000000,0x000000008cc110c0,0x000000008cd80000)
 Metaspace       used 84588K, committed 86080K, reserved 1179648K
  class space    used 8520K, committed 9152K, reserved 1048576K
}
Event: 159.347 GC heap after
{Heap after GC invocations=287 (full 8):
 PSYoungGen      total 5632K, used 512K [0x00000000d5580000, 0x00000000d5d80000, 0x0000000100000000)
  eden space 5120K, 0% used [0x00000000d5580000,0x00000000d5580000,0x00000000d5a80000)
  from space 512K, 100% used [0x00000000d5c80000,0x00000000d5d00000,0x00000000d5d00000)
  to   space 1536K, 0% used [0x00000000d5a80000,0x00000000d5a80000,0x00000000d5c00000)
 ParOldGen       total 210432K, used 209412K [0x0000000080000000, 0x000000008cd80000, 0x00000000d5580000)
  object space 210432K, 99% used [0x0000000080000000,0x000000008cc81058,0x000000008cd80000)
 Metaspace       used 84588K, committed 86080K, reserved 1179648K
  class space    used 8520K, committed 9152K, reserved 1048576K
}
Event: 159.355 GC heap before
{Heap before GC invocations=288 (full 8):
 PSYoungGen      total 5632K, used 5632K [0x00000000d5580000, 0x00000000d5d80000, 0x0000000100000000)
  eden space 5120K, 100% used [0x00000000d5580000,0x00000000d5a80000,0x00000000d5a80000)
  from space 512K, 100% used [0x00000000d5c80000,0x00000000d5d00000,0x00000000d5d00000)
  to   space 1536K, 0% used [0x00000000d5a80000,0x00000000d5a80000,0x00000000d5c00000)
 ParOldGen       total 210432K, used 209412K [0x0000000080000000, 0x000000008cd80000, 0x00000000d5580000)
  object space 210432K, 99% used [0x0000000080000000,0x000000008cc81058,0x000000008cd80000)
 Metaspace       used 84588K, committed 86080K, reserved 1179648K
  class space    used 8520K, committed 9152K, reserved 1048576K
}
Event: 159.356 GC heap after
{Heap after GC invocations=288 (full 8):
 PSYoungGen      total 6656K, used 640K [0x00000000d5580000, 0x00000000d5d80000, 0x0000000100000000)
  eden space 5120K, 0% used [0x00000000d5580000,0x00000000d5580000,0x00000000d5a80000)
  from space 1536K, 41% used [0x00000000d5a80000,0x00000000d5b20000,0x00000000d5c00000)
  to   space 1024K, 0% used [0x00000000d5c80000,0x00000000d5c80000,0x00000000d5d80000)
 ParOldGen       total 210432K, used 209892K [0x0000000080000000, 0x000000008cd80000, 0x00000000d5580000)
  object space 210432K, 99% used [0x0000000080000000,0x000000008ccf9068,0x000000008cd80000)
 Metaspace       used 84588K, committed 86080K, reserved 1179648K
  class space    used 8520K, committed 9152K, reserved 1048576K
}
Event: 159.364 GC heap before
{Heap before GC invocations=289 (full 8):
 PSYoungGen      total 6656K, used 5760K [0x00000000d5580000, 0x00000000d5d80000, 0x0000000100000000)
  eden space 5120K, 100% used [0x00000000d5580000,0x00000000d5a80000,0x00000000d5a80000)
  from space 1536K, 41% used [0x00000000d5a80000,0x00000000d5b20000,0x00000000d5c00000)
  to   space 1024K, 0% used [0x00000000d5c80000,0x00000000d5c80000,0x00000000d5d80000)
 ParOldGen       total 210432K, used 209892K [0x0000000080000000, 0x000000008cd80000, 0x00000000d5580000)
  object space 210432K, 99% used [0x0000000080000000,0x000000008ccf9068,0x000000008cd80000)
 Metaspace       used 84589K, committed 86080K, reserved 1179648K
  class space    used 8520K, committed 9152K, reserved 1048576K
}
Event: 159.365 GC heap after
{Heap after GC invocations=289 (full 8):
 PSYoungGen      total 6144K, used 730K [0x00000000d5580000, 0x00000000d5d80000, 0x0000000100000000)
  eden space 5120K, 0% used [0x00000000d5580000,0x00000000d5580000,0x00000000d5a80000)
  from space 1024K, 71% used [0x00000000d5c80000,0x00000000d5d36900,0x00000000d5d80000)
  to   space 1024K, 0% used [0x00000000d5b80000,0x00000000d5b80000,0x00000000d5c80000)
 ParOldGen       total 210432K, used 210384K [0x0000000080000000, 0x000000008cd80000, 0x00000000d5580000)
  object space 210432K, 99% used [0x0000000080000000,0x000000008cd740b8,0x000000008cd80000)
 Metaspace       used 84589K, committed 86080K, reserved 1179648K
  class space    used 8520K, committed 9152K, reserved 1048576K
}
Event: 159.365 GC heap before
{Heap before GC invocations=290 (full 9):
 PSYoungGen      total 6144K, used 730K [0x00000000d5580000, 0x00000000d5d80000, 0x0000000100000000)
  eden space 5120K, 0% used [0x00000000d5580000,0x00000000d5580000,0x00000000d5a80000)
  from space 1024K, 71% used [0x00000000d5c80000,0x00000000d5d36900,0x00000000d5d80000)
  to   space 1024K, 0% used [0x00000000d5b80000,0x00000000d5b80000,0x00000000d5c80000)
 ParOldGen       total 210432K, used 210384K [0x0000000080000000, 0x000000008cd80000, 0x00000000d5580000)
  object space 210432K, 99% used [0x0000000080000000,0x000000008cd740b8,0x000000008cd80000)
 Metaspace       used 84589K, committed 86080K, reserved 1179648K
  class space    used 8520K, committed 9152K, reserved 1048576K
}

Dll operation events (11 events):
Event: 0.006 Loaded shared library c:\Users\casa\.vscode\extensions\redhat.java-1.30.0-win32-x64\jre\17.0.10-win32-x86_64\bin\java.dll
Event: 0.120 Loaded shared library c:\Users\casa\.vscode\extensions\redhat.java-1.30.0-win32-x64\jre\17.0.10-win32-x86_64\bin\zip.dll
Event: 0.125 Loaded shared library C:\Users\casa\.vscode\extensions\redhat.java-1.30.0-win32-x64\jre\17.0.10-win32-x86_64\bin\instrument.dll
Event: 0.233 Loaded shared library C:\Users\casa\.vscode\extensions\redhat.java-1.30.0-win32-x64\jre\17.0.10-win32-x86_64\bin\net.dll
Event: 0.234 Loaded shared library C:\Users\casa\.vscode\extensions\redhat.java-1.30.0-win32-x64\jre\17.0.10-win32-x86_64\bin\nio.dll
Event: 0.242 Loaded shared library C:\Users\casa\.vscode\extensions\redhat.java-1.30.0-win32-x64\jre\17.0.10-win32-x86_64\bin\zip.dll
Event: 0.261 Loaded shared library C:\Users\casa\.vscode\extensions\redhat.java-1.30.0-win32-x64\jre\17.0.10-win32-x86_64\bin\jimage.dll
Event: 0.320 Loaded shared library c:\Users\casa\.vscode\extensions\redhat.java-1.30.0-win32-x64\jre\17.0.10-win32-x86_64\bin\verify.dll
Event: 2.952 Loaded shared library C:\Users\casa\AppData\Roaming\Code\User\globalStorage\redhat.java\1.30.0\config_win\org.eclipse.equinox.launcher\org.eclipse.equinox.launcher.win32.win32.x86_64_1.2.900.v20240213-1244\eclipse_11900.dll
Event: 8.343 Loaded shared library C:\Users\casa\AppData\Local\Temp\jna-3046188\jna1138574020645332821.dll
Event: 17.696 Loaded shared library C:\Users\casa\.vscode\extensions\redhat.java-1.30.0-win32-x64\jre\17.0.10-win32-x86_64\bin\sunmscapi.dll

Deoptimization events (20 events):
Event: 159.297 Thread 0x0000028034ebf8e0 DEOPT PACKING pc=0x000002801bff823e sp=0x000000843a5fe450
Event: 159.297 Thread 0x0000028034ebf8e0 DEOPT UNPACKING pc=0x0000028021e16e43 sp=0x000000843a5fd9c8 mode 0
Event: 159.300 Thread 0x0000028039f16e00 DEOPT PACKING pc=0x000002801bff823e sp=0x000000843affe570
Event: 159.300 Thread 0x0000028039f16e00 DEOPT UNPACKING pc=0x0000028021e16e43 sp=0x000000843affdae8 mode 0
Event: 159.301 Thread 0x0000028039f1bf00 DEOPT PACKING pc=0x000002801bff823e sp=0x000000843b0fe830
Event: 159.301 Thread 0x0000028039f1bf00 DEOPT UNPACKING pc=0x0000028021e16e43 sp=0x000000843b0fdda8 mode 0
Event: 159.302 Thread 0x0000028039f19170 DEOPT PACKING pc=0x000002801bff823e sp=0x000000843aafe600
Event: 159.302 Thread 0x0000028039f19170 DEOPT UNPACKING pc=0x0000028021e16e43 sp=0x000000843aafdb78 mode 0
Event: 159.305 Thread 0x0000028034ebf8e0 DEOPT PACKING pc=0x000002801bff823e sp=0x000000843a5fe450
Event: 159.306 Thread 0x0000028034ebf8e0 DEOPT UNPACKING pc=0x0000028021e16e43 sp=0x000000843a5fd9c8 mode 0
Event: 159.307 Thread 0x0000028039f1d850 DEOPT PACKING pc=0x000002801bff823e sp=0x0000008438afea20
Event: 159.307 Thread 0x0000028039f1d850 DEOPT UNPACKING pc=0x0000028021e16e43 sp=0x0000008438afdf98 mode 0
Event: 159.321 Thread 0x0000028039f1b4e0 DEOPT PACKING pc=0x000002801bff823e sp=0x000000843b5fe920
Event: 159.321 Thread 0x0000028039f1b4e0 DEOPT UNPACKING pc=0x0000028021e16e43 sp=0x000000843b5fde98 mode 0
Event: 159.327 Thread 0x0000028039f1a5b0 DEOPT PACKING pc=0x000002801bd34535 sp=0x000000843b1fd0c0
Event: 159.327 Thread 0x0000028039f1a5b0 DEOPT UNPACKING pc=0x0000028021e16e43 sp=0x000000843b1fc5f0 mode 0
Event: 159.330 Thread 0x0000028039f1a5b0 DEOPT PACKING pc=0x000002801c0aa780 sp=0x000000843b1fb790
Event: 159.330 Thread 0x0000028039f1a5b0 DEOPT UNPACKING pc=0x0000028021e16e43 sp=0x000000843b1fac18 mode 0
Event: 159.361 Thread 0x0000028039f1a5b0 DEOPT PACKING pc=0x000002801c0aa780 sp=0x000000843b1fc4a0
Event: 159.361 Thread 0x0000028039f1a5b0 DEOPT UNPACKING pc=0x0000028021e16e43 sp=0x000000843b1fb928 mode 0

Classes unloaded (11 events):
Event: 7.177 Thread 0x0000028017cae840 Unloading class 0x0000000100248400 'java/lang/invoke/LambdaForm$MH+0x0000000100248400'
Event: 7.177 Thread 0x0000028017cae840 Unloading class 0x0000000100248000 'java/lang/invoke/LambdaForm$MH+0x0000000100248000'
Event: 7.177 Thread 0x0000028017cae840 Unloading class 0x0000000100247c00 'java/lang/invoke/LambdaForm$MH+0x0000000100247c00'
Event: 7.177 Thread 0x0000028017cae840 Unloading class 0x0000000100247800 'java/lang/invoke/LambdaForm$MH+0x0000000100247800'
Event: 7.177 Thread 0x0000028017cae840 Unloading class 0x0000000100247400 'java/lang/invoke/LambdaForm$BMH+0x0000000100247400'
Event: 7.177 Thread 0x0000028017cae840 Unloading class 0x0000000100247000 'java/lang/invoke/LambdaForm$DMH+0x0000000100247000'
Event: 7.177 Thread 0x0000028017cae840 Unloading class 0x0000000100244400 'java/lang/invoke/LambdaForm$DMH+0x0000000100244400'
Event: 14.081 Thread 0x0000028017cae840 Unloading class 0x0000000100660c00 'java/lang/invoke/LambdaForm$DMH+0x0000000100660c00'
Event: 14.081 Thread 0x0000028017cae840 Unloading class 0x0000000100660800 'java/lang/invoke/LambdaForm$DMH+0x0000000100660800'
Event: 19.650 Thread 0x0000028017cae840 Unloading class 0x0000000100824000 'java/lang/invoke/LambdaForm$DMH+0x0000000100824000'
Event: 19.650 Thread 0x0000028017cae840 Unloading class 0x0000000100794400 'java/lang/invoke/LambdaForm$DMH+0x0000000100794400'

Classes redefined (0 events):
No events

Internal exceptions (20 events):
Event: 24.031 Thread 0x00000280357a5ad0 Exception <a 'sun/nio/fs/WindowsException'{0x00000000d645e080}> (0x00000000d645e080) 
thrown [s\src\hotspot\share\prims\jni.cpp, line 516]
Event: 24.032 Thread 0x00000280357a5ad0 Exception <a 'sun/nio/fs/WindowsException'{0x00000000d646b928}> (0x00000000d646b928) 
thrown [s\src\hotspot\share\prims\jni.cpp, line 516]
Event: 24.034 Thread 0x00000280357a5ad0 Exception <a 'sun/nio/fs/WindowsException'{0x00000000d64c90c0}> (0x00000000d64c90c0) 
thrown [s\src\hotspot\share\prims\jni.cpp, line 516]
Event: 24.035 Thread 0x00000280357a5ad0 Exception <a 'sun/nio/fs/WindowsException'{0x00000000d64d69e0}> (0x00000000d64d69e0) 
thrown [s\src\hotspot\share\prims\jni.cpp, line 516]
Event: 24.037 Thread 0x00000280357a5ad0 Exception <a 'sun/nio/fs/WindowsException'{0x00000000d65355e0}> (0x00000000d65355e0) 
thrown [s\src\hotspot\share\prims\jni.cpp, line 516]
Event: 24.039 Thread 0x00000280357a5ad0 Exception <a 'sun/nio/fs/WindowsException'{0x00000000d6542ed0}> (0x00000000d6542ed0) 
thrown [s\src\hotspot\share\prims\jni.cpp, line 516]
Event: 24.040 Thread 0x00000280357a5ad0 Exception <a 'sun/nio/fs/WindowsException'{0x00000000d65eeb30}> (0x00000000d65eeb30) 
thrown [s\src\hotspot\share\prims\jni.cpp, line 516]
Event: 24.042 Thread 0x00000280357a5ad0 Exception <a 'sun/nio/fs/WindowsException'{0x00000000d65fc578}> (0x00000000d65fc578) 
thrown [s\src\hotspot\share\prims\jni.cpp, line 516]
Event: 24.043 Thread 0x00000280357a5ad0 Exception <a 'sun/nio/fs/WindowsException'{0x00000000d66585a8}> (0x00000000d66585a8) 
thrown [s\src\hotspot\share\prims\jni.cpp, line 516]
Event: 24.045 Thread 0x00000280357a5ad0 Exception <a 'sun/nio/fs/WindowsException'{0x00000000d66c2cd0}> (0x00000000d66c2cd0) 
thrown [s\src\hotspot\share\prims\jni.cpp, line 516]
Event: 24.046 Thread 0x00000280357a5ad0 Exception <a 'sun/nio/fs/WindowsException'{0x00000000d66c7380}> (0x00000000d66c7380) 
thrown [s\src\hotspot\share\prims\jni.cpp, line 516]
Event: 24.046 Thread 0x00000280357a5ad0 Exception <a 'sun/nio/fs/WindowsException'{0x00000000d66cc158}> (0x00000000d66cc158) 
thrown [s\src\hotspot\share\prims\jni.cpp, line 516]
Event: 24.069 Thread 0x00000280357a5ad0 Exception <a 'sun/nio/fs/WindowsException'{0x00000000d58837a0}> (0x00000000d58837a0) 
thrown [s\src\hotspot\share\prims\jni.cpp, line 516]
Event: 24.078 Thread 0x00000280357a5ad0 Exception <a 'sun/nio/fs/WindowsException'{0x00000000d59e0db8}> (0x00000000d59e0db8) 
thrown [s\src\hotspot\share\prims\jni.cpp, line 516]
Event: 26.822 Thread 0x0000028039f1aac0 Exception <a 'sun/nio/fs/WindowsException'{0x00000000d56dda68}> (0x00000000d56dda68) 
thrown [s\src\hotspot\share\prims\jni.cpp, line 516]
Event: 28.361 Thread 0x0000028039f1a5b0 Implicit null exception at 0x00000280229ec6e7 to 0x00000280229ec8a8
Event: 104.015 Thread 0x0000028039f1a5b0 Implicit null exception at 0x0000028022a250e5 to 0x0000028022a2d384
Event: 104.015 Thread 0x0000028039f19170 Implicit null exception at 0x0000028022a250e5 to 0x0000028022a2d384
Event: 104.023 Thread 0x0000028039f1d850 Implicit null exception at 0x0000028022d0f346 to 0x0000028022d0f4bb
Event: 159.021 Thread 0x0000028039f1a5b0 Exception <a 'java/lang/NoSuchMethodError'{0x00000000d574f010}: 'java.lang.Object java.lang.invoke.DirectMethodHandle$Holder.invokeStatic(java.lang.Object, int, java.lang.Object)'> (0x00000000d574f010) 
thrown [s\src\hotspot\share\interpreter\linkResolver.cpp, line 759]

VM Operations (20 events):
Event: 159.310 Executing VM operation: ParallelGCFailedAllocation done
Event: 159.311 Executing VM operation: ParallelGCFailedAllocation
Event: 159.313 Executing VM operation: ParallelGCFailedAllocation done
Event: 159.314 Executing VM operation: ParallelGCFailedAllocation
Event: 159.316 Executing VM operation: ParallelGCFailedAllocation done
Event: 159.318 Executing VM operation: ParallelGCFailedAllocation
Event: 159.319 Executing VM operation: ParallelGCFailedAllocation done
Event: 159.322 Executing VM operation: ParallelGCFailedAllocation
Event: 159.324 Executing VM operation: ParallelGCFailedAllocation done
Event: 159.328 Executing VM operation: ParallelGCFailedAllocation
Event: 159.330 Executing VM operation: ParallelGCFailedAllocation done
Event: 159.332 Executing VM operation: ParallelGCFailedAllocation
Event: 159.333 Executing VM operation: ParallelGCFailedAllocation done
Event: 159.337 Executing VM operation: ParallelGCFailedAllocation
Event: 159.337 Executing VM operation: ParallelGCFailedAllocation done
Event: 159.346 Executing VM operation: ParallelGCFailedAllocation
Event: 159.347 Executing VM operation: ParallelGCFailedAllocation done
Event: 159.355 Executing VM operation: ParallelGCFailedAllocation
Event: 159.356 Executing VM operation: ParallelGCFailedAllocation done
Event: 159.364 Executing VM operation: ParallelGCFailedAllocation

Events (20 events):
Event: 103.989 Thread 0x000002802e13c490 flushing nmethod 0x000002801c95d810
Event: 103.989 Thread 0x000002802e13c490 flushing nmethod 0x000002801c95e390
Event: 103.989 Thread 0x000002802e13c490 flushing nmethod 0x000002801c95fc90
Event: 103.989 Thread 0x000002802e13c490 flushing nmethod 0x000002801c960c90
Event: 104.019 Thread 0x000002803a30a560 Thread added: 0x000002803a30a560
Event: 104.020 Thread 0x000002802e13c490 flushing nmethod 0x000002801b1a7c90
Event: 104.022 Thread 0x000002802e13c490 flushing nmethod 0x000002801b405a90
Event: 104.025 Thread 0x000002802e13c490 flushing nmethod 0x000002801b98fe10
Event: 104.027 Thread 0x000002802e13c490 flushing nmethod 0x000002801bb38610
Event: 104.029 Thread 0x000002802e13c490 flushing nmethod 0x000002801bea0310
Event: 104.029 Thread 0x000002802e13c490 flushing nmethod 0x000002801bedcf10
Event: 104.030 Thread 0x000002802e13c490 flushing nmethod 0x000002801bf9f990
Event: 104.261 loading class java/util/stream/ReduceOps$2
Event: 104.262 loading class java/util/stream/ReduceOps$2 done
Event: 104.262 loading class java/util/stream/ReduceOps$2ReducingSink
Event: 104.262 loading class java/util/stream/ReduceOps$2ReducingSink done
Event: 109.801 Thread 0x0000028036d62580 Thread exited: 0x0000028036d62580
Event: 114.815 Thread 0x0000028036d65aa0 Thread exited: 0x0000028036d65aa0
Event: 159.326 Thread 0x0000028036d65aa0 Thread added: 0x0000028036d65aa0
Event: 159.326 Thread 0x0000028036d60af0 Thread added: 0x0000028036d60af0


Dynamic libraries:
0x00007ff78c790000 - 0x00007ff78c79e000 	c:\Users\casa\.vscode\extensions\redhat.java-1.30.0-win32-x64\jre\17.0.10-win32-x86_64\bin\java.exe
0x00007ff94b510000 - 0x00007ff94b727000 	C:\WINDOWS\SYSTEM32\ntdll.dll
0x00007ff9499f0000 - 0x00007ff949ab4000 	C:\WINDOWS\System32\KERNEL32.DLL
0x00007ff948da0000 - 0x00007ff949147000 	C:\WINDOWS\System32\KERNELBASE.dll
0x00007ff948c10000 - 0x00007ff948d21000 	C:\WINDOWS\System32\ucrtbase.dll
0x00007ff91f0d0000 - 0x00007ff91f0eb000 	c:\Users\casa\.vscode\extensions\redhat.java-1.30.0-win32-x64\jre\17.0.10-win32-x86_64\bin\VCRUNTIME140.dll
0x00007ff91cb80000 - 0x00007ff91cb97000 	c:\Users\casa\.vscode\extensions\redhat.java-1.30.0-win32-x64\jre\17.0.10-win32-x86_64\bin\jli.dll
0x00007ff94a110000 - 0x00007ff94a2be000 	C:\WINDOWS\System32\USER32.dll
0x00007ff948950000 - 0x00007ff948976000 	C:\WINDOWS\System32\win32u.dll
0x00007ff9479a0000 - 0x00007ff947c33000 	C:\WINDOWS\WinSxS\amd64_microsoft.windows.common-controls_6595b64144ccf1df_6.0.22621.3527_none_270e469b73872a76\COMCTL32.dll
0x00007ff94b190000 - 0x00007ff94b1b9000 	C:\WINDOWS\System32\GDI32.dll
0x00007ff94b1e0000 - 0x00007ff94b287000 	C:\WINDOWS\System32\msvcrt.dll
0x00007ff948980000 - 0x00007ff948a99000 	C:\WINDOWS\System32\gdi32full.dll
0x00007ff9488b0000 - 0x00007ff94894a000 	C:\WINDOWS\System32\msvcp_win.dll
0x00007ff94a710000 - 0x00007ff94a741000 	C:\WINDOWS\System32\IMM32.DLL
0x00007ff92c8e0000 - 0x00007ff92c8ec000 	c:\Users\casa\.vscode\extensions\redhat.java-1.30.0-win32-x64\jre\17.0.10-win32-x86_64\bin\vcruntime140_1.dll
0x00007ff8eaea0000 - 0x00007ff8eaf2d000 	c:\Users\casa\.vscode\extensions\redhat.java-1.30.0-win32-x64\jre\17.0.10-win32-x86_64\bin\msvcp140.dll
0x00007ff8dbd60000 - 0x00007ff8dc9c2000 	c:\Users\casa\.vscode\extensions\redhat.java-1.30.0-win32-x64\jre\17.0.10-win32-x86_64\bin\server\jvm.dll
0x00007ff949b30000 - 0x00007ff949be2000 	C:\WINDOWS\System32\ADVAPI32.dll
0x00007ff949240000 - 0x00007ff9492e8000 	C:\WINDOWS\System32\sechost.dll
0x00007ff949150000 - 0x00007ff949178000 	C:\WINDOWS\System32\bcrypt.dll
0x00007ff949c80000 - 0x00007ff949d95000 	C:\WINDOWS\System32\RPCRT4.dll
0x00007ff948140000 - 0x00007ff94818d000 	C:\WINDOWS\SYSTEM32\POWRPROF.dll
0x00007ff941a40000 - 0x00007ff941a74000 	C:\WINDOWS\SYSTEM32\WINMM.dll
0x00007ff927370000 - 0x00007ff927379000 	C:\WINDOWS\SYSTEM32\WSOCK32.dll
0x00007ff94b290000 - 0x00007ff94b301000 	C:\WINDOWS\System32\WS2_32.dll
0x00007ff9414c0000 - 0x00007ff9414ca000 	C:\WINDOWS\SYSTEM32\VERSION.dll
0x00007ff947da0000 - 0x00007ff947db3000 	C:\WINDOWS\SYSTEM32\UMPDC.dll
0x00007ff946f50000 - 0x00007ff946f68000 	C:\WINDOWS\SYSTEM32\kernel.appcore.dll
0x00007ff929fa0000 - 0x00007ff929faa000 	c:\Users\casa\.vscode\extensions\redhat.java-1.30.0-win32-x64\jre\17.0.10-win32-x86_64\bin\jimage.dll
0x00007ff948190000 - 0x00007ff9483c3000 	C:\WINDOWS\SYSTEM32\DBGHELP.DLL
0x00007ff94a370000 - 0x00007ff94a6f8000 	C:\WINDOWS\System32\combase.dll
0x00007ff94afb0000 - 0x00007ff94b087000 	C:\WINDOWS\System32\OLEAUT32.dll
0x00007ff948010000 - 0x00007ff948042000 	C:\WINDOWS\SYSTEM32\dbgcore.DLL
0x00007ff948830000 - 0x00007ff9488a9000 	C:\WINDOWS\System32\bcryptPrimitives.dll
0x00007ff927330000 - 0x00007ff92733e000 	c:\Users\casa\.vscode\extensions\redhat.java-1.30.0-win32-x64\jre\17.0.10-win32-x86_64\bin\instrument.dll
0x00007ff8edbe0000 - 0x00007ff8edc05000 	c:\Users\casa\.vscode\extensions\redhat.java-1.30.0-win32-x64\jre\17.0.10-win32-x86_64\bin\java.dll
0x00007ff91c170000 - 0x00007ff91c188000 	c:\Users\casa\.vscode\extensions\redhat.java-1.30.0-win32-x64\jre\17.0.10-win32-x86_64\bin\zip.dll
0x00007ff94a750000 - 0x00007ff94afac000 	C:\WINDOWS\System32\SHELL32.dll
0x00007ff945d40000 - 0x00007ff946636000 	C:\WINDOWS\SYSTEM32\windows.storage.dll
0x00007ff945bb0000 - 0x00007ff945cee000 	C:\WINDOWS\SYSTEM32\wintypes.dll
0x00007ff9492f0000 - 0x00007ff9493e5000 	C:\WINDOWS\System32\SHCORE.dll
0x00007ff94b130000 - 0x00007ff94b18e000 	C:\WINDOWS\System32\shlwapi.dll
0x00007ff948760000 - 0x00007ff948781000 	C:\WINDOWS\SYSTEM32\profapi.dll
0x00007ff8ef840000 - 0x00007ff8ef859000 	C:\Users\casa\.vscode\extensions\redhat.java-1.30.0-win32-x64\jre\17.0.10-win32-x86_64\bin\net.dll
0x00007ff9414d0000 - 0x00007ff941606000 	C:\WINDOWS\SYSTEM32\WINHTTP.dll
0x00007ff947360000 - 0x00007ff9473c9000 	C:\WINDOWS\system32\mswsock.dll
0x00007ff8eae80000 - 0x00007ff8eae96000 	C:\Users\casa\.vscode\extensions\redhat.java-1.30.0-win32-x64\jre\17.0.10-win32-x86_64\bin\nio.dll
0x00007ff927260000 - 0x00007ff927270000 	c:\Users\casa\.vscode\extensions\redhat.java-1.30.0-win32-x64\jre\17.0.10-win32-x86_64\bin\verify.dll
0x00007ff8d8d50000 - 0x00007ff8d8d8e000 	C:\Users\casa\AppData\Roaming\Code\User\globalStorage\redhat.java\1.30.0\config_win\org.eclipse.equinox.launcher\org.eclipse.equinox.launcher.win32.win32.x86_64_1.2.900.v20240213-1244\eclipse_11900.dll
0x00007ff949da0000 - 0x00007ff949f45000 	C:\WINDOWS\System32\ole32.dll
0x00007ff9484c0000 - 0x00007ff9484db000 	C:\WINDOWS\SYSTEM32\CRYPTSP.dll
0x00007ff947400000 - 0x00007ff947435000 	C:\WINDOWS\system32\rsaenh.dll
0x00007ff9474b0000 - 0x00007ff9474d8000 	C:\WINDOWS\SYSTEM32\USERENV.dll
0x00007ff947890000 - 0x00007ff94789c000 	C:\WINDOWS\SYSTEM32\CRYPTBASE.dll
0x00007ff946a40000 - 0x00007ff946a6d000 	C:\WINDOWS\SYSTEM32\IPHLPAPI.DLL
0x00007ff94a100000 - 0x00007ff94a109000 	C:\WINDOWS\System32\NSI.dll
0x00007ff93fc60000 - 0x00007ff93fc79000 	C:\WINDOWS\SYSTEM32\dhcpcsvc6.DLL
0x00007ff93fc20000 - 0x00007ff93fc3f000 	C:\WINDOWS\SYSTEM32\dhcpcsvc.DLL
0x00007ff946a70000 - 0x00007ff946b69000 	C:\WINDOWS\SYSTEM32\DNSAPI.dll
0x00007ff8e0630000 - 0x00007ff8e0675000 	C:\Users\casa\AppData\Local\Temp\jna-3046188\jna1138574020645332821.dll
0x00007ff94a700000 - 0x00007ff94a708000 	C:\WINDOWS\System32\PSAPI.DLL
0x00007ff942bf0000 - 0x00007ff942bfe000 	C:\Users\casa\.vscode\extensions\redhat.java-1.30.0-win32-x64\jre\17.0.10-win32-x86_64\bin\sunmscapi.dll
0x00007ff948aa0000 - 0x00007ff948c07000 	C:\WINDOWS\System32\CRYPT32.dll
0x00007ff947c60000 - 0x00007ff947c8e000 	C:\WINDOWS\SYSTEM32\ncrypt.dll
0x00007ff947960000 - 0x00007ff947997000 	C:\WINDOWS\SYSTEM32\NTASN1.dll
0x00007ff948100000 - 0x00007ff948134000 	C:\WINDOWS\SYSTEM32\ntmarta.dll

dbghelp: loaded successfully - version: 4.0.5 - missing functions: none
symbol engine: initialized successfully - sym options: 0x614 - pdb path: .;c:\Users\casa\.vscode\extensions\redhat.java-1.30.0-win32-x64\jre\17.0.10-win32-x86_64\bin;C:\WINDOWS\SYSTEM32;C:\WINDOWS\WinSxS\amd64_microsoft.windows.common-controls_6595b64144ccf1df_6.0.22621.3527_none_270e469b73872a76;c:\Users\casa\.vscode\extensions\redhat.java-1.30.0-win32-x64\jre\17.0.10-win32-x86_64\bin\server;C:\Users\casa\AppData\Roaming\Code\User\globalStorage\redhat.java\1.30.0\config_win\org.eclipse.equinox.launcher\org.eclipse.equinox.launcher.win32.win32.x86_64_1.2.900.v20240213-1244;C:\Users\casa\AppData\Local\Temp\jna-3046188

VM Arguments:
jvm_args: --add-modules=ALL-SYSTEM --add-opens=java.base/java.util=ALL-UNNAMED --add-opens=java.base/java.lang=ALL-UNNAMED --add-opens=java.base/sun.nio.fs=ALL-UNNAMED -Declipse.application=org.eclipse.jdt.ls.core.id1 -Dosgi.bundles.defaultStartLevel=4 -Declipse.product=org.eclipse.jdt.ls.core.product -Djava.import.generatesMetadataFilesAtProjectRoot=false -DDetectVMInstallationsJob.disabled=true -Dfile.encoding=utf8 -XX:+UseParallelGC -XX:GCTimeRatio=4 -XX:AdaptiveSizePolicyWeight=90 -Dsun.zip.disableMemoryMapping=true -Xmx2G -Xms100m -Xlog:disable -javaagent:c:\Users\casa\.vscode\extensions\redhat.java-1.30.0-win32-x64\lombok\lombok-1.18.32.jar -XX:+HeapDumpOnOutOfMemoryError -XX:HeapDumpPath=c:\Users\casa\AppData\Roaming\Code\User\workspaceStorage\2ca1e065a12013a041ddb2075f267414\redhat.java -Daether.dependencyCollector.impl=bf 
java_command: c:\Users\casa\.vscode\extensions\redhat.java-1.30.0-win32-x64\server\plugins\org.eclipse.equinox.launcher_1.6.800.v20240330-1250.jar -configuration c:\Users\casa\AppData\Roaming\Code\User\globalStorage\redhat.java\1.30.0\config_win -data c:\Users\casa\AppData\Roaming\Code\User\workspaceStorage\2ca1e065a12013a041ddb2075f267414\redhat.java\jdt_ws --pipe=\\.\pipe\lsp-672f524a9ba2f4018e380440bc805b9c-sock
java_class_path (initial): c:\Users\casa\.vscode\extensions\redhat.java-1.30.0-win32-x64\server\plugins\org.eclipse.equinox.launcher_1.6.800.v20240330-1250.jar
Launcher Type: SUN_STANDARD

[Global flags]
    uintx AdaptiveSizePolicyWeight                 = 90                                        {product} {command line}
     intx CICompilerCount                          = 4                                         {product} {ergonomic}
    uintx GCTimeRatio                              = 4                                         {product} {command line}
     bool HeapDumpOnOutOfMemoryError               = true                                   {manageable} {command line}
    ccstr HeapDumpPath                             = c:\Users\casa\AppData\Roaming\Code\User\workspaceStorage\2ca1e065a12013a041ddb2075f267414\redhat.java         {manageable} {command line}
   size_t InitialHeapSize                          = 104857600                                 {product} {command line}
   size_t MaxHeapSize                              = 2147483648                                {product} {command line}
   size_t MaxNewSize                               = 715653120                                 {product} {ergonomic}
   size_t MinHeapDeltaBytes                        = 524288                                    {product} {ergonomic}
   size_t MinHeapSize                              = 104857600                                 {product} {command line}
   size_t NewSize                                  = 34603008                                  {product} {ergonomic}
    uintx NonNMethodCodeHeapSize                   = 5839372                                {pd product} {ergonomic}
    uintx NonProfiledCodeHeapSize                  = 122909434                              {pd product} {ergonomic}
   size_t OldSize                                  = 70254592                                  {product} {ergonomic}
    uintx ProfiledCodeHeapSize                     = 122909434                              {pd product} {ergonomic}
    uintx ReservedCodeCacheSize                    = 251658240                              {pd product} {ergonomic}
     bool SegmentedCodeCache                       = true                                      {product} {ergonomic}
   size_t SoftMaxHeapSize                          = 2147483648                             {manageable} {ergonomic}
     bool UseCompressedClassPointers               = true                           {product lp64_product} {ergonomic}
     bool UseCompressedOops                        = true                           {product lp64_product} {ergonomic}
     bool UseLargePagesIndividualAllocation        = false                                  {pd product} {ergonomic}
     bool UseParallelGC                            = true                                      {product} {command line}

Logging:
Log output configuration:
 #0: stdout all=off uptime,level,tags
 #1: stderr all=off uptime,level,tags

Environment Variables:
PATH=C:\Program Files\Common Files\Oracle\Java\javapath;C:\Program Files (x86)\Common Files\Oracle\Java\javapath;C:\ProgramData\Oracle\Java\javapath;C:\Windows\system32;C:\Windows;C:\Windows\System32\Wbem;C:\Windows\System32\WindowsPowerShell\v1.0\;C:\Windows\System32\OpenSSH\;C:\ProgramData\chocolatey\bin;C:\Program Files (x86)\NVIDIA Corporation\PhysX\Common;C:\WINDOWS\system32;C:\WINDOWS;C:\WINDOWS\System32\Wbem;C:\WINDOWS\System32\WindowsPowerShell\v1.0\;C:\WINDOWS\System32\OpenSSH\;C:\Program Files (x86)\Microsoft SQL Server\160\Tools\Binn\;C:\Program Files\Microsoft SQL Server\160\Tools\Binn\;C:\Program Files\Microsoft SQL Server\Client SDK\ODBC\170\Tools\Binn\;C:\Program Files\Microsoft SQL Server\160\DTS\Binn\;C:\Program Files (x86)\Microsoft SQL Server\160\DTS\Binn\;C:\Program Files\Git\cmd;C:\Program Files\nodejs\;C:\Program Files\dotnet\;C:\Program Files\Microsoft SQL Server\150\Tools\Binn\;C:\Users\casa\AppData\Local\Microsoft\WindowsApps;C:\Program Files\Azure Data Studio\bin;C:\Program Files\nodejs\;C:\Users\casa\AppData\Local\Programs\Microsoft VS Code\bin;C:\Users\casa\AppData\Roaming\npm;C:\Users\casa\.dotnet\tools;C:\Users\casa\AppData\Roaming\npm\node_modules\@angular\cli\bin;
USERNAME=casa
OS=Windows_NT
PROCESSOR_IDENTIFIER=Intel64 Family 6 Model 151 Stepping 2, GenuineIntel
TMP=C:\Users\casa\AppData\Local\Temp
TEMP=C:\Users\casa\AppData\Local\Temp



Periodic native trim disabled


---------------  S Y S T E M  ---------------

OS:
 Windows 11 , 64 bit Build 22621 (10.0.22621.3527)
OS uptime: 0 days 0:10 hours
Hyper-V role detected

CPU: total 12 (initial active 12) (6 cores per cpu, 2 threads per core) family 6 model 151 stepping 2 microcode 0x1e, cx8, cmov, fxsr, ht, mmx, 3dnowpref, sse, sse2, sse3, ssse3, sse4.1, sse4.2, popcnt, lzcnt, tsc, tscinvbit, avx, avx2, aes, erms, clmul, bmi1, bmi2, adx, sha, fma, vzeroupper, clflush, clflushopt, clwb, hv
Processor Information for all 12 processors :
  Max Mhz: 2500, Current Mhz: 2500, Mhz Limit: 2500

Memory: 4k page, system-wide physical 16225M (9918M free)
TotalPageFile size 17249M (AvailPageFile size 9945M)
current process WorkingSet (physical memory assigned to process): 474M, peak: 578M
current process commit charge ("private bytes"): 544M, peak: 658M

vm_info: OpenJDK 64-Bit Server VM (17.0.10+7) for windows-amd64 JRE (17.0.10+7), built on Jan 16 2024 23:25:11 by "admin" with MS VC++ 16.10 / 16.11 (VS2019)

END.
