#
# A fatal error has been detected by the Java Runtime Environment:
#
#  EXCEPTION_ACCESS_VIOLATION (0xc0000005) at pc=0x00007ff95c1ccac8, pid=12844, tid=6804
#
# JRE version: OpenJDK Runtime Environment Temurin-17.0.10+7 (17.0.10+7) (build 17.0.10+7)
# Java VM: OpenJDK 64-Bit Server VM Temurin-17.0.10+7 (17.0.10+7, mixed mode, tiered, compressed oops, compressed class ptrs, parallel gc, windows-amd64)
# Problematic frame:
# V  [jvm.dll+0xcac8]
#
# No core dump will be written. Minidumps are not enabled by default on client versions of Windows
#
# If you would like to submit a bug report, please visit:
#   https://github.com/adoptium/adoptium-support/issues
#

---------------  S U M M A R Y ------------

Command Line: --add-modules=ALL-SYSTEM --add-opens=java.base/java.util=ALL-UNNAMED --add-opens=java.base/java.lang=ALL-UNNAMED --add-opens=java.base/sun.nio.fs=ALL-UNNAMED -Declipse.application=org.eclipse.jdt.ls.core.id1 -Dosgi.bundles.defaultStartLevel=4 -Declipse.product=org.eclipse.jdt.ls.core.product -Djava.import.generatesMetadataFilesAtProjectRoot=false -DDetectVMInstallationsJob.disabled=true -Dfile.encoding=utf8 -XX:+UseParallelGC -XX:GCTimeRatio=4 -XX:AdaptiveSizePolicyWeight=90 -Dsun.zip.disableMemoryMapping=true -Xmx2G -Xms100m -Xlog:disable -javaagent:c:\Users\casa\.vscode\extensions\redhat.java-1.30.0-win32-x64\lombok\lombok-1.18.32.jar -XX:+HeapDumpOnOutOfMemoryError -XX:HeapDumpPath=c:\Users\casa\AppData\Roaming\Code\User\workspaceStorage\2ca1e065a12013a041ddb2075f267414\redhat.java -Daether.dependencyCollector.impl=bf c:\Users\casa\.vscode\extensions\redhat.java-1.30.0-win32-x64\server\plugins\org.eclipse.equinox.launcher_1.6.800.v20240330-1250.jar -configuration c:\Users\casa\AppData\Roaming\Code\User\globalStorage\redhat.java\1.30.0\config_win -data c:\Users\casa\AppData\Roaming\Code\User\workspaceStorage\2ca1e065a12013a041ddb2075f267414\redhat.java\jdt_ws --pipe=\\.\pipe\lsp-b5f795f87fd258d9cf7485ac18d60c05-sock

Host: 12th Gen Intel(R) Core(TM) i5-12400F, 12 cores, 15G,  Windows 11 , 64 bit Build 22621 (10.0.22621.3527)
Time: Thu May 23 12:16:46 2024 Hora estándar de Argentina elapsed time: 2985.699442 seconds (0d 0h 49m 45s)

---------------  T H R E A D  ---------------

Current thread (0x0000025d1a071020):  GCTaskThread "GC Thread#4" [stack: 0x0000007aed100000,0x0000007aed200000] [id=6804]

Stack: [0x0000007aed100000,0x0000007aed200000],  sp=0x0000007aed1ff508,  free space=1021k
Native frames: (J=compiled Java code, j=interpreted, Vv=VM code, C=native code)
V  [jvm.dll+0xcac8]


siginfo: EXCEPTION_ACCESS_VIOLATION (0xc0000005), reading address 0x0000000414da9608


Registers:
RAX=0x0000000000000001, RBX=0x00000000829b5238, RCX=0x0000000000000003, RDX=0x00000000829b5238
RSP=0x0000007aed1ff508, RBP=0x0000007aed1ff600, RSI=0x00000000833f03f8, RDI=0x0000025d13132ea0
R8 =0x0000000414da9600, R9 =0x0000000000014da9, R10=0x00000000000000d0, R11=0x0000000000000003
R12=0x0000007aebffeba8, R13=0x0000000000000010, R14=0x0000000100348690, R15=0x00000000833f03c0
RIP=0x00007ff95c1ccac8, EFLAGS=0x0000000000010206


Register to memory mapping:

RIP=0x00007ff95c1ccac8 jvm.dll
RAX=0x0000000000000001 is an unknown value
RBX=0x00000000829b5238 is pointing into object: org.eclipse.jdt.internal.compiler.lookup.SourceTypeBinding 
{0x00000000829b5218} - klass: 'org/eclipse/jdt/internal/compiler/lookup/SourceTypeBinding'
 - ---- fields (total size 21 words):
 - public 'id' 'I' @12  297 (129)
 - public 'tagBits' 'J' @16  1152921530377041664 (5f700 10000006)
 - public 'extendedTagBits' 'I' @24  0
 - protected 'typeAnnotations' '[Lorg/eclipse/jdt/internal/compiler/lookup/AnnotationBinding;' @28  a 'org/eclipse/jdt/internal/compiler/lookup/AnnotationBinding'[0] {0x0000000080abdc28} (80abdc28)
 - public 'modifiers' 'I' @32  1
 - 'typeBits' 'I' @36  0
 - public 'compoundName' '[[C' @40  a {type array char}[5] {0x00000000829b52c0} (829b52c0)
 - public 'sourceName' '[C' @44  [C{0x000000008284c928} (8284c928)
 - public 'fPackage' 'Lorg/eclipse/jdt/internal/compiler/lookup/PackageBinding;' @48  a 'org/eclipse/jdt/internal/compiler/lookup/PlainPackageBinding'{0x00000000829a6578} (829a6578)
 - 'fileName' '[C' @52  [C{0x00000000829b0ec8} (829b0ec8)
 - 'constantPoolName' '[C' @56  [C{0x0000000083368e40} (83368e40)
 - 'signature' '[C' @60  [C{0x0000000083368c20} (83368c20)
 - private 'compatibleCache' 'Lorg/eclipse/jdt/internal/compiler/util/SimpleLookupTable;' @64  a 'org/eclipse/jdt/internal/compiler/util/SimpleLookupTable'{0x000000008342c8a8} (8342c8a8)
 - protected 'singleAbstractMethod' '[Lorg/eclipse/jdt/internal/compiler/lookup/MethodBinding;' @68  NULL (0)
 - public 'defaultNullness' 'I' @72  0
 - private 'nullnessDefaultInitialized' 'I' @76  2
 - 'memberTypesSorted' 'Z' @80  true
 - private 'isRecordDeclaration' 'Z' @81  false
 - public 'isImplicit' 'Z' @82  false
 - public 'isVarArgs' 'Z' @83  false
 - public 'supertypeAnnotationsUpdated' 'Z' @84  false
 - public 'superclass' 'Lorg/eclipse/jdt/internal/compiler/lookup/ReferenceBinding;' @88  a 'org/eclipse/jdt/internal/compiler/lookup/SourceTypeBinding'{0x0000000082afc5a8} (82afc5a8)
 - public 'superInterfaces' '[Lorg/eclipse/jdt/internal/compiler/lookup/ReferenceBinding;' @92  a 'org/eclipse/jdt/internal/compiler/lookup/ReferenceBinding'[0] {0x0000000080b049c8} (80b049c8)
 - private 'fields' '[Lorg/eclipse/jdt/internal/compiler/lookup/FieldBinding;' @96  a 'org/eclipse/jdt/internal/compiler/lookup/FieldBinding'[2] {0x0000000082db3640} (82db3640)
 - private 'components' '[Lorg/eclipse/jdt/internal/compiler/lookup/RecordComponentBinding;' @100  a 'org/eclipse/jdt/internal/compiler/lookup/RecordComponentBinding'[0] {0x0000000080b04a28} (80b04a28)
 - private 'methods' '[Lorg/eclipse/jdt/internal/compiler/lookup/MethodBinding;' @104  a 'org/eclipse/jdt/internal/compiler/lookup/MethodBinding'[10] {0x0000000082db36c8} (82db36c8)
 - public 'memberTypes' '[Lorg/eclipse/jdt/internal/compiler/lookup/ReferenceBinding;' @108  a 'org/eclipse/jdt/internal/compiler/lookup/ReferenceBinding'[0] {0x0000000080b049d8} (80b049d8)
 - public 'typeVariables' '[Lorg/eclipse/jdt/internal/compiler/lookup/TypeVariableBinding;' @112  a 'org/eclipse/jdt/internal/compiler/lookup/TypeVariableBinding'[0] {0x0000000080b049e8} (80b049e8)
 - public 'permittedTypes' '[Lorg/eclipse/jdt/internal/compiler/lookup/ReferenceBinding;' @116  a 'org/eclipse/jdt/internal/compiler/lookup/ReferenceBinding'[0] {0x0000000080b049b8} (80b049b8)
 - public 'scope' 'Lorg/eclipse/jdt/internal/compiler/lookup/ClassScope;' @120  NULL (0)
 - protected 'prototype' 'Lorg/eclipse/jdt/internal/compiler/lookup/SourceTypeBinding;' @124  a 'org/eclipse/jdt/internal/compiler/lookup/SourceTypeBinding'{0x00000000829b5218} (829b5218)
 - 'environment' 'Lorg/eclipse/jdt/internal/compiler/lookup/LookupEnvironment;' @128  a 'org/eclipse/jdt/internal/compiler/lookup/LookupEnvironment'{0x0000000082773858} (82773858)
 - public 'module' 'Lorg/eclipse/jdt/internal/compiler/lookup/ModuleBinding;' @132  a 'org/eclipse/jdt/internal/compiler/lookup/ModuleBinding$UnNamedModule'{0x0000000082773908} (82773908)
 - 'synthetics' '[Ljava/util/Map;' @136  NULL (0)
 - 'genericReferenceTypeSignature' '[C' @140  [C{0x0000000083368c20} (83368c20)
 - private 'storedAnnotations' 'Lorg/eclipse/jdt/internal/compiler/util/SimpleLookupTable;' @144  a 'org/eclipse/jdt/internal/compiler/util/SimpleLookupTable'{0x0000000082e7e870} (82e7e870)
 - private 'containerAnnotationType' 'Lorg/eclipse/jdt/internal/compiler/lookup/ReferenceBinding;' @148  NULL (0)
 - public 'externalAnnotationProvider' 'Lorg/eclipse/jdt/internal/compiler/classfmt/ExternalAnnotationProvider;' @152  NULL (0)
 - private 'nestHost' 'Lorg/eclipse/jdt/internal/compiler/lookup/SourceTypeBinding;' @156  NULL (0)
 - private 'implicitComponentFields' '[Lorg/eclipse/jdt/internal/compiler/lookup/FieldBinding;' @160  NULL (0)
 - private 'recordComponentAccessors' '[Lorg/eclipse/jdt/internal/compiler/lookup/MethodBinding;' @164  NULL (0)
RCX=0x0000000000000003 is an unknown value
RDX=0x00000000829b5238 is pointing into object: org.eclipse.jdt.internal.compiler.lookup.SourceTypeBinding 
{0x00000000829b5218} - klass: 'org/eclipse/jdt/internal/compiler/lookup/SourceTypeBinding'
 - ---- fields (total size 21 words):
 - public 'id' 'I' @12  297 (129)
 - public 'tagBits' 'J' @16  1152921530377041664 (5f700 10000006)
 - public 'extendedTagBits' 'I' @24  0
 - protected 'typeAnnotations' '[Lorg/eclipse/jdt/internal/compiler/lookup/AnnotationBinding;' @28  a 'org/eclipse/jdt/internal/compiler/lookup/AnnotationBinding'[0] {0x0000000080abdc28} (80abdc28)
 - public 'modifiers' 'I' @32  1
 - 'typeBits' 'I' @36  0
 - public 'compoundName' '[[C' @40  a {type array char}[5] {0x00000000829b52c0} (829b52c0)
 - public 'sourceName' '[C' @44  [C{0x000000008284c928} (8284c928)
 - public 'fPackage' 'Lorg/eclipse/jdt/internal/compiler/lookup/PackageBinding;' @48  a 'org/eclipse/jdt/internal/compiler/lookup/PlainPackageBinding'{0x00000000829a6578} (829a6578)
 - 'fileName' '[C' @52  [C{0x00000000829b0ec8} (829b0ec8)
 - 'constantPoolName' '[C' @56  [C{0x0000000083368e40} (83368e40)
 - 'signature' '[C' @60  [C{0x0000000083368c20} (83368c20)
 - private 'compatibleCache' 'Lorg/eclipse/jdt/internal/compiler/util/SimpleLookupTable;' @64  a 'org/eclipse/jdt/internal/compiler/util/SimpleLookupTable'{0x000000008342c8a8} (8342c8a8)
 - protected 'singleAbstractMethod' '[Lorg/eclipse/jdt/internal/compiler/lookup/MethodBinding;' @68  NULL (0)
 - public 'defaultNullness' 'I' @72  0
 - private 'nullnessDefaultInitialized' 'I' @76  2
 - 'memberTypesSorted' 'Z' @80  true
 - private 'isRecordDeclaration' 'Z' @81  false
 - public 'isImplicit' 'Z' @82  false
 - public 'isVarArgs' 'Z' @83  false
 - public 'supertypeAnnotationsUpdated' 'Z' @84  false
 - public 'superclass' 'Lorg/eclipse/jdt/internal/compiler/lookup/ReferenceBinding;' @88  a 'org/eclipse/jdt/internal/compiler/lookup/SourceTypeBinding'{0x0000000082afc5a8} (82afc5a8)
 - public 'superInterfaces' '[Lorg/eclipse/jdt/internal/compiler/lookup/ReferenceBinding;' @92  a 'org/eclipse/jdt/internal/compiler/lookup/ReferenceBinding'[0] {0x0000000080b049c8} (80b049c8)
 - private 'fields' '[Lorg/eclipse/jdt/internal/compiler/lookup/FieldBinding;' @96  a 'org/eclipse/jdt/internal/compiler/lookup/FieldBinding'[2] {0x0000000082db3640} (82db3640)
 - private 'components' '[Lorg/eclipse/jdt/internal/compiler/lookup/RecordComponentBinding;' @100  a 'org/eclipse/jdt/internal/compiler/lookup/RecordComponentBinding'[0] {0x0000000080b04a28} (80b04a28)
 - private 'methods' '[Lorg/eclipse/jdt/internal/compiler/lookup/MethodBinding;' @104  a 'org/eclipse/jdt/internal/compiler/lookup/MethodBinding'[10] {0x0000000082db36c8} (82db36c8)
 - public 'memberTypes' '[Lorg/eclipse/jdt/internal/compiler/lookup/ReferenceBinding;' @108  a 'org/eclipse/jdt/internal/compiler/lookup/ReferenceBinding'[0] {0x0000000080b049d8} (80b049d8)
 - public 'typeVariables' '[Lorg/eclipse/jdt/internal/compiler/lookup/TypeVariableBinding;' @112  a 'org/eclipse/jdt/internal/compiler/lookup/TypeVariableBinding'[0] {0x0000000080b049e8} (80b049e8)
 - public 'permittedTypes' '[Lorg/eclipse/jdt/internal/compiler/lookup/ReferenceBinding;' @116  a 'org/eclipse/jdt/internal/compiler/lookup/ReferenceBinding'[0] {0x0000000080b049b8} (80b049b8)
 - public 'scope' 'Lorg/eclipse/jdt/internal/compiler/lookup/ClassScope;' @120  NULL (0)
 - protected 'prototype' 'Lorg/eclipse/jdt/internal/compiler/lookup/SourceTypeBinding;' @124  a 'org/eclipse/jdt/internal/compiler/lookup/SourceTypeBinding'{0x00000000829b5218} (829b5218)
 - 'environment' 'Lorg/eclipse/jdt/internal/compiler/lookup/LookupEnvironment;' @128  a 'org/eclipse/jdt/internal/compiler/lookup/LookupEnvironment'{0x0000000082773858} (82773858)
 - public 'module' 'Lorg/eclipse/jdt/internal/compiler/lookup/ModuleBinding;' @132  a 'org/eclipse/jdt/internal/compiler/lookup/ModuleBinding$UnNamedModule'{0x0000000082773908} (82773908)
 - 'synthetics' '[Ljava/util/Map;' @136  NULL (0)
 - 'genericReferenceTypeSignature' '[C' @140  [C{0x0000000083368c20} (83368c20)
 - private 'storedAnnotations' 'Lorg/eclipse/jdt/internal/compiler/util/SimpleLookupTable;' @144  a 'org/eclipse/jdt/internal/compiler/util/SimpleLookupTable'{0x0000000082e7e870} (82e7e870)
 - private 'containerAnnotationType' 'Lorg/eclipse/jdt/internal/compiler/lookup/ReferenceBinding;' @148  NULL (0)
 - public 'externalAnnotationProvider' 'Lorg/eclipse/jdt/internal/compiler/classfmt/ExternalAnnotationProvider;' @152  NULL (0)
 - private 'nestHost' 'Lorg/eclipse/jdt/internal/compiler/lookup/SourceTypeBinding;' @156  NULL (0)
 - private 'implicitComponentFields' '[Lorg/eclipse/jdt/internal/compiler/lookup/FieldBinding;' @160  NULL (0)
 - private 'recordComponentAccessors' '[Lorg/eclipse/jdt/internal/compiler/lookup/MethodBinding;' @164  NULL (0)
RSP=0x0000007aed1ff508 points into unknown readable memory: 0x00007ff95c870cc2 | c2 0c 87 5c f9 7f 00 00
RBP=0x0000007aed1ff600 points into unknown readable memory: 0x00007ff95cb71158 | 58 11 b7 5c f9 7f 00 00
RSI=0x00000000833f03f8 is an oop: lombok.core.LombokImmutableList 
{0x00000000833f03f8} - klass: 'lombok/core/LombokImmutableList'
 - ---- fields (total size 2 words):
 - private 'content' '[Ljava/lang/Object;' @12  a 'java/lang/Object'[2] {0x00000000833f0408} (833f0408)
RDI=0x0000025d13132ea0 points into unknown readable memory: 0x0000025d7aac0150 | 50 01 ac 7a 5d 02 00 00
R8 =0x0000000414da9600 is an unknown value
R9 =0x0000000000014da9 is an unknown value
R10=0x00000000000000d0 is an unknown value
R11=0x0000000000000003 is an unknown value
R12=0x0000007aebffeba8 points into unknown readable memory: 0x000000000000000a | 0a 00 00 00 00 00 00 00
R13=0x0000000000000010 is an unknown value
R14=0x0000000100348690 is a pointer to class: 
org.eclipse.jdt.internal.compiler.lookup.TypeVariableBinding {0x0000000100348698}
 - instance size:     14
 - klass size:        277
 - access:            public synchronized 
 - state:             fully_initialized
 - name:              'org/eclipse/jdt/internal/compiler/lookup/TypeVariableBinding'
 - super:             'org/eclipse/jdt/internal/compiler/lookup/ReferenceBinding'
 - sub:               'org/eclipse/jdt/internal/compiler/lookup/CaptureBinding'   'org/eclipse/jdt/internal/compiler/lookup/InferenceVariable'   
 - arrays:            'org/eclipse/jdt/internal/compiler/lookup/TypeVariableBinding'[]
 - methods:           Array<T>(0x0000025d15b3fbb8)
 - method ordering:   Array<T>(0x0000025d14000018)
 - default_methods:   Array<T>(0x0000000000000000)
 - local interfaces:  Array<T>(0x0000025d14000058)
 - trans. interfaces: Array<T>(0x0000025d14000058)
 - constants:         constant pool [786]/operands[5] {0x0000025d15b40008} for 'org/eclipse/jdt/internal/compiler/lookup/TypeVariableBinding' cache=0x0000025d17e6dfb8
 - class loader data:  loader data: 0x0000025d1acf7900 for instance a 'org/eclipse/osgi/internal/loader/EquinoxClassLoader'{0x0000000080245fe0}
 - source file:       'TypeVariableBinding.java'
 - class annotations:       Array<T>(0x0000000000000000)
 - class type annotations:  Array<T>(0x0000000000000000)
 - field annotations:       Array<T>(0x0000000000000000)
 - field type annotations:  Array<T>(0x0000000000000000)
 - inner classes:     Array<T>(0x0000025d15b46948)
 - nest members:     Array<T>(0x0000025d14000028)
 - permitted subclasses:     Array<T>(0x0000025d14000028)
 - java mirror:       a 'java/lang/Class'{0x0000000080a80178} = 'org/eclipse/jdt/internal/compiler/lookup/TypeVariableBinding'
 - vtable length      215  (start addr: 0x0000000100348858)
 - itable length      2 (start addr: 0x0000000100348f10)
 - ---- static fields (0 words):
 - ---- non-static fields (24 words):
 - public 'id' 'I' @12 
 - public 'tagBits' 'J' @16 
 - public 'extendedTagBits' 'I' @24 
 - protected 'typeAnnotations' '[Lorg/eclipse/jdt/internal/compiler/lookup/AnnotationBinding;' @28 
 - public 'modifiers' 'I' @32 
 - 'typeBits' 'I' @36 
 - public 'compoundName' '[[C' @40 
 - public 'sourceName' '[C' @44 
 - public 'fPackage' 'Lorg/eclipse/jdt/internal/compiler/lookup/PackageBinding;' @48 
 - 'fileName' '[C' @52 
 - 'constantPoolName' '[C' @56 
 - 'signature' '[C' @60 
 - private 'compatibleCache' 'Lorg/eclipse/jdt/internal/compiler/util/SimpleLookupTable;' @64 
 - protected 'singleAbstractMethod' '[Lorg/eclipse/jdt/internal/compiler/lookup/MethodBinding;' @68 
 - public 'rank' 'I' @72 
 - 'inRecursiveFunction' 'Z' @76 
 - 'inRecursiveProjectionFunction' 'Z' @77 
 - public 'declaringElement' 'Lorg/eclipse/jdt/internal/compiler/lookup/Binding;' @80 
 - public 'firstBound' 'Lorg/eclipse/jdt/internal/compiler/lookup/TypeBinding;' @84 
 - public 'superclass' 'Lorg/eclipse/jdt/internal/compiler/lookup/ReferenceBinding;' @88 
 - public 'superInterfaces' '[Lorg/eclipse/jdt/internal/compiler/lookup/ReferenceBinding;' @92 
 - public 'genericTypeSignature' '[C' @96 
 - 'environment' 'Lorg/eclipse/jdt/internal/compiler/lookup/LookupEnvironment;' @100 
 - 'updateWhenSettingTypeAnnotations' 'Ljava/util/function/Consumer;' @104 
 - non-static oop maps: 28-28 40-68 80-104 
R15=0x00000000833f03c0 is an oop: org.eclipse.jdt.internal.compiler.ast.SingleTypeReference 
{0x00000000833f03c0} - klass: 'org/eclipse/jdt/internal/compiler/ast/SingleTypeReference'
 - ---- fields (total size 7 words):
 - public 'sourceStart' 'I' @12  4486 (1186)
 - public 'sourceEnd' 'I' @16  4496 (1190)
 - public 'bits' 'I' @20  -1073741824 (c0000000)
 - public transient '$generatedBy' 'Lorg/eclipse/jdt/internal/compiler/ast/ASTNode;' @24  NULL (0)
 - public 'inPreConstructorContext' 'Z' @28  false
 - public 'statementEnd' 'I' @32  -1 (ffffffff)
 - public 'implicitConversion' 'I' @36  0
 - public 'constant' 'Lorg/eclipse/jdt/internal/compiler/impl/Constant;' @40  a 'org/eclipse/jdt/internal/compiler/impl/DoubleConstant'{0x00000000825365b8} (825365b8)
 - public 'resolvedType' 'Lorg/eclipse/jdt/internal/compiler/lookup/TypeBinding;' @44  
[error occurred during error reporting (printing register info), id 0xc0000005, EXCEPTION_ACCESS_VIOLATION (0xc0000005) at pc=0x00007ff95c829a83]

Top of Stack: (sp=0x0000007aed1ff508)
0x0000007aed1ff508:   00007ff95c870cc2 00000000833f03c0
0x0000007aed1ff518:   0000000000000007 000000008945c220
0x0000007aed1ff528:   00007ff95c86faaf 0000025d13132ea0
0x0000007aed1ff538:   00007ff95c86e572 00000000829b5238
0x0000007aed1ff548:   00007ff95c87035e 000000008945c220
0x0000007aed1ff558:   00007ff95c86f81f 0000000100348688
0x0000007aed1ff568:   00007ff95c86edee 00000000833f03ec
0x0000007aed1ff578:   00007ff95c87035e 00000000833a32a0
0x0000007aed1ff588:   00000000833a3294 0000000000000000
0x0000007aed1ff598:   00007ff95ccec7a0 000000000001df65
0x0000007aed1ff5a8:   00007ff95c8706a4 00007ff95cb71158
0x0000007aed1ff5b8:   0000025d13132ea0 00007ff95cadbb90
0x0000007aed1ff5c8:   000000000001df66 0000000000000000
0x0000007aed1ff5d8:   00007ff900000000 0000025d13132ea0
0x0000007aed1ff5e8:   00007ff95c86e581 00000000858c5548
0x0000007aed1ff5f8:   0000000000000000 00007ff95cb71158
0x0000007aed1ff608:   0000025d7ae32d70 0000000100000003
0x0000007aed1ff618:   0000025d13132ea0 0000000000000000
0x0000007aed1ff628:   0000000000000000 0000000000000002
0x0000007aed1ff638:   0000000081ba2288 00007ff95ccec7a0
0x0000007aed1ff648:   000000000000000c 0000025d13132ea0
0x0000007aed1ff658:   00007ff95c878de1 000000000000000c
0x0000007aed1ff668:   00007ff95cb71158 0000025d13132ea0
0x0000007aed1ff678:   00007ff95cb71158 0000000081b64278
0x0000007aed1ff688:   0000007a0000f000 00007ff95cb71158
0x0000007aed1ff698:   0000025d7ae32d70 0000000000000003
0x0000007aed1ff6a8:   0000025d13132ea0 0000000000000002
0x0000007aed1ff6b8:   0000007aebffeba0 0000007aebffeb68
0x0000007aed1ff6c8:   0000007aebffea60 0000007aebffea60
0x0000007aed1ff6d8:   00007ff95c879cfa 0000000000000005
0x0000007aed1ff6e8:   0000007aed1ff760 00000000858c5510
0x0000007aed1ff6f8:   0000025d1a071020 0000007aebffee00 

Instructions: (pc=0x00007ff95c1ccac8)
0x00007ff95c1cc9c8:   48 83 c4 20 5e c3 cc cc 48 8b 01 c3 cc cc cc cc
0x00007ff95c1cc9d8:   cc cc cc cc cc cc cc cc 4c 8b 01 4c 8b c9 48 8b
0x00007ff95c1cc9e8:   0d e3 60 b6 00 ba 44 60 08 00 e9 d9 f1 ff ff cc
0x00007ff95c1cc9f8:   cc cc cc cc cc cc cc cc 48 89 5c 24 08 57 48 83
0x00007ff95c1cca08:   ec 20 48 8b 39 48 8b d9 48 85 3d 01 4a bb 00 75
0x00007ff95c1cca18:   0e 48 8b c7 48 8b 5c 24 30 48 83 c4 20 5f c3 48
0x00007ff95c1cca28:   8b cf e8 41 98 85 00 48 8b d0 48 85 c0 74 20 48
0x00007ff95c1cca38:   8b c7 f0 48 0f b1 13 74 16 48 85 05 d0 49 bb 00
0x00007ff95c1cca48:   74 0d 48 8b c8 f0 48 0f b1 13 48 3b c1 75 ea 48
0x00007ff95c1cca58:   8b 5c 24 30 48 8b c2 48 83 c4 20 5f c3 cc cc cc
0x00007ff95c1cca68:   cc cc cc cc cc cc cc cc 4c 8b 01 4c 8b c9 48 8b
0x00007ff95c1cca78:   0d 53 60 b6 00 ba 64 60 08 00 e9 49 f1 ff ff cc
0x00007ff95c1cca88:   cc cc cc cc cc cc cc cc 8b 05 62 a8 b0 00 c3 cc
0x00007ff95c1cca98:   cc cc cc cc cc cc cc cc 0f b6 05 db 68 b7 00 48
0x00007ff95c1ccaa8:   8b d1 84 c0 74 16 44 8b 41 08 8b 0d 40 a8 b0 00
0x00007ff95c1ccab8:   49 d3 e0 4c 03 05 2e a8 b0 00 eb 04 4c 8b 41 08
0x00007ff95c1ccac8:   45 8b 50 08 45 85 d2 7e 0e 41 f6 c2 01 75 53 41
0x00007ff95c1ccad8:   c1 fa 03 41 8b c2 c3 79 49 84 c0 b9 10 00 00 00
0x00007ff95c1ccae8:   8b 05 46 b7 b0 00 41 b8 0c 00 00 00 41 0f 45 c8
0x00007ff95c1ccaf8:   ff c8 4c 63 c8 48 63 14 11 41 8b ca 83 e1 3f 48
0x00007ff95c1ccb08:   d3 e2 41 8b ca 48 c1 f9 10 0f b6 c1 49 8d 0c 11
0x00007ff95c1ccb18:   49 f7 d1 48 03 c1 49 c1 e9 03 48 c1 e8 03 41 23
0x00007ff95c1ccb28:   c1 c3 49 8b 00 49 8b c8 48 ff a0 00 01 00 00 cc
0x00007ff95c1ccb38:   cc cc cc cc cc cc cc cc 8b 44 24 30 45 03 c9 44
0x00007ff95c1ccb48:   2b 4c 24 28 83 c0 0b 44 03 ca 45 03 c8 41 03 c1
0x00007ff95c1ccb58:   c3 cc cc cc cc cc cc cc 4c 8b ca 48 8b d1 45 8b
0x00007ff95c1ccb68:   41 08 45 85 c0 7e 0e 41 f6 c0 01 75 56 41 c1 f8
0x00007ff95c1ccb78:   03 41 8b c0 c3 79 4c 80 3d fc 67 b7 00 00 b8 0c
0x00007ff95c1ccb88:   00 00 00 b9 10 00 00 00 0f 45 c8 8b 05 9b b6 b0
0x00007ff95c1ccb98:   00 ff c8 4c 63 c8 48 63 14 11 41 8b c8 83 e1 3f
0x00007ff95c1ccba8:   48 d3 e2 41 8b c8 48 c1 f9 10 0f b6 c1 49 8d 0c
0x00007ff95c1ccbb8:   11 49 f7 d1 48 03 c1 49 c1 e9 03 48 c1 e8 03 41 


Stack slot to memory mapping:
stack at sp + 0 slots: 0x00007ff95c870cc2 jvm.dll
stack at sp + 1 slots: 0x00000000833f03c0 is an oop: org.eclipse.jdt.internal.compiler.ast.SingleTypeReference 
{0x00000000833f03c0} - klass: 'org/eclipse/jdt/internal/compiler/ast/SingleTypeReference'
 - ---- fields (total size 7 words):
 - public 'sourceStart' 'I' @12  4486 (1186)
 - public 'sourceEnd' 'I' @16  4496 (1190)
 - public 'bits' 'I' @20  -1073741824 (c0000000)
 - public transient '$generatedBy' 'Lorg/eclipse/jdt/internal/compiler/ast/ASTNode;' @24  NULL (0)
 - public 'inPreConstructorContext' 'Z' @28  false
 - public 'statementEnd' 'I' @32  -1 (ffffffff)
 - public 'implicitConversion' 'I' @36  0
 - public 'constant' 'Lorg/eclipse/jdt/internal/compiler/impl/Constant;' @40  a 'org/eclipse/jdt/internal/compiler/impl/DoubleConstant'{0x00000000825365b8} (825365b8)
 - public 'resolvedType' 'Lorg/eclipse/jdt/internal/compiler/lookup/TypeBinding;' @44  
[error occurred during error reporting (inspecting top of stack), id 0xc0000005, EXCEPTION_ACCESS_VIOLATION (0xc0000005) at pc=0x00007ff95c829a83]


---------------  P R O C E S S  ---------------

Threads class SMR info:
_java_thread_list=0x0000025d1ce1ef50, length=45, elements={
0x0000025d7ae1ee00, 0x0000025d131fc600, 0x0000025d184c8010, 0x0000025d184f0270,
0x0000025d184f10f0, 0x0000025d184f27b0, 0x0000025d184f7350, 0x0000025d184f8690,
0x0000025d18500100, 0x0000025d1850d2d0, 0x0000025d185f43d0, 0x0000025d19b0e4e0,
0x0000025d1a298c00, 0x0000025d1a50cd70, 0x0000025d1a50d520, 0x0000025d1a6fdfb0,
0x0000025d1a47af00, 0x0000025d1a89af90, 0x0000025d1bc10a30, 0x0000025d1bc12da0,
0x0000025d1bc10520, 0x0000025d1bc0f0e0, 0x0000025d1bc10f40, 0x0000025d1bc14c00,
0x0000025d1bc13cd0, 0x0000025d1bc12380, 0x0000025d1bc15110, 0x0000025d1bc11450,
0x0000025d1bc141e0, 0x0000025d1bc132b0, 0x0000025d1bc11960, 0x0000025d1bc137c0,
0x0000025d1bc146f0, 0x0000025d1bc11e70, 0x0000025d1bc15620, 0x0000025d1bc0e1b0,
0x0000025d1d13a640, 0x0000025d282460c0, 0x0000025d2824c0f0, 0x0000025d28248e50,
0x0000025d28246ff0, 0x0000025d1cfad9e0, 0x0000025d1cfae480, 0x0000025d2824d020,
0x0000025d28247a10
}

Java Threads: ( => current thread )
  0x0000025d7ae1ee00 JavaThread "main" [_thread_blocked, id=13248, stack(0x0000007aebd00000,0x0000007aebe00000)]
  0x0000025d131fc600 JavaThread "Reference Handler" daemon [_thread_blocked, id=13276, stack(0x0000007aec000000,0x0000007aec100000)]
  0x0000025d184c8010 JavaThread "Finalizer" daemon [_thread_blocked, id=13280, stack(0x0000007aec100000,0x0000007aec200000)]
  0x0000025d184f0270 JavaThread "Signal Dispatcher" daemon [_thread_blocked, id=6944, stack(0x0000007aec200000,0x0000007aec300000)]
  0x0000025d184f10f0 JavaThread "Attach Listener" daemon [_thread_blocked, id=13268, stack(0x0000007aec300000,0x0000007aec400000)]
  0x0000025d184f27b0 JavaThread "Service Thread" daemon [_thread_blocked, id=11684, stack(0x0000007aec400000,0x0000007aec500000)]
  0x0000025d184f7350 JavaThread "Monitor Deflation Thread" daemon [_thread_blocked, id=2840, stack(0x0000007aec500000,0x0000007aec600000)]
  0x0000025d184f8690 JavaThread "C2 CompilerThread0" daemon [_thread_blocked, id=13208, stack(0x0000007aec600000,0x0000007aec700000)]
  0x0000025d18500100 JavaThread "C1 CompilerThread0" daemon [_thread_blocked, id=12444, stack(0x0000007aec700000,0x0000007aec800000)]
  0x0000025d1850d2d0 JavaThread "Sweeper thread" daemon [_thread_blocked, id=12788, stack(0x0000007aec800000,0x0000007aec900000)]
  0x0000025d185f43d0 JavaThread "Common-Cleaner" daemon [_thread_blocked, id=10524, stack(0x0000007aec900000,0x0000007aeca00000)]
  0x0000025d19b0e4e0 JavaThread "Notification Thread" daemon [_thread_blocked, id=6816, stack(0x0000007aecb00000,0x0000007aecc00000)]
  0x0000025d1a298c00 JavaThread "Active Thread: Equinox Container: 125e8041-1ee5-414e-be58-ee81f543e480" [_thread_blocked, id=6576, stack(0x0000007aecd00000,0x0000007aece00000)]
  0x0000025d1a50cd70 JavaThread "Framework Event Dispatcher: Equinox Container: 125e8041-1ee5-414e-be58-ee81f543e480" daemon [_thread_blocked, id=8524, stack(0x0000007aed500000,0x0000007aed600000)]
  0x0000025d1a50d520 JavaThread "Start Level: Equinox Container: 125e8041-1ee5-414e-be58-ee81f543e480" daemon [_thread_blocked, id=12172, stack(0x0000007aed600000,0x0000007aed700000)]
  0x0000025d1a6fdfb0 JavaThread "Bundle File Closer" daemon [_thread_blocked, id=12604, stack(0x0000007aed800000,0x0000007aed900000)]
  0x0000025d1a47af00 JavaThread "SCR Component Actor" daemon [_thread_blocked, id=6408, stack(0x0000007aed900000,0x0000007aeda00000)]
  0x0000025d1a89af90 JavaThread "Worker-JM" [_thread_blocked, id=13164, stack(0x0000007aedd00000,0x0000007aede00000)]
  0x0000025d1bc10a30 JavaThread "Java indexing" daemon [_thread_blocked, id=9084, stack(0x0000007aee000000,0x0000007aee100000)]
  0x0000025d1bc12da0 JavaThread "JNA Cleaner" daemon [_thread_blocked, id=11940, stack(0x0000007aee100000,0x0000007aee200000)]
  0x0000025d1bc10520 JavaThread "Thread-2" daemon [_thread_in_native, id=11732, stack(0x0000007aee400000,0x0000007aee500000)]
  0x0000025d1bc0f0e0 JavaThread "Thread-3" daemon [_thread_in_native, id=2220, stack(0x0000007aee500000,0x0000007aee600000)]
  0x0000025d1bc10f40 JavaThread "Thread-4" daemon [_thread_in_native, id=9580, stack(0x0000007aee600000,0x0000007aee700000)]
  0x0000025d1bc14c00 JavaThread "Thread-5" daemon [_thread_in_native, id=8888, stack(0x0000007aee700000,0x0000007aee800000)]
  0x0000025d1bc13cd0 JavaThread "Thread-6" daemon [_thread_in_native, id=8356, stack(0x0000007aee800000,0x0000007aee900000)]
  0x0000025d1bc12380 JavaThread "Thread-7" daemon [_thread_in_native, id=5684, stack(0x0000007aee900000,0x0000007aeea00000)]
  0x0000025d1bc15110 JavaThread "Thread-8" daemon [_thread_in_native, id=2620, stack(0x0000007aeea00000,0x0000007aeeb00000)]
  0x0000025d1bc11450 JavaThread "Thread-9" daemon [_thread_in_native, id=4316, stack(0x0000007aeeb00000,0x0000007aeec00000)]
  0x0000025d1bc141e0 JavaThread "Thread-10" daemon [_thread_in_native, id=3864, stack(0x0000007aeec00000,0x0000007aeed00000)]
  0x0000025d1bc132b0 JavaThread "Thread-11" daemon [_thread_in_native, id=10676, stack(0x0000007aeed00000,0x0000007aeee00000)]
  0x0000025d1bc11960 JavaThread "Thread-12" daemon [_thread_in_native, id=3144, stack(0x0000007aeee00000,0x0000007aeef00000)]
  0x0000025d1bc137c0 JavaThread "Thread-13" daemon [_thread_in_native, id=10444, stack(0x0000007aeef00000,0x0000007aef000000)]
  0x0000025d1bc146f0 JavaThread "Thread-14" daemon [_thread_in_native, id=3268, stack(0x0000007aef000000,0x0000007aef100000)]
  0x0000025d1bc11e70 JavaThread "pool-2-thread-1" [_thread_blocked, id=6684, stack(0x0000007aef100000,0x0000007aef200000)]
  0x0000025d1bc15620 JavaThread "WorkspaceEventsHandler" [_thread_blocked, id=7124, stack(0x0000007aef200000,0x0000007aef300000)]
  0x0000025d1bc0e1b0 JavaThread "pool-1-thread-1" [_thread_blocked, id=9612, stack(0x0000007aef300000,0x0000007aef400000)]
  0x0000025d1d13a640 JavaThread "Cleaner-0" daemon [_thread_blocked, id=5268, stack(0x0000007af0400000,0x0000007af0500000)]
  0x0000025d282460c0 JavaThread "Worker-21" [_thread_blocked, id=9060, stack(0x0000007aee300000,0x0000007aee400000)]
  0x0000025d2824c0f0 JavaThread "Worker-24" [_thread_blocked, id=6948, stack(0x0000007aef500000,0x0000007aef600000)]
  0x0000025d28248e50 JavaThread "ForkJoinPool.commonPool-worker-27" daemon [_thread_blocked, id=3108, stack(0x0000007aebb00000,0x0000007aebc00000)]
  0x0000025d28246ff0 JavaThread "pool-7-thread-1" [_thread_blocked, id=1612, stack(0x0000007aebc00000,0x0000007aebd00000)]
  0x0000025d1cfad9e0 JavaThread "C2 CompilerThread1" daemon [_thread_blocked, id=13984, stack(0x0000007aede00000,0x0000007aedf00000)]
  0x0000025d1cfae480 JavaThread "C2 CompilerThread2" daemon [_thread_blocked, id=2000, stack(0x0000007aedf00000,0x0000007aee000000)]
  0x0000025d2824d020 JavaThread "Framework stop - Equinox Container: 125e8041-1ee5-414e-be58-ee81f543e480" [_thread_blocked, id=13788, stack(0x0000007aeca00000,0x0000007aecb00000)]
  0x0000025d28247a10 JavaThread "SCR Component Registry" daemon [_thread_blocked, id=12028, stack(0x0000007aed400000,0x0000007aed500000)]

Other Threads:
  0x0000025d7aecec30 VMThread "VM Thread" [stack: 0x0000007aebf00000,0x0000007aec000000] [id=3932]
  0x0000025d19b0f160 WatcherThread [stack: 0x0000007aecc00000,0x0000007aecd00000] [id=9636]
  0x0000025d7ae339d0 GCTaskThread "GC Thread#0" [stack: 0x0000007aebe00000,0x0000007aebf00000] [id=10428]
  0x0000025d1a1bbf20 GCTaskThread "GC Thread#1" [stack: 0x0000007aece00000,0x0000007aecf00000] [id=12952]
  0x0000025d19c8cb30 GCTaskThread "GC Thread#2" [stack: 0x0000007aecf00000,0x0000007aed000000] [id=3040]
  0x0000025d19c8cdf0 GCTaskThread "GC Thread#3" [stack: 0x0000007aed000000,0x0000007aed100000] [id=7984]
=>0x0000025d1a071020 GCTaskThread "GC Thread#4" [stack: 0x0000007aed100000,0x0000007aed200000] [id=6804]
  0x0000025d1a0712e0 GCTaskThread "GC Thread#5" [stack: 0x0000007aed200000,0x0000007aed300000] [id=2344]
  0x0000025d1a0715a0 GCTaskThread "GC Thread#6" [stack: 0x0000007aed300000,0x0000007aed400000] [id=3052]
  0x0000025d7abbe6e0 GCTaskThread "GC Thread#7" [stack: 0x0000007aed700000,0x0000007aed800000] [id=12476]
  0x0000025d1a9fff20 GCTaskThread "GC Thread#8" [stack: 0x0000007aeda00000,0x0000007aedb00000] [id=12640]
  0x0000025d1a4982d0 GCTaskThread "GC Thread#9" [stack: 0x0000007aedb00000,0x0000007aedc00000] [id=7628]

Threads with active compile tasks:
C2 CompilerThread1  2985736 32015       4       org.eclipse.osgi.internal.serviceregistry.ServiceRegistry::notifyHooksPrivileged (58 bytes)
C2 CompilerThread2  2985736 32030 %     4       org.eclipse.jdt.internal.core.index.DiskIndex::writeAllDocumentNames @ 251 (512 bytes)

VM state: at safepoint (normal execution)

VM Mutex/Monitor currently owned by a thread:  ([mutex/lock_event])
[0x0000025d7ae1b280] Threads_lock - owner thread: 0x0000025d7aecec30
[0x0000025d7ae1c120] Heap_lock - owner thread: 0x0000025d1bc10a30

Heap address: 0x0000000080000000, size: 2048 MB, Compressed Oops mode: 32-bit

CDS archive(s) not mapped
Compressed class space mapped at: 0x0000000100000000-0x0000000140000000, reserved size: 1073741824
Narrow klass base: 0x0000000000000000, Narrow klass shift: 3, Narrow klass range: 0x140000000

GC Precious Log:
 CPUs: 12 total, 12 available
 Memory: 16225M
 Large Page Support: Disabled
 NUMA Support: Disabled
 Compressed Oops: Enabled (32-bit)
 Alignments: Space 512K, Generation 512K, Heap 2M
 Heap Min Capacity: 100M
 Heap Initial Capacity: 100M
 Heap Max Capacity: 2G
 Pre-touch: Disabled
 Parallel Workers: 10

Heap:
 PSYoungGen      total 13824K, used 4608K [0x00000000d5580000, 0x00000000d7780000, 0x0000000100000000)
  eden space 9216K, 0% used [0x00000000d5580000,0x00000000d5580000,0x00000000d5e80000)
  from space 4608K, 100% used [0x00000000d5e80000,0x00000000d6300000,0x00000000d6300000)
  to   space 12800K, 0% used [0x00000000d6b00000,0x00000000d6b00000,0x00000000d7780000)
 ParOldGen       total 209920K, used 209818K [0x0000000080000000, 0x000000008cd00000, 0x00000000d5580000)
  object space 209920K, 99% used [0x0000000080000000,0x000000008cce6990,0x000000008cd00000)
 Metaspace       used 96156K, committed 97728K, reserved 1179648K
  class space    used 9359K, committed 10112K, reserved 1048576K

Card table byte_map: [0x0000025d7f470000,0x0000025d7f880000] _byte_map_base: 0x0000025d7f070000

Marking Bits: (ParMarkBitMap*) 0x00007ff95cd5d7d0
 Begin Bits: [0x0000025d0f000000, 0x0000025d11000000)
 End Bits:   [0x0000025d11000000, 0x0000025d13000000)

Polling page: 0x0000025d7f260000

Metaspace:

Usage:
  Non-class:     84.76 MB used.
      Class:      9.14 MB used.
       Both:     93.90 MB used.

Virtual space:
  Non-class space:      128.00 MB reserved,      85.56 MB ( 67%) committed,  2 nodes.
      Class space:        1.00 GB reserved,       9.88 MB ( <1%) committed,  1 nodes.
             Both:        1.12 GB reserved,      95.44 MB (  8%) committed. 

Chunk freelists:
   Non-Class:  10.20 MB
       Class:  6.21 MB
        Both:  16.41 MB

MaxMetaspaceSize: unlimited
CompressedClassSpaceSize: 1.00 GB
Initial GC threshold: 21.00 MB
Current GC threshold: 158.56 MB
CDS: off
MetaspaceReclaimPolicy: balanced
 - commit_granule_bytes: 65536.
 - commit_granule_words: 8192.
 - virtual_space_node_default_size: 8388608.
 - enlarge_chunks_in_place: 1.
 - new_chunks_are_fully_committed: 0.
 - uncommit_free_chunks: 1.
 - use_allocation_guard: 0.
 - handle_deallocations: 1.


Internal statistics:

num_allocs_failed_limit: 11.
num_arena_births: 1302.
num_arena_deaths: 246.
num_vsnodes_births: 3.
num_vsnodes_deaths: 0.
num_space_committed: 1527.
num_space_uncommitted: 0.
num_chunks_returned_to_freelist: 294.
num_chunks_taken_from_freelist: 5768.
num_chunk_merges: 98.
num_chunk_splits: 3422.
num_chunks_enlarged: 1856.
num_inconsistent_stats: 0.

CodeHeap 'non-profiled nmethods': size=120000Kb used=28510Kb max_used=28710Kb free=91489Kb
 bounds [0x0000025d07ad0000, 0x0000025d096e0000, 0x0000025d0f000000]
CodeHeap 'profiled nmethods': size=120000Kb used=43149Kb max_used=43768Kb free=76850Kb
 bounds [0x0000025d00000000, 0x0000025d02ae0000, 0x0000025d07530000]
CodeHeap 'non-nmethods': size=5760Kb used=1431Kb max_used=1564Kb free=4328Kb
 bounds [0x0000025d07530000, 0x0000025d077a0000, 0x0000025d07ad0000]
 total_blobs=21754 nmethods=20964 adapters=691
 compilation: enabled
              stopped_count=0, restarted_count=0
 full_count=0

Compilation events (20 events):
Event: 2985.631 Thread 0x0000025d18500100 32021   !   3       org.eclipse.osgi.internal.framework.BundleContextImpl::getServicesInUseMap (17 bytes)
Event: 2985.631 Thread 0x0000025d1cfae480 32022       4       java.lang.ClassLoader::getClassLoadingLock (35 bytes)
Event: 2985.631 Thread 0x0000025d18500100 nmethod 32021 0x0000025d01d09e90 code [0x0000025d01d0a020, 0x0000025d01d0a218]
Event: 2985.631 Thread 0x0000025d18500100 32023   !   3       org.eclipse.osgi.internal.framework.EquinoxEventPublisher::publishBundleEventPrivileged (651 bytes)
Event: 2985.632 Thread 0x0000025d1cfae480 nmethod 32022 0x0000025d09282610 code [0x0000025d092827a0, 0x0000025d092828c8]
Event: 2985.632 Thread 0x0000025d1cfae480 32024       4       org.eclipse.osgi.framework.eventmgr.CopyOnWriteIdentityMap$Snapshot$SnapshotIterator::nextEntry (58 bytes)
Event: 2985.633 Thread 0x0000025d1cfae480 nmethod 32024 0x0000025d08ff9990 code [0x0000025d08ff9b20, 0x0000025d08ff9c38]
Event: 2985.635 Thread 0x0000025d18500100 nmethod 32023 0x0000025d0282f510 code [0x0000025d0282fd40, 0x0000025d02835a98]
Event: 2985.635 Thread 0x0000025d18500100 32025       3       org.apache.felix.scr.impl.Activator::debug (77 bytes)
Event: 2985.635 Thread 0x0000025d18500100 nmethod 32025 0x0000025d028c4990 code [0x0000025d028c4c20, 0x0000025d028c5708]
Event: 2985.635 Thread 0x0000025d18500100 32026   !   3       org.eclipse.osgi.container.Module::$SWITCH_TABLE$org$eclipse$osgi$container$ModuleContainerAdaptor$ModuleEvent (157 bytes)
Event: 2985.636 Thread 0x0000025d18500100 nmethod 32026 0x0000025d02330690 code [0x0000025d023308a0, 0x0000025d02330f68]
Event: 2985.636 Thread 0x0000025d18500100 32027       3       java.util.Spliterators$EmptySpliterator$OfRef::tryAdvance (6 bytes)
Event: 2985.636 Thread 0x0000025d18500100 nmethod 32027 0x0000025d022c1b10 code [0x0000025d022c1cc0, 0x0000025d022c1f88]
Event: 2985.636 Thread 0x0000025d18500100 32028       3       java.util.Spliterators$EmptySpliterator::tryAdvance (7 bytes)
Event: 2985.636 Thread 0x0000025d18500100 nmethod 32028 0x0000025d022ed990 code [0x0000025d022edb40, 0x0000025d022edda8]
Event: 2985.636 Thread 0x0000025d1cfae480 32029       4       org.eclipse.core.internal.runtime.Log::isLoggable (32 bytes)
Event: 2985.637 Thread 0x0000025d1cfae480 nmethod 32029 0x0000025d08ff9390 code [0x0000025d08ff9520, 0x0000025d08ff9798]
Event: 2985.638 Thread 0x0000025d1cfae480 32030 %     4       org.eclipse.jdt.internal.core.index.DiskIndex::writeAllDocumentNames @ 251 (512 bytes)
Event: 2985.645 Thread 0x0000025d184f8690 nmethod 32013 0x0000025d08ff6810 code [0x0000025d08ff6ae0, 0x0000025d08ff80b0]

GC Heap History (20 events):
Event: 2272.382 GC heap after
{Heap after GC invocations=4255 (full 155):
 PSYoungGen      total 7680K, used 504K [0x00000000d5580000, 0x00000000d6d80000, 0x0000000100000000)
  eden space 7168K, 0% used [0x00000000d5580000,0x00000000d5580000,0x00000000d5c80000)
  from space 512K, 98% used [0x00000000d6800000,0x00000000d687e0e8,0x00000000d6880000)
  to   space 8704K, 0% used [0x00000000d5c80000,0x00000000d5c80000,0x00000000d6500000)
 ParOldGen       total 209920K, used 194687K [0x0000000080000000, 0x000000008cd00000, 0x00000000d5580000)
  object space 209920K, 92% used [0x0000000080000000,0x000000008be1fcd8,0x000000008cd00000)
 Metaspace       used 95894K, committed 97472K, reserved 1179648K
  class space    used 9321K, committed 10112K, reserved 1048576K
}
Event: 2272.391 GC heap before
{Heap before GC invocations=4256 (full 155):
 PSYoungGen      total 7680K, used 7672K [0x00000000d5580000, 0x00000000d6d80000, 0x0000000100000000)
  eden space 7168K, 100% used [0x00000000d5580000,0x00000000d5c80000,0x00000000d5c80000)
  from space 512K, 98% used [0x00000000d6800000,0x00000000d687e0e8,0x00000000d6880000)
  to   space 8704K, 0% used [0x00000000d5c80000,0x00000000d5c80000,0x00000000d6500000)
 ParOldGen       total 209920K, used 194687K [0x0000000080000000, 0x000000008cd00000, 0x00000000d5580000)
  object space 209920K, 92% used [0x0000000080000000,0x000000008be1fcd8,0x000000008cd00000)
 Metaspace       used 95894K, committed 97472K, reserved 1179648K
  class space    used 9321K, committed 10112K, reserved 1048576K
}
Event: 2272.395 GC heap after
{Heap after GC invocations=4256 (full 155):
 PSYoungGen      total 9216K, used 1596K [0x00000000d5580000, 0x00000000d6880000, 0x0000000100000000)
  eden space 7168K, 0% used [0x00000000d5580000,0x00000000d5580000,0x00000000d5c80000)
  from space 2048K, 77% used [0x00000000d5c80000,0x00000000d5e0f198,0x00000000d5e80000)
  to   space 4096K, 0% used [0x00000000d6480000,0x00000000d6480000,0x00000000d6880000)
 ParOldGen       total 209920K, used 194863K [0x0000000080000000, 0x000000008cd00000, 0x00000000d5580000)
  object space 209920K, 92% used [0x0000000080000000,0x000000008be4bcd8,0x000000008cd00000)
 Metaspace       used 95894K, committed 97472K, reserved 1179648K
  class space    used 9321K, committed 10112K, reserved 1048576K
}
Event: 2272.401 GC heap before
{Heap before GC invocations=4257 (full 155):
 PSYoungGen      total 9216K, used 8764K [0x00000000d5580000, 0x00000000d6880000, 0x0000000100000000)
  eden space 7168K, 100% used [0x00000000d5580000,0x00000000d5c80000,0x00000000d5c80000)
  from space 2048K, 77% used [0x00000000d5c80000,0x00000000d5e0f198,0x00000000d5e80000)
  to   space 4096K, 0% used [0x00000000d6480000,0x00000000d6480000,0x00000000d6880000)
 ParOldGen       total 209920K, used 194863K [0x0000000080000000, 0x000000008cd00000, 0x00000000d5580000)
  object space 209920K, 92% used [0x0000000080000000,0x000000008be4bcd8,0x000000008cd00000)
 Metaspace       used 95894K, committed 97472K, reserved 1179648K
  class space    used 9321K, committed 10112K, reserved 1048576K
}
Event: 2272.403 GC heap after
{Heap after GC invocations=4257 (full 155):
 PSYoungGen      total 9728K, used 992K [0x00000000d5580000, 0x00000000d6580000, 0x0000000100000000)
  eden space 8704K, 0% used [0x00000000d5580000,0x00000000d5580000,0x00000000d5e00000)
  from space 1024K, 96% used [0x00000000d6480000,0x00000000d6578000,0x00000000d6580000)
  to   space 2048K, 0% used [0x00000000d6180000,0x00000000d6180000,0x00000000d6380000)
 ParOldGen       total 209920K, used 196123K [0x0000000080000000, 0x000000008cd00000, 0x00000000d5580000)
  object space 209920K, 93% used [0x0000000080000000,0x000000008bf86f38,0x000000008cd00000)
 Metaspace       used 95894K, committed 97472K, reserved 1179648K
  class space    used 9321K, committed 10112K, reserved 1048576K
}
Event: 2272.411 GC heap before
{Heap before GC invocations=4258 (full 155):
 PSYoungGen      total 9728K, used 9696K [0x00000000d5580000, 0x00000000d6580000, 0x0000000100000000)
  eden space 8704K, 100% used [0x00000000d5580000,0x00000000d5e00000,0x00000000d5e00000)
  from space 1024K, 96% used [0x00000000d6480000,0x00000000d6578000,0x00000000d6580000)
  to   space 2048K, 0% used [0x00000000d6180000,0x00000000d6180000,0x00000000d6380000)
 ParOldGen       total 209920K, used 196123K [0x0000000080000000, 0x000000008cd00000, 0x00000000d5580000)
  object space 209920K, 93% used [0x0000000080000000,0x000000008bf86f38,0x000000008cd00000)
 Metaspace       used 95894K, committed 97472K, reserved 1179648K
  class space    used 9321K, committed 10112K, reserved 1048576K
}
Event: 2272.412 GC heap after
{Heap after GC invocations=4258 (full 155):
 PSYoungGen      total 12288K, used 992K [0x00000000d5580000, 0x00000000d6500000, 0x0000000100000000)
  eden space 10240K, 0% used [0x00000000d5580000,0x00000000d5580000,0x00000000d5f80000)
  from space 2048K, 48% used [0x00000000d6180000,0x00000000d6278000,0x00000000d6380000)
  to   space 1536K, 0% used [0x00000000d6380000,0x00000000d6380000,0x00000000d6500000)
 ParOldGen       total 209920K, used 197027K [0x0000000080000000, 0x000000008cd00000, 0x00000000d5580000)
  object space 209920K, 93% used [0x0000000080000000,0x000000008c068f98,0x000000008cd00000)
 Metaspace       used 95894K, committed 97472K, reserved 1179648K
  class space    used 9321K, committed 10112K, reserved 1048576K
}
Event: 2272.423 GC heap before
{Heap before GC invocations=4259 (full 155):
 PSYoungGen      total 12288K, used 11232K [0x00000000d5580000, 0x00000000d6500000, 0x0000000100000000)
  eden space 10240K, 100% used [0x00000000d5580000,0x00000000d5f80000,0x00000000d5f80000)
  from space 2048K, 48% used [0x00000000d6180000,0x00000000d6278000,0x00000000d6380000)
  to   space 1536K, 0% used [0x00000000d6380000,0x00000000d6380000,0x00000000d6500000)
 ParOldGen       total 209920K, used 197027K [0x0000000080000000, 0x000000008cd00000, 0x00000000d5580000)
  object space 209920K, 93% used [0x0000000080000000,0x000000008c068f98,0x000000008cd00000)
 Metaspace       used 95894K, committed 97472K, reserved 1179648K
  class space    used 9321K, committed 10112K, reserved 1048576K
}
Event: 2272.424 GC heap after
{Heap after GC invocations=4259 (full 155):
 PSYoungGen      total 13312K, used 1152K [0x00000000d5580000, 0x00000000d6500000, 0x0000000100000000)
  eden space 11776K, 0% used [0x00000000d5580000,0x00000000d5580000,0x00000000d6100000)
  from space 1536K, 75% used [0x00000000d6380000,0x00000000d64a0000,0x00000000d6500000)
  to   space 1536K, 0% used [0x00000000d6200000,0x00000000d6200000,0x00000000d6380000)
 ParOldGen       total 209920K, used 197875K [0x0000000080000000, 0x000000008cd00000, 0x00000000d5580000)
  object space 209920K, 94% used [0x0000000080000000,0x000000008c13cdb0,0x000000008cd00000)
 Metaspace       used 95894K, committed 97472K, reserved 1179648K
  class space    used 9321K, committed 10112K, reserved 1048576K
}
Event: 2272.436 GC heap before
{Heap before GC invocations=4260 (full 155):
 PSYoungGen      total 13312K, used 12928K [0x00000000d5580000, 0x00000000d6500000, 0x0000000100000000)
  eden space 11776K, 100% used [0x00000000d5580000,0x00000000d6100000,0x00000000d6100000)
  from space 1536K, 75% used [0x00000000d6380000,0x00000000d64a0000,0x00000000d6500000)
  to   space 1536K, 0% used [0x00000000d6200000,0x00000000d6200000,0x00000000d6380000)
 ParOldGen       total 209920K, used 197875K [0x0000000080000000, 0x000000008cd00000, 0x00000000d5580000)
  object space 209920K, 94% used [0x0000000080000000,0x000000008c13cdb0,0x000000008cd00000)
 Metaspace       used 95894K, committed 97472K, reserved 1179648K
  class space    used 9321K, committed 10112K, reserved 1048576K
}
Event: 2272.437 GC heap after
{Heap after GC invocations=4260 (full 155):
 PSYoungGen      total 13312K, used 1312K [0x00000000d5580000, 0x00000000d6400000, 0x0000000100000000)
  eden space 11776K, 0% used [0x00000000d5580000,0x00000000d5580000,0x00000000d6100000)
  from space 1536K, 85% used [0x00000000d6200000,0x00000000d6348020,0x00000000d6380000)
  to   space 512K, 0% used [0x00000000d6380000,0x00000000d6380000,0x00000000d6400000)
 ParOldGen       total 209920K, used 198880K [0x0000000080000000, 0x000000008cd00000, 0x00000000d5580000)
  object space 209920K, 94% used [0x0000000080000000,0x000000008c2383e0,0x000000008cd00000)
 Metaspace       used 95894K, committed 97472K, reserved 1179648K
  class space    used 9321K, committed 10112K, reserved 1048576K
}
Event: 2272.448 GC heap before
{Heap before GC invocations=4261 (full 155):
 PSYoungGen      total 13312K, used 13088K [0x00000000d5580000, 0x00000000d6400000, 0x0000000100000000)
  eden space 11776K, 100% used [0x00000000d5580000,0x00000000d6100000,0x00000000d6100000)
  from space 1536K, 85% used [0x00000000d6200000,0x00000000d6348020,0x00000000d6380000)
  to   space 512K, 0% used [0x00000000d6380000,0x00000000d6380000,0x00000000d6400000)
 ParOldGen       total 209920K, used 198880K [0x0000000080000000, 0x000000008cd00000, 0x00000000d5580000)
  object space 209920K, 94% used [0x0000000080000000,0x000000008c2383e0,0x000000008cd00000)
 Metaspace       used 95894K, committed 97472K, reserved 1179648K
  class space    used 9321K, committed 10112K, reserved 1048576K
}
Event: 2272.449 GC heap after
{Heap after GC invocations=4261 (full 155):
 PSYoungGen      total 12288K, used 512K [0x00000000d5580000, 0x00000000d6600000, 0x0000000100000000)
  eden space 11776K, 0% used [0x00000000d5580000,0x00000000d5580000,0x00000000d6100000)
  from space 512K, 100% used [0x00000000d6380000,0x00000000d6400000,0x00000000d6400000)
  to   space 2560K, 0% used [0x00000000d6100000,0x00000000d6100000,0x00000000d6380000)
 ParOldGen       total 209920K, used 200695K [0x0000000080000000, 0x000000008cd00000, 0x00000000d5580000)
  object space 209920K, 95% used [0x0000000080000000,0x000000008c3fdff8,0x000000008cd00000)
 Metaspace       used 95894K, committed 97472K, reserved 1179648K
  class space    used 9321K, committed 10112K, reserved 1048576K
}
Event: 2272.458 GC heap before
{Heap before GC invocations=4262 (full 155):
 PSYoungGen      total 12288K, used 12288K [0x00000000d5580000, 0x00000000d6600000, 0x0000000100000000)
  eden space 11776K, 100% used [0x00000000d5580000,0x00000000d6100000,0x00000000d6100000)
  from space 512K, 100% used [0x00000000d6380000,0x00000000d6400000,0x00000000d6400000)
  to   space 2560K, 0% used [0x00000000d6100000,0x00000000d6100000,0x00000000d6380000)
 ParOldGen       total 209920K, used 200695K [0x0000000080000000, 0x000000008cd00000, 0x00000000d5580000)
  object space 209920K, 95% used [0x0000000080000000,0x000000008c3fdff8,0x000000008cd00000)
 Metaspace       used 95894K, committed 97472K, reserved 1179648K
  class space    used 9321K, committed 10112K, reserved 1048576K
}
Event: 2272.459 GC heap after
{Heap after GC invocations=4262 (full 155):
 PSYoungGen      total 13312K, used 1344K [0x00000000d5580000, 0x00000000d6500000, 0x0000000100000000)
  eden space 11776K, 0% used [0x00000000d5580000,0x00000000d5580000,0x00000000d6100000)
  from space 1536K, 87% used [0x00000000d6100000,0x00000000d6250000,0x00000000d6280000)
  to   space 2048K, 0% used [0x00000000d6300000,0x00000000d6300000,0x00000000d6500000)
 ParOldGen       total 209920K, used 201207K [0x0000000080000000, 0x000000008cd00000, 0x00000000d5580000)
  object space 209920K, 95% used [0x0000000080000000,0x000000008c47dff8,0x000000008cd00000)
 Metaspace       used 95894K, committed 97472K, reserved 1179648K
  class space    used 9321K, committed 10112K, reserved 1048576K
}
Event: 2985.657 GC heap before
{Heap before GC invocations=4263 (full 155):
 PSYoungGen      total 13312K, used 13120K [0x00000000d5580000, 0x00000000d6500000, 0x0000000100000000)
  eden space 11776K, 100% used [0x00000000d5580000,0x00000000d6100000,0x00000000d6100000)
  from space 1536K, 87% used [0x00000000d6100000,0x00000000d6250000,0x00000000d6280000)
  to   space 2048K, 0% used [0x00000000d6300000,0x00000000d6300000,0x00000000d6500000)
 ParOldGen       total 209920K, used 201207K [0x0000000080000000, 0x000000008cd00000, 0x00000000d5580000)
  object space 209920K, 95% used [0x0000000080000000,0x000000008c47dff8,0x000000008cd00000)
 Metaspace       used 96156K, committed 97728K, reserved 1179648K
  class space    used 9359K, committed 10112K, reserved 1048576K
}
Event: 2985.659 GC heap after
{Heap after GC invocations=4263 (full 155):
 PSYoungGen      total 11264K, used 2035K [0x00000000d5580000, 0x00000000d6a00000, 0x0000000100000000)
  eden space 9216K, 0% used [0x00000000d5580000,0x00000000d5580000,0x00000000d5e80000)
  from space 2048K, 99% used [0x00000000d6300000,0x00000000d64fcc20,0x00000000d6500000)
  to   space 4608K, 0% used [0x00000000d5e80000,0x00000000d5e80000,0x00000000d6300000)
 ParOldGen       total 209920K, used 203158K [0x0000000080000000, 0x000000008cd00000, 0x00000000d5580000)
  object space 209920K, 96% used [0x0000000080000000,0x000000008c665ad0,0x000000008cd00000)
 Metaspace       used 96156K, committed 97728K, reserved 1179648K
  class space    used 9359K, committed 10112K, reserved 1048576K
}
Event: 2985.671 GC heap before
{Heap before GC invocations=4264 (full 155):
 PSYoungGen      total 11264K, used 11251K [0x00000000d5580000, 0x00000000d6a00000, 0x0000000100000000)
  eden space 9216K, 100% used [0x00000000d5580000,0x00000000d5e80000,0x00000000d5e80000)
  from space 2048K, 99% used [0x00000000d6300000,0x00000000d64fcc20,0x00000000d6500000)
  to   space 4608K, 0% used [0x00000000d5e80000,0x00000000d5e80000,0x00000000d6300000)
 ParOldGen       total 209920K, used 203158K [0x0000000080000000, 0x000000008cd00000, 0x00000000d5580000)
  object space 209920K, 96% used [0x0000000080000000,0x000000008c665ad0,0x000000008cd00000)
 Metaspace       used 96156K, committed 97728K, reserved 1179648K
  class space    used 9359K, committed 10112K, reserved 1048576K
}
Event: 2985.675 GC heap after
{Heap after GC invocations=4264 (full 155):
 PSYoungGen      total 13824K, used 4608K [0x00000000d5580000, 0x00000000d7780000, 0x0000000100000000)
  eden space 9216K, 0% used [0x00000000d5580000,0x00000000d5580000,0x00000000d5e80000)
  from space 4608K, 100% used [0x00000000d5e80000,0x00000000d6300000,0x00000000d6300000)
  to   space 12800K, 0% used [0x00000000d6b00000,0x00000000d6b00000,0x00000000d7780000)
 ParOldGen       total 209920K, used 209818K [0x0000000080000000, 0x000000008cd00000, 0x00000000d5580000)
  object space 209920K, 99% used [0x0000000080000000,0x000000008cce6990,0x000000008cd00000)
 Metaspace       used 96156K, committed 97728K, reserved 1179648K
  class space    used 9359K, committed 10112K, reserved 1048576K
}
Event: 2985.675 GC heap before
{Heap before GC invocations=4265 (full 156):
 PSYoungGen      total 13824K, used 4608K [0x00000000d5580000, 0x00000000d7780000, 0x0000000100000000)
  eden space 9216K, 0% used [0x00000000d5580000,0x00000000d5580000,0x00000000d5e80000)
  from space 4608K, 100% used [0x00000000d5e80000,0x00000000d6300000,0x00000000d6300000)
  to   space 12800K, 0% used [0x00000000d6b00000,0x00000000d6b00000,0x00000000d7780000)
 ParOldGen       total 209920K, used 209818K [0x0000000080000000, 0x000000008cd00000, 0x00000000d5580000)
  object space 209920K, 99% used [0x0000000080000000,0x000000008cce6990,0x000000008cd00000)
 Metaspace       used 96156K, committed 97728K, reserved 1179648K
  class space    used 9359K, committed 10112K, reserved 1048576K
}

Dll operation events (10 events):
Event: 0.005 Loaded shared library c:\Users\casa\.vscode\extensions\redhat.java-1.30.0-win32-x64\jre\17.0.10-win32-x86_64\bin\java.dll
Event: 0.103 Loaded shared library c:\Users\casa\.vscode\extensions\redhat.java-1.30.0-win32-x64\jre\17.0.10-win32-x86_64\bin\zip.dll
Event: 0.105 Loaded shared library C:\Users\casa\.vscode\extensions\redhat.java-1.30.0-win32-x64\jre\17.0.10-win32-x86_64\bin\instrument.dll
Event: 0.114 Loaded shared library C:\Users\casa\.vscode\extensions\redhat.java-1.30.0-win32-x64\jre\17.0.10-win32-x86_64\bin\net.dll
Event: 0.115 Loaded shared library C:\Users\casa\.vscode\extensions\redhat.java-1.30.0-win32-x64\jre\17.0.10-win32-x86_64\bin\nio.dll
Event: 0.120 Loaded shared library C:\Users\casa\.vscode\extensions\redhat.java-1.30.0-win32-x64\jre\17.0.10-win32-x86_64\bin\zip.dll
Event: 0.129 Loaded shared library C:\Users\casa\.vscode\extensions\redhat.java-1.30.0-win32-x64\jre\17.0.10-win32-x86_64\bin\jimage.dll
Event: 0.159 Loaded shared library c:\Users\casa\.vscode\extensions\redhat.java-1.30.0-win32-x64\jre\17.0.10-win32-x86_64\bin\verify.dll
Event: 0.723 Loaded shared library C:\Users\casa\AppData\Roaming\Code\User\globalStorage\redhat.java\1.30.0\config_win\org.eclipse.equinox.launcher\org.eclipse.equinox.launcher.win32.win32.x86_64_1.2.900.v20240213-1244\eclipse_11900.dll
Event: 2.258 Loaded shared library C:\Users\casa\AppData\Local\Temp\jna-3046188\jna74498241168488150.dll

Deoptimization events (20 events):
Event: 2985.612 Thread 0x0000025d2824d020 Uncommon trap: trap_request=0xfffffff4 fr.pc=0x0000025d07d8d678 relative=0x0000000000001018
Event: 2985.612 Thread 0x0000025d2824d020 Uncommon trap: reason=null_check action=make_not_entrant pc=0x0000025d07d8d678 method=org.apache.aries.spifly.BaseActivator.getWeavingData(Lorg/osgi/framework/Bundle;)Ljava/util/Set; @ 10 c2
Event: 2985.612 Thread 0x0000025d2824d020 DEOPT PACKING pc=0x0000025d07d8d678 sp=0x0000007aecafda20
Event: 2985.612 Thread 0x0000025d2824d020 DEOPT UNPACKING pc=0x0000025d075866a3 sp=0x0000007aecafd7c8 mode 2
Event: 2985.614 Thread 0x0000025d2824d020 Uncommon trap: trap_request=0xfffffff4 fr.pc=0x0000025d0881b678 relative=0x0000000000001198
Event: 2985.614 Thread 0x0000025d2824d020 Uncommon trap: reason=null_check action=make_not_entrant pc=0x0000025d0881b678 method=java.lang.Class.reflectionData()Ljava/lang/Class$ReflectionData; @ 18 c2
Event: 2985.614 Thread 0x0000025d2824d020 DEOPT PACKING pc=0x0000025d0881b678 sp=0x0000007aecafc7c0
Event: 2985.614 Thread 0x0000025d2824d020 DEOPT UNPACKING pc=0x0000025d075866a3 sp=0x0000007aecafc6b0 mode 2
Event: 2985.614 Thread 0x0000025d2824d020 Uncommon trap: trap_request=0xfffffff4 fr.pc=0x0000025d0894f474 relative=0x00000000000005f4
Event: 2985.614 Thread 0x0000025d2824d020 Uncommon trap: reason=null_check action=make_not_entrant pc=0x0000025d0894f474 method=java.lang.Class.reflectionData()Ljava/lang/Class$ReflectionData; @ 18 c2
Event: 2985.614 Thread 0x0000025d2824d020 DEOPT PACKING pc=0x0000025d0894f474 sp=0x0000007aecafc760
Event: 2985.614 Thread 0x0000025d2824d020 DEOPT UNPACKING pc=0x0000025d075866a3 sp=0x0000007aecafc6a8 mode 2
Event: 2985.620 Thread 0x0000025d2824d020 Uncommon trap: trap_request=0xfffffff4 fr.pc=0x0000025d07c82a60 relative=0x00000000000005e0
Event: 2985.620 Thread 0x0000025d2824d020 Uncommon trap: reason=null_check action=make_not_entrant pc=0x0000025d07c82a60 method=java.lang.Class.reflectionData()Ljava/lang/Class$ReflectionData; @ 18 c2
Event: 2985.620 Thread 0x0000025d2824d020 DEOPT PACKING pc=0x0000025d07c82a60 sp=0x0000007aecafc690
Event: 2985.620 Thread 0x0000025d2824d020 DEOPT UNPACKING pc=0x0000025d075866a3 sp=0x0000007aecafc5c8 mode 2
Event: 2985.622 Thread 0x0000025d2824d020 Uncommon trap: trap_request=0xffffff45 fr.pc=0x0000025d08138c88 relative=0x00000000000004c8
Event: 2985.622 Thread 0x0000025d2824d020 Uncommon trap: reason=unstable_if action=reinterpret pc=0x0000025d08138c88 method=java.util.IdentityHashMap.remove(Ljava/lang/Object;)Ljava/lang/Object; @ 85 c2
Event: 2985.622 Thread 0x0000025d2824d020 DEOPT PACKING pc=0x0000025d08138c88 sp=0x0000007aecafc580
Event: 2985.622 Thread 0x0000025d2824d020 DEOPT UNPACKING pc=0x0000025d075866a3 sp=0x0000007aecafc510 mode 2

Classes unloaded (20 events):
Event: 1863.379 Thread 0x0000025d7aecec30 Unloading class 0x00000001002a6c00 'java/lang/invoke/LambdaForm$MH+0x00000001002a6c00'
Event: 1863.379 Thread 0x0000025d7aecec30 Unloading class 0x00000001002a6800 'java/lang/invoke/LambdaForm$MH+0x00000001002a6800'
Event: 1863.379 Thread 0x0000025d7aecec30 Unloading class 0x00000001002a6400 'java/lang/invoke/LambdaForm$MH+0x00000001002a6400'
Event: 1863.379 Thread 0x0000025d7aecec30 Unloading class 0x00000001002a6000 'java/lang/invoke/LambdaForm$MH+0x00000001002a6000'
Event: 1863.379 Thread 0x0000025d7aecec30 Unloading class 0x000000010024dc00 'java/lang/invoke/LambdaForm$MH+0x000000010024dc00'
Event: 1863.379 Thread 0x0000025d7aecec30 Unloading class 0x000000010022d400 'java/lang/invoke/LambdaForm$MH+0x000000010022d400'
Event: 1863.379 Thread 0x0000025d7aecec30 Unloading class 0x000000010022d000 'java/lang/invoke/LambdaForm$MH+0x000000010022d000'
Event: 1863.379 Thread 0x0000025d7aecec30 Unloading class 0x000000010022cc00 'java/lang/invoke/LambdaForm$MH+0x000000010022cc00'
Event: 1863.379 Thread 0x0000025d7aecec30 Unloading class 0x000000010022c800 'java/lang/invoke/LambdaForm$MH+0x000000010022c800'
Event: 1863.379 Thread 0x0000025d7aecec30 Unloading class 0x000000010022c400 'java/lang/invoke/LambdaForm$MH+0x000000010022c400'
Event: 1863.379 Thread 0x0000025d7aecec30 Unloading class 0x000000010022c000 'java/lang/invoke/LambdaForm$MH+0x000000010022c000'
Event: 1863.379 Thread 0x0000025d7aecec30 Unloading class 0x0000000100226800 'jdk/internal/reflect/GeneratedConstructorAccessor3'
Event: 1863.379 Thread 0x0000025d7aecec30 Unloading class 0x0000000100222c00 'java/lang/invoke/LambdaForm$MH+0x0000000100222c00'
Event: 1863.379 Thread 0x0000025d7aecec30 Unloading class 0x0000000100222800 'java/lang/invoke/LambdaForm$MH+0x0000000100222800'
Event: 1863.379 Thread 0x0000025d7aecec30 Unloading class 0x0000000100222000 'java/lang/invoke/LambdaForm$MH+0x0000000100222000'
Event: 1863.379 Thread 0x0000025d7aecec30 Unloading class 0x0000000100129000 'jdk/internal/reflect/GeneratedMethodAccessor5'
Event: 1863.379 Thread 0x0000025d7aecec30 Unloading class 0x0000000100128c00 'jdk/internal/reflect/GeneratedMethodAccessor4'
Event: 1863.379 Thread 0x0000025d7aecec30 Unloading class 0x0000000100128800 'jdk/internal/reflect/GeneratedMethodAccessor3'
Event: 1863.379 Thread 0x0000025d7aecec30 Unloading class 0x0000000100128400 'jdk/internal/reflect/GeneratedMethodAccessor2'
Event: 1863.379 Thread 0x0000025d7aecec30 Unloading class 0x0000000100128000 'jdk/internal/reflect/GeneratedMethodAccessor1'

Classes redefined (0 events):
No events

Internal exceptions (20 events):
Event: 2116.506 Thread 0x0000025d1a946960 Exception <a 'java/lang/ClassNotFoundException'{0x00000000d62cb3c0}: sun/net/www/protocol/jdt/Handler> (0x00000000d62cb3c0) 
thrown [s\src\hotspot\share\classfile\systemDictionary.cpp, line 256]
Event: 2116.506 Thread 0x0000025d1a946960 Exception <a 'java/lang/ClassNotFoundException'{0x00000000d62cdb30}: sun/net/www/protocol/jdt/Handler> (0x00000000d62cdb30) 
thrown [s\src\hotspot\share\classfile\systemDictionary.cpp, line 256]
Event: 2116.506 Thread 0x0000025d1a946960 Exception <a 'java/lang/ClassNotFoundException'{0x00000000d62d0260}: sun/net/www/protocol/jdt/Handler> (0x00000000d62d0260) 
thrown [s\src\hotspot\share\classfile\systemDictionary.cpp, line 256]
Event: 2116.506 Thread 0x0000025d1a946960 Exception <a 'java/lang/ClassNotFoundException'{0x00000000d62d29f8}: sun/net/www/protocol/jdt/Handler> (0x00000000d62d29f8) 
thrown [s\src\hotspot\share\classfile\systemDictionary.cpp, line 256]
Event: 2116.506 Thread 0x0000025d1a946960 Exception <a 'java/lang/ClassNotFoundException'{0x00000000d62d5168}: sun/net/www/protocol/jdt/Handler> (0x00000000d62d5168) 
thrown [s\src\hotspot\share\classfile\systemDictionary.cpp, line 256]
Event: 2116.506 Thread 0x0000025d1a946960 Exception <a 'java/lang/ClassNotFoundException'{0x00000000d62d78f0}: sun/net/www/protocol/jdt/Handler> (0x00000000d62d78f0) 
thrown [s\src\hotspot\share\classfile\systemDictionary.cpp, line 256]
Event: 2116.506 Thread 0x0000025d1a946960 Exception <a 'java/lang/ClassNotFoundException'{0x00000000d62da040}: sun/net/www/protocol/jdt/Handler> (0x00000000d62da040) 
thrown [s\src\hotspot\share\classfile\systemDictionary.cpp, line 256]
Event: 2116.506 Thread 0x0000025d1a946960 Exception <a 'java/lang/ClassNotFoundException'{0x00000000d62dc7b0}: sun/net/www/protocol/jdt/Handler> (0x00000000d62dc7b0) 
thrown [s\src\hotspot\share\classfile\systemDictionary.cpp, line 256]
Event: 2116.506 Thread 0x0000025d1a946960 Exception <a 'java/lang/ClassNotFoundException'{0x00000000d62def68}: sun/net/www/protocol/jdt/Handler> (0x00000000d62def68) 
thrown [s\src\hotspot\share\classfile\systemDictionary.cpp, line 256]
Event: 2116.506 Thread 0x0000025d1a946960 Exception <a 'java/lang/ClassNotFoundException'{0x00000000d62e16d8}: sun/net/www/protocol/jdt/Handler> (0x00000000d62e16d8) 
thrown [s\src\hotspot\share\classfile\systemDictionary.cpp, line 256]
Event: 2985.552 Thread 0x0000025d2824c0f0 Implicit null exception at 0x0000025d085d66aa to 0x0000025d085d6bd4
Event: 2985.552 Thread 0x0000025d2824c0f0 Implicit null exception at 0x0000025d07b18785 to 0x0000025d07b18b44
Event: 2985.555 Thread 0x0000025d2824c0f0 Exception <a 'java/lang/NoSuchMethodError'{0x00000000d5972ac8}: 'java.lang.Object java.lang.invoke.DirectMethodHandle$Holder.newInvokeSpecial(java.lang.Object, java.lang.Object, java.lang.Object, java.lang.Object, java.lang.Object, java.lang.Object, java.lang.Object, java.lang.Object, java.lang.Object, java.lang.Object)'> (0x00000000d5972ac8) 
thrown [s\src\hotspot\share\interpreter\linkResolver.cpp, line 759]
Event: 2985.603 Thread 0x0000025d1bc0e1b0 Exception <a 'java/io/IOException'{0x00000000d5a70f20}> (0x00000000d5a70f20) 
thrown [s\src\hotspot\share\prims\jni.cpp, line 516]
Event: 2985.606 Thread 0x0000025d1bc0e1b0 Exception <a 'java/lang/ClassNotFoundException'{0x00000000d5b5a818}: sun/util/logging/resources/spi/loggingProvider> (0x00000000d5b5a818) 
thrown [s\src\hotspot\share\classfile\systemDictionary.cpp, line 256]
Event: 2985.606 Thread 0x0000025d1bc0e1b0 Exception <a 'java/io/IOException'{0x00000000d5b5d488}> (0x00000000d5b5d488) 
thrown [s\src\hotspot\share\prims\jni.cpp, line 516]
Event: 2985.614 Thread 0x0000025d2824d020 Implicit null exception at 0x0000025d0881a556 to 0x0000025d0881b65c
Event: 2985.614 Thread 0x0000025d2824d020 Implicit null exception at 0x0000025d0894eecb to 0x0000025d0894f448
Event: 2985.620 Thread 0x0000025d2824d020 Implicit null exception at 0x0000025d07c824ca to 0x0000025d07c82a34
Event: 2985.653 Thread 0x0000025d1bc10a30 Exception <a 'sun/nio/fs/WindowsException'{0x00000000d5eaab18}> (0x00000000d5eaab18) 
thrown [s\src\hotspot\share\prims\jni.cpp, line 516]

VM Operations (20 events):
Event: 2272.459 Executing VM operation: ParallelGCFailedAllocation done
Event: 2284.475 Executing VM operation: HandshakeAllThreads
Event: 2284.475 Executing VM operation: HandshakeAllThreads done
Event: 2404.917 Executing VM operation: HandshakeAllThreads
Event: 2404.917 Executing VM operation: HandshakeAllThreads done
Event: 2855.115 Executing VM operation: Cleanup
Event: 2855.115 Executing VM operation: Cleanup done
Event: 2945.573 Executing VM operation: Cleanup
Event: 2945.573 Executing VM operation: Cleanup done
Event: 2985.542 Executing VM operation: HandshakeAllThreads
Event: 2985.542 Executing VM operation: HandshakeAllThreads done
Event: 2985.542 Executing VM operation: Cleanup
Event: 2985.542 Executing VM operation: Cleanup done
Event: 2985.628 Executing VM operation: HandshakeAllThreads
Event: 2985.628 Executing VM operation: HandshakeAllThreads done
Event: 2985.645 Executing VM operation: HandshakeAllThreads
Event: 2985.645 Executing VM operation: HandshakeAllThreads done
Event: 2985.657 Executing VM operation: ParallelGCFailedAllocation
Event: 2985.659 Executing VM operation: ParallelGCFailedAllocation done
Event: 2985.671 Executing VM operation: ParallelGCFailedAllocation

Events (20 events):
Event: 2985.652 Thread 0x0000025d1850d2d0 flushing nmethod 0x0000025d08ebdd10
Event: 2985.652 Thread 0x0000025d1850d2d0 flushing nmethod 0x0000025d09037510
Event: 2985.654 Thread 0x0000025d1850d2d0 flushing nmethod 0x0000025d095fa190
Event: 2985.654 Thread 0x0000025d1850d2d0 flushing nmethod 0x0000025d095fc190
Event: 2985.656 Thread 0x0000025d1850d2d0 flushing nmethod 0x0000025d0031f110
Event: 2985.661 Thread 0x0000025d1850d2d0 flushing nmethod 0x0000025d00732b90
Event: 2985.663 Thread 0x0000025d1850d2d0 flushing nmethod 0x0000025d00beab10
Event: 2985.663 Thread 0x0000025d1850d2d0 flushing nmethod 0x0000025d00c07690
Event: 2985.664 Thread 0x0000025d1850d2d0 flushing nmethod 0x0000025d00e78b90
Event: 2985.665 Thread 0x0000025d1850d2d0 flushing nmethod 0x0000025d0102a810
Event: 2985.666 Thread 0x0000025d1850d2d0 flushing nmethod 0x0000025d0117d110
Event: 2985.666 Thread 0x0000025d1850d2d0 flushing nmethod 0x0000025d0119ba10
Event: 2985.666 Thread 0x0000025d1850d2d0 flushing nmethod 0x0000025d011a7a90
Event: 2985.668 Thread 0x0000025d1850d2d0 flushing nmethod 0x0000025d013fc590
Event: 2985.668 Thread 0x0000025d1850d2d0 flushing nmethod 0x0000025d01469590
Event: 2985.668 Thread 0x0000025d1850d2d0 flushing nmethod 0x0000025d014df890
Event: 2985.669 Thread 0x0000025d1850d2d0 flushing nmethod 0x0000025d016c7c10
Event: 2985.670 Thread 0x0000025d1850d2d0 flushing nmethod 0x0000025d01792f10
Event: 2985.670 Thread 0x0000025d1850d2d0 flushing nmethod 0x0000025d017b3310
Event: 2985.671 Thread 0x0000025d1850d2d0 flushing nmethod 0x0000025d0199f110


Dynamic libraries:
0x00007ff7192b0000 - 0x00007ff7192be000 	c:\Users\casa\.vscode\extensions\redhat.java-1.30.0-win32-x64\jre\17.0.10-win32-x86_64\bin\java.exe
0x00007ff9ce030000 - 0x00007ff9ce247000 	C:\WINDOWS\SYSTEM32\ntdll.dll
0x00007ff9ccec0000 - 0x00007ff9ccf84000 	C:\WINDOWS\System32\KERNEL32.DLL
0x00007ff9cb5b0000 - 0x00007ff9cb957000 	C:\WINDOWS\System32\KERNELBASE.dll
0x00007ff9cbb20000 - 0x00007ff9cbc31000 	C:\WINDOWS\System32\ucrtbase.dll
0x00007ff9b2e80000 - 0x00007ff9b2e97000 	c:\Users\casa\.vscode\extensions\redhat.java-1.30.0-win32-x64\jre\17.0.10-win32-x86_64\bin\jli.dll
0x00007ff9b06b0000 - 0x00007ff9b06cb000 	c:\Users\casa\.vscode\extensions\redhat.java-1.30.0-win32-x64\jre\17.0.10-win32-x86_64\bin\VCRUNTIME140.dll
0x00007ff9cd590000 - 0x00007ff9cd73e000 	C:\WINDOWS\System32\USER32.dll
0x00007ff9cb960000 - 0x00007ff9cb986000 	C:\WINDOWS\System32\win32u.dll
0x00007ff9b4070000 - 0x00007ff9b4303000 	C:\WINDOWS\WinSxS\amd64_microsoft.windows.common-controls_6595b64144ccf1df_6.0.22621.3527_none_270e469b73872a76\COMCTL32.dll
0x00007ff9cbd60000 - 0x00007ff9cbd89000 	C:\WINDOWS\System32\GDI32.dll
0x00007ff9cb990000 - 0x00007ff9cbaa9000 	C:\WINDOWS\System32\gdi32full.dll
0x00007ff9cd3f0000 - 0x00007ff9cd497000 	C:\WINDOWS\System32\msvcrt.dll
0x00007ff9cbc40000 - 0x00007ff9cbcda000 	C:\WINDOWS\System32\msvcp_win.dll
0x00007ff9cbff0000 - 0x00007ff9cc021000 	C:\WINDOWS\System32\IMM32.DLL
0x00007ff9bcdd0000 - 0x00007ff9bcddc000 	c:\Users\casa\.vscode\extensions\redhat.java-1.30.0-win32-x64\jre\17.0.10-win32-x86_64\bin\vcruntime140_1.dll
0x00007ff9ac970000 - 0x00007ff9ac9fd000 	c:\Users\casa\.vscode\extensions\redhat.java-1.30.0-win32-x64\jre\17.0.10-win32-x86_64\bin\msvcp140.dll
0x00007ff95c1c0000 - 0x00007ff95ce22000 	c:\Users\casa\.vscode\extensions\redhat.java-1.30.0-win32-x64\jre\17.0.10-win32-x86_64\bin\server\jvm.dll
0x00007ff9ccfb0000 - 0x00007ff9cd062000 	C:\WINDOWS\System32\ADVAPI32.dll
0x00007ff9cc270000 - 0x00007ff9cc318000 	C:\WINDOWS\System32\sechost.dll
0x00007ff9cb580000 - 0x00007ff9cb5a8000 	C:\WINDOWS\System32\bcrypt.dll
0x00007ff9cca10000 - 0x00007ff9ccb25000 	C:\WINDOWS\System32\RPCRT4.dll
0x00007ff9caab0000 - 0x00007ff9caafd000 	C:\WINDOWS\SYSTEM32\POWRPROF.dll
0x00007ff9c2800000 - 0x00007ff9c2809000 	C:\WINDOWS\SYSTEM32\WSOCK32.dll
0x00007ff9bc820000 - 0x00007ff9bc854000 	C:\WINDOWS\SYSTEM32\WINMM.dll
0x00007ff9cbe10000 - 0x00007ff9cbe81000 	C:\WINDOWS\System32\WS2_32.dll
0x00007ff9c4650000 - 0x00007ff9c465a000 	C:\WINDOWS\SYSTEM32\VERSION.dll
0x00007ff9caa90000 - 0x00007ff9caaa3000 	C:\WINDOWS\SYSTEM32\UMPDC.dll
0x00007ff9ca2d0000 - 0x00007ff9ca2e8000 	C:\WINDOWS\SYSTEM32\kernel.appcore.dll
0x00007ff9b0660000 - 0x00007ff9b066a000 	c:\Users\casa\.vscode\extensions\redhat.java-1.30.0-win32-x64\jre\17.0.10-win32-x86_64\bin\jimage.dll
0x00007ff9bae10000 - 0x00007ff9bb042000 	C:\WINDOWS\SYSTEM32\DBGHELP.DLL
0x00007ff9ccb30000 - 0x00007ff9cceb8000 	C:\WINDOWS\System32\combase.dll
0x00007ff9cd4a0000 - 0x00007ff9cd577000 	C:\WINDOWS\System32\OLEAUT32.dll
0x00007ff9aff50000 - 0x00007ff9aff82000 	C:\WINDOWS\SYSTEM32\dbgcore.DLL
0x00007ff9cbce0000 - 0x00007ff9cbd59000 	C:\WINDOWS\System32\bcryptPrimitives.dll
0x00007ff9b0650000 - 0x00007ff9b065e000 	c:\Users\casa\.vscode\extensions\redhat.java-1.30.0-win32-x64\jre\17.0.10-win32-x86_64\bin\instrument.dll
0x00007ff9b0620000 - 0x00007ff9b0645000 	c:\Users\casa\.vscode\extensions\redhat.java-1.30.0-win32-x64\jre\17.0.10-win32-x86_64\bin\java.dll
0x00007ff9b0440000 - 0x00007ff9b0458000 	c:\Users\casa\.vscode\extensions\redhat.java-1.30.0-win32-x64\jre\17.0.10-win32-x86_64\bin\zip.dll
0x00007ff9cd740000 - 0x00007ff9cdf9c000 	C:\WINDOWS\System32\SHELL32.dll
0x00007ff9c9240000 - 0x00007ff9c9b36000 	C:\WINDOWS\SYSTEM32\windows.storage.dll
0x00007ff9c9100000 - 0x00007ff9c923e000 	C:\WINDOWS\SYSTEM32\wintypes.dll
0x00007ff9cd280000 - 0x00007ff9cd375000 	C:\WINDOWS\System32\SHCORE.dll
0x00007ff9cd380000 - 0x00007ff9cd3de000 	C:\WINDOWS\System32\shlwapi.dll
0x00007ff9cb280000 - 0x00007ff9cb2a1000 	C:\WINDOWS\SYSTEM32\profapi.dll
0x00007ff9b0420000 - 0x00007ff9b0439000 	C:\Users\casa\.vscode\extensions\redhat.java-1.30.0-win32-x64\jre\17.0.10-win32-x86_64\bin\net.dll
0x00007ff9c4e80000 - 0x00007ff9c4fb6000 	C:\WINDOWS\SYSTEM32\WINHTTP.dll
0x00007ff9ca790000 - 0x00007ff9ca7f9000 	C:\WINDOWS\system32\mswsock.dll
0x00007ff9ad770000 - 0x00007ff9ad786000 	C:\Users\casa\.vscode\extensions\redhat.java-1.30.0-win32-x64\jre\17.0.10-win32-x86_64\bin\nio.dll
0x00007ff9ad760000 - 0x00007ff9ad770000 	c:\Users\casa\.vscode\extensions\redhat.java-1.30.0-win32-x64\jre\17.0.10-win32-x86_64\bin\verify.dll
0x00007ff97d1e0000 - 0x00007ff97d21e000 	C:\Users\casa\AppData\Roaming\Code\User\globalStorage\redhat.java\1.30.0\config_win\org.eclipse.equinox.launcher\org.eclipse.equinox.launcher.win32.win32.x86_64_1.2.900.v20240213-1244\eclipse_11900.dll
0x00007ff9cc0c0000 - 0x00007ff9cc265000 	C:\WINDOWS\System32\ole32.dll
0x00007ff9cabd0000 - 0x00007ff9cabeb000 	C:\WINDOWS\SYSTEM32\CRYPTSP.dll
0x00007ff9ca290000 - 0x00007ff9ca2c5000 	C:\WINDOWS\system32\rsaenh.dll
0x00007ff9ca830000 - 0x00007ff9ca858000 	C:\WINDOWS\SYSTEM32\USERENV.dll
0x00007ff9cabb0000 - 0x00007ff9cabbc000 	C:\WINDOWS\SYSTEM32\CRYPTBASE.dll
0x00007ff9c9da0000 - 0x00007ff9c9dcd000 	C:\WINDOWS\SYSTEM32\IPHLPAPI.DLL
0x00007ff9cc0a0000 - 0x00007ff9cc0a9000 	C:\WINDOWS\System32\NSI.dll
0x00007ff9c50a0000 - 0x00007ff9c50b9000 	C:\WINDOWS\SYSTEM32\dhcpcsvc6.DLL
0x00007ff9c4c90000 - 0x00007ff9c4caf000 	C:\WINDOWS\SYSTEM32\dhcpcsvc.DLL
0x00007ff9c9e10000 - 0x00007ff9c9f08000 	C:\WINDOWS\SYSTEM32\DNSAPI.dll
0x00007ff9924f0000 - 0x00007ff992535000 	C:\Users\casa\AppData\Local\Temp\jna-3046188\jna74498241168488150.dll
0x00007ff9cc0b0000 - 0x00007ff9cc0b8000 	C:\WINDOWS\System32\PSAPI.DLL
0x00007ff9ca350000 - 0x00007ff9ca384000 	C:\WINDOWS\SYSTEM32\ntmarta.dll

dbghelp: loaded successfully - version: 4.0.5 - missing functions: none
symbol engine: initialized successfully - sym options: 0x614 - pdb path: .;c:\Users\casa\.vscode\extensions\redhat.java-1.30.0-win32-x64\jre\17.0.10-win32-x86_64\bin;C:\WINDOWS\SYSTEM32;C:\WINDOWS\WinSxS\amd64_microsoft.windows.common-controls_6595b64144ccf1df_6.0.22621.3527_none_270e469b73872a76;c:\Users\casa\.vscode\extensions\redhat.java-1.30.0-win32-x64\jre\17.0.10-win32-x86_64\bin\server;C:\Users\casa\AppData\Roaming\Code\User\globalStorage\redhat.java\1.30.0\config_win\org.eclipse.equinox.launcher\org.eclipse.equinox.launcher.win32.win32.x86_64_1.2.900.v20240213-1244;C:\Users\casa\AppData\Local\Temp\jna-3046188

VM Arguments:
jvm_args: --add-modules=ALL-SYSTEM --add-opens=java.base/java.util=ALL-UNNAMED --add-opens=java.base/java.lang=ALL-UNNAMED --add-opens=java.base/sun.nio.fs=ALL-UNNAMED -Declipse.application=org.eclipse.jdt.ls.core.id1 -Dosgi.bundles.defaultStartLevel=4 -Declipse.product=org.eclipse.jdt.ls.core.product -Djava.import.generatesMetadataFilesAtProjectRoot=false -DDetectVMInstallationsJob.disabled=true -Dfile.encoding=utf8 -XX:+UseParallelGC -XX:GCTimeRatio=4 -XX:AdaptiveSizePolicyWeight=90 -Dsun.zip.disableMemoryMapping=true -Xmx2G -Xms100m -Xlog:disable -javaagent:c:\Users\casa\.vscode\extensions\redhat.java-1.30.0-win32-x64\lombok\lombok-1.18.32.jar -XX:+HeapDumpOnOutOfMemoryError -XX:HeapDumpPath=c:\Users\casa\AppData\Roaming\Code\User\workspaceStorage\2ca1e065a12013a041ddb2075f267414\redhat.java -Daether.dependencyCollector.impl=bf 
java_command: c:\Users\casa\.vscode\extensions\redhat.java-1.30.0-win32-x64\server\plugins\org.eclipse.equinox.launcher_1.6.800.v20240330-1250.jar -configuration c:\Users\casa\AppData\Roaming\Code\User\globalStorage\redhat.java\1.30.0\config_win -data c:\Users\casa\AppData\Roaming\Code\User\workspaceStorage\2ca1e065a12013a041ddb2075f267414\redhat.java\jdt_ws --pipe=\\.\pipe\lsp-b5f795f87fd258d9cf7485ac18d60c05-sock
java_class_path (initial): c:\Users\casa\.vscode\extensions\redhat.java-1.30.0-win32-x64\server\plugins\org.eclipse.equinox.launcher_1.6.800.v20240330-1250.jar
Launcher Type: SUN_STANDARD

[Global flags]
    uintx AdaptiveSizePolicyWeight                 = 90                                        {product} {command line}
     intx CICompilerCount                          = 4                                         {product} {ergonomic}
    uintx GCTimeRatio                              = 4                                         {product} {command line}
     bool HeapDumpOnOutOfMemoryError               = true                                   {manageable} {command line}
    ccstr HeapDumpPath                             = c:\Users\casa\AppData\Roaming\Code\User\workspaceStorage\2ca1e065a12013a041ddb2075f267414\redhat.java         {manageable} {command line}
   size_t InitialHeapSize                          = 104857600                                 {product} {command line}
   size_t MaxHeapSize                              = 2147483648                                {product} {command line}
   size_t MaxNewSize                               = 715653120                                 {product} {ergonomic}
   size_t MinHeapDeltaBytes                        = 524288                                    {product} {ergonomic}
   size_t MinHeapSize                              = 104857600                                 {product} {command line}
   size_t NewSize                                  = 34603008                                  {product} {ergonomic}
    uintx NonNMethodCodeHeapSize                   = 5839372                                {pd product} {ergonomic}
    uintx NonProfiledCodeHeapSize                  = 122909434                              {pd product} {ergonomic}
   size_t OldSize                                  = 70254592                                  {product} {ergonomic}
    uintx ProfiledCodeHeapSize                     = 122909434                              {pd product} {ergonomic}
    uintx ReservedCodeCacheSize                    = 251658240                              {pd product} {ergonomic}
     bool SegmentedCodeCache                       = true                                      {product} {ergonomic}
   size_t SoftMaxHeapSize                          = 2147483648                             {manageable} {ergonomic}
     bool UseCompressedClassPointers               = true                           {product lp64_product} {ergonomic}
     bool UseCompressedOops                        = true                           {product lp64_product} {ergonomic}
     bool UseLargePagesIndividualAllocation        = false                                  {pd product} {ergonomic}
     bool UseParallelGC                            = true                                      {product} {command line}

Logging:
Log output configuration:
 #0: stdout all=off uptime,level,tags
 #1: stderr all=off uptime,level,tags

Environment Variables:
PATH=C:\Program Files\Common Files\Oracle\Java\javapath;C:\Program Files (x86)\Common Files\Oracle\Java\javapath;C:\ProgramData\Oracle\Java\javapath;C:\Windows\system32;C:\Windows;C:\Windows\System32\Wbem;C:\Windows\System32\WindowsPowerShell\v1.0\;C:\Windows\System32\OpenSSH\;C:\ProgramData\chocolatey\bin;C:\Program Files (x86)\NVIDIA Corporation\PhysX\Common;C:\WINDOWS\system32;C:\WINDOWS;C:\WINDOWS\System32\Wbem;C:\WINDOWS\System32\WindowsPowerShell\v1.0\;C:\WINDOWS\System32\OpenSSH\;C:\Program Files (x86)\Microsoft SQL Server\160\Tools\Binn\;C:\Program Files\Microsoft SQL Server\160\Tools\Binn\;C:\Program Files\Microsoft SQL Server\Client SDK\ODBC\170\Tools\Binn\;C:\Program Files\Microsoft SQL Server\160\DTS\Binn\;C:\Program Files (x86)\Microsoft SQL Server\160\DTS\Binn\;C:\Program Files\Git\cmd;C:\Program Files\nodejs\;C:\Program Files\dotnet\;C:\Program Files\Microsoft SQL Server\150\Tools\Binn\;C:\Users\casa\AppData\Local\Microsoft\WindowsApps;C:\Program Files\Azure Data Studio\bin;C:\Program Files\nodejs\;C:\Users\casa\AppData\Local\Programs\Microsoft VS Code\bin;C:\Users\casa\AppData\Roaming\npm;C:\Users\casa\.dotnet\tools;C:\Users\casa\AppData\Roaming\npm\node_modules\@angular\cli\bin;
USERNAME=casa
OS=Windows_NT
PROCESSOR_IDENTIFIER=Intel64 Family 6 Model 151 Stepping 2, GenuineIntel
TMP=C:\Users\casa\AppData\Local\Temp
TEMP=C:\Users\casa\AppData\Local\Temp



Periodic native trim disabled


---------------  S Y S T E M  ---------------

OS:
 Windows 11 , 64 bit Build 22621 (10.0.22621.3527)
OS uptime: 0 days 1:03 hours
Hyper-V role detected

CPU: total 12 (initial active 12) (6 cores per cpu, 2 threads per core) family 6 model 151 stepping 2 microcode 0x1e, cx8, cmov, fxsr, ht, mmx, 3dnowpref, sse, sse2, sse3, ssse3, sse4.1, sse4.2, popcnt, lzcnt, tsc, tscinvbit, avx, avx2, aes, erms, clmul, bmi1, bmi2, adx, sha, fma, vzeroupper, clflush, clflushopt, clwb, hv
Processor Information for all 12 processors :
  Max Mhz: 2500, Current Mhz: 2500, Mhz Limit: 2500

Memory: 4k page, system-wide physical 16225M (10573M free)
TotalPageFile size 17249M (AvailPageFile size 10952M)
current process WorkingSet (physical memory assigned to process): 577M, peak: 734M
current process commit charge ("private bytes"): 642M, peak: 790M

vm_info: OpenJDK 64-Bit Server VM (17.0.10+7) for windows-amd64 JRE (17.0.10+7), built on Jan 16 2024 23:25:11 by "admin" with MS VC++ 16.10 / 16.11 (VS2019)

END.
