#
# A fatal error has been detected by the Java Runtime Environment:
#
#  EXCEPTION_ACCESS_VIOLATION (0xc0000005) at pc=0x00007fffd650cb30, pid=10816, tid=5416
#
# JRE version: OpenJDK Runtime Environment Temurin-17.0.9+9 (17.0.9+9) (build 17.0.9+9)
# Java VM: OpenJDK 64-Bit Server VM Temurin-17.0.9+9 (17.0.9+9, mixed mode, sharing, tiered, compressed oops, compressed class ptrs, parallel gc, windows-amd64)
# Problematic frame:
# V  [jvm.dll+0xcb30]
#
# No core dump will be written. Minidumps are not enabled by default on client versions of Windows
#
# If you would like to submit a bug report, please visit:
#   https://github.com/adoptium/adoptium-support/issues
#

---------------  S U M M A R Y ------------

Command Line: --add-modules=ALL-SYSTEM --add-opens=java.base/java.util=ALL-UNNAMED --add-opens=java.base/java.lang=ALL-UNNAMED --add-opens=java.base/sun.nio.fs=ALL-UNNAMED -Declipse.application=org.eclipse.jdt.ls.core.id1 -Dosgi.bundles.defaultStartLevel=4 -Declipse.product=org.eclipse.jdt.ls.core.product -Djava.import.generatesMetadataFilesAtProjectRoot=false -DDetectVMInstallationsJob.disabled=true -Dfile.encoding=utf8 -XX:+UseParallelGC -XX:GCTimeRatio=4 -XX:AdaptiveSizePolicyWeight=90 -Dsun.zip.disableMemoryMapping=true -Xmx1G -Xms100m -Xlog:disable -javaagent:c:\Users\casa\.vscode\extensions\redhat.java-1.24.0-win32-x64\lombok\lombok-1.18.30.jar -XX:+HeapDumpOnOutOfMemoryError -XX:HeapDumpPath=c:\Users\casa\AppData\Roaming\Code\User\workspaceStorage\2ca1e065a12013a041ddb2075f267414\redhat.java -Daether.dependencyCollector.impl=bf c:\Users\casa\.vscode\extensions\redhat.java-1.24.0-win32-x64\server\plugins\org.eclipse.equinox.launcher_1.6.500.v20230717-2134.jar -configuration c:\Users\casa\AppData\Roaming\Code\User\globalStorage\redhat.java\1.24.0\config_win -data c:\Users\casa\AppData\Roaming\Code\User\workspaceStorage\2ca1e065a12013a041ddb2075f267414\redhat.java\jdt_ws --stdio

Host: 12th Gen Intel(R) Core(TM) i5-12400F, 12 cores, 15G,  Windows 11 , 64 bit Build 22621 (10.0.22621.2428)
Time: Tue Nov  7 11:06:50 2023 Hora estándar de Argentina elapsed time: 1620.611194 seconds (0d 0h 27m 0s)

---------------  T H R E A D  ---------------

Current thread (0x000001a2f4546320):  GCTaskThread "GC Thread#8" [stack: 0x00000012ffa00000,0x00000012ffb00000] [id=5416]

Stack: [0x00000012ffa00000,0x00000012ffb00000],  sp=0x00000012ffaff5b8,  free space=1021k
Native frames: (J=compiled Java code, j=interpreted, Vv=VM code, C=native code)
V  [jvm.dll+0xcb30]


siginfo: EXCEPTION_ACCESS_VIOLATION (0xc0000005), reading address 0x0000000000000100


Registers:
RAX=0x0000000000000000, RBX=0x0000e9f000000000, RCX=0x000001a2ac000000, RDX=0x00000000eb748bdc
RSP=0x00000012ffaff5b8, RBP=0x0000000000000000, RSI=0x00000000c677c2e4, RDI=0x000001a2ed1e2500
R8 =0x000001a2ac000000, R9 =0x0000000000000001, R10=0x0000000000000000, R11=0x000001a2ed1e2500
R12=0x0000000000000000, R13=0x0000000000000010, R14=0x00000000eb748bdc, R15=0x000001a2ed1e2500
RIP=0x00007fffd650cb30, EFLAGS=0x0000000000010246


Register to memory mapping:

RIP=0x00007fffd650cb30 jvm.dll
RAX=0x0 is NULL
RBX=0x0000e9f000000000 is an unknown value
RCX=0x000001a2ac000000 is pointing into metadata
RDX=0x00000000eb748bdc points into unknown readable memory: 00 00 00 00
RSP=0x00000012ffaff5b8 points into unknown readable memory: 0x00007fffd6bba201 | 01 a2 bb d6 ff 7f 00 00
RBP=0x0 is NULL
RSI=0x00000000c677c2e4 is pointing into object: [Ljava.lang.String; 
{0x00000000c677c2d0} - klass: 'java/lang/String'[]
 - length: 7
RDI=0x000001a2ed1e2500 points into unknown readable memory: 0x00007fffd6eb1c78 | 78 1c eb d6 ff 7f 00 00
R8 =0x000001a2ac000000 is pointing into metadata
R9 =0x0000000000000001 is an unknown value
R10=0x0 is NULL
R11=0x000001a2ed1e2500 points into unknown readable memory: 0x00007fffd6eb1c78 | 78 1c eb d6 ff 7f 00 00
R12=0x0 is NULL
R13=0x0000000000000010 is an unknown value
R14=0x00000000eb748bdc points into unknown readable memory: 00 00 00 00
R15=0x000001a2ed1e2500 points into unknown readable memory: 0x00007fffd6eb1c78 | 78 1c eb d6 ff 7f 00 00


Top of Stack: (sp=0x00000012ffaff5b8)
0x00000012ffaff5b8:   00007fffd6bba201 0000000000000001
0x00000012ffaff5c8:   0000000000000005 00007fffd6eb0e70
0x00000012ffaff5d8:   000001a29341f680 000001a2ed1e2500
0x00000012ffaff5e8:   00007fffd6bba72f 00000000ebc18000
0x00000012ffaff5f8:   00007fffd6bba72f 00000000c677a748
0x00000012ffaff608:   0000000000000400 0000000000000010
0x00000012ffaff618:   0000000000000000 000000000000000c
0x00000012ffaff628:   0000000000000004 00000000c677c2e4
0x00000012ffaff638:   0000000000000000 0000e9f000000000
0x00000012ffaff648:   00007fffd6bbb120 000001a2ed1e2500
0x00000012ffaff658:   0000000000000005 0000e9f000000000
0x00000012ffaff668:   0000000000000004 00000000c0000000
0x00000012ffaff678:   00000012fe1ff688 0000000000000004
0x00000012ffaff688:   000001a2f4411330 0000000000000005
0x00000012ffaff698:   0000000000000004 00000012fe1ff6e0
0x00000012ffaff6a8:   0000000000000000 000001a2ed1e2500
0x00000012ffaff6b8:   00007fffd6bbddb9 000001a2ed1e2500
0x00000012ffaff6c8:   000001a2ed1e2501 0000436400004800
0x00000012ffaff6d8:   00000012fe1ff6e0 00000012fe1ff580
0x00000012ffaff6e8:   00007fffd6bbe1ef 0000000000000000
0x00000012ffaff6f8:   00000012ffaff789 00000000c65350dd
0x00000012ffaff708:   00000012fe1ff6c0 000001a2ed1e2500
0x00000012ffaff718:   0000000000000004 000001a20000000a
0x00000012ffaff728:   0000000004be0000 0000000400000002
0x00000012ffaff738:   000001a2ed1e2500 00007fffd6eb1dc8
0x00000012ffaff748:   000001a2ed1e2500 00000012fe1ff580
0x00000012ffaff758:   000001a2ee9b9cd0 00000000000003d8
0x00000012ffaff768:   000001a2ee9b9ce0 000001a2ee9ba0b8
0x00000012ffaff778:   00007fffd6eb1f18 0000000000000004
0x00000012ffaff788:   0000000000000000 0000000000000000
0x00000012ffaff798:   0000000000000000 0000000000000000
0x00000012ffaff7a8:   000020d3496c7baf 0000000000000000 

Instructions: (pc=0x00007fffd650cb30)
0x00007fffd650ca30:   8b d0 48 85 c0 74 20 48 8b c7 f0 48 0f b1 13 74
0x00007fffd650ca40:   16 48 85 05 d0 42 bb 00 74 0d 48 8b c8 f0 48 0f
0x00007fffd650ca50:   b1 13 48 3b c1 75 ea 48 8b 5c 24 30 48 8b c2 48
0x00007fffd650ca60:   83 c4 20 5f c3 cc cc cc cc cc cc cc cc cc cc cc
0x00007fffd650ca70:   4c 8b 01 4c 8b c9 48 8b 0d 13 60 b6 00 ba 64 60
0x00007fffd650ca80:   08 00 e9 49 f1 ff ff cc cc cc cc cc cc cc cc cc
0x00007fffd650ca90:   8b 05 62 a8 b0 00 c3 cc cc cc cc cc cc cc cc cc
0x00007fffd650caa0:   0f b6 05 3d 68 b7 00 48 8b d1 84 c0 74 16 44 8b
0x00007fffd650cab0:   41 08 8b 0d 40 a8 b0 00 49 d3 e0 4c 03 05 2e a8
0x00007fffd650cac0:   b0 00 eb 04 4c 8b 41 08 45 8b 50 08 45 85 d2 7e
0x00007fffd650cad0:   0e 41 f6 c2 01 75 53 41 c1 fa 03 41 8b c2 c3 79
0x00007fffd650cae0:   49 84 c0 b9 10 00 00 00 8b 05 46 b7 b0 00 41 b8
0x00007fffd650caf0:   0c 00 00 00 41 0f 45 c8 ff c8 4c 63 c8 48 63 14
0x00007fffd650cb00:   11 41 8b ca 83 e1 3f 48 d3 e2 41 8b ca 48 c1 f9
0x00007fffd650cb10:   10 0f b6 c1 49 8d 0c 11 49 f7 d1 48 03 c1 49 c1
0x00007fffd650cb20:   e9 03 48 c1 e8 03 41 23 c1 c3 49 8b 00 49 8b c8
0x00007fffd650cb30:   48 ff a0 00 01 00 00 cc cc cc cc cc cc cc cc cc
0x00007fffd650cb40:   8b 44 24 30 45 03 c9 44 2b 4c 24 28 83 c0 0b 44
0x00007fffd650cb50:   03 ca 45 03 c8 41 03 c1 c3 cc cc cc cc cc cc cc
0x00007fffd650cb60:   4c 8b ca 48 8b d1 45 8b 41 08 45 85 c0 7e 0e 41
0x00007fffd650cb70:   f6 c0 01 75 56 41 c1 f8 03 41 8b c0 c3 79 4c 80
0x00007fffd650cb80:   3d 5e 67 b7 00 00 b8 0c 00 00 00 b9 10 00 00 00
0x00007fffd650cb90:   0f 45 c8 8b 05 9b b6 b0 00 ff c8 4c 63 c8 48 63
0x00007fffd650cba0:   14 11 41 8b c8 83 e1 3f 48 d3 e2 41 8b c8 48 c1
0x00007fffd650cbb0:   f9 10 0f b6 c1 49 8d 0c 11 49 f7 d1 48 03 c1 49
0x00007fffd650cbc0:   c1 e9 03 48 c1 e8 03 41 23 c1 c3 49 8b 01 49 8b
0x00007fffd650cbd0:   c9 48 ff a0 00 01 00 00 cc cc cc cc cc cc cc cc
0x00007fffd650cbe0:   48 8b 41 08 0f b7 48 2a 0f b7 40 28 83 c0 48 03
0x00007fffd650cbf0:   c1 c3 cc cc cc cc cc cc cc cc cc cc cc cc cc cc
0x00007fffd650cc00:   48 89 5c 24 08 57 48 83 ec 20 0f b6 05 df 48 bb
0x00007fffd650cc10:   00 48 8b fa 48 8b d9 84 c0 74 4f 48 85 15 f6 40
0x00007fffd650cc20:   bb 00 74 38 48 8b ca e8 64 95 85 00 48 8b d0 48 


Stack slot to memory mapping:
stack at sp + 0 slots: 0x00007fffd6bba201 jvm.dll
stack at sp + 1 slots: 0x0000000000000001 is an unknown value
stack at sp + 2 slots: 0x0000000000000005 is an unknown value
stack at sp + 3 slots: 0x00007fffd6eb0e70 jvm.dll
stack at sp + 4 slots: 0x000001a29341f680 points into unknown readable memory: 0x00007fffd6eb29e0 | e0 29 eb d6 ff 7f 00 00
stack at sp + 5 slots: 0x000001a2ed1e2500 points into unknown readable memory: 0x00007fffd6eb1c78 | 78 1c eb d6 ff 7f 00 00
stack at sp + 6 slots: 0x00007fffd6bba72f jvm.dll
stack at sp + 7 slots: 0x00000000ebc18000 is an oop: [B 
{0x00000000ebc18000} - klass: {type array byte}
 - length: 19


---------------  P R O C E S S  ---------------

Threads class SMR info:
_java_thread_list=0x000001a2f8b1df10, length=32, elements={
0x000001a2934084d0, 0x000001a2934be6a0, 0x000001a2ed1e6ba0, 0x000001a2ee873640,
0x000001a2ee873f10, 0x000001a2ee878240, 0x000001a2ee87c2d0, 0x000001a2ee880c20,
0x000001a2ee881d80, 0x000001a2ee884e40, 0x000001a29346c5d0, 0x000001a2eeb12a60,
0x000001a2f453cd60, 0x000001a2f469b0c0, 0x000001a2f469b9b0, 0x000001a2f4a82450,
0x000001a2f4f4c870, 0x000001a2f4f4e6d0, 0x000001a2f4f4d290, 0x000001a2f4f4f0f0,
0x000001a2f4f4ebe0, 0x000001a2f4f4be50, 0x000001a2f60da0d0, 0x000001a2f60dba20,
0x000001a2f60ddd90, 0x000001a2f68518b0, 0x000001a2f684e100, 0x000001a2f6855060,
0x000001a2f6854b50, 0x000001a2f6852cf0, 0x000001a2f6851dc0, 0x000001a2f6854640
}

Java Threads: ( => current thread )
  0x000001a2934084d0 JavaThread "main" [_thread_blocked, id=13212, stack(0x00000012fdf00000,0x00000012fe000000)]
  0x000001a2934be6a0 JavaThread "Reference Handler" daemon [_thread_blocked, id=12968, stack(0x00000012fe200000,0x00000012fe300000)]
  0x000001a2ed1e6ba0 JavaThread "Finalizer" daemon [_thread_blocked, id=13308, stack(0x00000012fe300000,0x00000012fe400000)]
  0x000001a2ee873640 JavaThread "Signal Dispatcher" daemon [_thread_blocked, id=10112, stack(0x00000012fe400000,0x00000012fe500000)]
  0x000001a2ee873f10 JavaThread "Attach Listener" daemon [_thread_blocked, id=13252, stack(0x00000012fe500000,0x00000012fe600000)]
  0x000001a2ee878240 JavaThread "Service Thread" daemon [_thread_blocked, id=13164, stack(0x00000012fe600000,0x00000012fe700000)]
  0x000001a2ee87c2d0 JavaThread "Monitor Deflation Thread" daemon [_thread_blocked, id=10220, stack(0x00000012fe700000,0x00000012fe800000)]
  0x000001a2ee880c20 JavaThread "C2 CompilerThread0" daemon [_thread_blocked, id=11648, stack(0x00000012fe800000,0x00000012fe900000)]
  0x000001a2ee881d80 JavaThread "C1 CompilerThread0" daemon [_thread_blocked, id=13192, stack(0x00000012fe900000,0x00000012fea00000)]
  0x000001a2ee884e40 JavaThread "Sweeper thread" daemon [_thread_blocked, id=11684, stack(0x00000012fea00000,0x00000012feb00000)]
  0x000001a29346c5d0 JavaThread "Common-Cleaner" daemon [_thread_blocked, id=12336, stack(0x00000012feb00000,0x00000012fec00000)]
  0x000001a2eeb12a60 JavaThread "Notification Thread" daemon [_thread_blocked, id=11748, stack(0x00000012fed00000,0x00000012fee00000)]
  0x000001a2f453cd60 JavaThread "Active Thread: Equinox Container: f9219922-ab37-40a9-90b5-a27cf59a3eda" [_thread_blocked, id=12948, stack(0x00000012fef00000,0x00000012ff000000)]
  0x000001a2f469b0c0 JavaThread "Framework Event Dispatcher: Equinox Container: f9219922-ab37-40a9-90b5-a27cf59a3eda" daemon [_thread_blocked, id=700, stack(0x00000012ff600000,0x00000012ff700000)]
  0x000001a2f469b9b0 JavaThread "Start Level: Equinox Container: f9219922-ab37-40a9-90b5-a27cf59a3eda" daemon [_thread_blocked, id=12540, stack(0x00000012ff700000,0x00000012ff800000)]
  0x000001a2f4a82450 JavaThread "Bundle File Closer" daemon [_thread_blocked, id=5148, stack(0x00000012fec00000,0x00000012fed00000)]
  0x000001a2f4f4c870 JavaThread "SCR Component Actor" daemon [_thread_blocked, id=6856, stack(0x00000012ff900000,0x00000012ffa00000)]
  0x000001a2f4f4e6d0 JavaThread "Worker-JM" [_thread_blocked, id=7304, stack(0x00000012fff00000,0x0000001300000000)]
  0x000001a2f4f4d290 JavaThread "Worker-0" [_thread_blocked, id=12656, stack(0x0000001280000000,0x0000001280100000)]
  0x000001a2f4f4f0f0 JavaThread "Java indexing" daemon [_thread_blocked, id=5736, stack(0x0000001280200000,0x0000001280300000)]
  0x000001a2f4f4ebe0 JavaThread "JNA Cleaner" daemon [_thread_blocked, id=12628, stack(0x0000001280300000,0x0000001280400000)]
  0x000001a2f4f4be50 JavaThread "pool-2-thread-1" [_thread_blocked, id=5468, stack(0x0000001280600000,0x0000001280700000)]
  0x000001a2f60da0d0 JavaThread "WorkspaceEventsHandler" [_thread_blocked, id=2320, stack(0x0000001280700000,0x0000001280800000)]
  0x000001a2f60dba20 JavaThread "pool-1-thread-1" [_thread_blocked, id=8136, stack(0x0000001280800000,0x0000001280900000)]
  0x000001a2f60ddd90 JavaThread "Worker-2: Shutdown..." [_thread_blocked, id=8288, stack(0x0000001280900000,0x0000001280a00000)]
  0x000001a2f68518b0 JavaThread "Java Debug Server" daemon [_thread_in_native, id=15084, stack(0x0000001281400000,0x0000001281500000)]
  0x000001a2f684e100 JavaThread "pool-5-thread-1" [_thread_blocked, id=12636, stack(0x0000001281500000,0x0000001281600000)]
  0x000001a2f6855060 JavaThread "RxSchedulerPurge-1" daemon [_thread_blocked, id=3524, stack(0x0000001281700000,0x0000001281800000)]
  0x000001a2f6854b50 JavaThread "RxCachedWorkerPoolEvictor-1" daemon [_thread_blocked, id=15136, stack(0x0000001281800000,0x0000001281900000)]
  0x000001a2f6852cf0 JavaThread "process reaper" daemon [_thread_blocked, id=13832, stack(0x0000001281a00000,0x0000001281a20000)]
  0x000001a2f6851dc0 JavaThread "ForkJoinPool.commonPool-worker-9" daemon [_thread_blocked, id=4716, stack(0x0000001280100000,0x0000001280200000)]
  0x000001a2f6854640 JavaThread "ForkJoinPool.commonPool-worker-10" daemon [_thread_blocked, id=8392, stack(0x0000001280400000,0x0000001280500000)]

Other Threads:
  0x000001a2ee8712b0 VMThread "VM Thread" [stack: 0x00000012fe100000,0x00000012fe200000] [id=13260]
  0x000001a2eeb12f40 WatcherThread [stack: 0x00000012fee00000,0x00000012fef00000] [id=948]
  0x000001a2934171c0 GCTaskThread "GC Thread#0" [stack: 0x00000012fe000000,0x00000012fe100000] [id=13220]
  0x000001a2f4691160 GCTaskThread "GC Thread#1" [stack: 0x00000012ff000000,0x00000012ff100000] [id=13080]
  0x000001a2f4691630 GCTaskThread "GC Thread#2" [stack: 0x00000012ff100000,0x00000012ff200000] [id=9192]
  0x000001a2f46918f0 GCTaskThread "GC Thread#3" [stack: 0x00000012ff200000,0x00000012ff300000] [id=13300]
  0x000001a2f4691bb0 GCTaskThread "GC Thread#4" [stack: 0x00000012ff300000,0x00000012ff400000] [id=10736]
  0x000001a2f457c840 GCTaskThread "GC Thread#5" [stack: 0x00000012ff400000,0x00000012ff500000] [id=944]
  0x000001a2f457cb00 GCTaskThread "GC Thread#6" [stack: 0x00000012ff500000,0x00000012ff600000] [id=12076]
  0x000001a2f456eda0 GCTaskThread "GC Thread#7" [stack: 0x00000012ff800000,0x00000012ff900000] [id=10908]
=>0x000001a2f4546320 GCTaskThread "GC Thread#8" [stack: 0x00000012ffa00000,0x00000012ffb00000] [id=5416]
  0x000001a2f4a7ff00 GCTaskThread "GC Thread#9" [stack: 0x00000012ffb00000,0x00000012ffc00000] [id=5744]

Threads with active compile tasks:
C2 CompilerThread0  1620629 12785  s!   4       java.lang.StackTraceElement::computeFormat (71 bytes)

VM state: at safepoint (normal execution)

VM Mutex/Monitor currently owned by a thread:  ([mutex/lock_event])
[0x000001a293404560] Threads_lock - owner thread: 0x000001a2ee8712b0
[0x000001a2934044d0] Heap_lock - owner thread: 0x000001a2f60ddd90

Heap address: 0x00000000c0000000, size: 1024 MB, Compressed Oops mode: 32-bit

CDS archive(s) mapped at: [0x000001a2ac000000-0x000001a2acba0000-0x000001a2acba0000), size 12189696, SharedBaseAddress: 0x000001a2ac000000, ArchiveRelocationMode: 1.
Compressed class space mapped at: 0x000001a2ad000000-0x000001a2ed000000, reserved size: 1073741824
Narrow klass base: 0x000001a2ac000000, Narrow klass shift: 0, Narrow klass range: 0x100000000

GC Precious Log:
 CPUs: 12 total, 12 available
 Memory: 16225M
 Large Page Support: Disabled
 NUMA Support: Disabled
 Compressed Oops: Enabled (32-bit)
 Alignments: Space 512K, Generation 512K, Heap 2M
 Heap Min Capacity: 100M
 Heap Initial Capacity: 100M
 Heap Max Capacity: 1G
 Pre-touch: Disabled
 Parallel Workers: 10

Heap:
 PSYoungGen      total 14848K, used 12888K [0x00000000eab00000, 0x00000000ec100000, 0x0000000100000000)
  eden space 8192K, 99% used [0x00000000eab00000,0x00000000eb2ffff0,0x00000000eb300000)
  from space 6656K, 70% used [0x00000000eb300000,0x00000000eb7961b0,0x00000000eb980000)
  to   space 6656K, 51% used [0x00000000eba80000,0x00000000ebde0000,0x00000000ec100000)
 ParOldGen       total 140800K, used 106753K [0x00000000c0000000, 0x00000000c8980000, 0x00000000eab00000)
  object space 140800K, 75% used [0x00000000c0000000,0x00000000c6840748,0x00000000c8980000)
 Metaspace       used 69186K, committed 70720K, reserved 1114112K
  class space    used 7298K, committed 8000K, reserved 1048576K

Card table byte_map: [0x000001a292da0000,0x000001a292fb0000] _byte_map_base: 0x000001a2927a0000

Marking Bits: (ParMarkBitMap*) 0x00007fffd709d0b0
 Begin Bits: [0x000001a2a9f20000, 0x000001a2aaf20000)
 End Bits:   [0x000001a2aaf20000, 0x000001a2abf20000)

Polling page: 0x000001a2913c0000

Metaspace:

Usage:
  Non-class:     60.44 MB used.
      Class:      7.13 MB used.
       Both:     67.56 MB used.

Virtual space:
  Non-class space:       64.00 MB reserved,      61.25 MB ( 96%) committed,  1 nodes.
      Class space:        1.00 GB reserved,       7.81 MB ( <1%) committed,  1 nodes.
             Both:        1.06 GB reserved,      69.06 MB (  6%) committed. 

Chunk freelists:
   Non-Class:  2.05 MB
       Class:  8.22 MB
        Both:  10.27 MB

MaxMetaspaceSize: unlimited
CompressedClassSpaceSize: 1.00 GB
Initial GC threshold: 21.00 MB
Current GC threshold: 114.38 MB
CDS: on
MetaspaceReclaimPolicy: balanced
 - commit_granule_bytes: 65536.
 - commit_granule_words: 8192.
 - virtual_space_node_default_size: 8388608.
 - enlarge_chunks_in_place: 1.
 - new_chunks_are_fully_committed: 0.
 - uncommit_free_chunks: 1.
 - use_allocation_guard: 0.
 - handle_deallocations: 1.


Internal statistics:

num_allocs_failed_limit: 9.
num_arena_births: 1012.
num_arena_deaths: 30.
num_vsnodes_births: 2.
num_vsnodes_deaths: 0.
num_space_committed: 1105.
num_space_uncommitted: 0.
num_chunks_returned_to_freelist: 46.
num_chunks_taken_from_freelist: 4120.
num_chunk_merges: 23.
num_chunk_splits: 2640.
num_chunks_enlarged: 1613.
num_inconsistent_stats: 0.

CodeHeap 'non-profiled nmethods': size=120000Kb used=8160Kb max_used=8160Kb free=111839Kb
 bounds [0x000001a2a29f0000, 0x000001a2a31f0000, 0x000001a2a9f20000]
CodeHeap 'profiled nmethods': size=120000Kb used=22843Kb max_used=22843Kb free=97156Kb
 bounds [0x000001a29af20000, 0x000001a29c570000, 0x000001a2a2450000]
CodeHeap 'non-nmethods': size=5760Kb used=1373Kb max_used=1460Kb free=4386Kb
 bounds [0x000001a2a2450000, 0x000001a2a26c0000, 0x000001a2a29f0000]
 total_blobs=11438 nmethods=10712 adapters=639
 compilation: enabled
              stopped_count=0, restarted_count=0
 full_count=0

Compilation events (20 events):
Event: 1289.088 Thread 0x000001a2ee881d80 nmethod 12774 0x000001a2a31e3190 code [0x000001a2a31e3320, 0x000001a2a31e33f8]
Event: 1585.649 Thread 0x000001a2ee880c20 12775       4       java.util.concurrent.ScheduledThreadPoolExecutor::canRunInCurrentRunState (61 bytes)
Event: 1585.650 Thread 0x000001a2ee880c20 nmethod 12775 0x000001a2a31e3490 code [0x000001a2a31e3600, 0x000001a2a31e36b8]
Event: 1606.640 Thread 0x000001a2ee880c20 12776       4       java.util.concurrent.TimeUnit::convert (77 bytes)
Event: 1606.641 Thread 0x000001a2ee880c20 nmethod 12776 0x000001a2a31e3790 code [0x000001a2a31e3920, 0x000001a2a31e3ac8]
Event: 1620.506 Thread 0x000001a2ee881d80 12777       3       java.lang.invoke.VarHandleReferences$FieldInstanceReadWrite::setRelease (35 bytes)
Event: 1620.506 Thread 0x000001a2ee881d80 nmethod 12777 0x000001a29c56bb90 code [0x000001a29c56bdc0, 0x000001a29c56c5f8]
Event: 1620.506 Thread 0x000001a2ee881d80 12778   !   3       com.google.gson.internal.bind.ReflectiveTypeAdapterFactory$1::write (184 bytes)
Event: 1620.506 Thread 0x000001a2ee880c20 12779       4       com.google.gson.stream.JsonWriter::value (24 bytes)
Event: 1620.507 Thread 0x000001a2ee881d80 nmethod 12778 0x000001a29c56c910 code [0x000001a29c56cca0, 0x000001a29c56e1d8]
Event: 1620.523 Thread 0x000001a2ee880c20 nmethod 12779 0x000001a2a31e3c90 code [0x000001a2a31e3ee0, 0x000001a2a31e5c28]
Event: 1620.590 Thread 0x000001a2ee881d80 12781       3       java.time.temporal.ValueRange::isValidValue (24 bytes)
Event: 1620.590 Thread 0x000001a2ee881d80 nmethod 12781 0x000001a29c56ea90 code [0x000001a29c56ec20, 0x000001a29c56edf8]
Event: 1620.590 Thread 0x000001a2ee880c20 12782       4       java.util.regex.Pattern$BmpCharPropertyGreedy::match (89 bytes)
Event: 1620.595 Thread 0x000001a2ee880c20 nmethod 12782 0x000001a2a31e7110 code [0x000001a2a31e72c0, 0x000001a2a31e7848]
Event: 1620.597 Thread 0x000001a2ee881d80 12783       1       org.eclipse.core.internal.jobs.InternalJob::getPriority (5 bytes)
Event: 1620.597 Thread 0x000001a2ee881d80 nmethod 12783 0x000001a2a31e7d90 code [0x000001a2a31e7f20, 0x000001a2a31e7ff8]
Event: 1620.599 Thread 0x000001a2ee881d80 12784       1       org.eclipse.osgi.internal.log.ExtendedLogServiceImpl::getFactory (5 bytes)
Event: 1620.599 Thread 0x000001a2ee881d80 nmethod 12784 0x000001a2a31e8090 code [0x000001a2a31e8220, 0x000001a2a31e82f8]
Event: 1620.599 Thread 0x000001a2ee880c20 12785  s!   4       java.lang.StackTraceElement::computeFormat (71 bytes)

GC Heap History (20 events):
Event: 32.679 GC heap after
{Heap after GC invocations=100 (full 4):
 PSYoungGen      total 11264K, used 352K [0x00000000eab00000, 0x00000000eb680000, 0x0000000100000000)
  eden space 10240K, 0% used [0x00000000eab00000,0x00000000eab00000,0x00000000eb500000)
  from space 1024K, 34% used [0x00000000eb500000,0x00000000eb558000,0x00000000eb600000)
  to   space 512K, 0% used [0x00000000eb600000,0x00000000eb600000,0x00000000eb680000)
 ParOldGen       total 85504K, used 73143K [0x00000000c0000000, 0x00000000c5380000, 0x00000000eab00000)
  object space 85504K, 85% used [0x00000000c0000000,0x00000000c476df20,0x00000000c5380000)
 Metaspace       used 67569K, committed 68992K, reserved 1114112K
  class space    used 7098K, committed 7744K, reserved 1048576K
}
Event: 63.811 GC heap before
{Heap before GC invocations=101 (full 4):
 PSYoungGen      total 11264K, used 10492K [0x00000000eab00000, 0x00000000eb680000, 0x0000000100000000)
  eden space 10240K, 99% used [0x00000000eab00000,0x00000000eb4e7330,0x00000000eb500000)
  from space 1024K, 34% used [0x00000000eb500000,0x00000000eb558000,0x00000000eb600000)
  to   space 512K, 0% used [0x00000000eb600000,0x00000000eb600000,0x00000000eb680000)
 ParOldGen       total 85504K, used 73143K [0x00000000c0000000, 0x00000000c5380000, 0x00000000eab00000)
  object space 85504K, 85% used [0x00000000c0000000,0x00000000c476df20,0x00000000c5380000)
 Metaspace       used 68820K, committed 70272K, reserved 1114112K
  class space    used 7264K, committed 7872K, reserved 1048576K
}
Event: 63.812 GC heap after
{Heap after GC invocations=101 (full 4):
 PSYoungGen      total 9216K, used 496K [0x00000000eab00000, 0x00000000eba00000, 0x0000000100000000)
  eden space 8704K, 0% used [0x00000000eab00000,0x00000000eab00000,0x00000000eb380000)
  from space 512K, 96% used [0x00000000eb600000,0x00000000eb67c010,0x00000000eb680000)
  to   space 2560K, 0% used [0x00000000eb380000,0x00000000eb380000,0x00000000eb600000)
 ParOldGen       total 85504K, used 74673K [0x00000000c0000000, 0x00000000c5380000, 0x00000000eab00000)
  object space 85504K, 87% used [0x00000000c0000000,0x00000000c48ec6c0,0x00000000c5380000)
 Metaspace       used 68820K, committed 70272K, reserved 1114112K
  class space    used 7264K, committed 7872K, reserved 1048576K
}
Event: 63.832 GC heap before
{Heap before GC invocations=102 (full 4):
 PSYoungGen      total 9216K, used 7056K [0x00000000eab00000, 0x00000000eba00000, 0x0000000100000000)
  eden space 8704K, 75% used [0x00000000eab00000,0x00000000eb168370,0x00000000eb380000)
  from space 512K, 96% used [0x00000000eb600000,0x00000000eb67c010,0x00000000eb680000)
  to   space 2560K, 0% used [0x00000000eb380000,0x00000000eb380000,0x00000000eb600000)
 ParOldGen       total 85504K, used 74673K [0x00000000c0000000, 0x00000000c5380000, 0x00000000eab00000)
  object space 85504K, 87% used [0x00000000c0000000,0x00000000c48ec6c0,0x00000000c5380000)
 Metaspace       used 68836K, committed 70272K, reserved 1114112K
  class space    used 7265K, committed 7872K, reserved 1048576K
}
Event: 63.833 GC heap after
{Heap after GC invocations=102 (full 4):
 PSYoungGen      total 11264K, used 2043K [0x00000000eab00000, 0x00000000eb880000, 0x0000000100000000)
  eden space 8704K, 0% used [0x00000000eab00000,0x00000000eab00000,0x00000000eb380000)
  from space 2560K, 79% used [0x00000000eb380000,0x00000000eb57ec10,0x00000000eb600000)
  to   space 2560K, 0% used [0x00000000eb600000,0x00000000eb600000,0x00000000eb880000)
 ParOldGen       total 85504K, used 76519K [0x00000000c0000000, 0x00000000c5380000, 0x00000000eab00000)
  object space 85504K, 89% used [0x00000000c0000000,0x00000000c4ab9e80,0x00000000c5380000)
 Metaspace       used 68836K, committed 70272K, reserved 1114112K
  class space    used 7265K, committed 7872K, reserved 1048576K
}
Event: 63.877 GC heap before
{Heap before GC invocations=103 (full 5):
 PSYoungGen      total 11264K, used 10747K [0x00000000eab00000, 0x00000000eb880000, 0x0000000100000000)
  eden space 8704K, 100% used [0x00000000eab00000,0x00000000eb380000,0x00000000eb380000)
  from space 2560K, 79% used [0x00000000eb380000,0x00000000eb57ec10,0x00000000eb600000)
  to   space 2560K, 0% used [0x00000000eb600000,0x00000000eb600000,0x00000000eb880000)
 ParOldGen       total 123392K, used 121518K [0x00000000c0000000, 0x00000000c7880000, 0x00000000eab00000)
  object space 123392K, 98% used [0x00000000c0000000,0x00000000c76ab9e0,0x00000000c7880000)
 Metaspace       used 68846K, committed 70272K, reserved 1114112K
  class space    used 7267K, committed 7872K, reserved 1048576K
}
Event: 63.919 GC heap after
{Heap after GC invocations=103 (full 5):
 PSYoungGen      total 11264K, used 0K [0x00000000eab00000, 0x00000000eb880000, 0x0000000100000000)
  eden space 8704K, 0% used [0x00000000eab00000,0x00000000eab00000,0x00000000eb380000)
  from space 2560K, 0% used [0x00000000eb600000,0x00000000eb600000,0x00000000eb880000)
  to   space 2560K, 0% used [0x00000000eb380000,0x00000000eb380000,0x00000000eb600000)
 ParOldGen       total 102400K, used 75524K [0x00000000c0000000, 0x00000000c6400000, 0x00000000eab00000)
  object space 102400K, 73% used [0x00000000c0000000,0x00000000c49c1298,0x00000000c6400000)
 Metaspace       used 68846K, committed 70272K, reserved 1114112K
  class space    used 7267K, committed 7872K, reserved 1048576K
}
Event: 63.931 GC heap before
{Heap before GC invocations=104 (full 5):
 PSYoungGen      total 11264K, used 8704K [0x00000000eab00000, 0x00000000eb880000, 0x0000000100000000)
  eden space 8704K, 100% used [0x00000000eab00000,0x00000000eb380000,0x00000000eb380000)
  from space 2560K, 0% used [0x00000000eb600000,0x00000000eb600000,0x00000000eb880000)
  to   space 2560K, 0% used [0x00000000eb380000,0x00000000eb380000,0x00000000eb600000)
 ParOldGen       total 102400K, used 75524K [0x00000000c0000000, 0x00000000c6400000, 0x00000000eab00000)
  object space 102400K, 73% used [0x00000000c0000000,0x00000000c49c1298,0x00000000c6400000)
 Metaspace       used 68846K, committed 70272K, reserved 1114112K
  class space    used 7267K, committed 7872K, reserved 1048576K
}
Event: 63.933 GC heap after
{Heap after GC invocations=104 (full 5):
 PSYoungGen      total 11264K, used 2560K [0x00000000eab00000, 0x00000000ec180000, 0x0000000100000000)
  eden space 8704K, 0% used [0x00000000eab00000,0x00000000eab00000,0x00000000eb380000)
  from space 2560K, 100% used [0x00000000eb380000,0x00000000eb600000,0x00000000eb600000)
  to   space 7168K, 0% used [0x00000000eba80000,0x00000000eba80000,0x00000000ec180000)
 ParOldGen       total 102400K, used 79052K [0x00000000c0000000, 0x00000000c6400000, 0x00000000eab00000)
  object space 102400K, 77% used [0x00000000c0000000,0x00000000c4d33298,0x00000000c6400000)
 Metaspace       used 68846K, committed 70272K, reserved 1114112K
  class space    used 7267K, committed 7872K, reserved 1048576K
}
Event: 63.943 GC heap before
{Heap before GC invocations=105 (full 5):
 PSYoungGen      total 11264K, used 11264K [0x00000000eab00000, 0x00000000ec180000, 0x0000000100000000)
  eden space 8704K, 100% used [0x00000000eab00000,0x00000000eb380000,0x00000000eb380000)
  from space 2560K, 100% used [0x00000000eb380000,0x00000000eb600000,0x00000000eb600000)
  to   space 7168K, 0% used [0x00000000eba80000,0x00000000eba80000,0x00000000ec180000)
 ParOldGen       total 102400K, used 79052K [0x00000000c0000000, 0x00000000c6400000, 0x00000000eab00000)
  object space 102400K, 77% used [0x00000000c0000000,0x00000000c4d33298,0x00000000c6400000)
 Metaspace       used 68846K, committed 70272K, reserved 1114112K
  class space    used 7267K, committed 7872K, reserved 1048576K
}
Event: 63.946 GC heap after
{Heap after GC invocations=105 (full 5):
 PSYoungGen      total 15360K, used 6880K [0x00000000eab00000, 0x00000000ec280000, 0x0000000100000000)
  eden space 8192K, 0% used [0x00000000eab00000,0x00000000eab00000,0x00000000eb300000)
  from space 7168K, 95% used [0x00000000eba80000,0x00000000ec138000,0x00000000ec180000)
  to   space 7680K, 0% used [0x00000000eb300000,0x00000000eb300000,0x00000000eba80000)
 ParOldGen       total 102400K, used 81660K [0x00000000c0000000, 0x00000000c6400000, 0x00000000eab00000)
  object space 102400K, 79% used [0x00000000c0000000,0x00000000c4fbf298,0x00000000c6400000)
 Metaspace       used 68846K, committed 70272K, reserved 1114112K
  class space    used 7267K, committed 7872K, reserved 1048576K
}
Event: 63.956 GC heap before
{Heap before GC invocations=106 (full 5):
 PSYoungGen      total 15360K, used 15072K [0x00000000eab00000, 0x00000000ec280000, 0x0000000100000000)
  eden space 8192K, 100% used [0x00000000eab00000,0x00000000eb300000,0x00000000eb300000)
  from space 7168K, 95% used [0x00000000eba80000,0x00000000ec138000,0x00000000ec180000)
  to   space 7680K, 0% used [0x00000000eb300000,0x00000000eb300000,0x00000000eba80000)
 ParOldGen       total 102400K, used 81660K [0x00000000c0000000, 0x00000000c6400000, 0x00000000eab00000)
  object space 102400K, 79% used [0x00000000c0000000,0x00000000c4fbf298,0x00000000c6400000)
 Metaspace       used 68846K, committed 70272K, reserved 1114112K
  class space    used 7267K, committed 7872K, reserved 1048576K
}
Event: 63.959 GC heap after
{Heap after GC invocations=106 (full 5):
 PSYoungGen      total 14848K, used 6400K [0x00000000eab00000, 0x00000000ec000000, 0x0000000100000000)
  eden space 8192K, 0% used [0x00000000eab00000,0x00000000eab00000,0x00000000eb300000)
  from space 6656K, 96% used [0x00000000eb300000,0x00000000eb940000,0x00000000eb980000)
  to   space 6656K, 0% used [0x00000000eb980000,0x00000000eb980000,0x00000000ec000000)
 ParOldGen       total 102400K, used 88436K [0x00000000c0000000, 0x00000000c6400000, 0x00000000eab00000)
  object space 102400K, 86% used [0x00000000c0000000,0x00000000c565d298,0x00000000c6400000)
 Metaspace       used 68846K, committed 70272K, reserved 1114112K
  class space    used 7267K, committed 7872K, reserved 1048576K
}
Event: 63.969 GC heap before
{Heap before GC invocations=107 (full 5):
 PSYoungGen      total 14848K, used 14592K [0x00000000eab00000, 0x00000000ec000000, 0x0000000100000000)
  eden space 8192K, 100% used [0x00000000eab00000,0x00000000eb300000,0x00000000eb300000)
  from space 6656K, 96% used [0x00000000eb300000,0x00000000eb940000,0x00000000eb980000)
  to   space 6656K, 0% used [0x00000000eb980000,0x00000000eb980000,0x00000000ec000000)
 ParOldGen       total 102400K, used 88436K [0x00000000c0000000, 0x00000000c6400000, 0x00000000eab00000)
  object space 102400K, 86% used [0x00000000c0000000,0x00000000c565d298,0x00000000c6400000)
 Metaspace       used 68846K, committed 70272K, reserved 1114112K
  class space    used 7267K, committed 7872K, reserved 1048576K
}
Event: 63.972 GC heap after
{Heap after GC invocations=107 (full 5):
 PSYoungGen      total 14848K, used 6336K [0x00000000eab00000, 0x00000000ec000000, 0x0000000100000000)
  eden space 8192K, 0% used [0x00000000eab00000,0x00000000eab00000,0x00000000eb300000)
  from space 6656K, 95% used [0x00000000eb980000,0x00000000ebfb0000,0x00000000ec000000)
  to   space 6656K, 0% used [0x00000000eb300000,0x00000000eb300000,0x00000000eb980000)
 ParOldGen       total 102400K, used 94764K [0x00000000c0000000, 0x00000000c6400000, 0x00000000eab00000)
  object space 102400K, 92% used [0x00000000c0000000,0x00000000c5c8b298,0x00000000c6400000)
 Metaspace       used 68846K, committed 70272K, reserved 1114112K
  class space    used 7267K, committed 7872K, reserved 1048576K
}
Event: 63.981 GC heap before
{Heap before GC invocations=108 (full 5):
 PSYoungGen      total 14848K, used 14528K [0x00000000eab00000, 0x00000000ec000000, 0x0000000100000000)
  eden space 8192K, 100% used [0x00000000eab00000,0x00000000eb300000,0x00000000eb300000)
  from space 6656K, 95% used [0x00000000eb980000,0x00000000ebfb0000,0x00000000ec000000)
  to   space 6656K, 0% used [0x00000000eb300000,0x00000000eb300000,0x00000000eb980000)
 ParOldGen       total 102400K, used 94764K [0x00000000c0000000, 0x00000000c6400000, 0x00000000eab00000)
  object space 102400K, 92% used [0x00000000c0000000,0x00000000c5c8b298,0x00000000c6400000)
 Metaspace       used 68846K, committed 70272K, reserved 1114112K
  class space    used 7267K, committed 7872K, reserved 1048576K
}
Event: 63.984 GC heap after
{Heap after GC invocations=108 (full 5):
 PSYoungGen      total 14848K, used 6400K [0x00000000eab00000, 0x00000000ec000000, 0x0000000100000000)
  eden space 8192K, 0% used [0x00000000eab00000,0x00000000eab00000,0x00000000eb300000)
  from space 6656K, 96% used [0x00000000eb300000,0x00000000eb940000,0x00000000eb980000)
  to   space 6656K, 0% used [0x00000000eb980000,0x00000000eb980000,0x00000000ec000000)
 ParOldGen       total 102400K, used 101052K [0x00000000c0000000, 0x00000000c6400000, 0x00000000eab00000)
  object space 102400K, 98% used [0x00000000c0000000,0x00000000c62af298,0x00000000c6400000)
 Metaspace       used 68846K, committed 70272K, reserved 1114112K
  class space    used 7267K, committed 7872K, reserved 1048576K
}
Event: 63.984 GC heap before
{Heap before GC invocations=109 (full 6):
 PSYoungGen      total 14848K, used 6400K [0x00000000eab00000, 0x00000000ec000000, 0x0000000100000000)
  eden space 8192K, 0% used [0x00000000eab00000,0x00000000eab00000,0x00000000eb300000)
  from space 6656K, 96% used [0x00000000eb300000,0x00000000eb940000,0x00000000eb980000)
  to   space 6656K, 0% used [0x00000000eb980000,0x00000000eb980000,0x00000000ec000000)
 ParOldGen       total 102400K, used 101052K [0x00000000c0000000, 0x00000000c6400000, 0x00000000eab00000)
  object space 102400K, 98% used [0x00000000c0000000,0x00000000c62af298,0x00000000c6400000)
 Metaspace       used 68846K, committed 70272K, reserved 1114112K
  class space    used 7267K, committed 7872K, reserved 1048576K
}
Event: 64.047 GC heap after
{Heap after GC invocations=109 (full 6):
 PSYoungGen      total 14848K, used 4696K [0x00000000eab00000, 0x00000000ec100000, 0x0000000100000000)
  eden space 8192K, 0% used [0x00000000eab00000,0x00000000eab00000,0x00000000eb300000)
  from space 6656K, 70% used [0x00000000eb300000,0x00000000eb7961b0,0x00000000eb980000)
  to   space 6656K, 0% used [0x00000000eba80000,0x00000000eba80000,0x00000000ec100000)
 ParOldGen       total 140800K, used 102001K [0x00000000c0000000, 0x00000000c8980000, 0x00000000eab00000)
  object space 140800K, 72% used [0x00000000c0000000,0x00000000c639c748,0x00000000c8980000)
 Metaspace       used 68846K, committed 70272K, reserved 1114112K
  class space    used 7267K, committed 7872K, reserved 1048576K
}
Event: 1620.599 GC heap before
{Heap before GC invocations=110 (full 6):
 PSYoungGen      total 14848K, used 12888K [0x00000000eab00000, 0x00000000ec100000, 0x0000000100000000)
  eden space 8192K, 99% used [0x00000000eab00000,0x00000000eb2ffff0,0x00000000eb300000)
  from space 6656K, 70% used [0x00000000eb300000,0x00000000eb7961b0,0x00000000eb980000)
  to   space 6656K, 0% used [0x00000000eba80000,0x00000000eba80000,0x00000000ec100000)
 ParOldGen       total 140800K, used 102001K [0x00000000c0000000, 0x00000000c8980000, 0x00000000eab00000)
  object space 140800K, 72% used [0x00000000c0000000,0x00000000c639c748,0x00000000c8980000)
 Metaspace       used 69186K, committed 70720K, reserved 1114112K
  class space    used 7298K, committed 8000K, reserved 1048576K
}

Dll operation events (11 events):
Event: 0.007 Loaded shared library c:\Users\casa\AppData\Roaming\Code\User\globalStorage\pleiades.java-extension-pack-jdk\java\17\bin\java.dll
Event: 0.021 Loaded shared library c:\Users\casa\AppData\Roaming\Code\User\globalStorage\pleiades.java-extension-pack-jdk\java\17\bin\jsvml.dll
Event: 0.069 Loaded shared library c:\Users\casa\AppData\Roaming\Code\User\globalStorage\pleiades.java-extension-pack-jdk\java\17\bin\zip.dll
Event: 0.071 Loaded shared library C:\Users\casa\AppData\Roaming\Code\User\globalStorage\pleiades.java-extension-pack-jdk\java\17\bin\instrument.dll
Event: 0.074 Loaded shared library C:\Users\casa\AppData\Roaming\Code\User\globalStorage\pleiades.java-extension-pack-jdk\java\17\bin\net.dll
Event: 0.076 Loaded shared library C:\Users\casa\AppData\Roaming\Code\User\globalStorage\pleiades.java-extension-pack-jdk\java\17\bin\nio.dll
Event: 0.078 Loaded shared library C:\Users\casa\AppData\Roaming\Code\User\globalStorage\pleiades.java-extension-pack-jdk\java\17\bin\zip.dll
Event: 0.088 Loaded shared library C:\Users\casa\AppData\Roaming\Code\User\globalStorage\pleiades.java-extension-pack-jdk\java\17\bin\jimage.dll
Event: 0.135 Loaded shared library c:\Users\casa\AppData\Roaming\Code\User\globalStorage\pleiades.java-extension-pack-jdk\java\17\bin\verify.dll
Event: 2.552 Loaded shared library C:\Users\casa\AppData\Roaming\Code\User\globalStorage\redhat.java\1.24.0\config_win\org.eclipse.equinox.launcher\org.eclipse.equinox.launcher.win32.win32.x86_64_1.2.700.v20221108-1024\eclipse_11801.dll
Event: 8.026 Loaded shared library C:\Users\casa\AppData\Local\Temp\jna-3046188\jna1351225384661141541.dll

Deoptimization events (20 events):
Event: 310.734 Thread 0x000001a2f4f4d290 Uncommon trap: trap_request=0xffffffde fr.pc=0x000001a2a318b218 relative=0x0000000000000458
Event: 310.734 Thread 0x000001a2f4f4d290 Uncommon trap: reason=class_check action=maybe_recompile pc=0x000001a2a318b218 method=java.io.DataOutputStream.writeInt(I)V @ 53 c2
Event: 310.734 Thread 0x000001a2f4f4d290 DEOPT PACKING pc=0x000001a2a318b218 sp=0x00000012800febe0
Event: 310.734 Thread 0x000001a2f4f4d290 DEOPT UNPACKING pc=0x000001a2a24a66a3 sp=0x00000012800feb98 mode 2
Event: 310.737 Thread 0x000001a2f4f4d290 DEOPT PACKING pc=0x000001a29c55b07a sp=0x00000012800fe4a0
Event: 310.737 Thread 0x000001a2f4f4d290 DEOPT UNPACKING pc=0x000001a2a24a6e43 sp=0x00000012800fd9e8 mode 0
Event: 310.737 Thread 0x000001a2f4f4d290 DEOPT PACKING pc=0x000001a29c55b07a sp=0x00000012800fe4a0
Event: 310.737 Thread 0x000001a2f4f4d290 DEOPT UNPACKING pc=0x000001a2a24a6e43 sp=0x00000012800fd9e8 mode 0
Event: 310.737 Thread 0x000001a2f4f4d290 DEOPT PACKING pc=0x000001a29c55b07a sp=0x00000012800fe4a0
Event: 310.737 Thread 0x000001a2f4f4d290 DEOPT UNPACKING pc=0x000001a2a24a6e43 sp=0x00000012800fd9e8 mode 0
Event: 310.738 Thread 0x000001a2f4f4d290 DEOPT PACKING pc=0x000001a29c55b07a sp=0x00000012800fe4a0
Event: 310.738 Thread 0x000001a2f4f4d290 DEOPT UNPACKING pc=0x000001a2a24a6e43 sp=0x00000012800fd9e8 mode 0
Event: 310.741 Thread 0x000001a2f4f4d290 Uncommon trap: trap_request=0xffffff45 fr.pc=0x000001a2a2a8a0c0 relative=0x0000000000000040
Event: 310.741 Thread 0x000001a2f4f4d290 Uncommon trap: reason=unstable_if action=reinterpret pc=0x000001a2a2a8a0c0 method=sun.nio.fs.WindowsPathParser.isSlash(C)Z @ 9 c2
Event: 310.741 Thread 0x000001a2f4f4d290 DEOPT PACKING pc=0x000001a2a2a8a0c0 sp=0x00000012800fe960
Event: 310.741 Thread 0x000001a2f4f4d290 DEOPT UNPACKING pc=0x000001a2a24a66a3 sp=0x00000012800fe8e8 mode 2
Event: 1620.590 Thread 0x000001a2f6855570 Uncommon trap: trap_request=0xffffff45 fr.pc=0x000001a2a31dc3e0 relative=0x0000000000000060
Event: 1620.590 Thread 0x000001a2f6855570 Uncommon trap: reason=unstable_if action=reinterpret pc=0x000001a2a31dc3e0 method=java.util.concurrent.ThreadPoolExecutor.isRunning(I)Z @ 1 c2
Event: 1620.590 Thread 0x000001a2f6855570 DEOPT PACKING pc=0x000001a2a31dc3e0 sp=0x00000012819fee80
Event: 1620.590 Thread 0x000001a2f6855570 DEOPT UNPACKING pc=0x000001a2a24a66a3 sp=0x00000012819feda0 mode 2

Classes unloaded (15 events):
Event: 7.592 Thread 0x000001a2ee8712b0 Unloading class 0x000001a2ad184400 'java/lang/invoke/LambdaForm$MH+0x000001a2ad184400'
Event: 7.592 Thread 0x000001a2ee8712b0 Unloading class 0x000001a2ad184000 'java/lang/invoke/LambdaForm$MH+0x000001a2ad184000'
Event: 7.592 Thread 0x000001a2ee8712b0 Unloading class 0x000001a2ad183c00 'java/lang/invoke/LambdaForm$MH+0x000001a2ad183c00'
Event: 7.592 Thread 0x000001a2ee8712b0 Unloading class 0x000001a2ad183800 'java/lang/invoke/LambdaForm$MH+0x000001a2ad183800'
Event: 7.592 Thread 0x000001a2ee8712b0 Unloading class 0x000001a2ad183400 'java/lang/invoke/LambdaForm$BMH+0x000001a2ad183400'
Event: 7.592 Thread 0x000001a2ee8712b0 Unloading class 0x000001a2ad183000 'java/lang/invoke/LambdaForm$DMH+0x000001a2ad183000'
Event: 7.592 Thread 0x000001a2ee8712b0 Unloading class 0x000001a2ad180400 'java/lang/invoke/LambdaForm$DMH+0x000001a2ad180400'
Event: 18.597 Thread 0x000001a2ee8712b0 Unloading class 0x000001a2ad6e8800 'java/lang/invoke/LambdaForm$MH+0x000001a2ad6e8800'
Event: 18.597 Thread 0x000001a2ee8712b0 Unloading class 0x000001a2ad6e8c00 'java/lang/invoke/LambdaForm$MH+0x000001a2ad6e8c00'
Event: 18.597 Thread 0x000001a2ee8712b0 Unloading class 0x000001a2ad6e8400 'java/lang/invoke/LambdaForm$MH+0x000001a2ad6e8400'
Event: 18.597 Thread 0x000001a2ee8712b0 Unloading class 0x000001a2ad6e2c00 'java/lang/invoke/LambdaForm$MH+0x000001a2ad6e2c00'
Event: 18.597 Thread 0x000001a2ee8712b0 Unloading class 0x000001a2ad6e2400 'java/lang/invoke/LambdaForm$DMH+0x000001a2ad6e2400'
Event: 18.597 Thread 0x000001a2ee8712b0 Unloading class 0x000001a2ad6e2800 'java/lang/invoke/LambdaForm$DMH+0x000001a2ad6e2800'
Event: 18.597 Thread 0x000001a2ee8712b0 Unloading class 0x000001a2ad6e1c00 'java/lang/invoke/LambdaForm$DMH+0x000001a2ad6e1c00'
Event: 18.597 Thread 0x000001a2ee8712b0 Unloading class 0x000001a2ad6e2000 'java/lang/invoke/LambdaForm$DMH+0x000001a2ad6e2000'

Classes redefined (0 events):
No events

Internal exceptions (20 events):
Event: 19.567 Thread 0x000001a2f60d8c90 Exception <a 'sun/nio/fs/WindowsException'{0x00000000eae15fb8}> (0x00000000eae15fb8) 
thrown [s\src\hotspot\share\prims\jni.cpp, line 516]
Event: 19.654 Thread 0x000001a2f4f4d7a0 Exception <a 'java/io/FileNotFoundException'{0x00000000eb12ff58}> (0x00000000eb12ff58) 
thrown [s\src\hotspot\share\prims\jni.cpp, line 516]
Event: 19.666 Thread 0x000001a2f4f4d7a0 Exception <a 'java/lang/NoSuchMethodError'{0x00000000eb21ac10}: 'void java.lang.invoke.DirectMethodHandle$Holder.invokeSpecial(java.lang.Object, java.lang.Object, java.lang.Object, java.lang.Object, java.lang.Object)'> (0x00000000eb21ac10) 
thrown [s\src\hotspot\share\interpreter\linkResolver.cpp, line 759]
Event: 25.596 Thread 0x000001a2f60dc440 Implicit null exception at 0x000001a2a2eb54ac to 0x000001a2a2eb550c
Event: 26.158 Thread 0x000001a2f60dc440 Exception <a 'java/lang/NoSuchMethodError'{0x00000000eab8d798}: 'int java.lang.invoke.DirectMethodHandle$Holder.invokeSpecial(java.lang.Object, java.lang.Object, int)'> (0x00000000eab8d798) 
thrown [s\src\hotspot\share\interpreter\linkResolver.cpp, line 759]
Event: 30.705 Thread 0x000001a2f453cd60 Implicit null exception at 0x000001a2a2fb99dd to 0x000001a2a2fb9d7a
Event: 32.578 Thread 0x000001a2f684e100 Exception <a 'java/io/FileNotFoundException'{0x00000000eb208c28}> (0x00000000eb208c28) 
thrown [s\src\hotspot\share\prims\jni.cpp, line 516]
Event: 32.687 Thread 0x000001a2f684e100 Exception <a 'java/lang/NoSuchMethodError'{0x00000000eabcc458}: 'java.lang.Object java.lang.invoke.DirectMethodHandle$Holder.invokeVirtual(java.lang.Object, java.lang.Object, java.lang.Object, java.lang.Object)'> (0x00000000eabcc458) 
thrown [s\src\hotspot\share\interpreter\linkResolver.cpp, line 759]
Event: 32.716 Thread 0x000001a2f6855570 Exception <a 'java/lang/NoSuchMethodError'{0x00000000eafa85c0}: 'java.lang.Object java.lang.invoke.DirectMethodHandle$Holder.invokeStatic(java.lang.Object, long, java.lang.Object, java.lang.Object)'> (0x00000000eafa85c0) 
thrown [s\src\hotspot\share\interpreter\linkResolver.cpp, line 759]
Event: 32.717 Thread 0x000001a2f6855570 Exception <a 'java/lang/NoSuchMethodError'{0x00000000eafaf3b0}: 'java.lang.Object java.lang.invoke.DirectMethodHandle$Holder.newInvokeSpecial(java.lang.Object, long)'> (0x00000000eafaf3b0) 
thrown [s\src\hotspot\share\interpreter\linkResolver.cpp, line 759]
Event: 32.729 Thread 0x000001a2f6855570 Exception <a 'sun/nio/fs/WindowsException'{0x00000000eb03c228}> (0x00000000eb03c228) 
thrown [s\src\hotspot\share\prims\jni.cpp, line 516]
Event: 32.729 Thread 0x000001a2f6855570 Exception <a 'sun/nio/fs/WindowsException'{0x00000000eb03c4f8}> (0x00000000eb03c4f8) 
thrown [s\src\hotspot\share\prims\jni.cpp, line 516]
Event: 32.729 Thread 0x000001a2f6855570 Exception <a 'sun/nio/fs/WindowsException'{0x00000000eb03d868}> (0x00000000eb03d868) 
thrown [s\src\hotspot\share\prims\jni.cpp, line 516]
Event: 32.729 Thread 0x000001a2f6855570 Exception <a 'sun/nio/fs/WindowsException'{0x00000000eb03db38}> (0x00000000eb03db38) 
thrown [s\src\hotspot\share\prims\jni.cpp, line 516]
Event: 32.735 Thread 0x000001a2f6855570 Exception <a 'java/lang/NoSuchMethodError'{0x00000000eb0bf6c8}: 'void java.lang.invoke.DirectMethodHandle$Holder.invokeStatic(java.lang.Object, java.lang.Object, java.lang.Object, java.lang.Object, java.lang.Object, java.lang.Object, java.lang.Object)'> (0x00000000eb0bf6c8) 
thrown [s\src\hotspot\share\interpreter\linkResolver.cpp, line 759]
Event: 63.805 Thread 0x000001a2f6851dc0 Exception <a 'sun/nio/fs/WindowsException'{0x00000000eb45d5c8}> (0x00000000eb45d5c8) 
thrown [s\src\hotspot\share\prims\jni.cpp, line 516]
Event: 310.732 Thread 0x000001a2f4f4d290 Implicit null exception at 0x000001a2a3188c56 to 0x000001a2a3189a18
Event: 310.732 Thread 0x000001a2f4f4d290 Exception <a 'java/lang/NoSuchMethodError'{0x00000000eb12ef48}: static [J.<clinit>()V> (0x00000000eb12ef48) 
thrown [s\src\hotspot\share\prims\jni.cpp, line 1107]
Event: 310.735 Thread 0x000001a2f4f4d290 Exception <a 'java/lang/NoSuchMethodError'{0x00000000eb1631d0}: 'java.lang.Object java.lang.invoke.DirectMethodHandle$Holder.newInvokeSpecial(java.lang.Object, java.lang.Object, java.lang.Object, java.lang.Object, java.lang.Object, java.lang.Object, java.lang.Object, java.lang.Object)'> (0x00000000eb1631d0) 
thrown [s\src\hotspot\share\interpreter\linkResolver.cpp, line 759]
Event: 310.735 Thread 0x000001a2f4f4d290 Exception <a 'java/lang/NoSuchMethodError'{0x00000000eb167988}: 'java.lang.Object java.lang.invoke.Invokers$Holder.linkToTargetMethod(java.lang.Object, java.lang.Object, java.lang.Object, java.lang.Object, java.lang.Object, java.lang.Object, java.lang.Object, java.lang.Object)'> (0x00000000eb167988) 
thrown [s\src\hotspot\share\interpreter\linkResolver.cpp, line 759]

VM Operations (20 events):
Event: 781.879 Executing VM operation: HandshakeAllThreads done
Event: 902.057 Executing VM operation: HandshakeAllThreads
Event: 902.057 Executing VM operation: HandshakeAllThreads done
Event: 1082.564 Executing VM operation: HandshakeAllThreads
Event: 1082.564 Executing VM operation: HandshakeAllThreads done
Event: 1142.648 Executing VM operation: HandshakeAllThreads
Event: 1142.648 Executing VM operation: HandshakeAllThreads done
Event: 1202.662 Executing VM operation: HandshakeAllThreads
Event: 1202.662 Executing VM operation: HandshakeAllThreads done
Event: 1207.702 Executing VM operation: Cleanup
Event: 1207.702 Executing VM operation: Cleanup done
Event: 1262.839 Executing VM operation: HandshakeAllThreads
Event: 1262.839 Executing VM operation: HandshakeAllThreads done
Event: 1383.259 Executing VM operation: HandshakeAllThreads
Event: 1383.259 Executing VM operation: HandshakeAllThreads done
Event: 1443.469 Executing VM operation: HandshakeAllThreads
Event: 1443.469 Executing VM operation: HandshakeAllThreads done
Event: 1563.849 Executing VM operation: HandshakeAllThreads
Event: 1563.849 Executing VM operation: HandshakeAllThreads done
Event: 1620.599 Executing VM operation: ParallelGCFailedAllocation

Events (20 events):
Event: 310.715 loading class java/util/function/LongFunction
Event: 310.715 loading class java/util/function/LongFunction done
Event: 310.715 loading class java/util/stream/Nodes$ConcNode
Event: 310.715 loading class java/util/stream/Nodes$AbstractConcNode
Event: 310.715 loading class java/util/stream/Nodes$AbstractConcNode done
Event: 310.715 loading class java/util/stream/Nodes$ConcNode done
Event: 310.715 Thread 0x000001a2f6854130 Thread exited: 0x000001a2f6854130
Event: 310.721 loading class java/io/ObjectOutputStream$BlockDataOutputStream
Event: 310.721 loading class java/io/ObjectOutputStream$BlockDataOutputStream done
Event: 310.722 loading class java/io/ObjectOutputStream$HandleTable
Event: 310.722 loading class java/io/ObjectOutputStream$HandleTable done
Event: 310.722 loading class java/io/ObjectOutputStream$ReplaceTable
Event: 310.723 loading class java/io/ObjectOutputStream$ReplaceTable done
Event: 363.842 Thread 0x000001a2f60de7b0 Thread exited: 0x000001a2f60de7b0
Event: 423.843 Thread 0x000001a2f6850980 Thread exited: 0x000001a2f6850980
Event: 483.846 Thread 0x000001a2f60df6e0 Thread exited: 0x000001a2f60df6e0
Event: 543.846 Thread 0x000001a2f60dbf30 Thread exited: 0x000001a2f60dbf30
Event: 1620.534 Thread 0x000001a2f6851dc0 Thread added: 0x000001a2f6851dc0
Event: 1620.534 Thread 0x000001a2f6854640 Thread added: 0x000001a2f6854640
Event: 1620.590 Thread 0x000001a2f6855570 Thread exited: 0x000001a2f6855570


Dynamic libraries:
0x00007ff767790000 - 0x00007ff76779e000 	c:\Users\casa\AppData\Roaming\Code\User\globalStorage\pleiades.java-extension-pack-jdk\java\17\bin\java.exe
0x00007ff81bcb0000 - 0x00007ff81bec7000 	C:\WINDOWS\SYSTEM32\ntdll.dll
0x00007ff81a740000 - 0x00007ff81a804000 	C:\WINDOWS\System32\KERNEL32.DLL
0x00007ff8192e0000 - 0x00007ff819686000 	C:\WINDOWS\System32\KERNELBASE.dll
0x00007ff819700000 - 0x00007ff819811000 	C:\WINDOWS\System32\ucrtbase.dll
0x00007ffffc870000 - 0x00007ffffc887000 	c:\Users\casa\AppData\Roaming\Code\User\globalStorage\pleiades.java-extension-pack-jdk\java\17\bin\jli.dll
0x00007ffffc890000 - 0x00007ffffc8ab000 	c:\Users\casa\AppData\Roaming\Code\User\globalStorage\pleiades.java-extension-pack-jdk\java\17\bin\VCRUNTIME140.dll
0x00007ff81a370000 - 0x00007ff81a51d000 	C:\WINDOWS\System32\USER32.dll
0x00007ff8181d0000 - 0x00007ff818463000 	C:\WINDOWS\WinSxS\amd64_microsoft.windows.common-controls_6595b64144ccf1df_6.0.22621.2361_none_2712ced57382f843\COMCTL32.dll
0x00007ff8192b0000 - 0x00007ff8192d6000 	C:\WINDOWS\System32\win32u.dll
0x00007ff81ba10000 - 0x00007ff81bab7000 	C:\WINDOWS\System32\msvcrt.dll
0x00007ff81a100000 - 0x00007ff81a129000 	C:\WINDOWS\System32\GDI32.dll
0x00007ff819030000 - 0x00007ff819148000 	C:\WINDOWS\System32\gdi32full.dll
0x00007ff819210000 - 0x00007ff8192aa000 	C:\WINDOWS\System32\msvcp_win.dll
0x00007ff81a210000 - 0x00007ff81a241000 	C:\WINDOWS\System32\IMM32.DLL
0x00007ffffc860000 - 0x00007ffffc86c000 	c:\Users\casa\AppData\Roaming\Code\User\globalStorage\pleiades.java-extension-pack-jdk\java\17\bin\vcruntime140_1.dll
0x00007ffff65f0000 - 0x00007ffff667d000 	c:\Users\casa\AppData\Roaming\Code\User\globalStorage\pleiades.java-extension-pack-jdk\java\17\bin\msvcp140.dll
0x00007fffd6500000 - 0x00007fffd7161000 	c:\Users\casa\AppData\Roaming\Code\User\globalStorage\pleiades.java-extension-pack-jdk\java\17\bin\server\jvm.dll
0x00007ff81b0d0000 - 0x00007ff81b180000 	C:\WINDOWS\System32\ADVAPI32.dll
0x00007ff81bac0000 - 0x00007ff81bb66000 	C:\WINDOWS\System32\sechost.dll
0x00007ff819fe0000 - 0x00007ff81a0f7000 	C:\WINDOWS\System32\RPCRT4.dll
0x00007ff818960000 - 0x00007ff8189ad000 	C:\WINDOWS\SYSTEM32\POWRPROF.dll
0x00007ff812220000 - 0x00007ff812254000 	C:\WINDOWS\SYSTEM32\WINMM.dll
0x00007ffffc850000 - 0x00007ffffc859000 	C:\WINDOWS\SYSTEM32\WSOCK32.dll
0x00007ff8120a0000 - 0x00007ff8120aa000 	C:\WINDOWS\SYSTEM32\VERSION.dll
0x00007ff81a130000 - 0x00007ff81a1a1000 	C:\WINDOWS\System32\WS2_32.dll
0x00007ff818510000 - 0x00007ff818523000 	C:\WINDOWS\SYSTEM32\UMPDC.dll
0x00007ff817720000 - 0x00007ff817738000 	C:\WINDOWS\SYSTEM32\kernel.appcore.dll
0x00007ffff65e0000 - 0x00007ffff65ea000 	c:\Users\casa\AppData\Roaming\Code\User\globalStorage\pleiades.java-extension-pack-jdk\java\17\bin\jimage.dll
0x00007ff8189b0000 - 0x00007ff818bde000 	C:\WINDOWS\SYSTEM32\DBGHELP.DLL
0x00007ff819bd0000 - 0x00007ff819f5a000 	C:\WINDOWS\System32\combase.dll
0x00007ff81b450000 - 0x00007ff81b527000 	C:\WINDOWS\System32\OLEAUT32.dll
0x00007ff818820000 - 0x00007ff818852000 	C:\WINDOWS\SYSTEM32\dbgcore.DLL
0x00007ff819820000 - 0x00007ff81989a000 	C:\WINDOWS\System32\bcryptPrimitives.dll
0x00007ffff65a0000 - 0x00007ffff65ae000 	c:\Users\casa\AppData\Roaming\Code\User\globalStorage\pleiades.java-extension-pack-jdk\java\17\bin\instrument.dll
0x00007fffd7440000 - 0x00007fffd7465000 	c:\Users\casa\AppData\Roaming\Code\User\globalStorage\pleiades.java-extension-pack-jdk\java\17\bin\java.dll
0x00007fffd5b90000 - 0x00007fffd5c67000 	c:\Users\casa\AppData\Roaming\Code\User\globalStorage\pleiades.java-extension-pack-jdk\java\17\bin\jsvml.dll
0x00007ff81a870000 - 0x00007ff81b0c8000 	C:\WINDOWS\System32\SHELL32.dll
0x00007ff8166d0000 - 0x00007ff816fc2000 	C:\WINDOWS\SYSTEM32\windows.storage.dll
0x00007ff816560000 - 0x00007ff81669e000 	C:\WINDOWS\SYSTEM32\wintypes.dll
0x00007ff81a250000 - 0x00007ff81a343000 	C:\WINDOWS\System32\SHCORE.dll
0x00007ff81a1b0000 - 0x00007ff81a20e000 	C:\WINDOWS\System32\shlwapi.dll
0x00007ff818f60000 - 0x00007ff818f86000 	C:\WINDOWS\SYSTEM32\profapi.dll
0x00007ffff6560000 - 0x00007ffff6578000 	c:\Users\casa\AppData\Roaming\Code\User\globalStorage\pleiades.java-extension-pack-jdk\java\17\bin\zip.dll
0x00007fffd7800000 - 0x00007fffd7819000 	C:\Users\casa\AppData\Roaming\Code\User\globalStorage\pleiades.java-extension-pack-jdk\java\17\bin\net.dll
0x00007ff811cc0000 - 0x00007ff811df7000 	C:\WINDOWS\SYSTEM32\WINHTTP.dll
0x00007ff817c80000 - 0x00007ff817ce9000 	C:\WINDOWS\system32\mswsock.dll
0x00007fffd7370000 - 0x00007fffd7386000 	C:\Users\casa\AppData\Roaming\Code\User\globalStorage\pleiades.java-extension-pack-jdk\java\17\bin\nio.dll
0x00007fffdd0a0000 - 0x00007fffdd0b0000 	c:\Users\casa\AppData\Roaming\Code\User\globalStorage\pleiades.java-extension-pack-jdk\java\17\bin\verify.dll
0x00007ff801c20000 - 0x00007ff801c5e000 	C:\Users\casa\AppData\Roaming\Code\User\globalStorage\redhat.java\1.24.0\config_win\org.eclipse.equinox.launcher\org.eclipse.equinox.launcher.win32.win32.x86_64_1.2.700.v20221108-1024\eclipse_11801.dll
0x00007ff81b1b0000 - 0x00007ff81b34f000 	C:\WINDOWS\System32\ole32.dll
0x00007ff818cd0000 - 0x00007ff818ceb000 	C:\WINDOWS\SYSTEM32\CRYPTSP.dll
0x00007ff817b80000 - 0x00007ff817bb5000 	C:\WINDOWS\system32\rsaenh.dll
0x00007ff817ea0000 - 0x00007ff817ecc000 	C:\WINDOWS\SYSTEM32\USERENV.dll
0x00007ff8188f0000 - 0x00007ff818918000 	C:\WINDOWS\SYSTEM32\bcrypt.dll
0x00007ff818000000 - 0x00007ff81800c000 	C:\WINDOWS\SYSTEM32\CRYPTBASE.dll
0x00007ff817230000 - 0x00007ff81725d000 	C:\WINDOWS\SYSTEM32\IPHLPAPI.DLL
0x00007ff81b180000 - 0x00007ff81b189000 	C:\WINDOWS\System32\NSI.dll
0x00007ff80efa0000 - 0x00007ff80efb9000 	C:\WINDOWS\SYSTEM32\dhcpcsvc6.DLL
0x00007ff80ef80000 - 0x00007ff80ef9f000 	C:\WINDOWS\SYSTEM32\dhcpcsvc.DLL
0x00007ff8172a0000 - 0x00007ff817399000 	C:\WINDOWS\SYSTEM32\DNSAPI.dll
0x00007ff8131b0000 - 0x00007ff8131f5000 	C:\Users\casa\AppData\Local\Temp\jna-3046188\jna1351225384661141541.dll
0x00007ff81b580000 - 0x00007ff81b588000 	C:\WINDOWS\System32\PSAPI.DLL
0x00007ff818920000 - 0x00007ff818954000 	C:\WINDOWS\SYSTEM32\ntmarta.dll

dbghelp: loaded successfully - version: 4.0.5 - missing functions: none
symbol engine: initialized successfully - sym options: 0x614 - pdb path: .;c:\Users\casa\AppData\Roaming\Code\User\globalStorage\pleiades.java-extension-pack-jdk\java\17\bin;C:\WINDOWS\SYSTEM32;C:\WINDOWS\WinSxS\amd64_microsoft.windows.common-controls_6595b64144ccf1df_6.0.22621.2361_none_2712ced57382f843;c:\Users\casa\AppData\Roaming\Code\User\globalStorage\pleiades.java-extension-pack-jdk\java\17\bin\server;C:\Users\casa\AppData\Roaming\Code\User\globalStorage\redhat.java\1.24.0\config_win\org.eclipse.equinox.launcher\org.eclipse.equinox.launcher.win32.win32.x86_64_1.2.700.v20221108-1024;C:\Users\casa\AppData\Local\Temp\jna-3046188

VM Arguments:
jvm_args: --add-modules=ALL-SYSTEM --add-opens=java.base/java.util=ALL-UNNAMED --add-opens=java.base/java.lang=ALL-UNNAMED --add-opens=java.base/sun.nio.fs=ALL-UNNAMED -Declipse.application=org.eclipse.jdt.ls.core.id1 -Dosgi.bundles.defaultStartLevel=4 -Declipse.product=org.eclipse.jdt.ls.core.product -Djava.import.generatesMetadataFilesAtProjectRoot=false -DDetectVMInstallationsJob.disabled=true -Dfile.encoding=utf8 -XX:+UseParallelGC -XX:GCTimeRatio=4 -XX:AdaptiveSizePolicyWeight=90 -Dsun.zip.disableMemoryMapping=true -Xmx1G -Xms100m -Xlog:disable -javaagent:c:\Users\casa\.vscode\extensions\redhat.java-1.24.0-win32-x64\lombok\lombok-1.18.30.jar -XX:+HeapDumpOnOutOfMemoryError -XX:HeapDumpPath=c:\Users\casa\AppData\Roaming\Code\User\workspaceStorage\2ca1e065a12013a041ddb2075f267414\redhat.java -Daether.dependencyCollector.impl=bf 
java_command: c:\Users\casa\.vscode\extensions\redhat.java-1.24.0-win32-x64\server\plugins\org.eclipse.equinox.launcher_1.6.500.v20230717-2134.jar -configuration c:\Users\casa\AppData\Roaming\Code\User\globalStorage\redhat.java\1.24.0\config_win -data c:\Users\casa\AppData\Roaming\Code\User\workspaceStorage\2ca1e065a12013a041ddb2075f267414\redhat.java\jdt_ws --stdio
java_class_path (initial): c:\Users\casa\.vscode\extensions\redhat.java-1.24.0-win32-x64\server\plugins\org.eclipse.equinox.launcher_1.6.500.v20230717-2134.jar
Launcher Type: SUN_STANDARD

[Global flags]
    uintx AdaptiveSizePolicyWeight                 = 90                                        {product} {command line}
     intx CICompilerCount                          = 4                                         {product} {ergonomic}
    uintx GCTimeRatio                              = 4                                         {product} {command line}
     bool HeapDumpOnOutOfMemoryError               = true                                   {manageable} {command line}
    ccstr HeapDumpPath                             = c:\Users\casa\AppData\Roaming\Code\User\workspaceStorage\2ca1e065a12013a041ddb2075f267414\redhat.java         {manageable} {command line}
   size_t InitialHeapSize                          = 104857600                                 {product} {command line}
   size_t MaxHeapSize                              = 1073741824                                {product} {command line}
   size_t MaxNewSize                               = 357564416                                 {product} {ergonomic}
   size_t MinHeapDeltaBytes                        = 524288                                    {product} {ergonomic}
   size_t MinHeapSize                              = 104857600                                 {product} {command line}
   size_t NewSize                                  = 34603008                                  {product} {ergonomic}
    uintx NonNMethodCodeHeapSize                   = 5839372                                {pd product} {ergonomic}
    uintx NonProfiledCodeHeapSize                  = 122909434                              {pd product} {ergonomic}
   size_t OldSize                                  = 70254592                                  {product} {ergonomic}
    uintx ProfiledCodeHeapSize                     = 122909434                              {pd product} {ergonomic}
    uintx ReservedCodeCacheSize                    = 251658240                              {pd product} {ergonomic}
     bool SegmentedCodeCache                       = true                                      {product} {ergonomic}
   size_t SoftMaxHeapSize                          = 1073741824                             {manageable} {ergonomic}
     bool UseCompressedClassPointers               = true                           {product lp64_product} {ergonomic}
     bool UseCompressedOops                        = true                           {product lp64_product} {ergonomic}
     bool UseLargePagesIndividualAllocation        = false                                  {pd product} {ergonomic}
     bool UseParallelGC                            = true                                      {product} {command line}

Logging:
Log output configuration:
 #0: stdout all=off uptime,level,tags
 #1: stderr all=off uptime,level,tags

Environment Variables:
PATH=C:\Program Files\Common Files\Oracle\Java\javapath;C:\Program Files (x86)\Common Files\Oracle\Java\javapath;C:\ProgramData\Oracle\Java\javapath;C:\Windows\system32;C:\Windows;C:\Windows\System32\Wbem;C:\Windows\System32\WindowsPowerShell\v1.0\;C:\Windows\System32\OpenSSH\;C:\ProgramData\chocolatey\bin;C:\Program Files (x86)\NVIDIA Corporation\PhysX\Common;C:\WINDOWS\system32;C:\WINDOWS;C:\WINDOWS\System32\Wbem;C:\WINDOWS\System32\WindowsPowerShell\v1.0\;C:\WINDOWS\System32\OpenSSH\;C:\Program Files (x86)\Microsoft SQL Server\160\Tools\Binn\;C:\Program Files\Microsoft SQL Server\160\Tools\Binn\;C:\Program Files\Microsoft SQL Server\Client SDK\ODBC\170\Tools\Binn\;C:\Program Files\Microsoft SQL Server\160\DTS\Binn\;C:\Program Files (x86)\Microsoft SQL Server\160\DTS\Binn\;C:\Program Files\Git\cmd;C:\Program Files\nodejs\;C:\Program Files\MySQL\MySQL Shell 8.0\bin\;C:\Users\casa\AppData\Local\Microsoft\WindowsApps;C:\Users\casa\AppData\Roaming\npm\node_modules\@angular\cli\bin;C:\Program Files\Azure Data Studio\bin;C:\Program Files\nodejs\;C:\Users\casa\AppData\Local\Programs\Microsoft VS Code\bin;C:\Users\casa\AppData\Roaming\npm
USERNAME=casa
OS=Windows_NT
PROCESSOR_IDENTIFIER=Intel64 Family 6 Model 151 Stepping 2, GenuineIntel
TMP=C:\Users\casa\AppData\Local\Temp
TEMP=C:\Users\casa\AppData\Local\Temp



Periodic native trim disabled


---------------  S Y S T E M  ---------------

OS:
 Windows 11 , 64 bit Build 22621 (10.0.22621.2428)
OS uptime: 0 days 0:28 hours
Hyper-V role detected

CPU: total 12 (initial active 12) (6 cores per cpu, 2 threads per core) family 6 model 151 stepping 2 microcode 0x1e, cx8, cmov, fxsr, ht, mmx, 3dnowpref, sse, sse2, sse3, ssse3, sse4.1, sse4.2, popcnt, lzcnt, tsc, tscinvbit, avx, avx2, aes, erms, clmul, bmi1, bmi2, adx, sha, fma, vzeroupper, clflush, clflushopt, clwb, hv
Processor Information for all 12 processors :
  Max Mhz: 2500, Current Mhz: 2500, Mhz Limit: 2500

Memory: 4k page, system-wide physical 16225M (10777M free)
TotalPageFile size 17249M (AvailPageFile size 10445M)
current process WorkingSet (physical memory assigned to process): 311M, peak: 330M
current process commit charge ("private bytes"): 396M, peak: 406M

vm_info: OpenJDK 64-Bit Server VM (17.0.9+9) for windows-amd64 JRE (17.0.9+9), built on Oct 26 2023 14:01:42 by "admin" with MS VC++ 16.10 / 16.11 (VS2019)

END.
