#
# A fatal error has been detected by the Java Runtime Environment:
#
#  EXCEPTION_ACCESS_VIOLATION (0xc0000005) at pc=0x000002498fbfb6e0, pid=5816, tid=8284
#
# JRE version: Java(TM) SE Runtime Environment (21.0.1+12) (build 21.0.1+12-LTS-29)
# Java VM: Java HotSpot(TM) 64-Bit Server VM (21.0.1+12-LTS-29, mixed mode, sharing, tiered, compressed oops, compressed class ptrs, g1 gc, windows-amd64)
# Problematic frame:
# C  0x000002498fbfb6e0
#
# No core dump will be written. Minidumps are not enabled by default on client versions of Windows
#
# If you would like to submit a bug report, please visit:
#   https://bugreport.java.com/bugreport/crash.jsp
#

---------------  S U M M A R Y ------------

Command Line: -agentlib:jdwp=transport=dt_socket,server=n,suspend=y,address=localhost:58263 -XX:+ShowCodeDetailsInExceptionMessages -Dspring.jmx.enabled=true -Dmanagement.endpoints.jmx.exposure.include=* -Dspring.application.admin.enabled=true -Dspring.boot.project.name=backend -Djava.rmi.server.hostname=localhost com.guardias.backend.BackendApplication

Host: Intel(R) Core(TM)2 Quad CPU    Q9400  @ 2.66GHz, 4 cores, 6G,  Windows 10 , 64 bit Build 19041 (10.0.19041.3636)
Time: Fri Apr  5 18:59:43 2024 Hora estándar de Argentina elapsed time: 31.226207 seconds (0d 0h 0m 31s)

---------------  T H R E A D  ---------------

Current thread (0x00000249fe4c0fa0):  JavaThread "HikariPool-1 connection adder" daemon [_thread_in_Java, id=8284, stack(0x0000009df0e00000,0x0000009df0f00000) (1024K)]

Stack: [0x0000009df0e00000,0x0000009df0f00000],  sp=0x0000009df0efeed0,  free space=1019k
Native frames: (J=compiled Java code, j=interpreted, Vv=VM code, C=native code)
C  0x000002498fbfb6e0


siginfo: EXCEPTION_ACCESS_VIOLATION (0xc0000005), data execution prevention violation at address 0x000002498fbfb6e0


Registers:
RAX=0x000002498f00cd80, RBX=0x000002498fbfb648, RCX=0x000000009389f7f8, RDX=0x0000000000000000
RSP=0x0000009df0efeed0, RBP=0x0000009df0efef28, RSI=0x0000000000000000, RDI=0x0000000000000003
R8 =0x0000000000000023, R9 =0x000000007ffe3000, R10=0x000002498f000000, R11=0x0000007d85abbc76
R12=0x0000000000000000, R13=0x0000009df0efeed8, R14=0x0000000000000000, R15=0x00000249fe4c0fa0
RIP=0x000002498fbfb6e0, EFLAGS=0x0000000000010246


Register to memory mapping:

RAX=0x000002498f00cd80 is a pointer to class: 
java.util.Properties {0x000002498f00cd88}
 - instance size:     7
 - klass size:        139
 - access:            public synchronized 
 - flags:             rewritten has_nonstatic_fields has_nonstatic_concrete_methods is_shared_boot_class has_localvariable_table 
 - state:             fully_initialized
 - name:              'java/util/Properties'
 - super:             'java/util/Hashtable'
 - sub:               'java/security/Provider'   'org/springframework/beans/factory/support/ManagedProperties'   'org/springframework/core/SortedProperties'   
 - arrays:            'java/util/Properties'[]
 - methods:           Array<T>(0x000002498f624070)
 - method ordering:   Array<T>(0x000002498f624268)
 - default_methods:   Array<T>(0x0000000000000000)
 - local interfaces:  Array<T>(0x000002498f613728)
 - trans. interfaces: Array<T>(0x000002498f622a40)
 - constants:         constant pool [690] {0x000002498f622a68} for 'java/util/Properties' cache=0x000002498f460c98
 - class loader data:  loader data: 0x00000249fe323fd0 of 'bootstrap'
 - source file:       'Properties.java'
 - class annotations:       Array<T>(0x0000000000000000)
 - class type annotations:  Array<T>(0x0000000000000000)
 - field annotations:       Array<T>(0x0000000000000000)
 - field type annotations:  Array<T>(0x0000000000000000)
 - generic signature: 'Ljava/util/Hashtable<Ljava/lang/Object;Ljava/lang/Object;>;'
 - inner classes:     Array<T>(0x000002498f624038)
 - nest members:     Array<T>(0x000002498f624390)
 - permitted subclasses:     Array<T>(0x000002498f6136b0)
 - java mirror:       a 'java/lang/Class'{0x000000009048f0e0} = 'java/util/Properties'
 - vtable length      52  (start addr: 0x000002498f00cf48)
 - itable length      29 (start addr: 0x000002498f00d0e8)
 - ---- static fields (2 words):
 - private static final 'serialVersionUID' 'J' @120 
 - private static final 'UNSAFE' 'Ljdk/internal/misc/Unsafe;' @112 
 - ---- non-static fields (10 words):
 - private transient 'count' 'I' @12 
 - private 'threshold' 'I' @16 
 - private 'loadFactor' 'F' @20 
 - private transient 'modCount' 'I' @24 
 - private transient 'table' '[Ljava/util/Hashtable$Entry;' @28 
 - private volatile transient 'keySet' 'Ljava/util/Set;' @32 
 - private volatile transient 'entrySet' 'Ljava/util/Set;' @36 
 - private volatile transient 'values' 'Ljava/util/Collection;' @40 
 - protected volatile 'defaults' 'Ljava/util/Properties;' @44 
 - private volatile transient 'map' 'Ljava/util/concurrent/ConcurrentHashMap;' @48 
 - non-static oop maps: 28-48 
RBX=0x000002498fbfb648 is pointing into metadata
RCX=0x000000009389f7f8 is an oop: java.util.Properties 
{0x000000009389f7f8} - klass: 'java/util/Properties'
 - ---- fields (total size 7 words):
 - private transient 'count' 'I' @12  0 (0x00000000)
 - private 'threshold' 'I' @16  0 (0x00000000)
 - private 'loadFactor' 'F' @20  0.000000 (0x00000000)
 - private transient 'modCount' 'I' @24  0 (0x00000000)
 - private transient 'table' '[Ljava/util/Hashtable$Entry;' @28  null (0x00000000)
 - private volatile transient 'keySet' 'Ljava/util/Set;' @32  null (0x00000000)
 - private volatile transient 'entrySet' 'Ljava/util/Set;' @36  null (0x00000000)
 - private volatile transient 'values' 'Ljava/util/Collection;' @40  null (0x00000000)
 - protected volatile 'defaults' 'Ljava/util/Properties;' @44  null (0x00000000)
 - private volatile transient 'map' 'Ljava/util/concurrent/ConcurrentHashMap;' @48  a 'java/util/concurrent/ConcurrentHashMap'{0x000000009389f830} (0x9389f830)
RDX=0x0 is null
RSP=0x0000009df0efeed0 is pointing into the stack for thread: 0x00000249fe4c0fa0
RBP=0x0000009df0efef28 is pointing into the stack for thread: 0x00000249fe4c0fa0
RSI=0x0 is null
RDI=0x0000000000000003 is an unknown value
R8 =0x0000000000000023 is an unknown value
R9 =0x000000007ffe3000 points into unknown readable memory: 0x00000000546c6148 | 48 61 6c 54 00 00 00 00
R10=0x000002498f000000 is pointing into metadata
R11=0x0000007d85abbc76 is an unknown value
R12=0x0 is null
R13=0x0000009df0efeed8 is pointing into the stack for thread: 0x00000249fe4c0fa0
R14=0x0 is null
R15=0x00000249fe4c0fa0 is a thread

Top of Stack: (sp=0x0000009df0efeed0)
0x0000009df0efeed0:   000002498753969f 000000009389f7f8
0x0000009df0efeee0:   0000009df0efeee0 00000249d2485eac
0x0000009df0efeef0:   0000000000000005 00000249d2486668
0x0000009df0efef00:   0000000000000000 000000009389f480
0x0000009df0efef10:   00000249d2485f30 0000009df0efeed8
0x0000009df0efef20:   0000009df0efef40 0000009df0efefa0
0x0000009df0efef30:   000002498753a3bf 0000000000000000
0x0000009df0efef40:   000000009070ef38 000000009070f588
0x0000009df0efef50:   000000009389f7e0 0000009df0efef58
0x0000009df0efef60:   00000249d15d5509 0000000000000009
0x0000009df0efef70:   00000249d2480058 0000000000000000
0x0000009df0efef80:   0000000091fcff08 00000249d1e7e588
0x0000009df0efef90:   0000009df0efef40 0000009df0efefe8
0x0000009df0efefa0:   0000009df0eff048 000002498753969f
0x0000009df0efefb0:   0000000000000000 0000000000000000
0x0000009df0efefc0:   000000009070ef38 000000009070f588
0x0000009df0efefd0:   0000000000000000 00004244910898ec
0x0000009df0efefe0:   0000000000000000 0000000093898748
0x0000009df0efeff0:   0000000092970090 0000000092970090
0x0000009df0eff000:   0000009df0eff000 00000249d1e7e2ad
0x0000009df0eff010:   0000000000000002 00000249d2480058
0x0000009df0eff020:   0000000000000000 0000000091fcff08
0x0000009df0eff030:   00000249d1e7e2d8 0000009df0efefe8
0x0000009df0eff040:   0000009df0eff058 0000009df0eff0a8
0x0000009df0eff050:   000002498753969f 0000000093898748
0x0000009df0eff060:   0000009df0eff060 00000249d15a4f79
0x0000009df0eff070:   000000000000000b 00000249d2482ef8
0x0000009df0eff080:   0000000000000000 0000000091f98df0
0x0000009df0eff090:   00000249d1e777e0 0000009df0eff058
0x0000009df0eff0a0:   0000009df0eff100 0000009df0eff150
0x0000009df0eff0b0:   000002498753969f 0000000000000000
0x0000009df0eff0c0:   0000000000000000 0000000000000000 

Instructions: (pc=0x000002498fbfb6e0)
0x000002498fbfb5e0:   ff 01 02 00 e0 00 0a 00 00 02 02 00 e3 00 0a 00
0x000002498fbfb5f0:   01 02 02 00 2c 01 25 01 02 02 09 04 52 01 0a 00
0x000002498fbfb600:   03 02 1a 00 00 00 00 00 00 00 00 00 00 00 00 00
0x000002498fbfb610:   03 00 00 00 01 01 00 00 00 00 00 00 00 00 00 00
0x000002498fbfb620:   08 00 00 00 00 00 00 00 07 00 00 00 01 00 00 00
0x000002498fbfb630:   05 00 00 00 06 00 00 00 02 00 00 00 04 00 00 00
0x000002498fbfb640:   03 00 00 00 00 00 00 00 08 00 00 00 00 00 00 00
0x000002498fbfb650:   48 3d 46 8f 49 02 00 00 40 3e 46 8f 49 02 00 00
0x000002498fbfb660:   98 3e 46 8f 49 02 00 00 f0 3e 46 8f 49 02 00 00
0x000002498fbfb670:   48 3f 46 8f 49 02 00 00 a0 3f 46 8f 49 02 00 00
0x000002498fbfb680:   f8 3f 46 8f 49 02 00 00 50 40 46 8f 49 02 00 00
0x000002498fbfb690:   1c 00 00 00 00 00 00 00 e0 b6 bf 8f 49 02 00 00
0x000002498fbfb6a0:   00 00 00 00 00 00 00 00 0a 00 00 00 05 00 00 00
0x000002498fbfb6b0:   0e 00 05 00 05 00 06 00 00 00 01 00 01 00 01 00
0x000002498fbfb6c0:   00 00 00 00 00 00 00 00 ec b7 00 00 b1 ff 01 73
0x000002498fbfb6d0:   21 00 00 00 05 00 0c 00 0d 00 0f 00 00 00 01 00
0x000002498fbfb6e0:   60 00 00 8f 49 02 00 00 a0 3d 46 8f 49 02 00 00
0x000002498fbfb6f0:   d0 3d 46 8f 49 02 00 00 e0 d1 00 8f 49 02 00 00
0x000002498fbfb700:   00 00 00 00 00 00 00 00 28 3e 46 8f 49 02 00 00
0x000002498fbfb710:   41 00 00 00 21 00 23 00 06 00 00 00 24 00 00 00
0x000002498fbfb720:   00 00 00 00 00 00 00 00 00 00 00 00 00 00 00 00
0x000002498fbfb730:   02 00 03 00 00 00 00 00 00 00 04 00 00 00 00 00
0x000002498fbfb740:   05 00 06 00 00 00 00 00 90 00 48 8f 49 02 00 00
0x000002498fbfb750:   28 3c 48 8f 49 02 00 00 78 66 48 8f 49 02 00 00
0x000002498fbfb760:   01 00 08 00 00 00 00 00 c8 49 4a 8f 49 02 00 00
0x000002498fbfb770:   60 0f 48 8f 49 02 00 00 80 0f 48 8f 49 02 00 00
0x000002498fbfb780:   98 0f 48 8f 49 02 00 00 20 aa 48 8f 49 02 00 00
0x000002498fbfb790:   50 6a 4a 8f 49 02 00 00 b0 0f 48 8f 49 02 00 00
0x000002498fbfb7a0:   70 6a 4a 8f 49 02 00 00 f8 3e 48 8f 49 02 00 00
0x000002498fbfb7b0:   c8 66 48 8f 49 02 00 00 48 c0 48 8f 49 02 00 00
0x000002498fbfb7c0:   88 66 48 8f 49 02 00 00 98 37 4a 8f 49 02 00 00
0x000002498fbfb7d0:   58 61 49 8f 49 02 00 00 40 10 48 8f 49 02 00 00 


Stack slot to memory mapping:

stack at sp + 0 slots: 0x000002498753969f is at code_begin+4639 in an Interpreter codelet
return entry points  [0x0000024987538480, 0x000002498753a550]  8400 bytes
stack at sp + 1 slots: 0x000000009389f7f8 is an oop: java.util.Properties 
{0x000000009389f7f8} - klass: 'java/util/Properties'
 - ---- fields (total size 7 words):
 - private transient 'count' 'I' @12  0 (0x00000000)
 - private 'threshold' 'I' @16  0 (0x00000000)
 - private 'loadFactor' 'F' @20  0.000000 (0x00000000)
 - private transient 'modCount' 'I' @24  0 (0x00000000)
 - private transient 'table' '[Ljava/util/Hashtable$Entry;' @28  null (0x00000000)
 - private volatile transient 'keySet' 'Ljava/util/Set;' @32  null (0x00000000)
 - private volatile transient 'entrySet' 'Ljava/util/Set;' @36  null (0x00000000)
 - private volatile transient 'values' 'Ljava/util/Collection;' @40  null (0x00000000)
 - protected volatile 'defaults' 'Ljava/util/Properties;' @44  null (0x00000000)
 - private volatile transient 'map' 'Ljava/util/concurrent/ConcurrentHashMap;' @48  a 'java/util/concurrent/ConcurrentHashMap'{0x000000009389f830} (0x9389f830)
stack at sp + 2 slots: 0x0000009df0efeee0 is pointing into the stack for thread: 0x00000249fe4c0fa0
stack at sp + 3 slots: 0x00000249d2485eac is pointing into metadata
stack at sp + 4 slots: 0x0000000000000005 is an unknown value
stack at sp + 5 slots: 0x00000249d2486668 is pointing into metadata
stack at sp + 6 slots: 0x0 is null
stack at sp + 7 slots: 0x000000009389f480 is an oop: java.lang.Class 
{0x000000009389f480} - klass: 'java/lang/Class'
 - ---- fields (total size 16 words):
 - private volatile transient 'classRedefinedCount' 'I' @12  0 (0x00000000)
 - injected 'klass' 'J' @16  2514977806448 (0x00000249905bd870)
 - injected 'array_klass' 'J' @24  0 (0x0000000000000000)
 - injected 'oop_size' 'I' @32  16 (0x00000010)
 - injected 'static_oop_field_count' 'I' @36  3 (0x00000003)
 - private volatile transient 'cachedConstructor' 'Ljava/lang/reflect/Constructor;' @40  null (0x00000000)
 - private transient 'name' 'Ljava/lang/String;' @44  "com.zaxxer.hikari.util.DriverDataSource"{0x000000009389f500} (0x9389f500)
 - private transient 'module' 'Ljava/lang/Module;' @48  a 'java/lang/Module'{0x00000000904f37e0} (0x904f37e0)
 - private final 'classLoader' 'Ljava/lang/ClassLoader;' @52  a 'jdk/internal/loader/ClassLoaders$AppClassLoader'{0x00000000904e5a80} (0x904e5a80)
 - private transient 'classData' 'Ljava/lang/Object;' @56  null (0x00000000)
 - private transient 'packageName' 'Ljava/lang/String;' @60  "com.zaxxer.hikari.util"{0x0000000091fcf380} (0x91fcf380)
 - private final 'componentType' 'Ljava/lang/Class;' @64  null (0x00000000)
 - private volatile transient 'reflectionData' 'Ljava/lang/ref/SoftReference;' @68  null (0x00000000)
 - private volatile transient 'genericInfo' 'Lsun/reflect/generics/repository/ClassRepository;' @72  null (0x00000000)
 - private volatile transient 'enumConstants' '[Ljava/lang/Object;' @76  null (0x00000000)
 - private volatile transient 'enumConstantDirectory' 'Ljava/util/Map;' @80  null (0x00000000)
 - private volatile transient 'annotationData' 'Ljava/lang/Class$AnnotationData;' @84  null (0x00000000)
 - private volatile transient 'annotationType' 'Lsun/reflect/annotation/AnnotationType;' @88  null (0x00000000)
 - transient 'classValueMap' 'Ljava/lang/ClassValue$ClassValueMap;' @92  null (0x00000000)
 - injected 'protection_domain' 'Ljava/lang/Object;' @96  a 'java/security/ProtectionDomain'{0x000000009077a650} (0x9077a650)
 - injected 'signers_name' 'Ljava/lang/Object;' @100  null (0x00000000)
 - injected 'source_file' 'Ljava/lang/Object;' @104  null (0x00000000)
 - signature: Lcom/zaxxer/hikari/util/DriverDataSource;
 - ---- static fields (3):
 - private static final 'LOGGER' 'Lorg/slf4j/Logger;' @112  a 'ch/qos/logback/classic/Logger'{0x000000009389f778} (0x9389f778)
 - private static final 'PASSWORD' 'Ljava/lang/String;' @116  "password"{0x000000009077a4b0} (0x9077a4b0)
 - private static final 'USER' 'Ljava/lang/String;' @120  "user"{0x00000000903a8cc8} (0x903a8cc8)


---------------  P R O C E S S  ---------------

Threads class SMR info:
_java_thread_list=0x00000249d7a05b10, length=15, elements={
0x00000249f18a04e0, 0x00000249fe4b2670, 0x00000249fe4b3ba0, 0x00000249fe4b8e20,
0x00000249fe4b9880, 0x00000249fe4bc2f0, 0x00000249fe4c1630, 0x00000249fe4c4d80,
0x00000249fe4c7c40, 0x00000249fe74dc70, 0x00000249fe4c0280, 0x00000249fe4c2350,
0x00000249fe4c1cc0, 0x00000249fe4c0910, 0x00000249fe4c0fa0
}

Java Threads: ( => current thread )
  0x00000249f18a04e0 JavaThread "main"                              [_thread_blocked, id=10704, stack(0x0000009defb00000,0x0000009defc00000) (1024K)]
  0x00000249fe4b2670 JavaThread "Reference Handler"          daemon [_thread_blocked, id=2996, stack(0x0000009df0300000,0x0000009df0400000) (1024K)]
  0x00000249fe4b3ba0 JavaThread "Finalizer"                  daemon [_thread_blocked, id=3588, stack(0x0000009df0400000,0x0000009df0500000) (1024K)]
  0x00000249fe4b8e20 JavaThread "Signal Dispatcher"          daemon [_thread_blocked, id=3304, stack(0x0000009df0500000,0x0000009df0600000) (1024K)]
  0x00000249fe4b9880 JavaThread "Attach Listener"            daemon [_thread_blocked, id=7480, stack(0x0000009df0600000,0x0000009df0700000) (1024K)]
  0x00000249fe4bc2f0 JavaThread "Service Thread"             daemon [_thread_blocked, id=3228, stack(0x0000009df0700000,0x0000009df0800000) (1024K)]
  0x00000249fe4c1630 JavaThread "Monitor Deflation Thread"   daemon [_thread_blocked, id=8568, stack(0x0000009df0800000,0x0000009df0900000) (1024K)]
  0x00000249fe4c4d80 JavaThread "C2 CompilerThread0"         daemon [_thread_blocked, id=5840, stack(0x0000009df0900000,0x0000009df0a00000) (1024K)]
  0x00000249fe4c7c40 JavaThread "C1 CompilerThread0"         daemon [_thread_blocked, id=3112, stack(0x0000009df0a00000,0x0000009df0b00000) (1024K)]
  0x00000249fe74dc70 JavaThread "JDWP Event Helper Thread"   daemon [_thread_blocked, id=1928, stack(0x0000009df0c00000,0x0000009df0d00000) (1024K)]
  0x00000249fe4c0280 JavaThread "Notification Thread"        daemon [_thread_blocked, id=5060, stack(0x0000009df0d00000,0x0000009df0e00000) (1024K)]
  0x00000249fe4c2350 JavaThread "Common-Cleaner"             daemon [_thread_blocked, id=11020, stack(0x0000009df0b00000,0x0000009df0c00000) (1024K)]
  0x00000249fe4c1cc0 JavaThread "mssql-jdbc-shared-timer-core-0" daemon [_thread_blocked, id=8368, stack(0x0000009df1400000,0x0000009df1500000) (1024K)]
  0x00000249fe4c0910 JavaThread "HikariPool-1 housekeeper"   daemon [_thread_blocked, id=10396, stack(0x0000009df1600000,0x0000009df1700000) (1024K)]
=>0x00000249fe4c0fa0 JavaThread "HikariPool-1 connection adder" daemon [_thread_in_Java, id=8284, stack(0x0000009df0e00000,0x0000009df0f00000) (1024K)]
Total: 15

Other Threads:
  0x00000249ef7ca220 VMThread "VM Thread"                           [id=9236, stack(0x0000009df0200000,0x0000009df0300000) (1024K)] _threads_hazard_ptr=0x00000249d7a05b10
  0x00000249fe475370 WatcherThread "VM Periodic Task Thread"        [id=10204, stack(0x0000009df0100000,0x0000009df0200000) (1024K)]
  0x00000249ef7c9e80 WorkerThread "GC Thread#0"                     [id=7400, stack(0x0000009defc00000,0x0000009defd00000) (1024K)]
  0x00000249ef7c9ae0 WorkerThread "GC Thread#1"                     [id=10620, stack(0x0000009df0f00000,0x0000009df1000000) (1024K)]
  0x00000249ff28a810 WorkerThread "GC Thread#2"                     [id=4132, stack(0x0000009df1000000,0x0000009df1100000) (1024K)]
  0x00000249ff28abb0 WorkerThread "GC Thread#3"                     [id=10096, stack(0x0000009df1100000,0x0000009df1200000) (1024K)]
  0x00000249f1908aa0 ConcurrentGCThread "G1 Main Marker"            [id=5800, stack(0x0000009defd00000,0x0000009defe00000) (1024K)]
  0x00000249ef7c9740 WorkerThread "G1 Conc#0"                       [id=10284, stack(0x0000009defe00000,0x0000009deff00000) (1024K)]
  0x00000249f195e430 ConcurrentGCThread "G1 Refine#0"               [id=5648, stack(0x0000009deff00000,0x0000009df0000000) (1024K)]
  0x00000249ef7f2c70 ConcurrentGCThread "G1 Service"                [id=3348, stack(0x0000009df0000000,0x0000009df0100000) (1024K)]
Total: 10

Threads with active compile tasks:
Total: 0

VM state: synchronizing (normal execution)

VM Mutex/Monitor currently owned by a thread:  ([mutex/lock_event])
[0x00007ffd29aea5f8] Threads_lock - owner thread: 0x00000249ef7ca220

Heap address: 0x0000000090000000, size: 1792 MB, Compressed Oops mode: 32-bit

CDS archive(s) mapped at: [0x000002498f000000-0x000002498fc90000-0x000002498fc90000), size 13172736, SharedBaseAddress: 0x000002498f000000, ArchiveRelocationMode: 1.
Compressed class space mapped at: 0x0000024990000000-0x00000249d0000000, reserved size: 1073741824
Narrow klass base: 0x000002498f000000, Narrow klass shift: 0, Narrow klass range: 0x100000000

GC Precious Log:
 CardTable entry size: 512
 Card Set container configuration: InlinePtr #cards 5 size 8 Array Of Cards #cards 12 size 40 Howl #buckets 4 coarsen threshold 1843 Howl Bitmap #cards 512 size 80 coarsen threshold 460 Card regions per heap region 1 cards per card region 2048
 CPUs: 4 total, 4 available
 Memory: 7167M
 Large Page Support: Disabled
 NUMA Support: Disabled
 Compressed Oops: Enabled (32-bit)
 Heap Region Size: 1M
 Heap Min Capacity: 8M
 Heap Initial Capacity: 112M
 Heap Max Capacity: 1792M
 Pre-touch: Disabled
 Parallel Workers: 4
 Concurrent Workers: 1
 Concurrent Refinement Workers: 4
 Periodic GC: Disabled

Heap:
 garbage-first heap   total 58368K, used 45937K [0x0000000090000000, 0x0000000100000000)
  region size 1024K, 22 young (22528K), 2 survivors (2048K)
 Metaspace       used 48786K, committed 49408K, reserved 1114112K
  class space    used 6214K, committed 6528K, reserved 1048576K

Heap Regions: E=young(eden), S=young(survivor), O=old, HS=humongous(starts), HC=humongous(continues), CS=collection set, F=free, TAMS=top-at-mark-start, PB=parsable bottom
|   0|0x0000000090000000, 0x0000000090100000, 0x0000000090100000|100%|HS|  |TAMS 0x0000000090000000| PB 0x0000000090000000| Complete 
|   1|0x0000000090100000, 0x0000000090200000, 0x0000000090200000|100%| O|  |TAMS 0x0000000090100000| PB 0x0000000090100000| Untracked 
|   2|0x0000000090200000, 0x0000000090300000, 0x0000000090300000|100%| O|  |TAMS 0x0000000090200000| PB 0x0000000090200000| Untracked 
|   3|0x0000000090300000, 0x0000000090400000, 0x0000000090400000|100%| O|  |TAMS 0x0000000090300000| PB 0x0000000090300000| Untracked 
|   4|0x0000000090400000, 0x0000000090500000, 0x0000000090500000|100%| O|  |TAMS 0x0000000090400000| PB 0x0000000090400000| Untracked 
|   5|0x0000000090500000, 0x0000000090600000, 0x0000000090600000|100%| O|  |TAMS 0x0000000090500000| PB 0x0000000090500000| Untracked 
|   6|0x0000000090600000, 0x0000000090700000, 0x0000000090700000|100%| O|  |TAMS 0x0000000090600000| PB 0x0000000090600000| Untracked 
|   7|0x0000000090700000, 0x0000000090800000, 0x0000000090800000|100%| O|  |TAMS 0x0000000090700000| PB 0x0000000090700000| Untracked 
|   8|0x0000000090800000, 0x0000000090900000, 0x0000000090900000|100%| O|  |TAMS 0x0000000090800000| PB 0x0000000090800000| Untracked 
|   9|0x0000000090900000, 0x0000000090a00000, 0x0000000090a00000|100%| O|  |TAMS 0x0000000090900000| PB 0x0000000090900000| Untracked 
|  10|0x0000000090a00000, 0x0000000090b00000, 0x0000000090b00000|100%| O|  |TAMS 0x0000000090a00000| PB 0x0000000090a00000| Untracked 
|  11|0x0000000090b00000, 0x0000000090c00000, 0x0000000090c00000|100%| O|  |TAMS 0x0000000090b00000| PB 0x0000000090b00000| Untracked 
|  12|0x0000000090c00000, 0x0000000090d00000, 0x0000000090d00000|100%| O|  |TAMS 0x0000000090c00000| PB 0x0000000090c00000| Untracked 
|  13|0x0000000090d00000, 0x0000000090e00000, 0x0000000090e00000|100%| O|  |TAMS 0x0000000090d00000| PB 0x0000000090d00000| Untracked 
|  14|0x0000000090e00000, 0x0000000090f00000, 0x0000000090f00000|100%| O|Cm|TAMS 0x0000000090e00000| PB 0x0000000090e00000| Complete 
|  15|0x0000000090f00000, 0x0000000091000000, 0x0000000091000000|100%| O|  |TAMS 0x0000000090f00000| PB 0x0000000090f00000| Untracked 
|  16|0x0000000091000000, 0x0000000091100000, 0x0000000091100000|100%| O|  |TAMS 0x0000000091000000| PB 0x0000000091000000| Untracked 
|  17|0x0000000091100000, 0x0000000091200000, 0x0000000091200000|100%| O|  |TAMS 0x0000000091100000| PB 0x0000000091100000| Untracked 
|  18|0x0000000091200000, 0x0000000091300000, 0x0000000091300000|100%| O|  |TAMS 0x0000000091200000| PB 0x0000000091200000| Untracked 
|  19|0x0000000091300000, 0x0000000091400000, 0x0000000091400000|100%| O|  |TAMS 0x0000000091300000| PB 0x0000000091300000| Untracked 
|  20|0x0000000091400000, 0x0000000091500000, 0x0000000091500000|100%| O|  |TAMS 0x0000000091400000| PB 0x0000000091400000| Untracked 
|  21|0x0000000091500000, 0x0000000091600000, 0x0000000091600000|100%| O|  |TAMS 0x0000000091500000| PB 0x0000000091500000| Untracked 
|  22|0x0000000091600000, 0x0000000091700000, 0x0000000091700000|100%| O|  |TAMS 0x0000000091600000| PB 0x0000000091600000| Untracked 
|  23|0x0000000091700000, 0x000000009175b308, 0x0000000091800000| 35%| O|  |TAMS 0x0000000091700000| PB 0x0000000091700000| Untracked 
|  24|0x0000000091800000, 0x0000000091800000, 0x0000000091900000|  0%| F|  |TAMS 0x0000000091800000| PB 0x0000000091800000| Untracked 
|  25|0x0000000091900000, 0x0000000091900000, 0x0000000091a00000|  0%| F|  |TAMS 0x0000000091900000| PB 0x0000000091900000| Untracked 
|  26|0x0000000091a00000, 0x0000000091b00000, 0x0000000091b00000|100%| O|  |TAMS 0x0000000091a00000| PB 0x0000000091a00000| Untracked 
|  27|0x0000000091b00000, 0x0000000091b00000, 0x0000000091c00000|  0%| F|  |TAMS 0x0000000091b00000| PB 0x0000000091b00000| Untracked 
|  28|0x0000000091c00000, 0x0000000091c00000, 0x0000000091d00000|  0%| F|  |TAMS 0x0000000091c00000| PB 0x0000000091c00000| Untracked 
|  29|0x0000000091d00000, 0x0000000091d00000, 0x0000000091e00000|  0%| F|  |TAMS 0x0000000091d00000| PB 0x0000000091d00000| Untracked 
|  30|0x0000000091e00000, 0x0000000091e81300, 0x0000000091f00000| 50%| S|CS|TAMS 0x0000000091e00000| PB 0x0000000091e00000| Complete 
|  31|0x0000000091f00000, 0x0000000092000000, 0x0000000092000000|100%| S|CS|TAMS 0x0000000091f00000| PB 0x0000000091f00000| Complete 
|  32|0x0000000092000000, 0x0000000092000000, 0x0000000092100000|  0%| F|  |TAMS 0x0000000092000000| PB 0x0000000092000000| Untracked 
|  33|0x0000000092100000, 0x0000000092100000, 0x0000000092200000|  0%| F|  |TAMS 0x0000000092100000| PB 0x0000000092100000| Untracked 
|  34|0x0000000092200000, 0x0000000092200000, 0x0000000092300000|  0%| F|  |TAMS 0x0000000092200000| PB 0x0000000092200000| Untracked 
|  35|0x0000000092300000, 0x0000000092300000, 0x0000000092400000|  0%| F|  |TAMS 0x0000000092300000| PB 0x0000000092300000| Untracked 
|  36|0x0000000092400000, 0x0000000092400000, 0x0000000092500000|  0%| F|  |TAMS 0x0000000092400000| PB 0x0000000092400000| Untracked 
|  37|0x0000000092500000, 0x00000000925792c8, 0x0000000092600000| 47%| E|  |TAMS 0x0000000092500000| PB 0x0000000092500000| Complete 
|  38|0x0000000092600000, 0x0000000092700000, 0x0000000092700000|100%| E|CS|TAMS 0x0000000092600000| PB 0x0000000092600000| Complete 
|  39|0x0000000092700000, 0x0000000092800000, 0x0000000092800000|100%| E|CS|TAMS 0x0000000092700000| PB 0x0000000092700000| Complete 
|  40|0x0000000092800000, 0x0000000092900000, 0x0000000092900000|100%| E|CS|TAMS 0x0000000092800000| PB 0x0000000092800000| Complete 
|  41|0x0000000092900000, 0x0000000092a00000, 0x0000000092a00000|100%| E|CS|TAMS 0x0000000092900000| PB 0x0000000092900000| Complete 
|  42|0x0000000092a00000, 0x0000000092b00000, 0x0000000092b00000|100%| E|CS|TAMS 0x0000000092a00000| PB 0x0000000092a00000| Complete 
|  43|0x0000000092b00000, 0x0000000092c00000, 0x0000000092c00000|100%| E|CS|TAMS 0x0000000092b00000| PB 0x0000000092b00000| Complete 
|  44|0x0000000092c00000, 0x0000000092d00000, 0x0000000092d00000|100%| E|CS|TAMS 0x0000000092c00000| PB 0x0000000092c00000| Complete 
|  45|0x0000000092d00000, 0x0000000092e00000, 0x0000000092e00000|100%| E|CS|TAMS 0x0000000092d00000| PB 0x0000000092d00000| Complete 
|  46|0x0000000092e00000, 0x0000000092f00000, 0x0000000092f00000|100%| E|CS|TAMS 0x0000000092e00000| PB 0x0000000092e00000| Complete 
|  52|0x0000000093400000, 0x0000000093500000, 0x0000000093500000|100%| E|CS|TAMS 0x0000000093400000| PB 0x0000000093400000| Complete 
|  53|0x0000000093500000, 0x0000000093600000, 0x0000000093600000|100%| E|CS|TAMS 0x0000000093500000| PB 0x0000000093500000| Complete 
|  54|0x0000000093600000, 0x0000000093700000, 0x0000000093700000|100%| E|CS|TAMS 0x0000000093600000| PB 0x0000000093600000| Complete 
|  55|0x0000000093700000, 0x0000000093800000, 0x0000000093800000|100%| E|CS|TAMS 0x0000000093700000| PB 0x0000000093700000| Complete 
|  56|0x0000000093800000, 0x0000000093900000, 0x0000000093900000|100%| E|CS|TAMS 0x0000000093800000| PB 0x0000000093800000| Complete 
|  57|0x0000000093900000, 0x0000000093a00000, 0x0000000093a00000|100%| E|CS|TAMS 0x0000000093900000| PB 0x0000000093900000| Complete 
|  58|0x0000000093a00000, 0x0000000093b00000, 0x0000000093b00000|100%| E|CS|TAMS 0x0000000093a00000| PB 0x0000000093a00000| Complete 
|  59|0x0000000093b00000, 0x0000000093c00000, 0x0000000093c00000|100%| E|CS|TAMS 0x0000000093b00000| PB 0x0000000093b00000| Complete 
|  60|0x0000000093c00000, 0x0000000093d00000, 0x0000000093d00000|100%| E|CS|TAMS 0x0000000093c00000| PB 0x0000000093c00000| Complete 
| 111|0x0000000096f00000, 0x0000000097000000, 0x0000000097000000|100%| E|CS|TAMS 0x0000000096f00000| PB 0x0000000096f00000| Complete 

Card table byte_map: [0x00000249fa070000,0x00000249fa3f0000] _byte_map_base: 0x00000249f9bf0000

Marking Bits: (CMBitMap*) 0x00000249f18fa010
 Bits: [0x00000249fa3f0000, 0x00000249fbff0000)

Polling page: 0x00000249ef750000

Metaspace:

Usage:
  Non-class:     41.57 MB used.
      Class:      6.07 MB used.
       Both:     47.64 MB used.

Virtual space:
  Non-class space:       64.00 MB reserved,      41.88 MB ( 65%) committed,  1 nodes.
      Class space:        1.00 GB reserved,       6.38 MB ( <1%) committed,  1 nodes.
             Both:        1.06 GB reserved,      48.25 MB (  4%) committed. 

Chunk freelists:
   Non-Class:  5.20 MB
       Class:  9.48 MB
        Both:  14.69 MB

MaxMetaspaceSize: unlimited
CompressedClassSpaceSize: 1.00 GB
Initial GC threshold: 21.00 MB
Current GC threshold: 58.69 MB
CDS: on
 - commit_granule_bytes: 65536.
 - commit_granule_words: 8192.
 - virtual_space_node_default_size: 8388608.
 - enlarge_chunks_in_place: 1.
 - use_allocation_guard: 0.


Internal statistics:

num_allocs_failed_limit: 6.
num_arena_births: 796.
num_arena_deaths: 0.
num_vsnodes_births: 2.
num_vsnodes_deaths: 0.
num_space_committed: 772.
num_space_uncommitted: 0.
num_chunks_returned_to_freelist: 6.
num_chunks_taken_from_freelist: 2434.
num_chunk_merges: 0.
num_chunk_splits: 1682.
num_chunks_enlarged: 1257.
num_inconsistent_stats: 0.

CodeHeap 'non-profiled nmethods': size=120000Kb used=4303Kb max_used=4303Kb free=115696Kb
 bounds [0x0000024987ad0000, 0x0000024987f10000, 0x000002498f000000]
CodeHeap 'profiled nmethods': size=120000Kb used=11057Kb max_used=11057Kb free=108942Kb
 bounds [0x0000024980000000, 0x0000024980af0000, 0x0000024987530000]
CodeHeap 'non-nmethods': size=5760Kb used=1669Kb max_used=1692Kb free=4090Kb
 bounds [0x0000024987530000, 0x00000249877a0000, 0x0000024987ad0000]
 total_blobs=5658 nmethods=5008 adapters=555
 compilation: enabled
              stopped_count=0, restarted_count=0
 full_count=0

Compilation events (20 events):
Event: 30.400 Thread 0x00000249fe4c7c40 nmethod 5378 0x0000024987ef4410 code [0x0000024987ef45a0, 0x0000024987ef4668]
Event: 30.417 Thread 0x00000249ff1c01c0 nmethod 5374 0x0000024987ef4710 code [0x0000024987ef49e0, 0x0000024987ef6130]
Event: 30.422 Thread 0x00000249fe4c7c40 5379       3       sun.security.provider.DigestBase::engineDigest (112 bytes)
Event: 30.423 Thread 0x00000249fe4c7c40 nmethod 5379 0x000002498035f890 code [0x000002498035fb80, 0x00000249803607f8]
Event: 30.470 Thread 0x00000249fe4c7c40 5380   !   3       java.security.Provider$Service::newInstance (365 bytes)
Event: 30.474 Thread 0x00000249fe4c7c40 nmethod 5380 0x0000024980155e90 code [0x0000024980156560, 0x0000024980159370]
Event: 30.474 Thread 0x00000249fe4c7c40 5383       3       java.security.MessageDigestSpi::<init> (5 bytes)
Event: 30.475 Thread 0x00000249fe4c7c40 nmethod 5383 0x000002498035f310 code [0x000002498035f4c0, 0x000002498035f628]
Event: 30.475 Thread 0x00000249fe4c7c40 5381   !   3       java.security.Provider$Service::newInstanceUtil (60 bytes)
Event: 30.476 Thread 0x00000249fe4c7c40 nmethod 5381 0x0000024980114290 code [0x0000024980114580, 0x0000024980115368]
Event: 30.476 Thread 0x00000249fe4c7c40 5382       3       sun.security.provider.DigestBase::engineReset (33 bytes)
Event: 30.476 Thread 0x00000249fe4c7c40 nmethod 5382 0x0000024980155910 code [0x0000024980155ae0, 0x0000024980155d88]
Event: 30.481 Thread 0x00000249fe4c7c40 5384       3       sun.security.jca.GetInstance::getInstance (28 bytes)
Event: 30.481 Thread 0x00000249fe4c7c40 nmethod 5384 0x0000024980154f90 code [0x0000024980155180, 0x00000249801555b8]
Event: 30.481 Thread 0x00000249fe4c7c40 5385       3       sun.security.jca.GetInstance::checkSuperClass (68 bytes)
Event: 30.482 Thread 0x00000249fe4c7c40 nmethod 5385 0x0000024980113210 code [0x00000249801134c0, 0x0000024980113e80]
Event: 30.482 Thread 0x00000249fe4c7c40 5386       3       sun.security.jca.GetInstance$Instance::<init> (15 bytes)
Event: 30.482 Thread 0x00000249fe4c7c40 nmethod 5386 0x0000024980011310 code [0x00000249800114c0, 0x00000249800116e8]
Event: 30.605 Thread 0x00000249fe4c7c40 5387       3       sun.net.www.ParseUtil::encodePath (41 bytes)
Event: 30.605 Thread 0x00000249fe4c7c40 nmethod 5387 0x0000024980010d90 code [0x0000024980010f60, 0x00000249800111e8]

GC Heap History (18 events):
Event: 4.925 GC heap before
{Heap before GC invocations=0 (full 0):
 garbage-first heap   total 114688K, used 13312K [0x0000000090000000, 0x0000000100000000)
  region size 1024K, 13 young (13312K), 0 survivors (0K)
 Metaspace       used 3223K, committed 3456K, reserved 1114112K
  class space    used 308K, committed 448K, reserved 1048576K
}
Event: 4.936 GC heap after
{Heap after GC invocations=1 (full 0):
 garbage-first heap   total 114688K, used 7062K [0x0000000090000000, 0x0000000100000000)
  region size 1024K, 2 young (2048K), 2 survivors (2048K)
 Metaspace       used 3223K, committed 3456K, reserved 1114112K
  class space    used 308K, committed 448K, reserved 1048576K
}
Event: 5.423 GC heap before
{Heap before GC invocations=1 (full 0):
 garbage-first heap   total 114688K, used 18326K [0x0000000090000000, 0x0000000100000000)
  region size 1024K, 13 young (13312K), 2 survivors (2048K)
 Metaspace       used 6824K, committed 7040K, reserved 1114112K
  class space    used 789K, committed 896K, reserved 1048576K
}
Event: 5.432 GC heap after
{Heap after GC invocations=2 (full 0):
 garbage-first heap   total 114688K, used 8233K [0x0000000090000000, 0x0000000100000000)
  region size 1024K, 2 young (2048K), 2 survivors (2048K)
 Metaspace       used 6824K, committed 7040K, reserved 1114112K
  class space    used 789K, committed 896K, reserved 1048576K
}
Event: 6.319 GC heap before
{Heap before GC invocations=2 (full 0):
 garbage-first heap   total 114688K, used 36905K [0x0000000090000000, 0x0000000100000000)
  region size 1024K, 31 young (31744K), 2 survivors (2048K)
 Metaspace       used 14595K, committed 14848K, reserved 1114112K
  class space    used 1858K, committed 1984K, reserved 1048576K
}
Event: 6.328 GC heap after
{Heap after GC invocations=3 (full 0):
 garbage-first heap   total 114688K, used 10485K [0x0000000090000000, 0x0000000100000000)
  region size 1024K, 4 young (4096K), 4 survivors (4096K)
 Metaspace       used 14595K, committed 14848K, reserved 1114112K
  class space    used 1858K, committed 1984K, reserved 1048576K
}
Event: 8.425 GC heap before
{Heap before GC invocations=3 (full 0):
 garbage-first heap   total 114688K, used 56565K [0x0000000090000000, 0x0000000100000000)
  region size 1024K, 51 young (52224K), 4 survivors (4096K)
 Metaspace       used 21209K, committed 21504K, reserved 1114112K
  class space    used 2595K, committed 2752K, reserved 1048576K
}
Event: 8.445 GC heap after
{Heap after GC invocations=4 (full 0):
 garbage-first heap   total 114688K, used 16328K [0x0000000090000000, 0x0000000100000000)
  region size 1024K, 9 young (9216K), 9 survivors (9216K)
 Metaspace       used 21209K, committed 21504K, reserved 1114112K
  class space    used 2595K, committed 2752K, reserved 1048576K
}
Event: 12.519 GC heap before
{Heap before GC invocations=5 (full 0):
 garbage-first heap   total 58368K, used 41928K [0x0000000090000000, 0x0000000100000000)
  region size 1024K, 34 young (34816K), 9 survivors (9216K)
 Metaspace       used 24034K, committed 24320K, reserved 1114112K
  class space    used 3002K, committed 3136K, reserved 1048576K
}
Event: 12.555 GC heap after
{Heap after GC invocations=6 (full 0):
 garbage-first heap   total 58368K, used 17853K [0x0000000090000000, 0x0000000100000000)
  region size 1024K, 3 young (3072K), 3 survivors (3072K)
 Metaspace       used 24034K, committed 24320K, reserved 1114112K
  class space    used 3002K, committed 3136K, reserved 1048576K
}
Event: 18.462 GC heap before
{Heap before GC invocations=6 (full 0):
 garbage-first heap   total 58368K, used 45501K [0x0000000090000000, 0x0000000100000000)
  region size 1024K, 30 young (30720K), 3 survivors (3072K)
 Metaspace       used 27209K, committed 27584K, reserved 1114112K
  class space    used 3390K, committed 3584K, reserved 1048576K
}
Event: 18.479 GC heap after
{Heap after GC invocations=7 (full 0):
 garbage-first heap   total 58368K, used 19968K [0x0000000090000000, 0x0000000100000000)
  region size 1024K, 4 young (4096K), 4 survivors (4096K)
 Metaspace       used 27209K, committed 27584K, reserved 1114112K
  class space    used 3390K, committed 3584K, reserved 1048576K
}
Event: 22.909 GC heap before
{Heap before GC invocations=7 (full 0):
 garbage-first heap   total 58368K, used 47616K [0x0000000090000000, 0x0000000100000000)
  region size 1024K, 31 young (31744K), 4 survivors (4096K)
 Metaspace       used 32599K, committed 33088K, reserved 1114112K
  class space    used 4122K, committed 4352K, reserved 1048576K
}
Event: 22.932 GC heap after
{Heap after GC invocations=8 (full 0):
 garbage-first heap   total 58368K, used 22968K [0x0000000090000000, 0x0000000100000000)
  region size 1024K, 4 young (4096K), 4 survivors (4096K)
 Metaspace       used 32599K, committed 33088K, reserved 1114112K
  class space    used 4122K, committed 4352K, reserved 1048576K
}
Event: 24.826 GC heap before
{Heap before GC invocations=8 (full 0):
 garbage-first heap   total 58368K, used 37304K [0x0000000090000000, 0x0000000100000000)
  region size 1024K, 20 young (20480K), 4 survivors (4096K)
 Metaspace       used 35457K, committed 35968K, reserved 1114112K
  class space    used 4489K, committed 4672K, reserved 1048576K
}
Event: 24.848 GC heap after
{Heap after GC invocations=9 (full 0):
 garbage-first heap   total 58368K, used 25499K [0x0000000090000000, 0x0000000100000000)
  region size 1024K, 3 young (3072K), 3 survivors (3072K)
 Metaspace       used 35457K, committed 35968K, reserved 1114112K
  class space    used 4489K, committed 4672K, reserved 1048576K
}
Event: 27.579 GC heap before
{Heap before GC invocations=10 (full 0):
 garbage-first heap   total 58368K, used 47003K [0x0000000090000000, 0x0000000100000000)
  region size 1024K, 25 young (25600K), 3 survivors (3072K)
 Metaspace       used 40352K, committed 40896K, reserved 1114112K
  class space    used 5176K, committed 5440K, reserved 1048576K
}
Event: 27.590 GC heap after
{Heap after GC invocations=11 (full 0):
 garbage-first heap   total 58368K, used 26481K [0x0000000090000000, 0x0000000100000000)
  region size 1024K, 2 young (2048K), 2 survivors (2048K)
 Metaspace       used 40352K, committed 40896K, reserved 1114112K
  class space    used 5176K, committed 5440K, reserved 1048576K
}

Dll operation events (11 events):
Event: 0.014 Loaded shared library C:\Program Files\Java\jdk-21\bin\java.dll
Event: 0.081 Loaded shared library C:\Program Files\Java\jdk-21\bin\jsvml.dll
Event: 4.463 Loaded shared library C:\Program Files\Java\jdk-21\bin\net.dll
Event: 4.466 Loaded shared library C:\Program Files\Java\jdk-21\bin\nio.dll
Event: 4.473 Loaded shared library C:\Program Files\Java\jdk-21\bin\zip.dll
Event: 4.498 Loaded shared library C:\Program Files\Java\jdk-21\bin\jimage.dll
Event: 23.124 Loaded shared library C:\Program Files\Java\jdk-21\bin\sunmscapi.dll
Event: 23.163 Loaded shared library C:\Program Files\Java\jdk-21\bin\management.dll
Event: 23.177 Loaded shared library C:\Program Files\Java\jdk-21\bin\management_ext.dll
Event: 27.119 Loaded shared library C:\Program Files\Java\jdk-21\bin\verify.dll
Event: 28.920 Loaded shared library C:\Program Files\Java\jdk-21\bin\extnet.dll

Deoptimization events (20 events):
Event: 30.162 Thread 0x00000249f18a04e0 Uncommon trap: trap_request=0xffffff45 fr.pc=0x0000024987bea324 relative=0x0000000000000884
Event: 30.162 Thread 0x00000249f18a04e0 Uncommon trap: reason=unstable_if action=reinterpret pc=0x0000024987bea324 method=java.util.HashMap.putVal(ILjava/lang/Object;Ljava/lang/Object;ZZ)Ljava/lang/Object; @ 162 c2
Event: 30.162 Thread 0x00000249f18a04e0 DEOPT PACKING pc=0x0000024987bea324 sp=0x0000009defbf8300
Event: 30.162 Thread 0x00000249f18a04e0 DEOPT UNPACKING pc=0x000002498758469c sp=0x0000009defbf82a0 mode 2
Event: 30.163 Thread 0x00000249f18a04e0 Uncommon trap: trap_request=0xffffff45 fr.pc=0x0000024987bb8ba0 relative=0x0000000000000a80
Event: 30.163 Thread 0x00000249f18a04e0 Uncommon trap: reason=unstable_if action=reinterpret pc=0x0000024987bb8ba0 method=java.util.HashMap.resize()[Ljava/util/HashMap$Node; @ 203 c2
Event: 30.163 Thread 0x00000249f18a04e0 DEOPT PACKING pc=0x0000024987bb8ba0 sp=0x0000009defbf8230
Event: 30.163 Thread 0x00000249f18a04e0 DEOPT UNPACKING pc=0x000002498758469c sp=0x0000009defbf81d8 mode 2
Event: 30.169 Thread 0x00000249f18a04e0 Uncommon trap: trap_request=0xffffff45 fr.pc=0x0000024987b9c13c relative=0x00000000000002fc
Event: 30.169 Thread 0x00000249f18a04e0 Uncommon trap: reason=unstable_if action=reinterpret pc=0x0000024987b9c13c method=java.util.HashMap.getNode(Ljava/lang/Object;)Ljava/util/HashMap$Node; @ 85 c2
Event: 30.169 Thread 0x00000249f18a04e0 DEOPT PACKING pc=0x0000024987b9c13c sp=0x0000009defbf8f40
Event: 30.169 Thread 0x00000249f18a04e0 DEOPT UNPACKING pc=0x000002498758469c sp=0x0000009defbf8e70 mode 2
Event: 30.471 Thread 0x00000249f18a04e0 Uncommon trap: trap_request=0xffffff45 fr.pc=0x0000024987eb72d0 relative=0x00000000000015f0
Event: 30.471 Thread 0x00000249f18a04e0 Uncommon trap: reason=unstable_if action=reinterpret pc=0x0000024987eb72d0 method=java.lang.String.<init>(Ljava/nio/charset/Charset;[BII)V @ 6 c2
Event: 30.471 Thread 0x00000249f18a04e0 DEOPT PACKING pc=0x0000024987eb72d0 sp=0x0000009defbf9100
Event: 30.471 Thread 0x00000249f18a04e0 DEOPT UNPACKING pc=0x000002498758469c sp=0x0000009defbf90c8 mode 2
Event: 30.693 Thread 0x00000249f18a04e0 DEOPT PACKING pc=0x0000024987c1f5d0 sp=0x0000009defbf8b30
Event: 30.693 Thread 0x00000249f18a04e0 DEOPT UNPACKING pc=0x0000024987584e23 sp=0x0000009defbf7f40 mode 1
Event: 30.693 Thread 0x00000249f18a04e0 DEOPT PACKING pc=0x0000024987c1f5d0 sp=0x0000009defbf8b30
Event: 30.693 Thread 0x00000249f18a04e0 DEOPT UNPACKING pc=0x0000024987584e23 sp=0x0000009defbf7f40 mode 1

Classes loaded (20 events):
Event: 30.157 Loading class java/util/JumboEnumSet
Event: 30.157 Loading class java/util/JumboEnumSet done
Event: 30.161 Loading class java/util/JumboEnumSet$EnumSetIterator
Event: 30.162 Loading class java/util/JumboEnumSet$EnumSetIterator done
Event: 30.289 Loading class java/util/concurrent/ScheduledThreadPoolExecutor$ScheduledFutureTask
Event: 30.289 Loading class java/util/concurrent/ScheduledThreadPoolExecutor$ScheduledFutureTask done
Event: 30.289 Loading class java/util/concurrent/Executors$RunnableAdapter
Event: 30.289 Loading class java/util/concurrent/Executors$RunnableAdapter done
Event: 30.289 Loading class java/util/concurrent/ThreadPoolExecutor$Worker
Event: 30.289 Loading class java/util/concurrent/ThreadPoolExecutor$Worker done
Event: 30.410 Loading class java/math/MathContext
Event: 30.410 Loading class java/math/MathContext done
Event: 30.537 Loading class java/util/concurrent/ThreadPoolExecutor$CallerRunsPolicy
Event: 30.538 Loading class java/util/concurrent/ThreadPoolExecutor$CallerRunsPolicy done
Event: 30.544 Loading class java/util/concurrent/atomic/AtomicReferenceFieldUpdater
Event: 30.545 Loading class java/util/concurrent/atomic/AtomicReferenceFieldUpdater done
Event: 30.545 Loading class java/util/concurrent/atomic/AtomicReferenceFieldUpdater$AtomicReferenceFieldUpdaterImpl
Event: 30.546 Loading class java/util/concurrent/atomic/AtomicReferenceFieldUpdater$AtomicReferenceFieldUpdaterImpl done
Event: 30.546 Loading class java/util/concurrent/atomic/AtomicReferenceFieldUpdater$AtomicReferenceFieldUpdaterImpl$1
Event: 30.546 Loading class java/util/concurrent/atomic/AtomicReferenceFieldUpdater$AtomicReferenceFieldUpdaterImpl$1 done

Classes unloaded (0 events):
No events

Classes redefined (0 events):
No events

Internal exceptions (20 events):
Event: 21.211 Thread 0x00000249f18a04e0 Exception <a 'java/lang/NoSuchMethodError'{0x000000009287b1e0}: 'java.lang.Object java.lang.invoke.DirectMethodHandle$Holder.newInvokeSpecial(java.lang.Object, java.lang.Object, java.lang.Object, int)'> (0x000000009287b1e0) 
thrown [s\open\src\hotspot\share\interpreter\linkResolver.cpp, line 773]
Event: 21.212 Thread 0x00000249f18a04e0 Exception <a 'java/lang/NoSuchMethodError'{0x000000009287efd0}: 'java.lang.Object java.lang.invoke.DirectMethodHandle$Holder.invokeSpecial(java.lang.Object, java.lang.Object, java.lang.Object, java.lang.Object, int)'> (0x000000009287efd0) 
thrown [s\open\src\hotspot\share\interpreter\linkResolver.cpp, line 773]
Event: 21.213 Thread 0x00000249f18a04e0 Exception <a 'java/lang/NoSuchMethodError'{0x0000000092882458}: 'java.lang.Object java.lang.invoke.Invokers$Holder.linkToTargetMethod(java.lang.Object, java.lang.Object, int, java.lang.Object)'> (0x0000000092882458) 
thrown [s\open\src\hotspot\share\interpreter\linkResolver.cpp, line 773]
Event: 21.991 Thread 0x00000249f18a04e0 Exception <a 'java/lang/NoSuchMethodError'{0x00000000923cfc18}: 'java.lang.Object java.lang.invoke.DirectMethodHandle$Holder.invokeStaticInit(java.lang.Object, int, int, int, int)'> (0x00000000923cfc18) 
thrown [s\open\src\hotspot\share\interpreter\linkResolver.cpp, line 773]
Event: 22.073 Thread 0x00000249f18a04e0 Exception <a 'java/lang/NoSuchMethodError'{0x00000000923fe6a8}: 'java.lang.Object java.lang.invoke.DirectMethodHandle$Holder.invokeStaticInit(java.lang.Object, java.lang.Object, int, int, int, int)'> (0x00000000923fe6a8) 
thrown [s\open\src\hotspot\share\interpreter\linkResolver.cpp, line 773]
Event: 22.293 Thread 0x00000249f18a04e0 Exception <a 'java/lang/NoSuchMethodError'{0x000000009205ddd0}: 'int java.lang.invoke.DirectMethodHandle$Holder.invokeVirtual(java.lang.Object, java.lang.Object, java.lang.Object, java.lang.Object)'> (0x000000009205ddd0) 
thrown [s\open\src\hotspot\share\interpreter\linkResolver.cpp, line 773]
Event: 22.323 Thread 0x00000249f18a04e0 Exception <a 'java/lang/NoSuchMethodError'{0x0000000092061650}: 'int java.lang.invoke.DelegatingMethodHandle$Holder.reinvoke_L(java.lang.Object, java.lang.Object, java.lang.Object, java.lang.Object)'> (0x0000000092061650) 
thrown [s\open\src\hotspot\share\interpreter\linkResolver.cpp, line 773]
Event: 23.203 Thread 0x00000249f18a04e0 Exception <a 'java/io/FileNotFoundException'{0x0000000093b61be8}> (0x0000000093b61be8) 
thrown [s\open\src\hotspot\share\prims\jni.cpp, line 520]
Event: 23.304 Thread 0x00000249f18a04e0 Exception <a 'java/lang/NoSuchMethodError'{0x000000009391e6f8}: 'int java.lang.invoke.DirectMethodHandle$Holder.invokeInterface(java.lang.Object, java.lang.Object, java.lang.Object, java.lang.Object)'> (0x000000009391e6f8) 
thrown [s\open\src\hotspot\share\interpreter\linkResolver.cpp, line 773]
Event: 23.604 Thread 0x00000249f18a04e0 Exception <a 'java/lang/NoSuchMethodError'{0x0000000093772060}: 'java.lang.Object java.lang.invoke.DirectMethodHandle$Holder.invokeStaticInit(java.lang.Object, java.lang.Object, java.lang.Object, java.lang.Object)'> (0x0000000093772060) 
thrown [s\open\src\hotspot\share\interpreter\linkResolver.cpp, line 773]
Event: 23.610 Thread 0x00000249f18a04e0 Exception <a 'java/lang/IncompatibleClassChangeError'{0x0000000093780e08}: Found class java.lang.Object, but interface was expected> (0x0000000093780e08) 
thrown [s\open\src\hotspot\share\interpreter\linkResolver.cpp, line 840]
Event: 23.612 Thread 0x00000249f18a04e0 Exception <a 'java/lang/IncompatibleClassChangeError'{0x000000009378c6c8}: Found class java.lang.Object, but interface was expected> (0x000000009378c6c8) 
thrown [s\open\src\hotspot\share\interpreter\linkResolver.cpp, line 840]
Event: 23.622 Thread 0x00000249f18a04e0 Exception <a 'java/lang/IncompatibleClassChangeError'{0x00000000937b3c58}: Found class java.lang.Object, but interface was expected> (0x00000000937b3c58) 
thrown [s\open\src\hotspot\share\interpreter\linkResolver.cpp, line 840]
Event: 24.309 Thread 0x00000249f18a04e0 Exception <a 'java/lang/NoSuchMethodError'{0x0000000092dd6db8}: 'void java.lang.invoke.Invokers$Holder.invokeExact_MT(java.lang.Object, java.lang.Object, java.lang.Object, java.lang.Object)'> (0x0000000092dd6db8) 
thrown [s\open\src\hotspot\share\interpreter\linkResolver.cpp, line 773]
Event: 24.315 Thread 0x00000249f18a04e0 Exception <a 'java/lang/NoSuchMethodError'{0x0000000092ddd278}: 'void java.lang.invoke.Invokers$Holder.invokeExact_MT(java.lang.Object, java.lang.Object, int, java.lang.Object)'> (0x0000000092ddd278) 
thrown [s\open\src\hotspot\share\interpreter\linkResolver.cpp, line 773]
Event: 24.614 Thread 0x00000249f18a04e0 Exception <a 'java/lang/NoSuchMethodError'{0x0000000092ac0688}: 'int java.lang.invoke.DirectMethodHandle$Holder.invokeStatic(java.lang.Object, int, java.lang.Object)'> (0x0000000092ac0688) 
thrown [s\open\src\hotspot\share\interpreter\linkResolver.cpp, line 773]
Event: 25.176 Thread 0x00000249f18a04e0 Exception <a 'java/lang/NoSuchMethodError'{0x00000000939fdb30}: 'java.lang.Object java.lang.invoke.DirectMethodHandle$Holder.newInvokeSpecial(java.lang.Object, java.lang.Object, java.lang.Object, java.lang.Object, java.lang.Object, java.lang.Object, java.lang.Object, java.lang.Object, java.lang.Object, java.lang.Object, java.lang.Object)'> (0x00000000939fdb30) 
thrown [s\open\src\hotspot\share\interpreter\linkResolver.cpp, line 773]
Event: 25.535 Thread 0x00000249f18a04e0 Exception <a 'java/lang/NoSuchMethodError'{0x0000000093565890}: 'void java.lang.invoke.DelegatingMethodHandle$Holder.reinvoke_L(java.lang.Object, java.lang.Object, java.lang.Object, java.lang.Object, int, java.lang.Object, java.lang.Object, java.lang.Object)'> (0x0000000093565890) 
thrown [s\open\src\hotspot\share\interpreter\linkResolver.cpp, line 773]
Event: 28.418 Thread 0x00000249f18a04e0 Exception <a 'java/lang/NoSuchMethodError'{0x0000000093856b38}: 'int java.lang.invoke.DirectMethodHandle$Holder.invokeStatic(java.lang.Object)'> (0x0000000093856b38) 
thrown [s\open\src\hotspot\share\interpreter\linkResolver.cpp, line 773]
Event: 29.096 Thread 0x00000249f18a04e0 Exception <a 'sun/nio/fs/WindowsException'{0x00000000934259c0}> (0x00000000934259c0) 
thrown [s\open\src\hotspot\share\prims\jni.cpp, line 520]

ZGC Phase Switch (0 events):
No events

VM Operations (20 events):
Event: 26.960 Executing VM operation: Cleanup
Event: 26.976 Executing VM operation: Cleanup done
Event: 27.579 Executing VM operation: G1CollectForAllocation (G1 Evacuation Pause)
Event: 27.590 Executing VM operation: G1CollectForAllocation (G1 Evacuation Pause) done
Event: 28.598 Executing VM operation: Cleanup
Event: 28.634 Executing VM operation: Cleanup done
Event: 29.099 Executing VM operation: HandshakeAllThreads (Deoptimize)
Event: 29.099 Executing VM operation: HandshakeAllThreads (Deoptimize) done
Event: 29.109 Executing VM operation: HandshakeAllThreads (Deoptimize)
Event: 29.109 Executing VM operation: HandshakeAllThreads (Deoptimize) done
Event: 29.364 Executing VM operation: HandshakeAllThreads (Deoptimize)
Event: 29.364 Executing VM operation: HandshakeAllThreads (Deoptimize) done
Event: 29.371 Executing VM operation: HandshakeAllThreads (Deoptimize)
Event: 29.371 Executing VM operation: HandshakeAllThreads (Deoptimize) done
Event: 30.159 Executing VM operation: HandshakeAllThreads (Deoptimize)
Event: 30.159 Executing VM operation: HandshakeAllThreads (Deoptimize) done
Event: 30.159 Executing VM operation: Cleanup
Event: 30.159 Executing VM operation: Cleanup done
Event: 30.161 Executing VM operation: HandshakeAllThreads (Deoptimize)
Event: 30.161 Executing VM operation: HandshakeAllThreads (Deoptimize) done

Events (20 events):
Event: 24.921 Thread 0x00000249ef7ca220 flushing nmethod 0x0000024987af7210
Event: 24.921 Thread 0x00000249ef7ca220 flushing nmethod 0x0000024987aec110
Event: 24.921 Thread 0x00000249ef7ca220 flushing nmethod 0x0000024987aeb690
Event: 24.921 Thread 0x00000249ef7ca220 flushing nmethod 0x0000024987aea490
Event: 24.921 Thread 0x00000249ef7ca220 flushing nmethod 0x0000024987ae9290
Event: 24.921 Thread 0x00000249ef7ca220 flushing nmethod 0x0000024987ae8c90
Event: 24.921 Thread 0x00000249ef7ca220 flushing nmethod 0x0000024987ae1c10
Event: 24.921 Thread 0x00000249ef7ca220 flushing nmethod 0x0000024987adf210
Event: 24.921 Thread 0x00000249ef7ca220 flushing nmethod 0x0000024987ad6510
Event: 24.921 Thread 0x00000249ef7ca220 flushing nmethod 0x0000024987ad1490
Event: 25.766 Thread 0x00000249d5b19ad0 Thread exited: 0x00000249d5b19ad0
Event: 27.696 Thread 0x00000249db3e43d0 Thread added: 0x00000249db3e43d0
Event: 28.171 Thread 0x00000249db3e43d0 Thread exited: 0x00000249db3e43d0
Event: 28.649 Thread 0x00000249db3e43d0 Thread added: 0x00000249db3e43d0
Event: 29.319 Thread 0x00000249db3e43d0 Thread exited: 0x00000249db3e43d0
Event: 29.503 Thread 0x00000249ff1c01c0 Thread added: 0x00000249ff1c01c0
Event: 30.290 Thread 0x00000249fe4c1cc0 Thread added: 0x00000249fe4c1cc0
Event: 30.505 Thread 0x00000249fe4c0910 Thread added: 0x00000249fe4c0910
Event: 30.604 Thread 0x00000249ff1c01c0 Thread exited: 0x00000249ff1c01c0
Event: 30.668 Thread 0x00000249fe4c0fa0 Thread added: 0x00000249fe4c0fa0


Dynamic libraries:
0x00007ff786510000 - 0x00007ff786520000 	C:\Program Files\Java\jdk-21\bin\java.exe
0x00007ffd61f90000 - 0x00007ffd62188000 	C:\Windows\SYSTEM32\ntdll.dll
0x00007ffd618e0000 - 0x00007ffd6199d000 	C:\Windows\System32\KERNEL32.DLL
0x00007ffd5f6e0000 - 0x00007ffd5f9d6000 	C:\Windows\System32\KERNELBASE.dll
0x00007ffd5fae0000 - 0x00007ffd5fbe0000 	C:\Windows\System32\ucrtbase.dll
0x00007ffd5eaf0000 - 0x00007ffd5eb0b000 	C:\Program Files\Java\jdk-21\bin\VCRUNTIME140.dll
0x00007ffd5ead0000 - 0x00007ffd5eae9000 	C:\Program Files\Java\jdk-21\bin\jli.dll
0x00007ffd60140000 - 0x00007ffd601f0000 	C:\Windows\System32\ADVAPI32.dll
0x00007ffd60fb0000 - 0x00007ffd6104e000 	C:\Windows\System32\msvcrt.dll
0x00007ffd61eb0000 - 0x00007ffd61f50000 	C:\Windows\System32\sechost.dll
0x00007ffd616d0000 - 0x00007ffd617f5000 	C:\Windows\System32\RPCRT4.dll
0x00007ffd5ff00000 - 0x00007ffd5ff27000 	C:\Windows\System32\bcrypt.dll
0x00007ffd619a0000 - 0x00007ffd61b3e000 	C:\Windows\System32\USER32.dll
0x00007ffd5f6b0000 - 0x00007ffd5f6d2000 	C:\Windows\System32\win32u.dll
0x00007ffd60670000 - 0x00007ffd6069b000 	C:\Windows\System32\GDI32.dll
0x00007ffd5fbe0000 - 0x00007ffd5fcf7000 	C:\Windows\System32\gdi32full.dll
0x00007ffd47b30000 - 0x00007ffd47dca000 	C:\Windows\WinSxS\amd64_microsoft.windows.common-controls_6595b64144ccf1df_6.0.19041.3636_none_60b6a03d71f818d5\COMCTL32.dll
0x00007ffd5fe60000 - 0x00007ffd5fefd000 	C:\Windows\System32\msvcp_win.dll
0x00007ffd570b0000 - 0x00007ffd570ba000 	C:\Windows\SYSTEM32\VERSION.dll
0x00007ffd602c0000 - 0x00007ffd602f2000 	C:\Windows\System32\IMM32.DLL
0x00007ffd5eac0000 - 0x00007ffd5eacc000 	C:\Program Files\Java\jdk-21\bin\vcruntime140_1.dll
0x00007ffd51460000 - 0x00007ffd514ee000 	C:\Program Files\Java\jdk-21\bin\msvcp140.dll
0x00007ffd28eb0000 - 0x00007ffd29bc5000 	C:\Program Files\Java\jdk-21\bin\server\jvm.dll
0x00007ffd61050000 - 0x00007ffd610bb000 	C:\Windows\System32\WS2_32.dll
0x00007ffd5f3f0000 - 0x00007ffd5f43b000 	C:\Windows\SYSTEM32\POWRPROF.dll
0x00007ffd57080000 - 0x00007ffd570a7000 	C:\Windows\SYSTEM32\WINMM.dll
0x00007ffd5f3d0000 - 0x00007ffd5f3e2000 	C:\Windows\SYSTEM32\UMPDC.dll
0x00007ffd5c800000 - 0x00007ffd5c812000 	C:\Windows\SYSTEM32\kernel.appcore.dll
0x00007ffd5eab0000 - 0x00007ffd5eaba000 	C:\Program Files\Java\jdk-21\bin\jimage.dll
0x00007ffd5f030000 - 0x00007ffd5f214000 	C:\Windows\SYSTEM32\DBGHELP.DLL
0x00007ffd5ef70000 - 0x00007ffd5efa4000 	C:\Windows\SYSTEM32\dbgcore.DLL
0x00007ffd5ff30000 - 0x00007ffd5ffb2000 	C:\Windows\System32\bcryptPrimitives.dll
0x00007ffd4ad90000 - 0x00007ffd4adcc000 	C:\Program Files\Java\jdk-21\bin\jdwp.dll
0x00007ffd5ea20000 - 0x00007ffd5ea3f000 	C:\Program Files\Java\jdk-21\bin\java.dll
0x00007ffd606b0000 - 0x00007ffd60e1b000 	C:\Windows\System32\SHELL32.dll
0x00007ffd5d090000 - 0x00007ffd5d82e000 	C:\Windows\SYSTEM32\windows.storage.dll
0x00007ffd61b50000 - 0x00007ffd61ea3000 	C:\Windows\System32\combase.dll
0x00007ffd5e970000 - 0x00007ffd5e99e000 	C:\Windows\SYSTEM32\Wldp.dll
0x00007ffd601f0000 - 0x00007ffd602bd000 	C:\Windows\System32\OLEAUT32.dll
0x00007ffd60530000 - 0x00007ffd605dd000 	C:\Windows\System32\SHCORE.dll
0x00007ffd61670000 - 0x00007ffd616c5000 	C:\Windows\System32\shlwapi.dll
0x00007ffd5f570000 - 0x00007ffd5f595000 	C:\Windows\SYSTEM32\profapi.dll
0x00007ffd4d9b0000 - 0x00007ffd4da87000 	C:\Program Files\Java\jdk-21\bin\jsvml.dll
0x00007ffd513f0000 - 0x00007ffd513fc000 	C:\Program Files\Java\jdk-21\bin\dt_socket.dll
0x00007ffd5e280000 - 0x00007ffd5e2bb000 	C:\Windows\SYSTEM32\IPHLPAPI.DLL
0x00007ffd5e6f0000 - 0x00007ffd5e75a000 	C:\Windows\system32\mswsock.dll
0x00007ffd5e350000 - 0x00007ffd5e41b000 	C:\Windows\SYSTEM32\DNSAPI.dll
0x00007ffd61660000 - 0x00007ffd61668000 	C:\Windows\System32\NSI.dll
0x00007ffd55400000 - 0x00007ffd5540a000 	C:\Windows\System32\rasadhlp.dll
0x00007ffd55440000 - 0x00007ffd554c0000 	C:\Windows\System32\fwpuclnt.dll
0x00007ffd5cf30000 - 0x00007ffd5cf40000 	C:\Program Files\Java\jdk-21\bin\net.dll
0x00007ffd56080000 - 0x00007ffd5618a000 	C:\Windows\SYSTEM32\WINHTTP.dll
0x00007ffd5cf10000 - 0x00007ffd5cf26000 	C:\Program Files\Java\jdk-21\bin\nio.dll
0x00007ffd5cd50000 - 0x00007ffd5cd68000 	C:\Program Files\Java\jdk-21\bin\zip.dll
0x00007ffd5f340000 - 0x00007ffd5f358000 	C:\Windows\SYSTEM32\CRYPTSP.dll
0x00007ffd5df00000 - 0x00007ffd5df34000 	C:\Windows\system32\rsaenh.dll
0x00007ffd5f4f0000 - 0x00007ffd5f51e000 	C:\Windows\SYSTEM32\USERENV.dll
0x00007ffd5e8e0000 - 0x00007ffd5e8ec000 	C:\Windows\SYSTEM32\CRYPTBASE.dll
0x00007ffd5cae0000 - 0x00007ffd5caee000 	C:\Program Files\Java\jdk-21\bin\sunmscapi.dll
0x00007ffd5fd00000 - 0x00007ffd5fe5d000 	C:\Windows\System32\CRYPT32.dll
0x00007ffd5e9e0000 - 0x00007ffd5ea08000 	C:\Windows\SYSTEM32\ncrypt.dll
0x00007ffd5e9a0000 - 0x00007ffd5e9db000 	C:\Windows\SYSTEM32\NTASN1.dll
0x00007ffd5cf00000 - 0x00007ffd5cf0a000 	C:\Program Files\Java\jdk-21\bin\management.dll
0x00007ffd5ce20000 - 0x00007ffd5ce2b000 	C:\Program Files\Java\jdk-21\bin\management_ext.dll
0x00007ffd606a0000 - 0x00007ffd606a8000 	C:\Windows\System32\PSAPI.DLL
0x00007ffd5c8b0000 - 0x00007ffd5c8c0000 	C:\Program Files\Java\jdk-21\bin\verify.dll
0x00007ffd48ee0000 - 0x00007ffd48ef7000 	C:\Windows\system32\napinsp.dll
0x00007ffd48f00000 - 0x00007ffd48f1b000 	C:\Windows\system32\pnrpnsp.dll
0x00007ffd46ed0000 - 0x00007ffd46ee5000 	C:\Windows\system32\wshbth.dll
0x00007ffd5a2b0000 - 0x00007ffd5a2cd000 	C:\Windows\system32\NLAapi.dll
0x00007ffd49fd0000 - 0x00007ffd49fe2000 	C:\Windows\System32\winrnr.dll
0x00007ffd5caf0000 - 0x00007ffd5caf7000 	C:\Program Files\Java\jdk-21\bin\extnet.dll

dbghelp: loaded successfully - version: 4.0.5 - missing functions: none
symbol engine: initialized successfully - sym options: 0x614 - pdb path: .;C:\Program Files\Java\jdk-21\bin;C:\Windows\SYSTEM32;C:\Windows\WinSxS\amd64_microsoft.windows.common-controls_6595b64144ccf1df_6.0.19041.3636_none_60b6a03d71f818d5;C:\Program Files\Java\jdk-21\bin\server

VM Arguments:
jvm_args: -agentlib:jdwp=transport=dt_socket,server=n,suspend=y,address=localhost:58263 -XX:+ShowCodeDetailsInExceptionMessages -Dspring.jmx.enabled=true -Dmanagement.endpoints.jmx.exposure.include=* -Dspring.application.admin.enabled=true -Dspring.boot.project.name=backend -Djava.rmi.server.hostname=localhost 
java_command: com.guardias.backend.BackendApplication
java_class_path (initial): C:\Users\Faby\Documents\DPH\BACK\backend\target\classes;C:\Users\Faby\.m2\repository\org\springframework\boot\spring-boot-starter-actuator\3.1.5\spring-boot-starter-actuator-3.1.5.jar;C:\Users\Faby\.m2\repository\org\springframework\boot\spring-boot-starter\3.1.5\spring-boot-starter-3.1.5.jar;C:\Users\Faby\.m2\repository\org\springframework\boot\spring-boot\3.1.5\spring-boot-3.1.5.jar;C:\Users\Faby\.m2\repository\org\springframework\boot\spring-boot-autoconfigure\3.1.5\spring-boot-autoconfigure-3.1.5.jar;C:\Users\Faby\.m2\repository\org\springframework\boot\spring-boot-starter-logging\3.1.5\spring-boot-starter-logging-3.1.5.jar;C:\Users\Faby\.m2\repository\ch\qos\logback\logback-classic\1.4.11\logback-classic-1.4.11.jar;C:\Users\Faby\.m2\repository\ch\qos\logback\logback-core\1.4.11\logback-core-1.4.11.jar;C:\Users\Faby\.m2\repository\org\apache\logging\log4j\log4j-to-slf4j\2.20.0\log4j-to-slf4j-2.20.0.jar;C:\Users\Faby\.m2\repository\org\apache\logging\log4j\log4j-api\2.20.0\log4j-api-2.20.0.jar;C:\Users\Faby\.m2\repository\org\slf4j\jul-to-slf4j\2.0.9\jul-to-slf4j-2.0.9.jar;C:\Users\Faby\.m2\repository\jakarta\annotation\jakarta.annotation-api\2.1.1\jakarta.annotation-api-2.1.1.jar;C:\Users\Faby\.m2\repository\org\yaml\snakeyaml\1.33\snakeyaml-1.33.jar;C:\Users\Faby\.m2\repository\org\springframework\boot\spring-boot-actuator-autoconfigure\3.1.5\spring-boot-actuator-autoconfigure-3.1.5.jar;C:\Users\Faby\.m2\repository\org\springframework\boot\spring-boot-actuator\3.1.5\spring-boot-actuator-3.1.5.jar;C:\Users\Faby\.m2\repository\com\fasterxml\jackson\datatype\jackson-datatype-jsr310\2.15.3\jackson-datatype-jsr310-2.15.3.jar;C:\Users\Faby\.m2\repository\io\micrometer\micrometer-observation\1.11.5\micrometer-observation-1.11.5.jar;C:\Users\Faby\.m2\repository\io\micrometer\micrometer-commons\1.11.5\micrometer-commons-1.11.5.jar;C:\Users\Faby\.m2\repository\io\micrometer\micrometer-core\1.11.5\micrometer-core-1.11.5.jar;C:\Users\Faby\.m2\repository\org\hdrhistogram\HdrHistogram\2.1.12\HdrHistogram-2.1.12.jar;C:\Users\Faby\.m2\repository\org\latencyutils\LatencyUtils\2.0.3\LatencyUtils-2.0.3.jar;C:\Users\Faby\.m2\repository\org\springframework\boot\spring-boot-starter-validation\3.1.5\spring-boot-starter-validation-3.1.5.jar;C:\Users\Faby\.m2\repository\org\apache\tomcat\embed\tomcat-embed-el\10.1.15\tomcat-embed-el-10.1.15.jar;C:\Users\Faby\.m2\repository\org\hibernate\validator\hibernate-validator\8.0.1.Final\hibernate-validator-8.0.1.Final.jar;C:\Users\Faby\.m2\repository\jakarta\validation\jakarta.validation-api\3.0.2\jakarta.validation-api-3.0.2.jar;C:\Users\Faby\.m2\repository\org\jboss\logging\jboss-logging\3.5.3.Final\jboss-logging-3.5.3.Final.jar;C:\Users\Faby\.m2\repository\com\fasterxml\classmate\1.5.1\classmate-1.5.1.jar;C:\Users\Faby\.m2\repository\org\springframework\boot\spring-boot-starter-data-jpa\3.1.5\spring-boot-starter-data-jpa-3.1.5.jar;C:\Users\Faby\.m2\repository\org\springframework\boot\spring-boot-starter-aop\3.1.5\spring-boot-starter-aop-3.1.5.jar;C:\Users\Faby\.m2\repository\org\aspectj\aspectjweaver\1.9.20\aspectjweaver-1.9.20.jar;C:\Users\Faby\.m2\repository\org\springframework\boot\spring-boot-starter-jdbc\3.1.5\spring-boot-starter-jdbc-3.1.5.jar;C:\Users\Faby\.m2\repository\com\zaxxer\HikariCP\5.0.1\HikariCP-5.0.1.jar;C:\Users\Faby\.m2\repository\org\springframework\spring-jdbc\6.0.13\spring-jdbc-6.0.13.jar;C:\Users\Faby\.m2\repository\org\hibernate\orm\hibernate-core\6.2.13.Final\hibernate-core-6.2.13.Final.jar;C:\Users\Faby\.m2\repository\jakarta\transaction\jakarta.transaction-api\2.0.1\jakarta.transaction-api-2.0.1.jar;C:\Users\Faby\.m2\repository\org\hibernate\common\hibernate-commons-annotations\6.0.6.Final\hibernate-commons-annotations-6.0.6.Final.jar;C:\Users\Faby\.m2\repository\io\smallrye\jandex\3.0.5\jandex-3.0.5.jar;C:\Users\Faby\.m2\repository\net\bytebuddy\byte-buddy\1.14.9\byte-buddy-1.14.9.jar;C:\Users\Faby\.m2\repository\org\glassfish\jaxb\jaxb-runtime\4.0.3\jaxb-runtime-4.0.3.jar;C:\Users\Faby\.m2\repository\org\glassfish\jaxb\jaxb-core\4.0.3\jaxb-core-4.0.3.jar;C:\Users\Faby\.m2\repository\org\eclipse\angus\angus-activation\2.0.1\angus-activation-2.0.1.jar;C:\Users\Faby\.m2\repository\org\glassfish\jaxb\txw2\4.0.3\txw2-4.0.3.jar;C:\Users\Faby\.m2\repository\com\sun\istack\istack-commons-runtime\4.1.2\istack-commons-runtime-4.1.2.jar;C:\Users\Faby\.m2\repository\jakarta\inject\jakarta.inject-api\2.0.1\jakarta.inject-api-2.0.1.jar;C:\Users\Faby\.m2\repository\org\antlr\antlr4-runtime\4.10.1\antlr4-runtime-4.10.1.jar;C:\Users\Faby\.m2\repository\org\springframework\data\spring-data-jpa\3.1.5\spring-data-jpa-3.1.5.jar;C:\Users\Faby\.m2\repository\org\springframework\data\spring-data-commons\3.1.5\spring-data-commons-3.1.5.jar;C:\Users\Faby\.m2\repository\org\springframework\spring-orm\6.0.13\spring-orm-6.0.13.jar;C:\Users\Faby\.m2\repository\org\springframework\spring-context\6.0.13\spring-context-6.0.13.jar;C:\Users\Faby\.m2\repository\org\springframework\spring-tx\6.0.13\spring-tx-6.0.13.jar;C:\Users\Faby\.m2\repository\org\springframework\spring-beans\6.0.13\spring-beans-6.0.13.jar;C:\Users\Faby\.m2\repository\org\slf4j\slf4j-api\2.0.9\slf4j-api-2.0.9.jar;C:\Users\Faby\.m2\repository\org\springframework\spring-aspects\6.0.13\spring-aspects-6.0.13.jar;C:\Users\Faby\.m2\repository\org\springframework\boot\spring-boot-starter-web\3.1.5\spring-boot-starter-web-3.1.5.jar;C:\Users\Faby\.m2\repository\org\springframework\boot\spring-boot-starter-json\3.1.5\spring-boot-starter-json-3.1.5.jar;C:\Users\Faby\.m2\repository\com\fasterxml\jackson\datatype\jackson-datatype-jdk8\2.15.3\jackson-datatype-jdk8-2.15.3.jar;C:\Users\Faby\.m2\repository\com\fasterxml\jackson\module\jackson-module-parameter-names\2.15.3\jackson-module-parameter-names-2.15.3.jar;C:\Users\Faby\.m2\repository\org\springframework\boot\spring-boot-starter-tomcat\3.1.5\spring-boot-starter-tomcat-3.1.5.jar;C:\Users\Faby\.m2\repository\org\apache\tomcat\embed\tomcat-embed-core\10.1.15\tomcat-embed-core-10.1.15.jar;C:\Users\Faby\.m2\repository\org\apache\tomcat\embed\tomcat-embed-websocket\10.1.15\tomcat-embed-websocket-10.1.15.jar;C:\Users\Faby\.m2\repository\org\springframework\spring-web\6.0.13\spring-web-6.0.13.jar;C:\Users\Faby\.m2\repository\org\springframework\spring-webmvc\6.0.13\spring-webmvc-6.0.13.jar;C:\Users\Faby\.m2\repository\org\springframework\spring-expression\6.0.13\spring-expression-6.0.13.jar;C:\Users\Faby\.m2\repository\com\microsoft\sqlserver\mssql-jdbc\11.2.3.jre17\mssql-jdbc-11.2.3.jre17.jar;C:\Users\Faby\.m2\repository\jakarta\xml\bind\jakarta.xml.bind-api\4.0.1\jakarta.xml.bind-api-4.0.1.jar;C:\Users\Faby\.m2\repository\jakarta\activation\jakarta.activation-api\2.1.2\jakarta.activation-api-2.1.2.jar;C:\Users\Faby\.m2\repository\org\springframework\spring-core\6.0.13\spring-core-6.0.13.jar;C:\Users\Faby\.m2\repository\org\springframework\spring-jcl\6.0.13\spring-jcl-6.0.13.jar;C:\Users\Faby\.m2\repository\org\apache\commons\commons-lang3\3.13.0\commons-lang3-3.13.0.jar;C:\Users\Faby\.m2\repository\org\projectlombok\lombok\1.18.30\lombok-1.18.30.jar;C:\Users\Faby\.m2\repository\jakarta\persistence\jakarta.persistence-api\3.1.0\jakarta.persistence-api-3.1.0.jar;C:\Users\Faby\.m2\repository\org\springframework\boot\spring-boot-starter-security\3.1.5\spring-boot-starter-security-3.1.5.jar;C:\Users\Faby\.m2\repository\org\springframework\spring-aop\6.0.13\spring-aop-6.0.13.jar;C:\Users\Faby\.m2\repository\org\springframework\security\spring-security-config\6.1.5\spring-security-config-6.1.5.jar;C:\Users\Faby\.m2\repository\org\springframework\security\spring-security-core\6.1.5\spring-security-core-6.1.5.jar;C:\Users\Faby\.m2\repository\org\springframework\security\spring-security-crypto\6.1.5\spring-security-crypto-6.1.5.jar;C:\Users\Faby\.m2\repository\org\springframework\security\spring-security-web\6.1.5\spring-security-web-6.1.5.jar;C:\Users\Faby\.m2\repository\io\jsonwebtoken\jjwt-api\0.11.5\jjwt-api-0.11.5.jar;C:\Users\Faby\.m2\repository\io\jsonwebtoken\jjwt-impl\0.11.5\jjwt-impl-0.11.5.jar;C:\Users\Faby\.m2\repository\io\jsonwebtoken\jjwt-jackson\0.11.5\jjwt-jackson-0.11.5.jar;C:\Users\Faby\.m2\repository\com\fasterxml\jackson\core\jackson-databind\2.15.3\jackson-databind-2.15.3.jar;C:\Users\Faby\.m2\repository\com\fasterxml\jackson\core\jackson-annotations\2.15.3\jackson-annotations-2.15.3.jar;C:\Users\Faby\.m2\repository\com\fasterxml\jackson\core\jackson-core\2.15.3\jackson-core-2.15.3.jar
Launcher Type: SUN_STANDARD

[Global flags]
     intx CICompilerCount                          = 3                                         {product} {ergonomic}
     uint ConcGCThreads                            = 1                                         {product} {ergonomic}
     uint G1ConcRefinementThreads                  = 4                                         {product} {ergonomic}
   size_t G1HeapRegionSize                         = 1048576                                   {product} {ergonomic}
    uintx GCDrainStackTargetSize                   = 64                                        {product} {ergonomic}
   size_t InitialHeapSize                          = 117440512                                 {product} {ergonomic}
   size_t MarkStackSize                            = 4194304                                   {product} {ergonomic}
   size_t MaxHeapSize                              = 1879048192                                {product} {ergonomic}
   size_t MaxNewSize                               = 1127219200                                {product} {ergonomic}
   size_t MinHeapDeltaBytes                        = 1048576                                   {product} {ergonomic}
   size_t MinHeapSize                              = 8388608                                   {product} {ergonomic}
    uintx NonNMethodCodeHeapSize                   = 5832780                                {pd product} {ergonomic}
    uintx NonProfiledCodeHeapSize                  = 122912730                              {pd product} {ergonomic}
    uintx ProfiledCodeHeapSize                     = 122912730                              {pd product} {ergonomic}
    uintx ReservedCodeCacheSize                    = 251658240                              {pd product} {ergonomic}
     bool SegmentedCodeCache                       = true                                      {product} {ergonomic}
     bool ShowCodeDetailsInExceptionMessages       = true                                   {manageable} {command line}
   size_t SoftMaxHeapSize                          = 1879048192                             {manageable} {ergonomic}
     bool UseCompressedOops                        = true                           {product lp64_product} {ergonomic}
     bool UseG1GC                                  = true                                      {product} {ergonomic}
     bool UseLargePagesIndividualAllocation        = false                                  {pd product} {ergonomic}

Logging:
Log output configuration:
 #0: stdout all=warning uptime,level,tags foldmultilines=false
 #1: stderr all=off uptime,level,tags foldmultilines=false

Environment Variables:
PATH=C:\Program Files\Common Files\Oracle\Java\javapath;C:\Windows\system32;C:\Windows;C:\Windows\System32\Wbem;C:\Windows\System32\WindowsPowerShell\v1.0\;C:\Windows\System32\OpenSSH\;C:\Program Files (x86)\ATI Technologies\ATI.ACE\Core-Static;C:\Program Files\Git\cmd;C:\Program Files (x86)\Microsoft SQL Server\160\DTS\Binn\;C:\Program Files\Azure Data Studio\bin;C:\Program Files\nodejs\;C:\Users\Faby\AppData\Local\Microsoft\WindowsApps;C:\Users\Faby\AppData\Local\Programs\Microsoft VS Code\bin;C:\Program Files\Azure Data Studio\bin;C:\Users\Faby\AppData\Roaming\npm
USERNAME=Faby
LANG=en_US.UTF-8
OS=Windows_NT
PROCESSOR_IDENTIFIER=Intel64 Family 6 Model 23 Stepping 10, GenuineIntel
TMP=C:\Users\Faby\AppData\Local\Temp
TEMP=C:\Users\Faby\AppData\Local\Temp




Periodic native trim disabled

---------------  S Y S T E M  ---------------

OS:
 Windows 10 , 64 bit Build 19041 (10.0.19041.3636)
OS uptime: 0 days 20:14 hours

CPU: total 4 (initial active 4) (4 cores per cpu, 1 threads per core) family 6 model 23 stepping 10 microcode 0xa0c, cx8, cmov, fxsr, mmx, sse, sse2, sse3, ssse3, sse4.1, tsc, clflush
Processor Information for all 4 processors :
  Max Mhz: 2670, Current Mhz: 2670, Mhz Limit: 2670

Memory: 4k page, system-wide physical 7167M (2112M free)
TotalPageFile size 9228M (AvailPageFile size 1393M)
current process WorkingSet (physical memory assigned to process): 218M, peak: 254M
current process commit charge ("private bytes"): 248M, peak: 291M

vm_info: Java HotSpot(TM) 64-Bit Server VM (21.0.1+12-LTS-29) for windows-amd64 JRE (21.0.1+12-LTS-29), built on 2023-10-05T13:27:09Z by "mach5one" with MS VC++ 17.1 (VS2022)

END.
