#
# A fatal error has been detected by the Java Runtime Environment:
#
#  EXCEPTION_ACCESS_VIOLATION (0xc0000005) at pc=0x00007ffb4a7b0416, pid=13588, tid=13520
#
# JRE version: OpenJDK Runtime Environment Temurin-17.0.11+9 (17.0.11+9) (build 17.0.11+9)
# Java VM: OpenJDK 64-Bit Server VM Temurin-17.0.11+9 (17.0.11+9, mixed mode, tiered, compressed oops, compressed class ptrs, parallel gc, windows-amd64)
# Problematic frame:
# V  [jvm.dll+0x6b0416]
#
# No core dump will be written. Minidumps are not enabled by default on client versions of Windows
#
# If you would like to submit a bug report, please visit:
#   https://github.com/adoptium/adoptium-support/issues
#

---------------  S U M M A R Y ------------

Command Line: --add-modules=ALL-SYSTEM --add-opens=java.base/java.util=ALL-UNNAMED --add-opens=java.base/java.lang=ALL-UNNAMED --add-opens=java.base/sun.nio.fs=ALL-UNNAMED -Declipse.application=org.eclipse.jdt.ls.core.id1 -Dosgi.bundles.defaultStartLevel=4 -Declipse.product=org.eclipse.jdt.ls.core.product -Djava.import.generatesMetadataFilesAtProjectRoot=false -DDetectVMInstallationsJob.disabled=true -Dfile.encoding=utf8 -XX:+UseParallelGC -XX:GCTimeRatio=4 -XX:AdaptiveSizePolicyWeight=90 -Dsun.zip.disableMemoryMapping=true -Xmx2G -Xms100m -Xlog:disable -javaagent:c:\Users\casa\.vscode\extensions\redhat.java-1.31.0-win32-x64\lombok\lombok-1.18.32.jar -XX:+HeapDumpOnOutOfMemoryError -XX:HeapDumpPath=c:\Users\casa\AppData\Roaming\Code\User\workspaceStorage\2ca1e065a12013a041ddb2075f267414\redhat.java -Daether.dependencyCollector.impl=bf c:\Users\casa\.vscode\extensions\redhat.java-1.31.0-win32-x64\server\plugins\org.eclipse.equinox.launcher_1.6.800.v20240513-1750.jar -configuration c:\Users\casa\AppData\Roaming\Code\User\globalStorage\redhat.java\1.31.0\config_win -data c:\Users\casa\AppData\Roaming\Code\User\workspaceStorage\2ca1e065a12013a041ddb2075f267414\redhat.java\jdt_ws --pipe=\\.\pipe\lsp-bddbcc409a8d1fc584267e0e02fbea65-sock

Host: 12th Gen Intel(R) Core(TM) i5-12400F, 12 cores, 15G,  Windows 11 , 64 bit Build 22621 (10.0.22621.3527)
Time: Fri Jun  7 08:14:56 2024 Hora estándar de Argentina elapsed time: 3987.852714 seconds (0d 1h 6m 27s)

---------------  T H R E A D  ---------------

Current thread (0x000001b8435d44d0):  GCTaskThread "GC Thread#0" [stack: 0x0000002ce7e00000,0x0000002ce7f00000] [id=13520]

Stack: [0x0000002ce7e00000,0x0000002ce7f00000],  sp=0x0000002ce7eff550,  free space=1021k
Native frames: (J=compiled Java code, j=interpreted, Vv=VM code, C=native code)
V  [jvm.dll+0x6b0416]
V  [jvm.dll+0x6b08d6]
V  [jvm.dll+0x6b8ee1]
V  [jvm.dll+0x6b9dfa]
V  [jvm.dll+0x86241b]
V  [jvm.dll+0x862466]
V  [jvm.dll+0x7e410a]
V  [jvm.dll+0x67c315]
C  [ucrtbase.dll+0x29333]
C  [KERNEL32.DLL+0x1257d]
C  [ntdll.dll+0x5aa48]


siginfo: EXCEPTION_ACCESS_VIOLATION (0xc0000005), reading address 0xffffffffffffffff


Registers:
RAX=0x1ffffffff0000004, RBX=0x0000000000000020, RCX=0x0000000000000004, RDX=0x000001b857300000
RSP=0x0000002ce7eff550, RBP=0x000001b85b899210, RSI=0x0000000000000004, RDI=0x0000000083ee5c6c
R8 =0x007fffffffc00000, R9 =0x0000000000004b06, R10=0x0000000087a3f9a0, R11=0x00000000000000f4
R12=0x0000002ce7fff008, R13=0x0000000000000010, R14=0x0000000083ee7368, R15=0x0000000000000000
RIP=0x00007ffb4a7b0416, EFLAGS=0x0000000000010206


Register to memory mapping:

RIP=0x00007ffb4a7b0416 jvm.dll
RAX=0x1ffffffff0000004 is an unknown value
RBX=0x0000000000000020 is an unknown value
RCX=0x0000000000000004 is an unknown value
RDX=0x000001b857300000 points into unknown readable memory: 0x0000000000000001 | 01 00 00 00 00 00 00 00
RSP=0x0000002ce7eff550 points into unknown readable memory: 0x0000000087a3f9a0 | a0 f9 a3 87 00 00 00 00
RBP=0x000001b85b899210 points into unknown readable memory: 0x000001b8432f0150 | 50 01 2f 43 b8 01 00 00
RSI=0x0000000000000004 is an unknown value
RDI=0x0000000083ee5c6c is pointing into object: [Lorg.eclipse.jdt.internal.core.util.WeakHashSet$HashableWeakReference; 
{0x0000000083ec1358} - klass: 'org/eclipse/jdt/internal/core/util/WeakHashSet$HashableWeakReference'[]
 - length: 100348
R8 =0x007fffffffc00000 is an unknown value
R9 =0x0000000000004b06 is an unknown value
R10=0x0000000087a3f9a0 is an oop: org.eclipse.jdt.internal.core.util.WeakHashSet$HashableWeakReference 
{0x0000000087a3f9a0} - klass: 'org/eclipse/jdt/internal/core/util/WeakHashSet$HashableWeakReference'
 - ---- fields (total size 4 words):
 - private 'referent' 'Ljava/lang/Object;' @12  "=backend/C:\/Program Files\/Java\/jdk-21\/lib\/jrt-fs.jar`java.base=/javadoc_location=/https:\/\/docs.oracle.com\/en\/java\/javase\/21\/docs\/api\/=/=/maven.pomderived=/true=/<java.math(BigDecimal.class[BigDecimal#needIncrement(MutableBigInteger,int,int,MutableBigInteger,MutableBigInteger)"{0x0000000087a3f9c0} (87a3f9c0)
 - volatile 'queue' 'Ljava/lang/ref/ReferenceQueue;' @16  a 'java/lang/ref/ReferenceQueue'{0x0000000080cdd6e8} (80cdd6e8)
 - volatile 'next' 'Ljava/lang/ref/Reference;' @20  NULL (0)
 - private transient 'discovered' 'Ljava/lang/ref/Reference;' @24  NULL (0)
 - public 'hashCode' 'I' @28  2075936514 (7bbc4702)
R11=0x00000000000000f4 is an unknown value
R12=0x0000002ce7fff008 points into unknown readable memory: 0x000000000000000a | 0a 00 00 00 00 00 00 00
R13=0x0000000000000010 is an unknown value
R14=0x0000000083ee7368 is pointing into object: [Lorg.eclipse.jdt.internal.core.util.WeakHashSet$HashableWeakReference; 
{0x0000000083ec1358} - klass: 'org/eclipse/jdt/internal/core/util/WeakHashSet$HashableWeakReference'[]
 - length: 100348
R15=0x0 is NULL


Top of Stack: (sp=0x0000002ce7eff550)
0x0000002ce7eff550:   0000000087a3f9a0 0000000083ee5c60
0x0000002ce7eff560:   0000000000004ae4 00007ffb4aab11c8
0x0000002ce7eff570:   00007ffb4ac2c7c0 00007ffb4a7b08d6
0x0000002ce7eff580:   000001b85b899210 00007ffb4aa1bb80
0x0000002ce7eff590:   00007ffb4aab11c8 00000000000000e0
0x0000002ce7eff5a0:   0000000083ec1358 0000000100009000
0x0000002ce7eff5b0:   000001b85b899210 00007ffb4a7ae681
0x0000002ce7eff5c0:   0000000080cdd6e8 00007ffb4a2f6d14
0x0000002ce7eff5d0:   00007ffb4aa1bb80 000001b8435d3510
0x0000002ce7eff5e0:   0000000100000003 000001b85b899210
0x0000002ce7eff5f0:   0000000000000000 0000000000000000
0x0000002ce7eff600:   0000000000000005 000000008556b2e0
0x0000002ce7eff610:   00007ffb4ac2c7c0 000000000000000c
0x0000002ce7eff620:   000001b85b899210 00007ffb4a7b8ee1
0x0000002ce7eff630:   000000000000000c 000043ea00004ae4
0x0000002ce7eff640:   00000304000000e0 00007ffb4aab11c8
0x0000002ce7eff650:   00000000855672d0 00007ffb00000800
0x0000002ce7eff660:   00007ffb4aab11c8 000001b8435d3510
0x0000002ce7eff670:   0000000000000003 000001b85b899210
0x0000002ce7eff680:   0000000000000005 0000002ce7fff000
0x0000002ce7eff690:   0000002ce7ffefc8 0000002ce7ffeec0
0x0000002ce7eff6a0:   0000002ce7ffeec0 00007ffb4a7b9dfa
0x0000002ce7eff6b0:   0000000000000005 0000002ce7eff730
0x0000002ce7eff6c0:   0000000080cdd6c8 000001b8435d44d0
0x0000002ce7eff6d0:   0000002ce7fff260 000001b8435cc410
0x0000002ce7eff6e0:   0000000500000002 000001b85b899210
0x0000002ce7eff6f0:   00007ffb4aab19b8 000001b85b899210
0x0000002ce7eff700:   00007ffb4aab1bc0 0000000000000005
0x0000002ce7eff710:   0000000000000000 0000000000000000
0x0000002ce7eff720:   0000000000000000 0000c95a6f00a038
0x0000002ce7eff730:   0000000000000000 000001b8435d44d0
0x0000002ce7eff740:   0000000000000000 0000000000000000 

Instructions: (pc=0x00007ffb4a7b0416)
0x00007ffb4a7b0316:   48 8b 74 24 48 48 83 c4 20 5f c3 cc cc cc cc cc
0x00007ffb4a7b0326:   cc cc cc cc cc cc cc cc cc cc 48 89 5c 24 08 48
0x00007ffb4a7b0336:   89 6c 24 10 48 89 74 24 18 48 89 7c 24 20 41 56
0x00007ffb4a7b0346:   48 83 ec 20 80 3d 15 30 4d 00 00 bb 10 00 00 00
0x00007ffb4a7b0356:   48 8b e9 4d 63 d0 4c 8b da 8b c3 8d 4b fc 0f 84
0x00007ffb4a7b0366:   06 01 00 00 44 0f b6 0d f5 2f 4d 00 45 84 c9 0f
0x00007ffb4a7b0376:   45 c1 4c 63 04 10 49 8b d2 49 8b c0 49 2b c2 41
0x00007ffb4a7b0386:   ba 00 08 00 00 49 3b c2 4c 0f 42 d0 b8 18 00 00
0x00007ffb4a7b0396:   00 4c 03 d2 45 84 c9 0f 45 c3 49 03 c3 48 8d 3c
0x00007ffb4a7b03a6:   90 4e 8d 34 90 4d 3b d0 73 0e 4d 8b c2 49 8b d3
0x00007ffb4a7b03b6:   48 8b cd e8 82 0b 00 00 49 3b fe 0f 83 90 01 00
0x00007ffb4a7b03c6:   00 66 0f 1f 84 00 00 00 00 00 8b 07 85 c0 0f 84
0x00007ffb4a7b03d6:   84 00 00 00 8b 0d 08 6f 46 00 8b d8 48 8b 15 67
0x00007ffb4a7b03e6:   d2 4e 00 48 d3 e3 48 03 1d ed 6e 46 00 8b 0d 3f
0x00007ffb4a7b03f6:   7e 46 00 48 8b c3 48 2b 02 48 8b 52 10 48 c1 e8
0x00007ffb4a7b0406:   03 48 d3 e8 4c 8b c0 24 3f 49 c1 e8 06 0f b6 c8
0x00007ffb4a7b0416:   4a 8b 04 c2 48 0f a3 c8 72 3e 48 8b cb e8 78 c6
0x00007ffb4a7b0426:   95 ff 48 63 f0 48 8d 0d ee d3 4e 00 4c 8b c6 48
0x00007ffb4a7b0436:   8b d3 e8 e3 72 fd ff 84 c0 74 1d 4c 8b c6 48 8d
0x00007ffb4a7b0446:   0d 15 d4 4e 00 48 8b d3 e8 0d 2f 00 00 48 8b d3
0x00007ffb4a7b0456:   48 8b cd e8 42 0a 00 00 48 83 c7 04 49 3b fe 0f
0x00007ffb4a7b0466:   82 65 ff ff ff e9 e7 00 00 00 0f b6 15 f0 2e 4d
0x00007ffb4a7b0476:   00 84 d2 48 0f 45 c1 49 8b ca 4e 63 0c 18 49 8b
0x00007ffb4a7b0486:   c1 49 2b c2 41 ba 00 08 00 00 49 3b c2 4c 0f 42
0x00007ffb4a7b0496:   d0 b8 18 00 00 00 4c 03 d1 84 d2 48 0f 45 c3 49
0x00007ffb4a7b04a6:   03 c3 48 8d 3c c8 4e 8d 34 d0 4d 3b d1 73 0e 4d
0x00007ffb4a7b04b6:   8b c2 49 8b d3 48 8b cd e8 7d 0a 00 00 49 3b fe
0x00007ffb4a7b04c6:   0f 83 8b 00 00 00 0f 1f 40 00 48 8b 1f 48 85 db
0x00007ffb4a7b04d6:   74 72 48 8b 15 71 d1 4e 00 48 8b c3 8b 0d 50 7d
0x00007ffb4a7b04e6:   46 00 48 2b 02 48 8b 52 10 48 c1 e8 03 48 d3 e8
0x00007ffb4a7b04f6:   4c 8b c0 24 3f 49 c1 e8 06 0f b6 c8 4a 8b 04 c2
0x00007ffb4a7b0506:   48 0f a3 c8 72 3e 48 8b cb e8 8c c5 95 ff 48 63 


Stack slot to memory mapping:
stack at sp + 0 slots: 0x0000000087a3f9a0 is an oop: org.eclipse.jdt.internal.core.util.WeakHashSet$HashableWeakReference 
{0x0000000087a3f9a0} - klass: 'org/eclipse/jdt/internal/core/util/WeakHashSet$HashableWeakReference'
 - ---- fields (total size 4 words):
 - private 'referent' 'Ljava/lang/Object;' @12  "=backend/C:\/Program Files\/Java\/jdk-21\/lib\/jrt-fs.jar`java.base=/javadoc_location=/https:\/\/docs.oracle.com\/en\/java\/javase\/21\/docs\/api\/=/=/maven.pomderived=/true=/<java.math(BigDecimal.class[BigDecimal#needIncrement(MutableBigInteger,int,int,MutableBigInteger,MutableBigInteger)"{0x0000000087a3f9c0} (87a3f9c0)
 - volatile 'queue' 'Ljava/lang/ref/ReferenceQueue;' @16  a 'java/lang/ref/ReferenceQueue'{0x0000000080cdd6e8} (80cdd6e8)
 - volatile 'next' 'Ljava/lang/ref/Reference;' @20  NULL (0)
 - private transient 'discovered' 'Ljava/lang/ref/Reference;' @24  NULL (0)
 - public 'hashCode' 'I' @28  2075936514 (7bbc4702)
stack at sp + 1 slots: 0x0000000083ee5c60 is pointing into object: [Lorg.eclipse.jdt.internal.core.util.WeakHashSet$HashableWeakReference; 
{0x0000000083ec1358} - klass: 'org/eclipse/jdt/internal/core/util/WeakHashSet$HashableWeakReference'[]
 - length: 100348
stack at sp + 2 slots: 0x0000000000004ae4 is an unknown value
stack at sp + 3 slots: 0x00007ffb4aab11c8 jvm.dll
stack at sp + 4 slots: 0x00007ffb4ac2c7c0 jvm.dll
stack at sp + 5 slots: 0x00007ffb4a7b08d6 jvm.dll
stack at sp + 6 slots: 0x000001b85b899210 points into unknown readable memory: 0x000001b8432f0150 | 50 01 2f 43 b8 01 00 00
stack at sp + 7 slots: 0x00007ffb4aa1bb80 jvm.dll


---------------  P R O C E S S  ---------------

Threads class SMR info:
_java_thread_list=0x000001b870424850, length=42, elements={
0x000001b8435be5d0, 0x000001b85b8f4250, 0x000001b84366c760, 0x000001b860a3ae00,
0x000001b860a3b6d0, 0x000001b860a3da40, 0x000001b860a3f3b0, 0x000001b860a417f0,
0x000001b860a4a2b0, 0x000001b860a4d4d0, 0x000001b860b417c0, 0x000001b860d8bd20,
0x000001b862a7cc50, 0x000001b862a5b440, 0x000001b862ce3cf0, 0x000001b862c15860,
0x000001b862ed4960, 0x000001b862a214e0, 0x000001b862a219f0, 0x000001b862a20fd0,
0x000001b862a21f00, 0x000001b862a22410, 0x000001b862a200a0, 0x000001b862a22920,
0x000001b862a20ac0, 0x000001b864a927c0, 0x000001b864a90960, 0x000001b864a90e70,
0x000001b864a8fa30, 0x000001b864a8ff40, 0x000001b864a91380, 0x000001b864a922b0,
0x000001b864a91890, 0x000001b864a90450, 0x000001b864a91da0, 0x000001b8643f0ff0,
0x000001b8643ed840, 0x000001b8643f4290, 0x000001b865bf26b0, 0x000001b865bf1c90,
0x000001b865befe30, 0x000001b865beb240
}

Java Threads: ( => current thread )
  0x000001b8435be5d0 JavaThread "main" [_thread_blocked, id=13888, stack(0x0000002ce7d00000,0x0000002ce7e00000)]
  0x000001b85b8f4250 JavaThread "Reference Handler" daemon [_thread_blocked, id=14124, stack(0x0000002ce8000000,0x0000002ce8100000)]
  0x000001b84366c760 JavaThread "Finalizer" daemon [_thread_blocked, id=14284, stack(0x0000002ce8100000,0x0000002ce8200000)]
  0x000001b860a3ae00 JavaThread "Signal Dispatcher" daemon [_thread_blocked, id=13828, stack(0x0000002ce8200000,0x0000002ce8300000)]
  0x000001b860a3b6d0 JavaThread "Attach Listener" daemon [_thread_blocked, id=12980, stack(0x0000002ce8300000,0x0000002ce8400000)]
  0x000001b860a3da40 JavaThread "Service Thread" daemon [_thread_blocked, id=11064, stack(0x0000002ce8400000,0x0000002ce8500000)]
  0x000001b860a3f3b0 JavaThread "Monitor Deflation Thread" daemon [_thread_blocked, id=13412, stack(0x0000002ce8500000,0x0000002ce8600000)]
  0x000001b860a417f0 JavaThread "C2 CompilerThread0" daemon [_thread_blocked, id=13980, stack(0x0000002ce8600000,0x0000002ce8700000)]
  0x000001b860a4a2b0 JavaThread "C1 CompilerThread0" daemon [_thread_blocked, id=13552, stack(0x0000002ce8700000,0x0000002ce8800000)]
  0x000001b860a4d4d0 JavaThread "Sweeper thread" daemon [_thread_blocked, id=13468, stack(0x0000002ce8800000,0x0000002ce8900000)]
  0x000001b860b417c0 JavaThread "Common-Cleaner" daemon [_thread_blocked, id=12964, stack(0x0000002ce8900000,0x0000002ce8a00000)]
  0x000001b860d8bd20 JavaThread "Notification Thread" daemon [_thread_blocked, id=13956, stack(0x0000002ce8b00000,0x0000002ce8c00000)]
  0x000001b862a7cc50 JavaThread "Active Thread: Equinox Container: d9b05f8a-0dda-42c7-b587-d3b262f129ba" [_thread_blocked, id=11092, stack(0x0000002ce9400000,0x0000002ce9500000)]
  0x000001b862a5b440 JavaThread "Framework Event Dispatcher: Equinox Container: d9b05f8a-0dda-42c7-b587-d3b262f129ba" daemon [_thread_blocked, id=13776, stack(0x0000002ce8a00000,0x0000002ce8b00000)]
  0x000001b862ce3cf0 JavaThread "Start Level: Equinox Container: d9b05f8a-0dda-42c7-b587-d3b262f129ba" daemon [_thread_blocked, id=13432, stack(0x0000002ce8d00000,0x0000002ce8e00000)]
  0x000001b862c15860 JavaThread "Bundle File Closer" daemon [_thread_blocked, id=6496, stack(0x0000002ce9700000,0x0000002ce9800000)]
  0x000001b862ed4960 JavaThread "SCR Component Actor" daemon [_thread_blocked, id=13664, stack(0x0000002ce9500000,0x0000002ce9600000)]
  0x000001b862a214e0 JavaThread "Worker-JM" [_thread_blocked, id=6536, stack(0x0000002ce9b00000,0x0000002ce9c00000)]
  0x000001b862a219f0 JavaThread "Worker-0" [_thread_blocked, id=14148, stack(0x0000002ce9d00000,0x0000002ce9e00000)]
  0x000001b862a20fd0 JavaThread "Java indexing" daemon [_thread_blocked, id=9152, stack(0x0000002ce9f00000,0x0000002cea000000)]
  0x000001b862a21f00 JavaThread "JNA Cleaner" daemon [_thread_blocked, id=10224, stack(0x0000002cea100000,0x0000002cea200000)]
  0x000001b862a22410 JavaThread "Thread-2" daemon [_thread_in_native, id=13756, stack(0x0000002cea400000,0x0000002cea500000)]
  0x000001b862a200a0 JavaThread "Thread-3" daemon [_thread_in_native, id=13760, stack(0x0000002cea500000,0x0000002cea600000)]
  0x000001b862a22920 JavaThread "Thread-4" daemon [_thread_in_native, id=14340, stack(0x0000002cea600000,0x0000002cea700000)]
  0x000001b862a20ac0 JavaThread "Thread-5" daemon [_thread_in_native, id=14344, stack(0x0000002cea700000,0x0000002cea800000)]
  0x000001b864a927c0 JavaThread "Thread-6" daemon [_thread_in_native, id=14348, stack(0x0000002cea800000,0x0000002cea900000)]
  0x000001b864a90960 JavaThread "Thread-7" daemon [_thread_in_native, id=14352, stack(0x0000002cea900000,0x0000002ceaa00000)]
  0x000001b864a90e70 JavaThread "Thread-8" daemon [_thread_in_native, id=14356, stack(0x0000002ceaa00000,0x0000002ceab00000)]
  0x000001b864a8fa30 JavaThread "Thread-9" daemon [_thread_in_native, id=14360, stack(0x0000002ceab00000,0x0000002ceac00000)]
  0x000001b864a8ff40 JavaThread "Thread-10" daemon [_thread_in_native, id=14364, stack(0x0000002ceac00000,0x0000002cead00000)]
  0x000001b864a91380 JavaThread "Thread-11" daemon [_thread_in_native, id=14368, stack(0x0000002cead00000,0x0000002ceae00000)]
  0x000001b864a922b0 JavaThread "Thread-12" daemon [_thread_in_native, id=14372, stack(0x0000002ceae00000,0x0000002ceaf00000)]
  0x000001b864a91890 JavaThread "Thread-13" daemon [_thread_in_native, id=14376, stack(0x0000002ceaf00000,0x0000002ceb000000)]
  0x000001b864a90450 JavaThread "Thread-14" daemon [_thread_in_native, id=14380, stack(0x0000002ceb000000,0x0000002ceb100000)]
  0x000001b864a91da0 JavaThread "pool-2-thread-1" [_thread_blocked, id=14384, stack(0x0000002ceb100000,0x0000002ceb200000)]
  0x000001b8643f0ff0 JavaThread "WorkspaceEventsHandler" [_thread_blocked, id=14392, stack(0x0000002ceb300000,0x0000002ceb400000)]
  0x000001b8643ed840 JavaThread "pool-1-thread-1" [_thread_blocked, id=14396, stack(0x0000002ceb400000,0x0000002ceb500000)]
  0x000001b8643f4290 JavaThread "Worker-3" [_thread_blocked, id=15428, stack(0x0000002ceb500000,0x0000002ceb600000)]
  0x000001b865bf26b0 JavaThread "Cleaner-0" daemon [_thread_blocked, id=13732, stack(0x0000002cec100000,0x0000002cec200000)]
  0x000001b865bf1c90 JavaThread "ForkJoinPool.commonPool-worker-12" daemon [_thread_blocked, id=2836, stack(0x0000002ce7a00000,0x0000002ce7b00000)]
  0x000001b865befe30 JavaThread "ForkJoinPool.commonPool-worker-13" daemon [_thread_blocked, id=14860, stack(0x0000002ce7b00000,0x0000002ce7c00000)]
  0x000001b865beb240 JavaThread "Worker-8: Java indexing... " [_thread_blocked, id=12904, stack(0x0000002ce7c00000,0x0000002ce7d00000)]

Other Threads:
  0x000001b843669d00 VMThread "VM Thread" [stack: 0x0000002ce7f00000,0x0000002ce8000000] [id=13960]
  0x000001b860d8d0f0 WatcherThread [stack: 0x0000002ce8c00000,0x0000002ce8d00000] [id=14272]
=>0x000001b8435d44d0 GCTaskThread "GC Thread#0" [stack: 0x0000002ce7e00000,0x0000002ce7f00000] [id=13520]
  0x000001b86259bd30 GCTaskThread "GC Thread#1" [stack: 0x0000002ce8e00000,0x0000002ce8f00000] [id=8348]
  0x000001b86259c400 GCTaskThread "GC Thread#2" [stack: 0x0000002ce8f00000,0x0000002ce9000000] [id=13744]
  0x000001b86259c6c0 GCTaskThread "GC Thread#3" [stack: 0x0000002ce9000000,0x0000002ce9100000] [id=14168]
  0x000001b86259c980 GCTaskThread "GC Thread#4" [stack: 0x0000002ce9100000,0x0000002ce9200000] [id=13728]
  0x000001b86259cc40 GCTaskThread "GC Thread#5" [stack: 0x0000002ce9200000,0x0000002ce9300000] [id=1128]
  0x000001b862854830 GCTaskThread "GC Thread#6" [stack: 0x0000002ce9300000,0x0000002ce9400000] [id=12956]
  0x000001b862aac0b0 GCTaskThread "GC Thread#7" [stack: 0x0000002ce9600000,0x0000002ce9700000] [id=14004]
  0x000001b862f64020 GCTaskThread "GC Thread#8" [stack: 0x0000002ce9800000,0x0000002ce9900000] [id=13648]
  0x000001b8630e24f0 GCTaskThread "GC Thread#9" [stack: 0x0000002ce9900000,0x0000002ce9a00000] [id=13660]

Threads with active compile tasks:
C2 CompilerThread0  3987876 17851 % !   4       org.eclipse.jdt.internal.compiler.classfmt.ClassFileReader::<init> @ 63 (2158 bytes)

VM state: at safepoint (normal execution)

VM Mutex/Monitor currently owned by a thread:  ([mutex/lock_event])
[0x000001b8435bae40] Threads_lock - owner thread: 0x000001b843669d00
[0x000001b8435bb860] Heap_lock - owner thread: 0x000001b862a20fd0

Heap address: 0x0000000080000000, size: 2048 MB, Compressed Oops mode: 32-bit

CDS archive(s) not mapped
Compressed class space mapped at: 0x0000000100000000-0x0000000140000000, reserved size: 1073741824
Narrow klass base: 0x0000000000000000, Narrow klass shift: 3, Narrow klass range: 0x140000000

GC Precious Log:
 CPUs: 12 total, 12 available
 Memory: 16225M
 Large Page Support: Disabled
 NUMA Support: Disabled
 Compressed Oops: Enabled (32-bit)
 Alignments: Space 512K, Generation 512K, Heap 2M
 Heap Min Capacity: 100M
 Heap Initial Capacity: 100M
 Heap Max Capacity: 2G
 Pre-touch: Disabled
 Parallel Workers: 10

Heap:
 PSYoungGen      total 3584K, used 736K [0x00000000d5580000, 0x00000000d5a80000, 0x0000000100000000)
  eden space 2560K, 0% used [0x00000000d5580000,0x00000000d5580000,0x00000000d5800000)
  from space 1024K, 71% used [0x00000000d5980000,0x00000000d5a38000,0x00000000d5a80000)
  to   space 1024K, 0% used [0x00000000d5800000,0x00000000d5800000,0x00000000d5900000)
 ParOldGen       total 274944K, used 274519K [0x0000000080000000, 0x0000000090c80000, 0x00000000d5580000)
  object space 274944K, 99% used [0x0000000080000000,0x0000000090c15e10,0x0000000090c80000)
 Metaspace       used 81776K, committed 83200K, reserved 1179648K
  class space    used 8216K, committed 8896K, reserved 1048576K

Card table byte_map: [0x000001b856c40000,0x000001b857050000] _byte_map_base: 0x000001b856840000

Marking Bits: (ParMarkBitMap*) 0x00007ffb4ac9d820
 Begin Bits: [0x000001b857300000, 0x000001b859300000)
 End Bits:   [0x000001b859300000, 0x000001b85b300000)

Polling page: 0x000001b843670000

Metaspace:

Usage:
  Non-class:     71.84 MB used.
      Class:      8.02 MB used.
       Both:     79.86 MB used.

Virtual space:
  Non-class space:      128.00 MB reserved,      72.56 MB ( 57%) committed,  2 nodes.
      Class space:        1.00 GB reserved,       8.69 MB ( <1%) committed,  1 nodes.
             Both:        1.12 GB reserved,      81.25 MB (  7%) committed. 

Chunk freelists:
   Non-Class:  6.50 MB
       Class:  7.23 MB
        Both:  13.73 MB

MaxMetaspaceSize: unlimited
CompressedClassSpaceSize: 1.00 GB
Initial GC threshold: 21.00 MB
Current GC threshold: 133.44 MB
CDS: off
MetaspaceReclaimPolicy: balanced
 - commit_granule_bytes: 65536.
 - commit_granule_words: 8192.
 - virtual_space_node_default_size: 8388608.
 - enlarge_chunks_in_place: 1.
 - new_chunks_are_fully_committed: 0.
 - uncommit_free_chunks: 1.
 - use_allocation_guard: 0.
 - handle_deallocations: 1.


Internal statistics:

num_allocs_failed_limit: 11.
num_arena_births: 1084.
num_arena_deaths: 46.
num_vsnodes_births: 3.
num_vsnodes_deaths: 0.
num_space_committed: 1300.
num_space_uncommitted: 0.
num_chunks_returned_to_freelist: 72.
num_chunks_taken_from_freelist: 4694.
num_chunk_merges: 15.
num_chunk_splits: 2834.
num_chunks_enlarged: 1567.
num_inconsistent_stats: 0.

CodeHeap 'non-profiled nmethods': size=120000Kb used=11260Kb max_used=11260Kb free=108739Kb
 bounds [0x000001b84f530000, 0x000001b850030000, 0x000001b856a60000]
CodeHeap 'profiled nmethods': size=120000Kb used=29454Kb max_used=29454Kb free=90545Kb
 bounds [0x000001b847a60000, 0x000001b849750000, 0x000001b84ef90000]
CodeHeap 'non-nmethods': size=5760Kb used=1400Kb max_used=1498Kb free=4359Kb
 bounds [0x000001b84ef90000, 0x000001b84f200000, 0x000001b84f530000]
 total_blobs=14304 nmethods=13549 adapters=665
 compilation: enabled
              stopped_count=0, restarted_count=0
 full_count=0

Compilation events (20 events):
Event: 3987.487 Thread 0x000001b86623aa80 17842 %     4       org.eclipse.jdt.internal.compiler.util.SimpleLookupTable::rehash @ 23 (86 bytes)
Event: 3987.492 Thread 0x000001b86623aa80 nmethod 17842% 0x000001b850020a10 code [0x000001b850020be0, 0x000001b8500212c8]
Event: 3987.522 Thread 0x000001b860a417f0 nmethod 17834 0x000001b850021810 code [0x000001b850021bc0, 0x000001b850026350]
Event: 3987.584 Thread 0x000001b86623aa80 17843       4       java.io.InputStream::readNBytes (292 bytes)
Event: 3987.584 Thread 0x000001b860a417f0 17844       4       java.io.InputStream::readAllBytes (7 bytes)
Event: 3987.600 Thread 0x000001b86623aa80 nmethod 17843 0x000001b850028110 code [0x000001b850028320, 0x000001b850029748]
Event: 3987.612 Thread 0x000001b860a417f0 nmethod 17844 0x000001b85002a310 code [0x000001b85002a5a0, 0x000001b85002c9b8]
Event: 3987.613 Thread 0x000001b860a417f0 17845       4       org.eclipse.jdt.internal.compiler.util.Util::scanTypeSignature (206 bytes)
Event: 3987.616 Thread 0x000001b860a4a2b0 17846 % !   3       org.eclipse.jdt.internal.compiler.classfmt.ClassFileReader::<init> @ 63 (2158 bytes)
Event: 3987.618 Thread 0x000001b86623aa80 17847       4       org.eclipse.jdt.internal.compiler.classfmt.AnnotationInfo::<init> (32 bytes)
Event: 3987.618 Thread 0x000001b86623aa80 nmethod 17847 0x000001b84fdb0f90 code [0x000001b84fdb1120, 0x000001b84fdb1218]
Event: 3987.620 Thread 0x000001b860a417f0 nmethod 17845 0x000001b85002dd90 code [0x000001b85002dfa0, 0x000001b85002e980]
Event: 3987.621 Thread 0x000001b860a4a2b0 nmethod 17846% 0x000001b849728090 code [0x000001b849728b60, 0x000001b849732fc8]
Event: 3987.709 Thread 0x000001b860a4a2b0 17848   !   3       org.eclipse.jdt.internal.compiler.classfmt.ClassFileReader::<init> (2158 bytes)
Event: 3987.713 Thread 0x000001b860a4a2b0 nmethod 17848 0x000001b849739890 code [0x000001b84973a340, 0x000001b849743a08]
Event: 3987.727 Thread 0x000001b860a4a2b0 17849       3       org.eclipse.jdt.internal.core.search.indexing.BinaryIndexer::addBinaryAnnotation (87 bytes)
Event: 3987.727 Thread 0x000001b860a4a2b0 nmethod 17849 0x000001b848f02b10 code [0x000001b848f02de0, 0x000001b848f03d08]
Event: 3987.750 Thread 0x000001b860a4a2b0 17850       3       org.eclipse.core.runtime.SubMonitor::subTask (18 bytes)
Event: 3987.750 Thread 0x000001b860a4a2b0 nmethod 17850 0x000001b847bee410 code [0x000001b847bee5e0, 0x000001b847beea38]
Event: 3987.771 Thread 0x000001b860a417f0 17851 % !   4       org.eclipse.jdt.internal.compiler.classfmt.ClassFileReader::<init> @ 63 (2158 bytes)

GC Heap History (20 events):
Event: 3987.611 GC heap after
{Heap after GC invocations=450 (full 18):
 PSYoungGen      total 4608K, used 1420K [0x00000000d5580000, 0x00000000d5c00000, 0x0000000100000000)
  eden space 2560K, 0% used [0x00000000d5580000,0x00000000d5580000,0x00000000d5800000)
  from space 2048K, 69% used [0x00000000d5800000,0x00000000d5963008,0x00000000d5a00000)
  to   space 2048K, 0% used [0x00000000d5a00000,0x00000000d5a00000,0x00000000d5c00000)
 ParOldGen       total 274944K, used 270718K [0x0000000080000000, 0x0000000090c80000, 0x00000000d5580000)
  object space 274944K, 98% used [0x0000000080000000,0x000000009085fb90,0x0000000090c80000)
 Metaspace       used 81775K, committed 83200K, reserved 1179648K
  class space    used 8216K, committed 8896K, reserved 1048576K
}
Event: 3987.615 GC heap before
{Heap before GC invocations=451 (full 18):
 PSYoungGen      total 4608K, used 3980K [0x00000000d5580000, 0x00000000d5c00000, 0x0000000100000000)
  eden space 2560K, 100% used [0x00000000d5580000,0x00000000d5800000,0x00000000d5800000)
  from space 2048K, 69% used [0x00000000d5800000,0x00000000d5963008,0x00000000d5a00000)
  to   space 2048K, 0% used [0x00000000d5a00000,0x00000000d5a00000,0x00000000d5c00000)
 ParOldGen       total 274944K, used 270718K [0x0000000080000000, 0x0000000090c80000, 0x00000000d5580000)
  object space 274944K, 98% used [0x0000000080000000,0x000000009085fb90,0x0000000090c80000)
 Metaspace       used 81775K, committed 83200K, reserved 1179648K
  class space    used 8216K, committed 8896K, reserved 1048576K
}
Event: 3987.616 GC heap after
{Heap after GC invocations=451 (full 18):
 PSYoungGen      total 4096K, used 1036K [0x00000000d5580000, 0x00000000d5b80000, 0x0000000100000000)
  eden space 2560K, 0% used [0x00000000d5580000,0x00000000d5580000,0x00000000d5800000)
  from space 1536K, 67% used [0x00000000d5a00000,0x00000000d5b03008,0x00000000d5b80000)
  to   space 1536K, 0% used [0x00000000d5880000,0x00000000d5880000,0x00000000d5a00000)
 ParOldGen       total 274944K, used 271558K [0x0000000080000000, 0x0000000090c80000, 0x00000000d5580000)
  object space 274944K, 98% used [0x0000000080000000,0x0000000090931b90,0x0000000090c80000)
 Metaspace       used 81775K, committed 83200K, reserved 1179648K
  class space    used 8216K, committed 8896K, reserved 1048576K
}
Event: 3987.621 GC heap before
{Heap before GC invocations=452 (full 18):
 PSYoungGen      total 4096K, used 3596K [0x00000000d5580000, 0x00000000d5b80000, 0x0000000100000000)
  eden space 2560K, 100% used [0x00000000d5580000,0x00000000d5800000,0x00000000d5800000)
  from space 1536K, 67% used [0x00000000d5a00000,0x00000000d5b03008,0x00000000d5b80000)
  to   space 1536K, 0% used [0x00000000d5880000,0x00000000d5880000,0x00000000d5a00000)
 ParOldGen       total 274944K, used 271558K [0x0000000080000000, 0x0000000090c80000, 0x00000000d5580000)
  object space 274944K, 98% used [0x0000000080000000,0x0000000090931b90,0x0000000090c80000)
 Metaspace       used 81775K, committed 83200K, reserved 1179648K
  class space    used 8216K, committed 8896K, reserved 1048576K
}
Event: 3987.622 GC heap after
{Heap after GC invocations=452 (full 18):
 PSYoungGen      total 3072K, used 416K [0x00000000d5580000, 0x00000000d5a80000, 0x0000000100000000)
  eden space 2560K, 0% used [0x00000000d5580000,0x00000000d5580000,0x00000000d5800000)
  from space 512K, 81% used [0x00000000d5880000,0x00000000d58e8000,0x00000000d5900000)
  to   space 1024K, 0% used [0x00000000d5980000,0x00000000d5980000,0x00000000d5a80000)
 ParOldGen       total 274944K, used 272450K [0x0000000080000000, 0x0000000090c80000, 0x00000000d5580000)
  object space 274944K, 99% used [0x0000000080000000,0x0000000090a10b98,0x0000000090c80000)
 Metaspace       used 81775K, committed 83200K, reserved 1179648K
  class space    used 8216K, committed 8896K, reserved 1048576K
}
Event: 3987.723 GC heap before
{Heap before GC invocations=453 (full 18):
 PSYoungGen      total 3072K, used 2976K [0x00000000d5580000, 0x00000000d5a80000, 0x0000000100000000)
  eden space 2560K, 100% used [0x00000000d5580000,0x00000000d5800000,0x00000000d5800000)
  from space 512K, 81% used [0x00000000d5880000,0x00000000d58e8000,0x00000000d5900000)
  to   space 1024K, 0% used [0x00000000d5980000,0x00000000d5980000,0x00000000d5a80000)
 ParOldGen       total 274944K, used 272450K [0x0000000080000000, 0x0000000090c80000, 0x00000000d5580000)
  object space 274944K, 99% used [0x0000000080000000,0x0000000090a10b98,0x0000000090c80000)
 Metaspace       used 81775K, committed 83200K, reserved 1179648K
  class space    used 8216K, committed 8896K, reserved 1048576K
}
Event: 3987.724 GC heap after
{Heap after GC invocations=453 (full 18):
 PSYoungGen      total 3072K, used 344K [0x00000000d5580000, 0x00000000d5a00000, 0x0000000100000000)
  eden space 2560K, 0% used [0x00000000d5580000,0x00000000d5580000,0x00000000d5800000)
  from space 512K, 67% used [0x00000000d5980000,0x00000000d59d6330,0x00000000d5a00000)
  to   space 512K, 0% used [0x00000000d5880000,0x00000000d5880000,0x00000000d5900000)
 ParOldGen       total 274944K, used 272730K [0x0000000080000000, 0x0000000090c80000, 0x00000000d5580000)
  object space 274944K, 99% used [0x0000000080000000,0x0000000090a56b98,0x0000000090c80000)
 Metaspace       used 81775K, committed 83200K, reserved 1179648K
  class space    used 8216K, committed 8896K, reserved 1048576K
}
Event: 3987.729 GC heap before
{Heap before GC invocations=454 (full 18):
 PSYoungGen      total 3072K, used 2904K [0x00000000d5580000, 0x00000000d5a00000, 0x0000000100000000)
  eden space 2560K, 100% used [0x00000000d5580000,0x00000000d5800000,0x00000000d5800000)
  from space 512K, 67% used [0x00000000d5980000,0x00000000d59d6330,0x00000000d5a00000)
  to   space 512K, 0% used [0x00000000d5880000,0x00000000d5880000,0x00000000d5900000)
 ParOldGen       total 274944K, used 272730K [0x0000000080000000, 0x0000000090c80000, 0x00000000d5580000)
  object space 274944K, 99% used [0x0000000080000000,0x0000000090a56b98,0x0000000090c80000)
 Metaspace       used 81775K, committed 83200K, reserved 1179648K
  class space    used 8216K, committed 8896K, reserved 1048576K
}
Event: 3987.730 GC heap after
{Heap after GC invocations=454 (full 18):
 PSYoungGen      total 3072K, used 504K [0x00000000d5580000, 0x00000000d5a00000, 0x0000000100000000)
  eden space 2560K, 0% used [0x00000000d5580000,0x00000000d5580000,0x00000000d5800000)
  from space 512K, 98% used [0x00000000d5880000,0x00000000d58fe330,0x00000000d5900000)
  to   space 1024K, 0% used [0x00000000d5900000,0x00000000d5900000,0x00000000d5a00000)
 ParOldGen       total 274944K, used 272850K [0x0000000080000000, 0x0000000090c80000, 0x00000000d5580000)
  object space 274944K, 99% used [0x0000000080000000,0x0000000090a74b98,0x0000000090c80000)
 Metaspace       used 81775K, committed 83200K, reserved 1179648K
  class space    used 8216K, committed 8896K, reserved 1048576K
}
Event: 3987.747 GC heap before
{Heap before GC invocations=455 (full 18):
 PSYoungGen      total 3072K, used 3049K [0x00000000d5580000, 0x00000000d5a00000, 0x0000000100000000)
  eden space 2560K, 99% used [0x00000000d5580000,0x00000000d57fc250,0x00000000d5800000)
  from space 512K, 98% used [0x00000000d5880000,0x00000000d58fe330,0x00000000d5900000)
  to   space 1024K, 0% used [0x00000000d5900000,0x00000000d5900000,0x00000000d5a00000)
 ParOldGen       total 274944K, used 272850K [0x0000000080000000, 0x0000000090c80000, 0x00000000d5580000)
  object space 274944K, 99% used [0x0000000080000000,0x0000000090a74b98,0x0000000090c80000)
 Metaspace       used 81775K, committed 83200K, reserved 1179648K
  class space    used 8216K, committed 8896K, reserved 1048576K
}
Event: 3987.747 GC heap after
{Heap after GC invocations=455 (full 18):
 PSYoungGen      total 3584K, used 480K [0x00000000d5580000, 0x00000000d5a00000, 0x0000000100000000)
  eden space 2560K, 0% used [0x00000000d5580000,0x00000000d5580000,0x00000000d5800000)
  from space 1024K, 46% used [0x00000000d5900000,0x00000000d5978000,0x00000000d5a00000)
  to   space 1024K, 0% used [0x00000000d5800000,0x00000000d5800000,0x00000000d5900000)
 ParOldGen       total 274944K, used 273329K [0x0000000080000000, 0x0000000090c80000, 0x00000000d5580000)
  object space 274944K, 99% used [0x0000000080000000,0x0000000090aec608,0x0000000090c80000)
 Metaspace       used 81775K, committed 83200K, reserved 1179648K
  class space    used 8216K, committed 8896K, reserved 1048576K
}
Event: 3987.751 GC heap before
{Heap before GC invocations=456 (full 18):
 PSYoungGen      total 3584K, used 3040K [0x00000000d5580000, 0x00000000d5a00000, 0x0000000100000000)
  eden space 2560K, 100% used [0x00000000d5580000,0x00000000d5800000,0x00000000d5800000)
  from space 1024K, 46% used [0x00000000d5900000,0x00000000d5978000,0x00000000d5a00000)
  to   space 1024K, 0% used [0x00000000d5800000,0x00000000d5800000,0x00000000d5900000)
 ParOldGen       total 274944K, used 273329K [0x0000000080000000, 0x0000000090c80000, 0x00000000d5580000)
  object space 274944K, 99% used [0x0000000080000000,0x0000000090aec608,0x0000000090c80000)
 Metaspace       used 81776K, committed 83200K, reserved 1179648K
  class space    used 8216K, committed 8896K, reserved 1048576K
}
Event: 3987.752 GC heap after
{Heap after GC invocations=456 (full 18):
 PSYoungGen      total 3584K, used 891K [0x00000000d5580000, 0x00000000d5a00000, 0x0000000100000000)
  eden space 2560K, 0% used [0x00000000d5580000,0x00000000d5580000,0x00000000d5800000)
  from space 1024K, 87% used [0x00000000d5800000,0x00000000d58dec08,0x00000000d5900000)
  to   space 1024K, 0% used [0x00000000d5900000,0x00000000d5900000,0x00000000d5a00000)
 ParOldGen       total 274944K, used 273329K [0x0000000080000000, 0x0000000090c80000, 0x00000000d5580000)
  object space 274944K, 99% used [0x0000000080000000,0x0000000090aec608,0x0000000090c80000)
 Metaspace       used 81776K, committed 83200K, reserved 1179648K
  class space    used 8216K, committed 8896K, reserved 1048576K
}
Event: 3987.763 GC heap before
{Heap before GC invocations=457 (full 18):
 PSYoungGen      total 3584K, used 3451K [0x00000000d5580000, 0x00000000d5a00000, 0x0000000100000000)
  eden space 2560K, 100% used [0x00000000d5580000,0x00000000d5800000,0x00000000d5800000)
  from space 1024K, 87% used [0x00000000d5800000,0x00000000d58dec08,0x00000000d5900000)
  to   space 1024K, 0% used [0x00000000d5900000,0x00000000d5900000,0x00000000d5a00000)
 ParOldGen       total 274944K, used 273329K [0x0000000080000000, 0x0000000090c80000, 0x00000000d5580000)
  object space 274944K, 99% used [0x0000000080000000,0x0000000090aec608,0x0000000090c80000)
 Metaspace       used 81776K, committed 83200K, reserved 1179648K
  class space    used 8216K, committed 8896K, reserved 1048576K
}
Event: 3987.764 GC heap after
{Heap after GC invocations=457 (full 18):
 PSYoungGen      total 3584K, used 918K [0x00000000d5580000, 0x00000000d5a00000, 0x0000000100000000)
  eden space 2560K, 0% used [0x00000000d5580000,0x00000000d5580000,0x00000000d5800000)
  from space 1024K, 89% used [0x00000000d5900000,0x00000000d59e5808,0x00000000d5a00000)
  to   space 1024K, 0% used [0x00000000d5800000,0x00000000d5800000,0x00000000d5900000)
 ParOldGen       total 274944K, used 273673K [0x0000000080000000, 0x0000000090c80000, 0x00000000d5580000)
  object space 274944K, 99% used [0x0000000080000000,0x0000000090b42608,0x0000000090c80000)
 Metaspace       used 81776K, committed 83200K, reserved 1179648K
  class space    used 8216K, committed 8896K, reserved 1048576K
}
Event: 3987.771 GC heap before
{Heap before GC invocations=458 (full 18):
 PSYoungGen      total 3584K, used 3478K [0x00000000d5580000, 0x00000000d5a00000, 0x0000000100000000)
  eden space 2560K, 100% used [0x00000000d5580000,0x00000000d5800000,0x00000000d5800000)
  from space 1024K, 89% used [0x00000000d5900000,0x00000000d59e5808,0x00000000d5a00000)
  to   space 1024K, 0% used [0x00000000d5800000,0x00000000d5800000,0x00000000d5900000)
 ParOldGen       total 274944K, used 273673K [0x0000000080000000, 0x0000000090c80000, 0x00000000d5580000)
  object space 274944K, 99% used [0x0000000080000000,0x0000000090b42608,0x0000000090c80000)
 Metaspace       used 81776K, committed 83200K, reserved 1179648K
  class space    used 8216K, committed 8896K, reserved 1048576K
}
Event: 3987.772 GC heap after
{Heap after GC invocations=458 (full 18):
 PSYoungGen      total 3584K, used 1014K [0x00000000d5580000, 0x00000000d5b00000, 0x0000000100000000)
  eden space 2560K, 0% used [0x00000000d5580000,0x00000000d5580000,0x00000000d5800000)
  from space 1024K, 99% used [0x00000000d5800000,0x00000000d58fd808,0x00000000d5900000)
  to   space 1536K, 0% used [0x00000000d5980000,0x00000000d5980000,0x00000000d5b00000)
 ParOldGen       total 274944K, used 273905K [0x0000000080000000, 0x0000000090c80000, 0x00000000d5580000)
  object space 274944K, 99% used [0x0000000080000000,0x0000000090b7c608,0x0000000090c80000)
 Metaspace       used 81776K, committed 83200K, reserved 1179648K
  class space    used 8216K, committed 8896K, reserved 1048576K
}
Event: 3987.775 GC heap before
{Heap before GC invocations=459 (full 18):
 PSYoungGen      total 3584K, used 3574K [0x00000000d5580000, 0x00000000d5b00000, 0x0000000100000000)
  eden space 2560K, 100% used [0x00000000d5580000,0x00000000d5800000,0x00000000d5800000)
  from space 1024K, 99% used [0x00000000d5800000,0x00000000d58fd808,0x00000000d5900000)
  to   space 1536K, 0% used [0x00000000d5980000,0x00000000d5980000,0x00000000d5b00000)
 ParOldGen       total 274944K, used 273905K [0x0000000080000000, 0x0000000090c80000, 0x00000000d5580000)
  object space 274944K, 99% used [0x0000000080000000,0x0000000090b7c608,0x0000000090c80000)
 Metaspace       used 81776K, committed 83200K, reserved 1179648K
  class space    used 8216K, committed 8896K, reserved 1048576K
}
Event: 3987.777 GC heap after
{Heap after GC invocations=459 (full 18):
 PSYoungGen      total 3584K, used 736K [0x00000000d5580000, 0x00000000d5a80000, 0x0000000100000000)
  eden space 2560K, 0% used [0x00000000d5580000,0x00000000d5580000,0x00000000d5800000)
  from space 1024K, 71% used [0x00000000d5980000,0x00000000d5a38000,0x00000000d5a80000)
  to   space 1024K, 0% used [0x00000000d5800000,0x00000000d5800000,0x00000000d5900000)
 ParOldGen       total 274944K, used 274519K [0x0000000080000000, 0x0000000090c80000, 0x00000000d5580000)
  object space 274944K, 99% used [0x0000000080000000,0x0000000090c15e10,0x0000000090c80000)
 Metaspace       used 81776K, committed 83200K, reserved 1179648K
  class space    used 8216K, committed 8896K, reserved 1048576K
}
Event: 3987.777 GC heap before
{Heap before GC invocations=460 (full 19):
 PSYoungGen      total 3584K, used 736K [0x00000000d5580000, 0x00000000d5a80000, 0x0000000100000000)
  eden space 2560K, 0% used [0x00000000d5580000,0x00000000d5580000,0x00000000d5800000)
  from space 1024K, 71% used [0x00000000d5980000,0x00000000d5a38000,0x00000000d5a80000)
  to   space 1024K, 0% used [0x00000000d5800000,0x00000000d5800000,0x00000000d5900000)
 ParOldGen       total 274944K, used 274519K [0x0000000080000000, 0x0000000090c80000, 0x00000000d5580000)
  object space 274944K, 99% used [0x0000000080000000,0x0000000090c15e10,0x0000000090c80000)
 Metaspace       used 81776K, committed 83200K, reserved 1179648K
  class space    used 8216K, committed 8896K, reserved 1048576K
}

Dll operation events (10 events):
Event: 0.011 Loaded shared library c:\Users\casa\.vscode\extensions\redhat.java-1.31.0-win32-x64\jre\17.0.11-win32-x86_64\bin\java.dll
Event: 0.114 Loaded shared library c:\Users\casa\.vscode\extensions\redhat.java-1.31.0-win32-x64\jre\17.0.11-win32-x86_64\bin\zip.dll
Event: 0.122 Loaded shared library C:\Users\casa\.vscode\extensions\redhat.java-1.31.0-win32-x64\jre\17.0.11-win32-x86_64\bin\instrument.dll
Event: 0.169 Loaded shared library C:\Users\casa\.vscode\extensions\redhat.java-1.31.0-win32-x64\jre\17.0.11-win32-x86_64\bin\net.dll
Event: 0.179 Loaded shared library C:\Users\casa\.vscode\extensions\redhat.java-1.31.0-win32-x64\jre\17.0.11-win32-x86_64\bin\nio.dll
Event: 0.188 Loaded shared library C:\Users\casa\.vscode\extensions\redhat.java-1.31.0-win32-x64\jre\17.0.11-win32-x86_64\bin\zip.dll
Event: 0.220 Loaded shared library C:\Users\casa\.vscode\extensions\redhat.java-1.31.0-win32-x64\jre\17.0.11-win32-x86_64\bin\jimage.dll
Event: 0.292 Loaded shared library c:\Users\casa\.vscode\extensions\redhat.java-1.31.0-win32-x64\jre\17.0.11-win32-x86_64\bin\verify.dll
Event: 2.952 Loaded shared library C:\Users\casa\AppData\Roaming\Code\User\globalStorage\redhat.java\1.31.0\config_win\org.eclipse.equinox.launcher\org.eclipse.equinox.launcher.win32.win32.x86_64_1.2.1000.v20240507-1834\eclipse_11902.dll
Event: 9.355 Loaded shared library C:\Users\casa\AppData\Local\Temp\jna-3046188\jna6019701812521545739.dll

Deoptimization events (20 events):
Event: 3987.267 Thread 0x000001b862a20fd0 DEOPT PACKING pc=0x000001b8494b0564 sp=0x0000002ce9ffedf0
Event: 3987.267 Thread 0x000001b862a20fd0 DEOPT UNPACKING pc=0x000001b84efe6e43 sp=0x0000002ce9ffe2f0 mode 0
Event: 3987.267 Thread 0x000001b862a20fd0 DEOPT PACKING pc=0x000001b8494b0564 sp=0x0000002ce9ffedf0
Event: 3987.267 Thread 0x000001b862a20fd0 DEOPT UNPACKING pc=0x000001b84efe6e43 sp=0x0000002ce9ffe2f0 mode 0
Event: 3987.286 Thread 0x000001b862a20fd0 Uncommon trap: trap_request=0xffffff45 fr.pc=0x000001b84fe1cd70 relative=0x0000000000001250
Event: 3987.286 Thread 0x000001b862a20fd0 Uncommon trap: reason=unstable_if action=reinterpret pc=0x000001b84fe1cd70 method=org.eclipse.jdt.internal.core.index.DiskIndex.writeDocumentNumbers([ILjava/io/FileOutputStream;)V @ 127 c2
Event: 3987.286 Thread 0x000001b862a20fd0 DEOPT PACKING pc=0x000001b84fe1cd70 sp=0x0000002ce9ffedb0
Event: 3987.286 Thread 0x000001b862a20fd0 DEOPT UNPACKING pc=0x000001b84efe66a3 sp=0x0000002ce9ffed60 mode 2
Event: 3987.387 Thread 0x000001b862a20fd0 DEOPT PACKING pc=0x000001b8494ac706 sp=0x0000002ce9ffedf0
Event: 3987.387 Thread 0x000001b862a20fd0 DEOPT UNPACKING pc=0x000001b84efe6e43 sp=0x0000002ce9ffe348 mode 0
Event: 3987.435 Thread 0x000001b862a20fd0 DEOPT PACKING pc=0x000001b8494ac706 sp=0x0000002ce9ffedf0
Event: 3987.435 Thread 0x000001b862a20fd0 DEOPT UNPACKING pc=0x000001b84efe6e43 sp=0x0000002ce9ffe348 mode 0
Event: 3987.616 Thread 0x000001b862a20fd0 Uncommon trap: trap_request=0xffffff45 fr.pc=0x000001b850000588 relative=0x0000000000007048
Event: 3987.616 Thread 0x000001b862a20fd0 Uncommon trap: reason=unstable_if action=reinterpret pc=0x000001b850000588 method=org.eclipse.jdt.internal.compiler.classfmt.ClassFileReader.<init>([B[CZ)V @ 1352 c2
Event: 3987.616 Thread 0x000001b862a20fd0 DEOPT PACKING pc=0x000001b850000588 sp=0x0000002ce9ffee50
Event: 3987.616 Thread 0x000001b862a20fd0 DEOPT UNPACKING pc=0x000001b84efe66a3 sp=0x0000002ce9ffee18 mode 2
Event: 3987.617 Thread 0x000001b862a20fd0 Uncommon trap: trap_request=0xffffff45 fr.pc=0x000001b84fe15780 relative=0x0000000000002f20
Event: 3987.617 Thread 0x000001b862a20fd0 Uncommon trap: reason=unstable_if action=reinterpret pc=0x000001b84fe15780 method=org.eclipse.jdt.internal.core.search.indexing.BinaryIndexer.addPairValue(Ljava/lang/Object;)V @ 80 c2
Event: 3987.617 Thread 0x000001b862a20fd0 DEOPT PACKING pc=0x000001b84fe15780 sp=0x0000002ce9ffee70
Event: 3987.617 Thread 0x000001b862a20fd0 DEOPT UNPACKING pc=0x000001b84efe66a3 sp=0x0000002ce9ffede0 mode 2

Classes unloaded (20 events):
Event: 9.101 Thread 0x000001b843669d00 Unloading class 0x0000000100249800 'java/lang/invoke/LambdaForm$MH+0x0000000100249800'
Event: 9.101 Thread 0x000001b843669d00 Unloading class 0x0000000100249400 'java/lang/invoke/LambdaForm$BMH+0x0000000100249400'
Event: 9.101 Thread 0x000001b843669d00 Unloading class 0x0000000100249000 'java/lang/invoke/LambdaForm$DMH+0x0000000100249000'
Event: 9.101 Thread 0x000001b843669d00 Unloading class 0x0000000100244400 'java/lang/invoke/LambdaForm$DMH+0x0000000100244400'
Event: 14.114 Thread 0x000001b843669d00 Unloading class 0x0000000100609c00 'jdk/internal/reflect/GeneratedSerializationConstructorAccessor31'
Event: 14.114 Thread 0x000001b843669d00 Unloading class 0x0000000100609400 'jdk/internal/reflect/GeneratedSerializationConstructorAccessor29'
Event: 14.114 Thread 0x000001b843669d00 Unloading class 0x0000000100608c00 'jdk/internal/reflect/GeneratedSerializationConstructorAccessor27'
Event: 14.114 Thread 0x000001b843669d00 Unloading class 0x0000000100608400 'jdk/internal/reflect/GeneratedSerializationConstructorAccessor25'
Event: 18.159 Thread 0x000001b843669d00 Unloading class 0x000000010073c400 'java/lang/invoke/LambdaForm$MH+0x000000010073c400'
Event: 18.159 Thread 0x000001b843669d00 Unloading class 0x000000010073c800 'java/lang/invoke/LambdaForm$MH+0x000000010073c800'
Event: 18.159 Thread 0x000001b843669d00 Unloading class 0x0000000100735800 'java/lang/invoke/LambdaForm$DMH+0x0000000100735800'
Event: 18.159 Thread 0x000001b843669d00 Unloading class 0x0000000100734c00 'java/lang/invoke/LambdaForm$DMH+0x0000000100734c00'
Event: 18.159 Thread 0x000001b843669d00 Unloading class 0x0000000100735000 'java/lang/invoke/LambdaForm$DMH+0x0000000100735000'
Event: 18.159 Thread 0x000001b843669d00 Unloading class 0x0000000100735400 'java/lang/invoke/LambdaForm$DMH+0x0000000100735400'
Event: 18.858 Thread 0x000001b843669d00 Unloading class 0x000000010078c800 'java/lang/invoke/LambdaForm$DMH+0x000000010078c800'
Event: 18.858 Thread 0x000001b843669d00 Unloading class 0x000000010078c400 'java/lang/invoke/LambdaForm$DMH+0x000000010078c400'
Event: 18.858 Thread 0x000001b843669d00 Unloading class 0x000000010073d000 'java/lang/invoke/LambdaForm$MH+0x000000010073d000'
Event: 18.858 Thread 0x000001b843669d00 Unloading class 0x000000010073cc00 'java/lang/invoke/LambdaForm$MH+0x000000010073cc00'
Event: 25.038 Thread 0x000001b843669d00 Unloading class 0x00000001007a0400 'java/lang/invoke/LambdaForm$DMH+0x00000001007a0400'
Event: 25.569 Thread 0x000001b843669d00 Unloading class 0x00000001007c4000 'java/lang/invoke/LambdaForm$DMH+0x00000001007c4000'

Classes redefined (0 events):
No events

Internal exceptions (20 events):
Event: 3986.706 Thread 0x000001b865bf1c90 Exception <a 'sun/nio/fs/WindowsException'{0x00000000d5ab77a0}> (0x00000000d5ab77a0) 
thrown [s\src\hotspot\share\prims\jni.cpp, line 516]
Event: 3986.730 Thread 0x000001b862a20fd0 Exception <a 'sun/nio/fs/WindowsException'{0x00000000d561c530}> (0x00000000d561c530) 
thrown [s\src\hotspot\share\prims\jni.cpp, line 516]
Event: 3986.780 Thread 0x000001b862a20fd0 Exception <a 'sun/nio/fs/WindowsException'{0x00000000d566dc28}> (0x00000000d566dc28) 
thrown [s\src\hotspot\share\prims\jni.cpp, line 516]
Event: 3986.805 Thread 0x000001b862a20fd0 Exception <a 'sun/nio/fs/WindowsException'{0x00000000d58d5d10}> (0x00000000d58d5d10) 
thrown [s\src\hotspot\share\prims\jni.cpp, line 516]
Event: 3986.830 Thread 0x000001b862a20fd0 Exception <a 'sun/nio/fs/WindowsException'{0x00000000d5b5c528}> (0x00000000d5b5c528) 
thrown [s\src\hotspot\share\prims\jni.cpp, line 516]
Event: 3986.940 Thread 0x000001b862a20fd0 Exception <a 'sun/nio/fs/WindowsException'{0x00000000d5675890}> (0x00000000d5675890) 
thrown [s\src\hotspot\share\prims\jni.cpp, line 516]
Event: 3986.966 Thread 0x000001b862a20fd0 Exception <a 'sun/nio/fs/WindowsException'{0x00000000d5882550}> (0x00000000d5882550) 
thrown [s\src\hotspot\share\prims\jni.cpp, line 516]
Event: 3987.028 Thread 0x000001b862a20fd0 Exception <a 'sun/nio/fs/WindowsException'{0x00000000d5940748}> (0x00000000d5940748) 
thrown [s\src\hotspot\share\prims\jni.cpp, line 516]
Event: 3987.152 Thread 0x000001b862a20fd0 Exception <a 'sun/nio/fs/WindowsException'{0x00000000d5992468}> (0x00000000d5992468) 
thrown [s\src\hotspot\share\prims\jni.cpp, line 516]
Event: 3987.202 Thread 0x000001b862a20fd0 Exception <a 'sun/nio/fs/WindowsException'{0x00000000d57d5ea8}> (0x00000000d57d5ea8) 
thrown [s\src\hotspot\share\prims\jni.cpp, line 516]
Event: 3987.227 Thread 0x000001b862a20fd0 Exception <a 'sun/nio/fs/WindowsException'{0x00000000d57ea958}> (0x00000000d57ea958) 
thrown [s\src\hotspot\share\prims\jni.cpp, line 516]
Event: 3987.273 Thread 0x000001b862a20fd0 Exception <a 'sun/nio/fs/WindowsException'{0x00000000d56e90e8}> (0x00000000d56e90e8) 
thrown [s\src\hotspot\share\prims\jni.cpp, line 516]
Event: 3987.291 Thread 0x000001b862a20fd0 Exception <a 'sun/nio/fs/WindowsException'{0x00000000d59725b8}> (0x00000000d59725b8) 
thrown [s\src\hotspot\share\prims\jni.cpp, line 516]
Event: 3987.414 Thread 0x000001b862a20fd0 Exception <a 'sun/nio/fs/WindowsException'{0x00000000d588ae30}> (0x00000000d588ae30) 
thrown [s\src\hotspot\share\prims\jni.cpp, line 516]
Event: 3987.446 Thread 0x000001b862a20fd0 Exception <a 'sun/nio/fs/WindowsException'{0x00000000d55a52f0}> (0x00000000d55a52f0) 
thrown [s\src\hotspot\share\prims\jni.cpp, line 516]
Event: 3987.469 Thread 0x000001b862a20fd0 Exception <a 'sun/nio/fs/WindowsException'{0x00000000d5656298}> (0x00000000d5656298) 
thrown [s\src\hotspot\share\prims\jni.cpp, line 516]
Event: 3987.527 Thread 0x000001b862a20fd0 Exception <a 'sun/nio/fs/WindowsException'{0x00000000d559d958}> (0x00000000d559d958) 
thrown [s\src\hotspot\share\prims\jni.cpp, line 516]
Event: 3987.553 Thread 0x000001b862a20fd0 Exception <a 'sun/nio/fs/WindowsException'{0x00000000d58237e0}> (0x00000000d58237e0) 
thrown [s\src\hotspot\share\prims\jni.cpp, line 516]
Event: 3987.639 Thread 0x000001b862a20fd0 Exception <a 'sun/nio/fs/WindowsException'{0x00000000d56f8620}> (0x00000000d56f8620) 
thrown [s\src\hotspot\share\prims\jni.cpp, line 516]
Event: 3987.716 Thread 0x000001b862a20fd0 Exception <a 'sun/nio/fs/WindowsException'{0x00000000d57a9130}> (0x00000000d57a9130) 
thrown [s\src\hotspot\share\prims\jni.cpp, line 516]

VM Operations (20 events):
Event: 3987.605 Executing VM operation: ParallelGCFailedAllocation done
Event: 3987.610 Executing VM operation: ParallelGCFailedAllocation
Event: 3987.611 Executing VM operation: ParallelGCFailedAllocation done
Event: 3987.615 Executing VM operation: ParallelGCFailedAllocation
Event: 3987.616 Executing VM operation: ParallelGCFailedAllocation done
Event: 3987.621 Executing VM operation: ParallelGCFailedAllocation
Event: 3987.622 Executing VM operation: ParallelGCFailedAllocation done
Event: 3987.723 Executing VM operation: ParallelGCFailedAllocation
Event: 3987.724 Executing VM operation: ParallelGCFailedAllocation done
Event: 3987.729 Executing VM operation: ParallelGCFailedAllocation
Event: 3987.730 Executing VM operation: ParallelGCFailedAllocation done
Event: 3987.747 Executing VM operation: ParallelGCFailedAllocation
Event: 3987.747 Executing VM operation: ParallelGCFailedAllocation done
Event: 3987.751 Executing VM operation: ParallelGCFailedAllocation
Event: 3987.752 Executing VM operation: ParallelGCFailedAllocation done
Event: 3987.763 Executing VM operation: ParallelGCFailedAllocation
Event: 3987.764 Executing VM operation: ParallelGCFailedAllocation done
Event: 3987.771 Executing VM operation: ParallelGCFailedAllocation
Event: 3987.772 Executing VM operation: ParallelGCFailedAllocation done
Event: 3987.775 Executing VM operation: ParallelGCFailedAllocation

Events (20 events):
Event: 3987.533 Thread 0x000001b860a4d4d0 flushing nmethod 0x000001b848eeb890
Event: 3987.533 Thread 0x000001b860a4d4d0 flushing nmethod 0x000001b848eecb90
Event: 3987.533 Thread 0x000001b860a4d4d0 flushing nmethod 0x000001b848eedb10
Event: 3987.533 Thread 0x000001b860a4d4d0 flushing nmethod 0x000001b848f02b10
Event: 3987.533 Thread 0x000001b860a4d4d0 flushing nmethod 0x000001b848f02f90
Event: 3987.533 Thread 0x000001b860a4d4d0 flushing nmethod 0x000001b848f03310
Event: 3987.533 Thread 0x000001b860a4d4d0 flushing nmethod 0x000001b848f03790
Event: 3987.533 Thread 0x000001b860a4d4d0 flushing nmethod 0x000001b848f03b10
Event: 3987.533 Thread 0x000001b860a4d4d0 flushing nmethod 0x000001b848f15510
Event: 3987.533 Thread 0x000001b860a4d4d0 flushing nmethod 0x000001b848f22190
Event: 3987.533 Thread 0x000001b860a4d4d0 flushing nmethod 0x000001b848f54f10
Event: 3987.533 Thread 0x000001b860a4d4d0 flushing nmethod 0x000001b848f62e10
Event: 3987.534 Thread 0x000001b860a4d4d0 flushing nmethod 0x000001b848f77c90
Event: 3987.534 Thread 0x000001b860a4d4d0 flushing nmethod 0x000001b849067d10
Event: 3987.534 Thread 0x000001b860a4d4d0 flushing nmethod 0x000001b84906f610
Event: 3987.534 Thread 0x000001b860a4d4d0 flushing nmethod 0x000001b84918de90
Event: 3987.534 Thread 0x000001b860a4d4d0 flushing nmethod 0x000001b84918ef90
Event: 3987.535 Thread 0x000001b860a4d4d0 flushing nmethod 0x000001b8493c1190
Event: 3987.584 Thread 0x000001b86623da50 Thread exited: 0x000001b86623da50
Event: 3987.727 Thread 0x000001b86623aa80 Thread exited: 0x000001b86623aa80


Dynamic libraries:
0x00007ff68a010000 - 0x00007ff68a01e000 	c:\Users\casa\.vscode\extensions\redhat.java-1.31.0-win32-x64\jre\17.0.11-win32-x86_64\bin\java.exe
0x00007ffbac030000 - 0x00007ffbac247000 	C:\WINDOWS\SYSTEM32\ntdll.dll
0x00007ffbab6b0000 - 0x00007ffbab774000 	C:\WINDOWS\System32\KERNEL32.DLL
0x00007ffba95e0000 - 0x00007ffba9987000 	C:\WINDOWS\System32\KERNELBASE.dll
0x00007ffba9350000 - 0x00007ffba9461000 	C:\WINDOWS\System32\ucrtbase.dll
0x00007ffb4ae20000 - 0x00007ffb4ae3b000 	c:\Users\casa\.vscode\extensions\redhat.java-1.31.0-win32-x64\jre\17.0.11-win32-x86_64\bin\VCRUNTIME140.dll
0x00007ffb4ae00000 - 0x00007ffb4ae17000 	c:\Users\casa\.vscode\extensions\redhat.java-1.31.0-win32-x64\jre\17.0.11-win32-x86_64\bin\jli.dll
0x00007ffbab7a0000 - 0x00007ffbab94e000 	C:\WINDOWS\System32\USER32.dll
0x00007ffba95b0000 - 0x00007ffba95d6000 	C:\WINDOWS\System32\win32u.dll
0x00007ffb9aee0000 - 0x00007ffb9b173000 	C:\WINDOWS\WinSxS\amd64_microsoft.windows.common-controls_6595b64144ccf1df_6.0.22621.3527_none_270e469b73872a76\COMCTL32.dll
0x00007ffbaa910000 - 0x00007ffbaa939000 	C:\WINDOWS\System32\GDI32.dll
0x00007ffbaab90000 - 0x00007ffbaac37000 	C:\WINDOWS\System32\msvcrt.dll
0x00007ffba9a50000 - 0x00007ffba9b69000 	C:\WINDOWS\System32\gdi32full.dll
0x00007ffba94a0000 - 0x00007ffba953a000 	C:\WINDOWS\System32\msvcp_win.dll
0x00007ffbabf50000 - 0x00007ffbabf81000 	C:\WINDOWS\System32\IMM32.DLL
0x00007ffb8e9f0000 - 0x00007ffb8e9fc000 	c:\Users\casa\.vscode\extensions\redhat.java-1.31.0-win32-x64\jre\17.0.11-win32-x86_64\bin\vcruntime140_1.dll
0x00007ffb4ad70000 - 0x00007ffb4adfd000 	c:\Users\casa\.vscode\extensions\redhat.java-1.31.0-win32-x64\jre\17.0.11-win32-x86_64\bin\msvcp140.dll
0x00007ffb4a100000 - 0x00007ffb4ad62000 	c:\Users\casa\.vscode\extensions\redhat.java-1.31.0-win32-x64\jre\17.0.11-win32-x86_64\bin\server\jvm.dll
0x00007ffbab410000 - 0x00007ffbab4c2000 	C:\WINDOWS\System32\ADVAPI32.dll
0x00007ffbab960000 - 0x00007ffbaba08000 	C:\WINDOWS\System32\sechost.dll
0x00007ffba9470000 - 0x00007ffba9498000 	C:\WINDOWS\System32\bcrypt.dll
0x00007ffbab4e0000 - 0x00007ffbab5f5000 	C:\WINDOWS\System32\RPCRT4.dll
0x00007ffb8ac20000 - 0x00007ffb8ac29000 	C:\WINDOWS\SYSTEM32\WSOCK32.dll
0x00007ffba8a60000 - 0x00007ffba8aad000 	C:\WINDOWS\SYSTEM32\POWRPROF.dll
0x00007ffbaaea0000 - 0x00007ffbaaf11000 	C:\WINDOWS\System32\WS2_32.dll
0x00007ffb9a5f0000 - 0x00007ffb9a624000 	C:\WINDOWS\SYSTEM32\WINMM.dll
0x00007ffba2fe0000 - 0x00007ffba2fea000 	C:\WINDOWS\SYSTEM32\VERSION.dll
0x00007ffba8a40000 - 0x00007ffba8a53000 	C:\WINDOWS\SYSTEM32\UMPDC.dll
0x00007ffba8330000 - 0x00007ffba8348000 	C:\WINDOWS\SYSTEM32\kernel.appcore.dll
0x00007ffb4a0f0000 - 0x00007ffb4a0fa000 	c:\Users\casa\.vscode\extensions\redhat.java-1.31.0-win32-x64\jre\17.0.11-win32-x86_64\bin\jimage.dll
0x00007ffb98e30000 - 0x00007ffb99062000 	C:\WINDOWS\SYSTEM32\DBGHELP.DLL
0x00007ffbaaf80000 - 0x00007ffbab308000 	C:\WINDOWS\System32\combase.dll
0x00007ffbaa670000 - 0x00007ffbaa747000 	C:\WINDOWS\System32\OLEAUT32.dll
0x00007ffb8cc90000 - 0x00007ffb8ccc2000 	C:\WINDOWS\SYSTEM32\dbgcore.DLL
0x00007ffba9ce0000 - 0x00007ffba9d59000 	C:\WINDOWS\System32\bcryptPrimitives.dll
0x00007ffb4a0e0000 - 0x00007ffb4a0ee000 	c:\Users\casa\.vscode\extensions\redhat.java-1.31.0-win32-x64\jre\17.0.11-win32-x86_64\bin\instrument.dll
0x00007ffb4a0b0000 - 0x00007ffb4a0d5000 	c:\Users\casa\.vscode\extensions\redhat.java-1.31.0-win32-x64\jre\17.0.11-win32-x86_64\bin\java.dll
0x00007ffb4a090000 - 0x00007ffb4a0a8000 	c:\Users\casa\.vscode\extensions\redhat.java-1.31.0-win32-x64\jre\17.0.11-win32-x86_64\bin\zip.dll
0x00007ffba9e10000 - 0x00007ffbaa66c000 	C:\WINDOWS\System32\SHELL32.dll
0x00007ffba7240000 - 0x00007ffba7b36000 	C:\WINDOWS\SYSTEM32\windows.storage.dll
0x00007ffba7100000 - 0x00007ffba723e000 	C:\WINDOWS\SYSTEM32\wintypes.dll
0x00007ffbaac40000 - 0x00007ffbaad35000 	C:\WINDOWS\System32\SHCORE.dll
0x00007ffbaaf20000 - 0x00007ffbaaf7e000 	C:\WINDOWS\System32\shlwapi.dll
0x00007ffba9280000 - 0x00007ffba92a1000 	C:\WINDOWS\SYSTEM32\profapi.dll
0x00007ffb4a070000 - 0x00007ffb4a089000 	C:\Users\casa\.vscode\extensions\redhat.java-1.31.0-win32-x64\jre\17.0.11-win32-x86_64\bin\net.dll
0x00007ffba2e40000 - 0x00007ffba2f76000 	C:\WINDOWS\SYSTEM32\WINHTTP.dll
0x00007ffba8790000 - 0x00007ffba87f9000 	C:\WINDOWS\system32\mswsock.dll
0x00007ffb4a050000 - 0x00007ffb4a066000 	C:\Users\casa\.vscode\extensions\redhat.java-1.31.0-win32-x64\jre\17.0.11-win32-x86_64\bin\nio.dll
0x00007ffb4d1a0000 - 0x00007ffb4d1b0000 	c:\Users\casa\.vscode\extensions\redhat.java-1.31.0-win32-x64\jre\17.0.11-win32-x86_64\bin\verify.dll
0x00007ffb49e00000 - 0x00007ffb49e44000 	C:\Users\casa\AppData\Roaming\Code\User\globalStorage\redhat.java\1.31.0\config_win\org.eclipse.equinox.launcher\org.eclipse.equinox.launcher.win32.win32.x86_64_1.2.1000.v20240507-1834\eclipse_11902.dll
0x00007ffbaa750000 - 0x00007ffbaa8f5000 	C:\WINDOWS\System32\ole32.dll
0x00007ffba8bd0000 - 0x00007ffba8beb000 	C:\WINDOWS\SYSTEM32\CRYPTSP.dll
0x00007ffba8290000 - 0x00007ffba82c5000 	C:\WINDOWS\system32\rsaenh.dll
0x00007ffba88a0000 - 0x00007ffba88c8000 	C:\WINDOWS\SYSTEM32\USERENV.dll
0x00007ffba8bb0000 - 0x00007ffba8bbc000 	C:\WINDOWS\SYSTEM32\CRYPTBASE.dll
0x00007ffba7da0000 - 0x00007ffba7dcd000 	C:\WINDOWS\SYSTEM32\IPHLPAPI.DLL
0x00007ffbab4d0000 - 0x00007ffbab4d9000 	C:\WINDOWS\System32\NSI.dll
0x00007ffba2cb0000 - 0x00007ffba2cc9000 	C:\WINDOWS\SYSTEM32\dhcpcsvc6.DLL
0x00007ffba2c90000 - 0x00007ffba2caf000 	C:\WINDOWS\SYSTEM32\dhcpcsvc.DLL
0x00007ffba7e10000 - 0x00007ffba7f08000 	C:\WINDOWS\SYSTEM32\DNSAPI.dll
0x00007ffb49d40000 - 0x00007ffb49d85000 	C:\Users\casa\AppData\Local\Temp\jna-3046188\jna6019701812521545739.dll
0x00007ffbaa900000 - 0x00007ffbaa908000 	C:\WINDOWS\System32\PSAPI.DLL
0x00007ffba8350000 - 0x00007ffba8384000 	C:\WINDOWS\SYSTEM32\ntmarta.dll

dbghelp: loaded successfully - version: 4.0.5 - missing functions: none
symbol engine: initialized successfully - sym options: 0x614 - pdb path: .;c:\Users\casa\.vscode\extensions\redhat.java-1.31.0-win32-x64\jre\17.0.11-win32-x86_64\bin;C:\WINDOWS\SYSTEM32;C:\WINDOWS\WinSxS\amd64_microsoft.windows.common-controls_6595b64144ccf1df_6.0.22621.3527_none_270e469b73872a76;c:\Users\casa\.vscode\extensions\redhat.java-1.31.0-win32-x64\jre\17.0.11-win32-x86_64\bin\server;C:\Users\casa\AppData\Roaming\Code\User\globalStorage\redhat.java\1.31.0\config_win\org.eclipse.equinox.launcher\org.eclipse.equinox.launcher.win32.win32.x86_64_1.2.1000.v20240507-1834;C:\Users\casa\AppData\Local\Temp\jna-3046188

VM Arguments:
jvm_args: --add-modules=ALL-SYSTEM --add-opens=java.base/java.util=ALL-UNNAMED --add-opens=java.base/java.lang=ALL-UNNAMED --add-opens=java.base/sun.nio.fs=ALL-UNNAMED -Declipse.application=org.eclipse.jdt.ls.core.id1 -Dosgi.bundles.defaultStartLevel=4 -Declipse.product=org.eclipse.jdt.ls.core.product -Djava.import.generatesMetadataFilesAtProjectRoot=false -DDetectVMInstallationsJob.disabled=true -Dfile.encoding=utf8 -XX:+UseParallelGC -XX:GCTimeRatio=4 -XX:AdaptiveSizePolicyWeight=90 -Dsun.zip.disableMemoryMapping=true -Xmx2G -Xms100m -Xlog:disable -javaagent:c:\Users\casa\.vscode\extensions\redhat.java-1.31.0-win32-x64\lombok\lombok-1.18.32.jar -XX:+HeapDumpOnOutOfMemoryError -XX:HeapDumpPath=c:\Users\casa\AppData\Roaming\Code\User\workspaceStorage\2ca1e065a12013a041ddb2075f267414\redhat.java -Daether.dependencyCollector.impl=bf 
java_command: c:\Users\casa\.vscode\extensions\redhat.java-1.31.0-win32-x64\server\plugins\org.eclipse.equinox.launcher_1.6.800.v20240513-1750.jar -configuration c:\Users\casa\AppData\Roaming\Code\User\globalStorage\redhat.java\1.31.0\config_win -data c:\Users\casa\AppData\Roaming\Code\User\workspaceStorage\2ca1e065a12013a041ddb2075f267414\redhat.java\jdt_ws --pipe=\\.\pipe\lsp-bddbcc409a8d1fc584267e0e02fbea65-sock
java_class_path (initial): c:\Users\casa\.vscode\extensions\redhat.java-1.31.0-win32-x64\server\plugins\org.eclipse.equinox.launcher_1.6.800.v20240513-1750.jar
Launcher Type: SUN_STANDARD

[Global flags]
    uintx AdaptiveSizePolicyWeight                 = 90                                        {product} {command line}
     intx CICompilerCount                          = 4                                         {product} {ergonomic}
    uintx GCTimeRatio                              = 4                                         {product} {command line}
     bool HeapDumpOnOutOfMemoryError               = true                                   {manageable} {command line}
    ccstr HeapDumpPath                             = c:\Users\casa\AppData\Roaming\Code\User\workspaceStorage\2ca1e065a12013a041ddb2075f267414\redhat.java         {manageable} {command line}
   size_t InitialHeapSize                          = 104857600                                 {product} {command line}
   size_t MaxHeapSize                              = 2147483648                                {product} {command line}
   size_t MaxNewSize                               = 715653120                                 {product} {ergonomic}
   size_t MinHeapDeltaBytes                        = 524288                                    {product} {ergonomic}
   size_t MinHeapSize                              = 104857600                                 {product} {command line}
   size_t NewSize                                  = 34603008                                  {product} {ergonomic}
    uintx NonNMethodCodeHeapSize                   = 5839372                                {pd product} {ergonomic}
    uintx NonProfiledCodeHeapSize                  = 122909434                              {pd product} {ergonomic}
   size_t OldSize                                  = 70254592                                  {product} {ergonomic}
    uintx ProfiledCodeHeapSize                     = 122909434                              {pd product} {ergonomic}
    uintx ReservedCodeCacheSize                    = 251658240                              {pd product} {ergonomic}
     bool SegmentedCodeCache                       = true                                      {product} {ergonomic}
   size_t SoftMaxHeapSize                          = 2147483648                             {manageable} {ergonomic}
     bool UseCompressedClassPointers               = true                           {product lp64_product} {ergonomic}
     bool UseCompressedOops                        = true                           {product lp64_product} {ergonomic}
     bool UseLargePagesIndividualAllocation        = false                                  {pd product} {ergonomic}
     bool UseParallelGC                            = true                                      {product} {command line}

Logging:
Log output configuration:
 #0: stdout all=off uptime,level,tags
 #1: stderr all=off uptime,level,tags

Environment Variables:
PATH=C:\Program Files\Common Files\Oracle\Java\javapath;C:\Program Files (x86)\Common Files\Oracle\Java\javapath;C:\ProgramData\Oracle\Java\javapath;C:\Windows\system32;C:\Windows;C:\Windows\System32\Wbem;C:\Windows\System32\WindowsPowerShell\v1.0\;C:\Windows\System32\OpenSSH\;C:\ProgramData\chocolatey\bin;C:\Program Files (x86)\NVIDIA Corporation\PhysX\Common;C:\WINDOWS\system32;C:\WINDOWS;C:\WINDOWS\System32\Wbem;C:\WINDOWS\System32\WindowsPowerShell\v1.0\;C:\WINDOWS\System32\OpenSSH\;C:\Program Files (x86)\Microsoft SQL Server\160\Tools\Binn\;C:\Program Files\Microsoft SQL Server\160\Tools\Binn\;C:\Program Files\Microsoft SQL Server\Client SDK\ODBC\170\Tools\Binn\;C:\Program Files\Microsoft SQL Server\160\DTS\Binn\;C:\Program Files (x86)\Microsoft SQL Server\160\DTS\Binn\;C:\Program Files\Git\cmd;C:\Program Files\nodejs\;C:\Program Files\dotnet\;C:\Program Files\Microsoft SQL Server\150\Tools\Binn\;C:\Users\casa\AppData\Local\Microsoft\WindowsApps;C:\Program Files\Azure Data Studio\bin;C:\Program Files\nodejs\;C:\Users\casa\AppData\Local\Programs\Microsoft VS Code\bin;C:\Users\casa\AppData\Roaming\npm;C:\Users\casa\.dotnet\tools;C:\Users\casa\AppData\Roaming\npm\node_modules\@angular\cli\bin;
USERNAME=casa
OS=Windows_NT
PROCESSOR_IDENTIFIER=Intel64 Family 6 Model 151 Stepping 2, GenuineIntel
TMP=C:\Users\casa\AppData\Local\Temp
TEMP=C:\Users\casa\AppData\Local\Temp



Periodic native trim disabled


---------------  S Y S T E M  ---------------

OS:
 Windows 11 , 64 bit Build 22621 (10.0.22621.3527)
OS uptime: 0 days 1:07 hours
Hyper-V role detected

CPU: total 12 (initial active 12) (6 cores per cpu, 2 threads per core) family 6 model 151 stepping 2 microcode 0x1e, cx8, cmov, fxsr, ht, mmx, 3dnowpref, sse, sse2, sse3, ssse3, sse4.1, sse4.2, popcnt, lzcnt, tsc, tscinvbit, avx, avx2, aes, erms, clmul, bmi1, bmi2, adx, sha, fma, vzeroupper, clflush, clflushopt, clwb, hv
Processor Information for all 12 processors :
  Max Mhz: 2500, Current Mhz: 2500, Mhz Limit: 2500

Memory: 4k page, system-wide physical 16225M (9217M free)
TotalPageFile size 17249M (AvailPageFile size 9068M)
current process WorkingSet (physical memory assigned to process): 666M, peak: 801M
current process commit charge ("private bytes"): 610M, peak: 761M

vm_info: OpenJDK 64-Bit Server VM (17.0.11+9) for windows-amd64 JRE (17.0.11+9), built on Apr 17 2024 06:07:48 by "admin" with MS VC++ 16.10 / 16.11 (VS2019)

END.
