#
# A fatal error has been detected by the Java Runtime Environment:
#
#  EXCEPTION_ACCESS_VIOLATION (0xc0000005) at pc=0x00007ffead9ccac8, pid=6984, tid=9116
#
# JRE version: OpenJDK Runtime Environment Temurin-17.0.10+7 (17.0.10+7) (build 17.0.10+7)
# Java VM: OpenJDK 64-Bit Server VM Temurin-17.0.10+7 (17.0.10+7, mixed mode, tiered, compressed oops, compressed class ptrs, parallel gc, windows-amd64)
# Problematic frame:
# V  [jvm.dll+0xcac8]
#
# No core dump will be written. Minidumps are not enabled by default on client versions of Windows
#
# If you would like to submit a bug report, please visit:
#   https://github.com/adoptium/adoptium-support/issues
#

---------------  S U M M A R Y ------------

Command Line: --add-modules=ALL-SYSTEM --add-opens=java.base/java.util=ALL-UNNAMED --add-opens=java.base/java.lang=ALL-UNNAMED --add-opens=java.base/sun.nio.fs=ALL-UNNAMED -Declipse.application=org.eclipse.jdt.ls.core.id1 -Dosgi.bundles.defaultStartLevel=4 -Declipse.product=org.eclipse.jdt.ls.core.product -Djava.import.generatesMetadataFilesAtProjectRoot=false -DDetectVMInstallationsJob.disabled=true -Dfile.encoding=utf8 -XX:+UseParallelGC -XX:GCTimeRatio=4 -XX:AdaptiveSizePolicyWeight=90 -Dsun.zip.disableMemoryMapping=true -Xmx2G -Xms100m -Xlog:disable -javaagent:c:\Users\casa\.vscode\extensions\redhat.java-1.30.0-win32-x64\lombok\lombok-1.18.32.jar -XX:+HeapDumpOnOutOfMemoryError -XX:HeapDumpPath=c:\Users\casa\AppData\Roaming\Code\User\workspaceStorage\2ca1e065a12013a041ddb2075f267414\redhat.java -Daether.dependencyCollector.impl=bf c:\Users\casa\.vscode\extensions\redhat.java-1.30.0-win32-x64\server\plugins\org.eclipse.equinox.launcher_1.6.800.v20240330-1250.jar -configuration c:\Users\casa\AppData\Roaming\Code\User\globalStorage\redhat.java\1.30.0\config_win -data c:\Users\casa\AppData\Roaming\Code\User\workspaceStorage\2ca1e065a12013a041ddb2075f267414\redhat.java\jdt_ws --pipe=\\.\pipe\lsp-5ed9278888098612f3205edff1886752-sock

Host: 12th Gen Intel(R) Core(TM) i5-12400F, 12 cores, 15G,  Windows 11 , 64 bit Build 22621 (10.0.22621.3527)
Time: Mon May 20 09:53:14 2024 Hora estándar de Argentina elapsed time: 308.522802 seconds (0d 0h 5m 8s)

---------------  T H R E A D  ---------------

Current thread (0x000001348bac1610):  GCTaskThread "GC Thread#8" [stack: 0x000000194e800000,0x000000194e900000] [id=9116]

Stack: [0x000000194e800000,0x000000194e900000],  sp=0x000000194e8ff478,  free space=1021k
Native frames: (J=compiled Java code, j=interpreted, Vv=VM code, C=native code)
V  [jvm.dll+0xcac8]


siginfo: EXCEPTION_ACCESS_VIOLATION (0xc0000005), reading address 0x000000040b4fb448


Registers:
RAX=0x0000000000000001, RBX=0x0000000081a22128, RCX=0x0000000000000003, RDX=0x0000000081a22128
RSP=0x000000194e8ff478, RBP=0x000000194e8ff570, RSI=0x0000000081a22134, RDI=0x00000134ffe32550
R8 =0x000000040b4fb440, R9 =0x000000000000d110, R10=0x0000000000000052, R11=0x0000000000000003
R12=0x00000000000003d8, R13=0x000000194e8ff6d0, R14=0x00000001005f6c18, R15=0x0000000081a22120
RIP=0x00007ffead9ccac8, EFLAGS=0x0000000000010202


Register to memory mapping:

RIP=0x00007ffead9ccac8 jvm.dll
RAX=0x0000000000000001 is an unknown value
RBX=0x0000000081a22128 is pointing into object: jdk.internal.jimage.ImageLocation 
{0x0000000081a22120} - klass: 'jdk/internal/jimage/ImageLocation'
 - ---- fields (total size 3 words):
 - protected final 'attributes' '[J' @12  
[error occurred during error reporting (printing register info), id 0xc0000005, EXCEPTION_ACCESS_VIOLATION (0xc0000005) at pc=0x00007ffeae029a83]

Top of Stack: (sp=0x000000194e8ff478)
0x000000194e8ff478:   00007ffeae070cc2 0000000081a22120
0x000000194e8ff488:   0000000000000003 000000194e8ff570
0x000000194e8ff498:   00007ffeae06fad9 00000134ffe32550
0x000000194e8ff4a8:   00007ffeae06e572 0000000081a22128
0x000000194e8ff4b8:   00000001005f05d8 000001348e39c3d0
0x000000194e8ff4c8:   000000194e8ff570 00000001005f6c10
0x000000194e8ff4d8:   00007ffeae06edee 0000000081a2212c
0x000000194e8ff4e8:   00007ffeae07035e 0000000081954300
0x000000194e8ff4f8:   0000000081a5d83c 0000000000000000
0x000000194e8ff508:   00007ffeae4ec7a0 00000000000034af
0x000000194e8ff518:   00007ffeae0706a4 00007ffeae371158
0x000000194e8ff528:   00000134ffe32550 00007ffeae2dbb90
0x000000194e8ff538:   0000000000003500 0000000000000000
0x000000194e8ff548:   0000000000000000 000001348b90db60
0x000000194e8ff558:   00007ffeae1a0001 000000194e8ff501
0x000000194e8ff568:   0000000080ddaff0 00007ffeae371158
0x000000194e8ff578:   00000134eddd86e0 0000013400000003
0x000000194e8ff588:   00000134ffe32550 0000000000000000
0x000000194e8ff598:   0000000000000000 000001348b90db60
0x000000194e8ff5a8:   00000134896e9078 000001348b6c5e60
0x000000194e8ff5b8:   00000134896e8ca0 00000134896e8c90
0x000000194e8ff5c8:   00007ffeae075218 00000134ffe32550
0x000000194e8ff5d8:   00000134896e8c90 00000134896e8ca0
0x000000194e8ff5e8:   00000134ffe32550 00007ffeae371948
0x000000194e8ff5f8:   00000134ffe32550 00007ffeae314ad0
0x000000194e8ff608:   000000194e8ff5f0 0000000000000000
0x000000194e8ff618:   0000000000000000 0000000000000002
0x000000194e8ff628:   0000000000000001 00007ffeae371948
0x000000194e8ff638:   000000194cdfeaa0 00000134992c5908
0x000000194e8ff648:   00007ffeae1a81e8 0000000000000102
0x000000194e8ff658:   00000134992c5a30 000000194e8ff6d0
0x000000194e8ff668:   00000000000002d6 000000194cdfebe0 

Instructions: (pc=0x00007ffead9ccac8)
0x00007ffead9cc9c8:   48 83 c4 20 5e c3 cc cc 48 8b 01 c3 cc cc cc cc
0x00007ffead9cc9d8:   cc cc cc cc cc cc cc cc 4c 8b 01 4c 8b c9 48 8b
0x00007ffead9cc9e8:   0d e3 60 b6 00 ba 44 60 08 00 e9 d9 f1 ff ff cc
0x00007ffead9cc9f8:   cc cc cc cc cc cc cc cc 48 89 5c 24 08 57 48 83
0x00007ffead9cca08:   ec 20 48 8b 39 48 8b d9 48 85 3d 01 4a bb 00 75
0x00007ffead9cca18:   0e 48 8b c7 48 8b 5c 24 30 48 83 c4 20 5f c3 48
0x00007ffead9cca28:   8b cf e8 41 98 85 00 48 8b d0 48 85 c0 74 20 48
0x00007ffead9cca38:   8b c7 f0 48 0f b1 13 74 16 48 85 05 d0 49 bb 00
0x00007ffead9cca48:   74 0d 48 8b c8 f0 48 0f b1 13 48 3b c1 75 ea 48
0x00007ffead9cca58:   8b 5c 24 30 48 8b c2 48 83 c4 20 5f c3 cc cc cc
0x00007ffead9cca68:   cc cc cc cc cc cc cc cc 4c 8b 01 4c 8b c9 48 8b
0x00007ffead9cca78:   0d 53 60 b6 00 ba 64 60 08 00 e9 49 f1 ff ff cc
0x00007ffead9cca88:   cc cc cc cc cc cc cc cc 8b 05 62 a8 b0 00 c3 cc
0x00007ffead9cca98:   cc cc cc cc cc cc cc cc 0f b6 05 db 68 b7 00 48
0x00007ffead9ccaa8:   8b d1 84 c0 74 16 44 8b 41 08 8b 0d 40 a8 b0 00
0x00007ffead9ccab8:   49 d3 e0 4c 03 05 2e a8 b0 00 eb 04 4c 8b 41 08
0x00007ffead9ccac8:   45 8b 50 08 45 85 d2 7e 0e 41 f6 c2 01 75 53 41
0x00007ffead9ccad8:   c1 fa 03 41 8b c2 c3 79 49 84 c0 b9 10 00 00 00
0x00007ffead9ccae8:   8b 05 46 b7 b0 00 41 b8 0c 00 00 00 41 0f 45 c8
0x00007ffead9ccaf8:   ff c8 4c 63 c8 48 63 14 11 41 8b ca 83 e1 3f 48
0x00007ffead9ccb08:   d3 e2 41 8b ca 48 c1 f9 10 0f b6 c1 49 8d 0c 11
0x00007ffead9ccb18:   49 f7 d1 48 03 c1 49 c1 e9 03 48 c1 e8 03 41 23
0x00007ffead9ccb28:   c1 c3 49 8b 00 49 8b c8 48 ff a0 00 01 00 00 cc
0x00007ffead9ccb38:   cc cc cc cc cc cc cc cc 8b 44 24 30 45 03 c9 44
0x00007ffead9ccb48:   2b 4c 24 28 83 c0 0b 44 03 ca 45 03 c8 41 03 c1
0x00007ffead9ccb58:   c3 cc cc cc cc cc cc cc 4c 8b ca 48 8b d1 45 8b
0x00007ffead9ccb68:   41 08 45 85 c0 7e 0e 41 f6 c0 01 75 56 41 c1 f8
0x00007ffead9ccb78:   03 41 8b c0 c3 79 4c 80 3d fc 67 b7 00 00 b8 0c
0x00007ffead9ccb88:   00 00 00 b9 10 00 00 00 0f 45 c8 8b 05 9b b6 b0
0x00007ffead9ccb98:   00 ff c8 4c 63 c8 48 63 14 11 41 8b c8 83 e1 3f
0x00007ffead9ccba8:   48 d3 e2 41 8b c8 48 c1 f9 10 0f b6 c1 49 8d 0c
0x00007ffead9ccbb8:   11 49 f7 d1 48 03 c1 49 c1 e9 03 48 c1 e8 03 41 


Stack slot to memory mapping:
stack at sp + 0 slots: 0x00007ffeae070cc2 jvm.dll
stack at sp + 1 slots: 0x0000000081a22120 is an oop: jdk.internal.jimage.ImageLocation 
{0x0000000081a22120} - klass: 'jdk/internal/jimage/ImageLocation'
 - ---- fields (total size 3 words):
 - protected final 'attributes' '[J' @12  
[error occurred during error reporting (inspecting top of stack), id 0xc0000005, EXCEPTION_ACCESS_VIOLATION (0xc0000005) at pc=0x00007ffeae029a83]


---------------  P R O C E S S  ---------------

Threads class SMR info:
_java_thread_list=0x000001348e066030, length=56, elements={
0x00000134eddc3700, 0x00000134ffef3020, 0x00000134ffef50a0, 0x00000134ffefd440,
0x00000134ffefdd10, 0x00000134895095c0, 0x000001348950ce10, 0x0000013489512b70,
0x00000134895143c0, 0x00000134895150c0, 0x00000134896118a0, 0x000001348984b530,
0x000001348b639110, 0x000001348b4840b0, 0x000001348b664100, 0x000001348b96cee0,
0x000001348bb3e300, 0x000001348b90c720, 0x000001348b90c210, 0x000001348b90db60,
0x000001348b90e580, 0x000001348b90ea90, 0x000001348b90efa0, 0x000001348b90f9c0,
0x000001348b90d140, 0x000001348c180b80, 0x000001348c17ed20, 0x000001348c17d3d0,
0x000001348c181ab0, 0x000001348c181090, 0x000001348c17c4a0, 0x000001348c17f230,
0x000001348c17fc50, 0x000001348c17b570, 0x000001348c17c9b0, 0x000001348c17d8e0,
0x000001348c17ddf0, 0x000001348c17e300, 0x000001348c17ba80, 0x000001348c1829e0,
0x000001348b90d650, 0x00000134987a15a0, 0x000001349879e810, 0x000001349879c9b0,
0x000001349879ed20, 0x000001349879b060, 0x000001349879fc50, 0x000001349879b570,
0x000001348fc0a400, 0x000001348fc0a910, 0x00000134987a0160, 0x00000134987a0b80,
0x000001349879ba80, 0x000001349879cec0, 0x000001349879e300, 0x000001348ff518c0
}

Java Threads: ( => current thread )
  0x00000134eddc3700 JavaThread "main" [_thread_blocked, id=15632, stack(0x000000194cb00000,0x000000194cc00000)]
  0x00000134ffef3020 JavaThread "Reference Handler" daemon [_thread_blocked, id=6884, stack(0x000000194ce00000,0x000000194cf00000)]
  0x00000134ffef50a0 JavaThread "Finalizer" daemon [_thread_blocked, id=14288, stack(0x000000194cf00000,0x000000194d000000)]
  0x00000134ffefd440 JavaThread "Signal Dispatcher" daemon [_thread_blocked, id=13908, stack(0x000000194d000000,0x000000194d100000)]
  0x00000134ffefdd10 JavaThread "Attach Listener" daemon [_thread_blocked, id=8476, stack(0x000000194d100000,0x000000194d200000)]
  0x00000134895095c0 JavaThread "Service Thread" daemon [_thread_blocked, id=13940, stack(0x000000194d200000,0x000000194d300000)]
  0x000001348950ce10 JavaThread "Monitor Deflation Thread" daemon [_thread_blocked, id=13972, stack(0x000000194d300000,0x000000194d400000)]
  0x0000013489512b70 JavaThread "C2 CompilerThread0" daemon [_thread_blocked, id=13488, stack(0x000000194d400000,0x000000194d500000)]
  0x00000134895143c0 JavaThread "C1 CompilerThread0" daemon [_thread_blocked, id=15828, stack(0x000000194d500000,0x000000194d600000)]
  0x00000134895150c0 JavaThread "Sweeper thread" daemon [_thread_blocked, id=13000, stack(0x000000194d600000,0x000000194d700000)]
  0x00000134896118a0 JavaThread "Common-Cleaner" daemon [_thread_blocked, id=5424, stack(0x000000194d700000,0x000000194d800000)]
  0x000001348984b530 JavaThread "Notification Thread" daemon [_thread_blocked, id=12148, stack(0x000000194d900000,0x000000194da00000)]
  0x000001348b639110 JavaThread "Active Thread: Equinox Container: 1561f1e8-89f2-44ae-86f7-b8e77fe0a9a5" [_thread_blocked, id=8492, stack(0x000000194e200000,0x000000194e300000)]
  0x000001348b4840b0 JavaThread "Framework Event Dispatcher: Equinox Container: 1561f1e8-89f2-44ae-86f7-b8e77fe0a9a5" daemon [_thread_blocked, id=6140, stack(0x000000194e300000,0x000000194e400000)]
  0x000001348b664100 JavaThread "Start Level: Equinox Container: 1561f1e8-89f2-44ae-86f7-b8e77fe0a9a5" daemon [_thread_blocked, id=14088, stack(0x000000194e400000,0x000000194e500000)]
  0x000001348b96cee0 JavaThread "Bundle File Closer" daemon [_thread_blocked, id=14740, stack(0x000000194e600000,0x000000194e700000)]
  0x000001348bb3e300 JavaThread "SCR Component Actor" daemon [_thread_blocked, id=7808, stack(0x000000194e700000,0x000000194e800000)]
  0x000001348b90c720 JavaThread "Worker-JM" [_thread_blocked, id=11216, stack(0x000000194db00000,0x000000194dc00000)]
  0x000001348b90c210 JavaThread "Worker-1" [_thread_blocked, id=13600, stack(0x000000194ec00000,0x000000194ed00000)]
  0x000001348b90db60 JavaThread "Java indexing" daemon [_thread_blocked, id=16360, stack(0x000000194ee00000,0x000000194ef00000)]
  0x000001348b90e580 JavaThread "JNA Cleaner" daemon [_thread_blocked, id=10816, stack(0x000000194ef00000,0x000000194f000000)]
  0x000001348b90ea90 JavaThread "Thread-2" daemon [_thread_in_native, id=3652, stack(0x000000194f200000,0x000000194f300000)]
  0x000001348b90efa0 JavaThread "Thread-3" daemon [_thread_in_native, id=13668, stack(0x000000194f300000,0x000000194f400000)]
  0x000001348b90f9c0 JavaThread "Thread-4" daemon [_thread_in_native, id=13340, stack(0x000000194f400000,0x000000194f500000)]
  0x000001348b90d140 JavaThread "Thread-5" daemon [_thread_in_native, id=10176, stack(0x000000194f500000,0x000000194f600000)]
  0x000001348c180b80 JavaThread "Thread-6" daemon [_thread_in_native, id=12568, stack(0x000000194f600000,0x000000194f700000)]
  0x000001348c17ed20 JavaThread "Thread-7" daemon [_thread_in_native, id=9184, stack(0x000000194f700000,0x000000194f800000)]
  0x000001348c17d3d0 JavaThread "Thread-8" daemon [_thread_in_native, id=1648, stack(0x000000194f800000,0x000000194f900000)]
  0x000001348c181ab0 JavaThread "Thread-9" daemon [_thread_in_native, id=1772, stack(0x000000194f900000,0x000000194fa00000)]
  0x000001348c181090 JavaThread "Thread-10" daemon [_thread_in_native, id=3444, stack(0x000000194fa00000,0x000000194fb00000)]
  0x000001348c17c4a0 JavaThread "Thread-11" daemon [_thread_in_native, id=16084, stack(0x000000194fb00000,0x000000194fc00000)]
  0x000001348c17f230 JavaThread "Thread-12" daemon [_thread_in_native, id=6524, stack(0x000000194fc00000,0x000000194fd00000)]
  0x000001348c17fc50 JavaThread "Thread-13" daemon [_thread_in_native, id=13984, stack(0x000000194fd00000,0x000000194fe00000)]
  0x000001348c17b570 JavaThread "Thread-14" daemon [_thread_in_native, id=13752, stack(0x000000194fe00000,0x000000194ff00000)]
  0x000001348c17c9b0 JavaThread "pool-2-thread-1" [_thread_blocked, id=12524, stack(0x000000194ff00000,0x0000001950000000)]
  0x000001348c17d8e0 JavaThread "WorkspaceEventsHandler" [_thread_blocked, id=1008, stack(0x0000001950000000,0x0000001950100000)]
  0x000001348c17ddf0 JavaThread "pool-1-thread-1" [_thread_blocked, id=15700, stack(0x0000001950100000,0x0000001950200000)]
  0x000001348c17e300 JavaThread "Worker-3" [_thread_blocked, id=13712, stack(0x0000001950300000,0x0000001950400000)]
  0x000001348c17ba80 JavaThread "ForkJoinPool.commonPool-worker-1" daemon [_thread_blocked, id=8500, stack(0x0000001950500000,0x0000001950600000)]
  0x000001348c1829e0 JavaThread "ForkJoinPool.commonPool-worker-3" daemon [_thread_blocked, id=14292, stack(0x0000001950900000,0x0000001950a00000)]
  0x000001348b90d650 JavaThread "ForkJoinPool.commonPool-worker-4" daemon [_thread_blocked, id=5028, stack(0x0000001950a00000,0x0000001950b00000)]
  0x00000134987a15a0 JavaThread "ForkJoinPool.commonPool-worker-5" daemon [_thread_blocked, id=15012, stack(0x0000001950b00000,0x0000001950c00000)]
  0x000001349879e810 JavaThread "ForkJoinPool.commonPool-worker-6" daemon [_thread_blocked, id=14276, stack(0x0000001950c00000,0x0000001950d00000)]
  0x000001349879c9b0 JavaThread "ForkJoinPool.commonPool-worker-7" daemon [_thread_blocked, id=15260, stack(0x0000001950d00000,0x0000001950e00000)]
  0x000001349879ed20 JavaThread "ForkJoinPool.commonPool-worker-8" daemon [_thread_blocked, id=3224, stack(0x0000001950e00000,0x0000001950f00000)]
  0x000001349879b060 JavaThread "Cleaner-0" daemon [_thread_blocked, id=15312, stack(0x0000001950f00000,0x0000001951000000)]
  0x000001349879fc50 JavaThread "ForkJoinPool.commonPool-worker-10" daemon [_thread_blocked, id=16140, stack(0x0000001951200000,0x0000001951300000)]
  0x000001349879b570 JavaThread "ForkJoinPool.commonPool-worker-11" daemon [_thread_blocked, id=14712, stack(0x0000001951300000,0x0000001951400000)]
  0x000001348fc0a400 JavaThread "Java Debug Server" daemon [_thread_in_native, id=15732, stack(0x000000194ca00000,0x000000194cb00000)]
  0x000001348fc0a910 JavaThread "RxSchedulerPurge-1" daemon [_thread_blocked, id=16372, stack(0x000000194c900000,0x000000194ca00000)]
  0x00000134987a0160 JavaThread "RxCachedWorkerPoolEvictor-1" daemon [_thread_blocked, id=612, stack(0x000000194ea00000,0x000000194eb00000)]
  0x00000134987a0b80 JavaThread "ForkJoinPool.commonPool-worker-12" daemon [_thread_blocked, id=8468, stack(0x000000194d800000,0x000000194d900000)]
  0x000001349879ba80 JavaThread "ForkJoinPool.commonPool-worker-13" daemon [_thread_blocked, id=9160, stack(0x000000194ed00000,0x000000194ee00000)]
  0x000001349879cec0 JavaThread "Worker-10" [_thread_blocked, id=11168, stack(0x000000194c800000,0x000000194c900000)]
  0x000001349879e300 JavaThread "pool-1-thread-2" [_thread_blocked, id=2900, stack(0x000000194f100000,0x000000194f200000)]
  0x000001348ff518c0 JavaThread "C2 CompilerThread1" daemon [_thread_blocked, id=6176, stack(0x000000194eb00000,0x000000194ec00000)]

Other Threads:
  0x00000134ede49390 VMThread "VM Thread" [stack: 0x000000194cd00000,0x000000194ce00000] [id=4236]
  0x000001348acd8700 WatcherThread [stack: 0x000000194da00000,0x000000194db00000] [id=14724]
  0x00000134eddd96a0 GCTaskThread "GC Thread#0" [stack: 0x000000194cc00000,0x000000194cd00000] [id=12460]
  0x000001348b220380 GCTaskThread "GC Thread#1" [stack: 0x000000194dc00000,0x000000194dd00000] [id=6800]
  0x000001348b3c3250 GCTaskThread "GC Thread#2" [stack: 0x000000194dd00000,0x000000194de00000] [id=14664]
  0x000001348ad81070 GCTaskThread "GC Thread#3" [stack: 0x000000194de00000,0x000000194df00000] [id=13624]
  0x000001348ad81330 GCTaskThread "GC Thread#4" [stack: 0x000000194df00000,0x000000194e000000] [id=15476]
  0x000001348ad815f0 GCTaskThread "GC Thread#5" [stack: 0x000000194e000000,0x000000194e100000] [id=4660]
  0x000001348ad818b0 GCTaskThread "GC Thread#6" [stack: 0x000000194e100000,0x000000194e200000] [id=3148]
  0x000001348b683b20 GCTaskThread "GC Thread#7" [stack: 0x000000194e500000,0x000000194e600000] [id=13884]
=>0x000001348bac1610 GCTaskThread "GC Thread#8" [stack: 0x000000194e800000,0x000000194e900000] [id=9116]
  0x000001348b9218c0 GCTaskThread "GC Thread#9" [stack: 0x000000194e900000,0x000000194ea00000] [id=11852]

Threads with active compile tasks:
C2 CompilerThread0   308532 21168       4       com.sun.org.apache.xerces.internal.impl.XMLEntityScanner::scanContent (295 bytes)
C1 CompilerThread0   308532 21169   !   3       org.eclipse.osgi.internal.framework.EquinoxBundle::adapt0 (939 bytes)
C2 CompilerThread1   308532 21166   !   4       com.sun.org.apache.xerces.internal.impl.XMLDocumentFragmentScannerImpl$FragmentContentDriver::next (2333 bytes)

VM state: at safepoint (normal execution)

VM Mutex/Monitor currently owned by a thread:  ([mutex/lock_event])
[0x00000134eddbfb80] Threads_lock - owner thread: 0x00000134ede49390
[0x00000134eddbef20] Heap_lock - owner thread: 0x000001348b90db60

Heap address: 0x0000000080000000, size: 2048 MB, Compressed Oops mode: 32-bit

CDS archive(s) not mapped
Compressed class space mapped at: 0x0000000100000000-0x0000000140000000, reserved size: 1073741824
Narrow klass base: 0x0000000000000000, Narrow klass shift: 3, Narrow klass range: 0x140000000

GC Precious Log:
 CPUs: 12 total, 12 available
 Memory: 16225M
 Large Page Support: Disabled
 NUMA Support: Disabled
 Compressed Oops: Enabled (32-bit)
 Alignments: Space 512K, Generation 512K, Heap 2M
 Heap Min Capacity: 100M
 Heap Initial Capacity: 100M
 Heap Max Capacity: 2G
 Pre-touch: Disabled
 Parallel Workers: 10

Heap:
 PSYoungGen      total 3072K, used 1022K [0x00000000d5580000, 0x00000000d6400000, 0x0000000100000000)
  eden space 2048K, 0% used [0x00000000d5580000,0x00000000d5580000,0x00000000d5780000)
  from space 1024K, 99% used [0x00000000d5c00000,0x00000000d5cff9e8,0x00000000d5d00000)
  to   space 4608K, 0% used [0x00000000d5780000,0x00000000d5780000,0x00000000d5c00000)
 ParOldGen       total 172032K, used 171849K [0x0000000080000000, 0x000000008a800000, 0x00000000d5580000)
  object space 172032K, 99% used [0x0000000080000000,0x000000008a7d24b8,0x000000008a800000)
 Metaspace       used 92473K, committed 94016K, reserved 1179648K
  class space    used 9635K, committed 10304K, reserved 1048576K

Card table byte_map: [0x00000134ed770000,0x00000134edb80000] _byte_map_base: 0x00000134ed370000

Marking Bits: (ParMarkBitMap*) 0x00007ffeae55d7d0
 Begin Bits: [0x0000013480000000, 0x0000013482000000)
 End Bits:   [0x0000013482000000, 0x0000013484000000)

Polling page: 0x00000134ebdb0000

Metaspace:

Usage:
  Non-class:     80.90 MB used.
      Class:      9.41 MB used.
       Both:     90.31 MB used.

Virtual space:
  Non-class space:      128.00 MB reserved,      81.75 MB ( 64%) committed,  2 nodes.
      Class space:        1.00 GB reserved,      10.06 MB ( <1%) committed,  1 nodes.
             Both:        1.12 GB reserved,      91.81 MB (  8%) committed. 

Chunk freelists:
   Non-Class:  13.42 MB
       Class:  5.98 MB
        Both:  19.40 MB

MaxMetaspaceSize: unlimited
CompressedClassSpaceSize: 1.00 GB
Initial GC threshold: 21.00 MB
Current GC threshold: 147.31 MB
CDS: off
MetaspaceReclaimPolicy: balanced
 - commit_granule_bytes: 65536.
 - commit_granule_words: 8192.
 - virtual_space_node_default_size: 8388608.
 - enlarge_chunks_in_place: 1.
 - new_chunks_are_fully_committed: 0.
 - uncommit_free_chunks: 1.
 - use_allocation_guard: 0.
 - handle_deallocations: 1.


Internal statistics:

num_allocs_failed_limit: 9.
num_arena_births: 1214.
num_arena_deaths: 22.
num_vsnodes_births: 3.
num_vsnodes_deaths: 0.
num_space_committed: 1469.
num_space_uncommitted: 0.
num_chunks_returned_to_freelist: 34.
num_chunks_taken_from_freelist: 5394.
num_chunk_merges: 11.
num_chunk_splits: 3236.
num_chunks_enlarged: 1808.
num_inconsistent_stats: 0.

CodeHeap 'non-profiled nmethods': size=120000Kb used=13391Kb max_used=13391Kb free=106608Kb
 bounds [0x00000134f8520000, 0x00000134f9240000, 0x00000134ffa50000]
CodeHeap 'profiled nmethods': size=120000Kb used=32195Kb max_used=32195Kb free=87804Kb
 bounds [0x00000134f0a50000, 0x00000134f29d0000, 0x00000134f7f80000]
CodeHeap 'non-nmethods': size=5760Kb used=1445Kb max_used=1556Kb free=4314Kb
 bounds [0x00000134f7f80000, 0x00000134f81f0000, 0x00000134f8520000]
 total_blobs=16207 nmethods=15404 adapters=707
 compilation: enabled
              stopped_count=0, restarted_count=0
 full_count=0

Compilation events (20 events):
Event: 308.487 Thread 0x000001348ff518c0 21137       4       java.lang.invoke.LambdaForm::prepare (112 bytes)
Event: 308.498 Thread 0x0000013489512b70 nmethod 21131 0x00000134f922ea90 code [0x00000134f922ed40, 0x00000134f922fff8]
Event: 308.500 Thread 0x0000013489512b70 21160       4       java.util.LinkedList::listIterator (15 bytes)
Event: 308.500 Thread 0x00000134895143c0 21161   !   3       org.eclipse.jdt.ls.core.internal.JDTUtils::findResource (319 bytes)
Event: 308.502 Thread 0x00000134895143c0 nmethod 21161 0x00000134f29bb690 code [0x00000134f29bbba0, 0x00000134f29be1b8]
Event: 308.502 Thread 0x00000134895143c0 21162       3       org.eclipse.core.internal.resources.CharsetManager$ResourceChangeListener::moveSettingsIfDerivedChanged (229 bytes)
Event: 308.502 Thread 0x000001348ff518c0 nmethod 21137 0x00000134f9231010 code [0x00000134f92312a0, 0x00000134f9232218]
Event: 308.502 Thread 0x0000013489512b70 nmethod 21160 0x00000134f9232e10 code [0x00000134f9232fa0, 0x00000134f9233178]
Event: 308.503 Thread 0x0000013489512b70 21164       4       java.util.HashMap::remove (26 bytes)
Event: 308.503 Thread 0x00000134895143c0 nmethod 21162 0x00000134f29bf190 code [0x00000134f29bf4a0, 0x00000134f29c0878]
Event: 308.503 Thread 0x00000134895143c0 21163       3       org.eclipse.core.internal.preferences.PreferencesService::getRegistryKey (26 bytes)
Event: 308.504 Thread 0x00000134895143c0 nmethod 21163 0x00000134f29c1110 code [0x00000134f29c14e0, 0x00000134f29c3128]
Event: 308.504 Thread 0x00000134895143c0 21165   !   3       jdk.internal.loader.AbstractClassLoaderValue::get (21 bytes)
Event: 308.504 Thread 0x00000134895143c0 nmethod 21165 0x00000134f29c3b90 code [0x00000134f29c3da0, 0x00000134f29c44a8]
Event: 308.504 Thread 0x000001348ff518c0 21166   !   4       com.sun.org.apache.xerces.internal.impl.XMLDocumentFragmentScannerImpl$FragmentContentDriver::next (2333 bytes)
Event: 308.504 Thread 0x00000134895143c0 21167       3       org.xml.sax.helpers.DefaultHandler::characters (1 bytes)
Event: 308.504 Thread 0x00000134895143c0 nmethod 21167 0x00000134f29c4790 code [0x00000134f29c4920, 0x00000134f29c4a38]
Event: 308.505 Thread 0x00000134895143c0 21169   !   3       org.eclipse.osgi.internal.framework.EquinoxBundle::adapt0 (939 bytes)
Event: 308.508 Thread 0x0000013489512b70 nmethod 21164 0x00000134f9233310 code [0x00000134f92334e0, 0x00000134f9233a08]
Event: 308.508 Thread 0x0000013489512b70 21168       4       com.sun.org.apache.xerces.internal.impl.XMLEntityScanner::scanContent (295 bytes)

GC Heap History (20 events):
Event: 306.264 GC heap after
{Heap after GC invocations=238 (full 9):
 PSYoungGen      total 6656K, used 704K [0x00000000d5580000, 0x00000000d5d80000, 0x0000000100000000)
  eden space 5632K, 0% used [0x00000000d5580000,0x00000000d5580000,0x00000000d5b00000)
  from space 1024K, 68% used [0x00000000d5b00000,0x00000000d5bb0000,0x00000000d5c00000)
  to   space 1024K, 0% used [0x00000000d5c80000,0x00000000d5c80000,0x00000000d5d80000)
 ParOldGen       total 171008K, used 164503K [0x0000000080000000, 0x000000008a700000, 0x00000000d5580000)
  object space 171008K, 96% used [0x0000000080000000,0x000000008a0a5c60,0x000000008a700000)
 Metaspace       used 91558K, committed 93056K, reserved 1179648K
  class space    used 9474K, committed 10112K, reserved 1048576K
}
Event: 306.774 GC heap before
{Heap before GC invocations=239 (full 9):
 PSYoungGen      total 6656K, used 6336K [0x00000000d5580000, 0x00000000d5d80000, 0x0000000100000000)
  eden space 5632K, 100% used [0x00000000d5580000,0x00000000d5b00000,0x00000000d5b00000)
  from space 1024K, 68% used [0x00000000d5b00000,0x00000000d5bb0000,0x00000000d5c00000)
  to   space 1024K, 0% used [0x00000000d5c80000,0x00000000d5c80000,0x00000000d5d80000)
 ParOldGen       total 171008K, used 164503K [0x0000000080000000, 0x000000008a700000, 0x00000000d5580000)
  object space 171008K, 96% used [0x0000000080000000,0x000000008a0a5c60,0x000000008a700000)
 Metaspace       used 91573K, committed 93056K, reserved 1179648K
  class space    used 9474K, committed 10112K, reserved 1048576K
}
Event: 306.774 GC heap after
{Heap after GC invocations=239 (full 9):
 PSYoungGen      total 6656K, used 532K [0x00000000d5580000, 0x00000000d5d80000, 0x0000000100000000)
  eden space 5632K, 0% used [0x00000000d5580000,0x00000000d5580000,0x00000000d5b00000)
  from space 1024K, 52% used [0x00000000d5c80000,0x00000000d5d05220,0x00000000d5d80000)
  to   space 1024K, 0% used [0x00000000d5b00000,0x00000000d5b00000,0x00000000d5c00000)
 ParOldGen       total 171008K, used 165175K [0x0000000080000000, 0x000000008a700000, 0x00000000d5580000)
  object space 171008K, 96% used [0x0000000080000000,0x000000008a14dc60,0x000000008a700000)
 Metaspace       used 91573K, committed 93056K, reserved 1179648K
  class space    used 9474K, committed 10112K, reserved 1048576K
}
Event: 306.779 GC heap before
{Heap before GC invocations=240 (full 9):
 PSYoungGen      total 6656K, used 6164K [0x00000000d5580000, 0x00000000d5d80000, 0x0000000100000000)
  eden space 5632K, 100% used [0x00000000d5580000,0x00000000d5b00000,0x00000000d5b00000)
  from space 1024K, 52% used [0x00000000d5c80000,0x00000000d5d05220,0x00000000d5d80000)
  to   space 1024K, 0% used [0x00000000d5b00000,0x00000000d5b00000,0x00000000d5c00000)
 ParOldGen       total 171008K, used 165175K [0x0000000080000000, 0x000000008a700000, 0x00000000d5580000)
  object space 171008K, 96% used [0x0000000080000000,0x000000008a14dc60,0x000000008a700000)
 Metaspace       used 91573K, committed 93056K, reserved 1179648K
  class space    used 9474K, committed 10112K, reserved 1048576K
}
Event: 306.779 GC heap after
{Heap after GC invocations=240 (full 9):
 PSYoungGen      total 6656K, used 896K [0x00000000d5580000, 0x00000000d5d00000, 0x0000000100000000)
  eden space 5632K, 0% used [0x00000000d5580000,0x00000000d5580000,0x00000000d5b00000)
  from space 1024K, 87% used [0x00000000d5b00000,0x00000000d5be0000,0x00000000d5c00000)
  to   space 1024K, 0% used [0x00000000d5c00000,0x00000000d5c00000,0x00000000d5d00000)
 ParOldGen       total 171008K, used 165442K [0x0000000080000000, 0x000000008a700000, 0x00000000d5580000)
  object space 171008K, 96% used [0x0000000080000000,0x000000008a190800,0x000000008a700000)
 Metaspace       used 91573K, committed 93056K, reserved 1179648K
  class space    used 9474K, committed 10112K, reserved 1048576K
}
Event: 306.945 GC heap before
{Heap before GC invocations=241 (full 9):
 PSYoungGen      total 6656K, used 6528K [0x00000000d5580000, 0x00000000d5d00000, 0x0000000100000000)
  eden space 5632K, 100% used [0x00000000d5580000,0x00000000d5b00000,0x00000000d5b00000)
  from space 1024K, 87% used [0x00000000d5b00000,0x00000000d5be0000,0x00000000d5c00000)
  to   space 1024K, 0% used [0x00000000d5c00000,0x00000000d5c00000,0x00000000d5d00000)
 ParOldGen       total 171008K, used 165442K [0x0000000080000000, 0x000000008a700000, 0x00000000d5580000)
  object space 171008K, 96% used [0x0000000080000000,0x000000008a190800,0x000000008a700000)
 Metaspace       used 91577K, committed 93056K, reserved 1179648K
  class space    used 9474K, committed 10112K, reserved 1048576K
}
Event: 306.946 GC heap after
{Heap after GC invocations=241 (full 9):
 PSYoungGen      total 6656K, used 730K [0x00000000d5580000, 0x00000000d5d00000, 0x0000000100000000)
  eden space 5632K, 0% used [0x00000000d5580000,0x00000000d5580000,0x00000000d5b00000)
  from space 1024K, 71% used [0x00000000d5c00000,0x00000000d5cb6900,0x00000000d5d00000)
  to   space 1024K, 0% used [0x00000000d5b00000,0x00000000d5b00000,0x00000000d5c00000)
 ParOldGen       total 171008K, used 166234K [0x0000000080000000, 0x000000008a700000, 0x00000000d5580000)
  object space 171008K, 97% used [0x0000000080000000,0x000000008a256840,0x000000008a700000)
 Metaspace       used 91577K, committed 93056K, reserved 1179648K
  class space    used 9474K, committed 10112K, reserved 1048576K
}
Event: 306.950 GC heap before
{Heap before GC invocations=242 (full 9):
 PSYoungGen      total 6656K, used 6362K [0x00000000d5580000, 0x00000000d5d00000, 0x0000000100000000)
  eden space 5632K, 100% used [0x00000000d5580000,0x00000000d5b00000,0x00000000d5b00000)
  from space 1024K, 71% used [0x00000000d5c00000,0x00000000d5cb6900,0x00000000d5d00000)
  to   space 1024K, 0% used [0x00000000d5b00000,0x00000000d5b00000,0x00000000d5c00000)
 ParOldGen       total 171008K, used 166234K [0x0000000080000000, 0x000000008a700000, 0x00000000d5580000)
  object space 171008K, 97% used [0x0000000080000000,0x000000008a256840,0x000000008a700000)
 Metaspace       used 91577K, committed 93056K, reserved 1179648K
  class space    used 9474K, committed 10112K, reserved 1048576K
}
Event: 306.951 GC heap after
{Heap after GC invocations=242 (full 9):
 PSYoungGen      total 6656K, used 912K [0x00000000d5580000, 0x00000000d5d00000, 0x0000000100000000)
  eden space 5632K, 0% used [0x00000000d5580000,0x00000000d5580000,0x00000000d5b00000)
  from space 1024K, 89% used [0x00000000d5b00000,0x00000000d5be4010,0x00000000d5c00000)
  to   space 1024K, 0% used [0x00000000d5c00000,0x00000000d5c00000,0x00000000d5d00000)
 ParOldGen       total 171008K, used 166858K [0x0000000080000000, 0x000000008a700000, 0x00000000d5580000)
  object space 171008K, 97% used [0x0000000080000000,0x000000008a2f2950,0x000000008a700000)
 Metaspace       used 91577K, committed 93056K, reserved 1179648K
  class space    used 9474K, committed 10112K, reserved 1048576K
}
Event: 306.958 GC heap before
{Heap before GC invocations=243 (full 9):
 PSYoungGen      total 6656K, used 6544K [0x00000000d5580000, 0x00000000d5d00000, 0x0000000100000000)
  eden space 5632K, 100% used [0x00000000d5580000,0x00000000d5b00000,0x00000000d5b00000)
  from space 1024K, 89% used [0x00000000d5b00000,0x00000000d5be4010,0x00000000d5c00000)
  to   space 1024K, 0% used [0x00000000d5c00000,0x00000000d5c00000,0x00000000d5d00000)
 ParOldGen       total 171008K, used 166858K [0x0000000080000000, 0x000000008a700000, 0x00000000d5580000)
  object space 171008K, 97% used [0x0000000080000000,0x000000008a2f2950,0x000000008a700000)
 Metaspace       used 91577K, committed 93056K, reserved 1179648K
  class space    used 9474K, committed 10112K, reserved 1048576K
}
Event: 306.959 GC heap after
{Heap after GC invocations=243 (full 9):
 PSYoungGen      total 6656K, used 912K [0x00000000d5580000, 0x00000000d5d00000, 0x0000000100000000)
  eden space 5632K, 0% used [0x00000000d5580000,0x00000000d5580000,0x00000000d5b00000)
  from space 1024K, 89% used [0x00000000d5c00000,0x00000000d5ce4030,0x00000000d5d00000)
  to   space 1024K, 0% used [0x00000000d5b00000,0x00000000d5b00000,0x00000000d5c00000)
 ParOldGen       total 171008K, used 167642K [0x0000000080000000, 0x000000008a700000, 0x00000000d5580000)
  object space 171008K, 98% used [0x0000000080000000,0x000000008a3b6990,0x000000008a700000)
 Metaspace       used 91577K, committed 93056K, reserved 1179648K
  class space    used 9474K, committed 10112K, reserved 1048576K
}
Event: 307.227 GC heap before
{Heap before GC invocations=244 (full 9):
 PSYoungGen      total 6656K, used 6544K [0x00000000d5580000, 0x00000000d5d00000, 0x0000000100000000)
  eden space 5632K, 100% used [0x00000000d5580000,0x00000000d5b00000,0x00000000d5b00000)
  from space 1024K, 89% used [0x00000000d5c00000,0x00000000d5ce4030,0x00000000d5d00000)
  to   space 1024K, 0% used [0x00000000d5b00000,0x00000000d5b00000,0x00000000d5c00000)
 ParOldGen       total 171008K, used 167642K [0x0000000080000000, 0x000000008a700000, 0x00000000d5580000)
  object space 171008K, 98% used [0x0000000080000000,0x000000008a3b6990,0x000000008a700000)
 Metaspace       used 91579K, committed 93056K, reserved 1179648K
  class space    used 9474K, committed 10112K, reserved 1048576K
}
Event: 307.228 GC heap after
{Heap after GC invocations=244 (full 9):
 PSYoungGen      total 6656K, used 672K [0x00000000d5580000, 0x00000000d5d00000, 0x0000000100000000)
  eden space 5632K, 0% used [0x00000000d5580000,0x00000000d5580000,0x00000000d5b00000)
  from space 1024K, 65% used [0x00000000d5b00000,0x00000000d5ba8000,0x00000000d5c00000)
  to   space 1024K, 0% used [0x00000000d5c00000,0x00000000d5c00000,0x00000000d5d00000)
 ParOldGen       total 171008K, used 168396K [0x0000000080000000, 0x000000008a700000, 0x00000000d5580000)
  object space 171008K, 98% used [0x0000000080000000,0x000000008a473350,0x000000008a700000)
 Metaspace       used 91579K, committed 93056K, reserved 1179648K
  class space    used 9474K, committed 10112K, reserved 1048576K
}
Event: 308.441 GC heap before
{Heap before GC invocations=245 (full 9):
 PSYoungGen      total 6656K, used 6303K [0x00000000d5580000, 0x00000000d5d00000, 0x0000000100000000)
  eden space 5632K, 99% used [0x00000000d5580000,0x00000000d5afffe8,0x00000000d5b00000)
  from space 1024K, 65% used [0x00000000d5b00000,0x00000000d5ba8000,0x00000000d5c00000)
  to   space 1024K, 0% used [0x00000000d5c00000,0x00000000d5c00000,0x00000000d5d00000)
 ParOldGen       total 171008K, used 168396K [0x0000000080000000, 0x000000008a700000, 0x00000000d5580000)
  object space 171008K, 98% used [0x0000000080000000,0x000000008a473350,0x000000008a700000)
 Metaspace       used 91865K, committed 93376K, reserved 1179648K
  class space    used 9514K, committed 10176K, reserved 1048576K
}
Event: 308.442 GC heap after
{Heap after GC invocations=245 (full 9):
 PSYoungGen      total 6144K, used 320K [0x00000000d5580000, 0x00000000d5c80000, 0x0000000100000000)
  eden space 5632K, 0% used [0x00000000d5580000,0x00000000d5580000,0x00000000d5b00000)
  from space 512K, 62% used [0x00000000d5c00000,0x00000000d5c50000,0x00000000d5c80000)
  to   space 512K, 0% used [0x00000000d5b80000,0x00000000d5b80000,0x00000000d5c00000)
 ParOldGen       total 171008K, used 168874K [0x0000000080000000, 0x000000008a700000, 0x00000000d5580000)
  object space 171008K, 98% used [0x0000000080000000,0x000000008a4eaad0,0x000000008a700000)
 Metaspace       used 91865K, committed 93376K, reserved 1179648K
  class space    used 9514K, committed 10176K, reserved 1048576K
}
Event: 308.507 GC heap before
{Heap before GC invocations=246 (full 9):
 PSYoungGen      total 6144K, used 5728K [0x00000000d5580000, 0x00000000d5c80000, 0x0000000100000000)
  eden space 5632K, 96% used [0x00000000d5580000,0x00000000d5ac8158,0x00000000d5b00000)
  from space 512K, 62% used [0x00000000d5c00000,0x00000000d5c50000,0x00000000d5c80000)
  to   space 512K, 0% used [0x00000000d5b80000,0x00000000d5b80000,0x00000000d5c00000)
 ParOldGen       total 171008K, used 168874K [0x0000000080000000, 0x000000008a700000, 0x00000000d5580000)
  object space 171008K, 98% used [0x0000000080000000,0x000000008a4eaad0,0x000000008a700000)
 Metaspace       used 92469K, committed 94016K, reserved 1179648K
  class space    used 9634K, committed 10304K, reserved 1048576K
}
Event: 308.508 GC heap after
{Heap after GC invocations=246 (full 9):
 PSYoungGen      total 6144K, used 512K [0x00000000d5580000, 0x00000000d5d00000, 0x0000000100000000)
  eden space 5632K, 0% used [0x00000000d5580000,0x00000000d5580000,0x00000000d5b00000)
  from space 512K, 100% used [0x00000000d5b80000,0x00000000d5c00000,0x00000000d5c00000)
  to   space 1024K, 0% used [0x00000000d5c00000,0x00000000d5c00000,0x00000000d5d00000)
 ParOldGen       total 171008K, used 168898K [0x0000000080000000, 0x000000008a700000, 0x00000000d5580000)
  object space 171008K, 98% used [0x0000000080000000,0x000000008a4f0ad0,0x000000008a700000)
 Metaspace       used 92469K, committed 94016K, reserved 1179648K
  class space    used 9634K, committed 10304K, reserved 1048576K
}
Event: 308.512 GC heap before
{Heap before GC invocations=247 (full 9):
 PSYoungGen      total 6144K, used 6144K [0x00000000d5580000, 0x00000000d5d00000, 0x0000000100000000)
  eden space 5632K, 100% used [0x00000000d5580000,0x00000000d5b00000,0x00000000d5b00000)
  from space 512K, 100% used [0x00000000d5b80000,0x00000000d5c00000,0x00000000d5c00000)
  to   space 1024K, 0% used [0x00000000d5c00000,0x00000000d5c00000,0x00000000d5d00000)
 ParOldGen       total 171008K, used 168898K [0x0000000080000000, 0x000000008a700000, 0x00000000d5580000)
  object space 171008K, 98% used [0x0000000080000000,0x000000008a4f0ad0,0x000000008a700000)
 Metaspace       used 92473K, committed 94016K, reserved 1179648K
  class space    used 9635K, committed 10304K, reserved 1048576K
}
Event: 308.513 GC heap after
{Heap after GC invocations=247 (full 9):
 PSYoungGen      total 3072K, used 1022K [0x00000000d5580000, 0x00000000d6400000, 0x0000000100000000)
  eden space 2048K, 0% used [0x00000000d5580000,0x00000000d5580000,0x00000000d5780000)
  from space 1024K, 99% used [0x00000000d5c00000,0x00000000d5cff9e8,0x00000000d5d00000)
  to   space 4608K, 0% used [0x00000000d5780000,0x00000000d5780000,0x00000000d5c00000)
 ParOldGen       total 172032K, used 171849K [0x0000000080000000, 0x000000008a800000, 0x00000000d5580000)
  object space 172032K, 99% used [0x0000000080000000,0x000000008a7d24b8,0x000000008a800000)
 Metaspace       used 92473K, committed 94016K, reserved 1179648K
  class space    used 9635K, committed 10304K, reserved 1048576K
}
Event: 308.513 GC heap before
{Heap before GC invocations=248 (full 10):
 PSYoungGen      total 3072K, used 1022K [0x00000000d5580000, 0x00000000d6400000, 0x0000000100000000)
  eden space 2048K, 0% used [0x00000000d5580000,0x00000000d5580000,0x00000000d5780000)
  from space 1024K, 99% used [0x00000000d5c00000,0x00000000d5cff9e8,0x00000000d5d00000)
  to   space 4608K, 0% used [0x00000000d5780000,0x00000000d5780000,0x00000000d5c00000)
 ParOldGen       total 172032K, used 171849K [0x0000000080000000, 0x000000008a800000, 0x00000000d5580000)
  object space 172032K, 99% used [0x0000000080000000,0x000000008a7d24b8,0x000000008a800000)
 Metaspace       used 92473K, committed 94016K, reserved 1179648K
  class space    used 9635K, committed 10304K, reserved 1048576K
}

Dll operation events (11 events):
Event: 0.006 Loaded shared library c:\Users\casa\.vscode\extensions\redhat.java-1.30.0-win32-x64\jre\17.0.10-win32-x86_64\bin\java.dll
Event: 0.098 Loaded shared library c:\Users\casa\.vscode\extensions\redhat.java-1.30.0-win32-x64\jre\17.0.10-win32-x86_64\bin\zip.dll
Event: 0.100 Loaded shared library C:\Users\casa\.vscode\extensions\redhat.java-1.30.0-win32-x64\jre\17.0.10-win32-x86_64\bin\instrument.dll
Event: 0.110 Loaded shared library C:\Users\casa\.vscode\extensions\redhat.java-1.30.0-win32-x64\jre\17.0.10-win32-x86_64\bin\net.dll
Event: 0.111 Loaded shared library C:\Users\casa\.vscode\extensions\redhat.java-1.30.0-win32-x64\jre\17.0.10-win32-x86_64\bin\nio.dll
Event: 0.115 Loaded shared library C:\Users\casa\.vscode\extensions\redhat.java-1.30.0-win32-x64\jre\17.0.10-win32-x86_64\bin\zip.dll
Event: 0.126 Loaded shared library C:\Users\casa\.vscode\extensions\redhat.java-1.30.0-win32-x64\jre\17.0.10-win32-x86_64\bin\jimage.dll
Event: 0.161 Loaded shared library c:\Users\casa\.vscode\extensions\redhat.java-1.30.0-win32-x64\jre\17.0.10-win32-x86_64\bin\verify.dll
Event: 0.788 Loaded shared library C:\Users\casa\AppData\Roaming\Code\User\globalStorage\redhat.java\1.30.0\config_win\org.eclipse.equinox.launcher\org.eclipse.equinox.launcher.win32.win32.x86_64_1.2.900.v20240213-1244\eclipse_11900.dll
Event: 2.620 Loaded shared library C:\Users\casa\AppData\Local\Temp\jna-3046188\jna12021013950625162892.dll
Event: 127.685 Loaded shared library C:\Users\casa\.vscode\extensions\redhat.java-1.30.0-win32-x64\jre\17.0.10-win32-x86_64\bin\extnet.dll

Deoptimization events (20 events):
Event: 308.437 Thread 0x000001349879ba80 Uncommon trap: trap_request=0xffffff45 fr.pc=0x00000134f91bcbdc relative=0x00000000000000dc
Event: 308.437 Thread 0x000001349879ba80 Uncommon trap: reason=unstable_if action=reinterpret pc=0x00000134f91bcbdc method=org.eclipse.jdt.core.dom.NodeFinder$NodeFinderVisitor.preVisit2(Lorg/eclipse/jdt/core/dom/ASTNode;)Z @ 43 c2
Event: 308.437 Thread 0x000001349879ba80 DEOPT PACKING pc=0x00000134f91bcbdc sp=0x000000194edfe9b0
Event: 308.437 Thread 0x000001349879ba80 DEOPT UNPACKING pc=0x00000134f7fd66a3 sp=0x000000194edfe938 mode 2
Event: 308.453 Thread 0x000001348c17ddf0 Uncommon trap: trap_request=0xffffffc6 fr.pc=0x00000134f8e1d090 relative=0x0000000000000910
Event: 308.453 Thread 0x000001348c17ddf0 Uncommon trap: reason=bimorphic_or_optimized_type_check action=maybe_recompile pc=0x00000134f8e1d090 method=com.google.gson.internal.$Gson$Types.canonicalize(Ljava/lang/reflect/Type;)Ljava/lang/reflect/Type; @ 58 c2
Event: 308.453 Thread 0x000001348c17ddf0 DEOPT PACKING pc=0x00000134f8e1d090 sp=0x00000019501fe280
Event: 308.453 Thread 0x000001348c17ddf0 DEOPT UNPACKING pc=0x00000134f7fd66a3 sp=0x00000019501fe240 mode 2
Event: 308.453 Thread 0x000001348c17ddf0 Uncommon trap: trap_request=0xffffffde fr.pc=0x00000134f880218c relative=0x000000000000112c
Event: 308.453 Thread 0x000001348c17ddf0 Uncommon trap: reason=class_check action=maybe_recompile pc=0x00000134f880218c method=com.google.gson.internal.bind.MapTypeAdapterFactory$Adapter.read(Lcom/google/gson/stream/JsonReader;)Ljava/util/Map; @ 22 c2
Event: 308.453 Thread 0x000001348c17ddf0 DEOPT PACKING pc=0x00000134f880218c sp=0x00000019501fea80
Event: 308.453 Thread 0x000001348c17ddf0 DEOPT UNPACKING pc=0x00000134f7fd66a3 sp=0x00000019501fea38 mode 2
Event: 308.454 Thread 0x000001348c17ddf0 DEOPT PACKING pc=0x00000134f297a304 sp=0x00000019501feeb0
Event: 308.454 Thread 0x000001348c17ddf0 DEOPT UNPACKING pc=0x00000134f7fd6e43 sp=0x00000019501fe400 mode 0
Event: 308.465 Thread 0x000001349879ba80 Uncommon trap: trap_request=0xffffff76 fr.pc=0x00000134f8a91f8c relative=0x00000000000001ec
Event: 308.465 Thread 0x000001349879ba80 Uncommon trap: reason=predicate action=maybe_recompile pc=0x00000134f8a91f8c method=java.util.LinkedList.indexOf(Ljava/lang/Object;)I @ 44 c2
Event: 308.465 Thread 0x000001349879ba80 DEOPT PACKING pc=0x00000134f8a91f8c sp=0x000000194edfdfe0
Event: 308.465 Thread 0x000001349879ba80 DEOPT UNPACKING pc=0x00000134f7fd66a3 sp=0x000000194edfdf70 mode 2
Event: 308.506 Thread 0x000001348b90db60 DEOPT PACKING pc=0x00000134f1c49764 sp=0x000000194eefeec0
Event: 308.506 Thread 0x000001348b90db60 DEOPT UNPACKING pc=0x00000134f7fd6e43 sp=0x000000194eefe3a0 mode 0

Classes unloaded (11 events):
Event: 2.496 Thread 0x00000134ede49390 Unloading class 0x0000000100254400 'java/lang/invoke/LambdaForm$MH+0x0000000100254400'
Event: 2.496 Thread 0x00000134ede49390 Unloading class 0x0000000100254000 'java/lang/invoke/LambdaForm$MH+0x0000000100254000'
Event: 2.496 Thread 0x00000134ede49390 Unloading class 0x0000000100253c00 'java/lang/invoke/LambdaForm$MH+0x0000000100253c00'
Event: 2.496 Thread 0x00000134ede49390 Unloading class 0x0000000100253800 'java/lang/invoke/LambdaForm$MH+0x0000000100253800'
Event: 2.496 Thread 0x00000134ede49390 Unloading class 0x0000000100253400 'java/lang/invoke/LambdaForm$BMH+0x0000000100253400'
Event: 2.496 Thread 0x00000134ede49390 Unloading class 0x0000000100253000 'java/lang/invoke/LambdaForm$DMH+0x0000000100253000'
Event: 2.496 Thread 0x00000134ede49390 Unloading class 0x0000000100250400 'java/lang/invoke/LambdaForm$DMH+0x0000000100250400'
Event: 5.540 Thread 0x00000134ede49390 Unloading class 0x00000001006d8400 'java/lang/invoke/LambdaForm$DMH+0x00000001006d8400'
Event: 5.540 Thread 0x00000134ede49390 Unloading class 0x00000001006d8800 'java/lang/invoke/LambdaForm$DMH+0x00000001006d8800'
Event: 8.946 Thread 0x00000134ede49390 Unloading class 0x00000001007dc000 'java/lang/invoke/LambdaForm$DMH+0x00000001007dc000'
Event: 8.946 Thread 0x00000134ede49390 Unloading class 0x00000001007c8400 'java/lang/invoke/LambdaForm$DMH+0x00000001007c8400'

Classes redefined (0 events):
No events

Internal exceptions (20 events):
Event: 300.050 Thread 0x000001348c17ddf0 Exception <a 'java/lang/ArrayIndexOutOfBoundsException'{0x00000000d5c6c1a0}: Index 813 out of bounds for length 813> (0x00000000d5c6c1a0) 
thrown [s\src\hotspot\share\interpreter\interpreterRuntime.cpp, line 428]
Event: 300.050 Thread 0x000001348c17ddf0 Exception <a 'java/lang/ArrayIndexOutOfBoundsException'{0x00000000d5c6c538}: Index 814 out of bounds for length 813> (0x00000000d5c6c538) 
thrown [s\src\hotspot\share\interpreter\interpreterRuntime.cpp, line 428]
Event: 300.062 Thread 0x000001348c17ddf0 Implicit null exception at 0x00000134f90a2be8 to 0x00000134f90a77ac
Event: 304.354 Thread 0x000001348c17ddf0 Exception <a 'java/lang/ArrayIndexOutOfBoundsException'{0x00000000d5850620}: Index 828 out of bounds for length 828> (0x00000000d5850620) 
thrown [s\src\hotspot\share\interpreter\interpreterRuntime.cpp, line 428]
Event: 304.354 Thread 0x000001348c17ddf0 Exception <a 'java/lang/ArrayIndexOutOfBoundsException'{0x00000000d5850ea8}: Index 828 out of bounds for length 828> (0x00000000d5850ea8) 
thrown [s\src\hotspot\share\interpreter\interpreterRuntime.cpp, line 428]
Event: 304.354 Thread 0x000001348c17ddf0 Exception <a 'java/lang/ArrayIndexOutOfBoundsException'{0x00000000d5851240}: Index 829 out of bounds for length 828> (0x00000000d5851240) 
thrown [s\src\hotspot\share\interpreter\interpreterRuntime.cpp, line 428]
Event: 304.772 Thread 0x000001348c17ddf0 Exception <a 'java/lang/ArrayIndexOutOfBoundsException'{0x00000000d58bf890}> (0x00000000d58bf890) 
thrown [s\src\hotspot\share\runtime\sharedRuntime.cpp, line 631]
Event: 304.772 Thread 0x000001348c17ddf0 Exception <a 'java/lang/ArrayIndexOutOfBoundsException'{0x00000000d58bfed0}> (0x00000000d58bfed0) 
thrown [s\src\hotspot\share\runtime\sharedRuntime.cpp, line 631]
Event: 304.772 Thread 0x000001348c17ddf0 Exception <a 'java/lang/ArrayIndexOutOfBoundsException'{0x00000000d58c0268}> (0x00000000d58c0268) 
thrown [s\src\hotspot\share\runtime\sharedRuntime.cpp, line 631]
Event: 304.901 Thread 0x000001348c17ddf0 Exception <a 'java/lang/ArrayIndexOutOfBoundsException'{0x00000000d59753d8}> (0x00000000d59753d8) 
thrown [s\src\hotspot\share\runtime\sharedRuntime.cpp, line 631]
Event: 304.901 Thread 0x000001348c17ddf0 Exception <a 'java/lang/ArrayIndexOutOfBoundsException'{0x00000000d5975a18}> (0x00000000d5975a18) 
thrown [s\src\hotspot\share\runtime\sharedRuntime.cpp, line 631]
Event: 304.901 Thread 0x000001348c17ddf0 Exception <a 'java/lang/ArrayIndexOutOfBoundsException'{0x00000000d5975db0}> (0x00000000d5975db0) 
thrown [s\src\hotspot\share\runtime\sharedRuntime.cpp, line 631]
Event: 305.685 Thread 0x000001348c17ddf0 Exception <a 'java/lang/ArrayIndexOutOfBoundsException'{0x00000000d59c0fd8}> (0x00000000d59c0fd8) 
thrown [s\src\hotspot\share\runtime\sharedRuntime.cpp, line 631]
Event: 305.685 Thread 0x000001348c17ddf0 Exception <a 'java/lang/ArrayIndexOutOfBoundsException'{0x00000000d59c1618}> (0x00000000d59c1618) 
thrown [s\src\hotspot\share\runtime\sharedRuntime.cpp, line 631]
Event: 305.685 Thread 0x000001348c17ddf0 Exception <a 'java/lang/ArrayIndexOutOfBoundsException'{0x00000000d59c19b0}> (0x00000000d59c19b0) 
thrown [s\src\hotspot\share\runtime\sharedRuntime.cpp, line 631]
Event: 307.624 Thread 0x000001348c17e300 Exception <a 'java/lang/NoSuchMethodError'{0x00000000d56d65c8}: static [J.<clinit>()V> (0x00000000d56d65c8) 
thrown [s\src\hotspot\share\prims\jni.cpp, line 1107]
Event: 308.456 Thread 0x000001349879ba80 Exception <a 'java/lang/NoSuchMethodError'{0x00000000d5690c80}: 'void java.lang.invoke.DirectMethodHandle$Holder.invokeSpecial(java.lang.Object, java.lang.Object, int)'> (0x00000000d5690c80) 
thrown [s\src\hotspot\share\interpreter\linkResolver.cpp, line 759]
Event: 308.472 Thread 0x000001349879ba80 Exception <a 'java/lang/NoSuchMethodError'{0x00000000d58c4b40}: 'java.lang.Object java.lang.invoke.DirectMethodHandle$Holder.invokeSpecial(java.lang.Object, java.lang.Object, long, java.lang.Object, java.lang.Object, java.lang.Object, java.lang.Object, java.lang.Object, java.lang.Object, java.lang.Object, java.lang.Object, java.lang.Object)'> (0x00000000d58c4b40) 
thrown [s\src\hotspot\share\interpreter\linkResolver.cpp, line 759]
Event: 308.472 Thread 0x000001349879ba80 Exception <a 'java/lang/NoSuchMethodError'{0x00000000d58c9480}: 'java.lang.Object java.lang.invoke.DelegatingMethodHandle$Holder.reinvoke_L(java.lang.Object, long, java.lang.Object, java.lang.Object, java.lang.Object, java.lang.Object, java.lang.Object, java.lang.Object, java.lang.Object, java.lang.Object, java.lang.Object)'> (0x00000000d58c9480) 
thrown [s\src\hotspot\share\interpreter\linkResolver.cpp, line 759]
Event: 308.473 Thread 0x000001349879ba80 Exception <a 'java/lang/NoSuchMethodError'{0x00000000d58f7658}: 'java.lang.Object java.lang.invoke.Invokers$Holder.linkToTargetMethod(java.lang.Object, java.lang.Object, java.lang.Object, java.lang.Object, java.lang.Object, java.lang.Object, java.lang.Object, java.lang.Object, java.lang.Object, java.lang.Object)'> (0x00000000d58f7658) 
thrown [s\src\hotspot\share\interpreter\linkResolver.cpp, line 759]

VM Operations (20 events):
Event: 306.946 Executing VM operation: ParallelGCFailedAllocation done
Event: 306.950 Executing VM operation: ParallelGCFailedAllocation
Event: 306.951 Executing VM operation: ParallelGCFailedAllocation done
Event: 306.958 Executing VM operation: ParallelGCFailedAllocation
Event: 306.959 Executing VM operation: ParallelGCFailedAllocation done
Event: 307.227 Executing VM operation: ParallelGCFailedAllocation
Event: 307.228 Executing VM operation: ParallelGCFailedAllocation done
Event: 307.627 Executing VM operation: HandshakeAllThreads
Event: 307.627 Executing VM operation: HandshakeAllThreads done
Event: 307.651 Executing VM operation: HandshakeAllThreads
Event: 307.651 Executing VM operation: HandshakeAllThreads done
Event: 308.441 Executing VM operation: ParallelGCFailedAllocation
Event: 308.442 Executing VM operation: ParallelGCFailedAllocation done
Event: 308.454 Executing VM operation: HandshakeAllThreads
Event: 308.454 Executing VM operation: HandshakeAllThreads done
Event: 308.475 Executing VM operation: HandshakeAllThreads
Event: 308.475 Executing VM operation: HandshakeAllThreads done
Event: 308.507 Executing VM operation: ParallelGCFailedAllocation
Event: 308.508 Executing VM operation: ParallelGCFailedAllocation done
Event: 308.512 Executing VM operation: ParallelGCFailedAllocation

Events (20 events):
Event: 307.225 Thread 0x000001348ff53df0 Thread exited: 0x000001348ff53df0
Event: 307.616 Thread 0x000001348c180670 Thread added: 0x000001348c180670
Event: 307.617 loading class java/util/stream/Nodes$CollectorTask$OfRef
Event: 307.617 loading class java/util/stream/Nodes$CollectorTask
Event: 307.617 loading class java/util/stream/AbstractTask
Event: 307.617 loading class java/util/stream/AbstractTask done
Event: 307.617 loading class java/util/stream/Nodes$CollectorTask done
Event: 307.617 loading class java/util/stream/Nodes$CollectorTask$OfRef done
Event: 307.617 loading class java/util/function/LongFunction
Event: 307.617 loading class java/util/function/LongFunction done
Event: 307.617 loading class java/util/stream/Nodes$ConcNode
Event: 307.617 loading class java/util/stream/Nodes$AbstractConcNode
Event: 307.617 loading class java/util/stream/Nodes$AbstractConcNode done
Event: 307.617 loading class java/util/stream/Nodes$ConcNode done
Event: 307.617 Thread 0x000001348c180670 Thread exited: 0x000001348c180670
Event: 307.620 Thread 0x000001348ff53350 Thread added: 0x000001348ff53350
Event: 307.634 Thread 0x000001348ff53df0 Thread added: 0x000001348ff53df0
Event: 308.426 Thread 0x000001348ff53df0 Thread exited: 0x000001348ff53df0
Event: 308.426 Thread 0x000001348ff53350 Thread exited: 0x000001348ff53350
Event: 308.461 Thread 0x000001348ff518c0 Thread added: 0x000001348ff518c0


Dynamic libraries:
0x00007ff6de140000 - 0x00007ff6de14e000 	c:\Users\casa\.vscode\extensions\redhat.java-1.30.0-win32-x64\jre\17.0.10-win32-x86_64\bin\java.exe
0x00007fff21f50000 - 0x00007fff22167000 	C:\WINDOWS\SYSTEM32\ntdll.dll
0x00007fff20c40000 - 0x00007fff20d04000 	C:\WINDOWS\System32\KERNEL32.DLL
0x00007fff1f5d0000 - 0x00007fff1f977000 	C:\WINDOWS\System32\KERNELBASE.dll
0x00007fff1f480000 - 0x00007fff1f591000 	C:\WINDOWS\System32\ucrtbase.dll
0x00007fff1c550000 - 0x00007fff1c567000 	c:\Users\casa\.vscode\extensions\redhat.java-1.30.0-win32-x64\jre\17.0.10-win32-x86_64\bin\jli.dll
0x00007fff08560000 - 0x00007fff0857b000 	c:\Users\casa\.vscode\extensions\redhat.java-1.30.0-win32-x64\jre\17.0.10-win32-x86_64\bin\VCRUNTIME140.dll
0x00007fff21c00000 - 0x00007fff21dae000 	C:\WINDOWS\System32\USER32.dll
0x00007fff1f5a0000 - 0x00007fff1f5c6000 	C:\WINDOWS\System32\win32u.dll
0x00007fff08f10000 - 0x00007fff091a3000 	C:\WINDOWS\WinSxS\amd64_microsoft.windows.common-controls_6595b64144ccf1df_6.0.22621.3527_none_270e469b73872a76\COMCTL32.dll
0x00007fff20e10000 - 0x00007fff20e39000 	C:\WINDOWS\System32\GDI32.dll
0x00007fff217c0000 - 0x00007fff21867000 	C:\WINDOWS\System32\msvcrt.dll
0x00007fff1fac0000 - 0x00007fff1fbd9000 	C:\WINDOWS\System32\gdi32full.dll
0x00007fff1fbe0000 - 0x00007fff1fc7a000 	C:\WINDOWS\System32\msvcp_win.dll
0x00007fff20100000 - 0x00007fff20131000 	C:\WINDOWS\System32\IMM32.DLL
0x00007fff1a8d0000 - 0x00007fff1a8dc000 	c:\Users\casa\.vscode\extensions\redhat.java-1.30.0-win32-x64\jre\17.0.10-win32-x86_64\bin\vcruntime140_1.dll
0x00007fff04b80000 - 0x00007fff04c0d000 	c:\Users\casa\.vscode\extensions\redhat.java-1.30.0-win32-x64\jre\17.0.10-win32-x86_64\bin\msvcp140.dll
0x00007ffead9c0000 - 0x00007ffeae622000 	c:\Users\casa\.vscode\extensions\redhat.java-1.30.0-win32-x64\jre\17.0.10-win32-x86_64\bin\server\jvm.dll
0x00007fff208a0000 - 0x00007fff20952000 	C:\WINDOWS\System32\ADVAPI32.dll
0x00007fff20eb0000 - 0x00007fff20f58000 	C:\WINDOWS\System32\sechost.dll
0x00007fff1f2e0000 - 0x00007fff1f308000 	C:\WINDOWS\System32\bcrypt.dll
0x00007fff20780000 - 0x00007fff20895000 	C:\WINDOWS\System32\RPCRT4.dll
0x00007fff15b90000 - 0x00007fff15b99000 	C:\WINDOWS\SYSTEM32\WSOCK32.dll
0x00007fff1e950000 - 0x00007fff1e99d000 	C:\WINDOWS\SYSTEM32\POWRPROF.dll
0x00007fff20660000 - 0x00007fff206d1000 	C:\WINDOWS\System32\WS2_32.dll
0x00007fff18cd0000 - 0x00007fff18cda000 	C:\WINDOWS\SYSTEM32\VERSION.dll
0x00007fff10510000 - 0x00007fff10544000 	C:\WINDOWS\SYSTEM32\WINMM.dll
0x00007fff1e800000 - 0x00007fff1e813000 	C:\WINDOWS\SYSTEM32\UMPDC.dll
0x00007fff1e250000 - 0x00007fff1e268000 	C:\WINDOWS\SYSTEM32\kernel.appcore.dll
0x00007fff1a880000 - 0x00007fff1a88a000 	c:\Users\casa\.vscode\extensions\redhat.java-1.30.0-win32-x64\jre\17.0.10-win32-x86_64\bin\jimage.dll
0x00007fff0ea70000 - 0x00007fff0eca2000 	C:\WINDOWS\SYSTEM32\DBGHELP.DLL
0x00007fff21870000 - 0x00007fff21bf8000 	C:\WINDOWS\System32\combase.dll
0x00007fff20580000 - 0x00007fff20657000 	C:\WINDOWS\System32\OLEAUT32.dll
0x00007fff04c10000 - 0x00007fff04c42000 	C:\WINDOWS\SYSTEM32\dbgcore.DLL
0x00007fff1f980000 - 0x00007fff1f9f9000 	C:\WINDOWS\System32\bcryptPrimitives.dll
0x00007fff1a7c0000 - 0x00007fff1a7ce000 	c:\Users\casa\.vscode\extensions\redhat.java-1.30.0-win32-x64\jre\17.0.10-win32-x86_64\bin\instrument.dll
0x00007fff08530000 - 0x00007fff08555000 	c:\Users\casa\.vscode\extensions\redhat.java-1.30.0-win32-x64\jre\17.0.10-win32-x86_64\bin\java.dll
0x00007fff07260000 - 0x00007fff07278000 	c:\Users\casa\.vscode\extensions\redhat.java-1.30.0-win32-x64\jre\17.0.10-win32-x86_64\bin\zip.dll
0x00007fff20f60000 - 0x00007fff217bc000 	C:\WINDOWS\System32\SHELL32.dll
0x00007fff1d160000 - 0x00007fff1da56000 	C:\WINDOWS\SYSTEM32\windows.storage.dll
0x00007fff1d020000 - 0x00007fff1d15e000 	C:\WINDOWS\SYSTEM32\wintypes.dll
0x00007fff209e0000 - 0x00007fff20ad5000 	C:\WINDOWS\System32\SHCORE.dll
0x00007fff21db0000 - 0x00007fff21e0e000 	C:\WINDOWS\System32\shlwapi.dll
0x00007fff1f1a0000 - 0x00007fff1f1c1000 	C:\WINDOWS\SYSTEM32\profapi.dll
0x00007fff056e0000 - 0x00007fff056f9000 	C:\Users\casa\.vscode\extensions\redhat.java-1.30.0-win32-x64\jre\17.0.10-win32-x86_64\bin\net.dll
0x00007fff18960000 - 0x00007fff18a96000 	C:\WINDOWS\SYSTEM32\WINHTTP.dll
0x00007fff1e720000 - 0x00007fff1e789000 	C:\WINDOWS\system32\mswsock.dll
0x00007fff051c0000 - 0x00007fff051d6000 	C:\Users\casa\.vscode\extensions\redhat.java-1.30.0-win32-x64\jre\17.0.10-win32-x86_64\bin\nio.dll
0x00007fff12f40000 - 0x00007fff12f50000 	c:\Users\casa\.vscode\extensions\redhat.java-1.30.0-win32-x64\jre\17.0.10-win32-x86_64\bin\verify.dll
0x00007fff03ab0000 - 0x00007fff03aee000 	C:\Users\casa\AppData\Roaming\Code\User\globalStorage\redhat.java\1.30.0\config_win\org.eclipse.equinox.launcher\org.eclipse.equinox.launcher.win32.win32.x86_64_1.2.900.v20240213-1244\eclipse_11900.dll
0x00007fff201c0000 - 0x00007fff20365000 	C:\WINDOWS\System32\ole32.dll
0x00007fff1eaf0000 - 0x00007fff1eb0b000 	C:\WINDOWS\SYSTEM32\CRYPTSP.dll
0x00007fff1e1b0000 - 0x00007fff1e1e5000 	C:\WINDOWS\system32\rsaenh.dll
0x00007fff1e7d0000 - 0x00007fff1e7f8000 	C:\WINDOWS\SYSTEM32\USERENV.dll
0x00007fff1ead0000 - 0x00007fff1eadc000 	C:\WINDOWS\SYSTEM32\CRYPTBASE.dll
0x00007fff1dcc0000 - 0x00007fff1dced000 	C:\WINDOWS\SYSTEM32\IPHLPAPI.DLL
0x00007fff209d0000 - 0x00007fff209d9000 	C:\WINDOWS\System32\NSI.dll
0x00007fff18b40000 - 0x00007fff18b59000 	C:\WINDOWS\SYSTEM32\dhcpcsvc6.DLL
0x00007fff18b20000 - 0x00007fff18b3f000 	C:\WINDOWS\SYSTEM32\dhcpcsvc.DLL
0x00007fff1dd30000 - 0x00007fff1de28000 	C:\WINDOWS\SYSTEM32\DNSAPI.dll
0x00007fff00c30000 - 0x00007fff00c75000 	C:\Users\casa\AppData\Local\Temp\jna-3046188\jna12021013950625162892.dll
0x00007fff21e10000 - 0x00007fff21e18000 	C:\WINDOWS\System32\PSAPI.DLL
0x00007fff1e270000 - 0x00007fff1e2a4000 	C:\WINDOWS\SYSTEM32\ntmarta.dll
0x00007fff13020000 - 0x00007fff13029000 	C:\Users\casa\.vscode\extensions\redhat.java-1.30.0-win32-x64\jre\17.0.10-win32-x86_64\bin\extnet.dll

dbghelp: loaded successfully - version: 4.0.5 - missing functions: none
symbol engine: initialized successfully - sym options: 0x614 - pdb path: .;c:\Users\casa\.vscode\extensions\redhat.java-1.30.0-win32-x64\jre\17.0.10-win32-x86_64\bin;C:\WINDOWS\SYSTEM32;C:\WINDOWS\WinSxS\amd64_microsoft.windows.common-controls_6595b64144ccf1df_6.0.22621.3527_none_270e469b73872a76;c:\Users\casa\.vscode\extensions\redhat.java-1.30.0-win32-x64\jre\17.0.10-win32-x86_64\bin\server;C:\Users\casa\AppData\Roaming\Code\User\globalStorage\redhat.java\1.30.0\config_win\org.eclipse.equinox.launcher\org.eclipse.equinox.launcher.win32.win32.x86_64_1.2.900.v20240213-1244;C:\Users\casa\AppData\Local\Temp\jna-3046188

VM Arguments:
jvm_args: --add-modules=ALL-SYSTEM --add-opens=java.base/java.util=ALL-UNNAMED --add-opens=java.base/java.lang=ALL-UNNAMED --add-opens=java.base/sun.nio.fs=ALL-UNNAMED -Declipse.application=org.eclipse.jdt.ls.core.id1 -Dosgi.bundles.defaultStartLevel=4 -Declipse.product=org.eclipse.jdt.ls.core.product -Djava.import.generatesMetadataFilesAtProjectRoot=false -DDetectVMInstallationsJob.disabled=true -Dfile.encoding=utf8 -XX:+UseParallelGC -XX:GCTimeRatio=4 -XX:AdaptiveSizePolicyWeight=90 -Dsun.zip.disableMemoryMapping=true -Xmx2G -Xms100m -Xlog:disable -javaagent:c:\Users\casa\.vscode\extensions\redhat.java-1.30.0-win32-x64\lombok\lombok-1.18.32.jar -XX:+HeapDumpOnOutOfMemoryError -XX:HeapDumpPath=c:\Users\casa\AppData\Roaming\Code\User\workspaceStorage\2ca1e065a12013a041ddb2075f267414\redhat.java -Daether.dependencyCollector.impl=bf 
java_command: c:\Users\casa\.vscode\extensions\redhat.java-1.30.0-win32-x64\server\plugins\org.eclipse.equinox.launcher_1.6.800.v20240330-1250.jar -configuration c:\Users\casa\AppData\Roaming\Code\User\globalStorage\redhat.java\1.30.0\config_win -data c:\Users\casa\AppData\Roaming\Code\User\workspaceStorage\2ca1e065a12013a041ddb2075f267414\redhat.java\jdt_ws --pipe=\\.\pipe\lsp-5ed9278888098612f3205edff1886752-sock
java_class_path (initial): c:\Users\casa\.vscode\extensions\redhat.java-1.30.0-win32-x64\server\plugins\org.eclipse.equinox.launcher_1.6.800.v20240330-1250.jar
Launcher Type: SUN_STANDARD

[Global flags]
    uintx AdaptiveSizePolicyWeight                 = 90                                        {product} {command line}
     intx CICompilerCount                          = 4                                         {product} {ergonomic}
    uintx GCTimeRatio                              = 4                                         {product} {command line}
     bool HeapDumpOnOutOfMemoryError               = true                                   {manageable} {command line}
    ccstr HeapDumpPath                             = c:\Users\casa\AppData\Roaming\Code\User\workspaceStorage\2ca1e065a12013a041ddb2075f267414\redhat.java         {manageable} {command line}
   size_t InitialHeapSize                          = 104857600                                 {product} {command line}
   size_t MaxHeapSize                              = 2147483648                                {product} {command line}
   size_t MaxNewSize                               = 715653120                                 {product} {ergonomic}
   size_t MinHeapDeltaBytes                        = 524288                                    {product} {ergonomic}
   size_t MinHeapSize                              = 104857600                                 {product} {command line}
   size_t NewSize                                  = 34603008                                  {product} {ergonomic}
    uintx NonNMethodCodeHeapSize                   = 5839372                                {pd product} {ergonomic}
    uintx NonProfiledCodeHeapSize                  = 122909434                              {pd product} {ergonomic}
   size_t OldSize                                  = 70254592                                  {product} {ergonomic}
    uintx ProfiledCodeHeapSize                     = 122909434                              {pd product} {ergonomic}
    uintx ReservedCodeCacheSize                    = 251658240                              {pd product} {ergonomic}
     bool SegmentedCodeCache                       = true                                      {product} {ergonomic}
   size_t SoftMaxHeapSize                          = 2147483648                             {manageable} {ergonomic}
     bool UseCompressedClassPointers               = true                           {product lp64_product} {ergonomic}
     bool UseCompressedOops                        = true                           {product lp64_product} {ergonomic}
     bool UseLargePagesIndividualAllocation        = false                                  {pd product} {ergonomic}
     bool UseParallelGC                            = true                                      {product} {command line}

Logging:
Log output configuration:
 #0: stdout all=off uptime,level,tags
 #1: stderr all=off uptime,level,tags

Environment Variables:
PATH=C:\Program Files\Common Files\Oracle\Java\javapath;C:\Program Files (x86)\Common Files\Oracle\Java\javapath;C:\ProgramData\Oracle\Java\javapath;C:\Windows\system32;C:\Windows;C:\Windows\System32\Wbem;C:\Windows\System32\WindowsPowerShell\v1.0\;C:\Windows\System32\OpenSSH\;C:\ProgramData\chocolatey\bin;C:\Program Files (x86)\NVIDIA Corporation\PhysX\Common;C:\WINDOWS\system32;C:\WINDOWS;C:\WINDOWS\System32\Wbem;C:\WINDOWS\System32\WindowsPowerShell\v1.0\;C:\WINDOWS\System32\OpenSSH\;C:\Program Files (x86)\Microsoft SQL Server\160\Tools\Binn\;C:\Program Files\Microsoft SQL Server\160\Tools\Binn\;C:\Program Files\Microsoft SQL Server\Client SDK\ODBC\170\Tools\Binn\;C:\Program Files\Microsoft SQL Server\160\DTS\Binn\;C:\Program Files (x86)\Microsoft SQL Server\160\DTS\Binn\;C:\Program Files\Git\cmd;C:\Program Files\nodejs\;C:\Program Files\dotnet\;C:\Program Files\Microsoft SQL Server\150\Tools\Binn\;C:\Users\casa\AppData\Local\Microsoft\WindowsApps;C:\Program Files\Azure Data Studio\bin;C:\Program Files\nodejs\;C:\Users\casa\AppData\Local\Programs\Microsoft VS Code\bin;C:\Users\casa\AppData\Roaming\npm;C:\Users\casa\.dotnet\tools;C:\Users\casa\AppData\Roaming\npm\node_modules\@angular\cli\bin;
USERNAME=casa
OS=Windows_NT
PROCESSOR_IDENTIFIER=Intel64 Family 6 Model 151 Stepping 2, GenuineIntel
TMP=C:\Users\casa\AppData\Local\Temp
TEMP=C:\Users\casa\AppData\Local\Temp



Periodic native trim disabled


---------------  S Y S T E M  ---------------

OS:
 Windows 11 , 64 bit Build 22621 (10.0.22621.3527)
OS uptime: 0 days 2:16 hours
Hyper-V role detected

CPU: total 12 (initial active 12) (6 cores per cpu, 2 threads per core) family 6 model 151 stepping 2 microcode 0x1e, cx8, cmov, fxsr, ht, mmx, 3dnowpref, sse, sse2, sse3, ssse3, sse4.1, sse4.2, popcnt, lzcnt, tsc, tscinvbit, avx, avx2, aes, erms, clmul, bmi1, bmi2, adx, sha, fma, vzeroupper, clflush, clflushopt, clwb, hv
Processor Information for all 12 processors :
  Max Mhz: 2500, Current Mhz: 2500, Mhz Limit: 2500

Memory: 4k page, system-wide physical 16225M (8770M free)
TotalPageFile size 17249M (AvailPageFile size 8809M)
current process WorkingSet (physical memory assigned to process): 469M, peak: 520M
current process commit charge ("private bytes"): 544M, peak: 612M

vm_info: OpenJDK 64-Bit Server VM (17.0.10+7) for windows-amd64 JRE (17.0.10+7), built on Jan 16 2024 23:25:11 by "admin" with MS VC++ 16.10 / 16.11 (VS2019)

END.
