#
# A fatal error has been detected by the Java Runtime Environment:
#
#  EXCEPTION_ACCESS_VIOLATION (0xc0000005) at pc=0x00007ffcf5e30316, pid=9604, tid=9532
#
# JRE version: OpenJDK Runtime Environment Temurin-17.0.10+7 (17.0.10+7) (build 17.0.10+7)
# Java VM: OpenJDK 64-Bit Server VM Temurin-17.0.10+7 (17.0.10+7, mixed mode, tiered, compressed oops, compressed class ptrs, parallel gc, windows-amd64)
# Problematic frame:
# V  [jvm.dll+0x6b0316]
#
# No core dump will be written. Minidumps are not enabled by default on client versions of Windows
#
# If you would like to submit a bug report, please visit:
#   https://github.com/adoptium/adoptium-support/issues
#

---------------  S U M M A R Y ------------

Command Line: --add-modules=ALL-SYSTEM --add-opens=java.base/java.util=ALL-UNNAMED --add-opens=java.base/java.lang=ALL-UNNAMED --add-opens=java.base/sun.nio.fs=ALL-UNNAMED -Declipse.application=org.eclipse.jdt.ls.core.id1 -Dosgi.bundles.defaultStartLevel=4 -Declipse.product=org.eclipse.jdt.ls.core.product -Djava.import.generatesMetadataFilesAtProjectRoot=false -DDetectVMInstallationsJob.disabled=true -Dfile.encoding=utf8 -XX:+UseParallelGC -XX:GCTimeRatio=4 -XX:AdaptiveSizePolicyWeight=90 -Dsun.zip.disableMemoryMapping=true -Xmx1G -Xms100m -Xlog:disable -javaagent:c:\Users\Faby\.vscode\extensions\redhat.java-1.29.0-win32-x64\lombok\lombok-1.18.32.jar -XX:+HeapDumpOnOutOfMemoryError -XX:HeapDumpPath=c:\Users\Faby\AppData\Roaming\Code\User\workspaceStorage\f061b95fa20b41b23ae947e7f63e2023\redhat.java -Daether.dependencyCollector.impl=bf c:\Users\Faby\.vscode\extensions\redhat.java-1.29.0-win32-x64\server\plugins\org.eclipse.equinox.launcher_1.6.800.v20240304-1850.jar -configuration c:\Users\Faby\AppData\Roaming\Code\User\globalStorage\redhat.java\1.29.0\config_win -data c:\Users\Faby\AppData\Roaming\Code\User\workspaceStorage\f061b95fa20b41b23ae947e7f63e2023\redhat.java\jdt_ws --stdio

Host: Intel(R) Core(TM)2 Quad CPU    Q9400  @ 2.66GHz, 4 cores, 6G,  Windows 10 , 64 bit Build 19041 (10.0.19041.3636)
Time: Fri Apr  5 18:53:41 2024 Hora estándar de Argentina elapsed time: 10251.109227 seconds (0d 2h 50m 51s)

---------------  T H R E A D  ---------------

Current thread (0x00000191a13347c0):  GCTaskThread "GC Thread#1" [stack: 0x0000001358800000,0x0000001358900000] [id=9532]

Stack: [0x0000001358800000,0x0000001358900000],  sp=0x00000013588ffa60,  free space=1022k
Native frames: (J=compiled Java code, j=interpreted, Vv=VM code, C=native code)
V  [jvm.dll+0x6b0316]
V  [jvm.dll+0x6b0663]
V  [jvm.dll+0x6b9bdf]
V  [jvm.dll+0x86226b]
V  [jvm.dll+0x8622b6]
V  [jvm.dll+0x7e3fba]
V  [jvm.dll+0x67c1b5]
C  [ucrtbase.dll+0x21bb2]
C  [KERNEL32.DLL+0x17344]
C  [ntdll.dll+0x526b1]


siginfo: EXCEPTION_ACCESS_VIOLATION (0xc0000005), reading address 0xffffffffffffffff


Registers:
RAX=0x1fffffffe8000010, RBX=0x0000000000000080, RCX=0x0000000000000010, RDX=0x00000191995c0000
RSP=0x00000013588ffa60, RBP=0x00000191879a6c00, RSI=0x0000000000000005, RDI=0x00000000c7a65b70
R8 =0x007fffffffa00000, R9 =0x000000000000f310, R10=0x00000000c7a57b10, R11=0x00000000000000f4
R12=0x00007ffcf60d6bd0, R13=0x00007ffcf6131948, R14=0x00000000c7a66d60, R15=0x0000000000000000
RIP=0x00007ffcf5e30316, EFLAGS=0x0000000000010206


Register to memory mapping:

RIP=0x00007ffcf5e30316 jvm.dll
RAX=0x1fffffffe8000010 is an unknown value
RBX=0x0000000000000080 is an unknown value
RCX=0x0000000000000010 is an unknown value
RDX=0x00000191995c0000 points into unknown readable memory: 0x0002500001492001 | 01 20 49 01 00 50 02 00
RSP=0x00000013588ffa60 points into unknown readable memory: 0x00000000c7a57b10 | 10 7b a5 c7 00 00 00 00
RBP=0x00000191879a6c00 points into unknown readable memory: 0x00000191879d7e80 | 80 7e 9d 87 91 01 00 00
RSI=0x0000000000000005 is an unknown value
RDI=0x00000000c7a65b70 is pointing into object: [Ljava.lang.Object; 
{0x00000000c7a64d50} - klass: 'java/lang/Object'[]
 - length: 2048
R8 =0x007fffffffa00000 is an unknown value
R9 =0x000000000000f310 is an unknown value
R10=0x00000000c7a57b10 is an oop: lombok.eclipse.EclipseNode 
{0x00000000c7a57b10} - klass: 'lombok/eclipse/EclipseNode'
 - ---- fields (total size 5 words):
 - protected 'isStructurallySignificant' 'Z' @12  false
 - protected final 'kind' 'Llombok/core/AST$Kind;' @16  a 'lombok/core/AST$Kind'{0x00000000c2436850} (c2436850)
 - protected final 'node' 'Ljava/lang/Object;' @20  a 'org/eclipse/jdt/internal/compiler/ast/SingleNameReference'{0x00000000c7a4d538} (c7a4d538)
 - protected 'children' 'Llombok/core/LombokImmutableList;' @24  a 'lombok/core/LombokImmutableList'{0x00000000c7a57b38} (c7a57b38)
 - protected 'parent' 'Llombok/core/LombokNode;' @28  a 'lombok/eclipse/EclipseNode'{0x00000000c7a57ac0} (c7a57ac0)
 - private 'ast' 'Llombok/eclipse/EclipseAST;' @32  a 'lombok/eclipse/EclipseAST'{0x00000000c7a53270} (c7a53270)
R11=0x00000000000000f4 is an unknown value
R12=0x00007ffcf60d6bd0 jvm.dll
R13=0x00007ffcf6131948 jvm.dll
R14=0x00000000c7a66d60 is an oop: java.util.LinkedHashMap$Entry 
{0x00000000c7a66d60} - klass: 'java/util/LinkedHashMap$Entry'
 - ---- fields (total size 5 words):
 - final 'hash' 'I' @12  470838900 (1c106e74)
 - final 'key' 'Ljava/lang/Object;' @16  a 'org/eclipse/jdt/internal/compiler/lookup/BinaryModuleBinding'{0x00000000c7988320} (c7988320)
 - 'value' 'Ljava/lang/Object;' @20  a 'java/lang/Object'{0x00000000c05ae200} (c05ae200)
 - 'next' 'Ljava/util/HashMap$Node;' @24  NULL (0)
 - 'before' 'Ljava/util/LinkedHashMap$Entry;' @28  NULL (0)
 - 'after' 'Ljava/util/LinkedHashMap$Entry;' @32  a 'java/util/LinkedHashMap$Entry'{0x00000000c7a66d88} (c7a66d88)
R15=0x0 is NULL


Top of Stack: (sp=0x00000013588ffa60)
0x00000013588ffa60:   00000000c7a57b10 00000000c7a65b6c
0x00000013588ffa70:   0000000000000000 00007ffcf62ac7a0
0x00000013588ffa80:   00007ffcf62ac7a0 00007ffcf5e30663
0x00000013588ffa90:   00000191879a6c00 00007ffcf609bb90
0x00000013588ffaa0:   00007ffcf6131158 000000000000f256
0x00000013588ffab0:   00000000c02edaf0 00007ffcf5fc8ff0
0x00000013588ffac0:   00000191a0a1fff0 00007ffcf582cd71
0x00000013588ffad0:   00000191879add08 00007ffcf5976924
0x00000013588ffae0:   00007ffcf609bb90 0000019187928f40
0x00000013588ffaf0:   0000019100000003 00000191879a6c00
0x00000013588ffb00:   0000000000000000 0000000000000000
0x00000013588ffb10:   0000000000000000 0000001357bfed20
0x00000013588ffb20:   0000000000000000 00000191879a6c00
0x00000013588ffb30:   00000013588ffbc0 00007ffcf5e39bdf
0x00000013588ffb40:   0000000000000000 000001919b74a800
0x00000013588ffb50:   00007ffcf6131f08 0000000000000000
0x00000013588ffb60:   0000001357bfef80 00000191a0a1fff0
0x00000013588ffb70:   0000000000000000 0000001357bfebe0
0x00000013588ffb80:   00007ffcf6131948 00000191879a6c00
0x00000013588ffb90:   0000000000000048 0000000000000001
0x00000013588ffba0:   00007ffcf60d6bd0 00000013588ffb80
0x00000013588ffbb0:   0000000000000003 0000701c3c7ef311
0x00000013588ffbc0:   0000000000000000 00000191a13347c0
0x00000013588ffbd0:   0000000000000000 0000000000000000
0x00000013588ffbe0:   0000001357bfebe0 00000191a13347c0
0x00000013588ffbf0:   0000000000000000 00007ffcf5fe226b
0x00000013588ffc00:   0000000000000001 0000000000000000
0x00000013588ffc10:   0000000000000001 0000001357bfebe0
0x00000013588ffc20:   00000000000075a3 00007ffcf5fe22b6
0x00000013588ffc30:   00000191a13347c0 00000013ffffffff
0x00000013588ffc40:   000001918791a120 0000000000000000
0x00000013588ffc50:   00000191a13347c0 00007ffcf5f63fba 

Instructions: (pc=0x00007ffcf5e30316)
0x00007ffcf5e30216:   48 8b 74 24 48 48 83 c4 20 5f c3 cc cc cc cc cc
0x00007ffcf5e30226:   cc cc cc cc cc cc cc cc cc cc 48 89 5c 24 08 48
0x00007ffcf5e30236:   89 6c 24 10 48 89 74 24 18 48 89 7c 24 20 41 56
0x00007ffcf5e30246:   48 83 ec 20 80 3d 30 31 4d 00 00 bb 10 00 00 00
0x00007ffcf5e30256:   48 8b e9 4d 63 d0 4c 8b da 8b c3 8d 4b fc 0f 84
0x00007ffcf5e30266:   06 01 00 00 44 0f b6 0d 10 31 4d 00 45 84 c9 0f
0x00007ffcf5e30276:   45 c1 4c 63 04 10 49 8b d2 49 8b c0 49 2b c2 41
0x00007ffcf5e30286:   ba 00 08 00 00 49 3b c2 4c 0f 42 d0 b8 18 00 00
0x00007ffcf5e30296:   00 4c 03 d2 45 84 c9 0f 45 c3 49 03 c3 48 8d 3c
0x00007ffcf5e302a6:   90 4e 8d 34 90 4d 3b d0 73 0e 4d 8b c2 49 8b d3
0x00007ffcf5e302b6:   48 8b cd e8 82 0b 00 00 49 3b fe 0f 83 90 01 00
0x00007ffcf5e302c6:   00 66 0f 1f 84 00 00 00 00 00 8b 07 85 c0 0f 84
0x00007ffcf5e302d6:   84 00 00 00 8b 0d 08 70 46 00 8b d8 48 8b 15 17
0x00007ffcf5e302e6:   d3 4e 00 48 d3 e3 48 03 1d ed 6f 46 00 8b 0d 3f
0x00007ffcf5e302f6:   7f 46 00 48 8b c3 48 2b 02 48 8b 52 10 48 c1 e8
0x00007ffcf5e30306:   03 48 d3 e8 4c 8b c0 24 3f 49 c1 e8 06 0f b6 c8
0x00007ffcf5e30316:   4a 8b 04 c2 48 0f a3 c8 72 3e 48 8b cb e8 78 c7
0x00007ffcf5e30326:   95 ff 48 63 f0 48 8d 0d 9e d4 4e 00 4c 8b c6 48
0x00007ffcf5e30336:   8b d3 e8 d3 72 fd ff 84 c0 74 1d 4c 8b c6 48 8d
0x00007ffcf5e30346:   0d c5 d4 4e 00 48 8b d3 e8 0d 2f 00 00 48 8b d3
0x00007ffcf5e30356:   48 8b cd e8 42 0a 00 00 48 83 c7 04 49 3b fe 0f
0x00007ffcf5e30366:   82 65 ff ff ff e9 e7 00 00 00 0f b6 15 0b 30 4d
0x00007ffcf5e30376:   00 84 d2 48 0f 45 c1 49 8b ca 4e 63 0c 18 49 8b
0x00007ffcf5e30386:   c1 49 2b c2 41 ba 00 08 00 00 49 3b c2 4c 0f 42
0x00007ffcf5e30396:   d0 b8 18 00 00 00 4c 03 d1 84 d2 48 0f 45 c3 49
0x00007ffcf5e303a6:   03 c3 48 8d 3c c8 4e 8d 34 d0 4d 3b d1 73 0e 4d
0x00007ffcf5e303b6:   8b c2 49 8b d3 48 8b cd e8 7d 0a 00 00 49 3b fe
0x00007ffcf5e303c6:   0f 83 8b 00 00 00 0f 1f 40 00 48 8b 1f 48 85 db
0x00007ffcf5e303d6:   74 72 48 8b 15 21 d2 4e 00 48 8b c3 8b 0d 50 7e
0x00007ffcf5e303e6:   46 00 48 2b 02 48 8b 52 10 48 c1 e8 03 48 d3 e8
0x00007ffcf5e303f6:   4c 8b c0 24 3f 49 c1 e8 06 0f b6 c8 4a 8b 04 c2
0x00007ffcf5e30406:   48 0f a3 c8 72 3e 48 8b cb e8 8c c6 95 ff 48 63 


Stack slot to memory mapping:
stack at sp + 0 slots: 0x00000000c7a57b10 is an oop: lombok.eclipse.EclipseNode 
{0x00000000c7a57b10} - klass: 'lombok/eclipse/EclipseNode'
 - ---- fields (total size 5 words):
 - protected 'isStructurallySignificant' 'Z' @12  false
 - protected final 'kind' 'Llombok/core/AST$Kind;' @16  a 'lombok/core/AST$Kind'{0x00000000c2436850} (c2436850)
 - protected final 'node' 'Ljava/lang/Object;' @20  a 'org/eclipse/jdt/internal/compiler/ast/SingleNameReference'{0x00000000c7a4d538} (c7a4d538)
 - protected 'children' 'Llombok/core/LombokImmutableList;' @24  a 'lombok/core/LombokImmutableList'{0x00000000c7a57b38} (c7a57b38)
 - protected 'parent' 'Llombok/core/LombokNode;' @28  a 'lombok/eclipse/EclipseNode'{0x00000000c7a57ac0} (c7a57ac0)
 - private 'ast' 'Llombok/eclipse/EclipseAST;' @32  a 'lombok/eclipse/EclipseAST'{0x00000000c7a53270} (c7a53270)
stack at sp + 1 slots: 0x00000000c7a65b6c is pointing into object: [Ljava.lang.Object; 
{0x00000000c7a64d50} - klass: 'java/lang/Object'[]
 - length: 2048
stack at sp + 2 slots: 0x0 is NULL
stack at sp + 3 slots: 0x00007ffcf62ac7a0 jvm.dll
stack at sp + 4 slots: 0x00007ffcf62ac7a0 jvm.dll
stack at sp + 5 slots: 0x00007ffcf5e30663 jvm.dll
stack at sp + 6 slots: 0x00000191879a6c00 points into unknown readable memory: 0x00000191879d7e80 | 80 7e 9d 87 91 01 00 00
stack at sp + 7 slots: 0x00007ffcf609bb90 jvm.dll


---------------  P R O C E S S  ---------------

Threads class SMR info:
_java_thread_list=0x00000191a2676170, length=38, elements={
0x000001918791cbc0, 0x000001919b761150, 0x000001919b763e10, 0x000001919b799550,
0x000001919b79a2e0, 0x000001919b79b070, 0x000001919b79cbb0, 0x000001919b79d7b0,
0x000001919b7beaa0, 0x00000191a09e58f0, 0x0000019187980270, 0x00000191a0bdae30,
0x00000191a11ded10, 0x00000191a0a7b630, 0x00000191a0a7bb10, 0x00000191a139df90,
0x00000191a0f53cd0, 0x00000191a0b1d3e0, 0x00000191a0b1b580, 0x00000191a0b1d8f0,
0x00000191a0b1c9c0, 0x00000191a0b1c4b0, 0x00000191a4d59640, 0x00000191a4d58200,
0x00000191a2f77600, 0x00000191a2f74360, 0x00000191a2f74870, 0x00000191a2f72a10,
0x00000191a2f72f20, 0x00000191a0b1bfa0, 0x00000191a0b1e310, 0x00000191a2f78020,
0x00000191a2f77b10, 0x00000191a4d5b9b0, 0x00000191a4d5e230, 0x00000191a4d5e740,
0x00000191a4d5a570, 0x00000191a4d58710
}

Java Threads: ( => current thread )
  0x000001918791cbc0 JavaThread "main" [_thread_blocked, id=9644, stack(0x0000001357800000,0x0000001357900000)]
  0x000001919b761150 JavaThread "Reference Handler" daemon [_thread_blocked, id=9732, stack(0x0000001357c00000,0x0000001357d00000)]
  0x000001919b763e10 JavaThread "Finalizer" daemon [_thread_blocked, id=9736, stack(0x0000001357d00000,0x0000001357e00000)]
  0x000001919b799550 JavaThread "Signal Dispatcher" daemon [_thread_blocked, id=9772, stack(0x0000001357e00000,0x0000001357f00000)]
  0x000001919b79a2e0 JavaThread "Attach Listener" daemon [_thread_blocked, id=9776, stack(0x0000001357f00000,0x0000001358000000)]
  0x000001919b79b070 JavaThread "Service Thread" daemon [_thread_blocked, id=9780, stack(0x0000001358000000,0x0000001358100000)]
  0x000001919b79cbb0 JavaThread "Monitor Deflation Thread" daemon [_thread_blocked, id=9784, stack(0x0000001358100000,0x0000001358200000)]
  0x000001919b79d7b0 JavaThread "C2 CompilerThread0" daemon [_thread_blocked, id=9788, stack(0x0000001358200000,0x0000001358300000)]
  0x000001919b7beaa0 JavaThread "C1 CompilerThread0" daemon [_thread_blocked, id=9808, stack(0x0000001358300000,0x0000001358400000)]
  0x00000191a09e58f0 JavaThread "Sweeper thread" daemon [_thread_blocked, id=9820, stack(0x0000001358400000,0x0000001358500000)]
  0x0000019187980270 JavaThread "Common-Cleaner" daemon [_thread_blocked, id=9840, stack(0x0000001358500000,0x0000001358600000)]
  0x00000191a0bdae30 JavaThread "Notification Thread" daemon [_thread_blocked, id=10004, stack(0x0000001358600000,0x0000001358700000)]
  0x00000191a11ded10 JavaThread "Active Thread: Equinox Container: b20ac723-0f2f-4b8e-b31a-c3855197fd91" [_thread_blocked, id=4368, stack(0x0000001358b00000,0x0000001358c00000)]
  0x00000191a0a7b630 JavaThread "Framework Event Dispatcher: Equinox Container: b20ac723-0f2f-4b8e-b31a-c3855197fd91" daemon [_thread_blocked, id=9252, stack(0x0000001358c00000,0x0000001358d00000)]
  0x00000191a0a7bb10 JavaThread "Start Level: Equinox Container: b20ac723-0f2f-4b8e-b31a-c3855197fd91" daemon [_thread_blocked, id=7084, stack(0x0000001358d00000,0x0000001358e00000)]
  0x00000191a139df90 JavaThread "Bundle File Closer" daemon [_thread_blocked, id=9764, stack(0x0000001358e00000,0x0000001358f00000)]
  0x00000191a0f53cd0 JavaThread "SCR Component Actor" daemon [_thread_blocked, id=7708, stack(0x0000001357700000,0x0000001357800000)]
  0x00000191a0b1d3e0 JavaThread "Worker-JM" [_thread_blocked, id=9336, stack(0x0000001358f00000,0x0000001359000000)]
  0x00000191a0b1b580 JavaThread "Java indexing" daemon [_thread_blocked, id=3760, stack(0x0000001359500000,0x0000001359600000)]
  0x00000191a0b1d8f0 JavaThread "JNA Cleaner" daemon [_thread_blocked, id=9112, stack(0x0000001359700000,0x0000001359800000)]
  0x00000191a0b1c9c0 JavaThread "pool-2-thread-1" [_thread_blocked, id=3272, stack(0x0000001359a00000,0x0000001359b00000)]
  0x00000191a0b1c4b0 JavaThread "WorkspaceEventsHandler" [_thread_blocked, id=8696, stack(0x0000001359b00000,0x0000001359c00000)]
  0x00000191a4d59640 JavaThread "pool-1-thread-1" [_thread_in_native, id=756, stack(0x0000001359c00000,0x0000001359d00000)]
  0x00000191a4d58200 JavaThread "Cleaner-0" daemon [_thread_blocked, id=1444, stack(0x000000135a500000,0x000000135a600000)]
  0x00000191a2f77600 JavaThread "Java Debug Server" daemon [_thread_in_native, id=10540, stack(0x0000001357900000,0x0000001357a00000)]
  0x00000191a2f74360 JavaThread "RxSchedulerPurge-1" daemon [_thread_blocked, id=10552, stack(0x0000001359300000,0x0000001359400000)]
  0x00000191a2f74870 JavaThread "RxCachedWorkerPoolEvictor-1" daemon [_thread_blocked, id=10556, stack(0x000000135a600000,0x000000135a700000)]
  0x00000191a2f72a10 JavaThread "pool-9-thread-4" [_thread_in_native, id=3208, stack(0x0000001359e00000,0x0000001359f00000)]
  0x00000191a2f72f20 JavaThread "process reaper (pid 1820)" daemon [_thread_in_native, id=2716, stack(0x0000001357370000,0x0000001357390000)]
  0x00000191a0b1bfa0 JavaThread "ForkJoinPool.commonPool-worker-16" daemon [_thread_blocked, id=10492, stack(0x0000001359100000,0x0000001359200000)]
  0x00000191a0b1e310 JavaThread "ForkJoinPool.commonPool-worker-17" daemon [_thread_blocked, id=4756, stack(0x0000001359200000,0x0000001359300000)]
  0x00000191a2f78020 JavaThread "Worker-27" [_thread_blocked, id=6680, stack(0x0000001359800000,0x0000001359900000)]
  0x00000191a2f77b10 JavaThread "Worker-30" [_thread_blocked, id=6296, stack(0x000000135a100000,0x000000135a200000)]
  0x00000191a4d5b9b0 JavaThread "RxNewThreadScheduler-11" daemon [_thread_blocked, id=10204, stack(0x0000001359000000,0x0000001359100000)]
  0x00000191a4d5e230 JavaThread "Worker-31" [_thread_blocked, id=2212, stack(0x0000001359400000,0x0000001359500000)]
  0x00000191a4d5e740 JavaThread "ForkJoinPool.commonPool-worker-20" daemon [_thread_blocked, id=9136, stack(0x0000001359600000,0x0000001359700000)]
  0x00000191a4d5a570 JavaThread "ForkJoinPool.commonPool-worker-21" daemon [_thread_blocked, id=9220, stack(0x0000001359900000,0x0000001359a00000)]
  0x00000191a4d58710 JavaThread "ForkJoinPool.commonPool-worker-22" daemon [_thread_blocked, id=4244, stack(0x0000001359d00000,0x0000001359e00000)]

Other Threads:
  0x000001919b74c260 VMThread "VM Thread" [stack: 0x0000001357b00000,0x0000001357c00000] [id=9712]
  0x00000191a0bdb310 WatcherThread [stack: 0x0000001358700000,0x0000001358800000] [id=10008]
  0x0000019187934de0 GCTaskThread "GC Thread#0" [stack: 0x0000001357a00000,0x0000001357b00000] [id=9664]
=>0x00000191a13347c0 GCTaskThread "GC Thread#1" [stack: 0x0000001358800000,0x0000001358900000] [id=9532]
  0x00000191a0fe6470 GCTaskThread "GC Thread#2" [stack: 0x0000001358900000,0x0000001358a00000] [id=6896]
  0x00000191a133d820 GCTaskThread "GC Thread#3" [stack: 0x0000001358a00000,0x0000001358b00000] [id=5524]

Threads with active compile tasks:

VM state: at safepoint (normal execution)

VM Mutex/Monitor currently owned by a thread:  ([mutex/lock_event])
[0x000001918791a090] Threads_lock - owner thread: 0x000001919b74c260
[0x000001918791a2d0] Heap_lock - owner thread: 0x00000191a4d5e740

Heap address: 0x00000000c0000000, size: 1024 MB, Compressed Oops mode: 32-bit

CDS archive(s) not mapped
Compressed class space mapped at: 0x0000000100000000-0x0000000140000000, reserved size: 1073741824
Narrow klass base: 0x0000000000000000, Narrow klass shift: 3, Narrow klass range: 0x140000000

GC Precious Log:
 CPUs: 4 total, 4 available
 Memory: 7167M
 Large Page Support: Disabled
 NUMA Support: Disabled
 Compressed Oops: Enabled (32-bit)
 Alignments: Space 512K, Generation 512K, Heap 2M
 Heap Min Capacity: 100M
 Heap Initial Capacity: 100M
 Heap Max Capacity: 1G
 Pre-touch: Disabled
 Parallel Workers: 4

Heap:
 PSYoungGen      total 7168K, used 1108K [0x00000000eab00000, 0x00000000eb700000, 0x0000000100000000)
  eden space 5632K, 0% used [0x00000000eab00000,0x00000000eab00000,0x00000000eb080000)
  from space 1536K, 72% used [0x00000000eb080000,0x00000000eb195200,0x00000000eb200000)
  to   space 2560K, 0% used [0x00000000eb480000,0x00000000eb480000,0x00000000eb700000)
 ParOldGen       total 194560K, used 194371K [0x00000000c0000000, 0x00000000cbe00000, 0x00000000eab00000)
  object space 194560K, 99% used [0x00000000c0000000,0x00000000cbdd0fb8,0x00000000cbe00000)
 Metaspace       used 100436K, committed 101888K, reserved 1179648K
  class space    used 10189K, committed 10816K, reserved 1048576K

Card table byte_map: [0x00000191872c0000,0x00000191874d0000] _byte_map_base: 0x0000019186cc0000

Marking Bits: (ParMarkBitMap*) 0x00007ffcf631d7d0
 Begin Bits: [0x00000191995c0000, 0x000001919a5c0000)
 End Bits:   [0x000001919a5c0000, 0x000001919b5c0000)

Polling page: 0x00000191857f0000

Metaspace:

Usage:
  Non-class:     88.13 MB used.
      Class:      9.95 MB used.
       Both:     98.08 MB used.

Virtual space:
  Non-class space:      128.00 MB reserved,      88.94 MB ( 69%) committed,  2 nodes.
      Class space:        1.00 GB reserved,      10.56 MB (  1%) committed,  1 nodes.
             Both:        1.12 GB reserved,      99.50 MB (  9%) committed. 

Chunk freelists:
   Non-Class:  6.22 MB
       Class:  5.43 MB
        Both:  11.64 MB

MaxMetaspaceSize: unlimited
CompressedClassSpaceSize: 1.00 GB
Initial GC threshold: 21.00 MB
Current GC threshold: 165.75 MB
CDS: off
MetaspaceReclaimPolicy: balanced
 - commit_granule_bytes: 65536.
 - commit_granule_words: 8192.
 - virtual_space_node_default_size: 8388608.
 - enlarge_chunks_in_place: 1.
 - new_chunks_are_fully_committed: 0.
 - uncommit_free_chunks: 1.
 - use_allocation_guard: 0.
 - handle_deallocations: 1.


Internal statistics:

num_allocs_failed_limit: 9.
num_arena_births: 1540.
num_arena_deaths: 574.
num_vsnodes_births: 3.
num_vsnodes_deaths: 0.
num_space_committed: 1595.
num_space_uncommitted: 3.
num_chunks_returned_to_freelist: 753.
num_chunks_taken_from_freelist: 6271.
num_chunk_merges: 245.
num_chunk_splits: 3524.
num_chunks_enlarged: 1899.
num_inconsistent_stats: 0.

CodeHeap 'non-profiled nmethods': size=120000Kb used=23585Kb max_used=23585Kb free=96414Kb
 bounds [0x0000019192090000, 0x00000191937a0000, 0x00000191995c0000]
CodeHeap 'profiled nmethods': size=120000Kb used=41198Kb max_used=41198Kb free=78801Kb
 bounds [0x000001918a5c0000, 0x000001918ce10000, 0x0000019191af0000]
CodeHeap 'non-nmethods': size=5760Kb used=1462Kb max_used=1535Kb free=4297Kb
 bounds [0x0000019191af0000, 0x0000019191d60000, 0x0000019192090000]
 total_blobs=20262 nmethods=19436 adapters=735
 compilation: enabled
              stopped_count=0, restarted_count=0
 full_count=0

Compilation events (20 events):
Event: 10249.888 Thread 0x000001919b79d7b0 27037       4       org.eclipse.jdt.internal.compiler.parser.Parser::consumePackageComment (23 bytes)
Event: 10249.898 Thread 0x000001919b79d7b0 nmethod 27037 0x0000019193790d90 code [0x0000019193790f20, 0x0000019193791018]
Event: 10249.903 Thread 0x000001919b79d7b0 27038       4       org.eclipse.jdt.internal.compiler.parser.Parser::consumePackageDeclarationName (203 bytes)
Event: 10249.910 Thread 0x000001919b79d7b0 nmethod 27038 0x0000019193791110 code [0x00000191937912c0, 0x00000191937918f8]
Event: 10249.910 Thread 0x000001919b79d7b0 27039       4       org.eclipse.jdt.internal.compiler.parser.Parser::consumeInternalCompilationUnitWithTypes (130 bytes)
Event: 10249.935 Thread 0x000001919b79d7b0 nmethod 27039 0x0000019193791d10 code [0x0000019193791ec0, 0x0000019193792798]
Event: 10249.936 Thread 0x000001919b79d7b0 27041       4       org.eclipse.jdt.core.dom.TypeBinding::getName (510 bytes)
Event: 10249.973 Thread 0x000001919b79d7b0 nmethod 27041 0x0000019193792c90 code [0x0000019193792f60, 0x0000019193793fd0]
Event: 10249.974 Thread 0x000001919b79d7b0 27040       4       org.eclipse.jdt.internal.compiler.codegen.TypeAnnotationCodeStream::checkcast (115 bytes)
Event: 10250.033 Thread 0x000001919b79d7b0 nmethod 27040 0x0000019193794d10 code [0x0000019193794fc0, 0x0000019193796730]
Event: 10250.034 Thread 0x000001919b79d7b0 27042       4       org.eclipse.jdt.internal.compiler.parser.Parser::consumeMemberValuePairs (5 bytes)
Event: 10250.035 Thread 0x000001919b79d7b0 nmethod 27042 0x0000019193797e90 code [0x0000019193798000, 0x00000191937980f8]
Event: 10250.743 Thread 0x000001919b7beaa0 27043       3       org.eclipse.jdt.internal.core.Openable::isStructureKnown (11 bytes)
Event: 10250.744 Thread 0x000001919b7beaa0 nmethod 27043 0x000001918ce08610 code [0x000001918ce087e0, 0x000001918ce08ca8]
Event: 10250.803 Thread 0x000001919b7beaa0 27044       3       org.eclipse.jdt.core.search.IParallelizable::isParallelSearchSupported (23 bytes)
Event: 10250.817 Thread 0x000001919b7beaa0 nmethod 27044 0x000001918ce08e10 code [0x000001918ce08fe0, 0x000001918ce09448]
Event: 10250.819 Thread 0x000001919b7beaa0 27045       3       java.util.HashMap$ValueSpliterator::characteristics (28 bytes)
Event: 10250.820 Thread 0x000001919b7beaa0 nmethod 27045 0x000001918ce09510 code [0x000001918ce096c0, 0x000001918ce09898]
Event: 10250.820 Thread 0x000001919b79d7b0 27046       4       java.util.concurrent.ConcurrentHashMap::<init> (5 bytes)
Event: 10250.820 Thread 0x000001919b79d7b0 nmethod 27046 0x0000019193798210 code [0x0000019193798380, 0x00000191937983f8]

GC Heap History (20 events):
Event: 10250.697 GC heap after
{Heap after GC invocations=2047 (full 57):
 PSYoungGen      total 15872K, used 7687K [0x00000000eab00000, 0x00000000ec380000, 0x0000000100000000)
  eden space 7680K, 0% used [0x00000000eab00000,0x00000000eab00000,0x00000000eb280000)
  from space 8192K, 93% used [0x00000000eba80000,0x00000000ec201c98,0x00000000ec280000)
  to   space 8192K, 0% used [0x00000000eb280000,0x00000000eb280000,0x00000000eba80000)
 ParOldGen       total 194560K, used 177706K [0x00000000c0000000, 0x00000000cbe00000, 0x00000000eab00000)
  object space 194560K, 91% used [0x00000000c0000000,0x00000000cad8aac8,0x00000000cbe00000)
 Metaspace       used 100435K, committed 101888K, reserved 1179648K
  class space    used 10189K, committed 10816K, reserved 1048576K
}
Event: 10250.730 GC heap before
{Heap before GC invocations=2048 (full 57):
 PSYoungGen      total 15872K, used 15367K [0x00000000eab00000, 0x00000000ec380000, 0x0000000100000000)
  eden space 7680K, 100% used [0x00000000eab00000,0x00000000eb280000,0x00000000eb280000)
  from space 8192K, 93% used [0x00000000eba80000,0x00000000ec201c98,0x00000000ec280000)
  to   space 8192K, 0% used [0x00000000eb280000,0x00000000eb280000,0x00000000eba80000)
 ParOldGen       total 194560K, used 177706K [0x00000000c0000000, 0x00000000cbe00000, 0x00000000eab00000)
  object space 194560K, 91% used [0x00000000c0000000,0x00000000cad8aac8,0x00000000cbe00000)
 Metaspace       used 100435K, committed 101888K, reserved 1179648K
  class space    used 10189K, committed 10816K, reserved 1048576K
}
Event: 10250.741 GC heap after
{Heap after GC invocations=2048 (full 57):
 PSYoungGen      total 15872K, used 8172K [0x00000000eab00000, 0x00000000ec480000, 0x0000000100000000)
  eden space 7680K, 0% used [0x00000000eab00000,0x00000000eab00000,0x00000000eb280000)
  from space 8192K, 99% used [0x00000000eb280000,0x00000000eba7b398,0x00000000eba80000)
  to   space 8704K, 0% used [0x00000000ebc00000,0x00000000ebc00000,0x00000000ec480000)
 ParOldGen       total 194560K, used 178138K [0x00000000c0000000, 0x00000000cbe00000, 0x00000000eab00000)
  object space 194560K, 91% used [0x00000000c0000000,0x00000000cadf6ae8,0x00000000cbe00000)
 Metaspace       used 100435K, committed 101888K, reserved 1179648K
  class space    used 10189K, committed 10816K, reserved 1048576K
}
Event: 10250.773 GC heap before
{Heap before GC invocations=2049 (full 57):
 PSYoungGen      total 15872K, used 15852K [0x00000000eab00000, 0x00000000ec480000, 0x0000000100000000)
  eden space 7680K, 100% used [0x00000000eab00000,0x00000000eb280000,0x00000000eb280000)
  from space 8192K, 99% used [0x00000000eb280000,0x00000000eba7b398,0x00000000eba80000)
  to   space 8704K, 0% used [0x00000000ebc00000,0x00000000ebc00000,0x00000000ec480000)
 ParOldGen       total 194560K, used 178138K [0x00000000c0000000, 0x00000000cbe00000, 0x00000000eab00000)
  object space 194560K, 91% used [0x00000000c0000000,0x00000000cadf6ae8,0x00000000cbe00000)
 Metaspace       used 100435K, committed 101888K, reserved 1179648K
  class space    used 10189K, committed 10816K, reserved 1048576K
}
Event: 10250.793 GC heap after
{Heap after GC invocations=2049 (full 57):
 PSYoungGen      total 10752K, used 8691K [0x00000000eab00000, 0x00000000ed180000, 0x0000000100000000)
  eden space 2048K, 0% used [0x00000000eab00000,0x00000000eab00000,0x00000000ead00000)
  from space 8704K, 99% used [0x00000000ebc00000,0x00000000ec47cc70,0x00000000ec480000)
  to   space 15360K, 0% used [0x00000000ead00000,0x00000000ead00000,0x00000000ebc00000)
 ParOldGen       total 194560K, used 183586K [0x00000000c0000000, 0x00000000cbe00000, 0x00000000eab00000)
  object space 194560K, 94% used [0x00000000c0000000,0x00000000cb3488d0,0x00000000cbe00000)
 Metaspace       used 100435K, committed 101888K, reserved 1179648K
  class space    used 10189K, committed 10816K, reserved 1048576K
}
Event: 10250.803 GC heap before
{Heap before GC invocations=2050 (full 57):
 PSYoungGen      total 10752K, used 10739K [0x00000000eab00000, 0x00000000ed180000, 0x0000000100000000)
  eden space 2048K, 100% used [0x00000000eab00000,0x00000000ead00000,0x00000000ead00000)
  from space 8704K, 99% used [0x00000000ebc00000,0x00000000ec47cc70,0x00000000ec480000)
  to   space 15360K, 0% used [0x00000000ead00000,0x00000000ead00000,0x00000000ebc00000)
 ParOldGen       total 194560K, used 183586K [0x00000000c0000000, 0x00000000cbe00000, 0x00000000eab00000)
  object space 194560K, 94% used [0x00000000c0000000,0x00000000cb3488d0,0x00000000cbe00000)
 Metaspace       used 100435K, committed 101888K, reserved 1179648K
  class space    used 10189K, committed 10816K, reserved 1048576K
}
Event: 10250.816 GC heap after
{Heap after GC invocations=2050 (full 57):
 PSYoungGen      total 12800K, used 10739K [0x00000000eab00000, 0x00000000ec580000, 0x0000000100000000)
  eden space 2048K, 0% used [0x00000000eab00000,0x00000000eab00000,0x00000000ead00000)
  from space 10752K, 99% used [0x00000000ead00000,0x00000000eb77cc90,0x00000000eb780000)
  to   space 12288K, 0% used [0x00000000eb980000,0x00000000eb980000,0x00000000ec580000)
 ParOldGen       total 194560K, used 183610K [0x00000000c0000000, 0x00000000cbe00000, 0x00000000eab00000)
  object space 194560K, 94% used [0x00000000c0000000,0x00000000cb34e8d0,0x00000000cbe00000)
 Metaspace       used 100435K, committed 101888K, reserved 1179648K
  class space    used 10189K, committed 10816K, reserved 1048576K
}
Event: 10250.823 GC heap before
{Heap before GC invocations=2051 (full 57):
 PSYoungGen      total 12800K, used 12787K [0x00000000eab00000, 0x00000000ec580000, 0x0000000100000000)
  eden space 2048K, 100% used [0x00000000eab00000,0x00000000ead00000,0x00000000ead00000)
  from space 10752K, 99% used [0x00000000ead00000,0x00000000eb77cc90,0x00000000eb780000)
  to   space 12288K, 0% used [0x00000000eb980000,0x00000000eb980000,0x00000000ec580000)
 ParOldGen       total 194560K, used 183610K [0x00000000c0000000, 0x00000000cbe00000, 0x00000000eab00000)
  object space 194560K, 94% used [0x00000000c0000000,0x00000000cb34e8d0,0x00000000cbe00000)
 Metaspace       used 100436K, committed 101888K, reserved 1179648K
  class space    used 10189K, committed 10816K, reserved 1048576K
}
Event: 10250.836 GC heap after
{Heap after GC invocations=2051 (full 57):
 PSYoungGen      total 13824K, used 11107K [0x00000000eab00000, 0x00000000ec480000, 0x0000000100000000)
  eden space 2560K, 0% used [0x00000000eab00000,0x00000000eab00000,0x00000000ead80000)
  from space 11264K, 98% used [0x00000000eb980000,0x00000000ec458c80,0x00000000ec480000)
  to   space 11264K, 0% used [0x00000000eae80000,0x00000000eae80000,0x00000000eb980000)
 ParOldGen       total 194560K, used 183666K [0x00000000c0000000, 0x00000000cbe00000, 0x00000000eab00000)
  object space 194560K, 94% used [0x00000000c0000000,0x00000000cb35c8d0,0x00000000cbe00000)
 Metaspace       used 100436K, committed 101888K, reserved 1179648K
  class space    used 10189K, committed 10816K, reserved 1048576K
}
Event: 10250.843 GC heap before
{Heap before GC invocations=2052 (full 57):
 PSYoungGen      total 13824K, used 13667K [0x00000000eab00000, 0x00000000ec480000, 0x0000000100000000)
  eden space 2560K, 100% used [0x00000000eab00000,0x00000000ead80000,0x00000000ead80000)
  from space 11264K, 98% used [0x00000000eb980000,0x00000000ec458c80,0x00000000ec480000)
  to   space 11264K, 0% used [0x00000000eae80000,0x00000000eae80000,0x00000000eb980000)
 ParOldGen       total 194560K, used 183666K [0x00000000c0000000, 0x00000000cbe00000, 0x00000000eab00000)
  object space 194560K, 94% used [0x00000000c0000000,0x00000000cb35c8d0,0x00000000cbe00000)
 Metaspace       used 100436K, committed 101888K, reserved 1179648K
  class space    used 10189K, committed 10816K, reserved 1048576K
}
Event: 10250.856 GC heap after
{Heap after GC invocations=2052 (full 57):
 PSYoungGen      total 13312K, used 9923K [0x00000000eab00000, 0x00000000ec300000, 0x0000000100000000)
  eden space 3072K, 0% used [0x00000000eab00000,0x00000000eab00000,0x00000000eae00000)
  from space 10240K, 96% used [0x00000000eae80000,0x00000000eb830f58,0x00000000eb880000)
  to   space 10752K, 0% used [0x00000000eb880000,0x00000000eb880000,0x00000000ec300000)
 ParOldGen       total 194560K, used 185091K [0x00000000c0000000, 0x00000000cbe00000, 0x00000000eab00000)
  object space 194560K, 95% used [0x00000000c0000000,0x00000000cb4c0cc0,0x00000000cbe00000)
 Metaspace       used 100436K, committed 101888K, reserved 1179648K
  class space    used 10189K, committed 10816K, reserved 1048576K
}
Event: 10250.867 GC heap before
{Heap before GC invocations=2053 (full 57):
 PSYoungGen      total 13312K, used 12995K [0x00000000eab00000, 0x00000000ec300000, 0x0000000100000000)
  eden space 3072K, 100% used [0x00000000eab00000,0x00000000eae00000,0x00000000eae00000)
  from space 10240K, 96% used [0x00000000eae80000,0x00000000eb830f58,0x00000000eb880000)
  to   space 10752K, 0% used [0x00000000eb880000,0x00000000eb880000,0x00000000ec300000)
 ParOldGen       total 194560K, used 185091K [0x00000000c0000000, 0x00000000cbe00000, 0x00000000eab00000)
  object space 194560K, 95% used [0x00000000c0000000,0x00000000cb4c0cc0,0x00000000cbe00000)
 Metaspace       used 100436K, committed 101888K, reserved 1179648K
  class space    used 10189K, committed 10816K, reserved 1048576K
}
Event: 10250.880 GC heap after
{Heap after GC invocations=2053 (full 57):
 PSYoungGen      total 11776K, used 7465K [0x00000000eab00000, 0x00000000ec000000, 0x0000000100000000)
  eden space 4096K, 0% used [0x00000000eab00000,0x00000000eab00000,0x00000000eaf00000)
  from space 7680K, 97% used [0x00000000eb880000,0x00000000ebfca638,0x00000000ec000000)
  to   space 8704K, 0% used [0x00000000eaf00000,0x00000000eaf00000,0x00000000eb780000)
 ParOldGen       total 194560K, used 187908K [0x00000000c0000000, 0x00000000cbe00000, 0x00000000eab00000)
  object space 194560K, 96% used [0x00000000c0000000,0x00000000cb781350,0x00000000cbe00000)
 Metaspace       used 100436K, committed 101888K, reserved 1179648K
  class space    used 10189K, committed 10816K, reserved 1048576K
}
Event: 10250.894 GC heap before
{Heap before GC invocations=2054 (full 57):
 PSYoungGen      total 11776K, used 11561K [0x00000000eab00000, 0x00000000ec000000, 0x0000000100000000)
  eden space 4096K, 100% used [0x00000000eab00000,0x00000000eaf00000,0x00000000eaf00000)
  from space 7680K, 97% used [0x00000000eb880000,0x00000000ebfca638,0x00000000ec000000)
  to   space 8704K, 0% used [0x00000000eaf00000,0x00000000eaf00000,0x00000000eb780000)
 ParOldGen       total 194560K, used 187908K [0x00000000c0000000, 0x00000000cbe00000, 0x00000000eab00000)
  object space 194560K, 96% used [0x00000000c0000000,0x00000000cb781350,0x00000000cbe00000)
 Metaspace       used 100436K, committed 101888K, reserved 1179648K
  class space    used 10189K, committed 10816K, reserved 1048576K
}
Event: 10250.903 GC heap after
{Heap after GC invocations=2054 (full 57):
 PSYoungGen      total 9728K, used 5413K [0x00000000eab00000, 0x00000000ebd00000, 0x0000000100000000)
  eden space 4096K, 0% used [0x00000000eab00000,0x00000000eab00000,0x00000000eaf00000)
  from space 5632K, 96% used [0x00000000eaf00000,0x00000000eb449448,0x00000000eb480000)
  to   space 6656K, 0% used [0x00000000eb680000,0x00000000eb680000,0x00000000ebd00000)
 ParOldGen       total 194560K, used 189127K [0x00000000c0000000, 0x00000000cbe00000, 0x00000000eab00000)
  object space 194560K, 97% used [0x00000000c0000000,0x00000000cb8b1f20,0x00000000cbe00000)
 Metaspace       used 100436K, committed 101888K, reserved 1179648K
  class space    used 10189K, committed 10816K, reserved 1048576K
}
Event: 10250.915 GC heap before
{Heap before GC invocations=2055 (full 57):
 PSYoungGen      total 9728K, used 9509K [0x00000000eab00000, 0x00000000ebd00000, 0x0000000100000000)
  eden space 4096K, 100% used [0x00000000eab00000,0x00000000eaf00000,0x00000000eaf00000)
  from space 5632K, 96% used [0x00000000eaf00000,0x00000000eb449448,0x00000000eb480000)
  to   space 6656K, 0% used [0x00000000eb680000,0x00000000eb680000,0x00000000ebd00000)
 ParOldGen       total 194560K, used 189127K [0x00000000c0000000, 0x00000000cbe00000, 0x00000000eab00000)
  object space 194560K, 97% used [0x00000000c0000000,0x00000000cb8b1f20,0x00000000cbe00000)
 Metaspace       used 100436K, committed 101888K, reserved 1179648K
  class space    used 10189K, committed 10816K, reserved 1048576K
}
Event: 10250.923 GC heap after
{Heap after GC invocations=2055 (full 57):
 PSYoungGen      total 9216K, used 3958K [0x00000000eab00000, 0x00000000eba80000, 0x0000000100000000)
  eden space 5120K, 0% used [0x00000000eab00000,0x00000000eab00000,0x00000000eb000000)
  from space 4096K, 96% used [0x00000000eb680000,0x00000000eba5d928,0x00000000eba80000)
  to   space 5120K, 0% used [0x00000000eb080000,0x00000000eb080000,0x00000000eb580000)
 ParOldGen       total 194560K, used 191035K [0x00000000c0000000, 0x00000000cbe00000, 0x00000000eab00000)
  object space 194560K, 98% used [0x00000000c0000000,0x00000000cba8ef90,0x00000000cbe00000)
 Metaspace       used 100436K, committed 101888K, reserved 1179648K
  class space    used 10189K, committed 10816K, reserved 1048576K
}
Event: 10250.939 GC heap before
{Heap before GC invocations=2056 (full 57):
 PSYoungGen      total 9216K, used 9078K [0x00000000eab00000, 0x00000000eba80000, 0x0000000100000000)
  eden space 5120K, 100% used [0x00000000eab00000,0x00000000eb000000,0x00000000eb000000)
  from space 4096K, 96% used [0x00000000eb680000,0x00000000eba5d928,0x00000000eba80000)
  to   space 5120K, 0% used [0x00000000eb080000,0x00000000eb080000,0x00000000eb580000)
 ParOldGen       total 194560K, used 191035K [0x00000000c0000000, 0x00000000cbe00000, 0x00000000eab00000)
  object space 194560K, 98% used [0x00000000c0000000,0x00000000cba8ef90,0x00000000cbe00000)
 Metaspace       used 100436K, committed 101888K, reserved 1179648K
  class space    used 10189K, committed 10816K, reserved 1048576K
}
Event: 10250.947 GC heap after
{Heap after GC invocations=2056 (full 57):
 PSYoungGen      total 7168K, used 1108K [0x00000000eab00000, 0x00000000eb700000, 0x0000000100000000)
  eden space 5632K, 0% used [0x00000000eab00000,0x00000000eab00000,0x00000000eb080000)
  from space 1536K, 72% used [0x00000000eb080000,0x00000000eb195200,0x00000000eb200000)
  to   space 2560K, 0% used [0x00000000eb480000,0x00000000eb480000,0x00000000eb700000)
 ParOldGen       total 194560K, used 194371K [0x00000000c0000000, 0x00000000cbe00000, 0x00000000eab00000)
  object space 194560K, 99% used [0x00000000c0000000,0x00000000cbdd0fb8,0x00000000cbe00000)
 Metaspace       used 100436K, committed 101888K, reserved 1179648K
  class space    used 10189K, committed 10816K, reserved 1048576K
}
Event: 10250.947 GC heap before
{Heap before GC invocations=2057 (full 58):
 PSYoungGen      total 7168K, used 1108K [0x00000000eab00000, 0x00000000eb700000, 0x0000000100000000)
  eden space 5632K, 0% used [0x00000000eab00000,0x00000000eab00000,0x00000000eb080000)
  from space 1536K, 72% used [0x00000000eb080000,0x00000000eb195200,0x00000000eb200000)
  to   space 2560K, 0% used [0x00000000eb480000,0x00000000eb480000,0x00000000eb700000)
 ParOldGen       total 194560K, used 194371K [0x00000000c0000000, 0x00000000cbe00000, 0x00000000eab00000)
  object space 194560K, 99% used [0x00000000c0000000,0x00000000cbdd0fb8,0x00000000cbe00000)
 Metaspace       used 100436K, committed 101888K, reserved 1179648K
  class space    used 10189K, committed 10816K, reserved 1048576K
}

Dll operation events (12 events):
Event: 0.087 Loaded shared library c:\Users\Faby\.vscode\extensions\redhat.java-1.29.0-win32-x64\jre\17.0.10-win32-x86_64\bin\java.dll
Event: 1.432 Loaded shared library c:\Users\Faby\.vscode\extensions\redhat.java-1.29.0-win32-x64\jre\17.0.10-win32-x86_64\bin\zip.dll
Event: 1.437 Loaded shared library C:\Users\Faby\.vscode\extensions\redhat.java-1.29.0-win32-x64\jre\17.0.10-win32-x86_64\bin\instrument.dll
Event: 1.601 Loaded shared library C:\Users\Faby\.vscode\extensions\redhat.java-1.29.0-win32-x64\jre\17.0.10-win32-x86_64\bin\net.dll
Event: 1.605 Loaded shared library C:\Users\Faby\.vscode\extensions\redhat.java-1.29.0-win32-x64\jre\17.0.10-win32-x86_64\bin\nio.dll
Event: 1.631 Loaded shared library C:\Users\Faby\.vscode\extensions\redhat.java-1.29.0-win32-x64\jre\17.0.10-win32-x86_64\bin\zip.dll
Event: 1.765 Loaded shared library C:\Users\Faby\.vscode\extensions\redhat.java-1.29.0-win32-x64\jre\17.0.10-win32-x86_64\bin\jimage.dll
Event: 2.361 Loaded shared library c:\Users\Faby\.vscode\extensions\redhat.java-1.29.0-win32-x64\jre\17.0.10-win32-x86_64\bin\verify.dll
Event: 24.255 Loaded shared library C:\Users\Faby\AppData\Roaming\Code\User\globalStorage\redhat.java\1.29.0\config_win\org.eclipse.equinox.launcher\org.eclipse.equinox.launcher.win32.win32.x86_64_1.2.900.v20240213-1244\eclipse_11900.dll
Event: 84.015 Loaded shared library C:\Users\Faby\AppData\Local\Temp\jna-2181746\jna2124398761649945107.dll
Event: 87.533 Loaded shared library C:\Users\Faby\.vscode\extensions\redhat.java-1.29.0-win32-x64\jre\17.0.10-win32-x86_64\bin\sunmscapi.dll
Event: 87.903 Loaded shared library C:\Users\Faby\.vscode\extensions\redhat.java-1.29.0-win32-x64\jre\17.0.10-win32-x86_64\bin\extnet.dll

Deoptimization events (20 events):
Event: 9935.356 Thread 0x00000191a2f79460 DEOPT PACKING pc=0x000001918c49d970 sp=0x00000013596fe0f0
Event: 9935.356 Thread 0x00000191a2f79460 DEOPT UNPACKING pc=0x0000019191b46e24 sp=0x00000013596fd5e8 mode 0
Event: 10183.552 Thread 0x00000191a2f77b10 DEOPT PACKING pc=0x000001918b9a0e22 sp=0x000000135a1fe1f0
Event: 10183.552 Thread 0x00000191a2f77b10 DEOPT UNPACKING pc=0x0000019191b46e24 sp=0x000000135a1fd718 mode 0
Event: 10190.039 Thread 0x00000191a0b1bfa0 Uncommon trap: trap_request=0xffffffde fr.pc=0x0000019193731ac0 relative=0x0000000000007ce0
Event: 10190.039 Thread 0x00000191a0b1bfa0 Uncommon trap: reason=class_check action=maybe_recompile pc=0x0000019193731ac0 method=org.eclipse.jdt.internal.core.ClassFileInfo.generateMethodInfos(Lorg/eclipse/jdt/core/IType;Lorg/eclipse/jdt/internal/compiler/env/IBinaryType;Ljava/util/Map;Ljava/util/
Event: 10190.039 Thread 0x00000191a0b1bfa0 DEOPT PACKING pc=0x0000019193731ac0 sp=0x00000013591fc870
Event: 10190.039 Thread 0x00000191a0b1bfa0 DEOPT UNPACKING pc=0x0000019191b4669d sp=0x00000013591fc818 mode 2
Event: 10190.813 Thread 0x00000191a0b1bfa0 Uncommon trap: trap_request=0xffffffde fr.pc=0x0000019192ee1874 relative=0x00000000000000d4
Event: 10190.813 Thread 0x00000191a0b1bfa0 Uncommon trap: reason=class_check action=maybe_recompile pc=0x0000019192ee1874 method=org.eclipse.jdt.internal.compiler.parser.Parser.consumeImportDeclaration()V @ 9 c2
Event: 10190.813 Thread 0x00000191a0b1bfa0 DEOPT PACKING pc=0x0000019192ee1874 sp=0x00000013591fe7d0
Event: 10190.813 Thread 0x00000191a0b1bfa0 DEOPT UNPACKING pc=0x0000019191b4669d sp=0x00000013591fe760 mode 2
Event: 10223.941 Thread 0x00000191a0b1bfa0 Uncommon trap: trap_request=0xffffffde fr.pc=0x0000019192ee1874 relative=0x00000000000000d4
Event: 10223.941 Thread 0x00000191a0b1bfa0 Uncommon trap: reason=class_check action=maybe_recompile pc=0x0000019192ee1874 method=org.eclipse.jdt.internal.compiler.parser.Parser.consumeImportDeclaration()V @ 9 c2
Event: 10223.941 Thread 0x00000191a0b1bfa0 DEOPT PACKING pc=0x0000019192ee1874 sp=0x00000013591fe7d0
Event: 10223.941 Thread 0x00000191a0b1bfa0 DEOPT UNPACKING pc=0x0000019191b4669d sp=0x00000013591fe760 mode 2
Event: 10249.940 Thread 0x00000191a4d58710 Uncommon trap: trap_request=0xffffffcc fr.pc=0x00000191937925ac relative=0x00000000000006ec
Event: 10249.940 Thread 0x00000191a4d58710 Uncommon trap: reason=intrinsic_or_type_checked_inlining action=make_not_entrant pc=0x00000191937925ac method=org.eclipse.jdt.internal.compiler.parser.Parser.consumeInternalCompilationUnitWithTypes()V @ 126 c2
Event: 10249.940 Thread 0x00000191a4d58710 DEOPT PACKING pc=0x00000191937925ac sp=0x0000001359dfd870
Event: 10249.940 Thread 0x00000191a4d58710 DEOPT UNPACKING pc=0x0000019191b4669d sp=0x0000001359dfd820 mode 2

Classes unloaded (20 events):
Event: 9218.448 Thread 0x000001919b74c260 Unloading class 0x00000001005b8000 'jdk/internal/reflect/GeneratedMethodAccessor58'
Event: 9218.448 Thread 0x000001919b74c260 Unloading class 0x000000010068c000 'jdk/internal/reflect/GeneratedMethodAccessor57'
Event: 9218.448 Thread 0x000001919b74c260 Unloading class 0x00000001007b9800 'jdk/internal/reflect/GeneratedSerializationConstructorAccessor47'
Event: 9218.448 Thread 0x000001919b74c260 Unloading class 0x00000001008bac00 'jdk/internal/reflect/GeneratedSerializationConstructorAccessor46'
Event: 9218.448 Thread 0x000001919b74c260 Unloading class 0x00000001008bd800 'jdk/internal/reflect/GeneratedSerializationConstructorAccessor45'
Event: 9218.448 Thread 0x000001919b74c260 Unloading class 0x00000001008be400 'jdk/internal/reflect/GeneratedSerializationConstructorAccessor44'
Event: 9218.449 Thread 0x000001919b74c260 Unloading class 0x00000001008c0000 'jdk/internal/reflect/GeneratedSerializationConstructorAccessor43'
Event: 9218.449 Thread 0x000001919b74c260 Unloading class 0x00000001008c0c00 'jdk/internal/reflect/GeneratedSerializationConstructorAccessor42'
Event: 9218.449 Thread 0x000001919b74c260 Unloading class 0x00000001008c3800 'jdk/internal/reflect/GeneratedSerializationConstructorAccessor41'
Event: 9218.449 Thread 0x000001919b74c260 Unloading class 0x00000001008cc000 'jdk/internal/reflect/GeneratedSerializationConstructorAccessor40'
Event: 9218.449 Thread 0x000001919b74c260 Unloading class 0x00000001008fd000 'jdk/internal/reflect/GeneratedSerializationConstructorAccessor39'
Event: 9218.449 Thread 0x000001919b74c260 Unloading class 0x000000010094a400 'jdk/internal/reflect/GeneratedSerializationConstructorAccessor38'
Event: 9218.449 Thread 0x000001919b74c260 Unloading class 0x000000010094b800 'jdk/internal/reflect/GeneratedSerializationConstructorAccessor37'
Event: 9218.449 Thread 0x000001919b74c260 Unloading class 0x0000000100905000 'jdk/internal/reflect/GeneratedSerializationConstructorAccessor36'
Event: 9218.449 Thread 0x000001919b74c260 Unloading class 0x00000001009ec800 'jdk/internal/reflect/GeneratedConstructorAccessor43'
Event: 9218.449 Thread 0x000001919b74c260 Unloading class 0x0000000100839000 'jdk/internal/reflect/GeneratedConstructorAccessor34'
Event: 9218.449 Thread 0x000001919b74c260 Unloading class 0x0000000100838c00 'jdk/internal/reflect/GeneratedConstructorAccessor33'
Event: 9218.449 Thread 0x000001919b74c260 Unloading class 0x0000000100838800 'jdk/internal/reflect/GeneratedConstructorAccessor32'
Event: 9218.449 Thread 0x000001919b74c260 Unloading class 0x0000000100838400 'jdk/internal/reflect/GeneratedConstructorAccessor31'
Event: 9218.449 Thread 0x000001919b74c260 Unloading class 0x0000000100838000 'jdk/internal/reflect/GeneratedConstructorAccessor30'

Classes redefined (0 events):
No events

Internal exceptions (20 events):
Event: 9924.545 Thread 0x00000191a4d59640 Exception <a 'java/lang/ArrayIndexOutOfBoundsException'{0x00000000eaf3e740}> (0x00000000eaf3e740) 
thrown [s\src\hotspot\share\runtime\sharedRuntime.cpp, line 631]
Event: 9924.578 Thread 0x00000191a4d59640 Exception <a 'java/lang/ArrayIndexOutOfBoundsException'{0x00000000eabcc918}> (0x00000000eabcc918) 
thrown [s\src\hotspot\share\runtime\sharedRuntime.cpp, line 631]
Event: 9924.579 Thread 0x00000191a4d59640 Exception <a 'java/lang/ClassCastException'{0x00000000eabd0298}> (0x00000000eabd0298) 
thrown [s\src\hotspot\share\runtime\sharedRuntime.cpp, line 631]
Event: 9928.604 Thread 0x00000191a0b1b580 Exception <a 'sun/nio/fs/WindowsException'{0x00000000eab72948}> (0x00000000eab72948) 
thrown [s\src\hotspot\share\prims\jni.cpp, line 516]
Event: 9930.441 Thread 0x00000191a4d59640 Exception <a 'java/lang/ArrayIndexOutOfBoundsException'{0x00000000eadd89f8}: Index 6535 out of bounds for length 6535> (0x00000000eadd89f8) 
thrown [s\src\hotspot\share\interpreter\interpreterRuntime.cpp, line 428]
Event: 9930.593 Thread 0x00000191a4d59640 Exception <a 'java/lang/ArrayIndexOutOfBoundsException'{0x00000000eb2f0648}> (0x00000000eb2f0648) 
thrown [s\src\hotspot\share\runtime\sharedRuntime.cpp, line 631]
Event: 9930.595 Thread 0x00000191a4d59640 Exception <a 'java/lang/ClassCastException'{0x00000000eb2f2c50}> (0x00000000eb2f2c50) 
thrown [s\src\hotspot\share\runtime\sharedRuntime.cpp, line 631]
Event: 9931.473 Thread 0x00000191a0b1e310 Exception <a 'java/lang/ArrayIndexOutOfBoundsException'{0x00000000ead66ae0}> (0x00000000ead66ae0) 
thrown [s\src\hotspot\share\runtime\sharedRuntime.cpp, line 631]
Event: 9931.526 Thread 0x00000191a0b1e310 Exception <a 'java/lang/ArrayIndexOutOfBoundsException'{0x00000000eb010f58}> (0x00000000eb010f58) 
thrown [s\src\hotspot\share\runtime\sharedRuntime.cpp, line 631]
Event: 9931.802 Thread 0x00000191a0b1e310 Exception <a 'java/lang/ArrayIndexOutOfBoundsException'{0x00000000eb171828}> (0x00000000eb171828) 
thrown [s\src\hotspot\share\runtime\sharedRuntime.cpp, line 631]
Event: 9931.863 Thread 0x00000191a0b1e310 Exception <a 'java/lang/ArrayIndexOutOfBoundsException'{0x00000000eacd6b90}> (0x00000000eacd6b90) 
thrown [s\src\hotspot\share\runtime\sharedRuntime.cpp, line 631]
Event: 9932.018 Thread 0x00000191a0b1b580 Exception <a 'sun/nio/fs/WindowsException'{0x00000000eab68f18}> (0x00000000eab68f18) 
thrown [s\src\hotspot\share\prims\jni.cpp, line 516]
Event: 9933.505 Thread 0x00000191a2f79460 Exception <a 'java/lang/ArrayIndexOutOfBoundsException'{0x00000000eb310b30}> (0x00000000eb310b30) 
thrown [s\src\hotspot\share\runtime\sharedRuntime.cpp, line 631]
Event: 9933.549 Thread 0x00000191a2f79460 Exception <a 'java/lang/ArrayIndexOutOfBoundsException'{0x00000000eaf17f18}> (0x00000000eaf17f18) 
thrown [s\src\hotspot\share\runtime\sharedRuntime.cpp, line 631]
Event: 9933.913 Thread 0x00000191a0b1b580 Exception <a 'sun/nio/fs/WindowsException'{0x00000000eb891d08}> (0x00000000eb891d08) 
thrown [s\src\hotspot\share\prims\jni.cpp, line 516]
Event: 9935.183 Thread 0x00000191a0b1b580 Exception <a 'sun/nio/fs/WindowsException'{0x00000000eabef540}> (0x00000000eabef540) 
thrown [s\src\hotspot\share\prims\jni.cpp, line 516]
Event: 9945.666 Thread 0x00000191a4d5b9b0 Exception <a 'sun/nio/fs/WindowsException'{0x00000000eaf30188}> (0x00000000eaf30188) 
thrown [s\src\hotspot\share\prims\jni.cpp, line 516]
Event: 9945.666 Thread 0x00000191a4d5b9b0 Exception <a 'sun/nio/fs/WindowsException'{0x00000000eaf30458}> (0x00000000eaf30458) 
thrown [s\src\hotspot\share\prims\jni.cpp, line 516]
Event: 9945.666 Thread 0x00000191a4d5b9b0 Exception <a 'sun/nio/fs/WindowsException'{0x00000000eaf30db8}> (0x00000000eaf30db8) 
thrown [s\src\hotspot\share\prims\jni.cpp, line 516]
Event: 9945.666 Thread 0x00000191a4d5b9b0 Exception <a 'sun/nio/fs/WindowsException'{0x00000000eaf31088}> (0x00000000eaf31088) 
thrown [s\src\hotspot\share\prims\jni.cpp, line 516]

VM Operations (20 events):
Event: 10249.952 Executing VM operation: ParallelGCFailedAllocation done
Event: 10250.686 Executing VM operation: ParallelGCFailedAllocation
Event: 10250.698 Executing VM operation: ParallelGCFailedAllocation done
Event: 10250.730 Executing VM operation: ParallelGCFailedAllocation
Event: 10250.741 Executing VM operation: ParallelGCFailedAllocation done
Event: 10250.773 Executing VM operation: ParallelGCFailedAllocation
Event: 10250.793 Executing VM operation: ParallelGCFailedAllocation done
Event: 10250.803 Executing VM operation: ParallelGCFailedAllocation
Event: 10250.816 Executing VM operation: ParallelGCFailedAllocation done
Event: 10250.823 Executing VM operation: ParallelGCFailedAllocation
Event: 10250.836 Executing VM operation: ParallelGCFailedAllocation done
Event: 10250.843 Executing VM operation: ParallelGCFailedAllocation
Event: 10250.856 Executing VM operation: ParallelGCFailedAllocation done
Event: 10250.867 Executing VM operation: ParallelGCFailedAllocation
Event: 10250.880 Executing VM operation: ParallelGCFailedAllocation done
Event: 10250.894 Executing VM operation: ParallelGCFailedAllocation
Event: 10250.903 Executing VM operation: ParallelGCFailedAllocation done
Event: 10250.915 Executing VM operation: ParallelGCFailedAllocation
Event: 10250.923 Executing VM operation: ParallelGCFailedAllocation done
Event: 10250.938 Executing VM operation: ParallelGCFailedAllocation

Events (20 events):
Event: 9945.679 Thread 0x00000191a4d5e230 Thread added: 0x00000191a4d5e230
Event: 9945.680 Thread 0x00000191a4d5a570 Thread exited: 0x00000191a4d5a570
Event: 9945.890 Thread 0x00000191a4d5e230 Thread exited: 0x00000191a4d5e230
Event: 9986.986 Thread 0x00000191a2f757a0 Thread exited: 0x00000191a2f757a0
Event: 9996.018 Thread 0x00000191a2f766d0 Thread exited: 0x00000191a2f766d0
Event: 9996.018 Thread 0x00000191a51003c0 Thread exited: 0x00000191a51003c0
Event: 9996.018 Thread 0x00000191a2f75cb0 Thread exited: 0x00000191a2f75cb0
Event: 9996.757 Thread 0x00000191a50fef80 Thread exited: 0x00000191a50fef80
Event: 10065.098 Thread 0x00000191a2f79460 Thread exited: 0x00000191a2f79460
Event: 10125.111 Thread 0x00000191a0b1ced0 Thread exited: 0x00000191a0b1ced0
Event: 10182.788 Thread 0x00000191a4d5e230 Thread added: 0x00000191a4d5e230
Event: 10182.823 Thread 0x00000191a4d5e740 Thread added: 0x00000191a4d5e740
Event: 10189.932 Thread 0x00000191a4d5a570 Thread added: 0x00000191a4d5a570
Event: 10190.842 Thread 0x00000191a4d58710 Thread added: 0x00000191a4d58710
Event: 10228.016 Thread 0x00000191a2f757a0 Thread added: 0x00000191a2f757a0
Event: 10228.017 Thread 0x00000191a2f75cb0 Thread added: 0x00000191a2f75cb0
Event: 10228.017 Thread 0x00000191a2f79460 Thread added: 0x00000191a2f79460
Event: 10228.018 Thread 0x00000191a2f75cb0 Thread exited: 0x00000191a2f75cb0
Event: 10228.018 Thread 0x00000191a2f757a0 Thread exited: 0x00000191a2f757a0
Event: 10228.018 Thread 0x00000191a2f79460 Thread exited: 0x00000191a2f79460


Dynamic libraries:
0x00007ff65b4e0000 - 0x00007ff65b4ee000 	c:\Users\Faby\.vscode\extensions\redhat.java-1.29.0-win32-x64\jre\17.0.10-win32-x86_64\bin\java.exe
0x00007ffd61f90000 - 0x00007ffd62188000 	C:\Windows\SYSTEM32\ntdll.dll
0x00007ffd618e0000 - 0x00007ffd6199d000 	C:\Windows\System32\KERNEL32.DLL
0x00007ffd5f6e0000 - 0x00007ffd5f9d6000 	C:\Windows\System32\KERNELBASE.dll
0x00007ffd5fae0000 - 0x00007ffd5fbe0000 	C:\Windows\System32\ucrtbase.dll
0x00007ffd52520000 - 0x00007ffd52537000 	c:\Users\Faby\.vscode\extensions\redhat.java-1.29.0-win32-x64\jre\17.0.10-win32-x86_64\bin\jli.dll
0x00007ffd619a0000 - 0x00007ffd61b3e000 	C:\Windows\System32\USER32.dll
0x00007ffd5f6b0000 - 0x00007ffd5f6d2000 	C:\Windows\System32\win32u.dll
0x00007ffd60670000 - 0x00007ffd6069b000 	C:\Windows\System32\GDI32.dll
0x00007ffd5fbe0000 - 0x00007ffd5fcf7000 	C:\Windows\System32\gdi32full.dll
0x00007ffd5fe60000 - 0x00007ffd5fefd000 	C:\Windows\System32\msvcp_win.dll
0x00007ffd4dab0000 - 0x00007ffd4dacb000 	c:\Users\Faby\.vscode\extensions\redhat.java-1.29.0-win32-x64\jre\17.0.10-win32-x86_64\bin\VCRUNTIME140.dll
0x00007ffd47b30000 - 0x00007ffd47dca000 	C:\Windows\WinSxS\amd64_microsoft.windows.common-controls_6595b64144ccf1df_6.0.19041.3636_none_60b6a03d71f818d5\COMCTL32.dll
0x00007ffd60fb0000 - 0x00007ffd6104e000 	C:\Windows\System32\msvcrt.dll
0x00007ffd602c0000 - 0x00007ffd602f2000 	C:\Windows\System32\IMM32.DLL
0x00007ffd5cc50000 - 0x00007ffd5cc5c000 	c:\Users\Faby\.vscode\extensions\redhat.java-1.29.0-win32-x64\jre\17.0.10-win32-x86_64\bin\vcruntime140_1.dll
0x00007ffd21650000 - 0x00007ffd216dd000 	c:\Users\Faby\.vscode\extensions\redhat.java-1.29.0-win32-x64\jre\17.0.10-win32-x86_64\bin\msvcp140.dll
0x00007ffcf5780000 - 0x00007ffcf63e2000 	c:\Users\Faby\.vscode\extensions\redhat.java-1.29.0-win32-x64\jre\17.0.10-win32-x86_64\bin\server\jvm.dll
0x00007ffd60140000 - 0x00007ffd601f0000 	C:\Windows\System32\ADVAPI32.dll
0x00007ffd61eb0000 - 0x00007ffd61f50000 	C:\Windows\System32\sechost.dll
0x00007ffd616d0000 - 0x00007ffd617f5000 	C:\Windows\System32\RPCRT4.dll
0x00007ffd5ff00000 - 0x00007ffd5ff27000 	C:\Windows\System32\bcrypt.dll
0x00007ffd5f3f0000 - 0x00007ffd5f43b000 	C:\Windows\SYSTEM32\POWRPROF.dll
0x00007ffd5cc30000 - 0x00007ffd5cc39000 	C:\Windows\SYSTEM32\WSOCK32.dll
0x00007ffd61050000 - 0x00007ffd610bb000 	C:\Windows\System32\WS2_32.dll
0x00007ffd57080000 - 0x00007ffd570a7000 	C:\Windows\SYSTEM32\WINMM.dll
0x00007ffd570b0000 - 0x00007ffd570ba000 	C:\Windows\SYSTEM32\VERSION.dll
0x00007ffd5f3d0000 - 0x00007ffd5f3e2000 	C:\Windows\SYSTEM32\UMPDC.dll
0x00007ffd5c800000 - 0x00007ffd5c812000 	C:\Windows\SYSTEM32\kernel.appcore.dll
0x00007ffd5cb70000 - 0x00007ffd5cb7a000 	c:\Users\Faby\.vscode\extensions\redhat.java-1.29.0-win32-x64\jre\17.0.10-win32-x86_64\bin\jimage.dll
0x00007ffd5f030000 - 0x00007ffd5f214000 	C:\Windows\SYSTEM32\DBGHELP.DLL
0x00007ffd5ef70000 - 0x00007ffd5efa4000 	C:\Windows\SYSTEM32\dbgcore.DLL
0x00007ffd5ff30000 - 0x00007ffd5ffb2000 	C:\Windows\System32\bcryptPrimitives.dll
0x00007ffd59a50000 - 0x00007ffd59a5e000 	c:\Users\Faby\.vscode\extensions\redhat.java-1.29.0-win32-x64\jre\17.0.10-win32-x86_64\bin\instrument.dll
0x00007ffd31640000 - 0x00007ffd31665000 	c:\Users\Faby\.vscode\extensions\redhat.java-1.29.0-win32-x64\jre\17.0.10-win32-x86_64\bin\java.dll
0x00007ffd4d1f0000 - 0x00007ffd4d208000 	c:\Users\Faby\.vscode\extensions\redhat.java-1.29.0-win32-x64\jre\17.0.10-win32-x86_64\bin\zip.dll
0x00007ffd606b0000 - 0x00007ffd60e1b000 	C:\Windows\System32\SHELL32.dll
0x00007ffd5d090000 - 0x00007ffd5d82e000 	C:\Windows\SYSTEM32\windows.storage.dll
0x00007ffd61b50000 - 0x00007ffd61ea3000 	C:\Windows\System32\combase.dll
0x00007ffd5e970000 - 0x00007ffd5e99e000 	C:\Windows\SYSTEM32\Wldp.dll
0x00007ffd601f0000 - 0x00007ffd602bd000 	C:\Windows\System32\OLEAUT32.dll
0x00007ffd60530000 - 0x00007ffd605dd000 	C:\Windows\System32\SHCORE.dll
0x00007ffd61670000 - 0x00007ffd616c5000 	C:\Windows\System32\shlwapi.dll
0x00007ffd5f570000 - 0x00007ffd5f595000 	C:\Windows\SYSTEM32\profapi.dll
0x00007ffd4c580000 - 0x00007ffd4c599000 	C:\Users\Faby\.vscode\extensions\redhat.java-1.29.0-win32-x64\jre\17.0.10-win32-x86_64\bin\net.dll
0x00007ffd56080000 - 0x00007ffd5618a000 	C:\Windows\SYSTEM32\WINHTTP.dll
0x00007ffd5e6f0000 - 0x00007ffd5e75a000 	C:\Windows\system32\mswsock.dll
0x00007ffd46810000 - 0x00007ffd46826000 	C:\Users\Faby\.vscode\extensions\redhat.java-1.29.0-win32-x64\jre\17.0.10-win32-x86_64\bin\nio.dll
0x00007ffd51250000 - 0x00007ffd51260000 	c:\Users\Faby\.vscode\extensions\redhat.java-1.29.0-win32-x64\jre\17.0.10-win32-x86_64\bin\verify.dll
0x00007ffd4a970000 - 0x00007ffd4a9ae000 	C:\Users\Faby\AppData\Roaming\Code\User\globalStorage\redhat.java\1.29.0\config_win\org.eclipse.equinox.launcher\org.eclipse.equinox.launcher.win32.win32.x86_64_1.2.900.v20240213-1244\eclipse_11900.dll
0x00007ffd610c0000 - 0x00007ffd611eb000 	C:\Windows\System32\ole32.dll
0x00007ffd5f340000 - 0x00007ffd5f358000 	C:\Windows\SYSTEM32\CRYPTSP.dll
0x00007ffd5df00000 - 0x00007ffd5df34000 	C:\Windows\system32\rsaenh.dll
0x00007ffd5f4f0000 - 0x00007ffd5f51e000 	C:\Windows\SYSTEM32\USERENV.dll
0x00007ffd5e8e0000 - 0x00007ffd5e8ec000 	C:\Windows\SYSTEM32\CRYPTBASE.dll
0x00007ffd5e280000 - 0x00007ffd5e2bb000 	C:\Windows\SYSTEM32\IPHLPAPI.DLL
0x00007ffd61660000 - 0x00007ffd61668000 	C:\Windows\System32\NSI.dll
0x00007ffd56310000 - 0x00007ffd56327000 	C:\Windows\SYSTEM32\dhcpcsvc6.DLL
0x00007ffd56430000 - 0x00007ffd5644d000 	C:\Windows\SYSTEM32\dhcpcsvc.DLL
0x00007ffd5e350000 - 0x00007ffd5e41b000 	C:\Windows\SYSTEM32\DNSAPI.dll
0x00007ffd42510000 - 0x00007ffd42555000 	C:\Users\Faby\AppData\Local\Temp\jna-2181746\jna2124398761649945107.dll
0x00007ffd606a0000 - 0x00007ffd606a8000 	C:\Windows\System32\PSAPI.DLL
0x00007ffd5ea60000 - 0x00007ffd5ea6e000 	C:\Users\Faby\.vscode\extensions\redhat.java-1.29.0-win32-x64\jre\17.0.10-win32-x86_64\bin\sunmscapi.dll
0x00007ffd5fd00000 - 0x00007ffd5fe5d000 	C:\Windows\System32\CRYPT32.dll
0x00007ffd5e9e0000 - 0x00007ffd5ea08000 	C:\Windows\SYSTEM32\ncrypt.dll
0x00007ffd5e9a0000 - 0x00007ffd5e9db000 	C:\Windows\SYSTEM32\NTASN1.dll
0x00007ffd55400000 - 0x00007ffd5540a000 	C:\Windows\System32\rasadhlp.dll
0x00007ffd55440000 - 0x00007ffd554c0000 	C:\Windows\System32\fwpuclnt.dll
0x00007ffd5ea50000 - 0x00007ffd5ea59000 	C:\Users\Faby\.vscode\extensions\redhat.java-1.29.0-win32-x64\jre\17.0.10-win32-x86_64\bin\extnet.dll
0x00007ffd5f300000 - 0x00007ffd5f333000 	C:\Windows\SYSTEM32\ntmarta.dll
0x00007ffd59ed0000 - 0x00007ffd59ed7000 	C:\Windows\system32\wshunix.dll

dbghelp: loaded successfully - version: 4.0.5 - missing functions: none
symbol engine: initialized successfully - sym options: 0x614 - pdb path: .;c:\Users\Faby\.vscode\extensions\redhat.java-1.29.0-win32-x64\jre\17.0.10-win32-x86_64\bin;C:\Windows\SYSTEM32;C:\Windows\WinSxS\amd64_microsoft.windows.common-controls_6595b64144ccf1df_6.0.19041.3636_none_60b6a03d71f818d5;c:\Users\Faby\.vscode\extensions\redhat.java-1.29.0-win32-x64\jre\17.0.10-win32-x86_64\bin\server;C:\Users\Faby\AppData\Roaming\Code\User\globalStorage\redhat.java\1.29.0\config_win\org.eclipse.equinox.launcher\org.eclipse.equinox.launcher.win32.win32.x86_64_1.2.900.v20240213-1244;C:\Users\Faby\AppData\Local\Temp\jna-2181746

VM Arguments:
jvm_args: --add-modules=ALL-SYSTEM --add-opens=java.base/java.util=ALL-UNNAMED --add-opens=java.base/java.lang=ALL-UNNAMED --add-opens=java.base/sun.nio.fs=ALL-UNNAMED -Declipse.application=org.eclipse.jdt.ls.core.id1 -Dosgi.bundles.defaultStartLevel=4 -Declipse.product=org.eclipse.jdt.ls.core.product -Djava.import.generatesMetadataFilesAtProjectRoot=false -DDetectVMInstallationsJob.disabled=true -Dfile.encoding=utf8 -XX:+UseParallelGC -XX:GCTimeRatio=4 -XX:AdaptiveSizePolicyWeight=90 -Dsun.zip.disableMemoryMapping=true -Xmx1G -Xms100m -Xlog:disable -javaagent:c:\Users\Faby\.vscode\extensions\redhat.java-1.29.0-win32-x64\lombok\lombok-1.18.32.jar -XX:+HeapDumpOnOutOfMemoryError -XX:HeapDumpPath=c:\Users\Faby\AppData\Roaming\Code\User\workspaceStorage\f061b95fa20b41b23ae947e7f63e2023\redhat.java -Daether.dependencyCollector.impl=bf 
java_command: c:\Users\Faby\.vscode\extensions\redhat.java-1.29.0-win32-x64\server\plugins\org.eclipse.equinox.launcher_1.6.800.v20240304-1850.jar -configuration c:\Users\Faby\AppData\Roaming\Code\User\globalStorage\redhat.java\1.29.0\config_win -data c:\Users\Faby\AppData\Roaming\Code\User\workspaceStorage\f061b95fa20b41b23ae947e7f63e2023\redhat.java\jdt_ws --stdio
java_class_path (initial): c:\Users\Faby\.vscode\extensions\redhat.java-1.29.0-win32-x64\server\plugins\org.eclipse.equinox.launcher_1.6.800.v20240304-1850.jar
Launcher Type: SUN_STANDARD

[Global flags]
    uintx AdaptiveSizePolicyWeight                 = 90                                        {product} {command line}
     intx CICompilerCount                          = 3                                         {product} {ergonomic}
    uintx GCTimeRatio                              = 4                                         {product} {command line}
     bool HeapDumpOnOutOfMemoryError               = true                                   {manageable} {command line}
    ccstr HeapDumpPath                             = c:\Users\Faby\AppData\Roaming\Code\User\workspaceStorage\f061b95fa20b41b23ae947e7f63e2023\redhat.java         {manageable} {command line}
   size_t InitialHeapSize                          = 104857600                                 {product} {command line}
   size_t MaxHeapSize                              = 1073741824                                {product} {command line}
   size_t MaxNewSize                               = 357564416                                 {product} {ergonomic}
   size_t MinHeapDeltaBytes                        = 524288                                    {product} {ergonomic}
   size_t MinHeapSize                              = 104857600                                 {product} {command line}
   size_t NewSize                                  = 34603008                                  {product} {ergonomic}
    uintx NonNMethodCodeHeapSize                   = 5832780                                {pd product} {ergonomic}
    uintx NonProfiledCodeHeapSize                  = 122912730                              {pd product} {ergonomic}
   size_t OldSize                                  = 70254592                                  {product} {ergonomic}
    uintx ProfiledCodeHeapSize                     = 122912730                              {pd product} {ergonomic}
    uintx ReservedCodeCacheSize                    = 251658240                              {pd product} {ergonomic}
     bool SegmentedCodeCache                       = true                                      {product} {ergonomic}
   size_t SoftMaxHeapSize                          = 1073741824                             {manageable} {ergonomic}
     bool UseCompressedClassPointers               = true                           {product lp64_product} {ergonomic}
     bool UseCompressedOops                        = true                           {product lp64_product} {ergonomic}
     bool UseLargePagesIndividualAllocation        = false                                  {pd product} {ergonomic}
     bool UseParallelGC                            = true                                      {product} {command line}

Logging:
Log output configuration:
 #0: stdout all=off uptime,level,tags
 #1: stderr all=off uptime,level,tags

Environment Variables:
PATH=C:\Program Files\Common Files\Oracle\Java\javapath;C:\Windows\system32;C:\Windows;C:\Windows\System32\Wbem;C:\Windows\System32\WindowsPowerShell\v1.0\;C:\Windows\System32\OpenSSH\;C:\Program Files (x86)\ATI Technologies\ATI.ACE\Core-Static;C:\Program Files\Git\cmd;C:\Program Files (x86)\Microsoft SQL Server\160\DTS\Binn\;C:\Program Files\Azure Data Studio\bin;C:\Program Files\nodejs\;C:\Users\Faby\AppData\Local\Microsoft\WindowsApps;C:\Users\Faby\AppData\Local\Programs\Microsoft VS Code\bin;C:\Program Files\Azure Data Studio\bin;C:\Users\Faby\AppData\Roaming\npm
USERNAME=Faby
OS=Windows_NT
PROCESSOR_IDENTIFIER=Intel64 Family 6 Model 23 Stepping 10, GenuineIntel
TMP=C:\Users\Faby\AppData\Local\Temp
TEMP=C:\Users\Faby\AppData\Local\Temp



Periodic native trim disabled


---------------  S Y S T E M  ---------------

OS:
 Windows 10 , 64 bit Build 19041 (10.0.19041.3636)
OS uptime: 0 days 20:08 hours

CPU: total 4 (initial active 4) (4 cores per cpu, 1 threads per core) family 6 model 23 stepping 10 microcode 0xa0c, cx8, cmov, fxsr, mmx, sse, sse2, sse3, ssse3, sse4.1, tsc, clflush
Processor Information for all 4 processors :
  Max Mhz: 2670, Current Mhz: 2670, Mhz Limit: 2670

Memory: 4k page, system-wide physical 7167M (2030M free)
TotalPageFile size 9230M (AvailPageFile size 1516M)
current process WorkingSet (physical memory assigned to process): 483M, peak: 513M
current process commit charge ("private bytes"): 505M, peak: 566M

vm_info: OpenJDK 64-Bit Server VM (17.0.10+7) for windows-amd64 JRE (17.0.10+7), built on Jan 16 2024 23:25:11 by "admin" with MS VC++ 16.10 / 16.11 (VS2019)

END.
